WARNING: Method definition warn(Any...) in module Base at util.jl:589 overwritten in module Logging at //////////////////////////////////////////////////////usr/local/julia/JuliaPro-0.6.3.1/JuliaPro/pkgs-0.6.3.1/v0.6/Logging/src/Logging.jl:115.
WARNING: Method definition info(Any...) in module Base at util.jl:534 overwritten in module Logging at //////////////////////////////////////////////////////usr/local/julia/JuliaPro-0.6.3.1/JuliaPro/pkgs-0.6.3.1/v0.6/Logging/src/Logging.jl:115.
WARNING: Method definition warn(Any...) in module Base at util.jl:589 overwritten in module Logging at //////////////////////////////////////////////////////usr/local/julia/JuliaPro-0.6.3.1/JuliaPro/pkgs-0.6.3.1/v0.6/Logging/src/Logging.jl:115.
WARNING: Method definition info(Any...) in module Base at util.jl:534 overwritten in module Logging at //////////////////////////////////////////////////////usr/local/julia/JuliaPro-0.6.3.1/JuliaPro/pkgs-0.6.3.1/v0.6/Logging/src/Logging.jl:115.
WARNING: Method definition warn(Any...) in module Base at util.jl:589 overwritten in module Logging at //////////////////////////////////////////////////////usr/local/julia/JuliaPro-0.6.3.1/JuliaPro/pkgs-0.6.3.1/v0.6/Logging/src/Logging.jl:115.
WARNING: Method definition warn(Any...) in module Base at util.jl:589 overwritten in module Logging at //////////////////////////////////////////////////////usr/local/julia/JuliaPro-0.6.3.1/JuliaPro/pkgs-0.6.3.1/v0.6/Logging/src/Logging.jl:115.
WARNING: Method definition info(WARNING: Method defini at util.jAny...) in module Base at util.jAny...  in module Base at util.jl:589 overwritte  in module Loggin at //////////////////////////////////////////////////////usr/lWARNING: Method definition info(Any...) in module Base at util.jl:534 ov at util.jl:534 overwritten in module Logging at /////////(Any...) in module Base at util.jl) in module Base in module Logging at ///// in module Logging at //////////////// in module Logging at //////////////////////////////////////////////////////usr/local/julia/JuliaPro-0.6.3.1/JuliaPro/pkgs-0.6.3.1/v0.6/Logging/src/Logging.jl:115.
30-Nov 14:57:07:INFO:root:--- Period 6 ---
30-Nov 14:57:07:INFO:root:--- Period 4 ---
30-Nov 14:57:07:INFO:root:--- Period 1 ---
30-Nov 14:57:07:INFO:root:--- Period 8 ---
30-Nov 14:57:07:INFO:root:--- Period 5 ---
30-Nov 14:57:07:INFO:root:--- Period 2 ---
30-Nov 14:57:07:INFO:root:--- Period 7 ---
30-Nov 14:57:07:INFO:root:--- Period 9 ---
30-Nov 14:57:07:INFO:root:--- Period 10 ---
30-Nov 14:57:07:INFO:root:--- Period 3 ---
30-Nov 14:57:08:INFO:root:--- Period 11 ---
30-Nov 14:57:08:INFO:root:--- Period 12 ---
30-Nov 14:57:19:INFO:root:BEGIN Outer loop
30-Nov 14:57:19:INFO:root:BEGIN Outer loop
30-Nov 14:57:20:INFO:root:BEGIN Outer loop
30-Nov 14:57:20:INFO:root:BEGIN Outer loop
30-Nov 14:57:20:INFO:root:BEGIN Outer loop
30-Nov 14:57:20:INFO:root:BEGIN Outer loop
30-Nov 14:57:20:INFO:root:BEGIN Outer loop
30-Nov 14:57:21:INFO:root:BEGIN Outer loop
30-Nov 14:57:21:INFO:root:BEGIN Outer loop
30-Nov 14:57:22:INFO:root:BEGIN Outer loop
30-Nov 14:57:22:INFO:root:BEGIN Outer loop
30-Nov 14:57:22:INFO:root:BEGIN Outer loop
30-Nov 14:57:31:INFO:root:------ Middle 1: 0.0054482140634804456
30-Nov 14:57:31:INFO:root:------ Middle 2: 0.0030025479820486203
30-Nov 14:57:31:INFO:root:------ Middle 3: 0.0022844959831382194
30-Nov 14:57:31:INFO:root:------ Middle 4: 0.0012615190297734647
30-Nov 14:57:31:INFO:root:------ Middle 5: 0.0009743008860985139
30-Nov 14:57:31:INFO:root:------ Middle 6: 0.000540736750856027
30-Nov 14:57:31:INFO:root:------ Middle 7: 0.0004141368647913214
30-Nov 14:57:31:INFO:root:------ Middle 8: 0.0002442474049513416
30-Nov 14:57:32:INFO:root:Starting from 1.6675659419160997e-17
30-Nov 14:57:34:INFO:root:-- Outer 1: 0.03793941607553812
30-Nov 14:57:35:INFO:root:------ Middle 1: 0.002785099534054954
30-Nov 14:57:35:INFO:root:------ Middle 2: 0.000854229885049063
30-Nov 14:57:35:INFO:root:------ Middle 3: 0.0004734491333047679
30-Nov 14:57:35:INFO:root:------ Middle 4: 0.0003076106066999104
30-Nov 14:57:35:INFO:root:------ Middle 5: 0.00019910441616262457
30-Nov 14:57:35:INFO:root:Starting from 8.768174587556598e-18
30-Nov 14:57:35:INFO:root:-- Outer 2: 0.018007207158938384
30-Nov 14:57:35:INFO:root:------ Middle 1: 0.0005928475491027022
30-Nov 14:57:35:INFO:root:------ Middle 2: 0.00036242029095763463
30-Nov 14:57:35:INFO:root:------ Middle 3: 0.00020283044824225948
30-Nov 14:57:35:INFO:root:Starting from 9.825797569716517e-18
30-Nov 14:57:35:INFO:root:-- Outer 3: 0.007551632537195628
30-Nov 14:57:35:INFO:root:------ Middle 1: 0.00019217429867790284
30-Nov 14:57:35:INFO:root:Starting from 9.803296738846067e-18
30-Nov 14:57:35:INFO:root:-- Outer 4: 0.007642466005520072
30-Nov 14:57:35:INFO:root:------ Middle 1: 0.00023195879279428177
30-Nov 14:57:35:INFO:root:Starting from 1.1652806060401137e-17
30-Nov 14:57:35:INFO:root:-- Outer 5: 0.0017175595523031928
30-Nov 14:57:35:INFO:root:------ Middle 1: 0.0001976481053611766
30-Nov 14:57:35:INFO:root:Starting from 1.1620489261182287e-17
30-Nov 14:57:35:INFO:root:-- Outer 6: 0.001737833121330716
30-Nov 14:57:36:INFO:root:------ Middle 1: 0.0001307993547412366
30-Nov 14:57:36:INFO:root:Starting from 1.0792160374483448e-17
30-Nov 14:57:36:INFO:root:-- Outer 7: 0.0003345923706960852
30-Nov 14:57:36:INFO:root:END Outer loop
30-Nov 14:57:36:INFO:root:Model trade shares: [0.972566, 0.944554, 0.996024]
30-Nov 14:57:37:INFO:root:Data trade shares: [0.970499, 0.941882, 0.994321]
30-Nov 14:57:37:INFO:root:US prices: [1.00911, 1.00859, 1.00613]
30-Nov 14:57:37:INFO:root:in the data: [1.0, 1.0, 1.0]
30-Nov 14:57:37:INFO:root:Nominal world expenditure: 8.338319666581805e6
30-Nov 14:57:37:INFO:root:--------------In the data: [8.33469e6]
30-Nov 14:57:39:INFO:root:--- Period 13 ---
30-Nov 14:57:39:INFO:root:BEGIN Outer loop
30-Nov 14:58:04:INFO:root:------ Middle 1: 0.0052304605101906754
30-Nov 14:58:04:INFO:root:------ Middle 2: 0.0028837028066614743
30-Nov 14:58:06:INFO:root:------ Middle 1: 0.00528598260603638
30-Nov 14:58:06:INFO:root:------ Middle 1: 0.00397377299711752
30-Nov 14:58:07:INFO:root:------ Middle 2: 0.002914461130172757
30-Nov 14:58:07:INFO:root:------ Middle 2: 0.002190461620852555
30-Nov 14:58:09:INFO:root:------ Middle 1: 0.005180530141167573
30-Nov 14:58:10:INFO:root:------ Middle 2: 0.002855493299541285
30-Nov 14:58:10:INFO:root:------ Middle 1: 0.005230672886112531
30-Nov 14:58:11:INFO:root:------ Middle 1: 0.0038901502113153946
30-Nov 14:58:11:INFO:root:------ Middle 1: 0.004126008982682918
30-Nov 14:58:11:INFO:root:------ Middle 2: 0.0028826769134593
30-Nov 14:58:11:INFO:root:------ Middle 1: 0.0051961406422763035
30-Nov 14:58:11:INFO:root:------ Middle 2: 0.0022742681018192586
30-Nov 14:58:11:INFO:root:------ Middle 2: 0.0021462109335897593
30-Nov 14:58:12:INFO:root:------ Middle 2: 0.0028644018815171673
30-Nov 14:58:14:INFO:root:------ Middle 3: 0.002151379100608517
30-Nov 14:58:14:INFO:root:------ Middle 4: 0.0011918441601131576
30-Nov 14:58:15:INFO:root:------ Middle 1: 0.004576375439891711
30-Nov 14:58:15:INFO:root:------ Middle 3: 0.0016510125569026285
30-Nov 14:58:16:INFO:root:------ Middle 2: 0.002521832479730092
30-Nov 14:58:16:INFO:root:------ Middle 4: 0.0009156692221456577
30-Nov 14:58:17:INFO:root:------ Middle 1: 0.003903174385377136
30-Nov 14:58:18:INFO:root:------ Middle 1: 0.005080633583311218
30-Nov 14:58:18:INFO:root:------ Middle 1: 0.004911552571206014
30-Nov 14:58:18:INFO:root:------ Middle 2: 0.002152895040571158
30-Nov 14:58:18:INFO:root:------ Middle 2: 0.0027993660663792664
30-Nov 14:58:19:INFO:root:------ Middle 2: 0.0027060362410695773
30-Nov 14:58:19:INFO:root:------ Middle 3: 0.0022133041357773973
30-Nov 14:58:19:INFO:root:------ Middle 3: 0.0016966770780514548
30-Nov 14:58:20:INFO:root:------ Middle 4: 0.0012229847441196779
30-Nov 14:58:20:INFO:root:------ Middle 3: 0.002150547047807545
30-Nov 14:58:20:INFO:root:------ Middle 4: 0.0009404817592772624
30-Nov 14:58:20:INFO:root:------ Middle 4: 0.0011926236042800861
30-Nov 14:58:21:INFO:root:------ Middle 3: 0.002140796319990502
30-Nov 14:58:21:INFO:root:------ Middle 3: 0.0016563296336995893
30-Nov 14:58:21:INFO:root:------ Middle 3: 0.0021343901150402893
30-Nov 14:58:21:INFO:root:------ Middle 4: 0.0011869301200499952
30-Nov 14:58:21:INFO:root:------ Middle 4: 0.0009190992317733768
30-Nov 14:58:22:INFO:root:------ Middle 5: 0.0009241482155539279
30-Nov 14:58:22:INFO:root:------ Middle 4: 0.0011808107247505111
30-Nov 14:58:22:INFO:root:------ Middle 6: 0.0005134446866718965
30-Nov 14:58:23:INFO:root:------ Middle 5: 0.0007256080034613409
30-Nov 14:58:24:INFO:root:------ Middle 6: 0.00040391716925880126
30-Nov 14:58:25:INFO:root:------ Middle 3: 0.001873515784570393
30-Nov 14:58:25:INFO:root:------ Middle 7: 0.0003894436330775861
30-Nov 14:58:26:INFO:root:------ Middle 4: 0.0010387271596088625
30-Nov 14:58:26:INFO:root:------ Middle 8: 0.000232840539681408
30-Nov 14:58:26:INFO:root:------ Middle 5: 0.0007406012046338614
30-Nov 14:58:26:INFO:root:------ Middle 7: 0.000285922341219162
30-Nov 14:58:27:INFO:root:------ Middle 6: 0.00041190165776503336
30-Nov 14:58:27:INFO:root:Starting from 1.2342779802018036e-17
30-Nov 14:58:27:INFO:root:------ Middle 5: 0.0009397657067693756
30-Nov 14:58:27:INFO:root:Starting from 1.2666129937940288e-17
30-Nov 14:58:28:INFO:root:------ Middle 5: 0.0009488162513225377
30-Nov 14:58:28:INFO:root:------ Middle 6: 0.0005233321684738305
30-Nov 14:58:28:INFO:root:------ Middle 3: 0.0020916313327771375
30-Nov 14:58:28:INFO:root:-- Outer 1: 0.031168709890969
30-Nov 14:58:28:INFO:root:------ Middle 3: 0.0020182202826929084
30-Nov 14:58:28:INFO:root:------ Middle 5: 0.0007378926346385322
30-Nov 14:58:28:INFO:root:-- Outer 1: 0.022589132151132722
30-Nov 14:58:28:INFO:root:------ Middle 6: 0.000526465522670737
30-Nov 14:58:29:INFO:root:------ Middle 5: 0.0009327584955543237
30-Nov 14:58:29:INFO:root:------ Middle 4: 0.0011596165083247272
30-Nov 14:58:29:INFO:root:------ Middle 5: 0.0009093375624413476
30-Nov 14:58:29:INFO:root:------ Middle 1: 0.0022751094972578803
30-Nov 14:58:29:INFO:root:------ Middle 6: 0.0004118148413225503
30-Nov 14:58:29:INFO:root:------ Middle 4: 0.0011187332151029355
30-Nov 14:58:29:INFO:root:------ Middle 7: 0.0002885216445869164
30-Nov 14:58:29:INFO:root:------ Middle 3: 0.0016803433510633244
30-Nov 14:58:29:INFO:root:------ Middle 6: 0.0005187400891465901
30-Nov 14:58:29:INFO:root:------ Middle 1: 0.001946440473851224
30-Nov 14:58:30:INFO:root:------ Middle 6: 0.0005049060915726562
30-Nov 14:58:30:INFO:root:------ Middle 4: 0.0009318804608650974
30-Nov 14:58:30:INFO:root:Starting from 1.1835303565972274e-17
30-Nov 14:58:31:INFO:root:------ Middle 7: 0.000400755932250957
30-Nov 14:58:31:INFO:root:-- Outer 1: 0.02203858789682209
30-Nov 14:58:31:INFO:root:------ Middle 7: 0.00029618653625689207
30-Nov 14:58:31:INFO:root:------ Middle 7: 0.0004011941397224909
30-Nov 14:58:32:INFO:root:------ Middle 1: 0.0018208531505735114
30-Nov 14:58:32:INFO:root:Starting from 1.2113948923772752e-17
30-Nov 14:58:32:INFO:root:------ Middle 8: 0.0002380264652788585
30-Nov 14:58:32:INFO:root:------ Middle 7: 0.00039597027154623324
30-Nov 14:58:32:INFO:root:Starting from 1.2314756743669702e-17
30-Nov 14:58:33:INFO:root:------ Middle 7: 0.000382906829246902
30-Nov 14:58:33:INFO:root:------ Middle 5: 0.0008171002918327348
30-Nov 14:58:33:INFO:root:------ Middle 8: 0.00023716165510551254
30-Nov 14:58:33:INFO:root:-- Outer 1: 0.028990826055452765
30-Nov 14:58:33:INFO:root:-- Outer 1: 0.02357938590575483
30-Nov 14:58:33:INFO:root:Starting from 1.2299469914553288e-17
30-Nov 14:58:33:INFO:root:------ Middle 8: 0.0002282590084990377
30-Nov 14:58:33:INFO:root:------ Middle 6: 0.0004550405754969196
30-Nov 14:58:34:INFO:root:Starting from 1.2313726180817001e-17
30-Nov 14:58:34:INFO:root:------ Middle 1: 0.0024173315580418423
30-Nov 14:58:34:INFO:root:------ Middle 1: 0.0018952911619420155
30-Nov 14:58:34:INFO:root:-- Outer 1: 0.0348870362560382
30-Nov 14:58:34:INFO:root:Starting from 1.1901899624801298e-17
30-Nov 14:58:35:INFO:root:-- Outer 1: 0.029950920669120175
30-Nov 14:58:35:INFO:root:------ Middle 1: 0.00256489955061156
30-Nov 14:58:35:INFO:root:-- Outer 1: 0.03222140738540828
30-Nov 14:58:36:INFO:root:------ Middle 7: 0.00031740172022884475
30-Nov 14:58:36:INFO:root:------ Middle 1: 0.0023282416798650445
30-Nov 14:58:36:INFO:root:------ Middle 5: 0.0009145487844757793
30-Nov 14:58:36:INFO:root:------ Middle 1: 0.0023756534672424658
30-Nov 14:58:36:INFO:root:------ Middle 5: 0.0008812608448626466
30-Nov 14:58:37:INFO:root:------ Middle 8: 0.0002065046522558315
30-Nov 14:58:37:INFO:root:------ Middle 6: 0.000508911166652736
30-Nov 14:58:37:INFO:root:------ Middle 6: 0.0004901624058556068
30-Nov 14:58:38:INFO:root:Starting from 1.226200304040921e-17
30-Nov 14:58:38:INFO:root:------ Middle 5: 0.0007580468111837597
30-Nov 14:58:38:INFO:root:-- Outer 1: 0.0238502201155331
30-Nov 14:58:39:INFO:root:------ Middle 6: 0.0004232669934571896
30-Nov 14:58:39:INFO:root:------ Middle 1: 0.00199388616122824
30-Nov 14:58:40:INFO:root:------ Middle 7: 0.0003896758926426869
30-Nov 14:58:40:INFO:root:------ Middle 7: 0.0003754196336698864
30-Nov 14:58:41:INFO:root:------ Middle 8: 0.0002336047320641916
30-Nov 14:58:41:INFO:root:------ Middle 8: 0.00022571242565784302
30-Nov 14:58:41:INFO:root:------ Middle 7: 0.0003048063372460862
30-Nov 14:58:42:INFO:root:------ Middle 2: 0.0004931005994348451
30-Nov 14:58:42:INFO:root:------ Middle 8: 0.0001933044155613495
30-Nov 14:58:42:INFO:root:Starting from 1.273627459158684e-17
30-Nov 14:58:42:INFO:root:Starting from 1.2229594581416874e-17
30-Nov 14:58:42:INFO:root:Starting from 1.2291194305078063e-17
30-Nov 14:58:42:INFO:root:-- Outer 1: 0.024755416256331958
30-Nov 14:58:42:INFO:root:------ Middle 3: 0.00027639038413838576
30-Nov 14:58:42:INFO:root:Starting from 1.8989306907154923e-17
30-Nov 14:58:42:INFO:root:-- Outer 2: 0.011689383141463552
30-Nov 14:58:43:INFO:root:------ Middle 2: 0.0007303091078035806
30-Nov 14:58:43:INFO:root:-- Outer 1: 0.027324142574060337
30-Nov 14:58:43:INFO:root:-- Outer 1: 0.025720905722655975
30-Nov 14:58:43:INFO:root:------ Middle 1: 0.0018883882717216167
30-Nov 14:58:43:INFO:root:------ Middle 2: 0.00044259232084728923
30-Nov 14:58:43:INFO:root:------ Middle 3: 0.0004067764544847627
30-Nov 14:58:44:INFO:root:------ Middle 3: 0.00024844034715272524
30-Nov 14:58:44:INFO:root:Starting from 1.8609777577664474e-17
30-Nov 14:58:44:INFO:root:-- Outer 2: 0.011442954626308233
30-Nov 14:58:44:INFO:root:------ Middle 1: 0.002378839778663293
30-Nov 14:58:44:INFO:root:------ Middle 1: 0.002205391770714783
30-Nov 14:58:46:INFO:root:------ Middle 4: 0.00026536099719705244
30-Nov 14:58:46:INFO:root:Starting from 1.4275912763869055e-17
30-Nov 14:58:46:INFO:root:-- Outer 2: 0.014691603460366602
30-Nov 14:58:46:INFO:root:------ Middle 1: 0.0005131003367344978
30-Nov 14:58:46:INFO:root:------ Middle 2: 0.0008077687365470462
30-Nov 14:58:47:INFO:root:------ Middle 2: 0.0004963692995938186
30-Nov 14:58:47:INFO:root:------ Middle 3: 0.00045332040452671877
30-Nov 14:58:48:INFO:root:------ Middle 3: 0.00027878519003992627
30-Nov 14:58:48:INFO:root:Starting from 1.8245367809297834e-17
30-Nov 14:58:48:INFO:root:-- Outer 2: 0.01204229465425315
30-Nov 14:58:48:INFO:root:------ Middle 2: 0.0007731120359704666
30-Nov 14:58:49:INFO:root:------ Middle 3: 0.000433435472697841
30-Nov 14:58:50:INFO:root:------ Middle 4: 0.0003013974037958237
30-Nov 14:58:50:INFO:root:------ Middle 2: 0.0005711328681320122
30-Nov 14:58:50:INFO:root:------ Middle 5: 0.00019613215232455668
30-Nov 14:58:50:INFO:root:Starting from 2.148674689095979e-17
30-Nov 14:58:50:INFO:root:-- Outer 2: 0.013366451492158381
30-Nov 14:58:51:INFO:root:------ Middle 3: 0.0003222045199609268
30-Nov 14:58:51:INFO:root:------ Middle 4: 0.0002877342496307186
30-Nov 14:58:51:INFO:root:Starting from 1.7340525496519808e-17
30-Nov 14:58:51:INFO:root:-- Outer 2: 0.013939873178346933
30-Nov 14:58:51:INFO:root:------ Middle 1: 0.0006120617484612779
30-Nov 14:58:52:INFO:root:------ Middle 2: 0.0007279846304190889
30-Nov 14:58:52:INFO:root:------ Middle 1: 0.0005093956068160912
30-Nov 14:58:52:INFO:root:------ Middle 3: 0.0004048537326589855
30-Nov 14:58:53:INFO:root:------ Middle 2: 0.0008255472515475995
30-Nov 14:58:53:INFO:root:------ Middle 4: 0.00022104907669256958
30-Nov 14:58:53:INFO:root:Starting from 1.822609031212926e-17
30-Nov 14:58:53:INFO:root:-- Outer 2: 0.011679242220482531
30-Nov 14:58:53:INFO:root:------ Middle 3: 0.00045817727309247614
30-Nov 14:58:54:INFO:root:------ Middle 1: 0.00048403476998246206
30-Nov 14:58:54:INFO:root:------ Middle 1: 0.00041003158209853847
30-Nov 14:58:55:INFO:root:------ Middle 4: 0.00026342832609956197
30-Nov 14:58:55:INFO:root:Starting from 1.7821102545958122e-17
30-Nov 14:58:55:INFO:root:-- Outer 2: 0.015395395836070167
30-Nov 14:58:55:INFO:root:------ Middle 2: 0.0002279793978762595
30-Nov 14:58:55:INFO:root:Starting from 1.3007153739498288e-17
30-Nov 14:58:55:INFO:root:-- Outer 3: 0.0045730576549916505
30-Nov 14:58:56:INFO:root:------ Middle 4: 0.00029679162181643577
30-Nov 14:58:56:INFO:root:Starting from 1.6782294444200418e-17
30-Nov 14:58:56:INFO:root:-- Outer 2: 0.016499516657514042
30-Nov 14:58:56:INFO:root:------ Middle 1: 0.0005530648987937955
30-Nov 14:58:56:INFO:root:------ Middle 1: 0.00029715458117693193
30-Nov 14:58:56:INFO:root:Starting from 1.4367354778681602e-17
30-Nov 14:58:56:INFO:root:-- Outer 3: 0.004404077864225892
30-Nov 14:58:56:INFO:root:------ Middle 1: 0.0005425518151144699
30-Nov 14:58:57:INFO:root:------ Middle 1: 0.0002845976401385689
30-Nov 14:58:57:INFO:root:Starting from 1.3239765119918083e-17
30-Nov 14:58:57:INFO:root:-- Outer 4: 0.0044991215610701435
30-Nov 14:58:57:INFO:root:------ Middle 2: 0.00036498482295286997
30-Nov 14:58:57:INFO:root:------ Middle 2: 0.0007263643902828607
30-Nov 14:58:58:INFO:root:------ Middle 2: 0.0005602167285629014
30-Nov 14:58:58:INFO:root:------ Middle 3: 0.00020681600927095317
30-Nov 14:58:58:INFO:root:Starting from 1.2572680654244027e-17
30-Nov 14:58:58:INFO:root:-- Outer 3: 0.0062136132236636455
30-Nov 14:58:58:INFO:root:------ Middle 2: 0.000762032374884652
30-Nov 14:58:58:INFO:root:------ Middle 3: 0.00040794512772159117
30-Nov 14:58:59:INFO:root:------ Middle 3: 0.00031408868536859274
30-Nov 14:58:59:INFO:root:------ Middle 1: 0.0002164749690922678
30-Nov 14:58:59:INFO:root:Starting from 1.388217203291986e-17
30-Nov 14:58:59:INFO:root:-- Outer 4: 0.006297105359947183
30-Nov 14:58:59:INFO:root:------ Middle 3: 0.00042743986578784154
30-Nov 14:58:59:INFO:root:------ Middle 1: 0.0003205137761041862
30-Nov 14:59:01:INFO:root:------ Middle 4: 0.0002722317249375487
30-Nov 14:59:01:INFO:root:Starting from 1.684128395482838e-17
30-Nov 14:59:01:INFO:root:-- Outer 2: 0.012237388948663287
30-Nov 14:59:01:INFO:root:------ Middle 1: 0.00033311980853499925
30-Nov 14:59:01:INFO:root:------ Middle 4: 0.00021321987196537223
30-Nov 14:59:01:INFO:root:Starting from 1.6333057002917007e-17
30-Nov 14:59:01:INFO:root:-- Outer 2: 0.011930066696801703
30-Nov 14:59:01:INFO:root:------ Middle 4: 0.00028405979521004264
30-Nov 14:59:01:INFO:root:Starting from 1.5173103149925608e-17
30-Nov 14:59:01:INFO:root:-- Outer 2: 0.012905114059063553
30-Nov 14:59:01:INFO:root:------ Middle 2: 0.0001873441705217298
30-Nov 14:59:01:INFO:root:Starting from 1.6992363813915072e-17
30-Nov 14:59:01:INFO:root:-- Outer 3: 0.004538198175105668
30-Nov 14:59:01:INFO:root:------ Middle 1: 0.0004911478446948283
30-Nov 14:59:02:INFO:root:------ Middle 1: 0.0005039495180695463
30-Nov 14:59:02:INFO:root:------ Middle 2: 0.00035993776785762824
30-Nov 14:59:02:INFO:root:------ Middle 1: 0.000601154390328
30-Nov 14:59:03:INFO:root:------ Middle 3: 0.000205139268062492
30-Nov 14:59:03:INFO:root:Starting from 1.65588231143972e-17
30-Nov 14:59:03:INFO:root:-- Outer 3: 0.005586470562180712
30-Nov 14:59:03:INFO:root:------ Middle 2: 0.0001901949515167716
30-Nov 14:59:03:INFO:root:Starting from 1.6823528567756732e-17
30-Nov 14:59:03:INFO:root:-- Outer 4: 0.002006533293840265
30-Nov 14:59:03:INFO:root:------ Middle 2: 0.0003812972507908262
30-Nov 14:59:03:INFO:root:------ Middle 2: 0.000324736458668479
30-Nov 14:59:04:INFO:root:------ Middle 1: 0.0002758805792119369
30-Nov 14:59:04:INFO:root:Starting from 1.451657168363591e-17
30-Nov 14:59:04:INFO:root:-- Outer 4: 0.005773393004983043
30-Nov 14:59:04:INFO:root:------ Middle 3: 0.00021665757913942498
30-Nov 14:59:04:INFO:root:Starting from 1.5763989229301843e-17
30-Nov 14:59:04:INFO:root:-- Outer 3: 0.005794909063766547
30-Nov 14:59:04:INFO:root:------ Middle 1: 0.00025559812484031186
30-Nov 14:59:04:INFO:root:Starting from 1.5653677170948983e-17
30-Nov 14:59:04:INFO:root:-- Outer 5: 0.0021474525167292195
30-Nov 14:59:04:INFO:root:------ Middle 3: 0.0001870480240440601
30-Nov 14:59:04:INFO:root:Starting from 1.659795275814872e-17
30-Nov 14:59:04:INFO:root:-- Outer 3: 0.004995251220324829
30-Nov 14:59:05:INFO:root:------ Middle 1: 0.00019737389989877123
30-Nov 14:59:05:INFO:root:Starting from 1.750615473118026e-17
30-Nov 14:59:05:INFO:root:-- Outer 4: 0.005804734040988065
30-Nov 14:59:05:INFO:root:------ Middle 1: 0.00020881925918159275
30-Nov 14:59:05:INFO:root:Starting from 1.7718168585643078e-17
30-Nov 14:59:05:INFO:root:-- Outer 4: 0.005033490117745628
30-Nov 14:59:06:INFO:root:------ Middle 1: 0.00021423860867276874
30-Nov 14:59:06:INFO:root:Starting from 1.8064107092486746e-17
30-Nov 14:59:06:INFO:root:-- Outer 4: 0.0018931665438433793
30-Nov 14:59:06:INFO:root:------ Middle 1: 0.0002661100768070751
30-Nov 14:59:06:INFO:root:Starting from 1.3153685598574622e-17
30-Nov 14:59:06:INFO:root:-- Outer 5: 0.0009367695915220522
30-Nov 14:59:06:INFO:root:END Outer loop
30-Nov 14:59:07:INFO:root:------ Middle 1: 0.00027319012759771915
30-Nov 14:59:07:INFO:root:Starting from 2.0211825884816705e-17
30-Nov 14:59:07:INFO:root:-- Outer 6: 0.0006526548038664967
30-Nov 14:59:07:INFO:root:END Outer loop
30-Nov 14:59:07:INFO:root:Model trade shares: [0.977094, 0.922497, 0.96936]
30-Nov 14:59:08:INFO:root:Data trade shares: [0.976496, 0.933524, 0.973934]
30-Nov 14:59:08:INFO:root:US prices: [1.45203, 1.01488, 1.06534]
30-Nov 14:59:08:INFO:root:in the data: [2.96155, 2.01858, 2.01858]
30-Nov 14:59:08:INFO:root:------ Middle 2: 0.0003606683697934347
30-Nov 14:59:08:INFO:root:Nominal world expenditure: 1.1457466708413959e7
30-Nov 14:59:08:INFO:root:Model trade shares: [0.976323, 0.926005, 0.970074]
30-Nov 14:59:09:INFO:root:Data trade shares: [0.97676, 0.939693, 0.972749]
30-Nov 14:59:09:INFO:root:US prices: [1.46743, 0.975248, 0.95056]
30-Nov 14:59:09:INFO:root:in the data: [3.07991, 2.04761, 2.04761]
30-Nov 14:59:09:INFO:root:------ Middle 3: 0.00020288770147939303
30-Nov 14:59:09:INFO:root:------ Middle 2: 0.00038853272847989275
30-Nov 14:59:09:INFO:root:Starting from 1.4365343007069556e-17
30-Nov 14:59:09:INFO:root:-- Outer 3: 0.006535980902071626
30-Nov 14:59:09:INFO:root:------ Middle 1: 0.00019728030932044587
30-Nov 14:59:09:INFO:root:Starting from 1.5712487880032375e-17
30-Nov 14:59:09:INFO:root:-- Outer 5: 0.0010029335463834048
30-Nov 14:59:09:INFO:root:------ Middle 1: 0.000285497592171646
30-Nov 14:59:09:INFO:root:Starting from 1.616370669719795e-17
30-Nov 14:59:09:INFO:root:-- Outer 5: 0.00151691486125605
30-Nov 14:59:09:INFO:root:Nominal world expenditure: 1.1068349889419802e7
30-Nov 14:59:10:INFO:root:------ Middle 3: 0.00021819971059202657
30-Nov 14:59:10:INFO:root:Starting from 1.539310010285421e-17
30-Nov 14:59:10:INFO:root:-- Outer 3: 0.006968918996174505
30-Nov 14:59:10:INFO:root:------ Middle 1: 0.00023153914580687372
30-Nov 14:59:08:INFO:root:--------------In the data: [2.33649e7]
30-Nov 14:59:10:INFO:root:Starting from 1.5882160780894046e-17
30-Nov 14:59:10:INFO:root:-- Outer 4: 0.006602631990235895
30-Nov 14:59:10:INFO:root:------ Middle 1: 0.00016676556243301017
30-Nov 14:59:10:INFO:root:------ Middle 1: 0.0002340431123272033
30-Nov 14:59:10:INFO:root:Starting from 1.9486649479965893e-17
30-Nov 14:59:10:INFO:root:-- Outer 6: 0.000888789793152317
30-Nov 14:59:10:INFO:root:Starting from 1.3096832807712971e-17
30-Nov 14:59:10:INFO:root:END Outer loop
30-Nov 14:59:10:INFO:root:-- Outer 6: 0.0015489219323452793
30-Nov 14:59:09:INFO:root:--------------In the data: [2.31824e7]
30-Nov 14:59:10:INFO:root:--- Period 14 ---
30-Nov 14:59:10:INFO:root:BEGIN Outer loop
30-Nov 14:59:10:INFO:root:------ Middle 1: 0.00020332448739712053
30-Nov 14:59:10:INFO:root:Starting from 1.6091856350138214e-17
30-Nov 14:59:10:INFO:root:-- Outer 4: 0.007014384715782938
30-Nov 14:59:10:INFO:root:--- Period 15 ---
30-Nov 14:59:11:INFO:root:BEGIN Outer loop
30-Nov 14:59:11:INFO:root:Model trade shares: [0.957088, 0.91062, 0.979926]
30-Nov 14:59:11:INFO:root:Data trade shares: [0.972765, 0.936372, 0.980463]
30-Nov 14:59:11:INFO:root:US prices: [1.49089, 0.962658, 0.94823]
30-Nov 14:59:11:INFO:root:in the data: [3.02084, 2.07936, 2.07936]
30-Nov 14:59:12:INFO:root:Nominal world expenditure: 1.0709639610165253e7
30-Nov 14:59:12:INFO:root:------ Middle 2: 0.0003352537279686999
30-Nov 14:59:12:INFO:root:------ Middle 2: 0.00036387423474229855
30-Nov 14:59:13:INFO:root:------ Middle 3: 0.00019168254894654183
30-Nov 14:59:13:INFO:root:Starting from 1.521412175462874e-17
30-Nov 14:59:13:INFO:root:-- Outer 3: 0.005079303753579153
30-Nov 14:59:13:INFO:root:------ Middle 2: 0.0003855593622728276
30-Nov 14:59:12:INFO:root:--------------In the data: [2.36221e7]
30-Nov 14:59:13:INFO:root:------ Middle 3: 0.00020771751200672023
30-Nov 14:59:13:INFO:root:------ Middle 1: 0.00032970826076956844
30-Nov 14:59:13:INFO:root:Starting from 1.2995629623668088e-17
30-Nov 14:59:13:INFO:root:-- Outer 3: 0.005163407327286601
30-Nov 14:59:13:INFO:root:--- Period 16 ---
30-Nov 14:59:14:INFO:root:BEGIN Outer loop
30-Nov 14:59:14:INFO:root:------ Middle 1: 0.0002546081360992584
30-Nov 14:59:14:INFO:root:------ Middle 3: 0.00021990019747704335
30-Nov 14:59:14:INFO:root:Starting from 1.748129125336239e-17
30-Nov 14:59:14:INFO:root:-- Outer 4: 0.005189495538402876
30-Nov 14:59:14:INFO:root:Starting from 2.1550327500732038e-17
30-Nov 14:59:14:INFO:root:-- Outer 3: 0.005509779802341451
30-Nov 14:59:14:INFO:root:------ Middle 1: 0.00017265617656486693
30-Nov 14:59:14:INFO:root:Starting from 1.620733615404832e-17
30-Nov 14:59:14:INFO:root:-- Outer 7: 0.00039209009361425626
30-Nov 14:59:14:INFO:root:END Outer loop
30-Nov 14:59:14:INFO:root:------ Middle 2: 0.0001858237714187007
30-Nov 14:59:14:INFO:root:Starting from 1.3960490998226948e-17
30-Nov 14:59:14:INFO:root:-- Outer 5: 0.0014888684795068144
30-Nov 14:59:14:INFO:root:------ Middle 1: 0.00021147043436583652
30-Nov 14:59:14:INFO:root:Starting from 2.037699911416735e-17
30-Nov 14:59:14:INFO:root:-- Outer 4: 0.00516567397665027
30-Nov 14:59:15:INFO:root:------ Middle 1: 0.0002444311054442081
30-Nov 14:59:15:INFO:root:------ Middle 1: 0.0002872995248269728
30-Nov 14:59:15:INFO:root:Starting from 1.6651249257539976e-17
30-Nov 14:59:15:INFO:root:Starting from 1.5827838122642434e-17
30-Nov 14:59:15:INFO:root:-- Outer 5: 0.0013778917672702408
30-Nov 14:59:15:INFO:root:-- Outer 4: 0.005681657660182471
30-Nov 14:59:15:INFO:root:------ Middle 1: 0.00018583805403350637
30-Nov 14:59:15:INFO:root:Starting from 1.3065740675442883e-17
30-Nov 14:59:15:INFO:root:-- Outer 6: 0.0015754277721750428
30-Nov 14:59:15:INFO:root:Model trade shares: [0.973518, 0.947223, 0.994703]
30-Nov 14:59:15:INFO:root:Data trade shares: [0.975035, 0.947136, 0.993826]
30-Nov 14:59:15:INFO:root:US prices: [1.19157, 1.12002, 1.10127]
30-Nov 14:59:15:INFO:root:in the data: [1.5623, 1.46271, 1.46271]
30-Nov 14:59:15:INFO:root:------ Middle 1: 0.00020241815077475832
30-Nov 14:59:15:INFO:root:Starting from 1.8159035466143872e-17
30-Nov 14:59:15:INFO:root:-- Outer 6: 0.0014221795239402872
30-Nov 14:59:16:INFO:root:Nominal world expenditure: 9.771020308549305e6
30-Nov 14:59:16:INFO:root:------ Middle 1: 0.00026995374172236085
30-Nov 14:59:16:INFO:root:Starting from 1.573827517664392e-17
30-Nov 14:59:16:INFO:root:-- Outer 5: 0.00126532028359299
30-Nov 14:59:16:INFO:root:------ Middle 1: 0.0002256483857944948
30-Nov 14:59:16:INFO:root:Starting from 1.392545648456496e-17
30-Nov 14:59:16:INFO:root:-- Outer 6: 0.0013011076636992832
30-Nov 14:59:16:INFO:root:--------------In the data: [1.27847e7]
30-Nov 14:59:17:INFO:root:--- Period 17 ---
30-Nov 14:59:17:INFO:root:BEGIN Outer loop
30-Nov 14:59:19:INFO:root:------ Middle 1: 0.00015936973242739504
30-Nov 14:59:19:INFO:root:Starting from 1.2065478723200599e-17
30-Nov 14:59:19:INFO:root:-- Outer 7: 0.0004251187098683536
30-Nov 14:59:19:INFO:root:END Outer loop
30-Nov 14:59:20:INFO:root:------ Middle 1: 0.00015229539192592275
30-Nov 14:59:20:INFO:root:Starting from 1.5366356982297835e-17
30-Nov 14:59:20:INFO:root:-- Outer 7: 0.00040666625975578977
30-Nov 14:59:20:INFO:root:END Outer loop
30-Nov 14:59:20:INFO:root:Model trade shares: [0.953929, 0.926075, 0.989257]
30-Nov 14:59:20:INFO:root:Data trade shares: [0.959721, 0.934044, 0.992669]
30-Nov 14:59:20:INFO:root:US prices: [1.22285, 1.05488, 1.05017]
30-Nov 14:59:20:INFO:root:in the data: [1.70549, 1.50868, 1.50868]
30-Nov 14:59:20:INFO:root:------ Middle 1: 0.00018070092399663824
30-Nov 14:59:20:INFO:root:Starting from 1.3542204707427781e-17
30-Nov 14:59:20:INFO:root:-- Outer 7: 0.00042278163886298915
30-Nov 14:59:20:INFO:root:END Outer loop
30-Nov 14:59:21:INFO:root:Nominal world expenditure: 1.0446664999728767e7
30-Nov 14:59:21:INFO:root:------ Middle 1: 0.0002624320742594002
30-Nov 14:59:21:INFO:root:Starting from 1.5296014411107905e-17
30-Nov 14:59:21:INFO:root:-- Outer 5: 0.001506668027601756
30-Nov 14:59:21:INFO:root:Model trade shares: [0.964769, 0.935278, 0.992208]
30-Nov 14:59:21:INFO:root:Data trade shares: [0.967429, 0.940539, 0.992695]
30-Nov 14:59:21:INFO:root:US prices: [1.22707, 1.05669, 1.03932]
30-Nov 14:59:21:INFO:root:in the data: [1.63396, 1.43854, 1.43854]
30-Nov 14:59:21:INFO:root:Nominal world expenditure: 9.810356513472706e6
30-Nov 14:59:21:INFO:root:------ Middle 1: 0.00021698355677071088
30-Nov 14:59:21:INFO:root:Starting from 1.5215255034726765e-17
30-Nov 14:59:21:INFO:root:-- Outer 6: 0.0015433966920845009
30-Nov 14:59:21:INFO:root:--------------In the data: [1.54393e7]
30-Nov 14:59:21:INFO:root:Model trade shares: [0.972062, 0.921685, 0.985201]
30-Nov 14:59:22:INFO:root:Data trade shares: [0.971471, 0.927429, 0.989384]
30-Nov 14:59:22:INFO:root:US prices: [1.55184, 1.07263, 1.07393]
30-Nov 14:59:22:INFO:root:in the data: [2.72526, 1.92631, 1.92631]
30-Nov 14:59:22:INFO:root:Nominal world expenditure: 1.2575874148230331e7
30-Nov 14:59:22:INFO:root:--- Period 18 ---
30-Nov 14:59:22:INFO:root:BEGIN Outer loop
30-Nov 14:59:22:INFO:root:--------------In the data: [1.37348e7]
30-Nov 14:59:22:INFO:root:--------------In the data: [2.2953e7]
30-Nov 14:59:23:INFO:root:--- Period 19 ---
30-Nov 14:59:23:INFO:root:BEGIN Outer loop
30-Nov 14:59:23:INFO:root:------ Middle 1: 0.00024705342771991456
30-Nov 14:59:24:INFO:root:--- Period 20 ---
30-Nov 14:59:24:INFO:root:Starting from 1.5394254301854774e-17
30-Nov 14:59:24:INFO:root:-- Outer 5: 0.0016370711963037353
30-Nov 14:59:24:INFO:root:BEGIN Outer loop
30-Nov 14:59:24:INFO:root:------ Middle 1: 0.00026513270288000605
30-Nov 14:59:24:INFO:root:Starting from 1.4977632181735072e-17
30-Nov 14:59:24:INFO:root:-- Outer 5: 0.001264992104012068
30-Nov 14:59:24:INFO:root:------ Middle 1: 0.00020552542507989166
30-Nov 14:59:24:INFO:root:Starting from 1.5459980235558285e-17
30-Nov 14:59:24:INFO:root:-- Outer 6: 0.0016588016913246248
30-Nov 14:59:25:INFO:root:------ Middle 1: 0.00021872408346811236
30-Nov 14:59:25:INFO:root:Starting from 2.2728777315969872e-17
30-Nov 14:59:25:INFO:root:-- Outer 6: 0.0013054629946560089
30-Nov 14:59:25:INFO:root:------ Middle 1: 0.0003415050368814324
30-Nov 14:59:26:INFO:root:------ Middle 1: 0.00034296012075341254
30-Nov 14:59:26:INFO:root:------ Middle 2: 0.00019135238242329948
30-Nov 14:59:26:INFO:root:------ Middle 1: 0.00016119354688299412
30-Nov 14:59:26:INFO:root:Starting from 1.8125980187240368e-17
30-Nov 14:59:26:INFO:root:-- Outer 5: 0.0015411442130759453
30-Nov 14:59:26:INFO:root:Starting from 1.6181374948623958e-17
30-Nov 14:59:26:INFO:root:-- Outer 7: 0.00038583488773574043
30-Nov 14:59:26:INFO:root:END Outer loop
30-Nov 14:59:26:INFO:root:------ Middle 2: 0.00019236780340214975
30-Nov 14:59:26:INFO:root:Starting from 1.8328464952519478e-17
30-Nov 14:59:26:INFO:root:-- Outer 5: 0.0014590091952343533
30-Nov 14:59:26:INFO:root:------ Middle 1: 0.00019111303038944923
30-Nov 14:59:27:INFO:root:Starting from 1.4209648548313106e-17
30-Nov 14:59:27:INFO:root:-- Outer 6: 0.0016201624350972734
30-Nov 14:59:27:INFO:root:------ Middle 1: 0.00019579274915399603
30-Nov 14:59:27:INFO:root:Starting from 1.928174338785813e-17
30-Nov 14:59:27:INFO:root:-- Outer 6: 0.001538287500194884
30-Nov 14:59:27:INFO:root:Model trade shares: [0.972968, 0.933439, 0.994221]
30-Nov 14:59:27:INFO:root:Data trade shares: [0.973362, 0.938447, 0.994052]
30-Nov 14:59:27:INFO:root:US prices: [1.22884, 1.16126, 1.19272]
30-Nov 14:59:27:INFO:root:in the data: [1.46789, 1.34924, 1.34924]
30-Nov 14:59:27:INFO:root:Nominal world expenditure: 9.691439072065184e6
30-Nov 14:59:29:INFO:root:------ Middle 1: 0.00014201418892445032
30-Nov 14:59:29:INFO:root:Starting from 1.5879359164328597e-17
30-Nov 14:59:29:INFO:root:-- Outer 7: 0.000343373681611694
30-Nov 14:59:29:INFO:root:END Outer loop
30-Nov 14:59:28:INFO:root:--------------In the data: [1.15794e7]
30-Nov 14:59:29:INFO:root:--- Period 21 ---
30-Nov 14:59:29:INFO:root:BEGIN Outer loop
30-Nov 14:59:29:INFO:root:------ Middle 1: 0.0001688216628969683
30-Nov 14:59:29:INFO:root:Starting from 1.614978422845934e-17
30-Nov 14:59:29:INFO:root:-- Outer 7: 0.0003943128575945785
30-Nov 14:59:29:INFO:root:END Outer loop
30-Nov 14:59:30:INFO:root:Model trade shares: [0.976157, 0.941121, 0.994517]
30-Nov 14:59:30:INFO:root:Data trade shares: [0.970394, 0.938128, 0.99445]
30-Nov 14:59:30:INFO:root:US prices: [1.06327, 1.10557, 1.11946]
30-Nov 14:59:30:INFO:root:in the data: [1.21921, 1.17859, 1.17859]
30-Nov 14:59:30:INFO:root:Nominal world expenditure: 9.465354450465497e6
30-Nov 14:59:30:INFO:root:Model trade shares: [0.968759, 0.91482, 0.993508]
30-Nov 14:59:30:INFO:root:Data trade shares: [0.966266, 0.92464, 0.992831]
30-Nov 14:59:30:INFO:root:US prices: [1.31057, 1.06366, 1.08101]
30-Nov 14:59:30:INFO:root:in the data: [2.27198, 1.79075, 1.79075]
30-Nov 14:59:31:INFO:root:------ Middle 1: 0.00016217548754115905
30-Nov 14:59:31:INFO:root:Starting from 1.5998565791536405e-17
30-Nov 14:59:31:INFO:root:-- Outer 7: 0.0004258110040623161
30-Nov 14:59:31:INFO:root:END Outer loop
30-Nov 14:59:31:INFO:root:Nominal world expenditure: 1.2127951294897096e7
30-Nov 14:59:30:INFO:root:--------------In the data: [1.02443e7]
30-Nov 14:59:31:INFO:root:------ Middle 1: 0.00017615332932125025
30-Nov 14:59:31:INFO:root:Starting from 1.7683435792309962e-17
30-Nov 14:59:31:INFO:root:-- Outer 7: 0.0004473334092444923
30-Nov 14:59:31:INFO:root:END Outer loop
30-Nov 14:59:32:INFO:root:Model trade shares: [0.965186, 0.912757, 0.99272]
30-Nov 14:59:32:INFO:root:Data trade shares: [0.971404, 0.929028, 0.993445]
30-Nov 14:59:32:INFO:root:US prices: [1.29653, 0.959502, 0.964281]
30-Nov 14:59:32:INFO:root:in the data: [2.9591, 2.1512, 2.1512]
30-Nov 14:59:32:INFO:root:Nominal world expenditure: 1.0794206832619455e7
30-Nov 14:59:32:INFO:root:--------------In the data: [2.42511e7]
30-Nov 14:59:32:INFO:root:--- Period 22 ---
30-Nov 14:59:32:INFO:root:BEGIN Outer loop
30-Nov 14:59:31:INFO:root:--------------In the data: [2.07618e7]
30-Nov 14:59:32:INFO:root:Model trade shares: [0.962659, 0.921738, 0.992269]
30-Nov 14:59:32:INFO:root:Data trade shares: [0.961487, 0.929057, 0.992737]
30-Nov 14:59:32:INFO:root:US prices: [1.28714, 1.06859, 1.09263]
30-Nov 14:59:32:INFO:root:in the data: [1.96012, 1.64035, 1.64035]
30-Nov 14:59:32:INFO:root:--- Period 23 ---
30-Nov 14:59:32:INFO:root:BEGIN Outer loop
30-Nov 14:59:32:INFO:root:Nominal world expenditure: 1.1669573857057523e7
30-Nov 14:59:32:INFO:root:--- Period 24 ---
30-Nov 14:59:32:INFO:root:BEGIN Outer loop
30-Nov 14:59:32:INFO:root:--------------In the data: [1.80704e7]
30-Nov 14:59:34:INFO:root:--- Period 25 ---
30-Nov 14:59:34:INFO:root:BEGIN Outer loop
30-Nov 14:59:47:INFO:root:------ Middle 1: 0.004050935739380409
30-Nov 14:59:48:INFO:root:------ Middle 2: 0.0022347601438811125
30-Nov 14:59:50:INFO:root:------ Middle 1: 0.004434469259103012
30-Nov 14:59:51:INFO:root:------ Middle 2: 0.0024454061485745518
30-Nov 14:59:58:INFO:root:------ Middle 1: 0.004853801741945305
30-Nov 14:59:58:INFO:root:------ Middle 3: 0.0017400348245444532
30-Nov 14:59:59:INFO:root:------ Middle 2: 0.0026756606957332014
30-Nov 14:59:59:INFO:root:------ Middle 4: 0.0009647023096877786
30-Nov 15:00:01:INFO:root:------ Middle 3: 0.0019186894503377206
30-Nov 15:00:01:INFO:root:------ Middle 4: 0.0010658494143136212
30-Nov 15:00:04:INFO:root:------ Middle 1: 0.004763481253096514
30-Nov 15:00:05:INFO:root:------ Middle 2: 0.002625184143541825
30-Nov 15:00:06:INFO:root:------ Middle 5: 0.0007754131462772248
30-Nov 15:00:07:INFO:root:------ Middle 6: 0.0004330646219904942
30-Nov 15:00:09:INFO:root:------ Middle 7: 0.00031323563172179844
30-Nov 15:00:09:INFO:root:------ Middle 5: 0.0008750653837475325
30-Nov 15:00:10:INFO:root:------ Middle 8: 0.00019920026349143355
30-Nov 15:00:10:INFO:root:Starting from 1.2111191147382956e-17
30-Nov 15:00:10:INFO:root:-- Outer 1: 0.025162398612816127
30-Nov 15:00:10:INFO:root:------ Middle 3: 0.0020529326270655062
30-Nov 15:00:10:INFO:root:------ Middle 6: 0.0004900906757421249
30-Nov 15:00:10:INFO:root:------ Middle 1: 0.0019489806306585717
30-Nov 15:00:11:INFO:root:------ Middle 4: 0.0011389700662926834
30-Nov 15:00:12:INFO:root:------ Middle 1: 0.004816131563073821
30-Nov 15:00:13:INFO:root:------ Middle 7: 0.0003876181510743384
30-Nov 15:00:13:INFO:root:------ Middle 2: 0.0026536432407657023
30-Nov 15:00:13:INFO:root:------ Middle 8: 0.00022978617781153147
30-Nov 15:00:13:INFO:root:Starting from 1.1781511750123192e-17
30-Nov 15:00:13:INFO:root:-- Outer 1: 0.026859044193395822
30-Nov 15:00:14:INFO:root:------ Middle 1: 0.0022228713640979193
30-Nov 15:00:15:INFO:root:------ Middle 3: 0.00200724255226432
30-Nov 15:00:15:INFO:root:------ Middle 1: 0.004425910184051311
30-Nov 15:00:15:INFO:root:------ Middle 4: 0.0011142725585550405
30-Nov 15:00:15:INFO:root:------ Middle 1: 0.004780483684556754
30-Nov 15:00:16:INFO:root:------ Middle 1: 0.004204310775078492
30-Nov 15:00:16:INFO:root:------ Middle 2: 0.002441756118789524
30-Nov 15:00:16:INFO:root:------ Middle 1: 0.005017471386704444
30-Nov 15:00:16:INFO:root:------ Middle 2: 0.002633947780027131
30-Nov 15:00:16:INFO:root:------ Middle 2: 0.002320639443798238
30-Nov 15:00:17:INFO:root:------ Middle 2: 0.0027648045083926245
30-Nov 15:00:17:INFO:root:------ Middle 1: 0.004679094904188069
30-Nov 15:00:18:INFO:root:------ Middle 5: 0.0009166251456578786
30-Nov 15:00:18:INFO:root:------ Middle 1: 0.004306996094772737
30-Nov 15:00:18:INFO:root:------ Middle 2: 0.002578981363120992
30-Nov 15:00:19:INFO:root:------ Middle 6: 0.0005120198720196879
30-Nov 15:00:19:INFO:root:------ Middle 2: 0.0023760122116559235
30-Nov 15:00:21:INFO:root:------ Middle 1: 0.0045045545207980445
30-Nov 15:00:21:INFO:root:------ Middle 2: 0.002483977263159512
30-Nov 15:00:22:INFO:root:------ Middle 7: 0.00040020803613339867
30-Nov 15:00:23:INFO:root:------ Middle 8: 0.00023769741487228308
30-Nov 15:00:23:INFO:root:Starting from 1.1661732069489845e-17
30-Nov 15:00:23:INFO:root:-- Outer 1: 0.02705105776863277
30-Nov 15:00:23:INFO:root:------ Middle 5: 0.0009022226641161586
30-Nov 15:00:23:INFO:root:------ Middle 3: 0.0020208986970304773
30-Nov 15:00:23:INFO:root:------ Middle 1: 0.0023513847156485836
30-Nov 15:00:24:INFO:root:------ Middle 6: 0.0005034702263134119
30-Nov 15:00:24:INFO:root:------ Middle 4: 0.0011212299301429536
30-Nov 15:00:24:INFO:root:------ Middle 2: 0.0005916602275693589
30-Nov 15:00:25:INFO:root:------ Middle 3: 0.00033120024033497054
30-Nov 15:00:25:INFO:root:------ Middle 3: 0.0020102238977233733
30-Nov 15:00:26:INFO:root:------ Middle 4: 0.0011158314806428927
30-Nov 15:00:27:INFO:root:------ Middle 3: 0.002112886374997361
30-Nov 15:00:27:INFO:root:------ Middle 3: 0.0019407851499963528
30-Nov 15:00:27:INFO:root:------ Middle 7: 0.00039400786031165355
30-Nov 15:00:27:INFO:root:------ Middle 4: 0.00022511532771292078
30-Nov 15:00:27:INFO:root:Starting from 2.3676903717880986e-17
30-Nov 15:00:27:INFO:root:-- Outer 2: 0.012164822362116023
30-Nov 15:00:27:INFO:root:------ Middle 4: 0.001172771651612243
30-Nov 15:00:28:INFO:root:------ Middle 4: 0.001076611108554404
30-Nov 15:00:28:INFO:root:------ Middle 3: 0.001872596737680115
30-Nov 15:00:28:INFO:root:------ Middle 2: 0.0007743420398962168
30-Nov 15:00:28:INFO:root:------ Middle 3: 0.0019875449056036836
30-Nov 15:00:28:INFO:root:------ Middle 1: 0.0004977988564170614
30-Nov 15:00:28:INFO:root:------ Middle 8: 0.0002460262021382229
30-Nov 15:00:29:INFO:root:Starting from 1.1429989250651275e-17
30-Nov 15:00:29:INFO:root:-- Outer 1: 0.026775530069043464
30-Nov 15:00:29:INFO:root:------ Middle 4: 0.0010392733693971572
30-Nov 15:00:29:INFO:root:------ Middle 3: 0.00043516645717194425
30-Nov 15:00:29:INFO:root:------ Middle 4: 0.0011032887327345861
30-Nov 15:00:29:INFO:root:------ Middle 1: 0.0024605662057006804
30-Nov 15:00:31:INFO:root:------ Middle 3: 0.0019184081551506236
30-Nov 15:00:31:INFO:root:------ Middle 5: 0.0009049835736849122
30-Nov 15:00:31:INFO:root:------ Middle 4: 0.00030436291914323236
30-Nov 15:00:31:INFO:root:------ Middle 4: 0.0010645069234595133
30-Nov 15:00:32:INFO:root:------ Middle 6: 0.0005045822616235694
30-Nov 15:00:32:INFO:root:------ Middle 5: 0.00019446592194758
30-Nov 15:00:32:INFO:root:Starting from 1.8207446052150744e-17
30-Nov 15:00:32:INFO:root:-- Outer 2: 0.012524099543422889
30-Nov 15:00:33:INFO:root:------ Middle 5: 0.0009149275360626413
30-Nov 15:00:33:INFO:root:------ Middle 1: 0.0004881942621132933
30-Nov 15:00:33:INFO:root:------ Middle 3: 0.001967616305917629
30-Nov 15:00:34:INFO:root:------ Middle 6: 0.0005103663659550498
30-Nov 15:00:34:INFO:root:------ Middle 4: 0.0010907860291454723
30-Nov 15:00:35:INFO:root:------ Middle 5: 0.000956589769311242
30-Nov 15:00:35:INFO:root:------ Middle 5: 0.0008901168416074934
30-Nov 15:00:35:INFO:root:------ Middle 7: 0.00039557373845269377
30-Nov 15:00:35:INFO:root:------ Middle 6: 0.0005339969152346991
30-Nov 15:00:36:INFO:root:------ Middle 6: 0.0004974297757048041
30-Nov 15:00:36:INFO:root:------ Middle 8: 0.0002470938891607921
30-Nov 15:00:36:INFO:root:Starting from 1.1530267409361587e-17
30-Nov 15:00:36:INFO:root:-- Outer 1: 0.02640189174485525
30-Nov 15:00:36:INFO:root:------ Middle 5: 0.0009044232899164921
30-Nov 15:00:36:INFO:root:------ Middle 5: 0.0008687041412847884
30-Nov 15:00:37:INFO:root:------ Middle 7: 0.0004038944421979852
30-Nov 15:00:37:INFO:root:------ Middle 6: 0.0005048066820476329
30-Nov 15:00:37:INFO:root:------ Middle 1: 0.0024093522433473553
30-Nov 15:00:37:INFO:root:------ Middle 6: 0.0004857604347866085
30-Nov 15:00:38:INFO:root:------ Middle 7: 0.0004232148573898733
30-Nov 15:00:38:INFO:root:------ Middle 8: 0.00025379803844013764
30-Nov 15:00:38:INFO:root:Starting from 1.1927371431223544e-17
30-Nov 15:00:38:INFO:root:-- Outer 1: 0.025699484369699835
30-Nov 15:00:38:INFO:root:------ Middle 7: 0.0004006693337742153
30-Nov 15:00:39:INFO:root:------ Middle 5: 0.0008900409699505799
30-Nov 15:00:39:INFO:root:------ Middle 1: 0.002449175077714138
30-Nov 15:00:39:INFO:root:------ Middle 2: 0.0008635968241380394
30-Nov 15:00:40:INFO:root:------ Middle 6: 0.0004979383031105941
30-Nov 15:00:40:INFO:root:------ Middle 2: 0.00034942233955794427
30-Nov 15:00:40:INFO:root:------ Middle 8: 0.0002653556799786644
30-Nov 15:00:40:INFO:root:Starting from 1.2005487073930528e-17
30-Nov 15:00:40:INFO:root:-- Outer 1: 0.025553255861291792
30-Nov 15:00:40:INFO:root:------ Middle 7: 0.00040234082843600583
30-Nov 15:00:40:INFO:root:------ Middle 8: 0.00025165560466082156
30-Nov 15:00:40:INFO:root:Starting from 1.2073745499017894e-17
30-Nov 15:00:40:INFO:root:-- Outer 1: 0.024671147158870133
30-Nov 15:00:40:INFO:root:------ Middle 3: 0.000481679926129213
30-Nov 15:00:40:INFO:root:------ Middle 3: 0.00019842567296304755
30-Nov 15:00:40:INFO:root:Starting from 1.70041673847184e-17
30-Nov 15:00:40:INFO:root:-- Outer 3: 0.005152433351640116
30-Nov 15:00:40:INFO:root:------ Middle 7: 0.00039230396525215516
30-Nov 15:00:41:INFO:root:------ Middle 1: 0.002623626098068719
30-Nov 15:00:41:INFO:root:------ Middle 1: 0.002648463714079407
30-Nov 15:00:41:INFO:root:------ Middle 1: 0.00024249575625757592
30-Nov 15:00:41:INFO:root:Starting from 1.4659073630214927e-17
30-Nov 15:00:41:INFO:root:-- Outer 4: 0.005246292108984796
30-Nov 15:00:41:INFO:root:------ Middle 8: 0.0002523563786446733
30-Nov 15:00:41:INFO:root:Starting from 1.1926594793961856e-17
30-Nov 15:00:41:INFO:root:-- Outer 1: 0.02479786234198152
30-Nov 15:00:42:INFO:root:------ Middle 8: 0.00024780446415087557
30-Nov 15:00:42:INFO:root:Starting from 1.1829850874160785e-17
30-Nov 15:00:42:INFO:root:-- Outer 1: 0.02398753292667157
30-Nov 15:00:42:INFO:root:------ Middle 5: 0.0008996111662477943
30-Nov 15:00:42:INFO:root:------ Middle 1: 0.0024784314674601597
30-Nov 15:00:42:INFO:root:------ Middle 4: 0.0003282833557115424
30-Nov 15:00:42:INFO:root:------ Middle 7: 0.00040123786150866544
30-Nov 15:00:43:INFO:root:------ Middle 6: 0.0005022820473260521
30-Nov 15:00:43:INFO:root:------ Middle 1: 0.0025610070427089095
30-Nov 15:00:43:INFO:root:------ Middle 5: 0.00021050787581445505
30-Nov 15:00:43:INFO:root:Starting from 1.9551691739331284e-17
30-Nov 15:00:43:INFO:root:-- Outer 2: 0.012450412352608768
30-Nov 15:00:44:INFO:root:------ Middle 8: 0.0002531513363505669
30-Nov 15:00:44:INFO:root:Starting from 1.2204869707506444e-17
30-Nov 15:00:44:INFO:root:-- Outer 1: 0.025025657775515103
30-Nov 15:00:44:INFO:root:------ Middle 2: 0.0003676101662944402
30-Nov 15:00:44:INFO:root:------ Middle 1: 0.0004896462699029622
30-Nov 15:00:45:INFO:root:------ Middle 1: 0.0026155947955304295
30-Nov 15:00:45:INFO:root:------ Middle 3: 0.00021128941084681789
30-Nov 15:00:45:INFO:root:Starting from 1.5570713217492543e-17
30-Nov 15:00:45:INFO:root:-- Outer 3: 0.0052134156349139885
30-Nov 15:00:45:INFO:root:------ Middle 2: 0.0008680555335284926
30-Nov 15:00:46:INFO:root:------ Middle 1: 0.000202591950193057
30-Nov 15:00:46:INFO:root:Starting from 1.7109819832787497e-17
30-Nov 15:00:46:INFO:root:-- Outer 4: 0.0052312039450883455
30-Nov 15:00:46:INFO:root:------ Middle 7: 0.00040393821320998196
30-Nov 15:00:46:INFO:root:------ Middle 3: 0.0004839796347784989
30-Nov 15:00:47:INFO:root:------ Middle 8: 0.000254099475075699
30-Nov 15:00:47:INFO:root:Starting from 1.15998263078809e-17
30-Nov 15:00:47:INFO:root:-- Outer 1: 0.025083876661074877
30-Nov 15:00:48:INFO:root:------ Middle 1: 0.002526621926111998
30-Nov 15:00:48:INFO:root:------ Middle 4: 0.00033042709269080723
30-Nov 15:00:49:INFO:root:------ Middle 5: 0.00021206785434039308
30-Nov 15:00:49:INFO:root:Starting from 1.792292008996259e-17
30-Nov 15:00:49:INFO:root:-- Outer 2: 0.01234484789940812
30-Nov 15:00:50:INFO:root:------ Middle 1: 0.0004991405066099328
30-Nov 15:00:53:INFO:root:------ Middle 1: 0.0003269358646617771
30-Nov 15:00:53:INFO:root:------ Middle 2: 0.0008536740501398674
30-Nov 15:00:53:INFO:root:------ Middle 2: 0.00018356439846336454
30-Nov 15:00:53:INFO:root:Starting from 1.6741862005839076e-17
30-Nov 15:00:53:INFO:root:-- Outer 5: 0.0014377421800471518
30-Nov 15:00:54:INFO:root:------ Middle 3: 0.0004756295514881491
30-Nov 15:00:54:INFO:root:------ Middle 1: 0.00018868377083301546
30-Nov 15:00:54:INFO:root:Starting from 1.397009139507215e-17
30-Nov 15:00:54:INFO:root:-- Outer 6: 0.0015162882113830443
30-Nov 15:00:55:INFO:root:------ Middle 2: 0.0008717922833388675
30-Nov 15:00:56:INFO:root:------ Middle 4: 0.0003254270666431748
30-Nov 15:00:56:INFO:root:------ Middle 3: 0.0004860488153143066
30-Nov 15:00:56:INFO:root:------ Middle 2: 0.0009873736679885273
30-Nov 15:00:57:INFO:root:------ Middle 2: 0.000376250553965381
30-Nov 15:00:57:INFO:root:------ Middle 5: 0.00021044867090087364
30-Nov 15:00:57:INFO:root:Starting from 1.6081137024195303e-17
30-Nov 15:00:57:INFO:root:-- Outer 2: 0.012194766489904186
30-Nov 15:00:57:INFO:root:------ Middle 2: 0.0009011401256020073
30-Nov 15:00:57:INFO:root:------ Middle 3: 0.0005495930335981024
30-Nov 15:00:57:INFO:root:------ Middle 3: 0.00021415356638405461
30-Nov 15:00:57:INFO:root:Starting from 1.8952436940185275e-17
30-Nov 15:00:57:INFO:root:-- Outer 3: 0.005160006537769657
30-Nov 15:00:57:INFO:root:------ Middle 2: 0.0010130081619455153
30-Nov 15:00:58:INFO:root:------ Middle 1: 0.000492304827272662
30-Nov 15:00:58:INFO:root:------ Middle 3: 0.0005013831195568008
30-Nov 15:00:58:INFO:root:------ Middle 1: 0.00031043151565293556
30-Nov 15:00:58:INFO:root:------ Middle 1: 0.00021715968719857753
30-Nov 15:00:58:INFO:root:Starting from 1.1917578417336693e-17
30-Nov 15:00:58:INFO:root:-- Outer 4: 0.005180750598979118
30-Nov 15:00:58:INFO:root:------ Middle 3: 0.0005625802306585646
30-Nov 15:00:59:INFO:root:------ Middle 1: 0.00016531864052877528
30-Nov 15:00:59:INFO:root:Starting from 1.7213745839770143e-17
30-Nov 15:00:59:INFO:root:-- Outer 7: 0.00044738538311213735
30-Nov 15:00:59:INFO:root:END Outer loop
30-Nov 15:00:59:INFO:root:------ Middle 2: 0.00017654274301051728
30-Nov 15:00:59:INFO:root:Model trade shares: [0.968033, 0.919465, 0.992209]
30-Nov 15:00:59:INFO:root:Data trade shares: [0.967576, 0.927756, 0.993556]
30-Nov 15:00:59:INFO:root:US prices: [1.20193, 0.924027, 0.92317]
30-Nov 15:00:59:INFO:root:in the data: [2.78451, 2.12334, 2.12334]
30-Nov 15:00:59:INFO:root:Starting from 1.6483027704909288e-17
30-Nov 15:00:59:INFO:root:Nominal world expenditure: 1.1175519362049462e7
30-Nov 15:00:59:INFO:root:--------------In the data: [2.5209e7]
30-Nov 15:00:59:INFO:root:-- Outer 5: 0.0014499719348455185
30-Nov 15:00:59:INFO:root:--- Period 26 ---
30-Nov 15:00:59:INFO:root:BEGIN Outer loop
30-Nov 15:00:59:INFO:root:------ Middle 4: 0.00036531447172899137
30-Nov 15:01:00:INFO:root:------ Middle 2: 0.0010109632168793766
30-Nov 15:01:00:INFO:root:------ Middle 1: 0.00018406867414293357
30-Nov 15:01:00:INFO:root:Starting from 1.6010052070394976e-17
30-Nov 15:01:00:INFO:root:-- Outer 6: 0.0015412080538575884
30-Nov 15:01:00:INFO:root:------ Middle 4: 0.00041013965103832987
30-Nov 15:01:00:INFO:root:------ Middle 5: 0.00021958855027563262
30-Nov 15:01:00:INFO:root:Starting from 1.6975309239766346e-17
30-Nov 15:01:00:INFO:root:-- Outer 2: 0.011799601075516693
30-Nov 15:01:00:INFO:root:------ Middle 4: 0.0003788618465819124
30-Nov 15:01:01:INFO:root:------ Middle 3: 0.0005616471752172633
30-Nov 15:01:01:INFO:root:------ Middle 5: 0.00024632251290682513
30-Nov 15:01:01:INFO:root:Starting from 2.0138613723538415e-17
30-Nov 15:01:01:INFO:root:-- Outer 2: 0.011551892797584855
30-Nov 15:01:01:INFO:root:------ Middle 1: 0.0005173020933592799
30-Nov 15:01:01:INFO:root:------ Middle 5: 0.0002277241739248948
30-Nov 15:01:01:INFO:root:Starting from 1.8593541775642175e-17
30-Nov 15:01:01:INFO:root:-- Outer 2: 0.011221077550922788
30-Nov 15:01:01:INFO:root:------ Middle 4: 0.0004243966120067489
30-Nov 15:01:01:INFO:root:------ Middle 2: 0.00037613645998622045
30-Nov 15:01:02:INFO:root:------ Middle 1: 0.0005567427933874533
30-Nov 15:01:02:INFO:root:------ Middle 1: 0.0005269070833775876
30-Nov 15:01:02:INFO:root:------ Middle 2: 0.0010430416585692046
30-Nov 15:01:02:INFO:root:------ Middle 5: 0.0002551369275932064
30-Nov 15:01:02:INFO:root:Starting from 2.266865523057558e-17
30-Nov 15:01:02:INFO:root:-- Outer 2: 0.010956251227273325
30-Nov 15:01:02:INFO:root:------ Middle 3: 0.00021478902955987297
30-Nov 15:01:02:INFO:root:Starting from 1.9359443453255327e-17
30-Nov 15:01:02:INFO:root:-- Outer 3: 0.005177119807341308
30-Nov 15:01:03:INFO:root:------ Middle 3: 0.0005787403028831757
30-Nov 15:01:03:INFO:root:------ Middle 1: 0.0005173672540067057
30-Nov 15:01:03:INFO:root:------ Middle 1: 0.0002293490246976873
30-Nov 15:01:03:INFO:root:Starting from 1.6091824344822124e-17
30-Nov 15:01:03:INFO:root:-- Outer 4: 0.005215840489357597
30-Nov 15:01:04:INFO:root:------ Middle 4: 0.00042419581945818673
30-Nov 15:01:04:INFO:root:------ Middle 1: 0.0001608546726776931
30-Nov 15:01:05:INFO:root:Starting from 1.3641784891253617e-17
30-Nov 15:01:05:INFO:root:-- Outer 7: 0.000463504980433398
30-Nov 15:01:05:INFO:root:END Outer loop
30-Nov 15:01:05:INFO:root:------ Middle 5: 0.00025550710480614665
30-Nov 15:01:05:INFO:root:Starting from 1.987439692334017e-17
30-Nov 15:01:05:INFO:root:-- Outer 2: 0.010445443144996952
30-Nov 15:01:05:INFO:root:Model trade shares: [0.952234, 0.918927, 0.990995]
30-Nov 15:01:05:INFO:root:Data trade shares: [0.953126, 0.923314, 0.993566]
30-Nov 15:01:05:INFO:root:US prices: [1.01619, 0.931293, 0.936356]
30-Nov 15:01:05:INFO:root:in the data: [2.3065, 2.15345, 2.15345]
30-Nov 15:01:05:INFO:root:Nominal world expenditure: 1.3094950896703288e7
30-Nov 15:01:05:INFO:root:--------------In the data: [2.91447e7]
30-Nov 15:01:05:INFO:root:--- Period 27 ---
30-Nov 15:01:05:INFO:root:BEGIN Outer loop
30-Nov 15:01:05:INFO:root:------ Middle 2: 0.0009847437954002478
30-Nov 15:01:05:INFO:root:------ Middle 1: 0.00045892782800765894
30-Nov 15:01:06:INFO:root:------ Middle 3: 0.0005467929294387508
30-Nov 15:01:06:INFO:root:------ Middle 4: 0.0004347192346071988
30-Nov 15:01:07:INFO:root:------ Middle 5: 0.00026098670574059715
30-Nov 15:01:07:INFO:root:Starting from 1.7170767230008325e-17
30-Nov 15:01:07:INFO:root:-- Outer 2: 0.010909712292890698
30-Nov 15:01:08:INFO:root:------ Middle 1: 0.00047936750341621623
30-Nov 15:01:09:INFO:root:------ Middle 2: 0.000367852917964333
30-Nov 15:01:09:INFO:root:------ Middle 4: 0.0004118909610067708
30-Nov 15:01:09:INFO:root:------ Middle 3: 0.00020971810773486567
30-Nov 15:01:09:INFO:root:Starting from 1.4424106379826314e-17
30-Nov 15:01:09:INFO:root:-- Outer 3: 0.0051051094354013695
30-Nov 15:01:10:INFO:root:------ Middle 5: 0.00024717026485111446
30-Nov 15:01:10:INFO:root:Starting from 1.8197631959100935e-17
30-Nov 15:01:10:INFO:root:-- Outer 2: 0.011172668199778833
30-Nov 15:01:10:INFO:root:------ Middle 1: 0.00022687755948940986
30-Nov 15:01:10:INFO:root:Starting from 1.592092898733851e-17
30-Nov 15:01:10:INFO:root:-- Outer 4: 0.005130844145228751
30-Nov 15:01:11:INFO:root:------ Middle 1: 0.0005400832526321001
30-Nov 15:01:11:INFO:root:------ Middle 1: 0.00031603549950679215
30-Nov 15:01:12:INFO:root:------ Middle 2: 0.00017905375192724392
30-Nov 15:01:12:INFO:root:Starting from 1.6614116133912014e-17
30-Nov 15:01:12:INFO:root:-- Outer 5: 0.0014257009997364844
30-Nov 15:01:12:INFO:root:------ Middle 1: 0.0001863671517782611
30-Nov 15:01:12:INFO:root:Starting from 1.6011024345932482e-17
30-Nov 15:01:13:INFO:root:-- Outer 6: 0.0015170717494342517
30-Nov 15:01:13:INFO:root:------ Middle 2: 0.0003705565785658411
30-Nov 15:01:13:INFO:root:------ Middle 2: 0.0004068161249474824
30-Nov 15:01:14:INFO:root:------ Middle 2: 0.00038819752623105944
30-Nov 15:01:14:INFO:root:------ Middle 3: 0.00021007671901018677
30-Nov 15:01:14:INFO:root:Starting from 1.6585567927873125e-17
30-Nov 15:01:14:INFO:root:-- Outer 3: 0.004677232213464861
30-Nov 15:01:14:INFO:root:------ Middle 3: 0.00023051872755210635
30-Nov 15:01:14:INFO:root:Starting from 1.581932562954516e-17
30-Nov 15:01:14:INFO:root:-- Outer 3: 0.004833792625840505
30-Nov 15:01:14:INFO:root:------ Middle 3: 0.00022016508030791497
30-Nov 15:01:14:INFO:root:Starting from 1.598501876090484e-17
30-Nov 15:01:14:INFO:root:-- Outer 3: 0.004914819213142891
30-Nov 15:01:14:INFO:root:------ Middle 1: 0.0002753430707517608
30-Nov 15:01:14:INFO:root:Starting from 1.856236413300009e-17
30-Nov 15:01:14:INFO:root:-- Outer 4: 0.004657310834052793
30-Nov 15:01:15:INFO:root:------ Middle 1: 0.00029536962539979225
30-Nov 15:01:15:INFO:root:Starting from 1.9943978152612503e-17
30-Nov 15:01:15:INFO:root:-- Outer 4: 0.004899492703290344
30-Nov 15:01:15:INFO:root:------ Middle 1: 0.000343888810477836
30-Nov 15:01:15:INFO:root:------ Middle 1: 0.000264377934141102
30-Nov 15:01:15:INFO:root:Starting from 1.4948370434148686e-17
30-Nov 15:01:15:INFO:root:-- Outer 4: 0.004952810051905435
30-Nov 15:01:16:INFO:root:------ Middle 2: 0.0001942539665491715
30-Nov 15:01:16:INFO:root:Starting from 1.49679621354527e-17
30-Nov 15:01:16:INFO:root:-- Outer 5: 0.0014674882673937158
30-Nov 15:01:17:INFO:root:------ Middle 2: 0.00038777244641235406
30-Nov 15:01:17:INFO:root:------ Middle 1: 0.00020187337608638616
30-Nov 15:01:17:INFO:root:Starting from 1.594100539587129e-17
30-Nov 15:01:17:INFO:root:-- Outer 6: 0.0015577139590720426
30-Nov 15:01:17:INFO:root:------ Middle 1: 0.0001619394874677393
30-Nov 15:01:17:INFO:root:Starting from 1.4858296742793434e-17
30-Nov 15:01:17:INFO:root:-- Outer 7: 0.000448019783348104
30-Nov 15:01:17:INFO:root:END Outer loop
30-Nov 15:01:17:INFO:root:------ Middle 3: 0.000218618968577399
30-Nov 15:01:17:INFO:root:Starting from 1.5569007516015093e-17
30-Nov 15:01:17:INFO:root:-- Outer 3: 0.004540700900387381
30-Nov 15:01:17:INFO:root:Model trade shares: [0.96327, 0.919411, 0.990994]
30-Nov 15:01:17:INFO:root:Data trade shares: [0.958317, 0.928046, 0.993489]
30-Nov 15:01:17:INFO:root:US prices: [1.01175, 0.915102, 0.936522]
30-Nov 15:01:17:INFO:root:in the data: [2.43661, 2.20422, 2.20422]
30-Nov 15:01:17:INFO:root:Nominal world expenditure: 1.392971573886118e7
30-Nov 15:01:17:INFO:root:--------------In the data: [3.25615e7]
30-Nov 15:01:18:INFO:root:--- Period 28 ---
30-Nov 15:01:18:INFO:root:BEGIN Outer loop
30-Nov 15:01:18:INFO:root:------ Middle 2: 0.0003748779264874964
30-Nov 15:01:18:INFO:root:------ Middle 1: 0.0002621024094504104
30-Nov 15:01:18:INFO:root:Starting from 1.726157819406811e-17
30-Nov 15:01:18:INFO:root:-- Outer 4: 0.0045146661552615975
30-Nov 15:01:19:INFO:root:------ Middle 3: 0.00021208697761510332
30-Nov 15:01:19:INFO:root:Starting from 1.7246155829847146e-17
30-Nov 15:01:19:INFO:root:-- Outer 3: 0.00426033102740476
30-Nov 15:01:20:INFO:root:------ Middle 1: 0.00022703898628368682
30-Nov 15:01:20:INFO:root:Starting from 1.997849428696689e-17
30-Nov 15:01:20:INFO:root:-- Outer 4: 0.004185068893641319
30-Nov 15:01:21:INFO:root:------ Middle 1: 0.0003281658296223859
30-Nov 15:01:21:INFO:root:------ Middle 1: 0.00017781845582707468
30-Nov 15:01:21:INFO:root:Starting from 1.4536602213373192e-17
30-Nov 15:01:21:INFO:root:-- Outer 7: 0.00046801031815251013
30-Nov 15:01:21:INFO:root:END Outer loop
30-Nov 15:01:21:INFO:root:------ Middle 2: 0.0004027724504324638
30-Nov 15:01:21:INFO:root:Model trade shares: [0.957576, 0.914715, 0.992036]
30-Nov 15:01:21:INFO:root:Data trade shares: [0.960962, 0.931588, 0.993893]
30-Nov 15:01:21:INFO:root:US prices: [1.00397, 0.908418, 0.910525]
30-Nov 15:01:21:INFO:root:in the data: [2.50767, 2.31742, 2.31742]
30-Nov 15:01:21:INFO:root:Nominal world expenditure: 1.4481854516972255e7
30-Nov 15:01:21:INFO:root:--------------In the data: [3.61928e7]
30-Nov 15:01:22:INFO:root:--- Period 29 ---
30-Nov 15:01:22:INFO:root:------ Middle 2: 0.00018584510284400503
30-Nov 15:01:22:INFO:root:BEGIN Outer loop
30-Nov 15:01:22:INFO:root:Starting from 1.7344929462360326e-17
30-Nov 15:01:22:INFO:root:-- Outer 5: 0.0014083757859099891
30-Nov 15:01:22:INFO:root:------ Middle 3: 0.00022675400140876283
30-Nov 15:01:22:INFO:root:Starting from 2.199928513869044e-17
30-Nov 15:01:22:INFO:root:-- Outer 3: 0.004421483472721205
30-Nov 15:01:22:INFO:root:------ Middle 1: 0.00019422811594736741
30-Nov 15:01:22:INFO:root:Starting from 1.9198417393590658e-17
30-Nov 15:01:23:INFO:root:-- Outer 6: 0.00150367423474842
30-Nov 15:01:23:INFO:root:------ Middle 1: 0.0002389240075026108
30-Nov 15:01:23:INFO:root:Starting from 1.9258058400666278e-17
30-Nov 15:01:23:INFO:root:-- Outer 4: 0.004365033488008932
30-Nov 15:01:23:INFO:root:------ Middle 2: 0.0004121807434145156
30-Nov 15:01:24:INFO:root:------ Middle 3: 0.00023179011457789543
30-Nov 15:01:24:INFO:root:Starting from 2.6738207542263855e-17
30-Nov 15:01:24:INFO:root:-- Outer 3: 0.004664806994645212
30-Nov 15:01:25:INFO:root:------ Middle 1: 0.0003014054909873405
30-Nov 15:01:26:INFO:root:------ Middle 1: 0.00037916951975892964
30-Nov 15:01:27:INFO:root:------ Middle 1: 0.0004011733131033528
30-Nov 15:01:27:INFO:root:------ Middle 1: 0.0003629068729407386
30-Nov 15:01:27:INFO:root:------ Middle 2: 0.00021349286382473168
30-Nov 15:01:27:INFO:root:------ Middle 1: 0.00017072104026751424
30-Nov 15:01:27:INFO:root:Starting from 1.6538413030539388e-17
30-Nov 15:01:27:INFO:root:-- Outer 5: 0.001385401639137817
30-Nov 15:01:27:INFO:root:Starting from 1.7286717568661408e-17
30-Nov 15:01:27:INFO:root:-- Outer 7: 0.00046797414442520586
30-Nov 15:01:27:INFO:root:END Outer loop
30-Nov 15:01:27:INFO:root:------ Middle 2: 0.00022451993150195194
30-Nov 15:01:27:INFO:root:Model trade shares: [0.95624, 0.919928, 0.993587]
30-Nov 15:01:27:INFO:root:Data trade shares: [0.961578, 0.934257, 0.993842]
30-Nov 15:01:27:INFO:root:US prices: [0.973386, 0.929244, 0.941102]
30-Nov 15:01:27:INFO:root:in the data: [2.5813, 2.43608, 2.43608]
30-Nov 15:01:27:INFO:root:Starting from 1.640090501747357e-17
30-Nov 15:01:27:INFO:root:-- Outer 5: 0.0014640644633368424
30-Nov 15:01:27:INFO:root:Nominal world expenditure: 1.4671607579270259e7
30-Nov 15:01:27:INFO:root:--------------In the data: [3.7723e7]
30-Nov 15:01:28:INFO:root:--- Period 30 ---
30-Nov 15:01:28:INFO:root:BEGIN Outer loop
30-Nov 15:01:28:INFO:root:------ Middle 2: 0.00020343143626643976
30-Nov 15:01:28:INFO:root:Starting from 1.7721124354990847e-17
30-Nov 15:01:28:INFO:root:-- Outer 5: 0.0013488696528406545
30-Nov 15:01:28:INFO:root:------ Middle 1: 0.00022049563257056485
30-Nov 15:01:28:INFO:root:Starting from 1.804668640239113e-17
30-Nov 15:01:28:INFO:root:-- Outer 6: 0.0014794801106852462
30-Nov 15:01:28:INFO:root:------ Middle 1: 0.00022776512620323214
30-Nov 15:01:28:INFO:root:Starting from 1.4404168014806795e-17
30-Nov 15:01:28:INFO:root:-- Outer 6: 0.001545939211072994
30-Nov 15:01:29:INFO:root:------ Middle 1: 0.00021068942925707177
30-Nov 15:01:29:INFO:root:Starting from 1.8362499460254066e-17
30-Nov 15:01:29:INFO:root:-- Outer 6: 0.0014460801651417542
30-Nov 15:01:30:INFO:root:------ Middle 1: 0.0003503682902185083
30-Nov 15:01:30:INFO:root:------ Middle 2: 0.0001959409120877112
30-Nov 15:01:30:INFO:root:Starting from 1.9994850825461526e-17
30-Nov 15:01:30:INFO:root:-- Outer 5: 0.0012813373277338735
30-Nov 15:01:31:INFO:root:------ Middle 1: 0.0003124285994494744
30-Nov 15:01:31:INFO:root:------ Middle 1: 0.00020124167988319313
30-Nov 15:01:31:INFO:root:Starting from 1.38165734654055e-17
30-Nov 15:01:31:INFO:root:-- Outer 6: 0.001367302587107586
30-Nov 15:01:31:INFO:root:------ Middle 1: 0.00020842918195686862
30-Nov 15:01:31:INFO:root:Starting from 1.3844443747214127e-17
30-Nov 15:01:31:INFO:root:-- Outer 7: 0.0005052789483458504
30-Nov 15:01:31:INFO:root:END Outer loop
30-Nov 15:01:32:INFO:root:------ Middle 2: 0.00017600104818330325
30-Nov 15:01:32:INFO:root:Starting from 1.9422397991470395e-17
30-Nov 15:01:32:INFO:root:-- Outer 5: 0.001222468863951407
30-Nov 15:01:32:INFO:root:Model trade shares: [0.964085, 0.925409, 0.990866]
30-Nov 15:01:32:INFO:root:Data trade shares: [0.963666, 0.934551, 0.994086]
30-Nov 15:01:32:INFO:root:US prices: [0.972961, 0.92878, 0.912101]
30-Nov 15:01:32:INFO:root:in the data: [2.67778, 2.5352, 2.5352]
30-Nov 15:01:32:INFO:root:Nominal world expenditure: 1.5527918253789505e7
30-Nov 15:01:32:INFO:root:--------------In the data: [4.12361e7]
30-Nov 15:01:32:INFO:root:--- Period 31 ---
30-Nov 15:01:32:INFO:root:BEGIN Outer loop
30-Nov 15:01:32:INFO:root:------ Middle 1: 0.00021155843328369225
30-Nov 15:01:32:INFO:root:Starting from 1.4931373288449375e-17
30-Nov 15:01:32:INFO:root:-- Outer 7: 0.0005225750670636329
30-Nov 15:01:32:INFO:root:END Outer loop
30-Nov 15:01:32:INFO:root:------ Middle 1: 0.0001976643448663314
30-Nov 15:01:32:INFO:root:Starting from 1.909828443199301e-17
30-Nov 15:01:32:INFO:root:-- Outer 7: 0.0004923550120828482
30-Nov 15:01:32:INFO:root:END Outer loop
30-Nov 15:01:33:INFO:root:------ Middle 1: 0.000179636509431271
30-Nov 15:01:33:INFO:root:Starting from 1.8080231990050745e-17
30-Nov 15:01:33:INFO:root:-- Outer 6: 0.001310987922130205
30-Nov 15:01:33:INFO:root:Model trade shares: [0.958475, 0.924933, 0.99229]
30-Nov 15:01:33:INFO:root:Data trade shares: [0.960926, 0.936095, 0.990604]
30-Nov 15:01:33:INFO:root:US prices: [0.922494, 0.904921, 0.876099]
30-Nov 15:01:33:INFO:root:in the data: [2.54462, 2.53886, 2.53886]
30-Nov 15:01:33:INFO:root:Nominal world expenditure: 1.5794081569788065e7
30-Nov 15:01:33:INFO:root:--------------In the data: [4.29516e7]
30-Nov 15:01:33:INFO:root:Model trade shares: [0.963487, 0.922619, 0.993103]
30-Nov 15:01:33:INFO:root:Data trade shares: [0.960491, 0.93458, 0.986591]
30-Nov 15:01:33:INFO:root:US prices: [0.874015, 0.888036, 0.846771]
30-Nov 15:01:33:INFO:root:in the data: [2.52256, 2.5595, 2.5595]
30-Nov 15:01:33:INFO:root:Nominal world expenditure: 1.618732520069952e7
30-Nov 15:01:33:INFO:root:--------------In the data: [4.55098e7]
30-Nov 15:01:33:INFO:root:--- Period 32 ---
30-Nov 15:01:33:INFO:root:BEGIN Outer loop
30-Nov 15:01:33:INFO:root:------ Middle 2: 0.0002543882945512273
30-Nov 15:01:33:INFO:root:Starting from 1.5337378169593223e-17
30-Nov 15:01:33:INFO:root:-- Outer 4: 0.0019249183203241373
30-Nov 15:01:33:INFO:root:--- Period 33 ---
30-Nov 15:01:33:INFO:root:BEGIN Outer loop
30-Nov 15:01:34:INFO:root:------ Middle 1: 0.00025381055407737766
30-Nov 15:01:34:INFO:root:Starting from 1.8960346725186744e-17
30-Nov 15:01:34:INFO:root:-- Outer 5: 0.001960571010687342
30-Nov 15:01:35:INFO:root:------ Middle 1: 0.00018713662959529023
30-Nov 15:01:35:INFO:root:Starting from 1.8359341251121877e-17
30-Nov 15:01:35:INFO:root:-- Outer 7: 0.00047978849311180734
30-Nov 15:01:35:INFO:root:END Outer loop
30-Nov 15:01:35:INFO:root:Model trade shares: [0.950325, 0.919552, 0.989083]
30-Nov 15:01:35:INFO:root:Data trade shares: [0.955615, 0.931697, 0.991754]
30-Nov 15:01:35:INFO:root:US prices: [0.852095, 0.859531, 0.890448]
30-Nov 15:01:35:INFO:root:in the data: [2.59006, 2.59665, 2.59665]
30-Nov 15:01:35:INFO:root:Nominal world expenditure: 1.6644093334160998e7
30-Nov 15:01:35:INFO:root:--------------In the data: [4.90999e7]
30-Nov 15:01:35:INFO:root:------ Middle 1: 0.0003399431213759559
30-Nov 15:01:35:INFO:root:--- Period 34 ---
30-Nov 15:01:35:INFO:root:BEGIN Outer loop
30-Nov 15:01:36:INFO:root:------ Middle 2: 0.00019054268117830837
30-Nov 15:01:36:INFO:root:Starting from 2.880375387177625e-17
30-Nov 15:01:36:INFO:root:-- Outer 5: 0.0012973260054096642
30-Nov 15:01:36:INFO:root:------ Middle 1: 0.00016631608457654383
30-Nov 15:01:36:INFO:root:Starting from 1.9936473703531107e-17
30-Nov 15:01:36:INFO:root:-- Outer 7: 0.0004781121748301712
30-Nov 15:01:36:INFO:root:END Outer loop
30-Nov 15:01:37:INFO:root:Model trade shares: [0.955602, 0.904082, 0.982509]
30-Nov 15:01:37:INFO:root:Data trade shares: [0.954902, 0.927282, 0.98849]
30-Nov 15:01:37:INFO:root:US prices: [0.861792, 0.885891, 0.914052]
30-Nov 15:01:37:INFO:root:in the data: [2.81662, 2.76323, 2.76323]
30-Nov 15:01:37:INFO:root:Nominal world expenditure: 1.7838898878968675e7
30-Nov 15:01:37:INFO:root:--------------In the data: [5.52518e7]
30-Nov 15:01:37:INFO:root:------ Middle 1: 0.0001921002050527286
30-Nov 15:01:37:INFO:root:--- Period 35 ---
30-Nov 15:01:37:INFO:root:Starting from 1.7205097906198604e-17
30-Nov 15:01:37:INFO:root:-- Outer 6: 0.001385789371869544
30-Nov 15:01:37:INFO:root:BEGIN Outer loop
30-Nov 15:01:38:INFO:root:------ Middle 1: 0.0002852552024209684
30-Nov 15:01:38:INFO:root:Starting from 1.994585296102011e-17
30-Nov 15:01:38:INFO:root:-- Outer 6: 0.0005882184624583492
30-Nov 15:01:38:INFO:root:END Outer loop
30-Nov 15:01:38:INFO:root:Model trade shares: [0.955172, 0.92055, 0.986109]
30-Nov 15:01:38:INFO:root:Data trade shares: [0.959588, 0.937566, 0.971212]
30-Nov 15:01:38:INFO:root:US prices: [0.929593, 0.877041, 0.931915]
30-Nov 15:01:38:INFO:root:in the data: [2.70826, 2.57595, 2.57595]
30-Nov 15:01:38:INFO:root:Nominal world expenditure: 1.5840272635395614e7
30-Nov 15:01:38:INFO:root:--------------In the data: [4.5848e7]
30-Nov 15:01:38:INFO:root:--- Period 36 ---
30-Nov 15:01:38:INFO:root:BEGIN Outer loop
30-Nov 15:01:39:INFO:root:------ Middle 1: 0.004255424593971785
30-Nov 15:01:40:INFO:root:------ Middle 2: 0.0023482984686191573
30-Nov 15:01:41:INFO:root:------ Middle 1: 0.0001735905909672817
30-Nov 15:01:41:INFO:root:Starting from 1.72029933977633e-17
30-Nov 15:01:41:INFO:root:-- Outer 7: 0.0004887888269900111
30-Nov 15:01:41:INFO:root:END Outer loop
30-Nov 15:01:41:INFO:root:Model trade shares: [0.942055, 0.913917, 0.990624]
30-Nov 15:01:41:INFO:root:Data trade shares: [0.950579, 0.929714, 0.991388]
30-Nov 15:01:41:INFO:root:US prices: [0.912138, 0.868736, 0.875517]
30-Nov 15:01:41:INFO:root:in the data: [2.71827, 2.64842, 2.64842]
30-Nov 15:01:41:INFO:root:Nominal world expenditure: 1.795996352695926e7
30-Nov 15:01:41:INFO:root:--------------In the data: [5.43532e7]
30-Nov 15:01:44:INFO:root:------ Middle 1: 0.004105155931825264
30-Nov 15:01:44:INFO:root:------ Middle 2: 0.0022657688455339576
30-Nov 15:01:49:INFO:root:------ Middle 3: 0.0018660308756998111
30-Nov 15:01:49:INFO:root:------ Middle 4: 0.001036634440194294
30-Nov 15:01:55:INFO:root:------ Middle 3: 0.0018212318557207354
30-Nov 15:01:55:INFO:root:------ Middle 4: 0.0010111365002213265
30-Nov 15:01:56:INFO:root:------ Middle 5: 0.0008679895900859455
30-Nov 15:01:56:INFO:root:------ Middle 6: 0.00048559707226989243
30-Nov 15:01:58:INFO:root:------ Middle 1: 0.0041448987330268226
30-Nov 15:01:58:INFO:root:------ Middle 2: 0.002287480539951476
30-Nov 15:01:59:INFO:root:------ Middle 7: 0.0003923926950902192
30-Nov 15:02:00:INFO:root:------ Middle 8: 0.0002484993369698767
30-Nov 15:02:00:INFO:root:Starting from 1.1412436712096692e-17
30-Nov 15:02:00:INFO:root:-- Outer 1: 0.023151416081662983
30-Nov 15:02:01:INFO:root:------ Middle 1: 0.002482411126430258
30-Nov 15:02:02:INFO:root:------ Middle 5: 0.0008493560282899423
30-Nov 15:02:03:INFO:root:------ Middle 6: 0.0004760493553437898
30-Nov 15:02:03:INFO:root:------ Middle 1: 0.004196149199881297
30-Nov 15:02:04:INFO:root:------ Middle 2: 0.0023154991331380344
30-Nov 15:02:06:INFO:root:------ Middle 7: 0.00038637518498317873
30-Nov 15:02:07:INFO:root:------ Middle 8: 0.00024517901213592133
30-Nov 15:02:07:INFO:root:Starting from 1.1895337795392837e-17
30-Nov 15:02:07:INFO:root:-- Outer 1: 0.022841496529411285
30-Nov 15:02:08:INFO:root:------ Middle 1: 0.002547890278712059
30-Nov 15:02:09:INFO:root:------ Middle 1: 0.004721199490652228
30-Nov 15:02:09:INFO:root:------ Middle 1: 0.004250190495463277
30-Nov 15:02:09:INFO:root:------ Middle 1: 0.004610787176425898
30-Nov 15:02:09:INFO:root:------ Middle 2: 0.0026043888299210126
30-Nov 15:02:09:INFO:root:------ Middle 3: 0.0019056725121870271
30-Nov 15:02:10:INFO:root:------ Middle 2: 0.002345287451322747
30-Nov 15:02:10:INFO:root:------ Middle 1: 0.004655138159151577
30-Nov 15:02:10:INFO:root:------ Middle 2: 0.0025430107638030074
30-Nov 15:02:10:INFO:root:------ Middle 4: 0.00105871894417029
30-Nov 15:02:11:INFO:root:------ Middle 2: 0.00256827574368651
30-Nov 15:02:12:INFO:root:------ Middle 1: 0.004345899964753114
30-Nov 15:02:12:INFO:root:------ Middle 1: 0.0045351696213108365
30-Nov 15:02:12:INFO:root:------ Middle 2: 0.002396372058747305
30-Nov 15:02:13:INFO:root:------ Middle 1: 0.004532908846202124
30-Nov 15:02:13:INFO:root:------ Middle 2: 0.0025013311867990813
30-Nov 15:02:13:INFO:root:------ Middle 2: 0.002500888384251819
30-Nov 15:02:15:INFO:root:------ Middle 3: 0.00192076605556101
30-Nov 15:02:16:INFO:root:------ Middle 4: 0.0010676784646053226
30-Nov 15:02:16:INFO:root:------ Middle 2: 0.0009957719724657493
30-Nov 15:02:17:INFO:root:------ Middle 3: 0.0005529090311155603
30-Nov 15:02:18:INFO:root:------ Middle 5: 0.0009246880067994394
30-Nov 15:02:18:INFO:root:------ Middle 6: 0.0005198337376284866
30-Nov 15:02:18:INFO:root:------ Middle 3: 0.0019460497634323874
30-Nov 15:02:19:INFO:root:------ Middle 4: 0.0010799453785886655
30-Nov 15:02:19:INFO:root:------ Middle 3: 0.0020473406448889755
30-Nov 15:02:20:INFO:root:------ Middle 4: 0.0004175534134304077
30-Nov 15:02:20:INFO:root:------ Middle 3: 0.002088302524642072
30-Nov 15:02:20:INFO:root:------ Middle 4: 0.0011363349448071246
30-Nov 15:02:20:INFO:root:------ Middle 5: 0.0002511533533524037
30-Nov 15:02:20:INFO:root:Starting from 1.8804890252787937e-17
30-Nov 15:02:20:INFO:root:-- Outer 2: 0.010096025786182688
30-Nov 15:02:20:INFO:root:------ Middle 4: 0.0011603710886833574
30-Nov 15:02:21:INFO:root:------ Middle 3: 0.0019672053237172393
30-Nov 15:02:21:INFO:root:------ Middle 7: 0.0004271086070751039
30-Nov 15:02:21:INFO:root:------ Middle 1: 0.0005103095622816452
30-Nov 15:02:22:INFO:root:------ Middle 3: 0.001837761424567386
30-Nov 15:02:22:INFO:root:------ Middle 4: 0.0010922497880886074
30-Nov 15:02:22:INFO:root:------ Middle 4: 0.001018693399150171
30-Nov 15:02:23:INFO:root:------ Middle 8: 0.0002748102447292611
30-Nov 15:02:23:INFO:root:Starting from 1.17263904215046e-17
30-Nov 15:02:23:INFO:root:-- Outer 1: 0.023233544542334526
30-Nov 15:02:23:INFO:root:------ Middle 3: 0.0019072064069296185
30-Nov 15:02:23:INFO:root:------ Middle 5: 0.0009365728429472916
30-Nov 15:02:23:INFO:root:------ Middle 3: 0.0021090489570955587
30-Nov 15:02:23:INFO:root:------ Middle 2: 0.0010017749186843575
30-Nov 15:02:23:INFO:root:------ Middle 1: 0.002424959827608734
30-Nov 15:02:23:INFO:root:------ Middle 4: 0.001057357243554287
30-Nov 15:02:24:INFO:root:------ Middle 6: 0.000527154641145908
30-Nov 15:02:24:INFO:root:------ Middle 4: 0.0011716023269110597
30-Nov 15:02:24:INFO:root:------ Middle 3: 0.0005564818347132006
30-Nov 15:02:26:INFO:root:------ Middle 5: 0.0008826980360412765
30-Nov 15:02:26:INFO:root:------ Middle 6: 0.000492810963632297
30-Nov 15:02:26:INFO:root:------ Middle 7: 0.0004372302575867391
30-Nov 15:02:26:INFO:root:------ Middle 5: 0.000948938994704066
30-Nov 15:02:27:INFO:root:------ Middle 4: 0.0004196826530960959
30-Nov 15:02:27:INFO:root:------ Middle 5: 0.0010023642553662127
30-Nov 15:02:27:INFO:root:------ Middle 6: 0.0005309748331417678
30-Nov 15:02:27:INFO:root:------ Middle 5: 0.0002519351007140761
30-Nov 15:02:28:INFO:root:Starting from 1.806175176833653e-17
30-Nov 15:02:28:INFO:root:-- Outer 2: 0.010023126981188997
30-Nov 15:02:28:INFO:root:------ Middle 6: 0.0005625792360453218
30-Nov 15:02:28:INFO:root:------ Middle 1: 0.0005350911687663211
30-Nov 15:02:29:INFO:root:------ Middle 8: 0.0003020449479970781
30-Nov 15:02:29:INFO:root:------ Middle 5: 0.0008299516175608083
30-Nov 15:02:29:INFO:root:------ Middle 7: 0.0003872808964747598
30-Nov 15:02:29:INFO:root:------ Middle 9: 0.00018712433913693806
30-Nov 15:02:29:INFO:root:Starting from 1.2039032534305702e-17
30-Nov 15:02:29:INFO:root:-- Outer 1: 0.0238299348932415
30-Nov 15:02:29:INFO:root:------ Middle 6: 0.0004629548376463454
30-Nov 15:02:30:INFO:root:------ Middle 5: 0.0009736035365545232
30-Nov 15:02:30:INFO:root:------ Middle 7: 0.0004204032925617162
30-Nov 15:02:30:INFO:root:------ Middle 1: 0.0024271059241257093
30-Nov 15:02:30:INFO:root:------ Middle 8: 0.0002456133618638695
30-Nov 15:02:30:INFO:root:Starting from 1.2136529800559401e-17
30-Nov 15:02:30:INFO:root:-- Outer 1: 0.02173479569994271
30-Nov 15:02:30:INFO:root:------ Middle 6: 0.000546267536063532
30-Nov 15:02:31:INFO:root:------ Middle 5: 0.0008566242322245867
30-Nov 15:02:31:INFO:root:------ Middle 7: 0.0004515449209093296
30-Nov 15:02:31:INFO:root:------ Middle 5: 0.0010422946513163511
30-Nov 15:02:31:INFO:root:------ Middle 1: 0.0026620921908860097
30-Nov 15:02:31:INFO:root:------ Middle 8: 0.00026955835148852284
30-Nov 15:02:31:INFO:root:Starting from 1.1498398386359604e-17
30-Nov 15:02:31:INFO:root:-- Outer 1: 0.022506664043736538
30-Nov 15:02:31:INFO:root:------ Middle 6: 0.0004779257510173853
30-Nov 15:02:32:INFO:root:------ Middle 6: 0.0005862163855950714
30-Nov 15:02:32:INFO:root:------ Middle 1: 0.002838883701217499
30-Nov 15:02:32:INFO:root:------ Middle 7: 0.0003643668173478789
30-Nov 15:02:32:INFO:root:------ Middle 2: 0.0003820120939924006
30-Nov 15:02:33:INFO:root:------ Middle 8: 0.0003117695441888516
30-Nov 15:02:33:INFO:root:------ Middle 3: 0.00021558210245136228
30-Nov 15:02:33:INFO:root:Starting from 2.1292587233070756e-17
30-Nov 15:02:33:INFO:root:-- Outer 3: 0.004200885586884874
30-Nov 15:02:33:INFO:root:------ Middle 7: 0.00044742572120630024
30-Nov 15:02:34:INFO:root:------ Middle 9: 0.00019251793920858128
30-Nov 15:02:34:INFO:root:Starting from 1.1522131175866461e-17
30-Nov 15:02:34:INFO:root:-- Outer 1: 0.023258688921200386
30-Nov 15:02:34:INFO:root:------ Middle 8: 0.00023227296561026276
30-Nov 15:02:34:INFO:root:Starting from 1.1429269270015678e-17
30-Nov 15:02:34:INFO:root:-- Outer 1: 0.019974290842418987
30-Nov 15:02:34:INFO:root:------ Middle 1: 0.0002925752524268717
30-Nov 15:02:34:INFO:root:Starting from 1.6552968037225876e-17
30-Nov 15:02:34:INFO:root:-- Outer 4: 0.004180907141820565
30-Nov 15:02:34:INFO:root:------ Middle 7: 0.000374849122463562
30-Nov 15:02:34:INFO:root:------ Middle 7: 0.0004769323706429012
30-Nov 15:02:34:INFO:root:------ Middle 1: 0.0029942416516258808
30-Nov 15:02:34:INFO:root:------ Middle 1: 0.0022253540711774412
30-Nov 15:02:35:INFO:root:------ Middle 8: 0.0003108353240895421
30-Nov 15:02:36:INFO:root:------ Middle 8: 0.0002382437369600482
30-Nov 15:02:36:INFO:root:Starting from 1.1705953897615196e-17
30-Nov 15:02:36:INFO:root:-- Outer 1: 0.020973092576674845
30-Nov 15:02:36:INFO:root:------ Middle 9: 0.00019282069086277745
30-Nov 15:02:36:INFO:root:Starting from 1.2054661364532962e-17
30-Nov 15:02:36:INFO:root:-- Outer 1: 0.02349059915489922
30-Nov 15:02:36:INFO:root:------ Middle 1: 0.002426163032670202
30-Nov 15:02:36:INFO:root:------ Middle 8: 0.0003350898208304076
30-Nov 15:02:37:INFO:root:------ Middle 1: 0.002531307235422412
30-Nov 15:02:37:INFO:root:------ Middle 9: 0.00020807809568889655
30-Nov 15:02:37:INFO:root:Starting from 1.1377226117921216e-17
30-Nov 15:02:37:INFO:root:-- Outer 1: 0.02380871709338731
30-Nov 15:02:38:INFO:root:------ Middle 1: 0.002920312486548316
30-Nov 15:02:38:INFO:root:------ Middle 2: 0.0010772447928787104
30-Nov 15:02:39:INFO:root:------ Middle 3: 0.0005985529905141677
30-Nov 15:02:39:INFO:root:------ Middle 2: 0.00040457168744987675
30-Nov 15:02:40:INFO:root:------ Middle 3: 0.00022799701864661758
30-Nov 15:02:40:INFO:root:Starting from 2.4409836257603073e-17
30-Nov 15:02:40:INFO:root:-- Outer 3: 0.004124986466835621
30-Nov 15:02:40:INFO:root:------ Middle 1: 0.00031291905219901696
30-Nov 15:02:41:INFO:root:------ Middle 4: 0.0004521882838750203
30-Nov 15:02:42:INFO:root:------ Middle 5: 0.00027204545974788056
30-Nov 15:02:42:INFO:root:Starting from 1.8201224925817403e-17
30-Nov 15:02:42:INFO:root:-- Outer 2: 0.00987323349574818
30-Nov 15:02:43:INFO:root:------ Middle 1: 0.0004813072430637958
30-Nov 15:02:44:INFO:root:------ Middle 2: 0.0009717932467589247
30-Nov 15:02:44:INFO:root:------ Middle 1: 0.00038053224100746143
30-Nov 15:02:44:INFO:root:------ Middle 3: 0.0005394870587406763
30-Nov 15:02:45:INFO:root:------ Middle 2: 0.00021243150295099486
30-Nov 15:02:45:INFO:root:Starting from 1.8214359904675828e-17
30-Nov 15:02:45:INFO:root:-- Outer 5: 0.001271090769846012
30-Nov 15:02:45:INFO:root:------ Middle 2: 0.001082012805889051
30-Nov 15:02:46:INFO:root:------ Middle 2: 0.0011707351570768884
30-Nov 15:02:46:INFO:root:------ Middle 1: 0.00021530815748521564
30-Nov 15:02:46:INFO:root:Starting from 2.0232130256154728e-17
30-Nov 15:02:46:INFO:root:-- Outer 6: 0.0013588434880039977
30-Nov 15:02:46:INFO:root:------ Middle 3: 0.0006011727705394359
30-Nov 15:02:46:INFO:root:------ Middle 3: 0.0006500443238689591
30-Nov 15:02:47:INFO:root:------ Middle 4: 0.00039183062093392913
30-Nov 15:02:47:INFO:root:------ Middle 2: 0.0002477524829263322
30-Nov 15:02:47:INFO:root:Starting from 1.9702078413892734e-17
30-Nov 15:02:47:INFO:root:-- Outer 4: 0.0017112413451031124
30-Nov 15:02:48:INFO:root:------ Middle 5: 0.0002388636130250373
30-Nov 15:02:48:INFO:root:Starting from 2.0252066202046992e-17
30-Nov 15:02:48:INFO:root:-- Outer 2: 0.00980025737195742
30-Nov 15:02:48:INFO:root:------ Middle 2: 0.0012567504800627294
30-Nov 15:02:48:INFO:root:------ Middle 1: 0.00025695822396775136
30-Nov 15:02:48:INFO:root:Starting from 1.8479650769166686e-17
30-Nov 15:02:48:INFO:root:-- Outer 5: 0.001696422979745609
30-Nov 15:02:49:INFO:root:------ Middle 1: 0.0005991946666366122
30-Nov 15:02:49:INFO:root:------ Middle 2: 0.0007973562474565387
30-Nov 15:02:49:INFO:root:------ Middle 3: 0.0006971404472997526
30-Nov 15:02:49:INFO:root:------ Middle 4: 0.00043927916527746624
30-Nov 15:02:49:INFO:root:------ Middle 4: 0.0004922008769649992
30-Nov 15:02:49:INFO:root:------ Middle 3: 0.00044222507262205467
30-Nov 15:02:50:INFO:root:------ Middle 2: 0.0008634418006200541
30-Nov 15:02:50:INFO:root:Starting from 1.7808239071035015e-17
30-Nov 15:02:50:INFO:root:-- Outer 7: 0.0005122462756222425
30-Nov 15:02:50:INFO:root:END Outer loop
30-Nov 15:02:50:INFO:root:------ Middle 5: 0.00026644472675443133
30-Nov 15:02:50:INFO:root:Starting from 2.1309951892180057e-17
30-Nov 15:02:50:INFO:root:-- Outer 2: 0.00989078415662275
30-Nov 15:02:50:INFO:root:Model trade shares: [0.950826, 0.915675, 0.982361]
30-Nov 15:02:50:INFO:root:Data trade shares: [0.951101, 0.932187, 0.983861]
30-Nov 15:02:50:INFO:root:US prices: [0.883558, 0.847705, 0.909839]
30-Nov 15:02:50:INFO:root:in the data: [2.96009, 2.78199, 2.78199]
30-Nov 15:02:50:INFO:root:Nominal world expenditure: 1.7258702999839567e7
30-Nov 15:02:50:INFO:root:--------------In the data: [5.49713e7]
30-Nov 15:02:50:INFO:root:------ Middle 3: 0.0004797974105610769
30-Nov 15:02:50:INFO:root:------ Middle 1: 0.0006912721882216887
30-Nov 15:02:51:INFO:root:------ Middle 5: 0.0003220886066456535
30-Nov 15:02:52:INFO:root:------ Middle 1: 0.0002773515763867627
30-Nov 15:02:52:INFO:root:Starting from 1.739153268510175e-17
30-Nov 15:02:52:INFO:root:-- Outer 6: 0.0005477516201062368
30-Nov 15:02:52:INFO:root:END Outer loop
30-Nov 15:02:52:INFO:root:------ Middle 6: 0.00019259516186789164
30-Nov 15:02:52:INFO:root:------ Middle 4: 0.0005117653057305286
30-Nov 15:02:52:INFO:root:Starting from 1.9701883657698644e-17
30-Nov 15:02:52:INFO:root:-- Outer 2: 0.00949853261072437
30-Nov 15:02:52:INFO:root:Model trade shares: [0.924253, 0.908905, 0.98714]
30-Nov 15:02:52:INFO:root:Data trade shares: [0.944757, 0.931965, 0.986375]
30-Nov 15:02:52:INFO:root:US prices: [0.899087, 0.830157, 0.850627]
30-Nov 15:02:52:INFO:root:in the data: [2.85731, 2.74066, 2.74066]
30-Nov 15:02:52:INFO:root:Nominal world expenditure: 1.6889183079985138e7
30-Nov 15:02:52:INFO:root:--------------In the data: [5.4623e7]
30-Nov 15:02:52:INFO:root:------ Middle 4: 0.0003213455925960729
30-Nov 15:02:52:INFO:root:------ Middle 2: 0.0012507107180370685
30-Nov 15:02:53:INFO:root:------ Middle 1: 0.0005352865297141446
30-Nov 15:02:53:INFO:root:------ Middle 5: 0.00030900307048612954
30-Nov 15:02:53:INFO:root:------ Middle 5: 0.00019659865059951863
30-Nov 15:02:53:INFO:root:Starting from 1.8856164751581436e-17
30-Nov 15:02:53:INFO:root:-- Outer 2: 0.009044656116303233
30-Nov 15:02:53:INFO:root:------ Middle 3: 0.000694030875478702
30-Nov 15:02:53:INFO:root:------ Middle 2: 0.0013584912252653132
30-Nov 15:02:54:INFO:root:------ Middle 4: 0.000350658927455773
30-Nov 15:02:54:INFO:root:------ Middle 1: 0.000490917523861437
30-Nov 15:02:54:INFO:root:------ Middle 3: 0.0007529682981989544
30-Nov 15:02:54:INFO:root:------ Middle 2: 0.00046452543891407027
30-Nov 15:02:54:INFO:root:------ Middle 5: 0.00021346225365986637
30-Nov 15:02:54:INFO:root:Starting from 2.6766774267128784e-17
30-Nov 15:02:54:INFO:root:-- Outer 2: 0.009413655918477955
30-Nov 15:02:55:INFO:root:------ Middle 3: 0.0002618431341250846
30-Nov 15:02:55:INFO:root:Starting from 1.8992749023097972e-17
30-Nov 15:02:55:INFO:root:-- Outer 3: 0.003973655141396445
30-Nov 15:02:55:INFO:root:------ Middle 6: 0.00021819533070033446
30-Nov 15:02:55:INFO:root:Starting from 2.5109376480824834e-17
30-Nov 15:02:55:INFO:root:-- Outer 2: 0.009455907041973494
30-Nov 15:02:55:INFO:root:------ Middle 1: 0.000563444274156684
30-Nov 15:02:56:INFO:root:------ Middle 1: 0.000282172095082877
30-Nov 15:02:56:INFO:root:Starting from 1.9303849625635248e-17
30-Nov 15:02:56:INFO:root:-- Outer 4: 0.0039169059055431665
30-Nov 15:02:56:INFO:root:------ Middle 1: 0.0007487161579641697
30-Nov 15:02:56:INFO:root:------ Middle 4: 0.0005201261768615797
30-Nov 15:02:57:INFO:root:------ Middle 4: 0.0005539168544097329
30-Nov 15:02:57:INFO:root:------ Middle 5: 0.0003327830581658203
30-Nov 15:02:58:INFO:root:------ Middle 5: 0.0003432326208676934
30-Nov 15:02:58:INFO:root:------ Middle 2: 0.00041223545156425983
30-Nov 15:02:58:INFO:root:------ Middle 6: 0.00020532490816331164
30-Nov 15:02:59:INFO:root:Starting from 2.2277454354208284e-17
30-Nov 15:02:59:INFO:root:-- Outer 2: 0.009418094673234283
30-Nov 15:02:59:INFO:root:------ Middle 3: 0.0002337026803874076
30-Nov 15:02:59:INFO:root:Starting from 1.6994250749862635e-17
30-Nov 15:02:59:INFO:root:-- Outer 3: 0.004259641344424518
30-Nov 15:02:59:INFO:root:------ Middle 6: 0.00024007074510669807
30-Nov 15:02:59:INFO:root:Starting from 2.6396085732689748e-17
30-Nov 15:02:59:INFO:root:------ Middle 1: 0.0005442042298830221
30-Nov 15:02:59:INFO:root:-- Outer 2: 0.009293157708124692
30-Nov 15:02:59:INFO:root:------ Middle 1: 0.0003646682038260284
30-Nov 15:03:00:INFO:root:------ Middle 1: 0.0006769534795708163
30-Nov 15:03:00:INFO:root:------ Middle 2: 0.00048545315882354324
30-Nov 15:03:01:INFO:root:------ Middle 3: 0.000273621576680535
30-Nov 15:03:01:INFO:root:Starting from 2.7704958741024932e-17
30-Nov 15:03:01:INFO:root:-- Outer 3: 0.00421255616973228
30-Nov 15:03:03:INFO:root:------ Middle 2: 0.0004376280321533995
30-Nov 15:03:04:INFO:root:------ Middle 2: 0.0003402093647792326
30-Nov 15:03:04:INFO:root:------ Middle 3: 0.000246725095048088
30-Nov 15:03:04:INFO:root:Starting from 2.1345322761139875e-17
30-Nov 15:03:04:INFO:root:-- Outer 3: 0.003920951617041345
30-Nov 15:03:05:INFO:root:------ Middle 3: 0.00019285193270782142
30-Nov 15:03:05:INFO:root:Starting from 3.037166255446339e-17
30-Nov 15:03:05:INFO:root:-- Outer 3: 0.0038469057886588104
30-Nov 15:03:05:INFO:root:------ Middle 1: 0.0003255111526863273
30-Nov 15:03:05:INFO:root:------ Middle 2: 0.00038327194947807545
30-Nov 15:03:06:INFO:root:------ Middle 3: 0.00021708161338234775
30-Nov 15:03:06:INFO:root:Starting from 2.0015005685628443e-17
30-Nov 15:03:06:INFO:root:-- Outer 3: 0.00403219114418005
30-Nov 15:03:06:INFO:root:------ Middle 2: 0.0004883688018067817
30-Nov 15:03:06:INFO:root:------ Middle 1: 0.0004079645050594695
30-Nov 15:03:06:INFO:root:------ Middle 2: 0.00027705934510317403
30-Nov 15:03:06:INFO:root:Starting from 2.7032564995263364e-17
30-Nov 15:03:06:INFO:root:-- Outer 4: 0.0019317989619335695
30-Nov 15:03:06:INFO:root:------ Middle 3: 0.00027458842745355485
30-Nov 15:03:06:INFO:root:Starting from 1.8305703169926167e-17
30-Nov 15:03:06:INFO:root:-- Outer 3: 0.00422764182784828
30-Nov 15:03:06:INFO:root:------ Middle 2: 0.00022907016207257194
30-Nov 15:03:06:INFO:root:Starting from 1.9322718574435523e-17
30-Nov 15:03:06:INFO:root:-- Outer 5: 0.0013410447743854655
30-Nov 15:03:07:INFO:root:------ Middle 1: 0.00030683791859993377
30-Nov 15:03:07:INFO:root:------ Middle 1: 0.0004751598917917983
30-Nov 15:03:07:INFO:root:------ Middle 1: 0.00022157656349213324
30-Nov 15:03:07:INFO:root:Starting from 1.8629772079540103e-17
30-Nov 15:03:07:INFO:root:-- Outer 6: 0.001444349610519129
30-Nov 15:03:08:INFO:root:------ Middle 1: 0.0004418560532569208
30-Nov 15:03:09:INFO:root:------ Middle 2: 0.00024732513394460785
30-Nov 15:03:09:INFO:root:Starting from 1.838162148110238e-17
30-Nov 15:03:09:INFO:root:-- Outer 4: 0.001861775521939635
30-Nov 15:03:10:INFO:root:------ Middle 2: 0.0001946438736400977
30-Nov 15:03:10:INFO:root:Starting from 1.6235822775539777e-17
30-Nov 15:03:10:INFO:root:-- Outer 5: 0.00113429562737061
30-Nov 15:03:10:INFO:root:------ Middle 2: 0.00046334723491005974
30-Nov 15:03:10:INFO:root:------ Middle 1: 0.0003276194267537961
30-Nov 15:03:10:INFO:root:------ Middle 2: 0.0005088848905268781
30-Nov 15:03:10:INFO:root:------ Middle 1: 0.00023182481555376712
30-Nov 15:03:10:INFO:root:Starting from 1.7517395091378852e-17
30-Nov 15:03:10:INFO:root:-- Outer 6: 0.001137249110024455
30-Nov 15:03:10:INFO:root:------ Middle 3: 0.00026107316539913564
30-Nov 15:03:10:INFO:root:Starting from 2.4265814955764526e-17
30-Nov 15:03:10:INFO:root:-- Outer 3: 0.003922429146057234
30-Nov 15:03:11:INFO:root:------ Middle 3: 0.00028615657545850726
30-Nov 15:03:11:INFO:root:Starting from 2.3219540192417742e-17
30-Nov 15:03:11:INFO:root:-- Outer 3: 0.004065478898003423
30-Nov 15:03:11:INFO:root:------ Middle 1: 0.0002062133703101477
30-Nov 15:03:11:INFO:root:Starting from 2.0617200731938926e-17
30-Nov 15:03:11:INFO:root:-- Outer 7: 0.0005696342500204754
30-Nov 15:03:11:INFO:root:END Outer loop
30-Nov 15:03:11:INFO:root:------ Middle 1: 0.0003318230724797636
30-Nov 15:03:11:INFO:root:Model trade shares: [0.930513, 0.907851, 0.982089]
30-Nov 15:03:11:INFO:root:Data trade shares: [0.943324, 0.928045, 0.988948]
30-Nov 15:03:11:INFO:root:US prices: [0.928989, 0.857691, 0.881324]
30-Nov 15:03:11:INFO:root:in the data: [2.94743, 2.7898, 2.7898]
30-Nov 15:03:11:INFO:root:Nominal world expenditure: 1.760268547953182e7
30-Nov 15:03:11:INFO:root:--------------In the data: [5.65242e7]
30-Nov 15:03:12:INFO:root:------ Middle 1: 0.0004204690581176146
30-Nov 15:03:13:INFO:root:------ Middle 2: 0.0002087475874381795
30-Nov 15:03:13:INFO:root:Starting from 2.2056691625658148e-17
30-Nov 15:03:13:INFO:root:-- Outer 5: 0.0012212066041528305
30-Nov 15:03:13:INFO:root:------ Middle 2: 0.0002761122032649485
30-Nov 15:03:13:INFO:root:------ Middle 1: 0.00028972747780397
30-Nov 15:03:13:INFO:root:Starting from 2.226430587665265e-17
30-Nov 15:03:13:INFO:root:-- Outer 4: 0.0016732068742507842
30-Nov 15:03:13:INFO:root:Starting from 2.6162400976898523e-17
30-Nov 15:03:13:INFO:root:-- Outer 4: 0.0014904018562837704
30-Nov 15:03:13:INFO:root:------ Middle 1: 0.00034849198295708236
30-Nov 15:03:14:INFO:root:------ Middle 1: 0.00025478357866854534
30-Nov 15:03:14:INFO:root:------ Middle 1: 0.0002676492872571549
30-Nov 15:03:14:INFO:root:------ Middle 1: 0.00026109730494507105
30-Nov 15:03:14:INFO:root:Starting from 2.238290534522771e-17
30-Nov 15:03:14:INFO:root:-- Outer 6: 0.0012070805395293057
30-Nov 15:03:14:INFO:root:Starting from 2.3379371823208264e-17
30-Nov 15:03:14:INFO:root:Starting from 1.6847600541696054e-17
30-Nov 15:03:14:INFO:root:-- Outer 5: 0.0014441098937613343
30-Nov 15:03:14:INFO:root:-- Outer 7: 0.0004987407724421818
30-Nov 15:03:14:INFO:root:END Outer loop
30-Nov 15:03:14:INFO:root:------ Middle 1: 0.000275997461192881
30-Nov 15:03:14:INFO:root:Starting from 2.4598437494179744e-17
30-Nov 15:03:14:INFO:root:-- Outer 5: 0.0016409805487033395
30-Nov 15:03:14:INFO:root:Model trade shares: [0.955887, 0.887586, 0.976576]
30-Nov 15:03:14:INFO:root:Data trade shares: [0.956446, 0.911974, 0.985299]
30-Nov 15:03:14:INFO:root:US prices: [0.993952, 0.851569, 0.954229]
30-Nov 15:03:14:INFO:root:in the data: [3.74316, 3.20378, 3.20378]
30-Nov 15:03:14:INFO:root:Nominal world expenditure: 2.337846382654175e7
30-Nov 15:03:14:INFO:root:--------------In the data: [8.18345e7]
30-Nov 15:03:14:INFO:root:------ Middle 2: 0.00019639101960142367
30-Nov 15:03:14:INFO:root:Starting from 2.1317053699884198e-17
30-Nov 15:03:14:INFO:root:-- Outer 4: 0.001717430036038906
30-Nov 15:03:14:INFO:root:------ Middle 2: 0.0003265712536416219
30-Nov 15:03:15:INFO:root:------ Middle 1: 0.0002672702678060331
30-Nov 15:03:15:INFO:root:Starting from 1.8291811178932598e-17
30-Nov 15:03:15:INFO:root:-- Outer 5: 0.001721656584065587
30-Nov 15:03:15:INFO:root:------ Middle 3: 0.00018471179694838364
30-Nov 15:03:15:INFO:root:Starting from 2.189300664348774e-17
30-Nov 15:03:15:INFO:root:-- Outer 4: 0.002029054176133301
30-Nov 15:03:16:INFO:root:------ Middle 1: 0.0003214302783154819
30-Nov 15:03:17:INFO:root:------ Middle 1: 0.0002584112209579669
30-Nov 15:03:17:INFO:root:Starting from 2.0699037821839466e-17
30-Nov 15:03:17:INFO:root:-- Outer 6: 0.0004436163458150821
30-Nov 15:03:17:INFO:root:END Outer loop
30-Nov 15:03:17:INFO:root:------ Middle 1: 0.00028131143043463186
30-Nov 15:03:17:INFO:root:Starting from 2.2991198120233282e-17
30-Nov 15:03:17:INFO:root:-- Outer 7: 0.0005253280718809395
30-Nov 15:03:17:INFO:root:END Outer loop
30-Nov 15:03:17:INFO:root:Model trade shares: [0.952595, 0.873343, 0.97772]
30-Nov 15:03:17:INFO:root:Data trade shares: [0.955026, 0.900005, 0.981768]
30-Nov 15:03:17:INFO:root:US prices: [1.26552, 1.01554, 1.10309]
30-Nov 15:03:17:INFO:root:in the data: [4.23838, 3.41193, 3.41193]
30-Nov 15:03:17:INFO:root:Nominal world expenditure: 3.1874758678326573e7
30-Nov 15:03:17:INFO:root:--------------In the data: [9.98292e7]
30-Nov 15:03:17:INFO:root:------ Middle 1: 0.00029256812284200913
30-Nov 15:03:17:INFO:root:Starting from 2.0985718295417973e-17
30-Nov 15:03:17:INFO:root:-- Outer 6: 0.0005113527971497402
30-Nov 15:03:17:INFO:root:END Outer loop
30-Nov 15:03:18:INFO:root:Model trade shares: [0.957839, 0.900857, 0.973934]
30-Nov 15:03:18:INFO:root:Data trade shares: [0.95528, 0.914832, 0.982791]
30-Nov 15:03:18:INFO:root:US prices: [0.862702, 0.842786, 0.935569]
30-Nov 15:03:18:INFO:root:in the data: [3.32883, 3.15407, 3.15407]
30-Nov 15:03:18:INFO:root:Nominal world expenditure: 2.1953132434701256e7
30-Nov 15:03:18:INFO:root:--------------In the data: [7.56745e7]
30-Nov 15:03:18:INFO:root:Model trade shares: [0.937829, 0.900279, 0.978356]
30-Nov 15:03:18:INFO:root:Data trade shares: [0.949239, 0.924453, 0.987338]
30-Nov 15:03:18:INFO:root:US prices: [0.90693, 0.849784, 0.858977]
30-Nov 15:03:18:INFO:root:in the data: [2.95883, 2.79593, 2.79593]
30-Nov 15:03:18:INFO:root:Nominal world expenditure: 1.785848196359771e7
30-Nov 15:03:18:INFO:root:--------------In the data: [5.8302e7]
30-Nov 15:03:18:INFO:root:------ Middle 1: 0.0003026599822423973
30-Nov 15:03:19:INFO:root:------ Middle 2: 0.00019483307085286597
30-Nov 15:03:19:INFO:root:Starting from 2.714634223871522e-17
30-Nov 15:03:19:INFO:root:------ Middle 2: 0.0002873205395303991
30-Nov 15:03:19:INFO:root:-- Outer 5: 0.0012751489503813587
30-Nov 15:03:19:INFO:root:Starting from 2.059503494049742e-17
30-Nov 15:03:19:INFO:root:-- Outer 4: 0.0017000428171127509
30-Nov 15:03:19:INFO:root:------ Middle 2: 0.00016968741292957456
30-Nov 15:03:19:INFO:root:Starting from 1.664457784824843e-17
30-Nov 15:03:19:INFO:root:-- Outer 6: 0.000662689432488414
30-Nov 15:03:19:INFO:root:END Outer loop
30-Nov 15:03:19:INFO:root:Model trade shares: [0.948562, 0.874394, 0.973223]
30-Nov 15:03:19:INFO:root:Data trade shares: [0.954831, 0.902146, 0.983572]
30-Nov 15:03:19:INFO:root:US prices: [1.13654, 0.904299, 1.03208]
30-Nov 15:03:19:INFO:root:in the data: [3.88449, 3.20236, 3.20236]
30-Nov 15:03:19:INFO:root:Nominal world expenditure: 2.629475789413315e7
30-Nov 15:03:19:INFO:root:--------------In the data: [8.8489e7]
30-Nov 15:03:19:INFO:root:------ Middle 2: 0.0003289192699002143
30-Nov 15:03:19:INFO:root:------ Middle 1: 0.00026821477180550163
30-Nov 15:03:19:INFO:root:------ Middle 1: 0.000280596176592444
30-Nov 15:03:19:INFO:root:Starting from 1.9636702577449454e-17
30-Nov 15:03:19:INFO:root:-- Outer 6: 0.0012685563997436528
30-Nov 15:03:19:INFO:root:Starting from 1.9886877583562405e-17
30-Nov 15:03:19:INFO:root:-- Outer 5: 0.0016632878742643216
30-Nov 15:03:20:INFO:root:------ Middle 3: 0.00018631839697345618
30-Nov 15:03:20:INFO:root:Starting from 2.2870993882320908e-17
30-Nov 15:03:20:INFO:root:-- Outer 4: 0.001844899755281911
30-Nov 15:03:21:INFO:root:------ Middle 1: 0.0002794854571014003
30-Nov 15:03:21:INFO:root:Starting from 1.955666879080429e-17
30-Nov 15:03:21:INFO:root:-- Outer 5: 0.0017905625834989931
30-Nov 15:03:22:INFO:root:------ Middle 1: 0.00030683817947206485
30-Nov 15:03:23:INFO:root:------ Middle 1: 0.0002866765735707022
30-Nov 15:03:23:INFO:root:------ Middle 2: 0.00016401964677357085
30-Nov 15:03:23:INFO:root:Starting from 1.815770962444804e-17
30-Nov 15:03:23:INFO:root:-- Outer 6: 0.0005052620063082401
30-Nov 15:03:23:INFO:root:Starting from 1.7681045371203862e-17
30-Nov 15:03:23:INFO:root:END Outer loop
30-Nov 15:03:23:INFO:root:-- Outer 7: 0.0004988460367360724
30-Nov 15:03:23:INFO:root:END Outer loop
30-Nov 15:03:23:INFO:root:Model trade shares: [0.941819, 0.907548, 0.984553]
30-Nov 15:03:23:INFO:root:Data trade shares: [0.951781, 0.9268, 0.989231]
30-Nov 15:03:23:INFO:root:US prices: [0.869931, 0.854105, 0.843711]
30-Nov 15:03:23:INFO:root:in the data: [2.94894, 2.90959, 2.90959]
30-Nov 15:03:23:INFO:root:Model trade shares: [0.948131, 0.908612, 0.97475]
30-Nov 15:03:23:INFO:root:Data trade shares: [0.95138, 0.919234, 0.983181]
30-Nov 15:03:23:INFO:root:US prices: [0.852519, 0.824929, 0.904319]
30-Nov 15:03:23:INFO:root:in the data: [3.11354, 3.01039, 3.01039]
30-Nov 15:03:23:INFO:root:Nominal world expenditure: 1.7520874457496174e7
30-Nov 15:03:23:INFO:root:--------------In the data: [5.76528e7]
30-Nov 15:03:23:INFO:root:Nominal world expenditure: 1.9592055117411e7
30-Nov 15:03:23:INFO:root:--------------In the data: [6.70931e7]
30-Nov 15:03:24:INFO:root:------ Middle 1: 0.0003375092947048025
30-Nov 15:03:27:INFO:root:------ Middle 2: 0.00020019209218101596
30-Nov 15:03:27:INFO:root:Starting from 2.469008534788445e-17
30-Nov 15:03:27:INFO:root:-- Outer 6: 0.000746729616538309
30-Nov 15:03:27:INFO:root:END Outer loop
30-Nov 15:03:27:INFO:root:Model trade shares: [0.932915, 0.906289, 0.973238]
30-Nov 15:03:27:INFO:root:Data trade shares: [0.946294, 0.923226, 0.982471]
30-Nov 15:03:27:INFO:root:US prices: [0.808777, 0.823925, 0.893682]
30-Nov 15:03:27:INFO:root:in the data: [2.69951, 2.89119, 2.89119]
30-Nov 15:03:28:INFO:root:Nominal world expenditure: 1.7572350773605898e7
30-Nov 15:03:28:INFO:root:--------------In the data: [5.96564e7]
389.642243 seconds (941.54 k allocations: 744.819 MiB, 0.24% gc time)
