WARNING: Method definition warn(Any...) in module Base at util.jl:589 overwritten in module Logging at //////////////////////////////////////////////////////usr/local/julia/JuliaPro-0.6.3.1/JuliaPro/pkgs-0.6.3.1/v0.6/Logging/src/Logging.jl:115.
WARNING: Method definition info(Any...) in module Base at util.jl:534 overwritten in module Logging at //////////////////////////////////////////////////////usr/local/julia/JuliaPro-0.6.3.1/JuliaPro/pkgs-0.6.3.1/v0.6/Logging/src/Logging.jl:115.
WARNING: Method definition WARNIWARNING: Method defini at uAny...) in module Base at util.Any...) in module Base at util.jl:589 overwritten in module Logging at //////////////////////////////////////////// at util.jl:...) in module BaseWARNING: Method definition info(Any...) in module Base at util.jl:534 overwritten in module Logging at //////////////////////////////////////////////////////usr/local/julia/JuliaPro-0.6.3.1/JuliaPro/pkgs-0.6.3.1/v0.6/Logging/src/Logging.jl:115.
12-Nov 16:27:09:INFO:root:--- Period 7 ---
12-Nov 16:27:10:INFO:root:--- Period 5 ---
12-Nov 16:27:10:INFO:root:--- Period 1 ---
12-Nov 16:27:10:INFO:root:--- Period 6 ---
12-Nov 16:27:10:INFO:root:--- Period 3 ---
12-Nov 16:27:10:INFO:root:--- Period 2 ---
12-Nov 16:27:10:INFO:root:--- Period 4 ---
12-Nov 16:27:10:INFO:root:--- Period 8 ---
12-Nov 16:27:16:INFO:root:BEGIN Outer loop
12-Nov 16:27:16:INFO:root:BEGIN Outer loop
12-Nov 16:27:17:INFO:root:BEGIN Outer loop
12-Nov 16:27:17:INFO:root:BEGIN Outer loop
12-Nov 16:27:17:INFO:root:BEGIN Outer loop
12-Nov 16:27:18:INFO:root:BEGIN Outer loop
12-Nov 16:27:18:INFO:root:BEGIN Outer loop
12-Nov 16:27:19:INFO:root:BEGIN Outer loop
12-Nov 16:27:28:INFO:root:------ Middle 1: 0.0055688742697644344
12-Nov 16:27:28:INFO:root:------ Middle 2: 0.0030702052788984667
12-Nov 16:27:28:INFO:root:------ Middle 3: 0.002348224886106229
12-Nov 16:27:28:INFO:root:------ Middle 4: 0.0012971606271907374
12-Nov 16:27:28:INFO:root:------ Middle 5: 0.0010054457606720939
12-Nov 16:27:28:INFO:root:------ Middle 6: 0.0005583743559060453
12-Nov 16:27:28:INFO:root:------ Middle 7: 0.000427906081417937
12-Nov 16:27:28:INFO:root:------ Middle 8: 0.000252510292645547
12-Nov 16:27:30:INFO:root:Starting from 1.435774202161076e-17
12-Nov 16:27:32:INFO:root:-- Outer 1: 0.03929511282899982
12-Nov 16:27:32:INFO:root:------ Middle 1: 0.0028085227898271264
12-Nov 16:27:33:INFO:root:------ Middle 2: 0.000909599123098145
12-Nov 16:27:33:INFO:root:------ Middle 3: 0.0005038538939088923
12-Nov 16:27:33:INFO:root:------ Middle 4: 0.0003248240066997117
12-Nov 16:27:33:INFO:root:------ Middle 5: 0.00021110277591951265
12-Nov 16:27:33:INFO:root:Starting from 1.0717276967007072e-17
12-Nov 16:27:33:INFO:root:-- Outer 2: 0.018099901894184537
12-Nov 16:27:33:INFO:root:------ Middle 1: 0.0005722026264495802
12-Nov 16:27:33:INFO:root:------ Middle 2: 0.0003711047813309204
12-Nov 16:27:33:INFO:root:------ Middle 3: 0.0002081141417066731
12-Nov 16:27:33:INFO:root:Starting from 8.765870483095418e-18
12-Nov 16:27:33:INFO:root:-- Outer 3: 0.007471729389334004
12-Nov 16:27:33:INFO:root:------ Middle 1: 0.0001794296094916684
12-Nov 16:27:33:INFO:root:Starting from 8.788036264868841e-18
12-Nov 16:27:33:INFO:root:-- Outer 4: 0.0075234267117280105
12-Nov 16:27:33:INFO:root:------ Middle 1: 0.00023750222502792203
12-Nov 16:27:33:INFO:root:Starting from 8.729039731188036e-18
12-Nov 16:27:33:INFO:root:-- Outer 5: 0.001797847679938068
12-Nov 16:27:33:INFO:root:------ Middle 1: 0.00020261716654660275
12-Nov 16:27:33:INFO:root:Starting from 9.823958284656552e-18
12-Nov 16:27:33:INFO:root:-- Outer 6: 0.0018194564810361925
12-Nov 16:27:33:INFO:root:------ Middle 1: 0.00013335858207803432
12-Nov 16:27:33:INFO:root:Starting from 9.77597722761903e-18
12-Nov 16:27:33:INFO:root:-- Outer 7: 0.0003529810068277529
12-Nov 16:27:33:INFO:root:END Outer loop
12-Nov 16:27:34:INFO:root:Model trade shares: [0.970754, 0.941437, 0.995688]
12-Nov 16:27:35:INFO:root:Data trade shares: [0.970499, 0.941882, 0.994321]
12-Nov 16:27:35:INFO:root:US prices: [1.00864, 1.00754, 1.00583]
12-Nov 16:27:35:INFO:root:in the data: [1.0, 1.0, 1.0]
12-Nov 16:27:35:INFO:root:Nominal world expenditure: 8.2933718614936145e6
12-Nov 16:27:35:INFO:root:--------------In the data: [8.33469e6]
12-Nov 16:27:38:INFO:root:--- Period 9 ---
12-Nov 16:27:38:INFO:root:BEGIN Outer loop
12-Nov 16:34:28:INFO:root:------ Middle 1: 0.004535342099283975
12-Nov 16:34:33:INFO:root:------ Middle 1: 0.004858669710002028
12-Nov 16:34:36:INFO:root:------ Middle 2: 0.0025007579701069264
12-Nov 16:34:39:INFO:root:------ Middle 1: 0.005361175617388256
12-Nov 16:34:40:INFO:root:------ Middle 1: 0.005024661568123549
12-Nov 16:34:41:INFO:root:------ Middle 2: 0.0026790104921609044
12-Nov 16:34:42:INFO:root:------ Middle 1: 0.0049930089344136196
12-Nov 16:34:47:INFO:root:------ Middle 1: 0.005206024539219119
12-Nov 16:34:47:INFO:root:------ Middle 2: 0.002955816125967193
12-Nov 16:34:48:INFO:root:------ Middle 2: 0.002770336518406452
12-Nov 16:34:51:INFO:root:------ Middle 2: 0.002752936320372411
12-Nov 16:34:55:INFO:root:------ Middle 2: 0.0028695921704684287
12-Nov 16:35:02:INFO:root:------ Middle 1: 0.004755678941406221
12-Nov 16:35:10:INFO:root:------ Middle 2: 0.00262085931786247
12-Nov 16:35:22:INFO:root:------ Middle 1: 0.004848912030778312
12-Nov 16:35:30:INFO:root:------ Middle 2: 0.0026722378020355713
12-Nov 16:36:16:INFO:root:------ Middle 3: 0.0018835473964060392
12-Nov 16:36:25:INFO:root:------ Middle 4: 0.001045113195886677
12-Nov 16:36:37:INFO:root:------ Middle 3: 0.0020256884016597726
12-Nov 16:36:46:INFO:root:------ Middle 3: 0.0020910586165527223
12-Nov 16:36:46:INFO:root:------ Middle 4: 0.0011227404880718654
12-Nov 16:36:47:INFO:root:------ Middle 3: 0.0020775830122982996
12-Nov 16:36:52:INFO:root:------ Middle 3: 0.001964645659793381
12-Nov 16:36:54:INFO:root:------ Middle 4: 0.0011588406059082246
12-Nov 16:36:55:INFO:root:------ Middle 4: 0.0011514055774355537
12-Nov 16:36:55:INFO:root:------ Middle 3: 0.002165546866085708
12-Nov 16:37:00:INFO:root:------ Middle 4: 0.0010890776494146821
12-Nov 16:37:01:INFO:root:------ Middle 3: 0.002253965187372177
12-Nov 16:37:03:INFO:root:------ Middle 4: 0.0011986628975637493
12-Nov 16:37:09:INFO:root:------ Middle 3: 0.002005014314067018
12-Nov 16:37:09:INFO:root:------ Middle 4: 0.0012458333733219849
12-Nov 16:37:17:INFO:root:------ Middle 4: 0.0011113021137150688
12-Nov 16:37:46:INFO:root:------ Middle 5: 0.0008294132118669603
12-Nov 16:37:55:INFO:root:------ Middle 6: 0.0004616178524220314
12-Nov 16:38:08:INFO:root:------ Middle 5: 0.0008844481167453411
12-Nov 16:38:13:INFO:root:------ Middle 5: 0.0009045149719038614
12-Nov 16:38:14:INFO:root:------ Middle 5: 0.0009104587461095808
12-Nov 16:38:16:INFO:root:------ Middle 6: 0.00049173327808532
12-Nov 16:38:19:INFO:root:------ Middle 7: 0.0003226018041128732
12-Nov 16:38:21:INFO:root:------ Middle 5: 0.0009332455314173951
12-Nov 16:38:21:INFO:root:------ Middle 6: 0.0005027261035268161
12-Nov 16:38:22:INFO:root:------ Middle 6: 0.0005060224071252904
12-Nov 16:38:24:INFO:root:------ Middle 5: 0.000860135319387756
12-Nov 16:38:28:INFO:root:------ Middle 8: 0.00020983286625663074
12-Nov 16:38:28:INFO:root:Starting from 1.2293855345556179e-17
12-Nov 16:38:29:INFO:root:-- Outer 1: 0.024683620739363882
12-Nov 16:38:30:INFO:root:------ Middle 6: 0.0005188133466380771
12-Nov 16:38:32:INFO:root:------ Middle 5: 0.0008789630435287001
12-Nov 16:38:33:INFO:root:------ Middle 6: 0.0004782255941195689
12-Nov 16:38:34:INFO:root:------ Middle 5: 0.0009723635598349228
12-Nov 16:38:38:INFO:root:------ Middle 1: 0.0019706085637068473
12-Nov 16:38:40:INFO:root:------ Middle 6: 0.0004884347407220412
12-Nov 16:38:43:INFO:root:------ Middle 6: 0.0005399039647529398
12-Nov 16:38:47:INFO:root:------ Middle 7: 0.00037802941257547714
12-Nov 16:38:53:INFO:root:------ Middle 7: 0.0003855286783991086
12-Nov 16:38:55:INFO:root:------ Middle 8: 0.0002270271579723013
12-Nov 16:38:55:INFO:root:------ Middle 7: 0.0003883284071109956
12-Nov 16:38:56:INFO:root:Starting from 1.2116269940017749e-17
12-Nov 16:38:57:INFO:root:-- Outer 1: 0.028359988653780154
12-Nov 16:39:01:INFO:root:------ Middle 8: 0.00023116798143140658
12-Nov 16:39:02:INFO:root:Starting from 1.221764831044184e-17
12-Nov 16:39:03:INFO:root:-- Outer 1: 0.0298559459987688
12-Nov 16:39:04:INFO:root:------ Middle 8: 0.00023255478604259576
12-Nov 16:39:04:INFO:root:------ Middle 7: 0.00039647269786964985
12-Nov 16:39:05:INFO:root:Starting from 1.225560377275643e-17
12-Nov 16:39:06:INFO:root:------ Middle 7: 0.0003667473500640692
12-Nov 16:39:06:INFO:root:-- Outer 1: 0.031629834147998664
12-Nov 16:39:07:INFO:root:------ Middle 1: 0.002220945458991295
12-Nov 16:39:12:INFO:root:------ Middle 7: 0.00037545447709786946
12-Nov 16:39:12:INFO:root:------ Middle 8: 0.00023645682397889828
12-Nov 16:39:13:INFO:root:------ Middle 1: 0.0022331543536711147
12-Nov 16:39:13:INFO:root:Starting from 1.2150366277729644e-17
12-Nov 16:39:13:INFO:root:------ Middle 7: 0.00041309631702491164
12-Nov 16:39:14:INFO:root:------ Middle 8: 0.0002207630732467045
12-Nov 16:39:14:INFO:root:-- Outer 1: 0.033669513330999774
12-Nov 16:39:15:INFO:root:Starting from 1.2514601112674879e-17
12-Nov 16:39:16:INFO:root:------ Middle 1: 0.0021948654885397788
12-Nov 16:39:16:INFO:root:-- Outer 1: 0.025909023589181526
12-Nov 16:39:20:INFO:root:------ Middle 8: 0.00022578735877327828
12-Nov 16:39:21:INFO:root:Starting from 1.2221951114697377e-17
12-Nov 16:39:22:INFO:root:-- Outer 1: 0.027166968298353737
12-Nov 16:39:22:INFO:root:------ Middle 8: 0.0002453247240219926
12-Nov 16:39:23:INFO:root:Starting from 1.234842213739435e-17
12-Nov 16:39:23:INFO:root:------ Middle 1: 0.002394556301704569
12-Nov 16:39:24:INFO:root:-- Outer 1: 0.036303424362677084
12-Nov 16:39:26:INFO:root:------ Middle 1: 0.002104395004730845
12-Nov 16:39:30:INFO:root:------ Middle 1: 0.0023068966828509903
12-Nov 16:39:34:INFO:root:------ Middle 1: 0.002575755483640726
12-Nov 16:40:49:INFO:root:------ Middle 2: 0.0005674826696596214
12-Nov 16:40:57:INFO:root:------ Middle 3: 0.00032004513464160616
12-Nov 16:41:22:INFO:root:------ Middle 4: 0.0002168846673470584
12-Nov 16:41:22:INFO:root:Starting from 5.009193722216323e-17
12-Nov 16:41:22:INFO:root:-- Outer 2: 0.011983129778065534
12-Nov 16:41:31:INFO:root:------ Middle 1: 0.00045694178607435555
12-Nov 16:41:33:INFO:root:------ Middle 2: 0.0006245957830214963
12-Nov 16:41:39:INFO:root:------ Middle 2: 0.0006144692870999867
12-Nov 16:41:41:INFO:root:------ Middle 3: 0.00035037648076624513
12-Nov 16:41:43:INFO:root:------ Middle 2: 0.0006407649376505683
12-Nov 16:41:47:INFO:root:------ Middle 2: 0.000639515723293807
12-Nov 16:41:47:INFO:root:------ Middle 3: 0.00034514202330672525
12-Nov 16:41:51:INFO:root:------ Middle 2: 0.0006616409861396659
12-Nov 16:41:51:INFO:root:------ Middle 3: 0.00035984484794415755
12-Nov 16:41:55:INFO:root:------ Middle 3: 0.0003579546945513737
12-Nov 16:41:59:INFO:root:------ Middle 3: 0.0003690920461792124
12-Nov 16:42:06:INFO:root:------ Middle 4: 0.00023039655507395602
12-Nov 16:42:06:INFO:root:Starting from 5.0276941962864624e-17
12-Nov 16:42:06:INFO:root:-- Outer 2: 0.013515435682327603
12-Nov 16:42:09:INFO:root:------ Middle 2: 0.0007203710925736992
12-Nov 16:42:13:INFO:root:------ Middle 4: 0.00022924159170391778
12-Nov 16:42:13:INFO:root:Starting from 5.710100993753204e-17
12-Nov 16:42:13:INFO:root:-- Outer 2: 0.012444677391538818
12-Nov 16:42:15:INFO:root:------ Middle 4: 0.0002397949804119464
12-Nov 16:42:16:INFO:root:------ Middle 1: 0.0005535680526986759
12-Nov 16:42:16:INFO:root:Starting from 3.900862769418315e-17
12-Nov 16:42:16:INFO:root:-- Outer 2: 0.013047464795350381
12-Nov 16:42:17:INFO:root:------ Middle 3: 0.0004010057741928818
12-Nov 16:42:18:INFO:root:------ Middle 4: 0.00023624901206320155
12-Nov 16:42:18:INFO:root:Starting from 5.128454188767641e-17
12-Nov 16:42:18:INFO:root:-- Outer 2: 0.014153587841434171
12-Nov 16:42:22:INFO:root:------ Middle 1: 0.0004791763758500526
12-Nov 16:42:24:INFO:root:------ Middle 4: 0.0002420190509794143
12-Nov 16:42:24:INFO:root:Starting from 4.5154361132862606e-17
12-Nov 16:42:24:INFO:root:-- Outer 2: 0.014942546743870777
12-Nov 16:42:25:INFO:root:------ Middle 1: 0.0006325929517526104
12-Nov 16:42:26:INFO:root:------ Middle 1: 0.0004967591767983369
12-Nov 16:42:33:INFO:root:------ Middle 1: 0.0004831603416297866
12-Nov 16:42:41:INFO:root:------ Middle 4: 0.00026142091776920563
12-Nov 16:42:41:INFO:root:Starting from 5.0261114676063636e-17
12-Nov 16:42:42:INFO:root:-- Outer 2: 0.015794381312544643
12-Nov 16:42:48:INFO:root:------ Middle 2: 0.0007995567535780911
12-Nov 16:42:50:INFO:root:------ Middle 1: 0.0005215701973250402
12-Nov 16:42:57:INFO:root:------ Middle 3: 0.0004442610190371017
12-Nov 16:43:18:INFO:root:------ Middle 2: 0.00032712809018062576
12-Nov 16:43:21:INFO:root:------ Middle 4: 0.0002885069928455529
12-Nov 16:43:21:INFO:root:Starting from 5.825763801873388e-17
12-Nov 16:43:21:INFO:root:-- Outer 2: 0.016905726142821147
12-Nov 16:43:27:INFO:root:------ Middle 3: 0.0001885349769727221
12-Nov 16:43:27:INFO:root:Starting from 4.556584976738324e-17
12-Nov 16:43:27:INFO:root:-- Outer 3: 0.005087449306540603
12-Nov 16:43:30:INFO:root:------ Middle 1: 0.0005114142802994739
12-Nov 16:43:36:INFO:root:------ Middle 1: 0.000195074761777966
12-Nov 16:43:36:INFO:root:Starting from 4.157015079667061e-17
12-Nov 16:43:36:INFO:root:-- Outer 4: 0.005160945562944804
12-Nov 16:44:10:INFO:root:------ Middle 2: 0.00034919312155077365
12-Nov 16:44:14:INFO:root:------ Middle 2: 0.0003263024904666603
12-Nov 16:44:15:INFO:root:------ Middle 2: 0.00033177967196138913
12-Nov 16:44:19:INFO:root:------ Middle 3: 0.00019929425678923357
12-Nov 16:44:19:INFO:root:Starting from 3.897503580873121e-17
12-Nov 16:44:19:INFO:root:-- Outer 3: 0.005701712939390092
12-Nov 16:44:20:INFO:root:------ Middle 2: 0.000362016816509524
12-Nov 16:44:23:INFO:root:------ Middle 3: 0.00018662863747156963
12-Nov 16:44:23:INFO:root:------ Middle 3: 0.00019016430404138342
12-Nov 16:44:23:INFO:root:Starting from 6.317373175716717e-17
12-Nov 16:44:23:INFO:root:-- Outer 3: 0.005229194362133183
12-Nov 16:44:23:INFO:root:Starting from 5.275001930196105e-17
12-Nov 16:44:23:INFO:root:-- Outer 3: 0.005979569831258451
12-Nov 16:44:28:INFO:root:------ Middle 1: 0.00026345261462389167
12-Nov 16:44:28:INFO:root:Starting from 4.558754952354203e-17
12-Nov 16:44:28:INFO:root:-- Outer 4: 0.005908753903751763
12-Nov 16:44:29:INFO:root:------ Middle 3: 0.00020591149580656695
12-Nov 16:44:29:INFO:root:Starting from 4.9343424190627717e-17
12-Nov 16:44:29:INFO:root:-- Outer 3: 0.00558310352733366
12-Nov 16:44:32:INFO:root:------ Middle 1: 0.00017673648951441643
12-Nov 16:44:32:INFO:root:Starting from 4.568401553525717e-17
12-Nov 16:44:32:INFO:root:-- Outer 4: 0.006019973735490017
12-Nov 16:44:32:INFO:root:------ Middle 1: 0.00018653163133463182
12-Nov 16:44:33:INFO:root:Starting from 5.480990485570136e-17
12-Nov 16:44:33:INFO:root:-- Outer 4: 0.005256870109301619
12-Nov 16:44:39:INFO:root:------ Middle 1: 0.00031531181717132624
12-Nov 16:44:39:INFO:root:------ Middle 2: 0.00036851795648228526
12-Nov 16:44:48:INFO:root:------ Middle 3: 0.00020815509964885057
12-Nov 16:44:48:INFO:root:Starting from 4.780901137202e-17
12-Nov 16:44:48:INFO:root:-- Outer 3: 0.0062444354272375244
12-Nov 16:44:57:INFO:root:------ Middle 1: 0.00020380153229725115
12-Nov 16:44:57:INFO:root:Starting from 5.0501254760425424e-17
12-Nov 16:44:57:INFO:root:-- Outer 4: 0.006390635711973267
12-Nov 16:45:05:INFO:root:------ Middle 2: 0.00037120402730612885
12-Nov 16:45:13:INFO:root:------ Middle 3: 0.00020929176392438654
12-Nov 16:45:13:INFO:root:Starting from 3.2135276905271505e-17
12-Nov 16:45:13:INFO:root:-- Outer 3: 0.006588601985982993
12-Nov 16:45:21:INFO:root:------ Middle 2: 0.00019743469084422207
12-Nov 16:45:21:INFO:root:Starting from 4.181868183209497e-17
12-Nov 16:45:21:INFO:root:-- Outer 4: 0.0024165049302808236
12-Nov 16:45:23:INFO:root:------ Middle 1: 0.00020468294570265597
12-Nov 16:45:23:INFO:root:Starting from 4.358314241995711e-17
12-Nov 16:45:23:INFO:root:-- Outer 4: 0.006664613925463124
12-Nov 16:45:32:INFO:root:------ Middle 1: 0.0002894375675550825
12-Nov 16:45:32:INFO:root:Starting from 4.290190470247413e-17
12-Nov 16:45:32:INFO:root:-- Outer 5: 0.0013551868666770825
12-Nov 16:45:41:INFO:root:------ Middle 1: 0.00024221174001399812
12-Nov 16:45:41:INFO:root:Starting from 4.247776382071187e-17
12-Nov 16:45:42:INFO:root:-- Outer 6: 0.0013911087854339538
12-Nov 16:45:55:INFO:root:------ Middle 1: 0.00023417703310452386
12-Nov 16:45:56:INFO:root:Starting from 5.085754527577992e-17
12-Nov 16:45:56:INFO:root:-- Outer 5: 0.0013401033286810963
12-Nov 16:45:59:INFO:root:------ Middle 2: 0.0003935913629980143
12-Nov 16:46:05:INFO:root:------ Middle 1: 0.00023321569476212242
12-Nov 16:46:05:INFO:root:Starting from 5.4754584779198396e-17
12-Nov 16:46:05:INFO:root:-- Outer 6: 0.001311579421490767
12-Nov 16:46:08:INFO:root:------ Middle 3: 0.00022136949290440695
12-Nov 16:46:08:INFO:root:Starting from 4.1314117962932377e-17
12-Nov 16:46:08:INFO:root:-- Outer 3: 0.006999981812720768
12-Nov 16:46:17:INFO:root:------ Middle 1: 0.00017011903194435467
12-Nov 16:46:17:INFO:root:Starting from 4.8411687506070536e-17
12-Nov 16:46:17:INFO:root:-- Outer 4: 0.007046645592604106
12-Nov 16:46:23:INFO:root:------ Middle 1: 0.00019471874662880872
12-Nov 16:46:23:INFO:root:Starting from 4.841008972184886e-17
12-Nov 16:46:23:INFO:root:-- Outer 7: 0.0004550010368856541
12-Nov 16:46:23:INFO:root:END Outer loop
12-Nov 16:46:23:INFO:root:------ Middle 1: 0.0003479949155832338
12-Nov 16:46:26:INFO:root:Model trade shares: [0.967587, 0.910293, 0.984706]
12-Nov 16:46:26:INFO:root:Data trade shares: [0.971471, 0.927429, 0.989384]
12-Nov 16:46:26:INFO:root:US prices: [1.40594, 1.02771, 1.04728]
12-Nov 16:46:26:INFO:root:in the data: [2.72526, 1.92631, 1.92631]
12-Nov 16:46:26:INFO:root:Nominal world expenditure: 1.1797607498400556e7
12-Nov 16:46:26:INFO:root:--------------In the data: [2.2953e7]
12-Nov 16:46:26:INFO:root:------ Middle 1: 0.0002359306049734039
12-Nov 16:46:27:INFO:root:Starting from 3.8806088191336415e-17
12-Nov 16:46:27:INFO:root:-- Outer 5: 0.001299151095466503
12-Nov 16:46:27:INFO:root:------ Middle 1: 0.00022706812001907769
12-Nov 16:46:27:INFO:root:Starting from 4.678448014200023e-17
12-Nov 16:46:27:INFO:root:-- Outer 5: 0.0014974789594664024
12-Nov 16:46:28:INFO:root:--- Period 10 ---
12-Nov 16:46:28:INFO:root:BEGIN Outer loop
12-Nov 16:46:32:INFO:root:------ Middle 2: 0.00019538701195408946
12-Nov 16:46:32:INFO:root:Starting from 4.0609620980373015e-17
12-Nov 16:46:32:INFO:root:-- Outer 5: 0.0015998385282837853
12-Nov 16:46:36:INFO:root:------ Middle 1: 0.00019404582860062017
12-Nov 16:46:36:INFO:root:Starting from 5.120970192218317e-17
12-Nov 16:46:36:INFO:root:------ Middle 1: 0.00019968442574409362
12-Nov 16:46:36:INFO:root:-- Outer 6: 0.001536315833861208
12-Nov 16:46:36:INFO:root:Starting from 5.762627098735032e-17
12-Nov 16:46:36:INFO:root:-- Outer 6: 0.0013414082598134827
12-Nov 16:46:39:INFO:root:------ Middle 1: 0.00023122515878931267
12-Nov 16:46:39:INFO:root:Starting from 4.5267825664287816e-17
12-Nov 16:46:39:INFO:root:-- Outer 7: 0.0005318150447814258
12-Nov 16:46:39:INFO:root:END Outer loop
12-Nov 16:46:41:INFO:root:------ Middle 1: 0.00019733149597683745
12-Nov 16:46:41:INFO:root:Starting from 5.935991408342235e-17
12-Nov 16:46:41:INFO:root:-- Outer 6: 0.0016908929769421524
12-Nov 16:46:43:INFO:root:Model trade shares: [0.95818, 0.910891, 0.989257]
12-Nov 16:46:43:INFO:root:Data trade shares: [0.961487, 0.929057, 0.992737]
12-Nov 16:46:43:INFO:root:US prices: [1.29931, 1.05029, 1.06844]
12-Nov 16:46:43:INFO:root:in the data: [1.96012, 1.64035, 1.64035]
12-Nov 16:46:44:INFO:root:Nominal world expenditure: 1.0886417380169233e7
12-Nov 16:46:44:INFO:root:--------------In the data: [1.80704e7]
12-Nov 16:46:47:INFO:root:--- Period 11 ---
12-Nov 16:46:47:INFO:root:BEGIN Outer loop
12-Nov 16:46:59:INFO:root:------ Middle 1: 0.00032416943845705736
12-Nov 16:47:07:INFO:root:------ Middle 2: 0.00018211838772623018
12-Nov 16:47:07:INFO:root:Starting from 4.768551085725691e-17
12-Nov 16:47:07:INFO:root:-- Outer 5: 0.001637829967324693
12-Nov 16:47:16:INFO:root:------ Middle 1: 0.00019165110446886583
12-Nov 16:47:16:INFO:root:Starting from 5.925836483675466e-17
12-Nov 16:47:16:INFO:root:-- Outer 6: 0.0017245984049456546
12-Nov 16:47:24:INFO:root:------ Middle 1: 0.00013990862746094554
12-Nov 16:47:24:INFO:root:Starting from 5.5301400081023e-17
12-Nov 16:47:24:INFO:root:-- Outer 7: 0.00039324626551229285
12-Nov 16:47:24:INFO:root:END Outer loop
12-Nov 16:47:25:INFO:root:------ Middle 1: 0.0001514728366394126
12-Nov 16:47:25:INFO:root:Starting from 5.187331477958491e-17
12-Nov 16:47:25:INFO:root:-- Outer 7: 0.00040028427000301614
12-Nov 16:47:25:INFO:root:END Outer loop
12-Nov 16:47:28:INFO:root:Model trade shares: [0.960462, 0.924212, 0.990408]
12-Nov 16:47:28:INFO:root:Data trade shares: [0.967429, 0.940539, 0.992695]
12-Nov 16:47:28:INFO:root:US prices: [1.22527, 1.09093, 1.08987]
12-Nov 16:47:28:INFO:root:in the data: [1.63396, 1.43854, 1.43854]
12-Nov 16:47:29:INFO:root:Nominal world expenditure: 1.00256994703386e7
12-Nov 16:47:29:INFO:root:------ Middle 1: 0.00017227251942942886
12-Nov 16:47:29:INFO:root:Starting from 5.656718816063413e-17
12-Nov 16:47:29:INFO:root:-- Outer 7: 0.0004500193426534582
12-Nov 16:47:29:INFO:root:END Outer loop
12-Nov 16:47:29:INFO:root:Model trade shares: [0.96514, 0.913936, 0.989271]
12-Nov 16:47:29:INFO:root:Data trade shares: [0.966266, 0.92464, 0.992831]
12-Nov 16:47:29:INFO:root:US prices: [1.35291, 1.04056, 1.06109]
12-Nov 16:47:29:INFO:root:in the data: [2.27198, 1.79075, 1.79075]
12-Nov 16:47:30:INFO:root:Nominal world expenditure: 1.149283683494198e7
12-Nov 16:47:29:INFO:root:--------------In the data: [1.37348e7]
12-Nov 16:47:30:INFO:root:--------------In the data: [2.07618e7]
12-Nov 16:47:32:INFO:root:--- Period 12 ---
12-Nov 16:47:32:INFO:root:BEGIN Outer loop
12-Nov 16:47:33:INFO:root:Model trade shares: [0.958539, 0.916547, 0.989767]
12-Nov 16:47:33:INFO:root:Data trade shares: [0.959721, 0.934044, 0.992669]
12-Nov 16:47:33:INFO:root:US prices: [1.26066, 1.07535, 1.07672]
12-Nov 16:47:33:INFO:root:in the data: [1.70549, 1.50868, 1.50868]
12-Nov 16:47:33:INFO:root:Nominal world expenditure: 1.05190814636323e7
12-Nov 16:47:33:INFO:root:--- Period 13 ---
12-Nov 16:47:34:INFO:root:BEGIN Outer loop
12-Nov 16:47:34:INFO:root:--------------In the data: [1.54393e7]
12-Nov 16:47:35:INFO:root:------ Middle 1: 0.000267510890212305
12-Nov 16:47:35:INFO:root:Starting from 4.6511648427035226e-17
12-Nov 16:47:35:INFO:root:-- Outer 5: 0.00162097466960521
12-Nov 16:47:36:INFO:root:--- Period 14 ---
12-Nov 16:47:37:INFO:root:BEGIN Outer loop
12-Nov 16:47:44:INFO:root:------ Middle 1: 0.0002245463806586744
12-Nov 16:47:44:INFO:root:Starting from 4.875526075578231e-17
12-Nov 16:47:44:INFO:root:-- Outer 6: 0.0016607847790080013
12-Nov 16:48:04:INFO:root:------ Middle 1: 0.00016681395492766228
12-Nov 16:48:04:INFO:root:Starting from 4.993542272442252e-17
12-Nov 16:48:04:INFO:root:-- Outer 7: 0.0004225280298518
12-Nov 16:48:04:INFO:root:END Outer loop
12-Nov 16:48:08:INFO:root:Model trade shares: [0.963917, 0.926727, 0.992754]
12-Nov 16:48:08:INFO:root:Data trade shares: [0.975035, 0.947136, 0.993826]
12-Nov 16:48:08:INFO:root:US prices: [1.18624, 1.09455, 1.09812]
12-Nov 16:48:08:INFO:root:in the data: [1.5623, 1.46271, 1.46271]
12-Nov 16:48:08:INFO:root:Nominal world expenditure: 9.749150830283329e6
12-Nov 16:48:09:INFO:root:--------------In the data: [1.27847e7]
12-Nov 16:48:12:INFO:root:--- Period 15 ---
12-Nov 16:48:12:INFO:root:BEGIN Outer loop
12-Nov 16:48:31:INFO:root:------ Middle 1: 0.0001683063207755048
12-Nov 16:48:31:INFO:root:Starting from 4.08973901857479e-17
12-Nov 16:48:31:INFO:root:-- Outer 7: 0.0004230058070383732
12-Nov 16:48:31:INFO:root:END Outer loop
12-Nov 16:48:33:INFO:root:------ Middle 1: 0.00024017139643429388
12-Nov 16:48:33:INFO:root:Starting from 3.7305965842229843e-17
12-Nov 16:48:33:INFO:root:-- Outer 5: 0.0017080738742140337
12-Nov 16:48:35:INFO:root:Model trade shares: [0.965994, 0.925306, 0.993671]
12-Nov 16:48:35:INFO:root:Data trade shares: [0.973362, 0.938447, 0.994052]
12-Nov 16:48:35:INFO:root:US prices: [1.13742, 1.07978, 1.08832]
12-Nov 16:48:35:INFO:root:in the data: [1.46789, 1.34924, 1.34924]
12-Nov 16:48:36:INFO:root:Nominal world expenditure: 9.336246645535193e6
12-Nov 16:48:36:INFO:root:--------------In the data: [1.15794e7]
12-Nov 16:48:39:INFO:root:--- Period 16 ---
12-Nov 16:48:39:INFO:root:BEGIN Outer loop
12-Nov 16:48:42:INFO:root:------ Middle 1: 0.00020353363150054006
12-Nov 16:48:42:INFO:root:Starting from 5.721081666224583e-17
12-Nov 16:48:42:INFO:root:-- Outer 6: 0.0017359281757491879
12-Nov 16:49:29:INFO:root:------ Middle 1: 0.0001398296520341202
12-Nov 16:49:30:INFO:root:Starting from 6.102064816421617e-17
12-Nov 16:49:30:INFO:root:-- Outer 7: 0.0003798805142205428
12-Nov 16:49:30:INFO:root:END Outer loop
12-Nov 16:49:34:INFO:root:Model trade shares: [0.966683, 0.936572, 0.994058]
12-Nov 16:49:34:INFO:root:Data trade shares: [0.970394, 0.938128, 0.99445]
12-Nov 16:49:34:INFO:root:US prices: [1.07446, 1.0488, 1.054]
12-Nov 16:49:34:INFO:root:in the data: [1.21921, 1.17859, 1.17859]
12-Nov 16:49:34:INFO:root:Nominal world expenditure: 8.561519126893565e6
12-Nov 16:49:35:INFO:root:--------------In the data: [1.02443e7]
12-Nov 16:49:38:INFO:root:--- Period 17 ---
12-Nov 16:49:38:INFO:root:BEGIN Outer loop
12-Nov 16:53:27:INFO:root:------ Middle 1: 0.004220246073650167
12-Nov 16:53:36:INFO:root:------ Middle 2: 0.0023277964691271573
12-Nov 16:54:09:INFO:root:------ Middle 1: 0.0039599994642359896
12-Nov 16:54:17:INFO:root:------ Middle 2: 0.002183290638656918
12-Nov 16:54:20:INFO:root:------ Middle 1: 0.003795581526719383
12-Nov 16:54:29:INFO:root:------ Middle 2: 0.0020945845483204407
12-Nov 16:54:40:INFO:root:------ Middle 1: 0.003912300656988916
12-Nov 16:54:43:INFO:root:------ Middle 1: 0.0037379856232986697
12-Nov 16:54:49:INFO:root:------ Middle 2: 0.002158606871782156
12-Nov 16:54:51:INFO:root:------ Middle 2: 0.0020620055977311146
12-Nov 16:55:20:INFO:root:------ Middle 3: 0.0017718801308627074
12-Nov 16:55:28:INFO:root:------ Middle 4: 0.0009837172541625726
12-Nov 16:55:48:INFO:root:------ Middle 1: 0.004118592923866401
12-Nov 16:55:56:INFO:root:------ Middle 2: 0.002270964924638749
12-Nov 16:56:02:INFO:root:------ Middle 3: 0.0016733746616527504
12-Nov 16:56:11:INFO:root:------ Middle 4: 0.0009281149256139652
12-Nov 16:56:22:INFO:root:------ Middle 1: 0.004345993820035654
12-Nov 16:56:29:INFO:root:------ Middle 3: 0.0016415551078755328
12-Nov 16:56:30:INFO:root:------ Middle 2: 0.0023960275893288377
12-Nov 16:56:37:INFO:root:------ Middle 4: 0.000910319313130597
12-Nov 16:56:45:INFO:root:------ Middle 3: 0.0016194493288043527
12-Nov 16:56:45:INFO:root:------ Middle 5: 0.0007881002309121165
12-Nov 16:56:53:INFO:root:------ Middle 4: 0.0008982141468818376
12-Nov 16:56:53:INFO:root:------ Middle 6: 0.0004391375706960009
12-Nov 16:56:54:INFO:root:------ Middle 3: 0.0016889225687862013
12-Nov 16:57:03:INFO:root:------ Middle 4: 0.0009365254189797858
12-Nov 16:57:17:INFO:root:------ Middle 7: 0.00030975442502984
12-Nov 16:57:25:INFO:root:------ Middle 8: 0.00020098016548119007
12-Nov 16:57:25:INFO:root:Starting from 1.2327747932169146e-17
12-Nov 16:57:25:INFO:root:-- Outer 1: 0.023805305487545857
12-Nov 16:57:32:INFO:root:------ Middle 5: 0.0007426679451719442
12-Nov 16:57:33:INFO:root:------ Middle 1: 0.001863790649121139
12-Nov 16:57:40:INFO:root:------ Middle 6: 0.00041385928849219545
12-Nov 16:57:55:INFO:root:------ Middle 5: 0.0007348362731215192
12-Nov 16:57:56:INFO:root:------ Middle 3: 0.001769399492803131
12-Nov 16:58:03:INFO:root:------ Middle 6: 0.00041025202322570044
12-Nov 16:58:04:INFO:root:------ Middle 4: 0.0009808031309826183
12-Nov 16:58:05:INFO:root:------ Middle 7: 0.0002948964025197489
12-Nov 16:58:05:INFO:root:Starting from 1.23514583473788e-17
12-Nov 16:58:05:INFO:root:-- Outer 1: 0.023438313641299183
12-Nov 16:58:15:INFO:root:------ Middle 1: 0.0018593463558740208
12-Nov 16:58:21:INFO:root:------ Middle 1: 0.004527374024582685
12-Nov 16:58:25:INFO:root:------ Middle 5: 0.0007567195036569271
12-Nov 16:58:25:INFO:root:------ Middle 5: 0.0007345084196668066
12-Nov 16:58:28:INFO:root:------ Middle 3: 0.0018571562943353916
12-Nov 16:58:28:INFO:root:------ Middle 7: 0.0002965898112317941
12-Nov 16:58:28:INFO:root:Starting from 1.2692205488591041e-17
12-Nov 16:58:28:INFO:root:-- Outer 1: 0.023695145960393568
12-Nov 16:58:29:INFO:root:------ Middle 2: 0.0024949502208966965
12-Nov 16:58:33:INFO:root:------ Middle 6: 0.00042256834635620767
12-Nov 16:58:34:INFO:root:------ Middle 6: 0.000410063835202368
12-Nov 16:58:36:INFO:root:------ Middle 4: 0.001029105919505945
12-Nov 16:58:38:INFO:root:------ Middle 1: 0.0018714588620628318
12-Nov 16:58:59:INFO:root:------ Middle 7: 0.00029645647187896083
12-Nov 16:59:00:INFO:root:Starting from 1.2522215543982535e-17
12-Nov 16:59:00:INFO:root:-- Outer 1: 0.02415362054528044
12-Nov 16:59:05:INFO:root:------ Middle 7: 0.0003338669505936627
12-Nov 16:59:09:INFO:root:------ Middle 1: 0.0019262107372900452
12-Nov 16:59:14:INFO:root:------ Middle 8: 0.00019826110779766327
12-Nov 16:59:14:INFO:root:Starting from 1.2091929138815102e-17
12-Nov 16:59:14:INFO:root:-- Outer 1: 0.024833552437506883
12-Nov 16:59:22:INFO:root:------ Middle 5: 0.0007920904799355831
12-Nov 16:59:23:INFO:root:------ Middle 1: 0.0019031848054856522
12-Nov 16:59:31:INFO:root:------ Middle 6: 0.00044217630049265497
12-Nov 16:59:41:INFO:root:------ Middle 2: 0.0005250196827493908
12-Nov 16:59:49:INFO:root:------ Middle 3: 0.0002969697219603534
12-Nov 16:59:50:INFO:root:Starting from 4.8517580543829204e-17
12-Nov 16:59:50:INFO:root:-- Outer 2: 0.012113050659714557
12-Nov 17:00:02:INFO:root:------ Middle 5: 0.0008338387595853261
12-Nov 17:00:03:INFO:root:------ Middle 7: 0.00034976617201543136
12-Nov 17:00:11:INFO:root:------ Middle 8: 0.0002076172377882318
12-Nov 17:00:11:INFO:root:------ Middle 6: 0.00046457642126938674
12-Nov 17:00:11:INFO:root:Starting from 1.1924743029347775e-17
12-Nov 17:00:11:INFO:root:-- Outer 1: 0.025447979262478687
12-Nov 17:00:14:INFO:root:------ Middle 3: 0.0019058352735938167
12-Nov 17:00:19:INFO:root:------ Middle 1: 0.0020441055086377518
12-Nov 17:00:23:INFO:root:------ Middle 4: 0.0010576112271210329
12-Nov 17:00:42:INFO:root:------ Middle 2: 0.0004947140169748375
12-Nov 17:00:44:INFO:root:------ Middle 7: 0.00036450563249329753
12-Nov 17:00:50:INFO:root:------ Middle 3: 0.00027828273003757
12-Nov 17:00:50:INFO:root:Starting from 5.57720805746739e-17
12-Nov 17:00:50:INFO:root:-- Outer 2: 0.011933385028310546
12-Nov 17:00:52:INFO:root:------ Middle 8: 0.0002165151088920719
12-Nov 17:00:53:INFO:root:Starting from 1.1702127002952789e-17
12-Nov 17:00:53:INFO:root:-- Outer 1: 0.025838223615889066
12-Nov 17:00:58:INFO:root:------ Middle 2: 0.00047952549494790516
12-Nov 17:01:01:INFO:root:------ Middle 1: 0.0021974372793645163
12-Nov 17:01:06:INFO:root:------ Middle 3: 0.0002704214340487445
12-Nov 17:01:06:INFO:root:Starting from 6.443995844106182e-17
12-Nov 17:01:07:INFO:root:-- Outer 2: 0.012129068166211551
12-Nov 17:01:44:INFO:root:------ Middle 5: 0.0008549352464071513
12-Nov 17:01:48:INFO:root:------ Middle 2: 0.0005089574111999063
12-Nov 17:01:52:INFO:root:------ Middle 6: 0.0004765971264578559
12-Nov 17:01:56:INFO:root:------ Middle 3: 0.00028566902711012914
12-Nov 17:01:57:INFO:root:Starting from 5.963563558328716e-17
12-Nov 17:01:57:INFO:root:------ Middle 2: 0.0005723740642429336
12-Nov 17:01:57:INFO:root:-- Outer 2: 0.012257146926934793
12-Nov 17:01:58:INFO:root:------ Middle 1: 0.00034152041757860065
12-Nov 17:02:04:INFO:root:------ Middle 3: 0.0003207662964049067
12-Nov 17:02:07:INFO:root:------ Middle 2: 0.0001936501336506639
12-Nov 17:02:07:INFO:root:Starting from 5.005582152187815e-17
12-Nov 17:02:07:INFO:root:-- Outer 3: 0.0044243149039094815
12-Nov 17:02:17:INFO:root:------ Middle 1: 0.0002303334159058032
12-Nov 17:02:17:INFO:root:Starting from 4.508134851839168e-17
12-Nov 17:02:17:INFO:root:-- Outer 4: 0.004518443003495111
12-Nov 17:02:26:INFO:root:------ Middle 7: 0.000374776117235212
12-Nov 17:02:27:INFO:root:------ Middle 4: 0.00021898016608777645
12-Nov 17:02:27:INFO:root:Starting from 5.79884186113001e-17
12-Nov 17:02:27:INFO:root:-- Outer 2: 0.012079775202359923
12-Nov 17:02:35:INFO:root:------ Middle 8: 0.00022339328718648434
12-Nov 17:02:35:INFO:root:Starting from 1.162791694762177e-17
12-Nov 17:02:35:INFO:root:-- Outer 1: 0.0258814002964328
12-Nov 17:02:36:INFO:root:------ Middle 1: 0.00046449047068977163
12-Nov 17:02:44:INFO:root:------ Middle 1: 0.002315949146594676
12-Nov 17:03:11:INFO:root:------ Middle 2: 0.0006128097228703149
12-Nov 17:03:11:INFO:root:------ Middle 1: 0.0003425518390588424
12-Nov 17:03:19:INFO:root:------ Middle 3: 0.0003430430394885116
12-Nov 17:03:20:INFO:root:------ Middle 2: 0.00019251779619110714
12-Nov 17:03:20:INFO:root:Starting from 4.271190734531511e-17
12-Nov 17:03:20:INFO:root:-- Outer 3: 0.004471396816643351
12-Nov 17:03:31:INFO:root:------ Middle 1: 0.00030399997059499256
12-Nov 17:03:40:INFO:root:------ Middle 2: 0.00017174916274837574
12-Nov 17:03:40:INFO:root:Starting from 5.98063616103313e-17
12-Nov 17:03:40:INFO:root:-- Outer 3: 0.004485463427052995
12-Nov 17:03:43:INFO:root:------ Middle 4: 0.00023478543839365273
12-Nov 17:03:44:INFO:root:Starting from 6.121537155926012e-17
12-Nov 17:03:44:INFO:root:-- Outer 2: 0.012299244833019272
12-Nov 17:03:45:INFO:root:------ Middle 2: 0.0006783736808462696
12-Nov 17:03:53:INFO:root:------ Middle 1: 0.00043939681308902346
12-Nov 17:03:54:INFO:root:------ Middle 3: 0.0003792391159871648
12-Nov 17:04:02:INFO:root:------ Middle 1: 0.00027906250071386816
12-Nov 17:04:02:INFO:root:Starting from 4.1523384625147105e-17
12-Nov 17:04:03:INFO:root:-- Outer 5: 0.0010873122329129405
12-Nov 17:04:08:INFO:root:------ Middle 1: 0.00023845423207895632
12-Nov 17:04:08:INFO:root:Starting from 5.122377912075127e-17
12-Nov 17:04:08:INFO:root:-- Outer 4: 0.001936592912791107
12-Nov 17:04:12:INFO:root:------ Middle 1: 0.00022652162374096747
12-Nov 17:04:12:INFO:root:Starting from 4.787660554321342e-17
12-Nov 17:04:12:INFO:root:-- Outer 6: 0.0011248073773484882
12-Nov 17:04:19:INFO:root:------ Middle 4: 0.0002581177082483651
12-Nov 17:04:19:INFO:root:Starting from 5.419442042851505e-17
12-Nov 17:04:20:INFO:root:-- Outer 2: 0.012437285052780191
12-Nov 17:04:27:INFO:root:------ Middle 1: 0.0004208147597024291
12-Nov 17:04:29:INFO:root:------ Middle 1: 0.00044851670762802187
12-Nov 17:04:29:INFO:root:------ Middle 1: 0.00018277485127030058
12-Nov 17:04:29:INFO:root:Starting from 4.947573217432595e-17
12-Nov 17:04:29:INFO:root:-- Outer 4: 0.0018578860031303055
12-Nov 17:04:35:INFO:root:------ Middle 2: 0.00023455928448975626
12-Nov 17:04:35:INFO:root:Starting from 5.622862089320821e-17
12-Nov 17:04:35:INFO:root:-- Outer 3: 0.004584591445382686
12-Nov 17:04:40:INFO:root:------ Middle 2: 0.0003376047817229966
12-Nov 17:04:41:INFO:root:------ Middle 1: 0.00023861833241104892
12-Nov 17:04:41:INFO:root:Starting from 3.3709468898852186e-17
12-Nov 17:04:41:INFO:root:-- Outer 5: 0.0011101694869254848
12-Nov 17:04:44:INFO:root:------ Middle 1: 0.00033062988805753607
12-Nov 17:04:48:INFO:root:------ Middle 3: 0.00019183941617877682
12-Nov 17:04:48:INFO:root:Starting from 4.6990196117706925e-17
12-Nov 17:04:48:INFO:root:-- Outer 3: 0.005136804764116897
12-Nov 17:04:50:INFO:root:------ Middle 1: 0.0002101468637292656
12-Nov 17:04:50:INFO:root:Starting from 4.4056648677329345e-17
12-Nov 17:04:50:INFO:root:-- Outer 6: 0.0010900641431769694
12-Nov 17:04:55:INFO:root:------ Middle 1: 0.00018735480975159882
12-Nov 17:04:55:INFO:root:Starting from 3.7830326991595626e-17
12-Nov 17:04:55:INFO:root:-- Outer 7: 0.00041751927201645633
12-Nov 17:04:55:INFO:root:END Outer loop
12-Nov 17:04:57:INFO:root:------ Middle 1: 0.00022514018247282198
12-Nov 17:04:57:INFO:root:Starting from 4.954197878868328e-17
12-Nov 17:04:57:INFO:root:-- Outer 4: 0.005273586897783185
12-Nov 17:04:58:INFO:root:Model trade shares: [0.968892, 0.91099, 0.975233]
12-Nov 17:04:58:INFO:root:Data trade shares: [0.976496, 0.933524, 0.973934]
12-Nov 17:04:58:INFO:root:US prices: [1.43985, 1.01259, 1.02273]
12-Nov 17:04:58:INFO:root:in the data: [2.96155, 2.01858, 2.01858]
12-Nov 17:04:58:INFO:root:Nominal world expenditure: 1.148523347603279e7
12-Nov 17:04:58:INFO:root:--------------In the data: [2.33649e7]
12-Nov 17:05:00:INFO:root:--- Period 18 ---
12-Nov 17:05:00:INFO:root:BEGIN Outer loop
12-Nov 17:05:03:INFO:root:------ Middle 1: 0.0001690943760260906
12-Nov 17:05:03:INFO:root:Starting from 5.2004574017619266e-17
12-Nov 17:05:03:INFO:root:-- Outer 5: 0.000980547218217696
12-Nov 17:05:03:INFO:root:END Outer loop
12-Nov 17:05:06:INFO:root:Model trade shares: [0.963993, 0.910836, 0.978653]
12-Nov 17:05:06:INFO:root:Data trade shares: [0.972765, 0.936372, 0.980463]
12-Nov 17:05:06:INFO:root:US prices: [1.35734, 0.967144, 0.962431]
12-Nov 17:05:06:INFO:root:in the data: [3.02084, 2.07936, 2.07936]
12-Nov 17:05:06:INFO:root:Nominal world expenditure: 1.0927050487067025e7
12-Nov 17:05:06:INFO:root:--------------In the data: [2.36221e7]
12-Nov 17:05:08:INFO:root:--- Period 19 ---
12-Nov 17:05:09:INFO:root:BEGIN Outer loop
12-Nov 17:05:24:INFO:root:------ Middle 2: 0.00019105564674107365
12-Nov 17:05:24:INFO:root:Starting from 5.790617936892118e-17
12-Nov 17:05:24:INFO:root:------ Middle 1: 0.00020748810307259633
12-Nov 17:05:24:INFO:root:-- Outer 4: 0.002090818307244038
12-Nov 17:05:24:INFO:root:Starting from 4.4411081499184557e-17
12-Nov 17:05:24:INFO:root:-- Outer 7: 0.0004504735817661665
12-Nov 17:05:24:INFO:root:END Outer loop
12-Nov 17:05:26:INFO:root:------ Middle 2: 0.0007038139323214824
12-Nov 17:05:27:INFO:root:Model trade shares: [0.969397, 0.915358, 0.973203]
12-Nov 17:05:27:INFO:root:Data trade shares: [0.97676, 0.939693, 0.972749]
12-Nov 17:05:27:INFO:root:US prices: [1.43964, 0.999578, 1.00049]
12-Nov 17:05:27:INFO:root:in the data: [3.07991, 2.04761, 2.04761]
12-Nov 17:05:28:INFO:root:Nominal world expenditure: 1.1148436725998776e7
12-Nov 17:05:28:INFO:root:--------------In the data: [2.31824e7]
12-Nov 17:05:29:INFO:root:--- Period 20 ---
12-Nov 17:05:29:INFO:root:BEGIN Outer loop
12-Nov 17:05:34:INFO:root:------ Middle 3: 0.0003937867132362342
12-Nov 17:05:57:INFO:root:------ Middle 4: 0.0002708425993440498
12-Nov 17:05:57:INFO:root:------ Middle 1: 0.0002386187035477324
12-Nov 17:05:57:INFO:root:Starting from 4.71633207763099e-17
12-Nov 17:05:57:INFO:root:Starting from 4.7580382679661943e-17
12-Nov 17:05:57:INFO:root:-- Outer 2: 0.012544906584105136
12-Nov 17:05:58:INFO:root:-- Outer 5: 0.0011703676360010449
12-Nov 17:06:05:INFO:root:------ Middle 2: 0.0003386583119185019
12-Nov 17:06:06:INFO:root:------ Middle 1: 0.00045500341238421786
12-Nov 17:06:07:INFO:root:------ Middle 1: 0.00023058469818637364
12-Nov 17:06:07:INFO:root:Starting from 5.1430000814074445e-17
12-Nov 17:06:07:INFO:root:-- Outer 6: 0.0011144414153209973
12-Nov 17:06:13:INFO:root:------ Middle 3: 0.00019300800671315116
12-Nov 17:06:13:INFO:root:Starting from 4.592891271563351e-17
12-Nov 17:06:14:INFO:root:-- Outer 3: 0.0052101127647014005
12-Nov 17:06:23:INFO:root:------ Middle 1: 0.0001793635147161205
12-Nov 17:06:23:INFO:root:Starting from 3.918430878664092e-17
12-Nov 17:06:23:INFO:root:-- Outer 4: 0.005261602265206564
12-Nov 17:06:39:INFO:root:------ Middle 2: 0.0003643635241124706
12-Nov 17:06:41:INFO:root:------ Middle 1: 0.00022955117952091
12-Nov 17:06:41:INFO:root:Starting from 4.3751218838814273e-17
12-Nov 17:06:41:INFO:root:-- Outer 7: 0.0004020017932130649
12-Nov 17:06:41:INFO:root:END Outer loop
12-Nov 17:06:45:INFO:root:Model trade shares: [0.963966, 0.911772, 0.989157]
12-Nov 17:06:45:INFO:root:Data trade shares: [0.971404, 0.929028, 0.993445]
12-Nov 17:06:45:INFO:root:US prices: [1.28802, 0.952054, 0.956504]
12-Nov 17:06:45:INFO:root:in the data: [2.9591, 2.1512, 2.1512]
12-Nov 17:06:45:INFO:root:Nominal world expenditure: 1.1391980584303815e7
12-Nov 17:06:45:INFO:root:--------------In the data: [2.42511e7]
12-Nov 17:06:46:INFO:root:--- Period 21 ---
12-Nov 17:06:47:INFO:root:BEGIN Outer loop
12-Nov 17:06:47:INFO:root:------ Middle 3: 0.00020722698433598254
12-Nov 17:06:48:INFO:root:Starting from 4.7083452170810735e-17
12-Nov 17:06:48:INFO:root:-- Outer 3: 0.005240334194282883
12-Nov 17:06:56:INFO:root:------ Middle 1: 0.00019456778261353264
12-Nov 17:06:56:INFO:root:Starting from 6.896249097360741e-17
12-Nov 17:06:56:INFO:root:-- Outer 4: 0.00530344965306008
12-Nov 17:07:08:INFO:root:------ Middle 1: 0.0003210430588339307
12-Nov 17:07:17:INFO:root:------ Middle 2: 0.0001802645609227453
12-Nov 17:07:17:INFO:root:Starting from 4.82315422542815e-17
12-Nov 17:07:17:INFO:root:-- Outer 5: 0.0014274257956249999
12-Nov 17:07:25:INFO:root:------ Middle 1: 0.0001881433155924097
12-Nov 17:07:25:INFO:root:Starting from 5.0861319547369595e-17
12-Nov 17:07:25:INFO:root:-- Outer 6: 0.0015026662457446325
12-Nov 17:08:13:INFO:root:------ Middle 1: 0.00016521661663364124
12-Nov 17:08:13:INFO:root:Starting from 5.0572597063881005e-17
12-Nov 17:08:14:INFO:root:-- Outer 7: 0.0004378023319307322
12-Nov 17:08:14:INFO:root:END Outer loop
12-Nov 17:08:15:INFO:root:------ Middle 2: 0.000374912480788705
12-Nov 17:08:16:INFO:root:Model trade shares: [0.966794, 0.922348, 0.991557]
12-Nov 17:08:16:INFO:root:Data trade shares: [0.967576, 0.927756, 0.993556]
12-Nov 17:08:16:INFO:root:US prices: [1.19393, 0.94436, 0.943032]
12-Nov 17:08:16:INFO:root:in the data: [2.78451, 2.12334, 2.12334]
12-Nov 17:08:17:INFO:root:Nominal world expenditure: 1.2269370284149572e7
12-Nov 17:08:17:INFO:root:--------------In the data: [2.5209e7]
12-Nov 17:08:18:INFO:root:--- Period 22 ---
12-Nov 17:08:18:INFO:root:BEGIN Outer loop
12-Nov 17:08:24:INFO:root:------ Middle 3: 0.0002131168739568639
12-Nov 17:08:24:INFO:root:Starting from 4.509973296337442e-17
12-Nov 17:08:24:INFO:root:-- Outer 3: 0.005263305199852744
12-Nov 17:08:33:INFO:root:------ Middle 1: 0.0001892999711495974
12-Nov 17:08:33:INFO:root:Starting from 6.044470778622527e-17
12-Nov 17:08:33:INFO:root:-- Outer 4: 0.005314155136833072
12-Nov 17:08:35:INFO:root:------ Middle 1: 0.00027058573834364425
12-Nov 17:08:35:INFO:root:Starting from 5.128806249667765e-17
12-Nov 17:08:36:INFO:root:-- Outer 5: 0.001323667187506766
12-Nov 17:08:44:INFO:root:------ Middle 1: 0.0002262357377005042
12-Nov 17:08:44:INFO:root:Starting from 5.983564565944492e-17
12-Nov 17:08:45:INFO:root:-- Outer 6: 0.0013535794709356624
12-Nov 17:09:10:INFO:root:------ Middle 1: 0.0003015917821104069
12-Nov 17:09:18:INFO:root:------ Middle 2: 0.00017089956266137652
12-Nov 17:09:18:INFO:root:Starting from 3.8664703919278136e-17
12-Nov 17:09:18:INFO:root:-- Outer 5: 0.001431007995640524
12-Nov 17:09:27:INFO:root:------ Middle 1: 0.00018129186812684773
12-Nov 17:09:27:INFO:root:Starting from 5.663187264213071e-17
12-Nov 17:09:27:INFO:root:-- Outer 6: 0.0015188592662684806
12-Nov 17:09:33:INFO:root:------ Middle 1: 0.00017381626206571454
12-Nov 17:09:34:INFO:root:Starting from 5.292785023193922e-17
12-Nov 17:09:34:INFO:root:-- Outer 7: 0.00042314295899357346
12-Nov 17:09:34:INFO:root:END Outer loop
12-Nov 17:09:37:INFO:root:Model trade shares: [0.959483, 0.919939, 0.992399]
12-Nov 17:09:37:INFO:root:Data trade shares: [0.953126, 0.923314, 0.993566]
12-Nov 17:09:37:INFO:root:US prices: [1.10222, 0.932296, 0.935869]
12-Nov 17:09:37:INFO:root:in the data: [2.3065, 2.15345, 2.15345]
12-Nov 17:09:37:INFO:root:Nominal world expenditure: 1.2715134079257628e7
12-Nov 17:09:37:INFO:root:--------------In the data: [2.91447e7]
12-Nov 17:09:39:INFO:root:--- Period 23 ---
12-Nov 17:09:39:INFO:root:BEGIN Outer loop
12-Nov 17:10:16:INFO:root:------ Middle 1: 0.0001576803953566031
12-Nov 17:10:16:INFO:root:Starting from 5.1776447072800764e-17
12-Nov 17:10:16:INFO:root:-- Outer 7: 0.0004346183280801881
12-Nov 17:10:16:INFO:root:END Outer loop
12-Nov 17:10:19:INFO:root:Model trade shares: [0.964719, 0.925159, 0.992083]
12-Nov 17:10:19:INFO:root:Data trade shares: [0.958317, 0.928046, 0.993489]
12-Nov 17:10:19:INFO:root:US prices: [1.03933, 0.923223, 0.929369]
12-Nov 17:10:19:INFO:root:in the data: [2.43661, 2.20422, 2.20422]
12-Nov 17:10:20:INFO:root:Nominal world expenditure: 1.3504343777529009e7
12-Nov 17:10:20:INFO:root:--------------In the data: [3.25615e7]
12-Nov 17:10:21:INFO:root:--- Period 24 ---
12-Nov 17:10:22:INFO:root:BEGIN Outer loop
12-Nov 17:10:37:INFO:root:------ Middle 1: 0.0002912352330950135
12-Nov 17:10:37:INFO:root:Starting from 4.833676350088948e-17
12-Nov 17:10:37:INFO:root:-- Outer 5: 0.0013395931642716811
12-Nov 17:10:47:INFO:root:------ Middle 1: 0.00024352816727631364
12-Nov 17:10:47:INFO:root:Starting from 5.33395648515699e-17
12-Nov 17:10:47:INFO:root:-- Outer 6: 0.001377587898781248
12-Nov 17:11:37:INFO:root:------ Middle 1: 0.00019107221950091728
12-Nov 17:11:38:INFO:root:Starting from 5.947870115627064e-17
12-Nov 17:11:38:INFO:root:-- Outer 7: 0.00046963158825964773
12-Nov 17:11:38:INFO:root:END Outer loop
12-Nov 17:11:41:INFO:root:Model trade shares: [0.959521, 0.923042, 0.992713]
12-Nov 17:11:41:INFO:root:Data trade shares: [0.960962, 0.931588, 0.993893]
12-Nov 17:11:41:INFO:root:US prices: [0.999147, 0.916693, 0.923036]
12-Nov 17:11:41:INFO:root:in the data: [2.50767, 2.31742, 2.31742]
12-Nov 17:11:41:INFO:root:Nominal world expenditure: 1.4496875576521903e7
12-Nov 17:11:41:INFO:root:--------------In the data: [3.61928e7]
12-Nov 17:11:42:INFO:root:--- Period 25 ---
12-Nov 17:11:43:INFO:root:BEGIN Outer loop
12-Nov 17:13:59:INFO:root:------ Middle 1: 0.004624196859969243
12-Nov 17:14:08:INFO:root:------ Middle 2: 0.0025478040881357503
12-Nov 17:14:37:INFO:root:------ Middle 1: 0.004668342414140654
12-Nov 17:14:45:INFO:root:------ Middle 2: 0.0025719171210981653
12-Nov 17:14:46:INFO:root:------ Middle 1: 0.004711462349573675
12-Nov 17:14:54:INFO:root:------ Middle 2: 0.0025957847505491865
12-Nov 17:15:27:INFO:root:------ Middle 1: 0.004591519604684406
12-Nov 17:15:35:INFO:root:------ Middle 2: 0.002530259735965582
12-Nov 17:15:55:INFO:root:------ Middle 3: 0.0019379741716901
12-Nov 17:16:04:INFO:root:------ Middle 4: 0.0010748145682561367
12-Nov 17:16:21:INFO:root:------ Middle 3: 0.001955513423498164
12-Nov 17:16:29:INFO:root:------ Middle 4: 0.0010847078706767957
12-Nov 17:16:37:INFO:root:------ Middle 1: 0.0044571639158599895
12-Nov 17:16:40:INFO:root:------ Middle 3: 0.0019784373254781874
12-Nov 17:16:46:INFO:root:------ Middle 2: 0.002456718023721419
12-Nov 17:16:48:INFO:root:------ Middle 4: 0.001097203261819365
12-Nov 17:17:16:INFO:root:------ Middle 1: 0.004364224117577987
12-Nov 17:17:18:INFO:root:------ Middle 3: 0.0019399478073140984
12-Nov 17:17:24:INFO:root:------ Middle 2: 0.002406550394247935
12-Nov 17:17:26:INFO:root:------ Middle 5: 0.0008648884053271411
12-Nov 17:17:26:INFO:root:------ Middle 4: 0.001076090468275077
12-Nov 17:17:34:INFO:root:------ Middle 6: 0.00048170252726024326
12-Nov 17:17:49:INFO:root:------ Middle 1: 0.004198761383463198
12-Nov 17:17:51:INFO:root:------ Middle 5: 0.000882403535380426
12-Nov 17:17:57:INFO:root:------ Middle 2: 0.002315362371924438
12-Nov 17:18:00:INFO:root:------ Middle 6: 0.0004915343515477513
12-Nov 17:18:08:INFO:root:------ Middle 5: 0.0008870765979110645
12-Nov 17:18:08:INFO:root:------ Middle 7: 0.00037832775350083505
12-Nov 17:18:15:INFO:root:------ Middle 6: 0.0004940813565339165
12-Nov 17:18:16:INFO:root:------ Middle 8: 0.0002259803270792061
12-Nov 17:18:17:INFO:root:Starting from 1.1765646448959383e-17
12-Nov 17:18:17:INFO:root:-- Outer 1: 0.025566141747108567
12-Nov 17:18:26:INFO:root:------ Middle 1: 0.0023254200785187908
12-Nov 17:18:34:INFO:root:------ Middle 7: 0.00038744574731418654
12-Nov 17:18:41:INFO:root:------ Middle 3: 0.0019031990869672875
12-Nov 17:18:43:INFO:root:------ Middle 8: 0.0002318393979125914
12-Nov 17:18:43:INFO:root:Starting from 1.1722329980086766e-17
12-Nov 17:18:44:INFO:root:-- Outer 1: 0.024938394480841182
12-Nov 17:18:46:INFO:root:------ Middle 5: 0.0008728940972708415
12-Nov 17:18:47:INFO:root:------ Middle 7: 0.00038996979378256967
12-Nov 17:18:49:INFO:root:------ Middle 4: 0.0010552021239847351
12-Nov 17:18:53:INFO:root:------ Middle 1: 0.002362488580555886
12-Nov 17:18:54:INFO:root:------ Middle 6: 0.0004863484737301839
12-Nov 17:19:00:INFO:root:------ Middle 1: 0.004131572035779011
12-Nov 17:19:03:INFO:root:------ Middle 8: 0.0002442369163740133
12-Nov 17:19:03:INFO:root:Starting from 1.1618931122365166e-17
12-Nov 17:19:03:INFO:root:-- Outer 1: 0.02446350004716883
12-Nov 17:19:09:INFO:root:------ Middle 2: 0.002278560636294785
12-Nov 17:19:13:INFO:root:------ Middle 1: 0.00247299603853396
12-Nov 17:19:21:INFO:root:------ Middle 3: 0.0018818097687887953
12-Nov 17:19:28:INFO:root:------ Middle 7: 0.00038536402040785045
12-Nov 17:19:30:INFO:root:------ Middle 4: 0.001042928610593389
12-Nov 17:19:45:INFO:root:------ Middle 8: 0.00024137481908961906
12-Nov 17:19:45:INFO:root:Starting from 1.1867209430575155e-17
12-Nov 17:19:45:INFO:root:-- Outer 1: 0.02412175088695648
12-Nov 17:19:46:INFO:root:------ Middle 3: 0.0018180222741519423
12-Nov 17:19:54:INFO:root:------ Middle 4: 0.0010086668356235323
12-Nov 17:19:55:INFO:root:------ Middle 1: 0.002457417342364862
12-Nov 17:20:15:INFO:root:------ Middle 5: 0.0008626930429666234
12-Nov 17:20:23:INFO:root:------ Middle 6: 0.0004805168648991165
12-Nov 17:20:49:INFO:root:------ Middle 5: 0.0008466272675484109
12-Nov 17:20:54:INFO:root:------ Middle 7: 0.00038152536801419525
12-Nov 17:20:56:INFO:root:------ Middle 3: 0.0017854267725713562
12-Nov 17:20:57:INFO:root:------ Middle 6: 0.00047223743126645936
12-Nov 17:21:03:INFO:root:------ Middle 4: 0.0009904555244219077
12-Nov 17:21:04:INFO:root:------ Middle 2: 0.0007292759699499066
12-Nov 17:21:10:INFO:root:------ Middle 8: 0.00023805402210796872
12-Nov 17:21:10:INFO:root:Starting from 1.2085593870505535e-17
12-Nov 17:21:11:INFO:root:-- Outer 1: 0.02402838375804128
12-Nov 17:21:11:INFO:root:------ Middle 5: 0.0008265601034328173
12-Nov 17:21:12:INFO:root:------ Middle 3: 0.0004070708267630135
12-Nov 17:21:19:INFO:root:------ Middle 1: 0.0025107078462197215
12-Nov 17:21:20:INFO:root:------ Middle 6: 0.00046112335509865607
12-Nov 17:21:30:INFO:root:------ Middle 7: 0.0003763202985110082
12-Nov 17:21:35:INFO:root:------ Middle 2: 0.00072916960292151
12-Nov 17:21:37:INFO:root:------ Middle 4: 0.0002781676434229408
12-Nov 17:21:38:INFO:root:Starting from 4.055718225687507e-17
12-Nov 17:21:38:INFO:root:-- Outer 2: 0.01241909657754193
12-Nov 17:21:44:INFO:root:------ Middle 3: 0.0004074545358514151
12-Nov 17:21:47:INFO:root:------ Middle 8: 0.0002354634307340095
12-Nov 17:21:47:INFO:root:Starting from 1.202168867861921e-17
12-Nov 17:21:47:INFO:root:------ Middle 1: 0.0004611686662640106
12-Nov 17:21:47:INFO:root:-- Outer 1: 0.023594672586866167
12-Nov 17:21:51:INFO:root:------ Middle 7: 0.0003680501166210233
12-Nov 17:21:56:INFO:root:------ Middle 1: 0.002601809654066445
12-Nov 17:22:06:INFO:root:------ Middle 2: 0.0007740066589535235
12-Nov 17:22:07:INFO:root:------ Middle 8: 0.00023109242099451585
12-Nov 17:22:07:INFO:root:Starting from 1.2058915037799357e-17
12-Nov 17:22:07:INFO:root:-- Outer 1: 0.023004542791366902
12-Nov 17:22:14:INFO:root:------ Middle 3: 0.00043147073557913936
12-Nov 17:22:17:INFO:root:------ Middle 4: 0.00030799158628656777
12-Nov 17:22:22:INFO:root:------ Middle 5: 0.0008100526801769377
12-Nov 17:22:26:INFO:root:------ Middle 5: 0.0001863198599630797
12-Nov 17:22:26:INFO:root:Starting from 5.034185290360079e-17
12-Nov 17:22:26:INFO:root:-- Outer 2: 0.012050571579849829
12-Nov 17:22:30:INFO:root:------ Middle 6: 0.0004517415776547651
12-Nov 17:22:35:INFO:root:------ Middle 1: 0.0005196677435592398
12-Nov 17:22:45:INFO:root:------ Middle 4: 0.00032165478850758664
12-Nov 17:22:53:INFO:root:------ Middle 5: 0.00019478763933011533
12-Nov 17:22:54:INFO:root:Starting from 6.885487745949964e-17
12-Nov 17:22:54:INFO:root:-- Outer 2: 0.01177198478625608
12-Nov 17:22:55:INFO:root:------ Middle 2: 0.0007622446885823682
12-Nov 17:23:00:INFO:root:------ Middle 7: 0.0003599832708576309
12-Nov 17:23:03:INFO:root:------ Middle 1: 0.0005648101683759256
12-Nov 17:23:04:INFO:root:------ Middle 3: 0.00042437519065012443
12-Nov 17:23:17:INFO:root:------ Middle 8: 0.00022611762872486288
12-Nov 17:23:17:INFO:root:Starting from 1.215576850849982e-17
12-Nov 17:23:18:INFO:root:-- Outer 1: 0.022355601403789085
12-Nov 17:23:27:INFO:root:------ Middle 1: 0.0024896999556442245
12-Nov 17:23:35:INFO:root:------ Middle 4: 0.0003192269193223863
12-Nov 17:23:43:INFO:root:------ Middle 5: 0.00019321565122358436
12-Nov 17:23:43:INFO:root:Starting from 4.8120698400916234e-17
12-Nov 17:23:43:INFO:root:-- Outer 2: 0.011562992884712887
12-Nov 17:23:52:INFO:root:------ Middle 1: 0.000522417515290435
12-Nov 17:23:56:INFO:root:------ Middle 2: 0.00038029361096169055
12-Nov 17:24:05:INFO:root:------ Middle 3: 0.00021558192801376775
12-Nov 17:24:05:INFO:root:Starting from 6.49206071325094e-17
12-Nov 17:24:05:INFO:root:-- Outer 3: 0.005217010813370699
12-Nov 17:24:15:INFO:root:------ Middle 1: 0.0002054101181627717
12-Nov 17:24:15:INFO:root:Starting from 5.566480693080753e-17
12-Nov 17:24:15:INFO:root:-- Outer 4: 0.005272575433263774
12-Nov 17:24:22:INFO:root:------ Middle 2: 0.0007850262931846604
12-Nov 17:24:31:INFO:root:------ Middle 3: 0.00043661380679620474
12-Nov 17:24:41:INFO:root:------ Middle 2: 0.00034301398323214764
12-Nov 17:24:49:INFO:root:------ Middle 3: 0.00019525299136923267
12-Nov 17:24:49:INFO:root:Starting from 4.3955581420443516e-17
12-Nov 17:24:49:INFO:root:-- Outer 3: 0.0051205817509754475
12-Nov 17:24:52:INFO:root:------ Middle 2: 0.0007925461504564587
12-Nov 17:24:58:INFO:root:------ Middle 1: 0.000240304319119576
12-Nov 17:24:58:INFO:root:Starting from 5.067825492561313e-17
12-Nov 17:24:58:INFO:root:-- Outer 4: 0.005195917561560666
12-Nov 17:25:01:INFO:root:------ Middle 3: 0.00044134182550348365
12-Nov 17:25:05:INFO:root:------ Middle 4: 0.0003277474858590693
12-Nov 17:25:12:INFO:root:------ Middle 2: 0.0003498386819796702
12-Nov 17:25:13:INFO:root:------ Middle 5: 0.0001977937648750546
12-Nov 17:25:13:INFO:root:Starting from 5.470524800761673e-17
12-Nov 17:25:14:INFO:root:-- Outer 2: 0.011510058974065469
12-Nov 17:25:14:INFO:root:------ Middle 2: 0.0007834874820291086
12-Nov 17:25:20:INFO:root:------ Middle 3: 0.00019869505878433732
12-Nov 17:25:20:INFO:root:Starting from 6.309693051066113e-17
12-Nov 17:25:20:INFO:root:-- Outer 3: 0.005089762663865315
12-Nov 17:25:22:INFO:root:------ Middle 3: 0.000435676332800419
12-Nov 17:25:23:INFO:root:------ Middle 1: 0.0005189105656286553
12-Nov 17:25:28:INFO:root:------ Middle 1: 0.0002821556345610783
12-Nov 17:25:28:INFO:root:Starting from 5.772617504263765e-17
12-Nov 17:25:28:INFO:root:-- Outer 4: 0.005225223930527043
12-Nov 17:25:31:INFO:root:------ Middle 4: 0.00033210313801335995
12-Nov 17:25:40:INFO:root:------ Middle 5: 0.000200908509069358
12-Nov 17:25:40:INFO:root:Starting from 6.063881150958922e-17
12-Nov 17:25:40:INFO:root:-- Outer 2: 0.011370780999408834
12-Nov 17:25:49:INFO:root:------ Middle 1: 0.0005250295992951958
12-Nov 17:25:56:INFO:root:------ Middle 4: 0.000326335174133107
12-Nov 17:26:04:INFO:root:------ Middle 5: 0.00019764757885814494
12-Nov 17:26:05:INFO:root:Starting from 4.745653826531838e-17
12-Nov 17:26:05:INFO:root:-- Outer 2: 0.011082464269729357
12-Nov 17:26:07:INFO:root:------ Middle 2: 0.00032857169977939567
12-Nov 17:26:14:INFO:root:------ Middle 1: 0.00048576488861007085
12-Nov 17:26:14:INFO:root:------ Middle 1: 0.00030873729995624887
12-Nov 17:26:15:INFO:root:------ Middle 2: 0.0007532914759846113
12-Nov 17:26:16:INFO:root:------ Middle 3: 0.000186335212812728
12-Nov 17:26:16:INFO:root:Starting from 5.210291696062171e-17
12-Nov 17:26:16:INFO:root:-- Outer 3: 0.0049081076020498745
12-Nov 17:26:23:INFO:root:------ Middle 2: 0.0001750312299551352
12-Nov 17:26:23:INFO:root:Starting from 6.087954748106512e-17
12-Nov 17:26:23:INFO:root:------ Middle 3: 0.00041926546657094566
12-Nov 17:26:23:INFO:root:-- Outer 5: 0.0014013551595614896
12-Nov 17:26:25:INFO:root:------ Middle 1: 0.0002378388589727452
12-Nov 17:26:25:INFO:root:Starting from 6.663204958842155e-17
12-Nov 17:26:25:INFO:root:-- Outer 4: 0.004926056928183271
12-Nov 17:26:32:INFO:root:------ Middle 1: 0.000186583790201587
12-Nov 17:26:33:INFO:root:Starting from 5.191715107541154e-17
12-Nov 17:26:33:INFO:root:-- Outer 6: 0.0014957808021396467
12-Nov 17:26:54:INFO:root:------ Middle 4: 0.0003149010180588751
12-Nov 17:26:55:INFO:root:------ Middle 1: 0.00034241850714753077
12-Nov 17:27:02:INFO:root:------ Middle 5: 0.00019138901642893686
12-Nov 17:27:03:INFO:root:Starting from 6.449910530181753e-17
12-Nov 17:27:03:INFO:root:-- Outer 2: 0.010790829439016904
12-Nov 17:27:03:INFO:root:------ Middle 2: 0.00019332697752935614
12-Nov 17:27:03:INFO:root:Starting from 5.925466309855748e-17
12-Nov 17:27:03:INFO:root:-- Outer 5: 0.0013451214936195627
12-Nov 17:27:11:INFO:root:------ Middle 1: 0.0004848480869830675
12-Nov 17:27:12:INFO:root:------ Middle 1: 0.00020515488787069635
12-Nov 17:27:13:INFO:root:Starting from 4.8916092448883924e-17
12-Nov 17:27:13:INFO:root:-- Outer 6: 0.0014376405801560938
12-Nov 17:27:21:INFO:root:------ Middle 1: 0.0001658095228630376
12-Nov 17:27:21:INFO:root:Starting from 5.860929998717882e-17
12-Nov 17:27:21:INFO:root:-- Outer 7: 0.000462213332865961
12-Nov 17:27:21:INFO:root:END Outer loop
12-Nov 17:27:24:INFO:root:Model trade shares: [0.96196, 0.927132, 0.992677]
12-Nov 17:27:24:INFO:root:Data trade shares: [0.961578, 0.934257, 0.993842]
12-Nov 17:27:24:INFO:root:US prices: [0.973832, 0.916718, 0.913964]
12-Nov 17:27:24:INFO:root:in the data: [2.5813, 2.43608, 2.43608]
12-Nov 17:27:24:INFO:root:Nominal world expenditure: 1.5181816326606436e7
12-Nov 17:27:24:INFO:root:--------------In the data: [3.7723e7]
12-Nov 17:27:26:INFO:root:--- Period 26 ---
12-Nov 17:27:26:INFO:root:BEGIN Outer loop
12-Nov 17:27:41:INFO:root:------ Middle 2: 0.00033782227830475684
12-Nov 17:27:44:INFO:root:------ Middle 1: 0.00038504142862648714
12-Nov 17:27:49:INFO:root:------ Middle 3: 0.00019128977710821082
12-Nov 17:27:49:INFO:root:Starting from 4.904260831287009e-17
12-Nov 17:27:49:INFO:root:-- Outer 3: 0.0049235401801458875
12-Nov 17:27:52:INFO:root:------ Middle 2: 0.0002150688362765712
12-Nov 17:27:53:INFO:root:Starting from 5.339977411413198e-17
12-Nov 17:27:53:INFO:root:-- Outer 5: 0.0014620168989627554
12-Nov 17:27:58:INFO:root:------ Middle 1: 0.000242788818825232
12-Nov 17:27:58:INFO:root:Starting from 5.749751068400124e-17
12-Nov 17:27:58:INFO:root:-- Outer 4: 0.004962110678472586
12-Nov 17:28:01:INFO:root:------ Middle 1: 0.00018824951369395343
12-Nov 17:28:01:INFO:root:Starting from 5.4523885794920115e-17
12-Nov 17:28:01:INFO:root:-- Outer 7: 0.0004694881606766708
12-Nov 17:28:01:INFO:root:END Outer loop
12-Nov 17:28:02:INFO:root:------ Middle 1: 0.00022432880703766593
12-Nov 17:28:02:INFO:root:Starting from 5.983860933450897e-17
12-Nov 17:28:02:INFO:root:-- Outer 6: 0.0015403981530079359
12-Nov 17:28:04:INFO:root:Model trade shares: [0.964696, 0.925151, 0.992376]
12-Nov 17:28:04:INFO:root:Data trade shares: [0.963666, 0.934551, 0.994086]
12-Nov 17:28:04:INFO:root:US prices: [0.953451, 0.912913, 0.902725]
12-Nov 17:28:04:INFO:root:in the data: [2.67778, 2.5352, 2.5352]
12-Nov 17:28:04:INFO:root:Nominal world expenditure: 1.533126075380829e7
12-Nov 17:28:04:INFO:root:--------------In the data: [4.12361e7]
12-Nov 17:28:06:INFO:root:--- Period 27 ---
12-Nov 17:28:06:INFO:root:------ Middle 2: 0.00033535454068028304
12-Nov 17:28:06:INFO:root:BEGIN Outer loop
12-Nov 17:28:14:INFO:root:------ Middle 3: 0.0001902427562786547
12-Nov 17:28:14:INFO:root:Starting from 5.1627554473108674e-17
12-Nov 17:28:14:INFO:root:-- Outer 3: 0.004842908140172014
12-Nov 17:28:23:INFO:root:------ Middle 1: 0.00022916605013087668
12-Nov 17:28:23:INFO:root:------ Middle 2: 0.0003091836391765193
12-Nov 17:28:23:INFO:root:Starting from 6.466694898946324e-17
12-Nov 17:28:23:INFO:root:-- Outer 4: 0.004855961010923628
12-Nov 17:28:31:INFO:root:------ Middle 3: 0.00017619839715691054
12-Nov 17:28:31:INFO:root:Starting from 6.912716828410447e-17
12-Nov 17:28:31:INFO:root:-- Outer 3: 0.004749695476157489
12-Nov 17:28:35:INFO:root:------ Middle 1: 0.0003123956529319911
12-Nov 17:28:41:INFO:root:------ Middle 1: 0.00019110537088092364
12-Nov 17:28:41:INFO:root:Starting from 6.021706134044847e-17
12-Nov 17:28:41:INFO:root:-- Outer 4: 0.00474436432316224
12-Nov 17:28:44:INFO:root:------ Middle 2: 0.00017592779267818062
12-Nov 17:28:44:INFO:root:Starting from 5.440208743115004e-17
12-Nov 17:28:44:INFO:root:-- Outer 5: 0.0012722842800242838
12-Nov 17:28:48:INFO:root:------ Middle 1: 0.00020529568642665776
12-Nov 17:28:49:INFO:root:Starting from 5.409637568147213e-17
12-Nov 17:28:49:INFO:root:-- Outer 7: 0.0004901460608693685
12-Nov 17:28:49:INFO:root:END Outer loop
12-Nov 17:28:52:INFO:root:Model trade shares: [0.963077, 0.928915, 0.992751]
12-Nov 17:28:52:INFO:root:Data trade shares: [0.960926, 0.936095, 0.990604]
12-Nov 17:28:52:INFO:root:US prices: [0.928931, 0.905104, 0.894273]
12-Nov 17:28:52:INFO:root:in the data: [2.54462, 2.53886, 2.53886]
12-Nov 17:28:52:INFO:root:Nominal world expenditure: 1.5830811154569972e7
12-Nov 17:28:52:INFO:root:--------------In the data: [4.29516e7]
12-Nov 17:28:52:INFO:root:------ Middle 1: 0.00018842052360707286
12-Nov 17:28:53:INFO:root:Starting from 6.195035095613125e-17
12-Nov 17:28:53:INFO:root:-- Outer 6: 0.0013635258383986415
12-Nov 17:28:54:INFO:root:--- Period 28 ---
12-Nov 17:28:54:INFO:root:BEGIN Outer loop
12-Nov 17:29:11:INFO:root:------ Middle 2: 0.00029645663747267015
12-Nov 17:29:12:INFO:root:Starting from 5.88895978170432e-17
12-Nov 17:29:12:INFO:root:-- Outer 3: 0.004717047278878799
12-Nov 17:29:21:INFO:root:------ Middle 1: 0.00021046577481770388
12-Nov 17:29:21:INFO:root:Starting from 6.225406848091546e-17
12-Nov 17:29:21:INFO:root:-- Outer 4: 0.004776412550674229
12-Nov 17:29:32:INFO:root:------ Middle 1: 0.00017760797354296053
12-Nov 17:29:32:INFO:root:Starting from 5.218336135348269e-17
12-Nov 17:29:32:INFO:root:-- Outer 7: 0.00045730462889822187
12-Nov 17:29:32:INFO:root:END Outer loop
12-Nov 17:29:36:INFO:root:Model trade shares: [0.957203, 0.920183, 0.991327]
12-Nov 17:29:36:INFO:root:Data trade shares: [0.960491, 0.93458, 0.986591]
12-Nov 17:29:36:INFO:root:US prices: [0.906149, 0.885371, 0.886653]
12-Nov 17:29:36:INFO:root:in the data: [2.52256, 2.5595, 2.5595]
12-Nov 17:29:36:INFO:root:Nominal world expenditure: 1.6729591808336088e7
12-Nov 17:29:36:INFO:root:--------------In the data: [4.55098e7]
12-Nov 17:29:37:INFO:root:--- Period 29 ---
12-Nov 17:29:38:INFO:root:BEGIN Outer loop
12-Nov 17:30:11:INFO:root:------ Middle 1: 0.0003459570051628106
12-Nov 17:30:20:INFO:root:------ Middle 2: 0.00019364382340399046
12-Nov 17:30:20:INFO:root:Starting from 4.6448900992145365e-17
12-Nov 17:30:20:INFO:root:-- Outer 5: 0.0013323332669382512
12-Nov 17:30:29:INFO:root:------ Middle 1: 0.0002074397500260522
12-Nov 17:30:29:INFO:root:Starting from 5.003092988682362e-17
12-Nov 17:30:29:INFO:root:-- Outer 6: 0.0014207210483545222
12-Nov 17:30:42:INFO:root:------ Middle 1: 0.00030946703352880653
12-Nov 17:30:49:INFO:root:------ Middle 1: 0.00025923448314539604
12-Nov 17:30:49:INFO:root:Starting from 4.681878867096702e-17
12-Nov 17:30:49:INFO:root:-- Outer 5: 0.0011617499485808418
12-Nov 17:30:51:INFO:root:------ Middle 2: 0.0001738344735761501
12-Nov 17:30:51:INFO:root:Starting from 5.754566513414252e-17
12-Nov 17:30:51:INFO:root:-- Outer 5: 0.001278400907257549
12-Nov 17:30:58:INFO:root:------ Middle 1: 0.0002176687306676955
12-Nov 17:30:58:INFO:root:Starting from 3.6260505106196675e-17
12-Nov 17:30:58:INFO:root:-- Outer 6: 0.0011936708202526683
12-Nov 17:31:00:INFO:root:------ Middle 1: 0.00018522521619948718
12-Nov 17:31:00:INFO:root:Starting from 5.0842471383084184e-17
12-Nov 17:31:00:INFO:root:-- Outer 6: 0.0013591500876889934
12-Nov 17:31:08:INFO:root:------ Middle 1: 0.00019989724609541994
12-Nov 17:31:09:INFO:root:Starting from 4.829956062617148e-17
12-Nov 17:31:09:INFO:root:-- Outer 7: 0.0004754717700267779
12-Nov 17:31:09:INFO:root:END Outer loop
12-Nov 17:31:12:INFO:root:Model trade shares: [0.952956, 0.916668, 0.988875]
12-Nov 17:31:12:INFO:root:Data trade shares: [0.959588, 0.937566, 0.971212]
12-Nov 17:31:12:INFO:root:US prices: [0.894322, 0.87973, 0.887817]
12-Nov 17:31:12:INFO:root:in the data: [2.70826, 2.57595, 2.57595]
12-Nov 17:31:12:INFO:root:Nominal world expenditure: 1.6576042444284515e7
12-Nov 17:31:12:INFO:root:--------------In the data: [4.5848e7]
12-Nov 17:31:13:INFO:root:--- Period 30 ---
12-Nov 17:31:14:INFO:root:BEGIN Outer loop
12-Nov 17:31:31:INFO:root:------ Middle 1: 0.00029852279399186283
12-Nov 17:31:31:INFO:root:Starting from 5.3008758258995956e-17
12-Nov 17:31:31:INFO:root:-- Outer 5: 0.0011930849428156975
12-Nov 17:31:37:INFO:root:------ Middle 1: 0.0001715701862883867
12-Nov 17:31:37:INFO:root:Starting from 5.944865591399407e-17
12-Nov 17:31:38:INFO:root:-- Outer 7: 0.0004401606562584308
12-Nov 17:31:38:INFO:root:END Outer loop
12-Nov 17:31:40:INFO:root:------ Middle 1: 0.000168848140351845
12-Nov 17:31:40:INFO:root:------ Middle 1: 0.00024096858397235546
12-Nov 17:31:40:INFO:root:Starting from 5.939878416409241e-17
12-Nov 17:31:40:INFO:root:-- Outer 7: 0.0004479766086315812
12-Nov 17:31:40:INFO:root:Model trade shares: [0.950128, 0.912594, 0.988064]
12-Nov 17:31:40:INFO:root:Data trade shares: [0.950579, 0.929714, 0.991388]
12-Nov 17:31:40:INFO:root:US prices: [0.88741, 0.870727, 0.898729]
12-Nov 17:31:40:INFO:root:in the data: [2.71827, 2.64842, 2.64842]
12-Nov 17:31:40:INFO:root:END Outer loop
12-Nov 17:31:41:INFO:root:Starting from 6.869503176736328e-17
12-Nov 17:31:41:INFO:root:-- Outer 6: 0.0012265334545205199
12-Nov 17:31:41:INFO:root:Nominal world expenditure: 1.7332854467646837e7
12-Nov 17:31:41:INFO:root:--------------In the data: [5.43532e7]
12-Nov 17:31:42:INFO:root:--- Period 31 ---
12-Nov 17:31:43:INFO:root:BEGIN Outer loop
12-Nov 17:31:43:INFO:root:Model trade shares: [0.951504, 0.916679, 0.988945]
12-Nov 17:31:43:INFO:root:Data trade shares: [0.955615, 0.931697, 0.991754]
12-Nov 17:31:43:INFO:root:US prices: [0.886451, 0.873341, 0.891994]
12-Nov 17:31:43:INFO:root:in the data: [2.59006, 2.59665, 2.59665]
12-Nov 17:31:44:INFO:root:Nominal world expenditure: 1.660872783118549e7
12-Nov 17:31:44:INFO:root:--------------In the data: [4.90999e7]
12-Nov 17:31:45:INFO:root:--- Period 32 ---
12-Nov 17:31:46:INFO:root:BEGIN Outer loop
12-Nov 17:32:21:INFO:root:------ Middle 1: 0.00019201622251553325
12-Nov 17:32:21:INFO:root:Starting from 6.605677695432234e-17
12-Nov 17:32:21:INFO:root:-- Outer 7: 0.0004803310060454556
12-Nov 17:32:21:INFO:root:END Outer loop
12-Nov 17:32:24:INFO:root:Model trade shares: [0.946914, 0.912314, 0.986261]
12-Nov 17:32:24:INFO:root:Data trade shares: [0.954902, 0.927282, 0.98849]
12-Nov 17:32:24:INFO:root:US prices: [0.89375, 0.869182, 0.899024]
12-Nov 17:32:24:INFO:root:in the data: [2.81662, 2.76323, 2.76323]
12-Nov 17:32:24:INFO:root:Nominal world expenditure: 1.7736512040823087e7
12-Nov 17:32:24:INFO:root:--------------In the data: [5.52518e7]
12-Nov 17:32:26:INFO:root:--- Period 33 ---
12-Nov 17:32:26:INFO:root:BEGIN Outer loop
12-Nov 17:34:47:INFO:root:------ Middle 1: 0.004149556466435686
12-Nov 17:34:56:INFO:root:------ Middle 2: 0.0022879931305049487
12-Nov 17:34:56:INFO:root:------ Middle 1: 0.004034215071110482
12-Nov 17:35:05:INFO:root:------ Middle 2: 0.0022249455548213806
12-Nov 17:36:02:INFO:root:------ Middle 1: 0.0038811125185489593
12-Nov 17:36:09:INFO:root:------ Middle 2: 0.0021406558535218678
12-Nov 17:36:49:INFO:root:------ Middle 3: 0.001722995917690601
12-Nov 17:36:50:INFO:root:------ Middle 1: 0.0039395601511623985
12-Nov 17:36:51:INFO:root:------ Middle 3: 0.0017734769029323907
12-Nov 17:36:57:INFO:root:------ Middle 4: 0.0009568203048932461
12-Nov 17:36:58:INFO:root:------ Middle 2: 0.002172310493444442
12-Nov 17:37:00:INFO:root:------ Middle 4: 0.0009835298455174275
12-Nov 17:37:58:INFO:root:------ Middle 3: 0.0016756643462415735
12-Nov 17:38:07:INFO:root:------ Middle 4: 0.0009299540681535047
12-Nov 17:38:15:INFO:root:------ Middle 5: 0.000784331122926528
12-Nov 17:38:22:INFO:root:------ Middle 5: 0.0007982991587334525
12-Nov 17:38:24:INFO:root:------ Middle 6: 0.0004380947006668744
12-Nov 17:38:30:INFO:root:------ Middle 6: 0.00044522423786024206
12-Nov 17:38:49:INFO:root:------ Middle 3: 0.0016849744119869416
12-Nov 17:38:56:INFO:root:------ Middle 4: 0.0009348350557503154
12-Nov 17:38:57:INFO:root:------ Middle 7: 0.0003497065392419911
12-Nov 17:38:59:INFO:root:------ Middle 1: 0.00407516707263935
12-Nov 17:39:02:INFO:root:------ Middle 7: 0.0003534911193076472
12-Nov 17:39:08:INFO:root:------ Middle 2: 0.0022465752246416584
12-Nov 17:39:09:INFO:root:------ Middle 1: 0.004440630004420274
12-Nov 17:39:13:INFO:root:------ Middle 8: 0.00021934548001573755
12-Nov 17:39:14:INFO:root:Starting from 1.1695365646256048e-17
12-Nov 17:39:14:INFO:root:-- Outer 1: 0.020883713247696094
12-Nov 17:39:18:INFO:root:------ Middle 2: 0.0024480946780983098
12-Nov 17:39:19:INFO:root:------ Middle 8: 0.00022178074486465553
12-Nov 17:39:19:INFO:root:Starting from 1.17697478816292e-17
12-Nov 17:39:19:INFO:root:-- Outer 1: 0.021657010905249654
12-Nov 17:39:23:INFO:root:------ Middle 1: 0.0024609999321026192
12-Nov 17:39:23:INFO:root:------ Middle 1: 0.004287375270814028
12-Nov 17:39:27:INFO:root:------ Middle 1: 0.004568130971096916
12-Nov 17:39:28:INFO:root:------ Middle 1: 0.002493193201525478
12-Nov 17:39:29:INFO:root:------ Middle 5: 0.0007625449939207114
12-Nov 17:39:31:INFO:root:------ Middle 2: 0.0023636179328209005
12-Nov 17:39:36:INFO:root:------ Middle 2: 0.0025186811014844147
12-Nov 17:39:37:INFO:root:------ Middle 6: 0.00042600964349418744
12-Nov 17:40:08:INFO:root:------ Middle 7: 0.00034110080283561623
12-Nov 17:40:17:INFO:root:------ Middle 5: 0.0007614112761839649
12-Nov 17:40:24:INFO:root:------ Middle 8: 0.00021385190119498925
12-Nov 17:40:24:INFO:root:Starting from 1.2325745723422769e-17
12-Nov 17:40:24:INFO:root:-- Outer 1: 0.02029061812973819
12-Nov 17:40:26:INFO:root:------ Middle 6: 0.0004252688549129648
12-Nov 17:40:34:INFO:root:------ Middle 1: 0.0023629189678747195
12-Nov 17:40:51:INFO:root:------ Middle 3: 0.0017215348547679461
12-Nov 17:40:52:INFO:root:------ Middle 3: 0.0018427503534732407
12-Nov 17:40:58:INFO:root:------ Middle 7: 0.00033968821037822454
12-Nov 17:40:59:INFO:root:------ Middle 4: 0.0009553588816725106
12-Nov 17:41:00:INFO:root:------ Middle 4: 0.001021693800534762
12-Nov 17:41:06:INFO:root:------ Middle 3: 0.001884693071344645
12-Nov 17:41:14:INFO:root:------ Middle 4: 0.0010448680703704202
12-Nov 17:41:15:INFO:root:------ Middle 8: 0.00021267596712338908
12-Nov 17:41:15:INFO:root:Starting from 1.2324871903354961e-17
12-Nov 17:41:15:INFO:root:-- Outer 1: 0.01978059621165942
12-Nov 17:41:16:INFO:root:------ Middle 3: 0.0017904035751663153
12-Nov 17:41:24:INFO:root:------ Middle 4: 0.0009930597243098267
12-Nov 17:41:25:INFO:root:------ Middle 1: 0.002362873671072382
12-Nov 17:42:00:INFO:root:------ Middle 2: 0.0007512386213939832
12-Nov 17:42:08:INFO:root:------ Middle 2: 0.0007677045392634806
12-Nov 17:42:08:INFO:root:------ Middle 3: 0.0004176487723228064
12-Nov 17:42:11:INFO:root:------ Middle 5: 0.0008155926478036303
12-Nov 17:42:16:INFO:root:------ Middle 3: 0.00042684368174364086
12-Nov 17:42:19:INFO:root:------ Middle 5: 0.0007778964123117711
12-Nov 17:42:19:INFO:root:------ Middle 6: 0.00045479624715677057
12-Nov 17:42:25:INFO:root:------ Middle 5: 0.0008344298974272533
12-Nov 17:42:27:INFO:root:------ Middle 6: 0.000434185620133477
12-Nov 17:42:33:INFO:root:------ Middle 6: 0.000464773512942736
12-Nov 17:42:40:INFO:root:------ Middle 4: 0.00031256246770565335
12-Nov 17:42:43:INFO:root:------ Middle 7: 0.0003245520162159891
12-Nov 17:42:44:INFO:root:------ Middle 5: 0.0007982187083266361
12-Nov 17:42:48:INFO:root:------ Middle 5: 0.00018928376935482442
12-Nov 17:42:48:INFO:root:Starting from 4.756902618823912e-17
12-Nov 17:42:48:INFO:root:-- Outer 2: 0.010246858564960609
12-Nov 17:42:49:INFO:root:------ Middle 4: 0.00031968768859395234
12-Nov 17:42:51:INFO:root:------ Middle 8: 0.00021191723469309287
12-Nov 17:42:51:INFO:root:Starting from 1.1598098493241285e-17
12-Nov 17:42:51:INFO:root:-- Outer 1: 0.01924232416291862
12-Nov 17:42:53:INFO:root:------ Middle 6: 0.000445094246845101
12-Nov 17:42:56:INFO:root:------ Middle 7: 0.0003283274676488722
12-Nov 17:42:57:INFO:root:------ Middle 1: 0.0005158336838413223
12-Nov 17:42:57:INFO:root:------ Middle 5: 0.00019389775153899765
12-Nov 17:42:58:INFO:root:Starting from 5.1714536917879e-17
12-Nov 17:42:58:INFO:root:-- Outer 2: 0.01056004697183222
12-Nov 17:42:59:INFO:root:------ Middle 7: 0.0003457185908979598
12-Nov 17:43:00:INFO:root:------ Middle 1: 0.002649272472240394
12-Nov 17:43:05:INFO:root:------ Middle 8: 0.0002144300580974277
12-Nov 17:43:05:INFO:root:Starting from 1.1589071384649156e-17
12-Nov 17:43:05:INFO:root:-- Outer 1: 0.01955565900640245
12-Nov 17:43:06:INFO:root:------ Middle 1: 0.0005281718145313323
12-Nov 17:43:14:INFO:root:------ Middle 1: 0.0026770907596413884
12-Nov 17:43:16:INFO:root:------ Middle 2: 0.0007120926975734689
12-Nov 17:43:16:INFO:root:------ Middle 8: 0.00021684740274310503
12-Nov 17:43:16:INFO:root:Starting from 1.2178263225120161e-17
12-Nov 17:43:16:INFO:root:-- Outer 1: 0.01930092089299516
12-Nov 17:43:24:INFO:root:------ Middle 3: 0.00039633771385461124
12-Nov 17:43:25:INFO:root:------ Middle 7: 0.0003507582876862258
12-Nov 17:43:26:INFO:root:------ Middle 1: 0.002411454898916461
12-Nov 17:43:40:INFO:root:------ Middle 8: 0.00021926731557769897
12-Nov 17:43:41:INFO:root:Starting from 1.1861537615656129e-17
12-Nov 17:43:41:INFO:root:-- Outer 1: 0.019166337164055997
12-Nov 17:43:50:INFO:root:------ Middle 1: 0.0024420317962494807
12-Nov 17:43:55:INFO:root:------ Middle 4: 0.00029791936964343045
12-Nov 17:43:55:INFO:root:Starting from 6.084222897265069e-17
12-Nov 17:43:55:INFO:root:-- Outer 2: 0.010013565897576964
12-Nov 17:44:04:INFO:root:------ Middle 1: 0.00044507444401430807
12-Nov 17:44:06:INFO:root:------ Middle 2: 0.0007257766025589455
12-Nov 17:44:15:INFO:root:------ Middle 3: 0.0004034022863223001
12-Nov 17:44:48:INFO:root:------ Middle 4: 0.00030186786909448636
12-Nov 17:44:56:INFO:root:------ Middle 2: 0.00029595734975303584
12-Nov 17:44:56:INFO:root:Starting from 5.598039765101983e-17
12-Nov 17:44:56:INFO:root:-- Outer 3: 0.004542334846743055
12-Nov 17:44:57:INFO:root:------ Middle 5: 0.00018378135885548476
12-Nov 17:44:57:INFO:root:Starting from 6.143033770658102e-17
12-Nov 17:44:57:INFO:root:-- Outer 2: 0.00978229353675302
12-Nov 17:45:05:INFO:root:------ Middle 1: 0.0002778248295359861
12-Nov 17:45:06:INFO:root:Starting from 5.740575099554147e-17
12-Nov 17:45:06:INFO:root:------ Middle 2: 0.0003066324237383163
12-Nov 17:45:06:INFO:root:-- Outer 4: 0.004634729573465746
12-Nov 17:45:06:INFO:root:------ Middle 1: 0.0004977283329605465
12-Nov 17:45:14:INFO:root:------ Middle 3: 0.00017483966655504064
12-Nov 17:45:14:INFO:root:Starting from 6.154590478396963e-17
12-Nov 17:45:15:INFO:root:-- Outer 3: 0.004624400609164978
12-Nov 17:45:18:INFO:root:------ Middle 2: 0.0007810805486307182
12-Nov 17:45:19:INFO:root:------ Middle 2: 0.0008076468799456413
12-Nov 17:45:23:INFO:root:------ Middle 1: 0.00027129524838214077
12-Nov 17:45:24:INFO:root:Starting from 3.7507292089894104e-17
12-Nov 17:45:24:INFO:root:-- Outer 4: 0.004659957321082825
12-Nov 17:45:25:INFO:root:------ Middle 3: 0.00043476877070831654
12-Nov 17:45:27:INFO:root:------ Middle 3: 0.00044948157997172825
12-Nov 17:45:58:INFO:root:------ Middle 4: 0.00033192775619208403
12-Nov 17:45:58:INFO:root:------ Middle 4: 0.00032110235831151444
12-Nov 17:46:02:INFO:root:------ Middle 2: 0.0003170056040666936
12-Nov 17:46:06:INFO:root:------ Middle 5: 0.00020476596252858164
12-Nov 17:46:07:INFO:root:Starting from 5.851244954554882e-17
12-Nov 17:46:07:INFO:root:-- Outer 2: 0.009862802505031147
12-Nov 17:46:07:INFO:root:------ Middle 2: 0.0007360447349421569
12-Nov 17:46:07:INFO:root:------ Middle 5: 0.00019759213809410347
12-Nov 17:46:07:INFO:root:Starting from 6.771236757004613e-17
12-Nov 17:46:07:INFO:root:-- Outer 2: 0.009842382524585082
12-Nov 17:46:10:INFO:root:------ Middle 3: 0.00018090986475713112
12-Nov 17:46:10:INFO:root:Starting from 4.809807515792104e-17
12-Nov 17:46:10:INFO:root:-- Outer 3: 0.0043972057798176275
12-Nov 17:46:15:INFO:root:------ Middle 3: 0.0004089237915251395
12-Nov 17:46:16:INFO:root:------ Middle 1: 0.0005444219862434313
12-Nov 17:46:16:INFO:root:------ Middle 1: 0.0006931104127132721
12-Nov 17:46:19:INFO:root:------ Middle 1: 0.00021059217053578578
12-Nov 17:46:20:INFO:root:Starting from 4.1029047453650444e-17
12-Nov 17:46:20:INFO:root:-- Outer 4: 0.00440799629084036
12-Nov 17:46:21:INFO:root:------ Middle 2: 0.0007440101502900103
12-Nov 17:46:28:INFO:root:------ Middle 3: 0.00041391310888902943
12-Nov 17:46:46:INFO:root:------ Middle 4: 0.00030367125741359607
12-Nov 17:46:54:INFO:root:------ Middle 5: 0.0001865767755794225
12-Nov 17:46:54:INFO:root:Starting from 7.101630862266385e-17
12-Nov 17:46:54:INFO:root:-- Outer 2: 0.009596695633661832
12-Nov 17:47:01:INFO:root:------ Middle 4: 0.0003067759228316101
12-Nov 17:47:02:INFO:root:------ Middle 1: 0.0005034757746235739
12-Nov 17:47:08:INFO:root:------ Middle 5: 0.000188129695660779
12-Nov 17:47:09:INFO:root:Starting from 4.758029280393365e-17
12-Nov 17:47:09:INFO:root:-- Outer 2: 0.00956024156530154
12-Nov 17:47:11:INFO:root:------ Middle 1: 0.00035122736892714243
12-Nov 17:47:12:INFO:root:------ Middle 2: 0.0002855229381613123
12-Nov 17:47:12:INFO:root:Starting from 4.908742310365443e-17
12-Nov 17:47:12:INFO:root:-- Outer 3: 0.004348595534972649
12-Nov 17:47:17:INFO:root:------ Middle 1: 0.0005404893380829035
12-Nov 17:47:20:INFO:root:------ Middle 2: 0.00019655276475573222
12-Nov 17:47:20:INFO:root:Starting from 6.698123454972388e-17
12-Nov 17:47:20:INFO:root:-- Outer 5: 0.0012290612592935433
12-Nov 17:47:21:INFO:root:------ Middle 1: 0.00026111411465946953
12-Nov 17:47:21:INFO:root:Starting from 6.159240835677388e-17
12-Nov 17:47:21:INFO:root:-- Outer 4: 0.004434067165854292
12-Nov 17:47:28:INFO:root:------ Middle 1: 0.00019983275727512043
12-Nov 17:47:28:INFO:root:Starting from 5.623694610683416e-17
12-Nov 17:47:29:INFO:root:-- Outer 6: 0.0013193917945073744
12-Nov 17:47:29:INFO:root:------ Middle 1: 0.00034135934929029163
12-Nov 17:47:38:INFO:root:------ Middle 2: 0.00019082503578266843
12-Nov 17:47:38:INFO:root:Starting from 3.307369140033517e-17
12-Nov 17:47:38:INFO:root:-- Outer 5: 0.0012625777685549488
12-Nov 17:47:47:INFO:root:------ Middle 1: 0.0002018280249654094
12-Nov 17:47:47:INFO:root:Starting from 6.936784804819943e-17
12-Nov 17:47:47:INFO:root:-- Outer 6: 0.0013473657739667042
12-Nov 17:48:00:INFO:root:------ Middle 2: 0.0003006571005329998
12-Nov 17:48:07:INFO:root:------ Middle 1: 0.0001879381379767335
12-Nov 17:48:07:INFO:root:Starting from 6.159050721655312e-17
12-Nov 17:48:08:INFO:root:-- Outer 7: 0.0004965715518452202
12-Nov 17:48:08:INFO:root:END Outer loop
12-Nov 17:48:08:INFO:root:------ Middle 3: 0.00017275392869112047
12-Nov 17:48:08:INFO:root:Starting from 5.357913733020719e-17
12-Nov 17:48:08:INFO:root:-- Outer 3: 0.004383911864551003
12-Nov 17:48:10:INFO:root:Model trade shares: [0.939411, 0.914435, 0.982286]
12-Nov 17:48:10:INFO:root:Data trade shares: [0.944757, 0.931965, 0.986375]
12-Nov 17:48:10:INFO:root:US prices: [0.897231, 0.851532, 0.875848]
12-Nov 17:48:10:INFO:root:in the data: [2.85731, 2.74066, 2.74066]
12-Nov 17:48:11:INFO:root:Nominal world expenditure: 1.782050447656819e7
12-Nov 17:48:11:INFO:root:--------------In the data: [5.4623e7]
12-Nov 17:48:12:INFO:root:--- Period 34 ---
12-Nov 17:48:12:INFO:root:------ Middle 2: 0.0003194210682896604
12-Nov 17:48:13:INFO:root:BEGIN Outer loop
12-Nov 17:48:17:INFO:root:------ Middle 1: 0.00027718868590065386
12-Nov 17:48:17:INFO:root:Starting from 5.90598937187753e-17
12-Nov 17:48:17:INFO:root:-- Outer 4: 0.004354872418824992
12-Nov 17:48:21:INFO:root:------ Middle 3: 0.00018139305328255227
12-Nov 17:48:21:INFO:root:Starting from 5.0567353611848586e-17
12-Nov 17:48:21:INFO:root:-- Outer 3: 0.0044681794182984055
12-Nov 17:48:29:INFO:root:------ Middle 1: 0.00019245781528128884
12-Nov 17:48:29:INFO:root:Starting from 6.99618976114753e-17
12-Nov 17:48:29:INFO:root:-- Outer 7: 0.0004857090316913335
12-Nov 17:48:29:INFO:root:END Outer loop
12-Nov 17:48:30:INFO:root:------ Middle 1: 0.0002809388110612031
12-Nov 17:48:30:INFO:root:------ Middle 1: 0.00040518861305755775
12-Nov 17:48:30:INFO:root:Starting from 7.346682357433557e-17
12-Nov 17:48:30:INFO:root:-- Outer 5: 0.0011411961361761482
12-Nov 17:48:32:INFO:root:Model trade shares: [0.943829, 0.912852, 0.981857]
12-Nov 17:48:32:INFO:root:Data trade shares: [0.951101, 0.932187, 0.983861]
12-Nov 17:48:32:INFO:root:US prices: [0.897001, 0.862515, 0.889463]
12-Nov 17:48:32:INFO:root:in the data: [2.96009, 2.78199, 2.78199]
12-Nov 17:48:33:INFO:root:Nominal world expenditure: 1.7924543777680118e7
12-Nov 17:48:33:INFO:root:--------------In the data: [5.49713e7]
12-Nov 17:48:34:INFO:root:--- Period 35 ---
12-Nov 17:48:35:INFO:root:BEGIN Outer loop
12-Nov 17:48:39:INFO:root:------ Middle 1: 0.00023391264395486146
12-Nov 17:48:39:INFO:root:Starting from 3.6808977777696843e-17
12-Nov 17:48:39:INFO:root:-- Outer 6: 0.0011733636464072977
12-Nov 17:49:03:INFO:root:------ Middle 2: 0.0002842748452384687
12-Nov 17:49:03:INFO:root:Starting from 6.371189694186698e-17
12-Nov 17:49:03:INFO:root:-- Outer 3: 0.004276231859321396
12-Nov 17:49:04:INFO:root:------ Middle 2: 0.00029046114227797504
12-Nov 17:49:04:INFO:root:Starting from 5.0433701983329226e-17
12-Nov 17:49:04:INFO:root:-- Outer 3: 0.004327022505307626
12-Nov 17:49:13:INFO:root:------ Middle 1: 0.00025344393062354893
12-Nov 17:49:13:INFO:root:Starting from 4.7515786614543305e-17
12-Nov 17:49:13:INFO:root:-- Outer 4: 0.004358138683583681
12-Nov 17:49:14:INFO:root:------ Middle 1: 0.0002999149698783216
12-Nov 17:49:14:INFO:root:Starting from 4.519633113821065e-17
12-Nov 17:49:14:INFO:root:-- Outer 4: 0.004415569687067279
12-Nov 17:49:20:INFO:root:------ Middle 1: 0.000189285049401255
12-Nov 17:49:20:INFO:root:Starting from 5.789455108358997e-17
12-Nov 17:49:20:INFO:root:-- Outer 7: 0.00045587569973317907
12-Nov 17:49:20:INFO:root:END Outer loop
12-Nov 17:49:23:INFO:root:Model trade shares: [0.938099, 0.917176, 0.981624]
12-Nov 17:49:23:INFO:root:Data trade shares: [0.943324, 0.928045, 0.988948]
12-Nov 17:49:23:INFO:root:US prices: [0.892581, 0.844271, 0.865152]
12-Nov 17:49:23:INFO:root:in the data: [2.94743, 2.7898, 2.7898]
12-Nov 17:49:23:INFO:root:Nominal world expenditure: 1.7868860552753896e7
12-Nov 17:49:23:INFO:root:--------------In the data: [5.65242e7]
12-Nov 17:49:25:INFO:root:--- Period 36 ---
12-Nov 17:49:25:INFO:root:BEGIN Outer loop
12-Nov 17:49:33:INFO:root:------ Middle 1: 0.00033078768970817217
12-Nov 17:49:41:INFO:root:------ Middle 2: 0.00018534414021429703
12-Nov 17:49:42:INFO:root:Starting from 5.724967893639111e-17
12-Nov 17:49:42:INFO:root:-- Outer 5: 0.0011606363870714168
12-Nov 17:49:51:INFO:root:------ Middle 1: 0.00018748230540156273
12-Nov 17:49:51:INFO:root:Starting from 5.699208085550207e-17
12-Nov 17:49:51:INFO:root:-- Outer 6: 0.0012458871770101253
12-Nov 17:49:51:INFO:root:------ Middle 2: 0.00022599116544403213
12-Nov 17:49:51:INFO:root:Starting from 4.517395832296654e-17
12-Nov 17:49:52:INFO:root:-- Outer 4: 0.0019804011046716534
12-Nov 17:50:01:INFO:root:------ Middle 1: 0.0003090868326166918
12-Nov 17:50:13:INFO:root:------ Middle 1: 0.0003409514465299516
12-Nov 17:50:21:INFO:root:------ Middle 2: 0.0001911896222711383
12-Nov 17:50:21:INFO:root:Starting from 5.492121276575918e-17
12-Nov 17:50:21:INFO:root:-- Outer 5: 0.0012286140249747027
12-Nov 17:50:29:INFO:root:------ Middle 1: 0.00020537753052397132
12-Nov 17:50:29:INFO:root:Starting from 5.485834002979857e-17
12-Nov 17:50:29:INFO:root:-- Outer 6: 0.001336117725200107
12-Nov 17:50:32:INFO:root:------ Middle 2: 0.00016526395813603028
12-Nov 17:50:33:INFO:root:Starting from 5.5442983826395465e-17
12-Nov 17:50:33:INFO:root:-- Outer 5: 0.0010855727412194991
12-Nov 17:50:34:INFO:root:------ Middle 1: 0.00017648850859059255
12-Nov 17:50:35:INFO:root:Starting from 6.800025679366032e-17
12-Nov 17:50:35:INFO:root:-- Outer 7: 0.0004793746839845551
12-Nov 17:50:35:INFO:root:END Outer loop
12-Nov 17:50:38:INFO:root:Model trade shares: [0.944339, 0.917627, 0.983597]
12-Nov 17:50:38:INFO:root:Data trade shares: [0.949239, 0.924453, 0.987338]
12-Nov 17:50:38:INFO:root:US prices: [0.882038, 0.839712, 0.861486]
12-Nov 17:50:38:INFO:root:in the data: [2.95883, 2.79593, 2.79593]
12-Nov 17:50:38:INFO:root:Nominal world expenditure: 1.8166575649352804e7
12-Nov 17:50:38:INFO:root:--------------In the data: [5.8302e7]
12-Nov 17:50:41:INFO:root:------ Middle 1: 0.00023108688661852253
12-Nov 17:50:42:INFO:root:Starting from 6.19838316266389e-17
12-Nov 17:50:42:INFO:root:-- Outer 6: 0.001139309599163107
12-Nov 17:51:08:INFO:root:------ Middle 1: 0.00020811475270904973
12-Nov 17:51:08:INFO:root:Starting from 4.478642091922167e-17
12-Nov 17:51:08:INFO:root:-- Outer 7: 0.0005329685006467848
12-Nov 17:51:08:INFO:root:END Outer loop
12-Nov 17:51:11:INFO:root:Model trade shares: [0.957803, 0.91665, 0.978671]
12-Nov 17:51:11:INFO:root:Data trade shares: [0.95528, 0.914832, 0.982791]
12-Nov 17:51:11:INFO:root:US prices: [0.931599, 0.85896, 0.939154]
12-Nov 17:51:11:INFO:root:in the data: [3.32883, 3.15407, 3.15407]
12-Nov 17:51:11:INFO:root:Nominal world expenditure: 2.27696719892109e7
12-Nov 17:51:11:INFO:root:--------------In the data: [7.56745e7]
12-Nov 17:51:14:INFO:root:------ Middle 1: 0.0002529594648804799
12-Nov 17:51:14:INFO:root:Starting from 6.646545102549147e-17
12-Nov 17:51:14:INFO:root:-- Outer 7: 0.00043164783568229676
12-Nov 17:51:14:INFO:root:END Outer loop
12-Nov 17:51:17:INFO:root:Model trade shares: [0.944261, 0.891611, 0.979331]
12-Nov 17:51:17:INFO:root:Data trade shares: [0.95138, 0.919234, 0.983181]
12-Nov 17:51:17:INFO:root:US prices: [0.875021, 0.838323, 0.90693]
12-Nov 17:51:17:INFO:root:in the data: [3.11354, 3.01039, 3.01039]
12-Nov 17:51:17:INFO:root:Nominal world expenditure: 2.0080870342875198e7
12-Nov 17:51:17:INFO:root:--------------In the data: [6.70931e7]
12-Nov 17:51:22:INFO:root:------ Middle 1: 0.00036222905746939414
12-Nov 17:51:30:INFO:root:------ Middle 2: 0.0002022784421929306
12-Nov 17:51:30:INFO:root:Starting from 6.442699780854127e-17
12-Nov 17:51:30:INFO:root:-- Outer 5: 0.0012091166064427646
12-Nov 17:51:32:INFO:root:------ Middle 1: 0.000321466241016672
12-Nov 17:51:39:INFO:root:------ Middle 1: 0.00020365992201350599
12-Nov 17:51:39:INFO:root:Starting from 8.240709472774948e-17
12-Nov 17:51:40:INFO:root:-- Outer 6: 0.0012941938046912228
12-Nov 17:51:40:INFO:root:------ Middle 2: 0.0001801482730552553
12-Nov 17:51:40:INFO:root:Starting from 7.030584512291102e-17
12-Nov 17:51:40:INFO:root:-- Outer 5: 0.0011733027379332219
12-Nov 17:51:49:INFO:root:------ Middle 1: 0.00018293108504266863
12-Nov 17:51:49:INFO:root:Starting from 6.804379767582331e-17
12-Nov 17:51:49:INFO:root:-- Outer 6: 0.0012560628112840196
12-Nov 17:52:18:INFO:root:------ Middle 1: 0.0001940427570863351
12-Nov 17:52:18:INFO:root:Starting from 5.737411720976405e-17
12-Nov 17:52:18:INFO:root:-- Outer 7: 0.0004973113990484001
12-Nov 17:52:18:INFO:root:END Outer loop
12-Nov 17:52:21:INFO:root:Model trade shares: [0.946859, 0.915964, 0.979177]
12-Nov 17:52:21:INFO:root:Data trade shares: [0.946294, 0.923226, 0.982471]
12-Nov 17:52:21:INFO:root:US prices: [0.85301, 0.831214, 0.874949]
12-Nov 17:52:21:INFO:root:in the data: [2.69951, 2.89119, 2.89119]
12-Nov 17:52:22:INFO:root:Nominal world expenditure: 1.916873017204322e7
12-Nov 17:52:22:INFO:root:--------------In the data: [5.96564e7]
12-Nov 17:52:37:INFO:root:------ Middle 1: 0.00016317364154292644
12-Nov 17:52:37:INFO:root:Starting from 4.7435685390395195e-17
12-Nov 17:52:37:INFO:root:-- Outer 7: 0.00044872991522032317
12-Nov 17:52:37:INFO:root:END Outer loop
12-Nov 17:52:40:INFO:root:Model trade shares: [0.948067, 0.919275, 0.985375]
12-Nov 17:52:40:INFO:root:Data trade shares: [0.951781, 0.9268, 0.989231]
12-Nov 17:52:40:INFO:root:US prices: [0.860559, 0.833877, 0.862324]
12-Nov 17:52:40:INFO:root:in the data: [2.94894, 2.90959, 2.90959]
12-Nov 17:52:40:INFO:root:Nominal world expenditure: 1.8348006703767665e7
12-Nov 17:52:40:INFO:root:--------------In the data: [5.76528e7]
12-Nov 17:54:46:INFO:root:------ Middle 1: 0.004569001869597834
12-Nov 17:54:51:INFO:root:------ Middle 1: 0.004546596259069433
12-Nov 17:54:54:INFO:root:------ Middle 2: 0.002519341632416074
12-Nov 17:54:59:INFO:root:------ Middle 2: 0.0025070808261415086
12-Nov 17:55:39:INFO:root:------ Middle 1: 0.004254653708257306
12-Nov 17:55:46:INFO:root:------ Middle 2: 0.002345677203333165
12-Nov 17:56:18:INFO:root:------ Middle 3: 0.0018825292145932407
12-Nov 17:56:20:INFO:root:------ Middle 3: 0.0018627100257104876
12-Nov 17:56:26:INFO:root:------ Middle 4: 0.00104307897217187
12-Nov 17:56:27:INFO:root:------ Middle 4: 0.0010322670501172137
12-Nov 17:57:09:INFO:root:------ Middle 3: 0.0017539669830080604
12-Nov 17:57:16:INFO:root:------ Middle 4: 0.0009709774294372585
12-Nov 17:57:33:INFO:root:------ Middle 5: 0.000829810697389952
12-Nov 17:57:34:INFO:root:------ Middle 5: 0.0008185386354118278
12-Nov 17:57:40:INFO:root:------ Middle 6: 0.0004619398792001671
12-Nov 17:57:42:INFO:root:------ Middle 6: 0.00045525966399889847
12-Nov 17:58:03:INFO:root:------ Middle 7: 0.00032594043839554755
12-Nov 17:58:06:INFO:root:------ Middle 7: 0.0003201577683080874
12-Nov 17:58:10:INFO:root:------ Middle 8: 0.00021237287398949447
12-Nov 17:58:11:INFO:root:Starting from 1.1572775717395072e-17
12-Nov 17:58:11:INFO:root:-- Outer 1: 0.01958848092036212
12-Nov 17:58:14:INFO:root:------ Middle 8: 0.00020790115580462276
12-Nov 17:58:14:INFO:root:Starting from 1.1277703345204326e-17
12-Nov 17:58:14:INFO:root:-- Outer 1: 0.01897060373661011
12-Nov 17:58:19:INFO:root:------ Middle 1: 0.0026014467953584053
12-Nov 17:58:22:INFO:root:------ Middle 1: 0.002372645098032652
12-Nov 17:58:23:INFO:root:------ Middle 5: 0.0007740402427097622
12-Nov 17:58:31:INFO:root:------ Middle 6: 0.0004303358121592317
12-Nov 17:58:53:INFO:root:------ Middle 7: 0.0003039654235154778
12-Nov 17:59:02:INFO:root:------ Middle 8: 0.0001983653301966602
12-Nov 17:59:02:INFO:root:Starting from 1.1366713119045979e-17
12-Nov 17:59:02:INFO:root:-- Outer 1: 0.018082406060115307
12-Nov 17:59:10:INFO:root:------ Middle 1: 0.0021920877019876548
12-Nov 18:00:15:INFO:root:------ Middle 2: 0.0006775804482717315
12-Nov 18:00:20:INFO:root:------ Middle 2: 0.0007922955625375771
12-Nov 18:00:23:INFO:root:------ Middle 3: 0.00037804732311805305
12-Nov 18:00:27:INFO:root:------ Middle 3: 0.00044071280031415924
12-Nov 18:00:53:INFO:root:------ Middle 4: 0.0002802400741257619
12-Nov 18:00:53:INFO:root:Starting from 5.248819161769053e-17
12-Nov 18:00:53:INFO:root:-- Outer 2: 0.009648969845587175
12-Nov 18:00:58:INFO:root:------ Middle 4: 0.00032267774112918173
12-Nov 18:01:02:INFO:root:------ Middle 1: 0.0005675303105923604
12-Nov 18:01:02:INFO:root:------ Middle 2: 0.0006347188145483955
12-Nov 18:01:06:INFO:root:------ Middle 5: 0.00019884991451128313
12-Nov 18:01:06:INFO:root:Starting from 4.703209730964567e-17
12-Nov 18:01:06:INFO:root:-- Outer 2: 0.009851169574816583
12-Nov 18:01:10:INFO:root:------ Middle 3: 0.0003521150158924606
12-Nov 18:01:14:INFO:root:------ Middle 1: 0.0005504298090509025
12-Nov 18:01:41:INFO:root:------ Middle 4: 0.00025885924585773696
12-Nov 18:01:41:INFO:root:Starting from 6.316907665986207e-17
12-Nov 18:01:41:INFO:root:-- Outer 2: 0.009158982679207717
12-Nov 18:01:50:INFO:root:------ Middle 1: 0.00045246574701478985
12-Nov 18:02:46:INFO:root:------ Middle 2: 0.0003256508532289358
12-Nov 18:02:54:INFO:root:------ Middle 3: 0.0001861553465426091
12-Nov 18:02:54:INFO:root:Starting from 6.296184850731366e-17
12-Nov 18:02:54:INFO:root:-- Outer 3: 0.004385034440365484
12-Nov 18:02:59:INFO:root:------ Middle 2: 0.0003039651353727903
12-Nov 18:03:03:INFO:root:------ Middle 1: 0.00032239213562115326
12-Nov 18:03:07:INFO:root:------ Middle 3: 0.0001740426291135805
12-Nov 18:03:07:INFO:root:Starting from 5.225844641302632e-17
12-Nov 18:03:07:INFO:root:-- Outer 3: 0.004445122086965538
12-Nov 18:03:16:INFO:root:------ Middle 1: 0.00030759094196138086
12-Nov 18:03:34:INFO:root:------ Middle 2: 0.00026621030067910706
12-Nov 18:03:34:INFO:root:Starting from 6.730820085194161e-17
12-Nov 18:03:34:INFO:root:-- Outer 3: 0.004097642722723525
12-Nov 18:03:42:INFO:root:------ Middle 1: 0.0002261488175344062
12-Nov 18:03:42:INFO:root:Starting from 6.890403544950269e-17
12-Nov 18:03:43:INFO:root:-- Outer 4: 0.004056851372968474
12-Nov 18:04:17:INFO:root:------ Middle 2: 0.00021913388803201169
12-Nov 18:04:17:INFO:root:Starting from 5.719799217672152e-17
12-Nov 18:04:17:INFO:root:-- Outer 4: 0.0019093005285361624
12-Nov 18:04:25:INFO:root:------ Middle 1: 0.00025366541370517616
12-Nov 18:04:26:INFO:root:Starting from 7.89949200278534e-17
12-Nov 18:04:26:INFO:root:-- Outer 5: 0.001949283713530429
12-Nov 18:04:32:INFO:root:------ Middle 2: 0.00021572660289908763
12-Nov 18:04:32:INFO:root:Starting from 5.3773628814758254e-17
12-Nov 18:04:33:INFO:root:-- Outer 4: 0.0019333474239987035
12-Nov 18:04:41:INFO:root:------ Middle 1: 0.00024994056424151824
12-Nov 18:04:41:INFO:root:Starting from 6.479101478715737e-17
12-Nov 18:04:41:INFO:root:-- Outer 5: 0.00193490603782135
12-Nov 18:05:03:INFO:root:------ Middle 1: 0.00028564151194014067
12-Nov 18:05:03:INFO:root:Starting from 3.860593338686703e-17
12-Nov 18:05:03:INFO:root:-- Outer 6: 0.0006653778534177701
12-Nov 18:05:03:INFO:root:END Outer loop
12-Nov 18:05:06:INFO:root:Model trade shares: [0.960392, 0.891722, 0.960644]
12-Nov 18:05:06:INFO:root:Data trade shares: [0.954831, 0.902146, 0.983572]
12-Nov 18:05:06:INFO:root:US prices: [1.13802, 0.949918, 1.0362]
12-Nov 18:05:06:INFO:root:in the data: [3.88449, 3.20236, 3.20236]
12-Nov 18:05:06:INFO:root:Nominal world expenditure: 2.948755055108062e7
12-Nov 18:05:06:INFO:root:--------------In the data: [8.8489e7]
12-Nov 18:05:18:INFO:root:------ Middle 1: 0.0002911788150590857
12-Nov 18:05:19:INFO:root:Starting from 7.28008849587008e-17
12-Nov 18:05:19:INFO:root:------ Middle 1: 0.0002740554786729091
12-Nov 18:05:19:INFO:root:-- Outer 6: 0.0006406116340698599
12-Nov 18:05:19:INFO:root:END Outer loop
12-Nov 18:05:19:INFO:root:Starting from 4.9443309378943335e-17
12-Nov 18:05:19:INFO:root:-- Outer 5: 0.0009627638800152669
12-Nov 18:05:19:INFO:root:END Outer loop
12-Nov 18:05:21:INFO:root:Model trade shares: [0.957327, 0.901828, 0.9707]
12-Nov 18:05:21:INFO:root:Data trade shares: [0.956446, 0.911974, 0.985299]
12-Nov 18:05:21:INFO:root:US prices: [1.02083, 0.891582, 0.982419]
12-Nov 18:05:21:INFO:root:in the data: [3.74316, 3.20378, 3.20378]
12-Nov 18:05:22:INFO:root:Nominal world expenditure: 2.5911258714566093e7
12-Nov 18:05:22:INFO:root:--------------In the data: [8.18345e7]
12-Nov 18:05:22:INFO:root:Model trade shares: [0.953607, 0.880146, 0.97879]
12-Nov 18:05:22:INFO:root:Data trade shares: [0.955026, 0.900005, 0.981768]
12-Nov 18:05:22:INFO:root:US prices: [1.2658, 1.01481, 1.102]
12-Nov 18:05:22:INFO:root:in the data: [4.23838, 3.41193, 3.41193]
12-Nov 18:05:22:INFO:root:Nominal world expenditure: 3.2956444398772143e7
12-Nov 18:05:22:INFO:root:--------------In the data: [9.98292e7]
Worker 9 terminated.
ERROR (unhandled task failure): EOFError: read end of file
Stacktrace:
 [1] unsafe_read(::Base.AbstractIOBuffer{Array{UInt8,1}}, ::Ptr{UInt8}, ::UInt64) at ./iobuffer.jl:105
 [2] unsafe_read(::TCPSocket, ::Ptr{UInt8}, ::UInt64) at ./stream.jl:752
 [3] unsafe_read(::TCPSocket, ::Base.RefValue{NTuple{4,Int64}}, ::Int64) at ./io.jl:361
 [4] read at ./io.jl:363 [inlined]
 [5] deserialize_hdr_raw at ./distributed/messages.jl:170 [inlined]
 [6] message_handler_loop(::TCPSocket, ::TCPSocket, ::Bool) at ./distributed/process_messages.jl:157
 [7] process_tcp_streams(::TCPSocket, ::TCPSocket, ::Bool) at ./distributed/process_messages.jl:118
 [8] (::Base.Distributed.##99#100{TCPSocket,TCPSocket,Bool})() at ./event.jl:73
12-Nov 18:05:39:WARNING:root:Forcibly interrupting busy workers
12-Nov 18:05:40:WARNING:root:rmprocs: process 1 not removed
5911.749756 seconds (1.19 M allocations: 5.949 GiB, 0.05% gc time)
