WARNING: Method definition warn(Any...) in module Base at util.jl:589 overwritten in module Logging at //////////////////////////////////////////////////////usr/local/julia/JuliaPro-0.6.3.1/JuliaPro/pkgs-0.6.3.1/v0.6/Logging/src/Logging.jl:115.
WARNING: Method definition info(Any...) in module Base at util.jl:534 overwritten in module Logging at //////////////////////////////////////////////////////usr/local/julia/JuliaPro-0.6.3.1/JuliaPro/pkgs-0.6.3.1/v0.6/Logging/src/Logging.jl:115.
WARNING: Method definition warn(Any...) in module Base at util.jl:589 overwritten in module Logging at //////////////////////////////////////////////////////usr/local/julia/JuliaPro-0.6.3.1/JuliaPro/pkgs-0.6.3.1/v0.6/Logging/src/Logging.jl:115.
WARNING: Method definition info(Any...) in module Base at util.jl:534 overwritten in module Logging at //////////////////////////////////////////////////////usr/local/julia/JuliaPro-0.6.3.1/JuliaPro/pkgs-0.6.3.1/v0.6/Logging/src/Logging.jl:115.
WARNING: Method definition WARN(Any...) in module Base at util.jl:589 overwritten in module LoggingWARNING: Method definition info(Any...) in module Base at util.jl:534 overwritten in module Logging at ////////////////////////////////////////// at util.jl:534 overwritten in module Logging at //////////////////////////////////////////////////////usr/local/julia/JuliaPro-0.6.3.1/JuliaPro/pkgs-0.6.3.1/v0.6/Logging/src/Logging.jl:115.
 at util.jl:534 overwritten in module Logging at //////////////////////////////////////////////////////usr/local/julia/JuliaPro-0.6.3.1/JuliaPro/pkgs-0.6.3.1/v0.6/Logging/src/Logging.jl:115.
12-Nov 16:26:46:INFO:root:--- Period 7 ---
12-Nov 16:26:46:INFO:root:--- Period 2 ---
12-Nov 16:26:46:INFO:root:--- Period 6 ---
12-Nov 16:26:47:INFO:root:--- Period 1 ---
12-Nov 16:26:47:INFO:root:--- Period 5 ---
12-Nov 16:26:47:INFO:root:--- Period 3 ---
12-Nov 16:26:47:INFO:root:--- Period 4 ---
12-Nov 16:26:47:INFO:root:--- Period 8 ---
12-Nov 16:26:58:INFO:root:BEGIN Outer loop
12-Nov 16:26:59:INFO:root:BEGIN Outer loop
12-Nov 16:26:59:INFO:root:BEGIN Outer loop
12-Nov 16:27:00:INFO:root:BEGIN Outer loop
12-Nov 16:27:00:INFO:root:BEGIN Outer loop
12-Nov 16:27:00:INFO:root:BEGIN Outer loop
12-Nov 16:27:00:INFO:root:BEGIN Outer loop
12-Nov 16:27:00:INFO:root:BEGIN Outer loop
12-Nov 16:27:08:INFO:root:------ Middle 1: 0.00556887426976444
12-Nov 16:27:08:INFO:root:------ Middle 2: 0.0030702052788984693
12-Nov 16:27:08:INFO:root:------ Middle 3: 0.0023482248861062312
12-Nov 16:27:08:INFO:root:------ Middle 4: 0.0012971606271907402
12-Nov 16:27:08:INFO:root:------ Middle 5: 0.0010054457606720937
12-Nov 16:27:08:INFO:root:------ Middle 6: 0.0005583743559060461
12-Nov 16:27:08:INFO:root:------ Middle 7: 0.0004279060814179382
12-Nov 16:27:08:INFO:root:------ Middle 8: 0.0002525102926455457
12-Nov 16:27:10:INFO:root:Starting from 1.6675659419160997e-17
12-Nov 16:27:12:INFO:root:-- Outer 1: 0.03929511282899984
12-Nov 16:27:12:INFO:root:------ Middle 1: 0.002808522789827134
12-Nov 16:27:13:INFO:root:------ Middle 2: 0.000909599123098151
12-Nov 16:27:13:INFO:root:------ Middle 3: 0.0005038538939088955
12-Nov 16:27:13:INFO:root:------ Middle 4: 0.0003248240066997132
12-Nov 16:27:13:INFO:root:------ Middle 5: 0.00021110277591951265
12-Nov 16:27:13:INFO:root:Starting from 8.744588412281713e-18
12-Nov 16:27:13:INFO:root:-- Outer 2: 0.01809990189418453
12-Nov 16:27:13:INFO:root:------ Middle 1: 0.0005722026264495816
12-Nov 16:27:13:INFO:root:------ Middle 2: 0.0003711047813309215
12-Nov 16:27:13:INFO:root:------ Middle 3: 0.00020811414170667162
12-Nov 16:27:13:INFO:root:Starting from 8.711984196520497e-18
12-Nov 16:27:13:INFO:root:-- Outer 3: 0.007471729389334009
12-Nov 16:27:13:INFO:root:------ Middle 1: 0.00017942960949166937
12-Nov 16:27:13:INFO:root:Starting from 7.608078183801417e-18
12-Nov 16:27:13:INFO:root:-- Outer 4: 0.007523426711728027
12-Nov 16:27:13:INFO:root:------ Middle 1: 0.00023750222502792417
12-Nov 16:27:13:INFO:root:Starting from 8.742970734503597e-18
12-Nov 16:27:13:INFO:root:-- Outer 5: 0.0017978476799380759
12-Nov 16:27:14:INFO:root:------ Middle 1: 0.0002026171665466019
12-Nov 16:27:14:INFO:root:Starting from 1.3228441619695298e-17
12-Nov 16:27:14:INFO:root:-- Outer 6: 0.0018194564810361988
12-Nov 16:27:14:INFO:root:------ Middle 1: 0.00013335858207803237
12-Nov 16:27:14:INFO:root:Starting from 1.1653820285001093e-17
12-Nov 16:27:14:INFO:root:-- Outer 7: 0.00035298100682773823
12-Nov 16:27:14:INFO:root:END Outer loop
12-Nov 16:27:14:INFO:root:Model trade shares: [0.970754, 0.941437, 0.995688]
12-Nov 16:27:15:INFO:root:Data trade shares: [0.970499, 0.941882, 0.994321]
12-Nov 16:27:15:INFO:root:US prices: [1.00864, 1.00754, 1.00583]
12-Nov 16:27:15:INFO:root:in the data: [1.0, 1.0, 1.0]
12-Nov 16:27:15:INFO:root:Nominal world expenditure: 8.293371861494547e6
12-Nov 16:27:15:INFO:root:--------------In the data: [8.33469e6]
12-Nov 16:27:17:INFO:root:--- Period 9 ---
12-Nov 16:27:18:INFO:root:BEGIN Outer loop
12-Nov 16:34:02:INFO:root:------ Middle 1: 0.00520200554335013
12-Nov 16:34:10:INFO:root:------ Middle 2: 0.002867996692480295
12-Nov 16:34:11:INFO:root:------ Middle 1: 0.004660238065529371
12-Nov 16:34:19:INFO:root:------ Middle 1: 0.0052310680820094055
12-Nov 16:34:19:INFO:root:------ Middle 2: 0.0025693283408073594
12-Nov 16:34:20:INFO:root:------ Middle 1: 0.005028530590113915
12-Nov 16:34:26:INFO:root:------ Middle 1: 0.0054029714173178
12-Nov 16:34:28:INFO:root:------ Middle 2: 0.002884025627729308
12-Nov 16:34:29:INFO:root:------ Middle 2: 0.002772315981571067
12-Nov 16:34:32:INFO:root:------ Middle 1: 0.005313190578441721
12-Nov 16:34:35:INFO:root:------ Middle 2: 0.002979011317472617
12-Nov 16:34:41:INFO:root:------ Middle 2: 0.0029287054380109545
12-Nov 16:34:43:INFO:root:------ Middle 1: 0.004948778475195895
12-Nov 16:34:44:INFO:root:------ Middle 1: 0.0048531877987427535
12-Nov 16:34:51:INFO:root:------ Middle 2: 0.002727117497753311
12-Nov 16:34:51:INFO:root:------ Middle 2: 0.0026744657481571807
12-Nov 16:35:53:INFO:root:------ Middle 3: 0.0019108827834216704
12-Nov 16:35:58:INFO:root:------ Middle 3: 0.0021260964150626206
12-Nov 16:36:00:INFO:root:------ Middle 4: 0.001059941101088048
12-Nov 16:36:06:INFO:root:------ Middle 4: 0.0011784155644323213
12-Nov 16:36:13:INFO:root:------ Middle 3: 0.0020649173365694007
12-Nov 16:36:21:INFO:root:------ Middle 4: 0.0011446611896536838
12-Nov 16:36:22:INFO:root:------ Middle 3: 0.002149221535177934
12-Nov 16:36:31:INFO:root:------ Middle 4: 0.0011906731793606927
12-Nov 16:36:32:INFO:root:------ Middle 3: 0.002027968079957931
12-Nov 16:36:35:INFO:root:------ Middle 3: 0.002186054856577048
12-Nov 16:36:36:INFO:root:------ Middle 3: 0.00198964746730739
12-Nov 16:36:40:INFO:root:------ Middle 4: 0.0011238331267472215
12-Nov 16:36:43:INFO:root:------ Middle 4: 0.0012110872885014875
12-Nov 16:36:44:INFO:root:------ Middle 4: 0.0011026456418171133
12-Nov 16:36:44:INFO:root:------ Middle 3: 0.00225524423897665
12-Nov 16:36:53:INFO:root:------ Middle 4: 0.00124717260620259
12-Nov 16:37:17:INFO:root:------ Middle 5: 0.0008399456456529978
12-Nov 16:37:25:INFO:root:------ Middle 6: 0.00046741204553901804
12-Nov 16:37:27:INFO:root:------ Middle 5: 0.0009186515869989008
12-Nov 16:37:36:INFO:root:------ Middle 6: 0.000510400425072364
12-Nov 16:37:43:INFO:root:------ Middle 5: 0.0008974155338283943
12-Nov 16:37:48:INFO:root:------ Middle 7: 0.00032518568444605205
12-Nov 16:37:52:INFO:root:------ Middle 6: 0.0004989062585401969
12-Nov 16:37:53:INFO:root:------ Middle 5: 0.000924514350424541
12-Nov 16:37:56:INFO:root:------ Middle 8: 0.00021141057741677218
12-Nov 16:37:56:INFO:root:Starting from 1.2397292776800668e-17
12-Nov 16:37:57:INFO:root:-- Outer 1: 0.02464781567295847
12-Nov 16:37:57:INFO:root:------ Middle 5: 0.0008812865871137917
12-Nov 16:38:01:INFO:root:------ Middle 5: 0.0009406380766218009
12-Nov 16:38:02:INFO:root:------ Middle 6: 0.0005135814424009519
12-Nov 16:38:05:INFO:root:------ Middle 6: 0.0004896582135366459
12-Nov 16:38:05:INFO:root:------ Middle 1: 0.0020051245586236634
12-Nov 16:38:06:INFO:root:------ Middle 5: 0.0008644941565927773
12-Nov 16:38:09:INFO:root:------ Middle 6: 0.000522858456952456
12-Nov 16:38:09:INFO:root:------ Middle 7: 0.00038803928675549946
12-Nov 16:38:15:INFO:root:------ Middle 6: 0.0004804242390425796
12-Nov 16:38:18:INFO:root:------ Middle 8: 0.00023255688048799057
12-Nov 16:38:19:INFO:root:Starting from 1.2316093875038586e-17
12-Nov 16:38:20:INFO:root:-- Outer 1: 0.029680962274710843
12-Nov 16:38:22:INFO:root:------ Middle 5: 0.0009717189065422899
12-Nov 16:38:25:INFO:root:------ Middle 7: 0.00038116920317131874
12-Nov 16:38:29:INFO:root:------ Middle 1: 0.0022791125651060577
12-Nov 16:38:30:INFO:root:------ Middle 6: 0.0005396083728253224
12-Nov 16:38:33:INFO:root:------ Middle 8: 0.00022872558306441288
12-Nov 16:38:34:INFO:root:------ Middle 7: 0.00039054072533121646
12-Nov 16:38:34:INFO:root:Starting from 1.2381618589706033e-17
12-Nov 16:38:36:INFO:root:-- Outer 1: 0.028432417359491435
12-Nov 16:38:37:INFO:root:------ Middle 7: 0.00037410814081189427
12-Nov 16:38:41:INFO:root:------ Middle 7: 0.00039764674345115105
12-Nov 16:38:43:INFO:root:------ Middle 8: 0.00023362408278239773
12-Nov 16:38:44:INFO:root:Starting from 1.218107173378962e-17
12-Nov 16:38:45:INFO:root:------ Middle 1: 0.002340747535678398
12-Nov 16:38:45:INFO:root:-- Outer 1: 0.031531602633262615
12-Nov 16:38:46:INFO:root:------ Middle 8: 0.00022457420717804168
12-Nov 16:38:47:INFO:root:Starting from 1.2424151382008948e-17
12-Nov 16:38:48:INFO:root:-- Outer 1: 0.027238038224174962
12-Nov 16:38:48:INFO:root:------ Middle 7: 0.00036662597035370774
12-Nov 16:38:49:INFO:root:------ Middle 8: 0.00023704686907802028
12-Nov 16:38:50:INFO:root:Starting from 1.2180364222688159e-17
12-Nov 16:38:51:INFO:root:-- Outer 1: 0.033552389317374115
12-Nov 16:38:54:INFO:root:------ Middle 1: 0.0022549681782224203
12-Nov 16:38:56:INFO:root:------ Middle 8: 0.00022048118372026434
12-Nov 16:38:57:INFO:root:------ Middle 1: 0.002326848712218602
12-Nov 16:38:57:INFO:root:Starting from 1.2431086140282618e-17
12-Nov 16:38:58:INFO:root:-- Outer 1: 0.025952934425394085
12-Nov 16:39:00:INFO:root:------ Middle 1: 0.002419242553231078
12-Nov 16:39:03:INFO:root:------ Middle 7: 0.00041139976373272616
12-Nov 16:39:08:INFO:root:------ Middle 1: 0.002139845698190425
12-Nov 16:39:12:INFO:root:------ Middle 8: 0.00024405844597622902
12-Nov 16:39:13:INFO:root:Starting from 1.2273952700192613e-17
12-Nov 16:39:14:INFO:root:-- Outer 1: 0.0361600601711658
12-Nov 16:39:24:INFO:root:------ Middle 1: 0.0026132210361640494
12-Nov 16:40:10:INFO:root:------ Middle 2: 0.0005859916051927585
12-Nov 16:40:19:INFO:root:------ Middle 3: 0.0003298470909685667
12-Nov 16:40:44:INFO:root:------ Middle 4: 0.0002221343994299185
12-Nov 16:40:44:INFO:root:Starting from 6.166004467567333e-17
12-Nov 16:40:44:INFO:root:-- Outer 2: 0.011928768498972939
12-Nov 16:40:53:INFO:root:------ Middle 1: 0.0004765700237571957
12-Nov 16:41:02:INFO:root:------ Middle 2: 0.0006734080078589498
12-Nov 16:41:09:INFO:root:------ Middle 2: 0.0006628029149938317
12-Nov 16:41:10:INFO:root:------ Middle 3: 0.00037622281807002064
12-Nov 16:41:17:INFO:root:------ Middle 3: 0.0003711490400908461
12-Nov 16:41:24:INFO:root:------ Middle 2: 0.00067289458313466
12-Nov 16:41:26:INFO:root:------ Middle 2: 0.0006469411170255952
12-Nov 16:41:32:INFO:root:------ Middle 3: 0.0003765114805565634
12-Nov 16:41:33:INFO:root:------ Middle 2: 0.0006833196411526316
12-Nov 16:41:34:INFO:root:------ Middle 3: 0.0003626301280712753
12-Nov 16:41:35:INFO:root:------ Middle 4: 0.0002467007786316993
12-Nov 16:41:35:INFO:root:Starting from 5.677451470310104e-17
12-Nov 16:41:35:INFO:root:-- Outer 2: 0.01403819150519624
12-Nov 16:41:41:INFO:root:------ Middle 4: 0.00024261475507631795
12-Nov 16:41:41:INFO:root:------ Middle 3: 0.00038083083590827047
12-Nov 16:41:41:INFO:root:Starting from 4.247651646784136e-17
12-Nov 16:41:41:INFO:root:-- Outer 2: 0.013540531994858255
12-Nov 16:41:44:INFO:root:------ Middle 1: 0.0005221607769975676
12-Nov 16:41:50:INFO:root:------ Middle 1: 0.0005910495889542203
12-Nov 16:41:55:INFO:root:------ Middle 2: 0.0007371208457289226
12-Nov 16:41:56:INFO:root:------ Middle 4: 0.00024658071375141007
12-Nov 16:41:57:INFO:root:Starting from 3.9420014380259864e-17
12-Nov 16:41:57:INFO:root:-- Outer 2: 0.012994658880390501
12-Nov 16:41:58:INFO:root:------ Middle 4: 0.00023897385971996586
12-Nov 16:41:58:INFO:root:Starting from 5.3204841555008666e-17
12-Nov 16:41:58:INFO:root:-- Outer 2: 0.012419059481987146
12-Nov 16:42:03:INFO:root:------ Middle 3: 0.00041003320499136977
12-Nov 16:42:05:INFO:root:------ Middle 1: 0.0006042010199587257
12-Nov 16:42:06:INFO:root:------ Middle 4: 0.00024866357317637115
12-Nov 16:42:07:INFO:root:Starting from 5.783492728035032e-17
12-Nov 16:42:07:INFO:root:-- Outer 2: 0.01485835120125718
12-Nov 16:42:07:INFO:root:------ Middle 1: 0.0004940367819155737
12-Nov 16:42:16:INFO:root:------ Middle 1: 0.0005153483543473387
12-Nov 16:42:28:INFO:root:------ Middle 4: 0.00026617776701177217
12-Nov 16:42:28:INFO:root:Starting from 5.0943388665738126e-17
12-Nov 16:42:28:INFO:root:-- Outer 2: 0.015716053518627572
12-Nov 16:42:34:INFO:root:------ Middle 2: 0.00032758545572409537
12-Nov 16:42:37:INFO:root:------ Middle 1: 0.0005374562925815872
12-Nov 16:42:38:INFO:root:------ Middle 2: 0.0008201393035812855
12-Nov 16:42:42:INFO:root:------ Middle 3: 0.00018841504617312475
12-Nov 16:42:42:INFO:root:Starting from 4.558550079015772e-17
12-Nov 16:42:42:INFO:root:-- Outer 3: 0.005058938103896268
12-Nov 16:42:46:INFO:root:------ Middle 3: 0.00045542400816716585
12-Nov 16:42:52:INFO:root:------ Middle 1: 0.00020484608337304226
12-Nov 16:42:52:INFO:root:Starting from 5.847996476731712e-17
12-Nov 16:42:52:INFO:root:-- Outer 4: 0.0050783680614273526
12-Nov 16:43:10:INFO:root:------ Middle 4: 0.00029503470048004903
12-Nov 16:43:11:INFO:root:Starting from 4.575247990611335e-17
12-Nov 16:43:11:INFO:root:-- Outer 2: 0.016822906911234087
12-Nov 16:43:20:INFO:root:------ Middle 1: 0.0005298280085192322
12-Nov 16:43:39:INFO:root:------ Middle 2: 0.00033749181541228293
12-Nov 16:43:44:INFO:root:------ Middle 2: 0.0003508541907761982
12-Nov 16:43:48:INFO:root:------ Middle 3: 0.00019285620405611636
12-Nov 16:43:48:INFO:root:Starting from 5.72210746804809e-17
12-Nov 16:43:48:INFO:root:-- Outer 3: 0.005925544903011569
12-Nov 16:43:53:INFO:root:------ Middle 3: 0.00020003507997396074
12-Nov 16:43:53:INFO:root:Starting from 4.748070101720281e-17
12-Nov 16:43:53:INFO:root:-- Outer 3: 0.0057111831567756175
12-Nov 16:43:55:INFO:root:------ Middle 2: 0.00035108609392321856
12-Nov 16:43:56:INFO:root:------ Middle 2: 0.00033318517738741005
12-Nov 16:43:57:INFO:root:------ Middle 1: 0.00020332316369090254
12-Nov 16:43:57:INFO:root:Starting from 4.2215254910020876e-17
12-Nov 16:43:57:INFO:root:-- Outer 4: 0.005934018973266108
12-Nov 16:44:02:INFO:root:------ Middle 1: 0.0002751295000101891
12-Nov 16:44:02:INFO:root:Starting from 4.5444030144450354e-17
12-Nov 16:44:03:INFO:root:-- Outer 4: 0.005873074999697458
12-Nov 16:44:03:INFO:root:------ Middle 3: 0.00019969970737289928
12-Nov 16:44:03:INFO:root:Starting from 4.719959823713191e-17
12-Nov 16:44:03:INFO:root:-- Outer 3: 0.005534706520967587
12-Nov 16:44:04:INFO:root:------ Middle 3: 0.00019000781263774685
12-Nov 16:44:04:INFO:root:Starting from 5.513100098663489e-17
12-Nov 16:44:04:INFO:root:-- Outer 3: 0.005211708233281098
12-Nov 16:44:12:INFO:root:------ Middle 1: 0.00020443104948791968
12-Nov 16:44:12:INFO:root:------ Middle 1: 0.00028537005583018375
12-Nov 16:44:12:INFO:root:Starting from 6.272120296103609e-17
12-Nov 16:44:12:INFO:root:Starting from 4.858044062426747e-17
12-Nov 16:44:12:INFO:root:-- Outer 4: 0.005203153903099747
12-Nov 16:44:12:INFO:root:-- Outer 4: 0.005691624378288406
12-Nov 16:44:21:INFO:root:------ Middle 2: 0.0003627336922238472
12-Nov 16:44:29:INFO:root:------ Middle 3: 0.0002048670022308806
12-Nov 16:44:29:INFO:root:Starting from 4.894709028721394e-17
12-Nov 16:44:29:INFO:root:-- Outer 3: 0.006194922276064553
12-Nov 16:44:38:INFO:root:------ Middle 1: 0.00021113843246138694
12-Nov 16:44:38:INFO:root:Starting from 4.1221792447745994e-17
12-Nov 16:44:38:INFO:root:-- Outer 4: 0.006256669143492613
12-Nov 16:44:40:INFO:root:------ Middle 1: 0.0002759264508372804
12-Nov 16:44:40:INFO:root:Starting from 5.000101987920533e-17
12-Nov 16:44:40:INFO:root:-- Outer 5: 0.0013121671784499078
12-Nov 16:44:49:INFO:root:------ Middle 1: 0.000230015669018746
12-Nov 16:44:49:INFO:root:Starting from 3.82790664144136e-17
12-Nov 16:44:49:INFO:root:-- Outer 6: 0.0013495659852202089
12-Nov 16:44:57:INFO:root:------ Middle 2: 0.0003715348516590443
12-Nov 16:45:06:INFO:root:------ Middle 3: 0.00020931317103693338
12-Nov 16:45:06:INFO:root:Starting from 3.758113490746418e-17
12-Nov 16:45:06:INFO:root:-- Outer 3: 0.0065501320551964335
12-Nov 16:45:15:INFO:root:------ Middle 1: 0.00021542573569199936
12-Nov 16:45:16:INFO:root:Starting from 4.090895111742204e-17
12-Nov 16:45:16:INFO:root:-- Outer 4: 0.006582958128771388
12-Nov 16:45:28:INFO:root:------ Middle 1: 0.00018285600023033435
12-Nov 16:45:28:INFO:root:Starting from 5.673905303892456e-17
12-Nov 16:45:28:INFO:root:-- Outer 7: 0.0004357689025837085
12-Nov 16:45:28:INFO:root:END Outer loop
12-Nov 16:45:31:INFO:root:Model trade shares: [0.967082, 0.910171, 0.981906]
12-Nov 16:45:31:INFO:root:Data trade shares: [0.971471, 0.927429, 0.989384]
12-Nov 16:45:31:INFO:root:US prices: [1.55309, 1.06897, 1.07307]
12-Nov 16:45:31:INFO:root:in the data: [2.72526, 1.92631, 1.92631]
12-Nov 16:45:31:INFO:root:Nominal world expenditure: 1.2292899827205041e7
12-Nov 16:45:31:INFO:root:--------------In the data: [2.2953e7]
12-Nov 16:45:33:INFO:root:--- Period 10 ---
12-Nov 16:45:34:INFO:root:BEGIN Outer loop
12-Nov 16:45:47:INFO:root:------ Middle 2: 0.0003954207267048877
12-Nov 16:45:56:INFO:root:------ Middle 3: 0.00022222861242422335
12-Nov 16:45:56:INFO:root:Starting from 4.5373708801947824e-17
12-Nov 16:45:56:INFO:root:-- Outer 3: 0.006964094786211413
12-Nov 16:45:59:INFO:root:------ Middle 1: 0.0002463856975872014
12-Nov 16:45:59:INFO:root:Starting from 5.073271437493132e-17
12-Nov 16:45:59:INFO:root:-- Outer 5: 0.0012848657413478393
12-Nov 16:45:59:INFO:root:------ Middle 1: 0.000324208575694455
12-Nov 16:46:00:INFO:root:------ Middle 1: 0.00023362436120880198
12-Nov 16:46:00:INFO:root:Starting from 4.6818840438869466e-17
12-Nov 16:46:00:INFO:root:-- Outer 5: 0.0014718506157579952
12-Nov 16:46:05:INFO:root:------ Middle 1: 0.00018861140084930052
12-Nov 16:46:05:INFO:root:Starting from 4.853649317966468e-17
12-Nov 16:46:06:INFO:root:-- Outer 4: 0.0069796395437874015
12-Nov 16:46:07:INFO:root:------ Middle 2: 0.0001812006867879214
12-Nov 16:46:08:INFO:root:Starting from 5.089792110953808e-17
12-Nov 16:46:08:INFO:root:-- Outer 5: 0.0015056289180559433
12-Nov 16:46:08:INFO:root:------ Middle 1: 0.0001974879041934553
12-Nov 16:46:09:INFO:root:------ Middle 1: 0.0002059415646640575
12-Nov 16:46:09:INFO:root:Starting from 5.261179480281796e-17
12-Nov 16:46:09:INFO:root:-- Outer 6: 0.001509856126635496
12-Nov 16:46:09:INFO:root:Starting from 3.8709234374438825e-17
12-Nov 16:46:09:INFO:root:-- Outer 6: 0.0013271234536846473
12-Nov 16:46:09:INFO:root:------ Middle 1: 0.0003319823687565445
12-Nov 16:46:17:INFO:root:------ Middle 1: 0.0001823096134508754
12-Nov 16:46:17:INFO:root:Starting from 4.684901278042522e-17
12-Nov 16:46:17:INFO:root:-- Outer 6: 0.0015897023192852054
12-Nov 16:46:18:INFO:root:------ Middle 2: 0.0001861866571198213
12-Nov 16:46:18:INFO:root:Starting from 5.302880157379672e-17
12-Nov 16:46:18:INFO:root:-- Outer 5: 0.0016148627005818622
12-Nov 16:46:27:INFO:root:------ Middle 1: 0.0001876883892083631
12-Nov 16:46:27:INFO:root:Starting from 5.488972300212273e-17
12-Nov 16:46:27:INFO:root:-- Outer 6: 0.001699507734868014
12-Nov 16:46:35:INFO:root:------ Middle 1: 0.00027478877022106074
12-Nov 16:46:35:INFO:root:Starting from 5.2079063556909033e-17
12-Nov 16:46:35:INFO:root:-- Outer 5: 0.0015107701925817737
12-Nov 16:46:44:INFO:root:------ Middle 1: 0.00022655501717385286
12-Nov 16:46:44:INFO:root:Starting from 4.715117373397579e-17
12-Nov 16:46:44:INFO:root:-- Outer 6: 0.001545139070594984
12-Nov 16:46:55:INFO:root:------ Middle 1: 0.0001427653627569282
12-Nov 16:46:55:INFO:root:Starting from 3.765757359834112e-17
12-Nov 16:46:55:INFO:root:-- Outer 7: 0.000387408147871588
12-Nov 16:46:55:INFO:root:END Outer loop
12-Nov 16:46:55:INFO:root:------ Middle 1: 0.00015756290547337839
12-Nov 16:46:55:INFO:root:Starting from 4.9346156998800236e-17
12-Nov 16:46:55:INFO:root:-- Outer 7: 0.0003965913451228823
12-Nov 16:46:55:INFO:root:END Outer loop
12-Nov 16:46:59:INFO:root:Model trade shares: [0.959746, 0.924796, 0.990282]
12-Nov 16:46:59:INFO:root:Data trade shares: [0.967429, 0.940539, 0.992695]
12-Nov 16:46:59:INFO:root:US prices: [1.22419, 1.05195, 1.03834]
12-Nov 16:46:59:INFO:root:in the data: [1.63396, 1.43854, 1.43854]
12-Nov 16:46:59:INFO:root:Model trade shares: [0.966225, 0.909257, 0.992852]
12-Nov 16:46:59:INFO:root:Data trade shares: [0.966266, 0.92464, 0.992831]
12-Nov 16:46:59:INFO:root:US prices: [1.31119, 1.06207, 1.08077]
12-Nov 16:46:59:INFO:root:in the data: [2.27198, 1.79075, 1.79075]
12-Nov 16:47:00:INFO:root:Nominal world expenditure: 9.546293235003961e6
12-Nov 16:47:00:INFO:root:Nominal world expenditure: 1.2010261181042934e7
12-Nov 16:47:00:INFO:root:--------------In the data: [2.07618e7]
12-Nov 16:47:03:INFO:root:--- Period 11 ---
12-Nov 16:47:04:INFO:root:BEGIN Outer loop
12-Nov 16:47:04:INFO:root:--- Period 12 ---
12-Nov 16:47:05:INFO:root:BEGIN Outer loop
12-Nov 16:47:06:INFO:root:------ Middle 1: 0.00015498682770791905
12-Nov 16:47:06:INFO:root:Starting from 4.8207766721894455e-17
12-Nov 16:47:06:INFO:root:-- Outer 7: 0.0004366575310483515
12-Nov 16:47:06:INFO:root:END Outer loop
12-Nov 16:47:10:INFO:root:Model trade shares: [0.961458, 0.917809, 0.991688]
12-Nov 16:47:11:INFO:root:Data trade shares: [0.961487, 0.929057, 0.992737]
12-Nov 16:47:11:INFO:root:US prices: [1.28533, 1.06698, 1.09158]
12-Nov 16:47:11:INFO:root:in the data: [1.96012, 1.64035, 1.64035]
12-Nov 16:47:11:INFO:root:Nominal world expenditure: 1.1624734266649839e7
12-Nov 16:47:11:INFO:root:--------------In the data: [1.80704e7]
12-Nov 16:47:14:INFO:root:--- Period 13 ---
12-Nov 16:47:15:INFO:root:BEGIN Outer loop
12-Nov 16:47:15:INFO:root:------ Middle 1: 0.00015765914179430998
12-Nov 16:47:15:INFO:root:Starting from 3.644463917527899e-17
12-Nov 16:47:16:INFO:root:-- Outer 7: 0.00041731747825022453
12-Nov 16:47:16:INFO:root:END Outer loop
12-Nov 16:47:19:INFO:root:Model trade shares: [0.949896, 0.916931, 0.986982]
12-Nov 16:47:20:INFO:root:Data trade shares: [0.959721, 0.934044, 0.992669]
12-Nov 16:47:20:INFO:root:US prices: [1.21874, 1.05122, 1.04912]
12-Nov 16:47:20:INFO:root:in the data: [1.70549, 1.50868, 1.50868]
12-Nov 16:47:20:INFO:root:Nominal world expenditure: 1.0237944101800125e7
12-Nov 16:47:20:INFO:root:--------------In the data: [1.54393e7]
12-Nov 16:47:23:INFO:root:--- Period 14 ---
12-Nov 16:47:24:INFO:root:BEGIN Outer loop
12-Nov 16:47:25:INFO:root:------ Middle 1: 0.00025969511350511254
12-Nov 16:47:25:INFO:root:Starting from 4.4736260074497413e-17
12-Nov 16:47:25:INFO:root:-- Outer 5: 0.001584176899210491
12-Nov 16:47:33:INFO:root:------ Middle 1: 0.0001661404536716555
12-Nov 16:47:33:INFO:root:Starting from 5.389963821172549e-17
12-Nov 16:47:33:INFO:root:-- Outer 7: 0.00039267922517692507
12-Nov 16:47:33:INFO:root:END Outer loop
12-Nov 16:47:34:INFO:root:------ Middle 1: 0.00021721034442234122
12-Nov 16:47:34:INFO:root:Starting from 5.1531902260123643e-17
12-Nov 16:47:34:INFO:root:-- Outer 6: 0.0016230008707647852
12-Nov 16:47:37:INFO:root:Model trade shares: [0.965596, 0.931729, 0.992949]
12-Nov 16:47:37:INFO:root:Data trade shares: [0.975035, 0.947136, 0.993826]
12-Nov 16:47:37:INFO:root:US prices: [1.19187, 1.11657, 1.10216]
12-Nov 16:47:37:INFO:root:in the data: [1.5623, 1.46271, 1.46271]
12-Nov 16:47:38:INFO:root:Nominal world expenditure: 9.380326030082379e6
12-Nov 16:47:38:INFO:root:--------------In the data: [1.27847e7]
12-Nov 16:47:41:INFO:root:--- Period 15 ---
12-Nov 16:47:42:INFO:root:BEGIN Outer loop
12-Nov 16:48:21:INFO:root:------ Middle 1: 0.0001599895702794755
12-Nov 16:48:21:INFO:root:Starting from 5.5038330772120255e-17
12-Nov 16:48:21:INFO:root:-- Outer 7: 0.00040339819829850854
12-Nov 16:48:21:INFO:root:END Outer loop
12-Nov 16:48:24:INFO:root:------ Middle 1: 0.00024299454647097645
12-Nov 16:48:25:INFO:root:Starting from 4.1883402358163487e-17
12-Nov 16:48:25:INFO:root:-- Outer 5: 0.0016832101507440868
12-Nov 16:48:25:INFO:root:Model trade shares: [0.967867, 0.919754, 0.992774]
12-Nov 16:48:25:INFO:root:Data trade shares: [0.973362, 0.938447, 0.994052]
12-Nov 16:48:25:INFO:root:US prices: [1.22899, 1.15661, 1.19332]
12-Nov 16:48:25:INFO:root:in the data: [1.46789, 1.34924, 1.34924]
12-Nov 16:48:26:INFO:root:Nominal world expenditure: 9.42029469491202e6
12-Nov 16:48:26:INFO:root:--------------In the data: [1.15794e7]
12-Nov 16:48:29:INFO:root:--- Period 16 ---
12-Nov 16:48:29:INFO:root:BEGIN Outer loop
12-Nov 16:48:34:INFO:root:------ Middle 1: 0.0002042509180408019
12-Nov 16:48:34:INFO:root:Starting from 4.503766155542526e-17
12-Nov 16:48:34:INFO:root:-- Outer 6: 0.0017120963922537603
12-Nov 16:49:23:INFO:root:------ Middle 1: 0.00014134382581312553
12-Nov 16:49:24:INFO:root:Starting from 5.188800338917043e-17
12-Nov 16:49:24:INFO:root:-- Outer 7: 0.0003760222909193444
12-Nov 16:49:24:INFO:root:END Outer loop
12-Nov 16:49:27:INFO:root:Model trade shares: [0.973857, 0.934763, 0.993797]
12-Nov 16:49:28:INFO:root:Data trade shares: [0.970394, 0.938128, 0.99445]
12-Nov 16:49:28:INFO:root:US prices: [1.06307, 1.10414, 1.11924]
12-Nov 16:49:28:INFO:root:in the data: [1.21921, 1.17859, 1.17859]
12-Nov 16:49:28:INFO:root:Nominal world expenditure: 9.315368336275604e6
12-Nov 16:49:29:INFO:root:--------------In the data: [1.02443e7]
12-Nov 16:49:31:INFO:root:--- Period 17 ---
12-Nov 16:49:32:INFO:root:BEGIN Outer loop
12-Nov 16:52:12:INFO:root:------ Middle 1: 0.004333783744580273
12-Nov 16:52:20:INFO:root:------ Middle 2: 0.0023903098081652567
12-Nov 16:54:01:INFO:root:------ Middle 3: 0.0018011185249214013
12-Nov 16:54:03:INFO:root:------ Middle 1: 0.003951603782389411
12-Nov 16:54:10:INFO:root:------ Middle 4: 0.0009995069639495652
12-Nov 16:54:12:INFO:root:------ Middle 2: 0.002180162066863538
12-Nov 16:54:23:INFO:root:------ Middle 1: 0.004036540289786777
12-Nov 16:54:31:INFO:root:------ Middle 2: 0.0022268065647798392
12-Nov 16:54:32:INFO:root:------ Middle 1: 0.0038660085310691272
12-Nov 16:54:40:INFO:root:------ Middle 2: 0.0021325218070142294
12-Nov 16:54:44:INFO:root:------ Middle 1: 0.004107401519377032
12-Nov 16:54:52:INFO:root:------ Middle 2: 0.002264261029704078
12-Nov 16:55:10:INFO:root:------ Middle 1: 0.004274920582328316
12-Nov 16:55:19:INFO:root:------ Middle 2: 0.00235689434933947
12-Nov 16:55:33:INFO:root:------ Middle 5: 0.0007929600685760579
12-Nov 16:55:41:INFO:root:------ Middle 6: 0.0004415679816149331
12-Nov 16:56:05:INFO:root:------ Middle 7: 0.000309432636109109
12-Nov 16:56:12:INFO:root:------ Middle 3: 0.0016808259457986882
12-Nov 16:56:14:INFO:root:------ Middle 8: 0.00020056296167196764
12-Nov 16:56:14:INFO:root:Starting from 1.223534877527087e-17
12-Nov 16:56:14:INFO:root:-- Outer 1: 0.023650089870886598
12-Nov 16:56:21:INFO:root:------ Middle 4: 0.0009316459201026338
12-Nov 16:56:23:INFO:root:------ Middle 1: 0.004546386594231623
12-Nov 16:56:23:INFO:root:------ Middle 1: 0.0018725763538201858
12-Nov 16:56:30:INFO:root:------ Middle 3: 0.0017241114547410586
12-Nov 16:56:31:INFO:root:------ Middle 2: 0.0025059756936612575
12-Nov 16:56:37:INFO:root:------ Middle 4: 0.0009557079407436194
12-Nov 16:56:43:INFO:root:------ Middle 3: 0.0017112640693767126
12-Nov 16:56:44:INFO:root:------ Middle 3: 0.0016552049371098075
12-Nov 16:56:51:INFO:root:------ Middle 4: 0.0009487080714087723
12-Nov 16:56:52:INFO:root:------ Middle 4: 0.0009176972274516801
12-Nov 16:57:19:INFO:root:------ Middle 3: 0.0018159353135756959
12-Nov 16:57:27:INFO:root:------ Middle 4: 0.001006279917893107
12-Nov 16:57:41:INFO:root:------ Middle 5: 0.0007423576923164766
12-Nov 16:57:49:INFO:root:------ Middle 6: 0.00041407537782425633
12-Nov 16:57:56:INFO:root:------ Middle 5: 0.0007654692459872141
12-Nov 16:58:02:INFO:root:------ Middle 1: 0.004693709547465426
12-Nov 16:58:05:INFO:root:------ Middle 6: 0.00042721358951448846
12-Nov 16:58:08:INFO:root:------ Middle 5: 0.0007500493606195634
12-Nov 16:58:11:INFO:root:------ Middle 2: 0.0025864334432316423
12-Nov 16:58:15:INFO:root:------ Middle 7: 0.00029658484016113193
12-Nov 16:58:15:INFO:root:Starting from 1.221403507038352e-17
12-Nov 16:58:15:INFO:root:-- Outer 1: 0.02365872611452134
12-Nov 16:58:16:INFO:root:------ Middle 6: 0.00041769897071533714
12-Nov 16:58:21:INFO:root:------ Middle 5: 0.0007425471743313903
12-Nov 16:58:25:INFO:root:------ Middle 1: 0.0018865401721833482
12-Nov 16:58:29:INFO:root:------ Middle 3: 0.001917108811355247
12-Nov 16:58:29:INFO:root:------ Middle 6: 0.00041426857854436945
12-Nov 16:58:34:INFO:root:------ Middle 2: 0.0005400593099344536
12-Nov 16:58:36:INFO:root:------ Middle 7: 0.00033553721055405033
12-Nov 16:58:38:INFO:root:------ Middle 4: 0.0010619019038113516
12-Nov 16:58:41:INFO:root:------ Middle 7: 0.00029543533206252074
12-Nov 16:58:41:INFO:root:Starting from 1.2278858941538038e-17
12-Nov 16:58:41:INFO:root:-- Outer 1: 0.023433417060096842
12-Nov 16:58:42:INFO:root:------ Middle 3: 0.0003046589253055039
12-Nov 16:58:45:INFO:root:------ Middle 8: 0.0001991501603242194
12-Nov 16:58:45:INFO:root:Starting from 1.2170571111033959e-17
12-Nov 16:58:45:INFO:root:-- Outer 1: 0.024905881625521754
12-Nov 16:58:49:INFO:root:------ Middle 5: 0.0008051868904572017
12-Nov 16:58:50:INFO:root:------ Middle 1: 0.001998992156786099
12-Nov 16:58:52:INFO:root:------ Middle 7: 0.000297601391021123
12-Nov 16:58:52:INFO:root:Starting from 1.2414626852750244e-17
12-Nov 16:58:52:INFO:root:-- Outer 1: 0.024184612748646646
12-Nov 16:58:54:INFO:root:------ Middle 1: 0.0019245949543252015
12-Nov 16:58:58:INFO:root:------ Middle 6: 0.00044931356813877595
12-Nov 16:59:02:INFO:root:------ Middle 1: 0.0018818857586363424
12-Nov 16:59:06:INFO:root:------ Middle 4: 0.00020698521586507402
12-Nov 16:59:06:INFO:root:Starting from 5.293741291099224e-17
12-Nov 16:59:06:INFO:root:-- Outer 2: 0.011492521554319774
12-Nov 16:59:16:INFO:root:------ Middle 1: 0.00045532968929331245
12-Nov 16:59:31:INFO:root:------ Middle 7: 0.0003532999692629385
12-Nov 16:59:39:INFO:root:------ Middle 8: 0.00020947921055084243
12-Nov 16:59:39:INFO:root:Starting from 1.1909661085575859e-17
12-Nov 16:59:39:INFO:root:-- Outer 1: 0.025577076117938052
12-Nov 16:59:48:INFO:root:------ Middle 1: 0.0020675203666383024
12-Nov 17:00:03:INFO:root:------ Middle 3: 0.0019657066847887615
12-Nov 17:00:07:INFO:root:------ Middle 5: 0.0008511781303660061
12-Nov 17:00:12:INFO:root:------ Middle 4: 0.0010895600998544455
12-Nov 17:00:15:INFO:root:------ Middle 6: 0.00047398811908249067
12-Nov 17:00:47:INFO:root:------ Middle 7: 0.0003692966866201062
12-Nov 17:00:55:INFO:root:------ Middle 8: 0.00021924943727307794
12-Nov 17:00:56:INFO:root:Starting from 1.1738310043743178e-17
12-Nov 17:00:56:INFO:root:-- Outer 1: 0.02601309038068986
12-Nov 17:00:58:INFO:root:------ Middle 2: 0.0005075599215107438
12-Nov 17:01:03:INFO:root:------ Middle 2: 0.00030996304654774446
12-Nov 17:01:05:INFO:root:------ Middle 1: 0.002201753619782935
12-Nov 17:01:07:INFO:root:------ Middle 3: 0.00028464189871037655
12-Nov 17:01:07:INFO:root:Starting from 4.441226333248373e-17
12-Nov 17:01:07:INFO:root:-- Outer 2: 0.012020009552868478
12-Nov 17:01:11:INFO:root:------ Middle 3: 0.000178654802909468
12-Nov 17:01:12:INFO:root:Starting from 4.7614880352907595e-17
12-Nov 17:01:12:INFO:root:-- Outer 3: 0.00487676516740643
12-Nov 17:01:15:INFO:root:------ Middle 2: 0.0005332770198105013
12-Nov 17:01:21:INFO:root:------ Middle 1: 0.00019516611780490584
12-Nov 17:01:21:INFO:root:Starting from 6.311930633083946e-17
12-Nov 17:01:21:INFO:root:-- Outer 4: 0.004901614418083782
12-Nov 17:01:23:INFO:root:------ Middle 3: 0.00029909428832325857
12-Nov 17:01:24:INFO:root:Starting from 4.8125231722575686e-17
12-Nov 17:01:24:INFO:root:-- Outer 2: 0.011940969486440026
12-Nov 17:01:34:INFO:root:------ Middle 5: 0.0008682662773614397
12-Nov 17:01:36:INFO:root:------ Middle 2: 0.000513083334487048
12-Nov 17:01:38:INFO:root:------ Middle 2: 0.000592208069267371
12-Nov 17:01:43:INFO:root:------ Middle 6: 0.00048362197756281704
12-Nov 17:01:44:INFO:root:------ Middle 3: 0.00028755916187922097
12-Nov 17:01:44:INFO:root:Starting from 6.190956692240233e-17
12-Nov 17:01:44:INFO:root:-- Outer 2: 0.012213577106672861
12-Nov 17:01:46:INFO:root:------ Middle 3: 0.0003308816012894045
12-Nov 17:02:10:INFO:root:------ Middle 4: 0.00022334310062789732
12-Nov 17:02:10:INFO:root:Starting from 3.888060463674294e-17
12-Nov 17:02:10:INFO:root:-- Outer 2: 0.012042897667048906
12-Nov 17:02:16:INFO:root:------ Middle 7: 0.00037737388662921543
12-Nov 17:02:20:INFO:root:------ Middle 1: 0.00047320550556951435
12-Nov 17:02:25:INFO:root:------ Middle 8: 0.00022478785947649505
12-Nov 17:02:25:INFO:root:Starting from 1.1586048794850154e-17
12-Nov 17:02:25:INFO:root:-- Outer 1: 0.026031370379182628
12-Nov 17:02:34:INFO:root:------ Middle 1: 0.002357844428610023
12-Nov 17:02:39:INFO:root:------ Middle 2: 0.0006247580617783883
12-Nov 17:02:48:INFO:root:------ Middle 3: 0.00034945907200673097
12-Nov 17:03:12:INFO:root:------ Middle 4: 0.00023878055528829824
12-Nov 17:03:12:INFO:root:Starting from 5.96448990079724e-17
12-Nov 17:03:12:INFO:root:-- Outer 2: 0.012327144185965491
12-Nov 17:03:14:INFO:root:------ Middle 1: 0.00026212717648766017
12-Nov 17:03:14:INFO:root:Starting from 5.622272443820618e-17
12-Nov 17:03:14:INFO:root:-- Outer 5: 0.001269099963488223
12-Nov 17:03:21:INFO:root:------ Middle 1: 0.00046116710192626133
12-Nov 17:03:24:INFO:root:------ Middle 1: 0.00021780511890460467
12-Nov 17:03:24:INFO:root:Starting from 4.4726035997791185e-17
12-Nov 17:03:24:INFO:root:-- Outer 6: 0.0013059061596402384
12-Nov 17:03:34:INFO:root:------ Middle 1: 0.0003336938272505058
12-Nov 17:03:43:INFO:root:------ Middle 2: 0.0001874877587683964
12-Nov 17:03:43:INFO:root:Starting from 6.285435738943626e-17
12-Nov 17:03:43:INFO:root:-- Outer 3: 0.004481400935554318
12-Nov 17:03:46:INFO:root:------ Middle 1: 0.00042652889009488443
12-Nov 17:03:51:INFO:root:------ Middle 2: 0.0006827024094749342
12-Nov 17:03:55:INFO:root:------ Middle 2: 0.00023731697323145683
12-Nov 17:03:56:INFO:root:Starting from 5.678557625435393e-17
12-Nov 17:03:56:INFO:root:-- Outer 3: 0.004527563848924073
12-Nov 17:03:59:INFO:root:------ Middle 3: 0.0003814290331226855
12-Nov 17:04:05:INFO:root:------ Middle 1: 0.00017387436822283132
12-Nov 17:04:06:INFO:root:Starting from 5.443426487450257e-17
12-Nov 17:04:06:INFO:root:-- Outer 7: 0.0004266856417240281
12-Nov 17:04:06:INFO:root:END Outer loop
12-Nov 17:04:09:INFO:root:Model trade shares: [0.973281, 0.913044, 0.963823]
12-Nov 17:04:09:INFO:root:Data trade shares: [0.976496, 0.933524, 0.973934]
12-Nov 17:04:09:INFO:root:US prices: [1.44624, 1.01017, 1.0557]
12-Nov 17:04:09:INFO:root:in the data: [2.96155, 2.01858, 2.01858]
12-Nov 17:04:09:INFO:root:Nominal world expenditure: 1.13302633067006e7
12-Nov 17:04:09:INFO:root:--------------In the data: [2.33649e7]
12-Nov 17:04:11:INFO:root:--- Period 18 ---
12-Nov 17:04:11:INFO:root:BEGIN Outer loop
12-Nov 17:04:12:INFO:root:------ Middle 1: 0.0003799269406709
12-Nov 17:04:21:INFO:root:------ Middle 2: 0.0002124113971755433
12-Nov 17:04:21:INFO:root:Starting from 4.108657182968184e-17
12-Nov 17:04:21:INFO:root:-- Outer 3: 0.004534247954091919
12-Nov 17:04:23:INFO:root:------ Middle 4: 0.0002586418355010209
12-Nov 17:04:24:INFO:root:Starting from 5.540656296117798e-17
12-Nov 17:04:24:INFO:root:-- Outer 2: 0.012489530777851523
12-Nov 17:04:27:INFO:root:------ Middle 2: 0.0003339417741736711
12-Nov 17:04:32:INFO:root:------ Middle 1: 0.00020851855484572962
12-Nov 17:04:33:INFO:root:Starting from 5.736697359208966e-17
12-Nov 17:04:33:INFO:root:-- Outer 4: 0.0018662558944695072
12-Nov 17:04:33:INFO:root:------ Middle 1: 0.00046704372549893257
12-Nov 17:04:35:INFO:root:------ Middle 3: 0.00018954274083234627
12-Nov 17:04:35:INFO:root:Starting from 6.069994332656797e-17
12-Nov 17:04:35:INFO:root:-- Outer 3: 0.0051273399883069795
12-Nov 17:04:44:INFO:root:------ Middle 1: 0.00022959303150185505
12-Nov 17:04:44:INFO:root:Starting from 5.762499419244377e-17
12-Nov 17:04:44:INFO:root:-- Outer 4: 0.005205327501565049
12-Nov 17:04:46:INFO:root:------ Middle 1: 0.0003210690474536995
12-Nov 17:05:04:INFO:root:------ Middle 1: 0.000191668671690447
12-Nov 17:05:04:INFO:root:Starting from 4.544136016848701e-17
12-Nov 17:05:04:INFO:root:-- Outer 5: 0.0009882058699534888
12-Nov 17:05:04:INFO:root:END Outer loop
12-Nov 17:05:07:INFO:root:Model trade shares: [0.956356, 0.908647, 0.977795]
12-Nov 17:05:07:INFO:root:Data trade shares: [0.972765, 0.936372, 0.980463]
12-Nov 17:05:07:INFO:root:US prices: [1.48251, 0.958027, 0.944207]
12-Nov 17:05:07:INFO:root:in the data: [3.02084, 2.07936, 2.07936]
12-Nov 17:05:07:INFO:root:Nominal world expenditure: 1.0715481777302764e7
12-Nov 17:05:07:INFO:root:--------------In the data: [2.36221e7]
12-Nov 17:05:08:INFO:root:------ Middle 1: 0.0002545266166040269
12-Nov 17:05:08:INFO:root:Starting from 5.317156866982501e-17
12-Nov 17:05:09:INFO:root:-- Outer 4: 0.0019395586722469628
12-Nov 17:05:09:INFO:root:--- Period 19 ---
12-Nov 17:05:09:INFO:root:BEGIN Outer loop
12-Nov 17:05:26:INFO:root:------ Middle 2: 0.0007349139616359275
12-Nov 17:05:28:INFO:root:------ Middle 2: 0.0003424637783588738
12-Nov 17:05:34:INFO:root:------ Middle 3: 0.00041004656762387
12-Nov 17:05:36:INFO:root:------ Middle 2: 0.00019268445419190787
12-Nov 17:05:36:INFO:root:Starting from 5.4012088749914774e-17
12-Nov 17:05:36:INFO:root:-- Outer 4: 0.0018905813494832272
12-Nov 17:05:36:INFO:root:------ Middle 3: 0.0001949478704272666
12-Nov 17:05:36:INFO:root:Starting from 5.598176603654845e-17
12-Nov 17:05:36:INFO:root:-- Outer 3: 0.005216133688484322
12-Nov 17:05:40:INFO:root:------ Middle 1: 0.00024474093879029454
12-Nov 17:05:40:INFO:root:Starting from 6.317267144608178e-17
12-Nov 17:05:40:INFO:root:-- Outer 5: 0.0010580245746821917
12-Nov 17:05:45:INFO:root:------ Middle 1: 0.0001971498241311226
12-Nov 17:05:45:INFO:root:Starting from 5.052258279686408e-17
12-Nov 17:05:45:INFO:root:-- Outer 4: 0.005233750165551963
12-Nov 17:05:45:INFO:root:------ Middle 1: 0.0002497050809278836
12-Nov 17:05:46:INFO:root:Starting from 5.4197664892736505e-17
12-Nov 17:05:46:INFO:root:-- Outer 5: 0.002017212697807566
12-Nov 17:05:49:INFO:root:------ Middle 1: 0.00021002347607070629
12-Nov 17:05:49:INFO:root:Starting from 6.371649972652601e-17
12-Nov 17:05:49:INFO:root:-- Outer 6: 0.0009708714587314502
12-Nov 17:05:49:INFO:root:END Outer loop
12-Nov 17:05:52:INFO:root:Model trade shares: [0.964252, 0.90732, 0.992217]
12-Nov 17:05:52:INFO:root:Data trade shares: [0.971404, 0.929028, 0.993445]
12-Nov 17:05:52:INFO:root:US prices: [1.27436, 0.95135, 0.953588]
12-Nov 17:05:52:INFO:root:in the data: [2.9591, 2.1512, 2.1512]
12-Nov 17:05:52:INFO:root:Nominal world expenditure: 1.071628937787055e7
12-Nov 17:05:52:INFO:root:--------------In the data: [2.42511e7]
12-Nov 17:05:54:INFO:root:--- Period 20 ---
12-Nov 17:05:54:INFO:root:BEGIN Outer loop
12-Nov 17:05:58:INFO:root:------ Middle 4: 0.0002786433868363947
12-Nov 17:05:58:INFO:root:Starting from 5.610735046853858e-17
12-Nov 17:05:58:INFO:root:-- Outer 2: 0.012534967489737495
12-Nov 17:06:07:INFO:root:------ Middle 1: 0.0004807463520097614
12-Nov 17:06:27:INFO:root:------ Middle 1: 0.00026791447656613254
12-Nov 17:06:28:INFO:root:Starting from 4.259162489356454e-17
12-Nov 17:06:28:INFO:root:-- Outer 6: 0.0006345832845373133
12-Nov 17:06:28:INFO:root:END Outer loop
12-Nov 17:06:31:INFO:root:Model trade shares: [0.973964, 0.918571, 0.963532]
12-Nov 17:06:31:INFO:root:Data trade shares: [0.97676, 0.939693, 0.972749]
12-Nov 17:06:31:INFO:root:US prices: [1.46538, 0.971963, 0.948138]
12-Nov 17:06:31:INFO:root:in the data: [3.07991, 2.04761, 2.04761]
12-Nov 17:06:31:INFO:root:Nominal world expenditure: 1.094710384968635e7
12-Nov 17:06:31:INFO:root:--------------In the data: [2.31824e7]
12-Nov 17:06:33:INFO:root:--- Period 21 ---
12-Nov 17:06:33:INFO:root:BEGIN Outer loop
12-Nov 17:06:53:INFO:root:------ Middle 2: 0.0003703712964486436
12-Nov 17:07:01:INFO:root:------ Middle 3: 0.00020962703852947563
12-Nov 17:07:01:INFO:root:Starting from 5.386595636015487e-17
12-Nov 17:07:01:INFO:root:-- Outer 3: 0.005218646726283079
12-Nov 17:07:04:INFO:root:------ Middle 1: 0.00031351362035809195
12-Nov 17:07:10:INFO:root:------ Middle 1: 0.00020462726043398057
12-Nov 17:07:10:INFO:root:Starting from 5.50755250888022e-17
12-Nov 17:07:10:INFO:root:-- Outer 4: 0.005236928160852143
12-Nov 17:07:12:INFO:root:------ Middle 2: 0.0001756031125014244
12-Nov 17:07:12:INFO:root:Starting from 4.29400084705397e-17
12-Nov 17:07:12:INFO:root:-- Outer 5: 0.0014189583800304894
12-Nov 17:07:21:INFO:root:------ Middle 1: 0.00018242515955712058
12-Nov 17:07:21:INFO:root:Starting from 6.079087633925508e-17
12-Nov 17:07:21:INFO:root:-- Outer 6: 0.00149342003665745
12-Nov 17:07:52:INFO:root:------ Middle 1: 0.00027545050267589033
12-Nov 17:07:52:INFO:root:Starting from 5.397051602027851e-17
12-Nov 17:07:52:INFO:root:-- Outer 5: 0.0013136307041731587
12-Nov 17:08:00:INFO:root:------ Middle 1: 0.00022912824652898466
12-Nov 17:08:01:INFO:root:Starting from 5.24090079635636e-17
12-Nov 17:08:01:INFO:root:-- Outer 6: 0.0013445532443129842
12-Nov 17:08:09:INFO:root:------ Middle 1: 0.00015726040405379302
12-Nov 17:08:10:INFO:root:Starting from 5.784930322592256e-17
12-Nov 17:08:10:INFO:root:-- Outer 7: 0.00040925785629504773
12-Nov 17:08:10:INFO:root:END Outer loop
12-Nov 17:08:13:INFO:root:Model trade shares: [0.969607, 0.924417, 0.992951]
12-Nov 17:08:13:INFO:root:Data trade shares: [0.967576, 0.927756, 0.993556]
12-Nov 17:08:13:INFO:root:US prices: [1.20157, 0.924502, 0.922287]
12-Nov 17:08:13:INFO:root:in the data: [2.78451, 2.12334, 2.12334]
12-Nov 17:08:13:INFO:root:Nominal world expenditure: 1.1423365441753186e7
12-Nov 17:08:13:INFO:root:--------------In the data: [2.5209e7]
12-Nov 17:08:15:INFO:root:--- Period 22 ---
12-Nov 17:08:15:INFO:root:BEGIN Outer loop
12-Nov 17:08:15:INFO:root:------ Middle 2: 0.0003789683706409242
12-Nov 17:08:24:INFO:root:------ Middle 3: 0.00021505239471598982
12-Nov 17:08:24:INFO:root:Starting from 4.5986102301078426e-17
12-Nov 17:08:25:INFO:root:-- Outer 3: 0.0052826171418559895
12-Nov 17:08:34:INFO:root:------ Middle 1: 0.00021613412915539812
12-Nov 17:08:34:INFO:root:Starting from 3.3547658185809294e-17
12-Nov 17:08:34:INFO:root:-- Outer 4: 0.005315519103114093
12-Nov 17:08:48:INFO:root:------ Middle 1: 0.0001768593316300145
12-Nov 17:08:49:INFO:root:Starting from 5.501639152873146e-17
12-Nov 17:08:49:INFO:root:-- Outer 7: 0.0004243618322663487
12-Nov 17:08:49:INFO:root:END Outer loop
12-Nov 17:08:52:INFO:root:Model trade shares: [0.956447, 0.925854, 0.991733]
12-Nov 17:08:52:INFO:root:Data trade shares: [0.953126, 0.923314, 0.993566]
12-Nov 17:08:52:INFO:root:US prices: [1.01456, 0.931025, 0.93441]
12-Nov 17:08:52:INFO:root:in the data: [2.3065, 2.15345, 2.15345]
12-Nov 17:08:52:INFO:root:Nominal world expenditure: 1.3438069984897137e7
12-Nov 17:08:52:INFO:root:--------------In the data: [2.91447e7]
12-Nov 17:08:54:INFO:root:--- Period 23 ---
12-Nov 17:08:54:INFO:root:BEGIN Outer loop
12-Nov 17:09:17:INFO:root:------ Middle 1: 0.00029114602145701053
12-Nov 17:09:18:INFO:root:Starting from 6.823504414423912e-17
12-Nov 17:09:18:INFO:root:-- Outer 5: 0.0013363287434888104
12-Nov 17:09:27:INFO:root:------ Middle 1: 0.00024093558483925714
12-Nov 17:09:27:INFO:root:Starting from 4.790019531304053e-17
12-Nov 17:09:27:INFO:root:-- Outer 6: 0.0013683908351870293
12-Nov 17:10:18:INFO:root:------ Middle 1: 0.0001856939369586144
12-Nov 17:10:18:INFO:root:Starting from 6.101565485005762e-17
12-Nov 17:10:18:INFO:root:-- Outer 7: 0.00042656705841627636
12-Nov 17:10:18:INFO:root:END Outer loop
12-Nov 17:10:21:INFO:root:Model trade shares: [0.967252, 0.926457, 0.991717]
12-Nov 17:10:21:INFO:root:Data trade shares: [0.958317, 0.928046, 0.993489]
12-Nov 17:10:21:INFO:root:US prices: [1.01052, 0.915616, 0.935022]
12-Nov 17:10:21:INFO:root:in the data: [2.43661, 2.20422, 2.20422]
12-Nov 17:10:21:INFO:root:Nominal world expenditure: 1.4266352178031428e7
12-Nov 17:10:21:INFO:root:--------------In the data: [3.25615e7]
12-Nov 17:10:23:INFO:root:--- Period 24 ---
12-Nov 17:10:23:INFO:root:BEGIN Outer loop
12-Nov 17:10:40:INFO:root:------ Middle 1: 0.0003087573799465866
12-Nov 17:10:47:INFO:root:------ Middle 2: 0.00017465165732388093
12-Nov 17:10:48:INFO:root:Starting from 5.20714779603208e-17
12-Nov 17:10:48:INFO:root:-- Outer 5: 0.001429284589228967
12-Nov 17:10:56:INFO:root:------ Middle 1: 0.0001849131813273012
12-Nov 17:10:57:INFO:root:Starting from 5.596019378082203e-17
12-Nov 17:10:57:INFO:root:-- Outer 6: 0.0015178889038946375
12-Nov 17:11:47:INFO:root:------ Middle 1: 0.0001613166933085819
12-Nov 17:11:47:INFO:root:Starting from 5.3011799116379644e-17
12-Nov 17:11:47:INFO:root:-- Outer 7: 0.0004462535640471526
12-Nov 17:11:47:INFO:root:END Outer loop
12-Nov 17:11:50:INFO:root:Model trade shares: [0.960196, 0.919131, 0.992502]
12-Nov 17:11:50:INFO:root:Data trade shares: [0.960962, 0.931588, 0.993893]
12-Nov 17:11:50:INFO:root:US prices: [1.00402, 0.908668, 0.909271]
12-Nov 17:11:50:INFO:root:in the data: [2.50767, 2.31742, 2.31742]
12-Nov 17:11:51:INFO:root:Nominal world expenditure: 1.4729301028008243e7
12-Nov 17:11:51:INFO:root:--------------In the data: [3.61928e7]
12-Nov 17:11:52:INFO:root:--- Period 25 ---
12-Nov 17:11:52:INFO:root:BEGIN Outer loop
12-Nov 17:13:19:INFO:root:------ Middle 1: 0.004803247060108849
12-Nov 17:13:28:INFO:root:------ Middle 2: 0.0026463154916910423
12-Nov 17:14:24:INFO:root:------ Middle 1: 0.004775482213888496
12-Nov 17:14:32:INFO:root:------ Middle 2: 0.0026309235716440414
12-Nov 17:15:06:INFO:root:------ Middle 1: 0.004881461159223701
12-Nov 17:15:11:INFO:root:------ Middle 3: 0.0019953575719530727
12-Nov 17:15:13:INFO:root:------ Middle 2: 0.0026893366014191364
12-Nov 17:15:15:INFO:root:------ Middle 1: 0.004723472871266296
12-Nov 17:15:19:INFO:root:------ Middle 4: 0.0011062494506256957
12-Nov 17:15:23:INFO:root:------ Middle 2: 0.0026028698122546644
12-Nov 17:16:11:INFO:root:------ Middle 3: 0.0019871602615692944
12-Nov 17:16:19:INFO:root:------ Middle 4: 0.0011019856517226
12-Nov 17:16:27:INFO:root:------ Middle 1: 0.00454592277137087
12-Nov 17:16:33:INFO:root:------ Middle 1: 0.0044227851346745365
12-Nov 17:16:35:INFO:root:------ Middle 2: 0.0025055678097904216
12-Nov 17:16:39:INFO:root:------ Middle 5: 0.0008821874219289601
12-Nov 17:16:41:INFO:root:------ Middle 2: 0.0024387932033299005
12-Nov 17:16:48:INFO:root:------ Middle 6: 0.0004911042203582909
12-Nov 17:16:51:INFO:root:------ Middle 3: 0.002021987360847466
12-Nov 17:17:00:INFO:root:------ Middle 4: 0.001121293375642107
12-Nov 17:17:08:INFO:root:------ Middle 3: 0.0019798969559918283
12-Nov 17:17:16:INFO:root:------ Middle 4: 0.0010979599118725912
12-Nov 17:17:20:INFO:root:------ Middle 7: 0.0003830994411782783
12-Nov 17:17:36:INFO:root:------ Middle 8: 0.0002387459825244026
12-Nov 17:17:37:INFO:root:Starting from 1.1724661615842611e-17
12-Nov 17:17:37:INFO:root:-- Outer 1: 0.02582109285143512
12-Nov 17:17:38:INFO:root:------ Middle 5: 0.0008897459228572429
12-Nov 17:17:45:INFO:root:------ Middle 1: 0.0023610046561119984
12-Nov 17:17:47:INFO:root:------ Middle 6: 0.0004955061333662437
12-Nov 17:17:48:INFO:root:------ Middle 1: 0.004223383276067561
12-Nov 17:17:57:INFO:root:------ Middle 2: 0.002328934111890558
12-Nov 17:18:16:INFO:root:------ Middle 5: 0.0009032441225874116
12-Nov 17:18:21:INFO:root:------ Middle 7: 0.0003884936146273079
12-Nov 17:18:24:INFO:root:------ Middle 6: 0.0005031366446553849
12-Nov 17:18:25:INFO:root:------ Middle 3: 0.001933834407112097
12-Nov 17:18:28:INFO:root:------ Middle 8: 0.00023211459030034637
12-Nov 17:18:29:INFO:root:Starting from 1.1781011333700275e-17
12-Nov 17:18:29:INFO:root:-- Outer 1: 0.02491304289628702
12-Nov 17:18:33:INFO:root:------ Middle 4: 0.0010720552304398089
12-Nov 17:18:36:INFO:root:------ Middle 5: 0.0008838906788441605
12-Nov 17:18:38:INFO:root:------ Middle 1: 0.002381250123785896
12-Nov 17:18:45:INFO:root:------ Middle 6: 0.000492356083034249
12-Nov 17:18:47:INFO:root:------ Middle 3: 0.0019020292178502903
12-Nov 17:18:55:INFO:root:------ Middle 7: 0.0003949856182439267
12-Nov 17:18:55:INFO:root:------ Middle 4: 0.0010541212332213226
12-Nov 17:19:03:INFO:root:------ Middle 1: 0.004185497678623776
12-Nov 17:19:11:INFO:root:------ Middle 8: 0.0002469795361068336
12-Nov 17:19:11:INFO:root:Starting from 1.1724871518603724e-17
12-Nov 17:19:11:INFO:root:-- Outer 1: 0.024457122973419627
12-Nov 17:19:12:INFO:root:------ Middle 2: 0.0023082356093040847
12-Nov 17:19:17:INFO:root:------ Middle 7: 0.00038805138825713433
12-Nov 17:19:21:INFO:root:------ Middle 1: 0.0025185394516534176
12-Nov 17:19:34:INFO:root:------ Middle 8: 0.00024253627697923632
12-Nov 17:19:34:INFO:root:Starting from 1.1673201352829484e-17
12-Nov 17:19:34:INFO:root:-- Outer 1: 0.02421082145331213
12-Nov 17:19:44:INFO:root:------ Middle 1: 0.002488958772029026
12-Nov 17:20:01:INFO:root:------ Middle 3: 0.001832535214036256
12-Nov 17:20:03:INFO:root:------ Middle 5: 0.0008732707634168251
12-Nov 17:20:10:INFO:root:------ Middle 4: 0.0010156728288492499
12-Nov 17:20:12:INFO:root:------ Middle 6: 0.0004862888370641584
12-Nov 17:20:17:INFO:root:------ Middle 5: 0.0008538256486539147
12-Nov 17:20:25:INFO:root:------ Middle 6: 0.0004762619565921359
12-Nov 17:20:28:INFO:root:------ Middle 2: 0.0007517307490758624
12-Nov 17:20:36:INFO:root:------ Middle 3: 0.0004188001579455864
12-Nov 17:20:44:INFO:root:------ Middle 7: 0.0003848201470037442
12-Nov 17:20:58:INFO:root:------ Middle 7: 0.0003788264023046251
12-Nov 17:21:00:INFO:root:------ Middle 3: 0.001801741985240861
12-Nov 17:21:00:INFO:root:------ Middle 4: 0.00028426059430868207
12-Nov 17:21:01:INFO:root:Starting from 6.069180434424231e-17
12-Nov 17:21:01:INFO:root:-- Outer 2: 0.012348849054113582
12-Nov 17:21:01:INFO:root:------ Middle 8: 0.00024006791019146257
12-Nov 17:21:02:INFO:root:Starting from 1.1888961830649705e-17
12-Nov 17:21:02:INFO:root:-- Outer 1: 0.024100889242160053
12-Nov 17:21:08:INFO:root:------ Middle 4: 0.0009994034330418765
12-Nov 17:21:10:INFO:root:------ Middle 1: 0.000478176706559398
12-Nov 17:21:11:INFO:root:------ Middle 1: 0.0026153056332728106
12-Nov 17:21:14:INFO:root:------ Middle 8: 0.00023691152393629376
12-Nov 17:21:15:INFO:root:Starting from 1.1924723891861973e-17
12-Nov 17:21:15:INFO:root:-- Outer 1: 0.02373651980615825
12-Nov 17:21:24:INFO:root:------ Middle 1: 0.0026734653923381146
12-Nov 17:21:24:INFO:root:------ Middle 2: 0.0007403278922954859
12-Nov 17:21:32:INFO:root:------ Middle 3: 0.0004132582531425121
12-Nov 17:21:33:INFO:root:------ Middle 5: 0.0008267100349462883
12-Nov 17:21:42:INFO:root:------ Middle 6: 0.0004611059155468972
12-Nov 17:22:06:INFO:root:------ Middle 4: 0.00031067346079367765
12-Nov 17:22:12:INFO:root:------ Middle 2: 0.0007936432969586918
12-Nov 17:22:15:INFO:root:------ Middle 5: 0.00018778963435372734
12-Nov 17:22:15:INFO:root:Starting from 4.899846900489255e-17
12-Nov 17:22:15:INFO:root:-- Outer 2: 0.012007176384890895
12-Nov 17:22:15:INFO:root:------ Middle 7: 0.0003667802063876682
12-Nov 17:22:21:INFO:root:------ Middle 3: 0.00044206394559815606
12-Nov 17:22:24:INFO:root:------ Middle 1: 0.0005353340924435852
12-Nov 17:22:25:INFO:root:------ Middle 5: 0.0008146987255181762
12-Nov 17:22:32:INFO:root:------ Middle 8: 0.00022995534320231016
12-Nov 17:22:32:INFO:root:Starting from 1.1844985178987234e-17
12-Nov 17:22:32:INFO:root:-- Outer 1: 0.023271471368204424
12-Nov 17:22:34:INFO:root:------ Middle 6: 0.0004542809415996026
12-Nov 17:22:36:INFO:root:------ Middle 2: 0.0007784564848396233
12-Nov 17:22:41:INFO:root:------ Middle 1: 0.002592132855801309
12-Nov 17:22:44:INFO:root:------ Middle 3: 0.0004332165621878548
12-Nov 17:22:55:INFO:root:------ Middle 4: 0.00032802628282304437
12-Nov 17:23:03:INFO:root:------ Middle 5: 0.00019844147786375816
12-Nov 17:23:03:INFO:root:Starting from 5.259897559831298e-17
12-Nov 17:23:04:INFO:root:-- Outer 2: 0.011752880763331502
12-Nov 17:23:07:INFO:root:------ Middle 7: 0.0003610218383870944
12-Nov 17:23:13:INFO:root:------ Middle 1: 0.0005751956614557267
12-Nov 17:23:14:INFO:root:------ Middle 4: 0.00032467531191288253
12-Nov 17:23:17:INFO:root:------ Middle 2: 0.0003816897618692884
12-Nov 17:23:22:INFO:root:------ Middle 5: 0.0001961206191777214
12-Nov 17:23:22:INFO:root:------ Middle 8: 0.00022665776835928262
12-Nov 17:23:22:INFO:root:Starting from 5.603654184542076e-17
12-Nov 17:23:22:INFO:root:-- Outer 2: 0.011572221716143404
12-Nov 17:23:22:INFO:root:Starting from 1.2070722437529161e-17
12-Nov 17:23:23:INFO:root:-- Outer 1: 0.02258874499981174
12-Nov 17:23:25:INFO:root:------ Middle 3: 0.0002160931797325781
12-Nov 17:23:26:INFO:root:Starting from 3.445886330103975e-17
12-Nov 17:23:26:INFO:root:-- Outer 3: 0.005196989967489407
12-Nov 17:23:31:INFO:root:------ Middle 1: 0.002531852786130112
12-Nov 17:23:32:INFO:root:------ Middle 1: 0.0005405787535937149
12-Nov 17:23:34:INFO:root:------ Middle 1: 0.00022033609729615517
12-Nov 17:23:35:INFO:root:Starting from 5.016732371157069e-17
12-Nov 17:23:35:INFO:root:-- Outer 4: 0.005222186042970678
12-Nov 17:24:01:INFO:root:------ Middle 2: 0.0008224727063729876
12-Nov 17:24:09:INFO:root:------ Middle 3: 0.0004575287445398712
12-Nov 17:24:15:INFO:root:------ Middle 2: 0.000822535893619267
12-Nov 17:24:23:INFO:root:------ Middle 3: 0.0004577833128171753
12-Nov 17:24:34:INFO:root:------ Middle 2: 0.0003413752838067697
12-Nov 17:24:40:INFO:root:------ Middle 4: 0.0003431712887408667
12-Nov 17:24:42:INFO:root:------ Middle 3: 0.00019409823764688462
12-Nov 17:24:42:INFO:root:Starting from 5.565636970721674e-17
12-Nov 17:24:42:INFO:root:-- Outer 3: 0.005103476026457604
12-Nov 17:24:48:INFO:root:------ Middle 5: 0.00020701593496225753
12-Nov 17:24:48:INFO:root:Starting from 5.236489732538061e-17
12-Nov 17:24:48:INFO:root:-- Outer 2: 0.0115491996202166
12-Nov 17:24:52:INFO:root:------ Middle 1: 0.0002545773566933962
12-Nov 17:24:52:INFO:root:Starting from 4.4535416010691955e-17
12-Nov 17:24:52:INFO:root:-- Outer 4: 0.005154382390035915
12-Nov 17:24:56:INFO:root:------ Middle 4: 0.00034292354442237634
12-Nov 17:24:57:INFO:root:------ Middle 1: 0.0005288694368760821
12-Nov 17:25:04:INFO:root:------ Middle 5: 0.0002072897845653508
12-Nov 17:25:05:INFO:root:Starting from 6.405700003119964e-17
12-Nov 17:25:05:INFO:root:-- Outer 2: 0.011421688700814656
12-Nov 17:25:13:INFO:root:------ Middle 1: 0.0005323263913940889
12-Nov 17:25:24:INFO:root:------ Middle 2: 0.0003506974822887267
12-Nov 17:25:32:INFO:root:------ Middle 1: 0.0003085180118146028
12-Nov 17:25:33:INFO:root:------ Middle 3: 0.00019897851732615185
12-Nov 17:25:34:INFO:root:Starting from 4.6361393805592795e-17
12-Nov 17:25:34:INFO:root:-- Outer 3: 0.005076356863771899
12-Nov 17:25:36:INFO:root:------ Middle 2: 0.0008083899795643296
12-Nov 17:25:41:INFO:root:------ Middle 2: 0.00017462772362671964
12-Nov 17:25:41:INFO:root:Starting from 5.917450636487847e-17
12-Nov 17:25:41:INFO:root:-- Outer 5: 0.0013764836729451791
12-Nov 17:25:43:INFO:root:------ Middle 1: 0.00028786896562525694
12-Nov 17:25:43:INFO:root:Starting from 5.393533640829148e-17
12-Nov 17:25:43:INFO:root:-- Outer 4: 0.0051616758993705235
12-Nov 17:25:44:INFO:root:------ Middle 3: 0.0004493269206595135
12-Nov 17:25:45:INFO:root:------ Middle 2: 0.0003291491981179151
12-Nov 17:25:50:INFO:root:------ Middle 1: 0.00018443534460046038
12-Nov 17:25:51:INFO:root:Starting from 5.144557046845474e-17
12-Nov 17:25:51:INFO:root:-- Outer 6: 0.0014698555771432047
12-Nov 17:25:54:INFO:root:------ Middle 3: 0.0001871810244611815
12-Nov 17:25:54:INFO:root:Starting from 6.567892604959343e-17
12-Nov 17:25:54:INFO:root:-- Outer 3: 0.004951588601019791
12-Nov 17:26:04:INFO:root:------ Middle 1: 0.00026100542616229396
12-Nov 17:26:04:INFO:root:Starting from 6.268851847665979e-17
12-Nov 17:26:04:INFO:root:-- Outer 4: 0.0049424992646996055
12-Nov 17:26:15:INFO:root:------ Middle 4: 0.0003350848519443354
12-Nov 17:26:20:INFO:root:------ Middle 2: 0.0007753477626793029
12-Nov 17:26:24:INFO:root:------ Middle 5: 0.00020289286184668715
12-Nov 17:26:24:INFO:root:Starting from 6.477168355238895e-17
12-Nov 17:26:24:INFO:root:-- Outer 2: 0.01116849399419075
12-Nov 17:26:29:INFO:root:------ Middle 3: 0.00043129193460957684
12-Nov 17:26:33:INFO:root:------ Middle 1: 0.000495059932268247
12-Nov 17:26:39:INFO:root:------ Middle 1: 0.0001622395310586647
12-Nov 17:26:39:INFO:root:Starting from 5.47231391594345e-17
12-Nov 17:26:39:INFO:root:-- Outer 7: 0.0004529800425541802
12-Nov 17:26:39:INFO:root:END Outer loop
12-Nov 17:26:42:INFO:root:Model trade shares: [0.959605, 0.923922, 0.993971]
12-Nov 17:26:42:INFO:root:Data trade shares: [0.961578, 0.934257, 0.993842]
12-Nov 17:26:42:INFO:root:US prices: [0.971096, 0.928451, 0.939236]
12-Nov 17:26:42:INFO:root:in the data: [2.5813, 2.43608, 2.43608]
12-Nov 17:26:42:INFO:root:Nominal world expenditure: 1.4905596661331868e7
12-Nov 17:26:42:INFO:root:--------------In the data: [3.7723e7]
12-Nov 17:26:44:INFO:root:--- Period 26 ---
12-Nov 17:26:44:INFO:root:BEGIN Outer loop
12-Nov 17:26:58:INFO:root:------ Middle 1: 0.0003436755715082642
12-Nov 17:27:01:INFO:root:------ Middle 4: 0.00032214041210737
12-Nov 17:27:06:INFO:root:------ Middle 2: 0.0001931749202952052
12-Nov 17:27:07:INFO:root:Starting from 6.190670532981746e-17
12-Nov 17:27:07:INFO:root:-- Outer 5: 0.0013689775482681348
12-Nov 17:27:09:INFO:root:------ Middle 5: 0.0001954550794683096
12-Nov 17:27:09:INFO:root:Starting from 5.4199414607855036e-17
12-Nov 17:27:09:INFO:root:-- Outer 2: 0.010858853490906319
12-Nov 17:27:13:INFO:root:------ Middle 2: 0.0003457634061244707
12-Nov 17:27:15:INFO:root:------ Middle 1: 0.00020314663196134623
12-Nov 17:27:16:INFO:root:Starting from 4.9184901310942837e-17
12-Nov 17:27:16:INFO:root:-- Outer 6: 0.0014565282025474165
12-Nov 17:27:18:INFO:root:------ Middle 1: 0.0004927235569963065
12-Nov 17:27:21:INFO:root:------ Middle 3: 0.00019567352025894565
12-Nov 17:27:21:INFO:root:Starting from 4.531068077657136e-17
12-Nov 17:27:22:INFO:root:-- Outer 3: 0.004918120115820143
12-Nov 17:27:26:INFO:root:------ Middle 2: 0.0003418217535712273
12-Nov 17:27:31:INFO:root:------ Middle 1: 0.00024566615492593435
12-Nov 17:27:31:INFO:root:Starting from 6.422768587830089e-17
12-Nov 17:27:31:INFO:root:-- Outer 4: 0.004934392409952612
12-Nov 17:27:35:INFO:root:------ Middle 3: 0.00019372576721679553
12-Nov 17:27:35:INFO:root:Starting from 5.628726302857434e-17
12-Nov 17:27:35:INFO:root:-- Outer 3: 0.0048624006375182
12-Nov 17:27:44:INFO:root:------ Middle 1: 0.0002348385698273732
12-Nov 17:27:44:INFO:root:Starting from 6.482404915848476e-17
12-Nov 17:27:45:INFO:root:-- Outer 4: 0.004842849957340152
12-Nov 17:27:55:INFO:root:------ Middle 1: 0.00036903243983158585
12-Nov 17:27:55:INFO:root:------ Middle 1: 0.00018906378698980173
12-Nov 17:27:56:INFO:root:Starting from 6.885473830993609e-17
12-Nov 17:27:56:INFO:root:-- Outer 7: 0.0004675344696744046
12-Nov 17:27:56:INFO:root:END Outer loop
12-Nov 17:27:59:INFO:root:Model trade shares: [0.966249, 0.928207, 0.991083]
12-Nov 17:27:59:INFO:root:Data trade shares: [0.963666, 0.934551, 0.994086]
12-Nov 17:27:59:INFO:root:US prices: [0.970502, 0.928108, 0.910823]
12-Nov 17:27:59:INFO:root:in the data: [2.67778, 2.5352, 2.5352]
12-Nov 17:27:59:INFO:root:Nominal world expenditure: 1.5724850486708779e7
12-Nov 17:27:59:INFO:root:--------------In the data: [4.12361e7]
12-Nov 17:28:01:INFO:root:--- Period 27 ---
12-Nov 17:28:01:INFO:root:BEGIN Outer loop
12-Nov 17:28:04:INFO:root:------ Middle 2: 0.00020642015838993807
12-Nov 17:28:04:INFO:root:Starting from 3.779634765153978e-17
12-Nov 17:28:04:INFO:root:-- Outer 5: 0.00138860829580742
12-Nov 17:28:11:INFO:root:------ Middle 1: 0.00033136534333673564
12-Nov 17:28:13:INFO:root:------ Middle 1: 0.0002135870507493324
12-Nov 17:28:13:INFO:root:Starting from 5.099605485100145e-17
12-Nov 17:28:14:INFO:root:-- Outer 6: 0.00146751362044086
12-Nov 17:28:19:INFO:root:------ Middle 2: 0.00018623024529865293
12-Nov 17:28:19:INFO:root:Starting from 4.8443578995287665e-17
12-Nov 17:28:19:INFO:root:-- Outer 5: 0.001297674125239688
12-Nov 17:28:28:INFO:root:------ Middle 1: 0.0001974420487956795
12-Nov 17:28:28:INFO:root:Starting from 5.337307618547938e-17
12-Nov 17:28:28:INFO:root:-- Outer 6: 0.0013898738909002577
12-Nov 17:28:49:INFO:root:------ Middle 2: 0.000320923932424119
12-Nov 17:28:57:INFO:root:------ Middle 3: 0.00018192130986864903
12-Nov 17:28:58:INFO:root:Starting from 6.894701013119648e-17
12-Nov 17:28:58:INFO:root:-- Outer 3: 0.004738509110115883
12-Nov 17:29:03:INFO:root:------ Middle 1: 0.00019352141085536318
12-Nov 17:29:03:INFO:root:Starting from 5.964119740501025e-17
12-Nov 17:29:03:INFO:root:-- Outer 7: 0.0004761694468248285
12-Nov 17:29:03:INFO:root:END Outer loop
12-Nov 17:29:06:INFO:root:Model trade shares: [0.959359, 0.925523, 0.992179]
12-Nov 17:29:06:INFO:root:Data trade shares: [0.960926, 0.936095, 0.990604]
12-Nov 17:29:06:INFO:root:US prices: [0.921939, 0.9045, 0.875804]
12-Nov 17:29:06:INFO:root:in the data: [2.54462, 2.53886, 2.53886]
12-Nov 17:29:06:INFO:root:Nominal world expenditure: 1.5896014483784363e7
12-Nov 17:29:06:INFO:root:--------------In the data: [4.29516e7]
12-Nov 17:29:06:INFO:root:------ Middle 1: 0.00019963381742201002
12-Nov 17:29:06:INFO:root:Starting from 5.992311381967755e-17
12-Nov 17:29:07:INFO:root:-- Outer 4: 0.0047043367294830616
12-Nov 17:29:08:INFO:root:--- Period 28 ---
12-Nov 17:29:08:INFO:root:BEGIN Outer loop
12-Nov 17:29:08:INFO:root:------ Middle 1: 0.0001854701985693378
12-Nov 17:29:08:INFO:root:Starting from 4.3968724938252416e-17
12-Nov 17:29:08:INFO:root:-- Outer 7: 0.0004656416379005314
12-Nov 17:29:08:INFO:root:END Outer loop
12-Nov 17:29:11:INFO:root:Model trade shares: [0.962506, 0.921585, 0.993067]
12-Nov 17:29:11:INFO:root:Data trade shares: [0.960491, 0.93458, 0.986591]
12-Nov 17:29:11:INFO:root:US prices: [0.873047, 0.885857, 0.84644]
12-Nov 17:29:11:INFO:root:in the data: [2.52256, 2.5595, 2.5595]
12-Nov 17:29:12:INFO:root:Nominal world expenditure: 1.6328148736794788e7
12-Nov 17:29:12:INFO:root:--------------In the data: [4.55098e7]
12-Nov 17:29:13:INFO:root:--- Period 29 ---
12-Nov 17:29:14:INFO:root:BEGIN Outer loop
12-Nov 17:29:23:INFO:root:------ Middle 2: 0.0003075832581945848
12-Nov 17:29:31:INFO:root:------ Middle 3: 0.0001750660073045431
12-Nov 17:29:31:INFO:root:Starting from 5.392925914059412e-17
12-Nov 17:29:31:INFO:root:-- Outer 3: 0.004641618080547461
12-Nov 17:29:40:INFO:root:------ Middle 1: 0.00020747137313076856
12-Nov 17:29:40:INFO:root:Starting from 5.5447928453561285e-17
12-Nov 17:29:40:INFO:root:-- Outer 4: 0.0045969557731385105
12-Nov 17:29:50:INFO:root:------ Middle 1: 0.000340709403377539
12-Nov 17:29:59:INFO:root:------ Middle 2: 0.00019080713849875983
12-Nov 17:29:59:INFO:root:Starting from 5.816341071092518e-17
12-Nov 17:29:59:INFO:root:-- Outer 5: 0.0013259662698330138
12-Nov 17:30:00:INFO:root:------ Middle 1: 0.00031292988188169396
12-Nov 17:30:08:INFO:root:------ Middle 1: 0.00020288943211583266
12-Nov 17:30:08:INFO:root:Starting from 4.4235592263008346e-17
12-Nov 17:30:08:INFO:root:-- Outer 6: 0.0014120434559022335
12-Nov 17:30:08:INFO:root:------ Middle 2: 0.0001756442262923043
12-Nov 17:30:08:INFO:root:Starting from 7.210378803938966e-17
12-Nov 17:30:08:INFO:root:-- Outer 5: 0.001269864118967289
12-Nov 17:30:16:INFO:root:------ Middle 1: 0.00018712524529334164
12-Nov 17:30:17:INFO:root:Starting from 5.197265199125911e-17
12-Nov 17:30:17:INFO:root:-- Outer 6: 0.0013517588756747428
12-Nov 17:30:48:INFO:root:------ Middle 1: 0.0001923613934949154
12-Nov 17:30:48:INFO:root:Starting from 7.018452224860763e-17
12-Nov 17:30:49:INFO:root:-- Outer 7: 0.00046924914007920386
12-Nov 17:30:49:INFO:root:END Outer loop
12-Nov 17:30:51:INFO:root:Model trade shares: [0.957368, 0.924247, 0.986917]
12-Nov 17:30:51:INFO:root:Data trade shares: [0.959588, 0.937566, 0.971212]
12-Nov 17:30:51:INFO:root:US prices: [0.927004, 0.877743, 0.928296]
12-Nov 17:30:51:INFO:root:in the data: [2.70826, 2.57595, 2.57595]
12-Nov 17:30:52:INFO:root:Nominal world expenditure: 1.6130219266221892e7
12-Nov 17:30:52:INFO:root:--------------In the data: [4.5848e7]
12-Nov 17:30:53:INFO:root:--- Period 30 ---
12-Nov 17:30:54:INFO:root:BEGIN Outer loop
12-Nov 17:30:57:INFO:root:------ Middle 1: 0.000172560513930596
12-Nov 17:30:57:INFO:root:Starting from 5.449226729022242e-17
12-Nov 17:30:57:INFO:root:-- Outer 7: 0.00044853485942941994
12-Nov 17:30:57:INFO:root:END Outer loop
12-Nov 17:31:00:INFO:root:Model trade shares: [0.949937, 0.920414, 0.989444]
12-Nov 17:31:00:INFO:root:Data trade shares: [0.955615, 0.931697, 0.991754]
12-Nov 17:31:00:INFO:root:US prices: [0.849926, 0.857492, 0.889046]
12-Nov 17:31:00:INFO:root:in the data: [2.59006, 2.59665, 2.59665]
12-Nov 17:31:00:INFO:root:Nominal world expenditure: 1.6929133606273036e7
12-Nov 17:31:00:INFO:root:--------------In the data: [4.90999e7]
12-Nov 17:31:02:INFO:root:--- Period 31 ---
12-Nov 17:31:02:INFO:root:BEGIN Outer loop
12-Nov 17:31:17:INFO:root:------ Middle 1: 0.0002622300184214932
12-Nov 17:31:17:INFO:root:Starting from 6.266909574155322e-17
12-Nov 17:31:17:INFO:root:-- Outer 5: 0.0011304146962925917
12-Nov 17:31:26:INFO:root:------ Middle 1: 0.00021812035384158966
12-Nov 17:31:26:INFO:root:Starting from 6.674743987319435e-17
12-Nov 17:31:26:INFO:root:-- Outer 6: 0.0011611299496980022
12-Nov 17:31:47:INFO:root:------ Middle 1: 0.00026358297584969743
12-Nov 17:31:48:INFO:root:Starting from 5.790301417956165e-17
12-Nov 17:31:48:INFO:root:-- Outer 5: 0.0011328123614366863
12-Nov 17:31:56:INFO:root:------ Middle 1: 0.00021958196885508313
12-Nov 17:31:56:INFO:root:Starting from 5.616306202696433e-17
12-Nov 17:31:56:INFO:root:-- Outer 6: 0.0011639840756568244
12-Nov 17:32:05:INFO:root:------ Middle 1: 0.00017134428733940022
12-Nov 17:32:06:INFO:root:Starting from 6.197968597184339e-17
12-Nov 17:32:06:INFO:root:-- Outer 7: 0.00043108897712974473
12-Nov 17:32:06:INFO:root:END Outer loop
12-Nov 17:32:08:INFO:root:Model trade shares: [0.942783, 0.913888, 0.990556]
12-Nov 17:32:08:INFO:root:Data trade shares: [0.950579, 0.929714, 0.991388]
12-Nov 17:32:08:INFO:root:US prices: [0.911846, 0.868052, 0.873931]
12-Nov 17:32:08:INFO:root:in the data: [2.71827, 2.64842, 2.64842]
12-Nov 17:32:09:INFO:root:Nominal world expenditure: 1.817891086962121e7
12-Nov 17:32:09:INFO:root:--------------In the data: [5.43532e7]
12-Nov 17:32:10:INFO:root:--- Period 32 ---
12-Nov 17:32:11:INFO:root:BEGIN Outer loop
12-Nov 17:32:35:INFO:root:------ Middle 1: 0.0001748339404778868
12-Nov 17:32:36:INFO:root:Starting from 6.7188393350389e-17
12-Nov 17:32:36:INFO:root:-- Outer 7: 0.000429678062244261
12-Nov 17:32:36:INFO:root:END Outer loop
12-Nov 17:32:38:INFO:root:Model trade shares: [0.954578, 0.902547, 0.981794]
12-Nov 17:32:38:INFO:root:Data trade shares: [0.954902, 0.927282, 0.98849]
12-Nov 17:32:38:INFO:root:US prices: [0.863043, 0.885003, 0.912295]
12-Nov 17:32:38:INFO:root:in the data: [2.81662, 2.76323, 2.76323]
12-Nov 17:32:39:INFO:root:Nominal world expenditure: 1.799251045661329e7
12-Nov 17:32:39:INFO:root:--------------In the data: [5.52518e7]
12-Nov 17:32:40:INFO:root:--- Period 33 ---
12-Nov 17:32:40:INFO:root:BEGIN Outer loop
12-Nov 17:33:54:INFO:root:------ Middle 1: 0.004225881145879391
12-Nov 17:34:02:INFO:root:------ Middle 2: 0.0023299802560854364
12-Nov 17:35:02:INFO:root:------ Middle 1: 0.0040756521242747016
12-Nov 17:35:11:INFO:root:------ Middle 2: 0.0022477390289197736
12-Nov 17:35:49:INFO:root:------ Middle 3: 0.0017896673675823075
12-Nov 17:35:58:INFO:root:------ Middle 4: 0.0009931845529505693
12-Nov 17:36:09:INFO:root:------ Middle 1: 0.0039418258336282215
12-Nov 17:36:17:INFO:root:------ Middle 2: 0.002174269099046626
12-Nov 17:36:36:INFO:root:------ Middle 1: 0.004001150165407576
12-Nov 17:36:44:INFO:root:------ Middle 2: 0.002206201790316369
12-Nov 17:36:56:INFO:root:------ Middle 3: 0.0017321787449917215
12-Nov 17:37:05:INFO:root:------ Middle 4: 0.0009618423460313406
12-Nov 17:37:18:INFO:root:------ Middle 5: 0.0008074069576598737
12-Nov 17:37:26:INFO:root:------ Middle 6: 0.0004503506534683078
12-Nov 17:37:56:INFO:root:------ Middle 7: 0.00035704904724804756
12-Nov 17:38:07:INFO:root:------ Middle 3: 0.0016927891974960075
12-Nov 17:38:12:INFO:root:------ Middle 8: 0.00022416138582938774
12-Nov 17:38:12:INFO:root:Starting from 1.1732944196014887e-17
12-Nov 17:38:12:INFO:root:-- Outer 1: 0.021704423128174506
12-Nov 17:38:16:INFO:root:------ Middle 4: 0.0009394028106209037
12-Nov 17:38:21:INFO:root:------ Middle 1: 0.00251870177901318
12-Nov 17:38:25:INFO:root:------ Middle 5: 0.0007852453801254391
12-Nov 17:38:31:INFO:root:------ Middle 1: 0.004100950885241379
12-Nov 17:38:33:INFO:root:------ Middle 1: 0.0043032997670093345
12-Nov 17:38:34:INFO:root:------ Middle 6: 0.00043859569184207154
12-Nov 17:38:35:INFO:root:------ Middle 3: 0.0017047229362933145
12-Nov 17:38:39:INFO:root:------ Middle 2: 0.002261028021711701
12-Nov 17:38:42:INFO:root:------ Middle 2: 0.0023723574267143885
12-Nov 17:38:43:INFO:root:------ Middle 4: 0.000945685199318983
12-Nov 17:39:06:INFO:root:------ Middle 7: 0.0003491503508592248
12-Nov 17:39:16:INFO:root:------ Middle 1: 0.004463740378446319
12-Nov 17:39:22:INFO:root:------ Middle 8: 0.00021874018801410885
12-Nov 17:39:23:INFO:root:Starting from 1.1754951722311726e-17
12-Nov 17:39:23:INFO:root:-- Outer 1: 0.02091353502720875
12-Nov 17:39:24:INFO:root:------ Middle 2: 0.0024610316797007304
12-Nov 17:39:31:INFO:root:------ Middle 1: 0.002516801361405184
12-Nov 17:39:35:INFO:root:------ Middle 5: 0.0007670040342750305
12-Nov 17:39:36:INFO:root:------ Middle 1: 0.0046641126237286145
12-Nov 17:39:43:INFO:root:------ Middle 6: 0.00042846134022105667
12-Nov 17:39:45:INFO:root:------ Middle 2: 0.002571552222349912
12-Nov 17:40:05:INFO:root:------ Middle 5: 0.0007681443079788798
12-Nov 17:40:13:INFO:root:------ Middle 6: 0.0004289262030552869
12-Nov 17:40:16:INFO:root:------ Middle 7: 0.0003419494789043929
12-Nov 17:40:28:INFO:root:------ Middle 3: 0.0017919502156201058
12-Nov 17:40:30:INFO:root:------ Middle 3: 0.0017393635687926363
12-Nov 17:40:33:INFO:root:------ Middle 8: 0.0002143274684695679
12-Nov 17:40:33:INFO:root:Starting from 1.1985487701978409e-17
12-Nov 17:40:33:INFO:root:-- Outer 1: 0.020291408566521892
12-Nov 17:40:35:INFO:root:------ Middle 4: 0.00099397287417057
12-Nov 17:40:38:INFO:root:------ Middle 4: 0.0009647688341687059
12-Nov 17:40:43:INFO:root:------ Middle 1: 0.0023808378604286487
12-Nov 17:40:46:INFO:root:------ Middle 7: 0.0003418173494553042
12-Nov 17:40:57:INFO:root:------ Middle 2: 0.0007796442149272487
12-Nov 17:41:01:INFO:root:------ Middle 3: 0.001850463299555353
12-Nov 17:41:02:INFO:root:------ Middle 8: 0.00021407989891394894
12-Nov 17:41:03:INFO:root:Starting from 1.1960683730235e-17
12-Nov 17:41:03:INFO:root:-- Outer 1: 0.019928140281113116
12-Nov 17:41:05:INFO:root:------ Middle 3: 0.00043330024166046065
12-Nov 17:41:09:INFO:root:------ Middle 4: 0.0010262123272065777
12-Nov 17:41:12:INFO:root:------ Middle 1: 0.0023892780316175674
12-Nov 17:41:13:INFO:root:------ Middle 3: 0.0019159510639346735
12-Nov 17:41:21:INFO:root:------ Middle 4: 0.0010623714155394053
12-Nov 17:41:38:INFO:root:------ Middle 4: 0.0003230387877059987
12-Nov 17:41:46:INFO:root:------ Middle 5: 0.00019582725402653923
12-Nov 17:41:46:INFO:root:Starting from 5.941056019417316e-17
12-Nov 17:41:46:INFO:root:-- Outer 2: 0.01054548729651232
12-Nov 17:41:53:INFO:root:------ Middle 5: 0.0007974151526131511
12-Nov 17:41:55:INFO:root:------ Middle 1: 0.0005336041963183157
12-Nov 17:41:58:INFO:root:------ Middle 5: 0.000781115003613073
12-Nov 17:42:01:INFO:root:------ Middle 6: 0.0004447849820201925
12-Nov 17:42:06:INFO:root:------ Middle 6: 0.0004359586106877114
12-Nov 17:42:12:INFO:root:------ Middle 2: 0.0007795329134651013
12-Nov 17:42:20:INFO:root:------ Middle 3: 0.0004330929087189281
12-Nov 17:42:22:INFO:root:------ Middle 5: 0.0008186241909373433
12-Nov 17:42:31:INFO:root:------ Middle 6: 0.0004566742650022556
12-Nov 17:42:33:INFO:root:------ Middle 5: 0.0008458447164190005
12-Nov 17:42:33:INFO:root:------ Middle 7: 0.0003501649104149087
12-Nov 17:42:39:INFO:root:------ Middle 7: 0.0003465543384720351
12-Nov 17:42:41:INFO:root:------ Middle 6: 0.0004710227300499951
12-Nov 17:42:48:INFO:root:------ Middle 8: 0.00021849944669975453
12-Nov 17:42:49:INFO:root:Starting from 1.1770017532668229e-17
12-Nov 17:42:49:INFO:root:-- Outer 1: 0.01933564523327068
12-Nov 17:42:53:INFO:root:------ Middle 4: 0.0003221148170005277
12-Nov 17:42:54:INFO:root:------ Middle 8: 0.00021697042553161546
12-Nov 17:42:54:INFO:root:Starting from 1.2039462416588167e-17
12-Nov 17:42:54:INFO:root:-- Outer 1: 0.019641104845401016
12-Nov 17:42:56:INFO:root:------ Middle 7: 0.00032606551032372973
12-Nov 17:42:58:INFO:root:------ Middle 1: 0.002499194745640147
12-Nov 17:43:01:INFO:root:------ Middle 5: 0.00019465944860543627
12-Nov 17:43:01:INFO:root:Starting from 6.467696133698573e-17
12-Nov 17:43:01:INFO:root:-- Outer 2: 0.010229682375521467
12-Nov 17:43:03:INFO:root:------ Middle 1: 0.002506871600888924
12-Nov 17:43:04:INFO:root:------ Middle 8: 0.00021250388890244157
12-Nov 17:43:05:INFO:root:Starting from 1.134377489931732e-17
12-Nov 17:43:05:INFO:root:-- Outer 1: 0.019410161581487492
12-Nov 17:43:06:INFO:root:------ Middle 7: 0.000331952411482362
12-Nov 17:43:10:INFO:root:------ Middle 1: 0.0005246642610077532
12-Nov 17:43:14:INFO:root:------ Middle 1: 0.0026963114275201957
12-Nov 17:43:15:INFO:root:------ Middle 8: 0.0002160719913739335
12-Nov 17:43:15:INFO:root:Starting from 1.1484343862812617e-17
12-Nov 17:43:15:INFO:root:-- Outer 1: 0.01985620853252288
12-Nov 17:43:22:INFO:root:------ Middle 2: 0.0007228400122686445
12-Nov 17:43:24:INFO:root:------ Middle 1: 0.0026575648542232263
12-Nov 17:43:30:INFO:root:------ Middle 3: 0.000402174642264797
12-Nov 17:43:51:INFO:root:------ Middle 2: 0.0007371849945970975
12-Nov 17:43:54:INFO:root:------ Middle 2: 0.00030869308657084903
12-Nov 17:43:59:INFO:root:------ Middle 3: 0.0004097411955275967
12-Nov 17:44:03:INFO:root:------ Middle 3: 0.00017580055771481762
12-Nov 17:44:03:INFO:root:Starting from 5.0068968642468614e-17
12-Nov 17:44:03:INFO:root:-- Outer 3: 0.004608851039986182
12-Nov 17:44:03:INFO:root:------ Middle 4: 0.0003008316483379315
12-Nov 17:44:12:INFO:root:------ Middle 5: 0.00018291453758751411
12-Nov 17:44:12:INFO:root:------ Middle 1: 0.0002729043419998415
12-Nov 17:44:12:INFO:root:Starting from 6.51793627338235e-17
12-Nov 17:44:12:INFO:root:-- Outer 2: 0.009942466577153553
12-Nov 17:44:13:INFO:root:Starting from 5.231008631857744e-17
12-Nov 17:44:13:INFO:root:-- Outer 4: 0.00460399796840272
12-Nov 17:44:21:INFO:root:------ Middle 1: 0.00048315867590756004
12-Nov 17:44:31:INFO:root:------ Middle 4: 0.0003058350295886691
12-Nov 17:44:40:INFO:root:------ Middle 5: 0.00018617193669058548
12-Nov 17:44:40:INFO:root:Starting from 7.041285628095489e-17
12-Nov 17:44:40:INFO:root:-- Outer 2: 0.009804977736807916
12-Nov 17:44:49:INFO:root:------ Middle 1: 0.0004974500198228891
12-Nov 17:45:15:INFO:root:------ Middle 2: 0.0003020541928866452
12-Nov 17:45:24:INFO:root:------ Middle 3: 0.0001720020675296335
12-Nov 17:45:24:INFO:root:Starting from 6.413736994445537e-17
12-Nov 17:45:24:INFO:root:-- Outer 3: 0.0044862103184191374
12-Nov 17:45:27:INFO:root:------ Middle 2: 0.0008037905454763396
12-Nov 17:45:31:INFO:root:------ Middle 2: 0.0007693253179485226
12-Nov 17:45:34:INFO:root:------ Middle 1: 0.0002684621536414172
12-Nov 17:45:34:INFO:root:Starting from 5.65237667406568e-17
12-Nov 17:45:34:INFO:root:-- Outer 4: 0.004476859656236429
12-Nov 17:45:35:INFO:root:------ Middle 3: 0.0004471449645731988
12-Nov 17:45:39:INFO:root:------ Middle 3: 0.00042771648258278723
12-Nov 17:45:40:INFO:root:------ Middle 2: 0.0007961108569740754
12-Nov 17:45:44:INFO:root:------ Middle 2: 0.0007739552478147286
12-Nov 17:45:48:INFO:root:------ Middle 3: 0.00044393828056226017
12-Nov 17:45:53:INFO:root:------ Middle 3: 0.0004298192253046435
12-Nov 17:46:05:INFO:root:------ Middle 4: 0.00032905919476699646
12-Nov 17:46:11:INFO:root:------ Middle 1: 0.00033189834375176047
12-Nov 17:46:12:INFO:root:------ Middle 4: 0.00031566553625488514
12-Nov 17:46:13:INFO:root:------ Middle 5: 0.00020197226084467138
12-Nov 17:46:14:INFO:root:Starting from 6.553320115861046e-17
12-Nov 17:46:14:INFO:root:-- Outer 2: 0.009887792762810644
12-Nov 17:46:19:INFO:root:------ Middle 2: 0.0001859082471844412
12-Nov 17:46:19:INFO:root:Starting from 5.503346564935464e-17
12-Nov 17:46:19:INFO:root:-- Outer 5: 0.0012013596494581428
12-Nov 17:46:20:INFO:root:------ Middle 4: 0.0003251625197142436
12-Nov 17:46:20:INFO:root:------ Middle 5: 0.00019318810788797235
12-Nov 17:46:20:INFO:root:Starting from 5.208542454491681e-17
12-Nov 17:46:21:INFO:root:-- Outer 2: 0.009607627387897359
12-Nov 17:46:22:INFO:root:------ Middle 1: 0.0006735290122646137
12-Nov 17:46:23:INFO:root:------ Middle 2: 0.00028465948920327293
12-Nov 17:46:23:INFO:root:Starting from 6.570841124385484e-17
12-Nov 17:46:23:INFO:root:-- Outer 3: 0.00439226144915321
12-Nov 17:46:26:INFO:root:------ Middle 4: 0.0003180670787262931
12-Nov 17:46:27:INFO:root:------ Middle 1: 0.00019614471403545024
12-Nov 17:46:27:INFO:root:Starting from 4.6364176777080036e-17
12-Nov 17:46:28:INFO:root:-- Outer 6: 0.0012862701849328721
12-Nov 17:46:28:INFO:root:------ Middle 5: 0.00019997439211635266
12-Nov 17:46:28:INFO:root:Starting from 5.616336840193397e-17
12-Nov 17:46:28:INFO:root:-- Outer 2: 0.009922580259108835
12-Nov 17:46:29:INFO:root:------ Middle 1: 0.0005357351763295509
12-Nov 17:46:32:INFO:root:------ Middle 1: 0.00023651310710291523
12-Nov 17:46:32:INFO:root:Starting from 4.872581333331817e-17
12-Nov 17:46:32:INFO:root:-- Outer 4: 0.004436930003128939
12-Nov 17:46:35:INFO:root:------ Middle 5: 0.00019490256087001715
12-Nov 17:46:35:INFO:root:Starting from 4.886067270917891e-17
12-Nov 17:46:35:INFO:root:-- Outer 2: 0.009719755617892796
12-Nov 17:46:37:INFO:root:------ Middle 1: 0.0005587503305016483
12-Nov 17:46:44:INFO:root:------ Middle 1: 0.0005078886139604934
12-Nov 17:46:50:INFO:root:------ Middle 2: 0.0002871806039384407
12-Nov 17:46:50:INFO:root:Starting from 7.317312399131945e-17
12-Nov 17:46:50:INFO:root:-- Outer 3: 0.004343499080253804
12-Nov 17:46:59:INFO:root:------ Middle 1: 0.0002546950068681101
12-Nov 17:46:59:INFO:root:Starting from 6.577224309225741e-17
12-Nov 17:47:00:INFO:root:-- Outer 4: 0.004384864582471479
12-Nov 17:47:07:INFO:root:------ Middle 1: 0.0001873209901585596
12-Nov 17:47:07:INFO:root:Starting from 6.732054502930854e-17
12-Nov 17:47:07:INFO:root:-- Outer 7: 0.0004778738743178801
12-Nov 17:47:08:INFO:root:END Outer loop
12-Nov 17:47:11:INFO:root:Model trade shares: [0.949257, 0.913718, 0.981158]
12-Nov 17:47:11:INFO:root:Data trade shares: [0.951101, 0.932187, 0.983861]
12-Nov 17:47:11:INFO:root:US prices: [0.882668, 0.846254, 0.909908]
12-Nov 17:47:11:INFO:root:in the data: [2.96009, 2.78199, 2.78199]
12-Nov 17:47:11:INFO:root:Nominal world expenditure: 1.7453537876524344e7
12-Nov 17:47:11:INFO:root:--------------In the data: [5.49713e7]
12-Nov 17:47:12:INFO:root:--- Period 34 ---
12-Nov 17:47:13:INFO:root:BEGIN Outer loop
12-Nov 17:47:41:INFO:root:------ Middle 1: 0.0003256188668913273
12-Nov 17:47:50:INFO:root:------ Middle 2: 0.00018215255277568155
12-Nov 17:47:50:INFO:root:Starting from 4.380795910727753e-17
12-Nov 17:47:50:INFO:root:-- Outer 5: 0.0011657744510278384
12-Nov 17:47:59:INFO:root:------ Middle 1: 0.00019291072030752572
12-Nov 17:47:59:INFO:root:Starting from 6.257472933919151e-17
12-Nov 17:47:59:INFO:root:-- Outer 6: 0.0012512459209239235
12-Nov 17:48:14:INFO:root:------ Middle 2: 0.0003206658810143562
12-Nov 17:48:23:INFO:root:------ Middle 3: 0.00018206639733735786
12-Nov 17:48:23:INFO:root:Starting from 6.384026393515202e-17
12-Nov 17:48:23:INFO:root:-- Outer 3: 0.0044697664006081855
12-Nov 17:48:24:INFO:root:------ Middle 2: 0.00030400088338750607
12-Nov 17:48:28:INFO:root:------ Middle 2: 0.0002980215864983842
12-Nov 17:48:29:INFO:root:Starting from 6.019762030183204e-17
12-Nov 17:48:29:INFO:root:-- Outer 3: 0.00427767469321826
12-Nov 17:48:32:INFO:root:------ Middle 1: 0.0003852755106254931
12-Nov 17:48:32:INFO:root:------ Middle 3: 0.00017443023002672902
12-Nov 17:48:33:INFO:root:Starting from 5.3720465606372045e-17
12-Nov 17:48:33:INFO:root:-- Outer 3: 0.004433282035065372
12-Nov 17:48:38:INFO:root:------ Middle 1: 0.0003071003802971447
12-Nov 17:48:38:INFO:root:------ Middle 1: 0.0002898239480745976
12-Nov 17:48:38:INFO:root:Starting from 5.787411510679952e-17
12-Nov 17:48:38:INFO:root:-- Outer 4: 0.004330604278934569
12-Nov 17:48:41:INFO:root:------ Middle 1: 0.00018328631412313295
12-Nov 17:48:42:INFO:root:Starting from 4.8574668788566094e-17
12-Nov 17:48:42:INFO:root:-- Outer 7: 0.00047055420336633927
12-Nov 17:48:42:INFO:root:END Outer loop
12-Nov 17:48:42:INFO:root:------ Middle 1: 0.0002856854859629117
12-Nov 17:48:42:INFO:root:Starting from 4.760927283445331e-17
12-Nov 17:48:42:INFO:root:-- Outer 4: 0.004379403295144916
12-Nov 17:48:45:INFO:root:Model trade shares: [0.929914, 0.91565, 0.988014]
12-Nov 17:48:45:INFO:root:Data trade shares: [0.944757, 0.931965, 0.986375]
12-Nov 17:48:45:INFO:root:US prices: [0.896208, 0.830562, 0.847561]
12-Nov 17:48:45:INFO:root:in the data: [2.85731, 2.74066, 2.74066]
12-Nov 17:48:45:INFO:root:Nominal world expenditure: 1.73410105961087e7
12-Nov 17:48:45:INFO:root:--------------In the data: [5.4623e7]
12-Nov 17:48:45:INFO:root:------ Middle 2: 0.00017295146713516038
12-Nov 17:48:46:INFO:root:Starting from 5.491297375947094e-17
12-Nov 17:48:46:INFO:root:-- Outer 5: 0.0011509279248128532
12-Nov 17:48:46:INFO:root:--- Period 35 ---
12-Nov 17:48:47:INFO:root:BEGIN Outer loop
12-Nov 17:48:50:INFO:root:------ Middle 2: 0.0002959533391432124
12-Nov 17:48:50:INFO:root:Starting from 5.826458584772039e-17
12-Nov 17:48:50:INFO:root:-- Outer 3: 0.0042647696053495715
12-Nov 17:48:55:INFO:root:------ Middle 1: 0.00017673280396498814
12-Nov 17:48:55:INFO:root:Starting from 6.286632159469728e-17
12-Nov 17:48:55:INFO:root:-- Outer 6: 0.001237689299553949
12-Nov 17:49:00:INFO:root:------ Middle 1: 0.00025121602513692137
12-Nov 17:49:00:INFO:root:Starting from 4.957205659992595e-17
12-Nov 17:49:00:INFO:root:-- Outer 4: 0.004310894221413018
12-Nov 17:49:07:INFO:root:------ Middle 1: 0.0003189550189709865
12-Nov 17:49:15:INFO:root:------ Middle 2: 0.00017907089391491402
12-Nov 17:49:15:INFO:root:Starting from 4.812467373270246e-17
12-Nov 17:49:15:INFO:root:-- Outer 5: 0.0011379176738595602
12-Nov 17:49:24:INFO:root:------ Middle 1: 0.00018105566346643122
12-Nov 17:49:24:INFO:root:Starting from 6.676839519510768e-17
12-Nov 17:49:24:INFO:root:-- Outer 6: 0.0012230449485473001
12-Nov 17:49:36:INFO:root:------ Middle 1: 0.00016502957764244502
12-Nov 17:49:36:INFO:root:Starting from 5.0272570317041227e-17
12-Nov 17:49:36:INFO:root:-- Outer 7: 0.00047033460903188665
12-Nov 17:49:36:INFO:root:END Outer loop
12-Nov 17:49:39:INFO:root:Model trade shares: [0.933325, 0.913298, 0.982867]
12-Nov 17:49:39:INFO:root:Data trade shares: [0.943324, 0.928045, 0.988948]
12-Nov 17:49:39:INFO:root:US prices: [0.927591, 0.856663, 0.880874]
12-Nov 17:49:39:INFO:root:in the data: [2.94743, 2.7898, 2.7898]
12-Nov 17:49:39:INFO:root:Nominal world expenditure: 1.803482911496815e7
12-Nov 17:49:39:INFO:root:--------------In the data: [5.65242e7]
12-Nov 17:49:41:INFO:root:--- Period 36 ---
12-Nov 17:49:41:INFO:root:BEGIN Outer loop
12-Nov 17:49:54:INFO:root:------ Middle 2: 0.00022234622992952133
12-Nov 17:49:55:INFO:root:Starting from 5.1456835437368335e-17
12-Nov 17:49:55:INFO:root:-- Outer 4: 0.001961242027974705
12-Nov 17:50:03:INFO:root:------ Middle 1: 0.0002901511309963844
12-Nov 17:50:04:INFO:root:Starting from 4.729094140206094e-17
12-Nov 17:50:04:INFO:root:-- Outer 5: 0.0020235320116031522
12-Nov 17:50:05:INFO:root:------ Middle 1: 0.00016924035546816816
12-Nov 17:50:06:INFO:root:Starting from 6.301861425053169e-17
12-Nov 17:50:06:INFO:root:-- Outer 7: 0.0004690075247355315
12-Nov 17:50:06:INFO:root:END Outer loop
12-Nov 17:50:08:INFO:root:Model trade shares: [0.946088, 0.91505, 0.981969]
12-Nov 17:50:08:INFO:root:Data trade shares: [0.949239, 0.924453, 0.987338]
12-Nov 17:50:08:INFO:root:US prices: [0.903946, 0.849972, 0.85356]
12-Nov 17:50:08:INFO:root:in the data: [2.95883, 2.79593, 2.79593]
12-Nov 17:50:09:INFO:root:Nominal world expenditure: 1.854525443804591e7
12-Nov 17:50:09:INFO:root:--------------In the data: [5.8302e7]
12-Nov 17:50:35:INFO:root:------ Middle 1: 0.00034752959778694805
12-Nov 17:50:43:INFO:root:------ Middle 1: 0.0003189924644462312
12-Nov 17:50:43:INFO:root:------ Middle 2: 0.0001947390487513522
12-Nov 17:50:44:INFO:root:Starting from 5.338338186284952e-17
12-Nov 17:50:44:INFO:root:-- Outer 5: 0.0012454882694880975
12-Nov 17:50:48:INFO:root:------ Middle 1: 0.00034752601954228746
12-Nov 17:50:53:INFO:root:------ Middle 1: 0.00020869375379823152
12-Nov 17:50:53:INFO:root:Starting from 5.221631180652774e-17
12-Nov 17:50:53:INFO:root:-- Outer 6: 0.001351251836176632
12-Nov 17:50:57:INFO:root:------ Middle 2: 0.00019413763770732392
12-Nov 17:50:57:INFO:root:Starting from 6.108561434343898e-17
12-Nov 17:50:57:INFO:root:-- Outer 5: 0.0011556721120218399
12-Nov 17:51:06:INFO:root:------ Middle 1: 0.00019469389315829538
12-Nov 17:51:06:INFO:root:Starting from 5.434285165193664e-17
12-Nov 17:51:06:INFO:root:-- Outer 6: 0.0012385455543485614
12-Nov 17:51:08:INFO:root:------ Middle 1: 0.00030998315555947015
12-Nov 17:51:16:INFO:root:------ Middle 2: 0.00017415184120218348
12-Nov 17:51:16:INFO:root:Starting from 3.2152529838901356e-17
12-Nov 17:51:16:INFO:root:-- Outer 5: 0.0010951352690956669
12-Nov 17:51:22:INFO:root:------ Middle 2: 0.000183261990488811
12-Nov 17:51:22:INFO:root:Starting from 6.493724402259538e-17
12-Nov 17:51:22:INFO:root:-- Outer 6: 0.0007296528155507098
12-Nov 17:51:22:INFO:root:END Outer loop
12-Nov 17:51:25:INFO:root:------ Middle 1: 0.00017603198102069263
12-Nov 17:51:25:INFO:root:Model trade shares: [0.951393, 0.915642, 0.977943]
12-Nov 17:51:25:INFO:root:Data trade shares: [0.95138, 0.919234, 0.983181]
12-Nov 17:51:25:INFO:root:US prices: [0.852902, 0.825675, 0.902478]
12-Nov 17:51:25:INFO:root:in the data: [3.11354, 3.01039, 3.01039]
12-Nov 17:51:25:INFO:root:Starting from 6.094253521013823e-17
12-Nov 17:51:25:INFO:root:Nominal world expenditure: 2.0293543743341487e7
12-Nov 17:51:25:INFO:root:--------------In the data: [6.70931e7]
12-Nov 17:51:25:INFO:root:-- Outer 6: 0.0011792479738496934
12-Nov 17:51:34:INFO:root:------ Middle 1: 0.0002100085393308273
12-Nov 17:51:34:INFO:root:Starting from 6.060874200036336e-17
12-Nov 17:51:34:INFO:root:-- Outer 7: 0.0005349540547329241
12-Nov 17:51:34:INFO:root:END Outer loop
12-Nov 17:51:37:INFO:root:Model trade shares: [0.962003, 0.910778, 0.977997]
12-Nov 17:51:37:INFO:root:Data trade shares: [0.95528, 0.914832, 0.982791]
12-Nov 17:51:37:INFO:root:US prices: [0.860154, 0.841738, 0.930085]
12-Nov 17:51:37:INFO:root:in the data: [3.32883, 3.15407, 3.15407]
12-Nov 17:51:37:INFO:root:Nominal world expenditure: 2.280249121274377e7
12-Nov 17:51:37:INFO:root:--------------In the data: [7.56745e7]
12-Nov 17:51:47:INFO:root:------ Middle 1: 0.0001840791475379898
12-Nov 17:51:47:INFO:root:Starting from 5.417651791617392e-17
12-Nov 17:51:47:INFO:root:-- Outer 7: 0.0004784870038868649
12-Nov 17:51:47:INFO:root:END Outer loop
12-Nov 17:51:50:INFO:root:Model trade shares: [0.94074, 0.919485, 0.977872]
12-Nov 17:51:50:INFO:root:Data trade shares: [0.946294, 0.923226, 0.982471]
12-Nov 17:51:50:INFO:root:US prices: [0.805073, 0.822751, 0.886818]
12-Nov 17:51:50:INFO:root:in the data: [2.69951, 2.89119, 2.89119]
12-Nov 17:51:50:INFO:root:Nominal world expenditure: 1.8293348062979553e7
12-Nov 17:51:50:INFO:root:--------------In the data: [5.96564e7]
12-Nov 17:52:11:INFO:root:------ Middle 1: 0.00015747557570726758
12-Nov 17:52:12:INFO:root:Starting from 6.488371381922949e-17
12-Nov 17:52:12:INFO:root:-- Outer 7: 0.00044658040325108587
12-Nov 17:52:12:INFO:root:END Outer loop
12-Nov 17:52:15:INFO:root:Model trade shares: [0.949854, 0.922469, 0.987352]
12-Nov 17:52:15:INFO:root:Data trade shares: [0.951781, 0.9268, 0.989231]
12-Nov 17:52:15:INFO:root:US prices: [0.86744, 0.854951, 0.840121]
12-Nov 17:52:15:INFO:root:in the data: [2.94894, 2.90959, 2.90959]
12-Nov 17:52:15:INFO:root:Nominal world expenditure: 1.8253107830428384e7
12-Nov 17:52:15:INFO:root:--------------In the data: [5.76528e7]
12-Nov 17:53:49:INFO:root:------ Middle 1: 0.00464699600561175
12-Nov 17:53:57:INFO:root:------ Middle 2: 0.0025620502896430896
12-Nov 17:54:53:INFO:root:------ Middle 1: 0.004606872795209765
12-Nov 17:55:00:INFO:root:------ Middle 2: 0.0025402018835717723
12-Nov 17:55:20:INFO:root:------ Middle 3: 0.0019073131550778487
12-Nov 17:55:28:INFO:root:------ Middle 4: 0.0010567581835020704
12-Nov 17:55:56:INFO:root:------ Middle 1: 0.004317745409223518
12-Nov 17:56:04:INFO:root:------ Middle 2: 0.002380388873213461
12-Nov 17:56:21:INFO:root:------ Middle 3: 0.0018808576377666478
12-Nov 17:56:29:INFO:root:------ Middle 4: 0.0010422924879512783
12-Nov 17:56:37:INFO:root:------ Middle 5: 0.0008383393967055468
12-Nov 17:56:45:INFO:root:------ Middle 6: 0.0004667197561673919
12-Nov 17:57:08:INFO:root:------ Middle 7: 0.0003288644466008283
12-Nov 17:57:16:INFO:root:------ Middle 8: 0.00021393278521706431
12-Nov 17:57:16:INFO:root:Starting from 1.14836183621588e-17
12-Nov 17:57:17:INFO:root:-- Outer 1: 0.020037429111731467
12-Nov 17:57:25:INFO:root:------ Middle 1: 0.0026526199487785724
12-Nov 17:57:25:INFO:root:------ Middle 3: 0.0017726494065254535
12-Nov 17:57:33:INFO:root:------ Middle 4: 0.0009815420609314792
12-Nov 17:57:36:INFO:root:------ Middle 5: 0.000824390387328175
12-Nov 17:57:44:INFO:root:------ Middle 6: 0.00045870715888006144
12-Nov 17:58:06:INFO:root:------ Middle 7: 0.00032245692007160293
12-Nov 17:58:14:INFO:root:------ Middle 8: 0.00020915804197781774
12-Nov 17:58:14:INFO:root:Starting from 1.1516446294191915e-17
12-Nov 17:58:14:INFO:root:-- Outer 1: 0.01941698095278305
12-Nov 17:58:22:INFO:root:------ Middle 1: 0.0024367887806305004
12-Nov 17:58:39:INFO:root:------ Middle 5: 0.0007802737145404396
12-Nov 17:58:47:INFO:root:------ Middle 6: 0.00043404133729825224
12-Nov 17:59:10:INFO:root:------ Middle 7: 0.00030670137001353624
12-Nov 17:59:17:INFO:root:------ Middle 8: 0.00019942632130716647
12-Nov 17:59:18:INFO:root:Starting from 1.1341541787084039e-17
12-Nov 17:59:18:INFO:root:-- Outer 1: 0.018381686448245126
12-Nov 17:59:24:INFO:root:------ Middle 2: 0.0008107882925281806
12-Nov 17:59:26:INFO:root:------ Middle 1: 0.002202998841561111
12-Nov 17:59:32:INFO:root:------ Middle 3: 0.00045095998009773
12-Nov 18:00:01:INFO:root:------ Middle 4: 0.00032988281102483175
12-Nov 18:00:10:INFO:root:------ Middle 5: 0.00020293711714759646
12-Nov 18:00:10:INFO:root:Starting from 6.376215432787137e-17
12-Nov 18:00:10:INFO:root:-- Outer 2: 0.010004521295871023
12-Nov 18:00:14:INFO:root:------ Middle 2: 0.0007083059910285893
12-Nov 18:00:19:INFO:root:------ Middle 1: 0.0005505059175353971
12-Nov 18:00:22:INFO:root:------ Middle 3: 0.00039444278323484276
12-Nov 18:00:53:INFO:root:------ Middle 4: 0.00029038954245114775
12-Nov 18:00:54:INFO:root:Starting from 5.131889480272405e-17
12-Nov 18:00:54:INFO:root:-- Outer 2: 0.009783778214954157
12-Nov 18:01:02:INFO:root:------ Middle 1: 0.0005541125084001453
12-Nov 18:01:18:INFO:root:------ Middle 2: 0.0006397025901169515
12-Nov 18:01:26:INFO:root:------ Middle 3: 0.0003549463603961265
12-Nov 18:01:56:INFO:root:------ Middle 2: 0.0003081428290304234
12-Nov 18:01:57:INFO:root:------ Middle 4: 0.00025981280781897604
12-Nov 18:01:57:INFO:root:Starting from 5.739240554744838e-17
12-Nov 18:01:57:INFO:root:-- Outer 2: 0.009260124057804815
12-Nov 18:02:04:INFO:root:------ Middle 3: 0.00017641005300237983
12-Nov 18:02:04:INFO:root:Starting from 3.6459220658321876e-17
12-Nov 18:02:04:INFO:root:-- Outer 3: 0.004482419279198109
12-Nov 18:02:06:INFO:root:------ Middle 1: 0.0004692541099012223
12-Nov 18:02:22:INFO:root:------ Middle 1: 0.0002974715400285848
12-Nov 18:02:22:INFO:root:Starting from 5.877485970832195e-17
12-Nov 18:02:22:INFO:root:-- Outer 4: 0.00440819482938901
12-Nov 18:02:46:INFO:root:------ Middle 2: 0.0003246857015193504
12-Nov 18:02:54:INFO:root:------ Middle 3: 0.0001855050558760937
12-Nov 18:02:54:INFO:root:Starting from 5.145429894839459e-17
12-Nov 18:02:54:INFO:root:-- Outer 3: 0.004394969592782451
12-Nov 18:03:02:INFO:root:------ Middle 1: 0.00030208484630420807
12-Nov 18:03:49:INFO:root:------ Middle 2: 0.00027328811931530476
12-Nov 18:03:50:INFO:root:Starting from 5.3779318066999805e-17
12-Nov 18:03:50:INFO:root:-- Outer 3: 0.004136951565436274
12-Nov 18:03:58:INFO:root:------ Middle 1: 0.00023620301510463972
12-Nov 18:03:58:INFO:root:Starting from 5.89927331675265e-17
12-Nov 18:03:58:INFO:root:-- Outer 4: 0.004083816697714906
12-Nov 18:03:59:INFO:root:------ Middle 1: 0.0003745963791114147
12-Nov 18:04:06:INFO:root:------ Middle 2: 0.00020980693565073567
12-Nov 18:04:07:INFO:root:Starting from 5.215170287673088e-17
12-Nov 18:04:07:INFO:root:-- Outer 5: 0.001218392041567343
12-Nov 18:04:15:INFO:root:------ Middle 1: 0.00022392358017487454
12-Nov 18:04:15:INFO:root:Starting from 4.583336151159547e-17
12-Nov 18:04:15:INFO:root:-- Outer 6: 0.0013166920949024153
12-Nov 18:04:16:INFO:root:------ Middle 2: 0.0002130874194482561
12-Nov 18:04:16:INFO:root:Starting from 5.577974285329536e-17
12-Nov 18:04:16:INFO:root:-- Outer 4: 0.001851183545795034
12-Nov 18:04:24:INFO:root:------ Middle 1: 0.00023133724349573884
12-Nov 18:04:24:INFO:root:Starting from 5.58976772935199e-17
12-Nov 18:04:25:INFO:root:-- Outer 5: 0.0018559292391612124
12-Nov 18:04:53:INFO:root:------ Middle 1: 0.0002284879928801516
12-Nov 18:04:53:INFO:root:Starting from 5.852142836517373e-17
12-Nov 18:04:53:INFO:root:-- Outer 7: 0.000545241762799421
12-Nov 18:04:53:INFO:root:END Outer loop
12-Nov 18:04:56:INFO:root:Model trade shares: [0.960101, 0.897915, 0.979814]
12-Nov 18:04:56:INFO:root:Data trade shares: [0.956446, 0.911974, 0.985299]
12-Nov 18:04:56:INFO:root:US prices: [0.992619, 0.851778, 0.951379]
12-Nov 18:04:56:INFO:root:in the data: [3.74316, 3.20378, 3.20378]
12-Nov 18:04:56:INFO:root:Nominal world expenditure: 2.43286000415216e7
12-Nov 18:04:56:INFO:root:--------------In the data: [8.18345e7]
12-Nov 18:05:01:INFO:root:------ Middle 1: 0.00025660362000166795
12-Nov 18:05:02:INFO:root:Starting from 4.3371395843546824e-17
12-Nov 18:05:02:INFO:root:-- Outer 6: 0.0006125850612018627
12-Nov 18:05:02:INFO:root:END Outer loop
12-Nov 18:05:05:INFO:root:Model trade shares: [0.950917, 0.88053, 0.975326]
12-Nov 18:05:05:INFO:root:Data trade shares: [0.954831, 0.902146, 0.983572]
12-Nov 18:05:05:INFO:root:US prices: [1.12895, 0.900069, 1.02523]
12-Nov 18:05:05:INFO:root:in the data: [3.88449, 3.20236, 3.20236]
12-Nov 18:05:05:INFO:root:Nominal world expenditure: 2.7186339856184516e7
12-Nov 18:05:05:INFO:root:--------------In the data: [8.8489e7]
12-Nov 18:05:34:INFO:root:------ Middle 1: 0.00027824624847011217
12-Nov 18:05:34:INFO:root:Starting from 6.524259152047212e-17
12-Nov 18:05:34:INFO:root:-- Outer 5: 0.0009769463453690177
12-Nov 18:05:34:INFO:root:END Outer loop
12-Nov 18:05:37:INFO:root:Model trade shares: [0.954329, 0.878731, 0.978865]
12-Nov 18:05:37:INFO:root:Data trade shares: [0.955026, 0.900005, 0.981768]
12-Nov 18:05:37:INFO:root:US prices: [1.26335, 1.01541, 1.10103]
12-Nov 18:05:37:INFO:root:in the data: [4.23838, 3.41193, 3.41193]
12-Nov 18:05:37:INFO:root:Nominal world expenditure: 3.2980155525867227e7
12-Nov 18:05:37:INFO:root:--------------In the data: [9.98292e7]
5947.544063 seconds (965.85 k allocations: 5.937 GiB, 0.08% gc time)
