WARNING: Method definition warn(Any...) in module Base at util.jl:589 overwritten in module Logging at //////////////////////////////////////////////////////usr/local/julia/JuliaPro-0.6.3.1/JuliaPro/pkgs-0.6.3.1/v0.6/Logging/src/Logging.jl:115.
WARNING: Method definition info(Any...) in module Base at util.jl:534 overwritten in module Logging at //////////////////////////////////////////////////////usr/local/julia/JuliaPro-0.6.3.1/JuliaPro/pkgs-0.6.3.1/v0.6/Logging/src/Logging.jl:115.
WARNING: Method definition WARNIAny...) in module Base at uAny...) in module Base at util.Any...) in module Base at util.jl:589WARNING: Met in module Logging aWARNING: Method defini at util.jl:534 overwritten in mWARNING: Method definition info(Any...)WARNING: Method at util.jl:534 (Any...) in module Base at util.jl:534 overwritten in module Logging at ////////////////////////////WARNING: Method definition info(Any...) in module Base at util.jl:534 overwritten in module Logging at //////////////////////////////////////////////////////usr/local/julia/JuliaPro-0.6.3.1/JuliaPro/pkgs-0.6.3.1/v0.6/Logging/src/Logging.jl:115.
12-Nov 16:26:47:INFO:root:--- Period 6 ---
12-Nov 16:26:47:INFO:root:--- Period 5 ---
12-Nov 16:26:47:INFO:root:--- Period 1 ---
12-Nov 16:26:47:INFO:root:--- Period 3 ---
12-Nov 16:26:47:INFO:root:--- Period 4 ---
12-Nov 16:26:47:INFO:root:--- Period 2 ---
12-Nov 16:26:48:INFO:root:--- Period 7 ---
12-Nov 16:26:48:INFO:root:--- Period 8 ---
12-Nov 16:26:59:INFO:root:BEGIN Outer loop
12-Nov 16:26:59:INFO:root:BEGIN Outer loop
12-Nov 16:26:59:INFO:root:BEGIN Outer loop
12-Nov 16:26:59:INFO:root:BEGIN Outer loop
12-Nov 16:26:59:INFO:root:BEGIN Outer loop
12-Nov 16:26:59:INFO:root:BEGIN Outer loop
12-Nov 16:27:00:INFO:root:BEGIN Outer loop
12-Nov 16:27:01:INFO:root:BEGIN Outer loop
12-Nov 16:27:09:INFO:root:------ Middle 1: 0.00556887426976444
12-Nov 16:27:09:INFO:root:------ Middle 2: 0.0030702052788984693
12-Nov 16:27:09:INFO:root:------ Middle 3: 0.0023482248861062312
12-Nov 16:27:09:INFO:root:------ Middle 4: 0.0012971606271907402
12-Nov 16:27:10:INFO:root:------ Middle 5: 0.0010054457606720937
12-Nov 16:27:10:INFO:root:------ Middle 6: 0.0005583743559060461
12-Nov 16:27:10:INFO:root:------ Middle 7: 0.0004279060814179382
12-Nov 16:27:10:INFO:root:------ Middle 8: 0.0002525102926455457
12-Nov 16:27:11:INFO:root:Starting from 1.6675659419160997e-17
12-Nov 16:27:13:INFO:root:-- Outer 1: 0.03929511282899984
12-Nov 16:27:13:INFO:root:------ Middle 1: 0.002808522789827134
12-Nov 16:27:13:INFO:root:------ Middle 2: 0.000909599123098151
12-Nov 16:27:13:INFO:root:------ Middle 3: 0.0005038538939088955
12-Nov 16:27:13:INFO:root:------ Middle 4: 0.0003248240066997132
12-Nov 16:27:13:INFO:root:------ Middle 5: 0.00021110277591951265
12-Nov 16:27:13:INFO:root:Starting from 8.744588412281713e-18
12-Nov 16:27:13:INFO:root:-- Outer 2: 0.01809990189418453
12-Nov 16:27:13:INFO:root:------ Middle 1: 0.0005722026264495816
12-Nov 16:27:14:INFO:root:------ Middle 2: 0.0003711047813309215
12-Nov 16:27:14:INFO:root:------ Middle 3: 0.00020811414170667162
12-Nov 16:27:14:INFO:root:Starting from 8.711984196520497e-18
12-Nov 16:27:14:INFO:root:-- Outer 3: 0.007471729389334009
12-Nov 16:27:14:INFO:root:------ Middle 1: 0.00017942960949166937
12-Nov 16:27:14:INFO:root:Starting from 7.608078183801417e-18
12-Nov 16:27:14:INFO:root:-- Outer 4: 0.007523426711728027
12-Nov 16:27:14:INFO:root:------ Middle 1: 0.00023750222502792417
12-Nov 16:27:14:INFO:root:Starting from 8.742970734503597e-18
12-Nov 16:27:14:INFO:root:-- Outer 5: 0.0017978476799380759
12-Nov 16:27:14:INFO:root:------ Middle 1: 0.0002026171665466019
12-Nov 16:27:14:INFO:root:Starting from 1.3228441619695298e-17
12-Nov 16:27:14:INFO:root:-- Outer 6: 0.0018194564810361988
12-Nov 16:27:14:INFO:root:------ Middle 1: 0.00013335858207803237
12-Nov 16:27:14:INFO:root:Starting from 1.1653820285001093e-17
12-Nov 16:27:14:INFO:root:-- Outer 7: 0.00035298100682773823
12-Nov 16:27:14:INFO:root:END Outer loop
12-Nov 16:27:15:INFO:root:Model trade shares: [0.970754, 0.941437, 0.995688]
12-Nov 16:27:15:INFO:root:Data trade shares: [0.970499, 0.941882, 0.994321]
12-Nov 16:27:15:INFO:root:US prices: [1.00864, 1.00754, 1.00583]
12-Nov 16:27:15:INFO:root:in the data: [1.0, 1.0, 1.0]
12-Nov 16:27:16:INFO:root:Nominal world expenditure: 8.293371861494547e6
12-Nov 16:27:16:INFO:root:--------------In the data: [8.33469e6]
12-Nov 16:27:18:INFO:root:--- Period 9 ---
12-Nov 16:27:18:INFO:root:BEGIN Outer loop
12-Nov 16:34:34:INFO:root:------ Middle 1: 0.005388752528557894
12-Nov 16:34:42:INFO:root:------ Middle 2: 0.0029707100421525563
12-Nov 16:34:45:INFO:root:------ Middle 1: 0.005193200404096651
12-Nov 16:34:54:INFO:root:------ Middle 2: 0.002862457416607336
12-Nov 16:34:55:INFO:root:------ Middle 1: 0.005127932232406004
12-Nov 16:34:56:INFO:root:------ Middle 1: 0.0052557253900646925
12-Nov 16:35:03:INFO:root:------ Middle 2: 0.0028261508247230793
12-Nov 16:35:04:INFO:root:------ Middle 2: 0.002897017438538758
12-Nov 16:35:06:INFO:root:------ Middle 1: 0.005008286729262536
12-Nov 16:35:09:INFO:root:------ Middle 1: 0.004875526877839973
12-Nov 16:35:09:INFO:root:------ Middle 1: 0.004767442275994049
12-Nov 16:35:14:INFO:root:------ Middle 2: 0.002759973314526245
12-Nov 16:35:17:INFO:root:------ Middle 2: 0.0026273426652442746
12-Nov 16:35:18:INFO:root:------ Middle 2: 0.0026868517669457748
12-Nov 16:35:30:INFO:root:------ Middle 1: 0.004590067927241864
12-Nov 16:35:39:INFO:root:------ Middle 2: 0.002529715727389334
12-Nov 16:36:50:INFO:root:------ Middle 3: 0.002129718695376919
12-Nov 16:36:56:INFO:root:------ Middle 3: 0.0022467334381072956
12-Nov 16:36:57:INFO:root:------ Middle 3: 0.002046003825235412
12-Nov 16:36:57:INFO:root:------ Middle 3: 0.0020967133411727247
12-Nov 16:36:58:INFO:root:------ Middle 3: 0.0019515890655517692
12-Nov 16:36:59:INFO:root:------ Middle 4: 0.0011796261715779103
12-Nov 16:37:02:INFO:root:------ Middle 3: 0.0019951604196026718
12-Nov 16:37:05:INFO:root:------ Middle 4: 0.0012416628609166664
12-Nov 16:37:05:INFO:root:------ Middle 4: 0.0011334195132975179
12-Nov 16:37:06:INFO:root:------ Middle 4: 0.0011611536377374781
12-Nov 16:37:06:INFO:root:------ Middle 4: 0.0010811477065163085
12-Nov 16:37:07:INFO:root:------ Middle 3: 0.0021723848148074913
12-Nov 16:37:11:INFO:root:------ Middle 4: 0.0011053152750491817
12-Nov 16:37:15:INFO:root:------ Middle 4: 0.0012021927144503452
12-Nov 16:37:27:INFO:root:------ Middle 3: 0.0018903325156171809
12-Nov 16:37:35:INFO:root:------ Middle 4: 0.001047073845890813
12-Nov 16:38:21:INFO:root:------ Middle 5: 0.0009176231324689344
12-Nov 16:38:26:INFO:root:------ Middle 5: 0.0009017236112241021
12-Nov 16:38:28:INFO:root:------ Middle 5: 0.0008487689892890481
12-Nov 16:38:29:INFO:root:------ Middle 5: 0.0008875736017713981
12-Nov 16:38:30:INFO:root:------ Middle 6: 0.0005094696771216869
12-Nov 16:38:33:INFO:root:------ Middle 5: 0.0008673084132524121
12-Nov 16:38:34:INFO:root:------ Middle 6: 0.0005004609172266389
12-Nov 16:38:37:INFO:root:------ Middle 5: 0.0009635342863795142
12-Nov 16:38:37:INFO:root:------ Middle 6: 0.0004712714339842539
12-Nov 16:38:38:INFO:root:------ Middle 6: 0.0004927837285483884
12-Nov 16:38:40:INFO:root:------ Middle 5: 0.0009380245768039857
12-Nov 16:38:42:INFO:root:------ Middle 6: 0.0004815621193141884
12-Nov 16:38:45:INFO:root:------ Middle 6: 0.0005348510451353377
12-Nov 16:38:49:INFO:root:------ Middle 6: 0.0005205630677091465
12-Nov 16:38:53:INFO:root:------ Middle 5: 0.0008202544612690096
12-Nov 16:39:01:INFO:root:------ Middle 6: 0.00045544004491486847
12-Nov 16:39:02:INFO:root:------ Middle 7: 0.00038965101487375183
12-Nov 16:39:05:INFO:root:------ Middle 7: 0.00038245518333394863
12-Nov 16:39:09:INFO:root:------ Middle 7: 0.0003626672619689371
12-Nov 16:39:11:INFO:root:------ Middle 8: 0.00023352650117648466
12-Nov 16:39:12:INFO:root:------ Middle 7: 0.0003782382245099684
12-Nov 16:39:12:INFO:root:Starting from 1.218107173378962e-17
12-Nov 16:39:13:INFO:root:-- Outer 1: 0.031590310230000404
12-Nov 16:39:13:INFO:root:------ Middle 8: 0.00022965420193082922
12-Nov 16:39:14:INFO:root:Starting from 1.2316093875038586e-17
12-Nov 16:39:15:INFO:root:------ Middle 7: 0.00037030505534624953
12-Nov 16:39:15:INFO:root:-- Outer 1: 0.029832763058792653
12-Nov 16:39:18:INFO:root:------ Middle 7: 0.00040844453275160015
12-Nov 16:39:18:INFO:root:------ Middle 8: 0.00021866722095185043
12-Nov 16:39:19:INFO:root:Starting from 1.2431086140282618e-17
12-Nov 16:39:20:INFO:root:-- Outer 1: 0.02616911377934291
12-Nov 16:39:21:INFO:root:------ Middle 8: 0.00022744873030743496
12-Nov 16:39:22:INFO:root:Starting from 1.2381618589706033e-17
12-Nov 16:39:22:INFO:root:------ Middle 1: 0.0025003035194758826
12-Nov 16:39:22:INFO:root:------ Middle 7: 0.00039782839047250836
12-Nov 16:39:23:INFO:root:------ Middle 8: 0.00022297304819883775
12-Nov 16:39:23:INFO:root:-- Outer 1: 0.02865737845935142
12-Nov 16:39:24:INFO:root:Starting from 1.2424151382008948e-17
12-Nov 16:39:24:INFO:root:------ Middle 1: 0.0026244617933829915
12-Nov 16:39:25:INFO:root:-- Outer 1: 0.027457591381472073
12-Nov 16:39:26:INFO:root:------ Middle 8: 0.00024217026658136096
12-Nov 16:39:28:INFO:root:Starting from 1.2273952700192613e-17
12-Nov 16:39:29:INFO:root:------ Middle 1: 0.00261465838675033
12-Nov 16:39:29:INFO:root:-- Outer 1: 0.03617957363060426
12-Nov 16:39:31:INFO:root:------ Middle 8: 0.00023709030002729388
12-Nov 16:39:32:INFO:root:Starting from 1.2180364222688159e-17
12-Nov 16:39:33:INFO:root:------ Middle 1: 0.002658437177190391
12-Nov 16:39:33:INFO:root:-- Outer 1: 0.03365748348701318
12-Nov 16:39:33:INFO:root:------ Middle 1: 0.0027246163651099965
12-Nov 16:39:34:INFO:root:------ Middle 7: 0.0003506780897400949
12-Nov 16:39:38:INFO:root:------ Middle 1: 0.0025685549095302495
12-Nov 16:39:41:INFO:root:------ Middle 8: 0.00021173800598318218
12-Nov 16:39:42:INFO:root:Starting from 1.2397292776800668e-17
12-Nov 16:39:42:INFO:root:-- Outer 1: 0.02500481693339046
12-Nov 16:39:43:INFO:root:------ Middle 1: 0.0023457535757627126
12-Nov 16:39:51:INFO:root:------ Middle 1: 0.0026301141160524977
12-Nov 16:41:51:INFO:root:------ Middle 2: 0.0006676593977686079
12-Nov 16:41:54:INFO:root:------ Middle 2: 0.0006833858849190882
12-Nov 16:41:59:INFO:root:------ Middle 2: 0.0007036179861633523
12-Nov 16:41:59:INFO:root:------ Middle 2: 0.0006942697811201377
12-Nov 16:42:00:INFO:root:------ Middle 3: 0.0003725274992024895
12-Nov 16:42:01:INFO:root:------ Middle 2: 0.0006857459306580918
12-Nov 16:42:02:INFO:root:------ Middle 3: 0.00038137179954044343
12-Nov 16:42:07:INFO:root:------ Middle 3: 0.00038705163751512393
12-Nov 16:42:07:INFO:root:------ Middle 3: 0.0003917399098314043
12-Nov 16:42:10:INFO:root:------ Middle 3: 0.00038303382014195583
12-Nov 16:42:20:INFO:root:------ Middle 2: 0.0006330605888955368
12-Nov 16:42:24:INFO:root:------ Middle 4: 0.00023980101760866118
12-Nov 16:42:25:INFO:root:Starting from 6.056829301503749e-17
12-Nov 16:42:25:INFO:root:-- Outer 2: 0.013213787539825895
12-Nov 16:42:27:INFO:root:------ Middle 4: 0.00024625013611585025
12-Nov 16:42:27:INFO:root:Starting from 5.158510550904925e-17
12-Nov 16:42:28:INFO:root:-- Outer 2: 0.013777291484668316
12-Nov 16:42:28:INFO:root:------ Middle 3: 0.0003535239476552129
12-Nov 16:42:30:INFO:root:------ Middle 4: 0.0002513384834913803
12-Nov 16:42:30:INFO:root:Starting from 4.789467125990324e-17
12-Nov 16:42:30:INFO:root:-- Outer 2: 0.014557210573296783
12-Nov 16:42:31:INFO:root:------ Middle 4: 0.0002545284818230905
12-Nov 16:42:31:INFO:root:Starting from 4.0035254549391025e-17
12-Nov 16:42:31:INFO:root:-- Outer 2: 0.01518061940928818
12-Nov 16:42:33:INFO:root:------ Middle 1: 0.0008415215800928466
12-Nov 16:42:34:INFO:root:------ Middle 4: 0.0002490283943451156
12-Nov 16:42:34:INFO:root:Starting from 5.135477177149213e-17
12-Nov 16:42:34:INFO:root:-- Outer 2: 0.014174870508076764
12-Nov 16:42:35:INFO:root:------ Middle 2: 0.0007413277211616632
12-Nov 16:42:37:INFO:root:------ Middle 1: 0.0008543864289427874
12-Nov 16:42:38:INFO:root:------ Middle 1: 0.0008124642552875994
12-Nov 16:42:40:INFO:root:------ Middle 1: 0.0007500672524566399
12-Nov 16:42:43:INFO:root:------ Middle 3: 0.00041227244561521995
12-Nov 16:42:43:INFO:root:------ Middle 1: 0.0008343424596012548
12-Nov 16:42:52:INFO:root:------ Middle 2: 0.0008154099086814257
12-Nov 16:42:54:INFO:root:------ Middle 4: 0.0002279327972644352
12-Nov 16:42:54:INFO:root:Starting from 6.452542773098281e-17
12-Nov 16:42:54:INFO:root:-- Outer 2: 0.012793821105700497
12-Nov 16:43:00:INFO:root:------ Middle 3: 0.0004527247907012499
12-Nov 16:43:04:INFO:root:------ Middle 1: 0.0008384086297878798
12-Nov 16:43:07:INFO:root:------ Middle 4: 0.00026714336180363264
12-Nov 16:43:07:INFO:root:Starting from 3.884141534565061e-17
12-Nov 16:43:07:INFO:root:-- Outer 2: 0.015781974917619703
12-Nov 16:43:16:INFO:root:------ Middle 1: 0.0005259751125744085
12-Nov 16:43:26:INFO:root:------ Middle 4: 0.000292618684603368
12-Nov 16:43:26:INFO:root:Starting from 5.989109361848274e-17
12-Nov 16:43:26:INFO:root:-- Outer 2: 0.016849191018532474
12-Nov 16:43:35:INFO:root:------ Middle 1: 0.0005152137644228168
12-Nov 16:44:24:INFO:root:------ Middle 2: 0.0003845976481077658
12-Nov 16:44:27:INFO:root:------ Middle 2: 0.00037827292450456646
12-Nov 16:44:33:INFO:root:------ Middle 3: 0.00021651337104898702
12-Nov 16:44:33:INFO:root:Starting from 5.215228556396121e-17
12-Nov 16:44:33:INFO:root:-- Outer 3: 0.006399162578288789
12-Nov 16:44:36:INFO:root:------ Middle 3: 0.0002128732046356516
12-Nov 16:44:36:INFO:root:Starting from 5.350389228721014e-17
12-Nov 16:44:36:INFO:root:-- Outer 3: 0.0061900579858544386
12-Nov 16:44:36:INFO:root:------ Middle 2: 0.0003930267764591357
12-Nov 16:44:36:INFO:root:------ Middle 2: 0.0003964992861115955
12-Nov 16:44:42:INFO:root:------ Middle 1: 0.00044257895291887895
12-Nov 16:44:43:INFO:root:------ Middle 2: 0.00039542856477973716
12-Nov 16:44:44:INFO:root:------ Middle 3: 0.00022299257120375927
12-Nov 16:44:44:INFO:root:Starting from 4.800104317750142e-17
12-Nov 16:44:44:INFO:root:-- Outer 3: 0.006721237468349009
12-Nov 16:44:45:INFO:root:------ Middle 3: 0.00022084108842668345
12-Nov 16:44:45:INFO:root:Starting from 5.4173113238906006e-17
12-Nov 16:44:45:INFO:root:------ Middle 1: 0.0004422071488431951
12-Nov 16:44:45:INFO:root:-- Outer 3: 0.0065710961792774135
12-Nov 16:44:51:INFO:root:------ Middle 3: 0.00022211819723398082
12-Nov 16:44:51:INFO:root:Starting from 4.501836574138476e-17
12-Nov 16:44:51:INFO:root:-- Outer 3: 0.006446259703641042
12-Nov 16:44:53:INFO:root:------ Middle 1: 0.00039836481565423383
12-Nov 16:44:54:INFO:root:------ Middle 1: 0.00042781547323343183
12-Nov 16:44:56:INFO:root:------ Middle 2: 0.0003624942200647967
12-Nov 16:45:00:INFO:root:------ Middle 1: 0.00043672220107505945
12-Nov 16:45:04:INFO:root:------ Middle 3: 0.00020443479655300831
12-Nov 16:45:04:INFO:root:Starting from 5.419667696154147e-17
12-Nov 16:45:05:INFO:root:-- Outer 3: 0.006011901656580209
12-Nov 16:45:13:INFO:root:------ Middle 1: 0.0004260706514670567
12-Nov 16:45:36:INFO:root:------ Middle 2: 0.0003864480914951198
12-Nov 16:45:45:INFO:root:------ Middle 3: 0.0002172105315281293
12-Nov 16:45:45:INFO:root:Starting from 5.223982302384696e-17
12-Nov 16:45:45:INFO:root:-- Outer 3: 0.006615773969388416
12-Nov 16:45:54:INFO:root:------ Middle 1: 0.00023913879086315452
12-Nov 16:45:54:INFO:root:Starting from 4.9067598901344434e-17
12-Nov 16:45:54:INFO:root:-- Outer 4: 0.00675016274433324
12-Nov 16:46:11:INFO:root:------ Middle 2: 0.0003981703454817687
12-Nov 16:46:11:INFO:root:------ Middle 2: 0.0002516113062803938
12-Nov 16:46:11:INFO:root:Starting from 4.899402843382418e-17
12-Nov 16:46:11:INFO:root:-- Outer 4: 0.002969396944946306
12-Nov 16:46:15:INFO:root:------ Middle 2: 0.00024909096738111964
12-Nov 16:46:15:INFO:root:Starting from 4.744619444635659e-17
12-Nov 16:46:16:INFO:root:-- Outer 4: 0.0029015665117179913
12-Nov 16:46:19:INFO:root:------ Middle 3: 0.00022311402373859202
12-Nov 16:46:19:INFO:root:Starting from 4.394745330739387e-17
12-Nov 16:46:19:INFO:root:-- Outer 3: 0.006943235748708982
12-Nov 16:46:19:INFO:root:------ Middle 1: 0.00031701327763783383
12-Nov 16:46:20:INFO:root:------ Middle 2: 0.0002521089273325244
12-Nov 16:46:20:INFO:root:Starting from 5.3522412946295045e-17
12-Nov 16:46:20:INFO:root:-- Outer 4: 0.002935724885217068
12-Nov 16:46:20:INFO:root:------ Middle 2: 0.0002514581644902872
12-Nov 16:46:20:INFO:root:Starting from 4.402268292806852e-17
12-Nov 16:46:20:INFO:root:-- Outer 4: 0.00299799597997546
12-Nov 16:46:24:INFO:root:------ Middle 2: 0.00025372592164368346
12-Nov 16:46:24:INFO:root:Starting from 4.3969409948398153e-17
12-Nov 16:46:24:INFO:root:-- Outer 4: 0.00297531034023927
12-Nov 16:46:25:INFO:root:------ Middle 1: 0.0003183180703011838
12-Nov 16:46:28:INFO:root:------ Middle 1: 0.00018197425604398173
12-Nov 16:46:29:INFO:root:Starting from 5.243600564289734e-17
12-Nov 16:46:29:INFO:root:-- Outer 4: 0.006965051112146887
12-Nov 16:46:29:INFO:root:------ Middle 1: 0.00031077207779445616
12-Nov 16:46:29:INFO:root:------ Middle 1: 0.0002939855876494851
12-Nov 16:46:29:INFO:root:Starting from 4.634553580834564e-17
12-Nov 16:46:30:INFO:root:-- Outer 5: 0.003184495292810178
12-Nov 16:46:34:INFO:root:------ Middle 1: 0.00031703680633779615
12-Nov 16:46:39:INFO:root:------ Middle 2: 0.00023728483800195823
12-Nov 16:46:39:INFO:root:Starting from 4.408499811878664e-17
12-Nov 16:46:39:INFO:root:-- Outer 4: 0.002787445529236185
12-Nov 16:46:49:INFO:root:------ Middle 1: 0.00030045842790812953
12-Nov 16:46:50:INFO:root:------ Middle 2: 0.0001788028877238312
12-Nov 16:46:51:INFO:root:Starting from 4.528659621654536e-17
12-Nov 16:46:51:INFO:root:-- Outer 5: 0.001777827565587289
12-Nov 16:46:58:INFO:root:------ Middle 2: 0.00017800730992858181
12-Nov 16:46:58:INFO:root:Starting from 4.967297584817267e-17
12-Nov 16:46:58:INFO:root:-- Outer 5: 0.001745545910538186
12-Nov 16:46:59:INFO:root:------ Middle 1: 0.00023765533061439532
12-Nov 16:47:00:INFO:root:Starting from 5.005755413504662e-17
12-Nov 16:47:00:INFO:root:-- Outer 6: 0.0018845309147013367
12-Nov 16:47:00:INFO:root:------ Middle 2: 0.0001776974999187272
12-Nov 16:47:00:INFO:root:Starting from 5.01795376932379e-17
12-Nov 16:47:00:INFO:root:-- Outer 5: 0.0017699235329280763
12-Nov 16:47:07:INFO:root:------ Middle 2: 0.00018018996015896466
12-Nov 16:47:07:INFO:root:Starting from 5.1055476840490976e-17
12-Nov 16:47:07:INFO:root:-- Outer 5: 0.0017720664751816946
12-Nov 16:47:07:INFO:root:------ Middle 1: 0.0002380337158423051
12-Nov 16:47:08:INFO:root:Starting from 5.023201269483736e-17
12-Nov 16:47:08:INFO:root:-- Outer 6: 0.001852846175814329
12-Nov 16:47:08:INFO:root:------ Middle 1: 0.0002347972340126446
12-Nov 16:47:09:INFO:root:Starting from 4.601321032078283e-17
12-Nov 16:47:09:INFO:root:-- Outer 6: 0.0018831381878570252
12-Nov 16:47:10:INFO:root:------ Middle 1: 0.00034369963089836777
12-Nov 16:47:16:INFO:root:------ Middle 1: 0.00023833418583576516
12-Nov 16:47:16:INFO:root:Starting from 5.287054027307082e-17
12-Nov 16:47:16:INFO:root:-- Outer 6: 0.0018810938440414144
12-Nov 16:47:22:INFO:root:------ Middle 2: 0.00016693875733927492
12-Nov 16:47:22:INFO:root:Starting from 5.538957596363496e-17
12-Nov 16:47:22:INFO:root:-- Outer 5: 0.0016471755704212153
12-Nov 16:47:31:INFO:root:------ Middle 1: 0.00026546098518759727
12-Nov 16:47:31:INFO:root:Starting from 5.070072770767264e-17
12-Nov 16:47:31:INFO:root:-- Outer 7: 0.0006814735285254183
12-Nov 16:47:31:INFO:root:END Outer loop
12-Nov 16:47:31:INFO:root:------ Middle 1: 0.00022360692167800006
12-Nov 16:47:32:INFO:root:Starting from 4.3158067685685726e-17
12-Nov 16:47:32:INFO:root:-- Outer 6: 0.0017336850078439705
12-Nov 16:47:35:INFO:root:Model trade shares: [0.967191, 0.934943, 0.993994]
12-Nov 16:47:35:INFO:root:Data trade shares: [0.961487, 0.929057, 0.992737]
12-Nov 16:47:35:INFO:root:US prices: [1.28396, 1.06974, 1.09206]
12-Nov 16:47:35:INFO:root:in the data: [1.96012, 1.64035, 1.64035]
12-Nov 16:47:36:INFO:root:Nominal world expenditure: 1.1358887644142406e7
12-Nov 16:47:36:INFO:root:--------------In the data: [1.80704e7]
12-Nov 16:47:39:INFO:root:--- Period 10 ---
12-Nov 16:47:40:INFO:root:BEGIN Outer loop
12-Nov 16:47:42:INFO:root:------ Middle 1: 0.0002647458863388782
12-Nov 16:47:42:INFO:root:Starting from 4.35645362999822e-17
12-Nov 16:47:42:INFO:root:-- Outer 7: 0.000664447515319398
12-Nov 16:47:42:INFO:root:END Outer loop
12-Nov 16:47:42:INFO:root:------ Middle 1: 0.00026355815752863044
12-Nov 16:47:42:INFO:root:Starting from 5.31762511921904e-17
12-Nov 16:47:42:INFO:root:-- Outer 7: 0.0006913473984772742
12-Nov 16:47:42:INFO:root:END Outer loop
12-Nov 16:47:46:INFO:root:Model trade shares: [0.969301, 0.928341, 0.994256]
12-Nov 16:47:46:INFO:root:Data trade shares: [0.966266, 0.92464, 0.992831]
12-Nov 16:47:46:INFO:root:US prices: [1.30821, 1.06509, 1.07945]
12-Nov 16:47:46:INFO:root:in the data: [2.27198, 1.79075, 1.79075]
12-Nov 16:47:46:INFO:root:Model trade shares: [0.965967, 0.930215, 0.992656]
12-Nov 16:47:46:INFO:root:Data trade shares: [0.967429, 0.940539, 0.992695]
12-Nov 16:47:46:INFO:root:US prices: [1.22553, 1.05363, 1.04113]
12-Nov 16:47:46:INFO:root:in the data: [1.63396, 1.43854, 1.43854]
12-Nov 16:47:47:INFO:root:Nominal world expenditure: 1.1663058863888342e7
12-Nov 16:47:47:INFO:root:Nominal world expenditure: 9.405467711237188e6
12-Nov 16:47:47:INFO:root:--------------In the data: [2.07618e7]
12-Nov 16:47:47:INFO:root:--------------In the data: [1.37348e7]
12-Nov 16:47:50:INFO:root:--- Period 11 ---
12-Nov 16:47:50:INFO:root:------ Middle 1: 0.0002668017206793524
12-Nov 16:47:51:INFO:root:Starting from 5.765221480720203e-17
12-Nov 16:47:51:INFO:root:-- Outer 7: 0.0006861977111533203
12-Nov 16:47:51:INFO:root:END Outer loop
12-Nov 16:47:51:INFO:root:BEGIN Outer loop
12-Nov 16:47:52:INFO:root:--- Period 12 ---
12-Nov 16:47:52:INFO:root:BEGIN Outer loop
12-Nov 16:47:55:INFO:root:Model trade shares: [0.958479, 0.928896, 0.991021]
12-Nov 16:47:55:INFO:root:Data trade shares: [0.959721, 0.934044, 0.992669]
12-Nov 16:47:55:INFO:root:US prices: [1.22219, 1.0552, 1.05351]
12-Nov 16:47:55:INFO:root:in the data: [1.70549, 1.50868, 1.50868]
12-Nov 16:47:56:INFO:root:Nominal world expenditure: 1.0028417280496532e7
12-Nov 16:47:56:INFO:root:--------------In the data: [1.54393e7]
12-Nov 16:47:57:INFO:root:------ Middle 2: 0.00019469741860788365
12-Nov 16:47:58:INFO:root:Starting from 5.605599752851105e-17
12-Nov 16:47:58:INFO:root:-- Outer 6: 0.0010707489361921057
12-Nov 16:47:59:INFO:root:--- Period 13 ---
12-Nov 16:47:59:INFO:root:BEGIN Outer loop
12-Nov 16:48:05:INFO:root:------ Middle 1: 0.0002466584868148945
12-Nov 16:48:05:INFO:root:Starting from 4.873638615555297e-17
12-Nov 16:48:05:INFO:root:-- Outer 7: 0.0006093450128759796
12-Nov 16:48:05:INFO:root:END Outer loop
12-Nov 16:48:07:INFO:root:------ Middle 1: 0.00033263451069256994
12-Nov 16:48:07:INFO:root:------ Middle 1: 0.00017970782127785392
12-Nov 16:48:07:INFO:root:Starting from 7.132099329957603e-17
12-Nov 16:48:07:INFO:root:-- Outer 7: 0.0010937381572613586
12-Nov 16:48:09:INFO:root:Model trade shares: [0.968431, 0.928672, 0.989002]
12-Nov 16:48:09:INFO:root:Data trade shares: [0.971471, 0.927429, 0.989384]
12-Nov 16:48:09:INFO:root:US prices: [1.5479, 1.07067, 1.07411]
12-Nov 16:48:09:INFO:root:in the data: [2.72526, 1.92631, 1.92631]
12-Nov 16:48:09:INFO:root:Nominal world expenditure: 1.1924252847563017e7
12-Nov 16:48:09:INFO:root:--------------In the data: [2.2953e7]
12-Nov 16:48:11:INFO:root:--- Period 14 ---
12-Nov 16:48:11:INFO:root:BEGIN Outer loop
12-Nov 16:48:15:INFO:root:------ Middle 2: 0.00018583970438311825
12-Nov 16:48:15:INFO:root:Starting from 4.8249598231063865e-17
12-Nov 16:48:15:INFO:root:-- Outer 5: 0.0017504791590794227
12-Nov 16:48:24:INFO:root:------ Middle 1: 0.00019498908894822803
12-Nov 16:48:24:INFO:root:Starting from 4.2563274499307466e-17
12-Nov 16:48:24:INFO:root:-- Outer 6: 0.00185024660407629
12-Nov 16:48:45:INFO:root:------ Middle 1: 0.0002450570735395971
12-Nov 16:48:46:INFO:root:Starting from 3.7749066481992177e-17
12-Nov 16:48:46:INFO:root:-- Outer 5: 0.001674088329984108
12-Nov 16:48:46:INFO:root:------ Middle 1: 0.00016313812903483553
12-Nov 16:48:47:INFO:root:Starting from 4.9896805186464066e-17
12-Nov 16:48:47:INFO:root:-- Outer 8: 0.0004096723197704283
12-Nov 16:48:47:INFO:root:END Outer loop
12-Nov 16:48:51:INFO:root:Model trade shares: [0.971636, 0.93568, 0.993619]
12-Nov 16:48:51:INFO:root:Data trade shares: [0.975035, 0.947136, 0.993826]
12-Nov 16:48:51:INFO:root:US prices: [1.19358, 1.11806, 1.10394]
12-Nov 16:48:51:INFO:root:in the data: [1.5623, 1.46271, 1.46271]
12-Nov 16:48:51:INFO:root:Nominal world expenditure: 9.351885183020834e6
12-Nov 16:48:52:INFO:root:--------------In the data: [1.27847e7]
12-Nov 16:48:54:INFO:root:------ Middle 1: 0.00020599749032550386
12-Nov 16:48:54:INFO:root:Starting from 5.0222719638285245e-17
12-Nov 16:48:54:INFO:root:-- Outer 6: 0.0017041915329590526
12-Nov 16:48:55:INFO:root:--- Period 15 ---
12-Nov 16:48:55:INFO:root:BEGIN Outer loop
12-Nov 16:49:12:INFO:root:------ Middle 1: 0.00017139135851955209
12-Nov 16:49:12:INFO:root:Starting from 3.9460509499082316e-17
12-Nov 16:49:12:INFO:root:-- Outer 7: 0.00046270093523958865
12-Nov 16:49:12:INFO:root:END Outer loop
12-Nov 16:49:16:INFO:root:Model trade shares: [0.974155, 0.933209, 0.993486]
12-Nov 16:49:17:INFO:root:Data trade shares: [0.973362, 0.938447, 0.994052]
12-Nov 16:49:17:INFO:root:US prices: [1.22998, 1.16155, 1.1936]
12-Nov 16:49:17:INFO:root:in the data: [1.46789, 1.34924, 1.34924]
12-Nov 16:49:17:INFO:root:Nominal world expenditure: 9.328900965702398e6
12-Nov 16:49:18:INFO:root:--------------In the data: [1.15794e7]
12-Nov 16:49:21:INFO:root:--- Period 16 ---
12-Nov 16:49:21:INFO:root:BEGIN Outer loop
12-Nov 16:49:42:INFO:root:------ Middle 1: 0.0001440976660339772
12-Nov 16:49:42:INFO:root:Starting from 4.1142065445496574e-17
12-Nov 16:49:42:INFO:root:-- Outer 7: 0.00037136223183794
12-Nov 16:49:42:INFO:root:END Outer loop
12-Nov 16:49:46:INFO:root:Model trade shares: [0.978742, 0.94049, 0.994778]
12-Nov 16:49:46:INFO:root:Data trade shares: [0.970394, 0.938128, 0.99445]
12-Nov 16:49:46:INFO:root:US prices: [1.06296, 1.10575, 1.11919]
12-Nov 16:49:46:INFO:root:in the data: [1.21921, 1.17859, 1.17859]
12-Nov 16:49:47:INFO:root:Nominal world expenditure: 9.298871622021973e6
12-Nov 16:49:47:INFO:root:--------------In the data: [1.02443e7]
12-Nov 16:49:50:INFO:root:--- Period 17 ---
12-Nov 16:49:50:INFO:root:BEGIN Outer loop
12-Nov 16:55:52:INFO:root:------ Middle 1: 0.004327254253095853
12-Nov 16:56:00:INFO:root:------ Middle 2: 0.0023850987788474175
12-Nov 16:56:04:INFO:root:------ Middle 1: 0.004108954589027012
12-Nov 16:56:06:INFO:root:------ Middle 1: 0.0040157021663109645
12-Nov 16:56:12:INFO:root:------ Middle 2: 0.0022648234723744664
12-Nov 16:56:14:INFO:root:------ Middle 2: 0.002213639255252424
12-Nov 16:56:30:INFO:root:------ Middle 1: 0.004011530546182095
12-Nov 16:56:39:INFO:root:------ Middle 2: 0.002211319234069423
12-Nov 16:57:06:INFO:root:------ Middle 1: 0.004174561393105234
12-Nov 16:57:14:INFO:root:------ Middle 2: 0.0023008008399943063
12-Nov 16:57:52:INFO:root:------ Middle 3: 0.0017915869697615148
12-Nov 16:58:01:INFO:root:------ Middle 4: 0.0009925920612748828
12-Nov 16:58:02:INFO:root:------ Middle 1: 0.00446215251087189
12-Nov 16:58:11:INFO:root:------ Middle 2: 0.0024589914893218563
12-Nov 16:58:14:INFO:root:------ Middle 3: 0.001724984971361072
12-Nov 16:58:23:INFO:root:------ Middle 4: 0.0009541251607887789
12-Nov 16:58:33:INFO:root:------ Middle 3: 0.0016991995593527533
12-Nov 16:58:42:INFO:root:------ Middle 4: 0.0009395780552871265
12-Nov 16:58:51:INFO:root:------ Middle 1: 0.004725678033067907
12-Nov 16:58:59:INFO:root:------ Middle 2: 0.002603926163346949
12-Nov 16:59:00:INFO:root:------ Middle 3: 0.0017117696414324216
12-Nov 16:59:08:INFO:root:------ Middle 4: 0.0009463053584459662
12-Nov 16:59:28:INFO:root:------ Middle 5: 0.0007858694380073936
12-Nov 16:59:32:INFO:root:------ Middle 1: 0.00484914112960445
12-Nov 16:59:36:INFO:root:------ Middle 6: 0.00043641378978746
12-Nov 16:59:40:INFO:root:------ Middle 3: 0.0017788660080822881
12-Nov 16:59:41:INFO:root:------ Middle 2: 0.0026719436968537778
12-Nov 16:59:49:INFO:root:------ Middle 4: 0.0009832726500622363
12-Nov 16:59:54:INFO:root:------ Middle 5: 0.0007566755857168038
12-Nov 17:00:03:INFO:root:------ Middle 6: 0.0004203785865082649
12-Nov 17:00:09:INFO:root:------ Middle 5: 0.0007477378204499869
12-Nov 17:00:09:INFO:root:------ Middle 7: 0.00033732746224538054
12-Nov 17:00:17:INFO:root:------ Middle 6: 0.00041566306819294194
12-Nov 17:00:18:INFO:root:------ Middle 8: 0.0002029597139609175
12-Nov 17:00:18:INFO:root:Starting from 1.223534877527087e-17
12-Nov 17:00:18:INFO:root:-- Outer 1: 0.024122001925769947
12-Nov 17:00:27:INFO:root:------ Middle 1: 0.0026333416385371116
12-Nov 17:00:34:INFO:root:------ Middle 3: 0.0018903244650099072
12-Nov 17:00:34:INFO:root:------ Middle 7: 0.00032742734528225774
12-Nov 17:00:39:INFO:root:------ Middle 5: 0.0007560384230590759
12-Nov 17:00:42:INFO:root:------ Middle 4: 0.001044726136018664
12-Nov 17:00:43:INFO:root:------ Middle 8: 0.00019613858767146788
12-Nov 17:00:43:INFO:root:Starting from 1.2278858941538038e-17
12-Nov 17:00:43:INFO:root:-- Outer 1: 0.024106183697576236
12-Nov 17:00:48:INFO:root:------ Middle 6: 0.000420289425171898
12-Nov 17:00:48:INFO:root:------ Middle 7: 0.0003256473971483653
12-Nov 17:00:53:INFO:root:------ Middle 1: 0.002694708209784997
12-Nov 17:00:56:INFO:root:------ Middle 8: 0.00019448037820654567
12-Nov 17:00:56:INFO:root:Starting from 1.221403507038352e-17
12-Nov 17:00:56:INFO:root:-- Outer 1: 0.024391128796150827
12-Nov 17:01:05:INFO:root:------ Middle 1: 0.002738148066757043
12-Nov 17:01:17:INFO:root:------ Middle 5: 0.0007863183793561844
12-Nov 17:01:19:INFO:root:------ Middle 7: 0.00033146777977086144
12-Nov 17:01:22:INFO:root:------ Middle 3: 0.001992408969182509
12-Nov 17:01:25:INFO:root:------ Middle 6: 0.0004370075729544101
12-Nov 17:01:27:INFO:root:------ Middle 8: 0.0001975801496712912
12-Nov 17:01:27:INFO:root:Starting from 1.2414626852750244e-17
12-Nov 17:01:27:INFO:root:-- Outer 1: 0.024938384844269353
12-Nov 17:01:31:INFO:root:------ Middle 4: 0.001100807566361959
12-Nov 17:01:35:INFO:root:------ Middle 1: 0.0027705647273884478
12-Nov 17:01:56:INFO:root:------ Middle 7: 0.00034589937509076394
12-Nov 17:01:59:INFO:root:------ Middle 3: 0.00204378669963806
12-Nov 17:02:05:INFO:root:------ Middle 8: 0.00020611018300894563
12-Nov 17:02:05:INFO:root:Starting from 1.2170571111033959e-17
12-Nov 17:02:05:INFO:root:-- Outer 1: 0.025510776399702638
12-Nov 17:02:07:INFO:root:------ Middle 4: 0.0011293804710677117
12-Nov 17:02:08:INFO:root:------ Middle 5: 0.0008319399989461131
12-Nov 17:02:14:INFO:root:------ Middle 1: 0.002804868683466743
12-Nov 17:02:16:INFO:root:------ Middle 6: 0.0004622518400508227
12-Nov 17:02:42:INFO:root:------ Middle 2: 0.0006012400865585362
12-Nov 17:02:47:INFO:root:------ Middle 7: 0.00036511310386758616
12-Nov 17:02:51:INFO:root:------ Middle 3: 0.0003364532083054597
12-Nov 17:02:55:INFO:root:------ Middle 8: 0.00021742811210810495
12-Nov 17:02:56:INFO:root:Starting from 1.1909661085575859e-17
12-Nov 17:02:56:INFO:root:-- Outer 1: 0.02617466522587668
12-Nov 17:03:02:INFO:root:------ Middle 5: 0.0008731514326325791
12-Nov 17:03:05:INFO:root:------ Middle 1: 0.002949011857554399
12-Nov 17:03:10:INFO:root:------ Middle 6: 0.0004847293865923845
12-Nov 17:03:15:INFO:root:------ Middle 4: 0.00022031568707303712
12-Nov 17:03:16:INFO:root:Starting from 4.8581895963929746e-17
12-Nov 17:03:16:INFO:root:-- Outer 2: 0.012531260754487558
12-Nov 17:03:25:INFO:root:------ Middle 1: 0.0008259504886133677
12-Nov 17:03:27:INFO:root:------ Middle 2: 0.0006077105459921544
12-Nov 17:03:34:INFO:root:------ Middle 5: 0.0008983416218042693
12-Nov 17:03:36:INFO:root:------ Middle 3: 0.0003390276761564175
12-Nov 17:03:43:INFO:root:------ Middle 6: 0.0004985984764730027
12-Nov 17:03:44:INFO:root:------ Middle 7: 0.00038189160255471487
12-Nov 17:03:49:INFO:root:------ Middle 2: 0.0006051387866991629
12-Nov 17:03:52:INFO:root:------ Middle 8: 0.0002278013801599135
12-Nov 17:03:52:INFO:root:Starting from 1.1738310043743178e-17
12-Nov 17:03:52:INFO:root:-- Outer 1: 0.026596039093709847
12-Nov 17:03:57:INFO:root:------ Middle 3: 0.0003371284510788796
12-Nov 17:04:00:INFO:root:------ Middle 1: 0.0028866731244826488
12-Nov 17:04:01:INFO:root:------ Middle 4: 0.00022119380274610633
12-Nov 17:04:01:INFO:root:Starting from 5.2724972622971306e-17
12-Nov 17:04:01:INFO:root:-- Outer 2: 0.012557895622624578
12-Nov 17:04:11:INFO:root:------ Middle 1: 0.0008197522811144929
12-Nov 17:04:16:INFO:root:------ Middle 7: 0.00039314041591167835
12-Nov 17:04:21:INFO:root:------ Middle 4: 0.00022160957087413724
12-Nov 17:04:21:INFO:root:Starting from 4.558088931397095e-17
12-Nov 17:04:21:INFO:root:-- Outer 2: 0.012751452881490337
12-Nov 17:04:24:INFO:root:------ Middle 8: 0.00023485601915806527
12-Nov 17:04:24:INFO:root:Starting from 1.1586048794850154e-17
12-Nov 17:04:24:INFO:root:-- Outer 1: 0.02655619544813048
12-Nov 17:04:25:INFO:root:------ Middle 2: 0.0006380166951996758
12-Nov 17:04:30:INFO:root:------ Middle 1: 0.0008329448691979238
12-Nov 17:04:33:INFO:root:------ Middle 1: 0.0028556581414193186
12-Nov 17:04:33:INFO:root:------ Middle 3: 0.00035506202908366333
12-Nov 17:04:58:INFO:root:------ Middle 4: 0.00023404496585652436
12-Nov 17:04:58:INFO:root:Starting from 4.628510996630843e-17
12-Nov 17:04:58:INFO:root:-- Outer 2: 0.012955252559072004
12-Nov 17:05:07:INFO:root:------ Middle 1: 0.0008430377065742058
12-Nov 17:05:09:INFO:root:------ Middle 2: 0.0006645959842016092
12-Nov 17:05:17:INFO:root:------ Middle 3: 0.00036980067590285993
12-Nov 17:05:20:INFO:root:------ Middle 2: 0.0003486761704311912
12-Nov 17:05:29:INFO:root:------ Middle 3: 0.00019715492849688686
12-Nov 17:05:29:INFO:root:Starting from 5.128712821623141e-17
12-Nov 17:05:29:INFO:root:-- Outer 3: 0.0058804798467633765
12-Nov 17:05:38:INFO:root:------ Middle 1: 0.0004095245108040092
12-Nov 17:05:42:INFO:root:------ Middle 4: 0.00024525894919135094
12-Nov 17:05:42:INFO:root:Starting from 5.2630723961123994e-17
12-Nov 17:05:42:INFO:root:-- Outer 2: 0.013176937692615048
12-Nov 17:05:51:INFO:root:------ Middle 1: 0.0008947715315270246
12-Nov 17:06:13:INFO:root:------ Middle 2: 0.0003424908747561355
12-Nov 17:06:14:INFO:root:------ Middle 2: 0.0007387665803321308
12-Nov 17:06:21:INFO:root:------ Middle 3: 0.00019340643850049224
12-Nov 17:06:21:INFO:root:Starting from 5.583342159479032e-17
12-Nov 17:06:21:INFO:root:-- Outer 3: 0.005881353172098688
12-Nov 17:06:23:INFO:root:------ Middle 3: 0.0004106827078119764
12-Nov 17:06:30:INFO:root:------ Middle 1: 0.0003997511204510158
12-Nov 17:06:47:INFO:root:------ Middle 4: 0.0002722298043187621
12-Nov 17:06:47:INFO:root:Starting from 4.835194321249428e-17
12-Nov 17:06:47:INFO:root:-- Outer 2: 0.013450430636607672
12-Nov 17:06:48:INFO:root:------ Middle 2: 0.00035010204311347376
12-Nov 17:06:56:INFO:root:------ Middle 3: 0.00019664663240872
12-Nov 17:06:56:INFO:root:------ Middle 1: 0.0008776050905266746
12-Nov 17:06:56:INFO:root:Starting from 4.8092816373342625e-17
12-Nov 17:06:56:INFO:root:-- Outer 3: 0.005925285263199235
12-Nov 17:07:05:INFO:root:------ Middle 1: 0.000408647067087483
12-Nov 17:07:08:INFO:root:------ Middle 2: 0.0002274543790875795
12-Nov 17:07:08:INFO:root:Starting from 6.561136095825303e-17
12-Nov 17:07:08:INFO:root:-- Outer 4: 0.002696526188631992
12-Nov 17:07:13:INFO:root:------ Middle 2: 0.0007289574312135534
12-Nov 17:07:18:INFO:root:------ Middle 1: 0.0002849708417650069
12-Nov 17:07:18:INFO:root:Starting from 5.099418763924955e-17
12-Nov 17:07:18:INFO:root:-- Outer 5: 0.0029044227961503074
12-Nov 17:07:22:INFO:root:------ Middle 3: 0.0004051395807271722
12-Nov 17:07:32:INFO:root:------ Middle 2: 0.00036201920834483535
12-Nov 17:07:40:INFO:root:------ Middle 3: 0.0002029473437498556
12-Nov 17:07:40:INFO:root:Starting from 5.629250729641035e-17
12-Nov 17:07:40:INFO:root:-- Outer 3: 0.005994073319030091
12-Nov 17:07:45:INFO:root:------ Middle 2: 0.000206770841714966
12-Nov 17:07:45:INFO:root:Starting from 5.460987281240158e-17
12-Nov 17:07:45:INFO:root:-- Outer 4: 0.0030557323262043767
12-Nov 17:07:47:INFO:root:------ Middle 4: 0.0002693975111039469
12-Nov 17:07:47:INFO:root:Starting from 6.455455221188652e-17
12-Nov 17:07:47:INFO:root:-- Outer 2: 0.013512354229950098
12-Nov 17:07:49:INFO:root:------ Middle 1: 0.00041947798294837533
12-Nov 17:07:50:INFO:root:------ Middle 2: 0.0007470469403093314
12-Nov 17:07:55:INFO:root:------ Middle 1: 0.0008979207346623048
12-Nov 17:07:58:INFO:root:------ Middle 3: 0.0004152799133799416
12-Nov 17:07:59:INFO:root:------ Middle 1: 0.0003179152891935769
12-Nov 17:08:06:INFO:root:------ Middle 2: 0.00022182263912873287
12-Nov 17:08:07:INFO:root:Starting from 4.506358254961755e-17
12-Nov 17:08:07:INFO:root:-- Outer 4: 0.002664436627325256
12-Nov 17:08:15:INFO:root:------ Middle 1: 0.00027550203327447975
12-Nov 17:08:15:INFO:root:Starting from 6.169433907558734e-17
12-Nov 17:08:16:INFO:root:-- Outer 5: 0.0028608552397304276
12-Nov 17:08:23:INFO:root:------ Middle 4: 0.00027760196979278973
12-Nov 17:08:23:INFO:root:Starting from 5.4679539708671534e-17
12-Nov 17:08:23:INFO:root:-- Outer 2: 0.013418358929961157
12-Nov 17:08:28:INFO:root:------ Middle 1: 0.000277016568512141
12-Nov 17:08:28:INFO:root:Starting from 3.8970862145698396e-17
12-Nov 17:08:28:INFO:root:-- Outer 5: 0.0017064677334704494
12-Nov 17:08:29:INFO:root:------ Middle 2: 0.00021315952511414128
12-Nov 17:08:30:INFO:root:Starting from 5.901495116915994e-17
12-Nov 17:08:30:INFO:root:-- Outer 4: 0.0030991111434621114
12-Nov 17:08:31:INFO:root:------ Middle 2: 0.00037670829415223
12-Nov 17:08:32:INFO:root:------ Middle 1: 0.0008681476494358212
12-Nov 17:08:37:INFO:root:------ Middle 2: 0.0001787409726053878
12-Nov 17:08:38:INFO:root:Starting from 6.110575018364472e-17
12-Nov 17:08:38:INFO:root:-- Outer 6: 0.0009154717827654547
12-Nov 17:08:38:INFO:root:END Outer loop
12-Nov 17:08:40:INFO:root:------ Middle 3: 0.00021077826439311602
12-Nov 17:08:40:INFO:root:Starting from 4.22533782973934e-17
12-Nov 17:08:40:INFO:root:-- Outer 3: 0.006128512002171923
12-Nov 17:08:41:INFO:root:Model trade shares: [0.972106, 0.927769, 0.982555]
12-Nov 17:08:41:INFO:root:Data trade shares: [0.976496, 0.933524, 0.973934]
12-Nov 17:08:41:INFO:root:US prices: [1.44324, 1.01201, 1.06393]
12-Nov 17:08:41:INFO:root:in the data: [2.96155, 2.01858, 2.01858]
12-Nov 17:08:41:INFO:root:Nominal world expenditure: 1.0985793889971334e7
12-Nov 17:08:41:INFO:root:--------------In the data: [2.33649e7]
12-Nov 17:08:43:INFO:root:--- Period 18 ---
12-Nov 17:08:43:INFO:root:BEGIN Outer loop
12-Nov 17:08:49:INFO:root:------ Middle 1: 0.00045466692871423746
12-Nov 17:08:55:INFO:root:------ Middle 1: 0.00030916481315384277
12-Nov 17:09:00:INFO:root:------ Middle 1: 0.00026664838536598166
12-Nov 17:09:00:INFO:root:Starting from 5.017224241033126e-17
12-Nov 17:09:00:INFO:root:-- Outer 6: 0.0009797853232323605
12-Nov 17:09:00:INFO:root:END Outer loop
12-Nov 17:09:03:INFO:root:Model trade shares: [0.958524, 0.922299, 0.99048]
12-Nov 17:09:03:INFO:root:Data trade shares: [0.972765, 0.936372, 0.980463]
12-Nov 17:09:03:INFO:root:US prices: [1.49445, 0.964266, 0.9518]
12-Nov 17:09:03:INFO:root:in the data: [3.02084, 2.07936, 2.07936]
12-Nov 17:09:03:INFO:root:Nominal world expenditure: 1.0565220417398013e7
12-Nov 17:09:03:INFO:root:--------------In the data: [2.36221e7]
12-Nov 17:09:05:INFO:root:--- Period 19 ---
12-Nov 17:09:05:INFO:root:BEGIN Outer loop
12-Nov 17:09:11:INFO:root:------ Middle 1: 0.0002876597327575777
12-Nov 17:09:11:INFO:root:Starting from 4.3989621373327606e-17
12-Nov 17:09:11:INFO:root:-- Outer 5: 0.001752964998073455
12-Nov 17:09:31:INFO:root:------ Middle 2: 0.0002250776049315057
12-Nov 17:09:31:INFO:root:Starting from 4.7722760984033004e-17
12-Nov 17:09:31:INFO:root:-- Outer 4: 0.003215270768404673
12-Nov 17:09:38:INFO:root:------ Middle 2: 0.00039455639687405213
12-Nov 17:09:41:INFO:root:------ Middle 2: 0.00017361057424595245
12-Nov 17:09:41:INFO:root:Starting from 4.73859861850135e-17
12-Nov 17:09:42:INFO:root:-- Outer 6: 0.0008846330973079766
12-Nov 17:09:42:INFO:root:END Outer loop
12-Nov 17:09:43:INFO:root:------ Middle 1: 0.00027779509792347755
12-Nov 17:09:44:INFO:root:Starting from 5.216670559604982e-17
12-Nov 17:09:44:INFO:root:-- Outer 6: 0.0010197946669502187
12-Nov 17:09:44:INFO:root:Model trade shares: [0.972196, 0.928347, 0.986486]
12-Nov 17:09:44:INFO:root:Data trade shares: [0.97676, 0.939693, 0.972749]
12-Nov 17:09:44:INFO:root:US prices: [1.46077, 0.972228, 0.952978]
12-Nov 17:09:44:INFO:root:in the data: [3.07991, 2.04761, 2.04761]
12-Nov 17:09:45:INFO:root:Nominal world expenditure: 1.0718805913256228e7
12-Nov 17:09:45:INFO:root:--------------In the data: [2.31824e7]
12-Nov 17:09:46:INFO:root:--- Period 20 ---
12-Nov 17:09:46:INFO:root:BEGIN Outer loop
12-Nov 17:09:47:INFO:root:------ Middle 3: 0.00022059224853899993
12-Nov 17:09:47:INFO:root:Starting from 3.974889183607629e-17
12-Nov 17:09:47:INFO:root:-- Outer 3: 0.006205382739030844
12-Nov 17:09:53:INFO:root:------ Middle 1: 0.00023891837311355453
12-Nov 17:09:53:INFO:root:Starting from 4.954486668873672e-17
12-Nov 17:09:53:INFO:root:-- Outer 7: 0.0010209006239255353
12-Nov 17:09:56:INFO:root:------ Middle 1: 0.0004424007339032298
12-Nov 17:10:02:INFO:root:------ Middle 1: 0.0002297926489960416
12-Nov 17:10:02:INFO:root:Starting from 4.657971095852691e-17
12-Nov 17:10:03:INFO:root:-- Outer 8: 0.0007917882318852199
12-Nov 17:10:03:INFO:root:END Outer loop
12-Nov 17:10:05:INFO:root:Model trade shares: [0.965587, 0.927021, 0.994612]
12-Nov 17:10:05:INFO:root:Data trade shares: [0.971404, 0.929028, 0.993445]
12-Nov 17:10:05:INFO:root:US prices: [1.28255, 0.957984, 0.957498]
12-Nov 17:10:05:INFO:root:in the data: [2.9591, 2.1512, 2.1512]
12-Nov 17:10:06:INFO:root:Nominal world expenditure: 1.0507164176169615e7
12-Nov 17:10:06:INFO:root:--------------In the data: [2.42511e7]
12-Nov 17:10:07:INFO:root:--- Period 21 ---
12-Nov 17:10:07:INFO:root:BEGIN Outer loop
12-Nov 17:10:12:INFO:root:------ Middle 1: 0.00030963033341909184
12-Nov 17:10:35:INFO:root:------ Middle 2: 0.0002237714427189011
12-Nov 17:10:35:INFO:root:Starting from 5.579718673808524e-17
12-Nov 17:10:36:INFO:root:-- Outer 4: 0.0032373046542263574
12-Nov 17:10:45:INFO:root:------ Middle 2: 0.0004016852017025504
12-Nov 17:10:54:INFO:root:------ Middle 3: 0.00022428695867849146
12-Nov 17:10:54:INFO:root:Starting from 5.880025593341548e-17
12-Nov 17:10:54:INFO:root:-- Outer 3: 0.00618955103594581
12-Nov 17:11:03:INFO:root:------ Middle 1: 0.00045716919975865715
12-Nov 17:11:05:INFO:root:------ Middle 2: 0.00017882081110314735
12-Nov 17:11:06:INFO:root:Starting from 4.43462645875521e-17
12-Nov 17:11:06:INFO:root:-- Outer 5: 0.0015400344968444786
12-Nov 17:11:11:INFO:root:------ Middle 2: 0.00040155062743709927
12-Nov 17:11:15:INFO:root:------ Middle 1: 0.0002268395707689112
12-Nov 17:11:15:INFO:root:Starting from 4.383263812793916e-17
12-Nov 17:11:15:INFO:root:-- Outer 6: 0.001618547794120852
12-Nov 17:11:18:INFO:root:------ Middle 1: 0.00030147060546073843
12-Nov 17:11:19:INFO:root:------ Middle 3: 0.00022466759460093347
12-Nov 17:11:19:INFO:root:Starting from 5.1277591833736166e-17
12-Nov 17:11:19:INFO:root:-- Outer 3: 0.006115106890359726
12-Nov 17:11:27:INFO:root:------ Middle 1: 0.0004370287751806942
12-Nov 17:11:42:INFO:root:------ Middle 2: 0.00022894586813246138
12-Nov 17:11:42:INFO:root:Starting from 6.133647233475342e-17
12-Nov 17:11:42:INFO:root:-- Outer 4: 0.003190106433116885
12-Nov 17:11:54:INFO:root:------ Middle 1: 0.00024494477973201927
12-Nov 17:11:55:INFO:root:Starting from 6.482146569397772e-17
12-Nov 17:11:55:INFO:root:-- Outer 7: 0.0006350428617808475
12-Nov 17:11:55:INFO:root:END Outer loop
12-Nov 17:11:58:INFO:root:Model trade shares: [0.967879, 0.935126, 0.994837]
12-Nov 17:11:58:INFO:root:Data trade shares: [0.967576, 0.927756, 0.993556]
12-Nov 17:11:58:INFO:root:US prices: [1.19823, 0.924765, 0.922444]
12-Nov 17:11:58:INFO:root:in the data: [2.78451, 2.12334, 2.12334]
12-Nov 17:11:58:INFO:root:Nominal world expenditure: 1.1018299809807062e7
12-Nov 17:11:58:INFO:root:--------------In the data: [2.5209e7]
12-Nov 17:11:59:INFO:root:--- Period 22 ---
12-Nov 17:12:00:INFO:root:BEGIN Outer loop
12-Nov 17:12:07:INFO:root:------ Middle 2: 0.00022265656462996383
12-Nov 17:12:08:INFO:root:Starting from 5.2765595598384884e-17
12-Nov 17:12:08:INFO:root:-- Outer 4: 0.003070963712147569
12-Nov 17:12:22:INFO:root:------ Middle 2: 0.00017983902859909154
12-Nov 17:12:22:INFO:root:------ Middle 1: 0.0003101000755653984
12-Nov 17:12:22:INFO:root:Starting from 6.181023261814057e-17
12-Nov 17:12:22:INFO:root:-- Outer 5: 0.0015396168465644853
12-Nov 17:12:31:INFO:root:------ Middle 1: 0.00022281200895688145
12-Nov 17:12:31:INFO:root:Starting from 4.900218928779403e-17
12-Nov 17:12:31:INFO:root:-- Outer 6: 0.001614225788627264
12-Nov 17:12:46:INFO:root:------ Middle 1: 0.0002909803759828982
12-Nov 17:12:46:INFO:root:Starting from 4.6402118319150225e-17
12-Nov 17:12:46:INFO:root:-- Outer 5: 0.00173542575454841
12-Nov 17:13:11:INFO:root:------ Middle 1: 0.0002884997642675737
12-Nov 17:13:11:INFO:root:Starting from 5.047988498205701e-17
12-Nov 17:13:11:INFO:root:-- Outer 6: 0.0011074346166587636
12-Nov 17:13:11:INFO:root:------ Middle 1: 0.00023850513010383853
12-Nov 17:13:11:INFO:root:Starting from 5.003637628987597e-17
12-Nov 17:13:11:INFO:root:-- Outer 7: 0.0006457051235132067
12-Nov 17:13:11:INFO:root:END Outer loop
12-Nov 17:13:14:INFO:root:Model trade shares: [0.962717, 0.940531, 0.993696]
12-Nov 17:13:14:INFO:root:Data trade shares: [0.953126, 0.923314, 0.993566]
12-Nov 17:13:14:INFO:root:US prices: [1.01192, 0.931037, 0.935193]
12-Nov 17:13:14:INFO:root:in the data: [2.3065, 2.15345, 2.15345]
12-Nov 17:13:14:INFO:root:Nominal world expenditure: 1.3043887711058863e7
12-Nov 17:13:14:INFO:root:--------------In the data: [2.91447e7]
12-Nov 17:13:16:INFO:root:--- Period 23 ---
12-Nov 17:13:16:INFO:root:BEGIN Outer loop
12-Nov 17:13:20:INFO:root:------ Middle 1: 0.00024520713732333814
12-Nov 17:13:20:INFO:root:Starting from 5.411245404210694e-17
12-Nov 17:13:20:INFO:root:-- Outer 7: 0.0010731000425378112
12-Nov 17:13:22:INFO:root:------ Middle 2: 0.0001825957961439373
12-Nov 17:13:22:INFO:root:Starting from 4.3129894372733324e-17
12-Nov 17:13:22:INFO:root:-- Outer 5: 0.001544585445355122
12-Nov 17:13:28:INFO:root:------ Middle 1: 0.00023379370898894447
12-Nov 17:13:28:INFO:root:Starting from 5.101905392376572e-17
12-Nov 17:13:29:INFO:root:-- Outer 8: 0.0008074061358064827
12-Nov 17:13:29:INFO:root:END Outer loop
12-Nov 17:13:31:INFO:root:------ Middle 1: 0.00023007232041469041
12-Nov 17:13:31:INFO:root:Starting from 5.68486553181891e-17
12-Nov 17:13:31:INFO:root:-- Outer 6: 0.001619020163172575
12-Nov 17:13:32:INFO:root:Model trade shares: [0.963873, 0.932876, 0.99332]
12-Nov 17:13:32:INFO:root:Data trade shares: [0.960962, 0.931588, 0.993893]
12-Nov 17:13:32:INFO:root:US prices: [0.994317, 0.906069, 0.902997]
12-Nov 17:13:32:INFO:root:in the data: [2.50767, 2.31742, 2.31742]
12-Nov 17:13:32:INFO:root:Nominal world expenditure: 1.4183022246553544e7
12-Nov 17:13:32:INFO:root:--------------In the data: [3.61928e7]
12-Nov 17:13:33:INFO:root:--- Period 24 ---
12-Nov 17:13:34:INFO:root:BEGIN Outer loop
12-Nov 17:14:11:INFO:root:------ Middle 1: 0.00024800261564528257
12-Nov 17:14:11:INFO:root:Starting from 5.1682531575539534e-17
12-Nov 17:14:11:INFO:root:-- Outer 7: 0.0006495605609591673
12-Nov 17:14:11:INFO:root:END Outer loop
12-Nov 17:14:14:INFO:root:Model trade shares: [0.967312, 0.939061, 0.993867]
12-Nov 17:14:14:INFO:root:Data trade shares: [0.958317, 0.928046, 0.993489]
12-Nov 17:14:14:INFO:root:US prices: [1.00588, 0.91406, 0.93407]
12-Nov 17:14:14:INFO:root:in the data: [2.43661, 2.20422, 2.20422]
12-Nov 17:14:14:INFO:root:Nominal world expenditure: 1.3842328966163358e7
12-Nov 17:14:14:INFO:root:--------------In the data: [3.25615e7]
12-Nov 17:14:16:INFO:root:--- Period 25 ---
12-Nov 17:14:16:INFO:root:BEGIN Outer loop
12-Nov 17:18:40:INFO:root:------ Middle 1: 0.004924552962445419
12-Nov 17:18:48:INFO:root:------ Middle 2: 0.002713270284147335
12-Nov 17:19:37:INFO:root:------ Middle 1: 0.004847428605871961
12-Nov 17:19:45:INFO:root:------ Middle 2: 0.002670481800109523
12-Nov 17:20:28:INFO:root:------ Middle 1: 0.004810435529022803
12-Nov 17:20:36:INFO:root:------ Middle 2: 0.0026501604842853197
12-Nov 17:20:44:INFO:root:------ Middle 1: 0.004684356183110579
12-Nov 17:20:52:INFO:root:------ Middle 2: 0.002580885508882546
12-Nov 17:21:03:INFO:root:------ Middle 3: 0.002077169188745366
12-Nov 17:21:11:INFO:root:------ Middle 4: 0.0011476113190593154
12-Nov 17:21:39:INFO:root:------ Middle 3: 0.002035762058851407
12-Nov 17:21:47:INFO:root:------ Middle 4: 0.0011270626290652759
12-Nov 17:22:33:INFO:root:------ Middle 1: 0.00454665512300592
12-Nov 17:22:39:INFO:root:------ Middle 5: 0.0009130766001490071
12-Nov 17:22:39:INFO:root:------ Middle 3: 0.0020350579689705946
12-Nov 17:22:42:INFO:root:------ Middle 2: 0.0025051571886363262
12-Nov 17:22:47:INFO:root:------ Middle 4: 0.001124819832474488
12-Nov 17:22:47:INFO:root:------ Middle 6: 0.0005065224169161259
12-Nov 17:23:14:INFO:root:------ Middle 5: 0.0009080498321880464
12-Nov 17:23:18:INFO:root:------ Middle 7: 0.0003995152645726315
12-Nov 17:23:23:INFO:root:------ Middle 6: 0.0005039776278487418
12-Nov 17:23:24:INFO:root:------ Middle 3: 0.0020055358905917077
12-Nov 17:23:26:INFO:root:------ Middle 8: 0.0002389174201931067
12-Nov 17:23:26:INFO:root:Starting from 1.1724661615842611e-17
12-Nov 17:23:26:INFO:root:-- Outer 1: 0.026134787784029702
12-Nov 17:23:33:INFO:root:------ Middle 4: 0.0011076822266350042
12-Nov 17:23:35:INFO:root:------ Middle 1: 0.002808480906014189
12-Nov 17:23:43:INFO:root:------ Middle 1: 0.004456918080012155
12-Nov 17:23:52:INFO:root:------ Middle 2: 0.002455666935386925
12-Nov 17:23:56:INFO:root:------ Middle 7: 0.00040020095172175324
12-Nov 17:23:58:INFO:root:------ Middle 1: 0.004365920284253713
12-Nov 17:24:04:INFO:root:------ Middle 8: 0.00023994207224487405
12-Nov 17:24:05:INFO:root:Starting from 1.1781011333700275e-17
12-Nov 17:24:05:INFO:root:-- Outer 1: 0.025166356143248195
12-Nov 17:24:07:INFO:root:------ Middle 2: 0.0024053776371200735
12-Nov 17:24:13:INFO:root:------ Middle 5: 0.0009031077730159507
12-Nov 17:24:14:INFO:root:------ Middle 1: 0.00278810237961453
12-Nov 17:24:20:INFO:root:------ Middle 6: 0.0005009380160050866
12-Nov 17:24:48:INFO:root:------ Middle 1: 0.0043332723554027446
12-Nov 17:24:51:INFO:root:------ Middle 7: 0.00039825329482085794
12-Nov 17:24:56:INFO:root:------ Middle 2: 0.0023873032408280193
12-Nov 17:24:59:INFO:root:------ Middle 8: 0.00023912608427796418
12-Nov 17:24:59:INFO:root:Starting from 1.1724871518603724e-17
12-Nov 17:24:59:INFO:root:-- Outer 1: 0.024480708683642494
12-Nov 17:25:04:INFO:root:------ Middle 5: 0.0008899006179431724
12-Nov 17:25:08:INFO:root:------ Middle 1: 0.0026109483246516373
12-Nov 17:25:13:INFO:root:------ Middle 6: 0.0004933801173232045
12-Nov 17:25:32:INFO:root:------ Middle 3: 0.0019674759568695946
12-Nov 17:25:41:INFO:root:------ Middle 4: 0.0010864004712387702
12-Nov 17:25:47:INFO:root:------ Middle 7: 0.0003939767635723789
12-Nov 17:25:55:INFO:root:------ Middle 8: 0.0002364472327100919
12-Nov 17:25:56:INFO:root:Starting from 1.1673201352829484e-17
12-Nov 17:25:56:INFO:root:-- Outer 1: 0.02425563170529175
12-Nov 17:26:45:INFO:root:------ Middle 2: 0.0007559546044731817
12-Nov 17:26:50:INFO:root:------ Middle 3: 0.001932045530453502
12-Nov 17:26:53:INFO:root:------ Middle 3: 0.0004202796260233765
12-Nov 17:26:59:INFO:root:------ Middle 4: 0.0010666604270985912
12-Nov 17:27:16:INFO:root:------ Middle 3: 0.001891606824736578
12-Nov 17:27:18:INFO:root:------ Middle 4: 0.0002824523128771381
12-Nov 17:27:18:INFO:root:Starting from 4.4892004048129725e-17
12-Nov 17:27:18:INFO:root:-- Outer 2: 0.013160189246495441
12-Nov 17:27:19:INFO:root:------ Middle 5: 0.0008789862542050556
12-Nov 17:27:21:INFO:root:------ Middle 2: 0.0007780671021542596
12-Nov 17:27:25:INFO:root:------ Middle 4: 0.001044038032170703
12-Nov 17:27:27:INFO:root:------ Middle 1: 0.0008459889660053563
12-Nov 17:27:27:INFO:root:------ Middle 6: 0.0004875290601960275
12-Nov 17:27:30:INFO:root:------ Middle 3: 0.0004326741661022685
12-Nov 17:27:54:INFO:root:------ Middle 3: 0.001866709425894482
12-Nov 17:28:00:INFO:root:------ Middle 7: 0.00039017334455783626
12-Nov 17:28:02:INFO:root:------ Middle 4: 0.00032073870321420414
12-Nov 17:28:02:INFO:root:------ Middle 4: 0.0010302684136539728
12-Nov 17:28:09:INFO:root:------ Middle 8: 0.00023388142780455441
12-Nov 17:28:09:INFO:root:Starting from 1.1888961830649705e-17
12-Nov 17:28:09:INFO:root:-- Outer 1: 0.024115704371917554
12-Nov 17:28:10:INFO:root:------ Middle 5: 0.00019340423283917572
12-Nov 17:28:11:INFO:root:Starting from 4.760245821319752e-17
12-Nov 17:28:11:INFO:root:-- Outer 2: 0.012574364414878993
12-Nov 17:28:19:INFO:root:------ Middle 1: 0.0008400932766502103
12-Nov 17:28:23:INFO:root:------ Middle 2: 0.000758157198935058
12-Nov 17:28:31:INFO:root:------ Middle 3: 0.00042166293450564453
12-Nov 17:28:37:INFO:root:------ Middle 5: 0.0008623436504924959
12-Nov 17:28:45:INFO:root:------ Middle 6: 0.00047830421652658034
12-Nov 17:28:59:INFO:root:------ Middle 5: 0.0008416175904723475
12-Nov 17:29:02:INFO:root:------ Middle 4: 0.00031408327587416633
12-Nov 17:29:08:INFO:root:------ Middle 6: 0.000466629042572374
12-Nov 17:29:10:INFO:root:------ Middle 5: 0.00018990492792057983
12-Nov 17:29:10:INFO:root:Starting from 5.928968704231735e-17
12-Nov 17:29:10:INFO:root:-- Outer 2: 0.012043639784449925
12-Nov 17:29:17:INFO:root:------ Middle 7: 0.00038344161201564264
12-Nov 17:29:20:INFO:root:------ Middle 1: 0.0007532218716653678
12-Nov 17:29:40:INFO:root:------ Middle 7: 0.0003737491824583734
12-Nov 17:29:41:INFO:root:------ Middle 8: 0.0002507089683321245
12-Nov 17:29:41:INFO:root:------ Middle 5: 0.0008289796870375348
12-Nov 17:29:42:INFO:root:Starting from 1.1924723891861973e-17
12-Nov 17:29:42:INFO:root:-- Outer 1: 0.023997043141811118
12-Nov 17:29:50:INFO:root:------ Middle 6: 0.0004594699785313114
12-Nov 17:29:51:INFO:root:------ Middle 1: 0.002596543338305383
12-Nov 17:29:56:INFO:root:------ Middle 1: 0.0007005246764305974
12-Nov 17:30:05:INFO:root:------ Middle 2: 0.00038463357841224535
12-Nov 17:30:05:INFO:root:------ Middle 8: 0.0002444821042456383
12-Nov 17:30:05:INFO:root:Starting from 1.1844985178987234e-17
12-Nov 17:30:05:INFO:root:-- Outer 1: 0.023585742499783444
12-Nov 17:30:10:INFO:root:------ Middle 2: 0.0004043986397022251
12-Nov 17:30:15:INFO:root:------ Middle 1: 0.0025062326714886717
12-Nov 17:30:19:INFO:root:------ Middle 3: 0.00022632313658352643
12-Nov 17:30:19:INFO:root:Starting from 5.562058904860503e-17
12-Nov 17:30:19:INFO:root:-- Outer 3: 0.005968684943558172
12-Nov 17:30:23:INFO:root:------ Middle 7: 0.00036752065373677243
12-Nov 17:30:28:INFO:root:------ Middle 1: 0.0004235452856334109
12-Nov 17:30:46:INFO:root:------ Middle 3: 0.00025400310252009575
12-Nov 17:30:47:INFO:root:Starting from 5.469565213487194e-17
12-Nov 17:30:47:INFO:root:-- Outer 2: 0.011177535117198203
12-Nov 17:30:47:INFO:root:------ Middle 8: 0.00024072458152970332
12-Nov 17:30:48:INFO:root:Starting from 1.2070722437529161e-17
12-Nov 17:30:48:INFO:root:-- Outer 1: 0.022932775035153376
12-Nov 17:30:56:INFO:root:------ Middle 1: 0.0008429153134382087
12-Nov 17:30:57:INFO:root:------ Middle 1: 0.0025832049946995844
12-Nov 17:31:04:INFO:root:------ Middle 2: 0.0003625486513175614
12-Nov 17:31:10:INFO:root:------ Middle 2: 0.00021903736280491157
12-Nov 17:31:11:INFO:root:Starting from 6.843745283957341e-17
12-Nov 17:31:11:INFO:root:-- Outer 4: 0.002948548428160131
12-Nov 17:31:13:INFO:root:------ Middle 3: 0.0002031558112849411
12-Nov 17:31:13:INFO:root:Starting from 3.8483495022135275e-17
12-Nov 17:31:13:INFO:root:-- Outer 3: 0.005718397245142957
12-Nov 17:31:22:INFO:root:------ Middle 1: 0.0004276942055871423
12-Nov 17:31:53:INFO:root:------ Middle 1: 0.00027702949768508155
12-Nov 17:31:53:INFO:root:Starting from 5.749435636888824e-17
12-Nov 17:31:53:INFO:root:-- Outer 5: 0.0016317422707137234
12-Nov 17:32:01:INFO:root:------ Middle 2: 0.0003595097242671395
12-Nov 17:32:03:INFO:root:------ Middle 2: 0.00021313818749118488
12-Nov 17:32:04:INFO:root:Starting from 5.790489214139627e-17
12-Nov 17:32:04:INFO:root:-- Outer 4: 0.0028432024207241564
12-Nov 17:32:09:INFO:root:------ Middle 3: 0.00020168410149716616
12-Nov 17:32:10:INFO:root:Starting from 6.558888197039278e-17
12-Nov 17:32:10:INFO:root:-- Outer 3: 0.005354092709167302
12-Nov 17:32:11:INFO:root:------ Middle 1: 0.0006834361459098554
12-Nov 17:32:18:INFO:root:------ Middle 1: 0.00027156882021761526
12-Nov 17:32:18:INFO:root:Starting from 4.0632174804292524e-17
12-Nov 17:32:18:INFO:root:-- Outer 6: 0.0010164386920298717
12-Nov 17:32:19:INFO:root:------ Middle 1: 0.00038994953236275073
12-Nov 17:32:19:INFO:root:------ Middle 2: 0.00037539678850398396
12-Nov 17:32:27:INFO:root:------ Middle 1: 0.00022942180123866016
12-Nov 17:32:27:INFO:root:Starting from 5.766650498231128e-17
12-Nov 17:32:27:INFO:root:-- Outer 7: 0.0009685836940308522
12-Nov 17:32:27:INFO:root:END Outer loop
12-Nov 17:32:30:INFO:root:Model trade shares: [0.962137, 0.931425, 0.99413]
12-Nov 17:32:30:INFO:root:Data trade shares: [0.961578, 0.934257, 0.993842]
12-Nov 17:32:30:INFO:root:US prices: [0.959505, 0.922268, 0.929251]
12-Nov 17:32:30:INFO:root:in the data: [2.5813, 2.43608, 2.43608]
12-Nov 17:32:30:INFO:root:Nominal world expenditure: 1.4226272284763971e7
12-Nov 17:32:30:INFO:root:--------------In the data: [3.7723e7]
12-Nov 17:32:32:INFO:root:--- Period 26 ---
12-Nov 17:32:32:INFO:root:BEGIN Outer loop
12-Nov 17:32:46:INFO:root:------ Middle 1: 0.00027855336506040526
12-Nov 17:32:46:INFO:root:Starting from 4.4612577367392066e-17
12-Nov 17:32:46:INFO:root:-- Outer 5: 0.0015782248853452611
12-Nov 17:32:58:INFO:root:------ Middle 3: 0.0002522182523769565
12-Nov 17:32:58:INFO:root:Starting from 5.562585138011395e-17
12-Nov 17:32:58:INFO:root:-- Outer 2: 0.011100816720453011
12-Nov 17:33:00:INFO:root:------ Middle 2: 0.00020743256788273288
12-Nov 17:33:01:INFO:root:Starting from 4.666959064138906e-17
12-Nov 17:33:01:INFO:root:-- Outer 4: 0.0025410376285929168
12-Nov 17:33:08:INFO:root:------ Middle 1: 0.0008254104860903854
12-Nov 17:33:12:INFO:root:------ Middle 1: 0.0002737874004963502
12-Nov 17:33:12:INFO:root:Starting from 5.5420770493953834e-17
12-Nov 17:33:12:INFO:root:-- Outer 6: 0.0009765930722504853
12-Nov 17:33:12:INFO:root:END Outer loop
12-Nov 17:33:16:INFO:root:Model trade shares: [0.963978, 0.938979, 0.992918]
12-Nov 17:33:16:INFO:root:Data trade shares: [0.963666, 0.934551, 0.994086]
12-Nov 17:33:16:INFO:root:US prices: [0.954337, 0.920721, 0.901126]
12-Nov 17:33:16:INFO:root:in the data: [2.67778, 2.5352, 2.5352]
12-Nov 17:33:16:INFO:root:Nominal world expenditure: 1.4972327530792959e7
12-Nov 17:33:16:INFO:root:--------------In the data: [4.12361e7]
12-Nov 17:33:17:INFO:root:--- Period 27 ---
12-Nov 17:33:18:INFO:root:BEGIN Outer loop
12-Nov 17:33:21:INFO:root:------ Middle 2: 0.0002809044013267817
12-Nov 17:33:21:INFO:root:Starting from 5.872969041611302e-17
12-Nov 17:33:21:INFO:root:-- Outer 3: 0.005453669484413018
12-Nov 17:33:31:INFO:root:------ Middle 1: 0.00044962657378275737
12-Nov 17:33:42:INFO:root:------ Middle 1: 0.00026541371945297526
12-Nov 17:33:42:INFO:root:Starting from 5.762452286639544e-17
12-Nov 17:33:42:INFO:root:-- Outer 5: 0.001392147762917429
12-Nov 17:33:54:INFO:root:------ Middle 2: 0.0007740329662308583
12-Nov 17:34:03:INFO:root:------ Middle 3: 0.0004287961387995314
12-Nov 17:34:13:INFO:root:------ Middle 2: 0.00021546862135909318
12-Nov 17:34:13:INFO:root:Starting from 8.107793728506091e-17
12-Nov 17:34:13:INFO:root:-- Outer 4: 0.0027745978651236916
12-Nov 17:34:15:INFO:root:------ Middle 2: 0.0007659350415043407
12-Nov 17:34:15:INFO:root:------ Middle 1: 0.00025679551140308924
12-Nov 17:34:15:INFO:root:Starting from 6.647689405285628e-17
12-Nov 17:34:15:INFO:root:-- Outer 6: 0.0007851298754385698
12-Nov 17:34:15:INFO:root:END Outer loop
12-Nov 17:34:18:INFO:root:Model trade shares: [0.959057, 0.933962, 0.993131]
12-Nov 17:34:18:INFO:root:Data trade shares: [0.960926, 0.936095, 0.990604]
12-Nov 17:34:18:INFO:root:US prices: [0.908061, 0.897952, 0.865487]
12-Nov 17:34:18:INFO:root:in the data: [2.54462, 2.53886, 2.53886]
12-Nov 17:34:18:INFO:root:Nominal world expenditure: 1.508299170238905e7
12-Nov 17:34:18:INFO:root:--------------In the data: [4.29516e7]
12-Nov 17:34:20:INFO:root:--- Period 28 ---
12-Nov 17:34:20:INFO:root:BEGIN Outer loop
12-Nov 17:34:23:INFO:root:------ Middle 3: 0.0004243034879435134
12-Nov 17:34:34:INFO:root:------ Middle 2: 0.0007685859926586338
12-Nov 17:34:35:INFO:root:------ Middle 4: 0.0003155340695976445
12-Nov 17:34:43:INFO:root:------ Middle 3: 0.0004258327811895328
12-Nov 17:34:43:INFO:root:------ Middle 5: 0.00019101701290670587
12-Nov 17:34:43:INFO:root:Starting from 5.796401674506158e-17
12-Nov 17:34:43:INFO:root:-- Outer 2: 0.011678129908549852
12-Nov 17:34:51:INFO:root:------ Middle 1: 0.0007582241855931321
12-Nov 17:34:56:INFO:root:------ Middle 1: 0.0002716531358170847
12-Nov 17:34:56:INFO:root:Starting from 5.1502236063910606e-17
12-Nov 17:34:56:INFO:root:-- Outer 5: 0.001520158981274226
12-Nov 17:34:57:INFO:root:------ Middle 4: 0.00031128000589043846
12-Nov 17:35:06:INFO:root:------ Middle 5: 0.0001885329728513895
12-Nov 17:35:06:INFO:root:Starting from 5.615814794076349e-17
12-Nov 17:35:06:INFO:root:-- Outer 2: 0.011511889874069982
12-Nov 17:35:15:INFO:root:------ Middle 1: 0.0007228615837944731
12-Nov 17:35:17:INFO:root:------ Middle 4: 0.00031232833327589203
12-Nov 17:35:25:INFO:root:------ Middle 5: 0.00018934464088120478
12-Nov 17:35:25:INFO:root:Starting from 5.94422035614302e-17
12-Nov 17:35:26:INFO:root:-- Outer 2: 0.011273791263767784
12-Nov 17:35:30:INFO:root:------ Middle 1: 0.0002579636443753603
12-Nov 17:35:30:INFO:root:Starting from 4.6184568405708434e-17
12-Nov 17:35:30:INFO:root:-- Outer 6: 0.0008489734149531155
12-Nov 17:35:30:INFO:root:END Outer loop
12-Nov 17:35:33:INFO:root:Model trade shares: [0.964838, 0.933813, 0.993453]
12-Nov 17:35:33:INFO:root:Data trade shares: [0.960491, 0.93458, 0.986591]
12-Nov 17:35:33:INFO:root:US prices: [0.858012, 0.87823, 0.833702]
12-Nov 17:35:33:INFO:root:in the data: [2.52256, 2.5595, 2.5595]
12-Nov 17:35:33:INFO:root:Nominal world expenditure: 1.5393416396089898e7
12-Nov 17:35:33:INFO:root:--------------In the data: [4.55098e7]
12-Nov 17:35:35:INFO:root:--- Period 29 ---
12-Nov 17:35:35:INFO:root:------ Middle 1: 0.0007598643601550244
12-Nov 17:35:35:INFO:root:BEGIN Outer loop
12-Nov 17:35:54:INFO:root:------ Middle 2: 0.0002925703759427964
12-Nov 17:35:54:INFO:root:Starting from 5.583292142642485e-17
12-Nov 17:35:54:INFO:root:-- Outer 3: 0.00545656350387584
12-Nov 17:36:03:INFO:root:------ Middle 1: 0.00045985249556096993
12-Nov 17:36:43:INFO:root:------ Middle 2: 0.00022888454595209825
12-Nov 17:36:43:INFO:root:Starting from 5.87609488837026e-17
12-Nov 17:36:43:INFO:root:-- Outer 4: 0.0029003461982547367
12-Nov 17:37:22:INFO:root:------ Middle 1: 0.00029546836510524623
12-Nov 17:37:22:INFO:root:Starting from 5.765190035248793e-17
12-Nov 17:37:22:INFO:root:-- Outer 5: 0.001686077509830399
12-Nov 17:37:53:INFO:root:------ Middle 1: 0.0002839126725146701
12-Nov 17:37:53:INFO:root:Starting from 5.290833318680914e-17
12-Nov 17:37:53:INFO:root:-- Outer 6: 0.0010067097355386107
12-Nov 17:38:02:INFO:root:------ Middle 1: 0.0002422334974985294
12-Nov 17:38:02:INFO:root:Starting from 5.973765613189249e-17
12-Nov 17:38:02:INFO:root:-- Outer 7: 0.00101850213688875
12-Nov 17:38:11:INFO:root:------ Middle 1: 0.00023269213761303758
12-Nov 17:38:11:INFO:root:Starting from 4.673024550774037e-17
12-Nov 17:38:11:INFO:root:-- Outer 8: 0.0007949476045060074
12-Nov 17:38:11:INFO:root:END Outer loop
12-Nov 17:38:12:INFO:root:------ Middle 2: 0.0003632320503109186
12-Nov 17:38:14:INFO:root:Model trade shares: [0.960982, 0.936386, 0.990814]
12-Nov 17:38:14:INFO:root:Data trade shares: [0.959588, 0.937566, 0.971212]
12-Nov 17:38:14:INFO:root:US prices: [0.912735, 0.869094, 0.921308]
12-Nov 17:38:14:INFO:root:in the data: [2.70826, 2.57595, 2.57595]
12-Nov 17:38:14:INFO:root:Nominal world expenditure: 1.5208068449270215e7
12-Nov 17:38:14:INFO:root:--------------In the data: [4.5848e7]
12-Nov 17:38:16:INFO:root:--- Period 30 ---
12-Nov 17:38:16:INFO:root:BEGIN Outer loop
12-Nov 17:38:20:INFO:root:------ Middle 3: 0.00020233711482976765
12-Nov 17:38:20:INFO:root:Starting from 4.259389927052029e-17
12-Nov 17:38:20:INFO:root:-- Outer 3: 0.005320908149415342
12-Nov 17:38:29:INFO:root:------ Middle 1: 0.00041796339862490954
12-Nov 17:38:42:INFO:root:------ Middle 2: 0.00036012287504702035
12-Nov 17:38:51:INFO:root:------ Middle 3: 0.00020049843397691494
12-Nov 17:38:51:INFO:root:Starting from 5.37108379294839e-17
12-Nov 17:38:51:INFO:root:-- Outer 3: 0.005333964542161162
12-Nov 17:39:00:INFO:root:------ Middle 3: 0.0001953200209913366
12-Nov 17:39:00:INFO:root:Starting from 5.4764883467048095e-17
12-Nov 17:39:00:INFO:root:-- Outer 3: 0.005260627055057784
12-Nov 17:39:01:INFO:root:------ Middle 1: 0.0004175033038629859
12-Nov 17:39:09:INFO:root:------ Middle 1: 0.0004331644493131668
12-Nov 17:40:22:INFO:root:------ Middle 2: 0.0002387024526876465
12-Nov 17:40:23:INFO:root:Starting from 5.1531069107685664e-17
12-Nov 17:40:23:INFO:root:-- Outer 4: 0.0025950446722715266
12-Nov 17:40:32:INFO:root:------ Middle 1: 0.00031514356046172547
12-Nov 17:40:55:INFO:root:------ Middle 2: 0.00023949513674032856
12-Nov 17:40:55:INFO:root:Starting from 6.19812847131601e-17
12-Nov 17:40:55:INFO:root:-- Outer 4: 0.002718615278598978
12-Nov 17:41:02:INFO:root:------ Middle 2: 0.00023600877281374316
12-Nov 17:41:02:INFO:root:Starting from 5.673083411501168e-17
12-Nov 17:41:02:INFO:root:-- Outer 4: 0.002688371115425799
12-Nov 17:41:04:INFO:root:------ Middle 2: 0.00017455656959117764
12-Nov 17:41:04:INFO:root:Starting from 5.705656537774497e-17
12-Nov 17:41:04:INFO:root:-- Outer 5: 0.0016194958895059612
12-Nov 17:41:04:INFO:root:------ Middle 1: 0.00032182652960161277
12-Nov 17:41:11:INFO:root:------ Middle 1: 0.00032731654501182725
12-Nov 17:41:12:INFO:root:------ Middle 1: 0.00023578663536052418
12-Nov 17:41:13:INFO:root:Starting from 5.1693804265011356e-17
12-Nov 17:41:13:INFO:root:-- Outer 6: 0.0017630006714797791
12-Nov 17:41:37:INFO:root:------ Middle 2: 0.00017731330576922503
12-Nov 17:41:37:INFO:root:Starting from 6.450639927174871e-17
12-Nov 17:41:37:INFO:root:-- Outer 5: 0.0017650512626277016
12-Nov 17:41:43:INFO:root:------ Middle 2: 0.00017678202580525933
12-Nov 17:41:43:INFO:root:Starting from 5.752679226294292e-17
12-Nov 17:41:43:INFO:root:-- Outer 5: 0.0017415406315755555
12-Nov 17:41:44:INFO:root:------ Middle 1: 0.0002640371200974216
12-Nov 17:41:44:INFO:root:Starting from 5.616605187434165e-17
12-Nov 17:41:44:INFO:root:-- Outer 7: 0.0006639204623061762
12-Nov 17:41:44:INFO:root:END Outer loop
12-Nov 17:41:46:INFO:root:------ Middle 1: 0.00024116208431627226
12-Nov 17:41:46:INFO:root:Starting from 5.0323204864836276e-17
12-Nov 17:41:46:INFO:root:-- Outer 6: 0.0019335438250835208
12-Nov 17:41:47:INFO:root:Model trade shares: [0.955262, 0.938507, 0.991847]
12-Nov 17:41:47:INFO:root:Data trade shares: [0.955615, 0.931697, 0.991754]
12-Nov 17:41:47:INFO:root:US prices: [0.841544, 0.851604, 0.876946]
12-Nov 17:41:47:INFO:root:in the data: [2.59006, 2.59665, 2.59665]
12-Nov 17:41:48:INFO:root:Nominal world expenditure: 1.5964523219635239e7
12-Nov 17:41:48:INFO:root:--------------In the data: [4.90999e7]
12-Nov 17:41:49:INFO:root:--- Period 31 ---
12-Nov 17:41:50:INFO:root:BEGIN Outer loop
12-Nov 17:41:52:INFO:root:------ Middle 1: 0.000244342137214357
12-Nov 17:41:52:INFO:root:Starting from 5.551953374930855e-17
12-Nov 17:41:52:INFO:root:-- Outer 6: 0.0019018291432253167
12-Nov 17:42:20:INFO:root:------ Middle 1: 0.0002701452786151772
12-Nov 17:42:21:INFO:root:Starting from 4.383296748443512e-17
12-Nov 17:42:21:INFO:root:-- Outer 7: 0.0007304825329026225
12-Nov 17:42:21:INFO:root:END Outer loop
12-Nov 17:42:24:INFO:root:Model trade shares: [0.94899, 0.934802, 0.99421]
12-Nov 17:42:24:INFO:root:Data trade shares: [0.950579, 0.929714, 0.991388]
12-Nov 17:42:24:INFO:root:US prices: [0.904006, 0.862933, 0.862603]
12-Nov 17:42:24:INFO:root:in the data: [2.71827, 2.64842, 2.64842]
12-Nov 17:42:24:INFO:root:Nominal world expenditure: 1.708369158565178e7
12-Nov 17:42:24:INFO:root:--------------In the data: [5.43532e7]
12-Nov 17:42:25:INFO:root:--- Period 32 ---
12-Nov 17:42:26:INFO:root:BEGIN Outer loop
12-Nov 17:42:26:INFO:root:------ Middle 1: 0.00027277589716875325
12-Nov 17:42:26:INFO:root:Starting from 4.750021149369281e-17
12-Nov 17:42:26:INFO:root:-- Outer 7: 0.0007138425671552129
12-Nov 17:42:26:INFO:root:END Outer loop
12-Nov 17:42:29:INFO:root:Model trade shares: [0.958374, 0.922446, 0.988839]
12-Nov 17:42:29:INFO:root:Data trade shares: [0.954902, 0.927282, 0.98849]
12-Nov 17:42:29:INFO:root:US prices: [0.85127, 0.878104, 0.906158]
12-Nov 17:42:29:INFO:root:in the data: [2.81662, 2.76323, 2.76323]
12-Nov 17:42:30:INFO:root:Nominal world expenditure: 1.6661085926645994e7
12-Nov 17:42:30:INFO:root:--------------In the data: [5.52518e7]
12-Nov 17:42:31:INFO:root:--- Period 33 ---
12-Nov 17:42:31:INFO:root:BEGIN Outer loop
12-Nov 17:43:09:INFO:root:------ Middle 1: 0.00430166330755958
12-Nov 17:43:18:INFO:root:------ Middle 2: 0.002369765655495343
12-Nov 17:44:11:INFO:root:------ Middle 1: 0.0041749602459978975
12-Nov 17:44:19:INFO:root:------ Middle 2: 0.002299948683281376
12-Nov 17:45:33:INFO:root:------ Middle 1: 0.004122368980801138
12-Nov 17:45:41:INFO:root:------ Middle 2: 0.0022708872627860708
12-Nov 17:46:12:INFO:root:------ Middle 3: 0.0018462424177721687
12-Nov 17:46:21:INFO:root:------ Middle 4: 0.0010188774647279062
12-Nov 17:47:02:INFO:root:------ Middle 1: 0.004078633601466741
12-Nov 17:47:10:INFO:root:------ Middle 2: 0.0022467118201490066
12-Nov 17:47:12:INFO:root:------ Middle 3: 0.001791045290037635
12-Nov 17:47:20:INFO:root:------ Middle 4: 0.0009885442970898853
12-Nov 17:47:55:INFO:root:------ Middle 5: 0.0008171793963777385
12-Nov 17:48:04:INFO:root:------ Middle 6: 0.000452874577181336
12-Nov 17:48:37:INFO:root:------ Middle 7: 0.0003614218178688023
12-Nov 17:48:41:INFO:root:------ Middle 3: 0.0017640820252501784
12-Nov 17:48:46:INFO:root:------ Middle 8: 0.00021623447383652957
12-Nov 17:48:46:INFO:root:Starting from 1.1732944196014887e-17
12-Nov 17:48:46:INFO:root:-- Outer 1: 0.02188994413296909
12-Nov 17:48:49:INFO:root:------ Middle 4: 0.0009737145214810218
12-Nov 17:48:59:INFO:root:------ Middle 5: 0.0007934456060388111
12-Nov 17:49:07:INFO:root:------ Middle 6: 0.0004399279854024753
12-Nov 17:49:41:INFO:root:------ Middle 7: 0.00035161186219985306
12-Nov 17:49:50:INFO:root:------ Middle 8: 0.00021017270936505235
12-Nov 17:49:50:INFO:root:Starting from 1.1754951722311726e-17
12-Nov 17:49:50:INFO:root:-- Outer 1: 0.021108283553832523
12-Nov 17:50:10:INFO:root:------ Middle 1: 0.004132070720904732
12-Nov 17:50:17:INFO:root:------ Middle 3: 0.0017484438072778565
12-Nov 17:50:18:INFO:root:------ Middle 2: 0.002276096746752995
12-Nov 17:50:22:INFO:root:------ Middle 5: 0.0007810458869343041
12-Nov 17:50:25:INFO:root:------ Middle 4: 0.0009649476519240719
12-Nov 17:50:31:INFO:root:------ Middle 6: 0.00043316926818061656
12-Nov 17:51:04:INFO:root:------ Middle 7: 0.00034618062625160935
12-Nov 17:51:12:INFO:root:------ Middle 8: 0.00020708276376117814
12-Nov 17:51:12:INFO:root:Starting from 1.1985487701978409e-17
12-Nov 17:51:12:INFO:root:-- Outer 1: 0.020522413264058802
12-Nov 17:52:05:INFO:root:------ Middle 5: 0.0007771877571389048
12-Nov 17:52:12:INFO:root:------ Middle 6: 0.0004311276891548201
12-Nov 17:52:26:INFO:root:------ Middle 1: 0.0007284417116809571
12-Nov 17:52:34:INFO:root:------ Middle 2: 0.00039982200361691334
12-Nov 17:52:45:INFO:root:------ Middle 7: 0.0003435329874370274
12-Nov 17:52:53:INFO:root:------ Middle 8: 0.00020594811359054302
12-Nov 17:52:53:INFO:root:Starting from 1.1960683730235e-17
12-Nov 17:52:53:INFO:root:-- Outer 1: 0.020158413381205532
12-Nov 17:53:13:INFO:root:------ Middle 3: 0.00026520398027585283
12-Nov 17:53:14:INFO:root:Starting from 4.7923136611113516e-17
12-Nov 17:53:14:INFO:root:-- Outer 2: 0.010314651885636596
12-Nov 17:53:14:INFO:root:------ Middle 3: 0.0017695861050350701
12-Nov 17:53:22:INFO:root:------ Middle 4: 0.000976618722615969
12-Nov 17:53:23:INFO:root:------ Middle 1: 0.0008488415727413081
12-Nov 17:53:28:INFO:root:------ Middle 1: 0.0007099901414052685
12-Nov 17:53:36:INFO:root:------ Middle 2: 0.00038956678272416206
12-Nov 17:53:48:INFO:root:------ Middle 1: 0.004266052154052539
12-Nov 17:53:56:INFO:root:------ Middle 2: 0.0023497676450737882
12-Nov 17:54:11:INFO:root:------ Middle 1: 0.004707209637443712
12-Nov 17:54:13:INFO:root:------ Middle 1: 0.0044787110630433846
12-Nov 17:54:14:INFO:root:------ Middle 3: 0.0002591266070972778
12-Nov 17:54:14:INFO:root:Starting from 5.640470370672114e-17
12-Nov 17:54:14:INFO:root:-- Outer 2: 0.009995913928466483
12-Nov 17:54:19:INFO:root:------ Middle 2: 0.002592591221329964
12-Nov 17:54:20:INFO:root:------ Middle 2: 0.002466800042380432
12-Nov 17:54:23:INFO:root:------ Middle 1: 0.0008257713745262236
12-Nov 17:54:47:INFO:root:------ Middle 1: 0.0007152785155779759
12-Nov 17:54:56:INFO:root:------ Middle 2: 0.000392380481163401
12-Nov 17:55:01:INFO:root:------ Middle 5: 0.0007854582223987147
12-Nov 17:55:09:INFO:root:------ Middle 6: 0.00043569311471987376
12-Nov 17:55:36:INFO:root:------ Middle 3: 0.0002592990138529507
12-Nov 17:55:36:INFO:root:Starting from 6.204116484350456e-17
12-Nov 17:55:36:INFO:root:-- Outer 2: 0.009761438275115943
12-Nov 17:55:38:INFO:root:------ Middle 7: 0.0003464136081340487
12-Nov 17:55:45:INFO:root:------ Middle 1: 0.0008329638557957058
12-Nov 17:55:46:INFO:root:------ Middle 8: 0.00020806905972237376
12-Nov 17:55:46:INFO:root:Starting from 1.2039462416588167e-17
12-Nov 17:55:46:INFO:root:-- Outer 1: 0.01985699319082814
12-Nov 17:55:52:INFO:root:------ Middle 2: 0.00028757923529571606
12-Nov 17:55:52:INFO:root:Starting from 5.60558139719188e-17
12-Nov 17:55:52:INFO:root:-- Outer 3: 0.005265060340375204
12-Nov 17:56:00:INFO:root:------ Middle 1: 0.000501328787824887
12-Nov 17:56:23:INFO:root:------ Middle 1: 0.000714321387459752
12-Nov 17:56:31:INFO:root:------ Middle 2: 0.0003918777462240671
12-Nov 17:56:39:INFO:root:------ Middle 3: 0.0018122150533493367
12-Nov 17:56:46:INFO:root:------ Middle 2: 0.00027874088394426526
12-Nov 17:56:46:INFO:root:Starting from 6.309586026296157e-17
12-Nov 17:56:46:INFO:root:-- Outer 3: 0.005130760675246309
12-Nov 17:56:47:INFO:root:------ Middle 4: 0.0010000768273662351
12-Nov 17:56:50:INFO:root:------ Middle 3: 0.001973403516308546
12-Nov 17:56:54:INFO:root:------ Middle 1: 0.0004863669766617553
12-Nov 17:56:55:INFO:root:------ Middle 3: 0.0018902322876085313
12-Nov 17:56:58:INFO:root:------ Middle 4: 0.0010888351925516587
12-Nov 17:57:03:INFO:root:------ Middle 4: 0.001043022014979144
12-Nov 17:57:11:INFO:root:------ Middle 3: 0.00025884547592242805
12-Nov 17:57:11:INFO:root:Starting from 5.890809404550233e-17
12-Nov 17:57:11:INFO:root:-- Outer 2: 0.009603866702129643
12-Nov 17:57:19:INFO:root:------ Middle 1: 0.0008360793641818566
12-Nov 17:57:37:INFO:root:------ Middle 2: 0.0002446735607563246
12-Nov 17:57:37:INFO:root:Starting from 5.4801898088008415e-17
12-Nov 17:57:37:INFO:root:-- Outer 4: 0.002778299238606022
12-Nov 17:57:46:INFO:root:------ Middle 1: 0.0003387296750422202
12-Nov 17:58:14:INFO:root:------ Middle 2: 0.0002814964092936532
12-Nov 17:58:15:INFO:root:Starting from 5.185705831872138e-17
12-Nov 17:58:15:INFO:root:-- Outer 3: 0.005024658777169314
12-Nov 17:58:17:INFO:root:------ Middle 2: 0.00017784829403291424
12-Nov 17:58:17:INFO:root:Starting from 5.821491458047788e-17
12-Nov 17:58:17:INFO:root:-- Outer 5: 0.001742584565847339
12-Nov 17:58:18:INFO:root:------ Middle 5: 0.0007963783172491875
12-Nov 17:58:23:INFO:root:------ Middle 1: 0.0004915841604584703
12-Nov 17:58:25:INFO:root:------ Middle 1: 0.00024358924475461358
12-Nov 17:58:25:INFO:root:Starting from 4.5183343246260707e-17
12-Nov 17:58:25:INFO:root:-- Outer 6: 0.0018878629407008795
12-Nov 17:58:25:INFO:root:------ Middle 6: 0.0004412696937005176
12-Nov 17:58:30:INFO:root:------ Middle 5: 0.0008553013254023514
12-Nov 17:58:32:INFO:root:------ Middle 2: 0.00023662795237244346
12-Nov 17:58:33:INFO:root:Starting from 6.178800065314315e-17
12-Nov 17:58:33:INFO:root:-- Outer 4: 0.002712775758068352
12-Nov 17:58:33:INFO:root:------ Middle 5: 0.0008248558575341752
12-Nov 17:58:38:INFO:root:------ Middle 6: 0.00047333408389012185
12-Nov 17:58:41:INFO:root:------ Middle 6: 0.0004567449829151648
12-Nov 17:58:41:INFO:root:------ Middle 1: 0.0003276548716330977
12-Nov 17:58:55:INFO:root:------ Middle 1: 0.0002680349595622063
12-Nov 17:58:55:INFO:root:------ Middle 7: 0.0003493831340092232
12-Nov 17:58:55:INFO:root:Starting from 5.7360769301178e-17
12-Nov 17:58:56:INFO:root:-- Outer 7: 0.0006916562197488171
12-Nov 17:58:56:INFO:root:END Outer loop
12-Nov 17:58:58:INFO:root:Model trade shares: [0.953036, 0.929187, 0.991457]
12-Nov 17:58:58:INFO:root:Data trade shares: [0.951101, 0.932187, 0.983861]
12-Nov 17:58:58:INFO:root:US prices: [0.869959, 0.838465, 0.901387]
12-Nov 17:58:58:INFO:root:in the data: [2.96009, 2.78199, 2.78199]
12-Nov 17:58:59:INFO:root:Nominal world expenditure: 1.6095350725938095e7
12-Nov 17:58:59:INFO:root:--------------In the data: [5.49713e7]
12-Nov 17:59:00:INFO:root:--- Period 34 ---
12-Nov 17:59:01:INFO:root:BEGIN Outer loop
12-Nov 17:59:03:INFO:root:------ Middle 8: 0.00021044681765669518
12-Nov 17:59:03:INFO:root:Starting from 1.1770017532668229e-17
12-Nov 17:59:04:INFO:root:-- Outer 1: 0.019489484712755644
12-Nov 17:59:08:INFO:root:------ Middle 7: 0.0003678434364815767
12-Nov 17:59:11:INFO:root:------ Middle 2: 0.00017140302328969617
12-Nov 17:59:11:INFO:root:Starting from 6.204177013144017e-17
12-Nov 17:59:11:INFO:root:-- Outer 5: 0.0017055603250406006
12-Nov 17:59:11:INFO:root:------ Middle 7: 0.00035816644248105
12-Nov 17:59:16:INFO:root:------ Middle 8: 0.00022229363263059977
12-Nov 17:59:16:INFO:root:Starting from 1.1484343862812617e-17
12-Nov 17:59:16:INFO:root:-- Outer 1: 0.020295757830880307
12-Nov 17:59:16:INFO:root:------ Middle 1: 0.0006960062308111281
12-Nov 17:59:19:INFO:root:------ Middle 8: 0.0002162012346276485
12-Nov 17:59:19:INFO:root:Starting from 1.134377489931732e-17
12-Nov 17:59:19:INFO:root:------ Middle 1: 0.00023569090130270027
12-Nov 17:59:19:INFO:root:-- Outer 1: 0.01976686103910879
12-Nov 17:59:20:INFO:root:Starting from 4.306911287732887e-17
12-Nov 17:59:20:INFO:root:-- Outer 6: 0.0018511768762111541
12-Nov 17:59:24:INFO:root:------ Middle 1: 0.002741832994456629
12-Nov 17:59:24:INFO:root:------ Middle 2: 0.0003816830554463177
12-Nov 17:59:28:INFO:root:------ Middle 1: 0.00263229120266349
12-Nov 17:59:51:INFO:root:------ Middle 1: 0.0002584316117724503
12-Nov 17:59:51:INFO:root:Starting from 4.3921471721892853e-17
12-Nov 17:59:51:INFO:root:-- Outer 7: 0.000670338800209543
12-Nov 17:59:51:INFO:root:END Outer loop
12-Nov 17:59:54:INFO:root:Model trade shares: [0.936597, 0.931738, 0.992474]
12-Nov 17:59:54:INFO:root:Data trade shares: [0.944757, 0.931965, 0.986375]
12-Nov 17:59:54:INFO:root:US prices: [0.890472, 0.82658, 0.836213]
12-Nov 17:59:54:INFO:root:in the data: [2.85731, 2.74066, 2.74066]
12-Nov 17:59:54:INFO:root:Nominal world expenditure: 1.5937102556401383e7
12-Nov 17:59:54:INFO:root:--------------In the data: [5.4623e7]
12-Nov 17:59:56:INFO:root:--- Period 35 ---
12-Nov 17:59:56:INFO:root:BEGIN Outer loop
12-Nov 17:59:58:INFO:root:------ Middle 2: 0.0002906707057904505
12-Nov 17:59:58:INFO:root:Starting from 5.944843951946634e-17
12-Nov 17:59:58:INFO:root:-- Outer 3: 0.004968384259210053
12-Nov 18:00:02:INFO:root:------ Middle 3: 0.00025175451792766194
12-Nov 18:00:02:INFO:root:Starting from 5.786593202935471e-17
12-Nov 18:00:02:INFO:root:-- Outer 2: 0.009444398141128196
12-Nov 18:00:06:INFO:root:------ Middle 1: 0.0005000320696463381
12-Nov 18:00:08:INFO:root:------ Middle 2: 0.00023903619797491652
12-Nov 18:00:08:INFO:root:Starting from 5.873120348298415e-17
12-Nov 18:00:08:INFO:root:-- Outer 4: 0.0026652292529370527
12-Nov 18:00:12:INFO:root:------ Middle 1: 0.0008332168149361267
12-Nov 18:00:17:INFO:root:------ Middle 1: 0.0003310503954477001
12-Nov 18:00:48:INFO:root:------ Middle 2: 0.00017288923196453356
12-Nov 18:00:48:INFO:root:Starting from 5.796653251102214e-17
12-Nov 18:00:48:INFO:root:-- Outer 5: 0.001701029544454477
12-Nov 18:00:56:INFO:root:------ Middle 1: 0.00023900988782384514
12-Nov 18:00:56:INFO:root:Starting from 6.633289479705377e-17
12-Nov 18:00:56:INFO:root:-- Outer 6: 0.0018537986523095302
12-Nov 18:01:28:INFO:root:------ Middle 1: 0.000261916748070992
12-Nov 18:01:29:INFO:root:Starting from 5.795521707814637e-17
12-Nov 18:01:29:INFO:root:-- Outer 7: 0.0006698929721276857
12-Nov 18:01:29:INFO:root:END Outer loop
12-Nov 18:01:32:INFO:root:Model trade shares: [0.939275, 0.928613, 0.990707]
12-Nov 18:01:32:INFO:root:Data trade shares: [0.943324, 0.928045, 0.988948]
12-Nov 18:01:32:INFO:root:US prices: [0.921386, 0.853477, 0.873341]
12-Nov 18:01:32:INFO:root:in the data: [2.94743, 2.7898, 2.7898]
12-Nov 18:01:32:INFO:root:Nominal world expenditure: 1.6579640501718115e7
12-Nov 18:01:32:INFO:root:--------------In the data: [5.65242e7]
12-Nov 18:01:33:INFO:root:--- Period 36 ---
12-Nov 18:01:34:INFO:root:BEGIN Outer loop
12-Nov 18:01:42:INFO:root:------ Middle 2: 0.0008059770042969372
12-Nov 18:01:50:INFO:root:------ Middle 3: 0.0004487944663648357
12-Nov 18:01:52:INFO:root:------ Middle 2: 0.0002462344896403033
12-Nov 18:01:52:INFO:root:Starting from 5.3237793926088576e-17
12-Nov 18:01:52:INFO:root:-- Outer 4: 0.0026863246304694613
12-Nov 18:02:00:INFO:root:------ Middle 2: 0.0007608729977439582
12-Nov 18:02:01:INFO:root:------ Middle 1: 0.00034081303195859276
12-Nov 18:02:15:INFO:root:------ Middle 3: 0.0004226172940120385
12-Nov 18:02:20:INFO:root:------ Middle 1: 0.0006604560408574709
12-Nov 18:02:27:INFO:root:------ Middle 2: 0.00036171077066557303
12-Nov 18:02:28:INFO:root:------ Middle 4: 0.0003300290195672586
12-Nov 18:02:36:INFO:root:------ Middle 5: 0.00020491205527460452
12-Nov 18:02:36:INFO:root:Starting from 6.564609504241706e-17
12-Nov 18:02:36:INFO:root:-- Outer 2: 0.010269192196792959
12-Nov 18:02:38:INFO:root:------ Middle 2: 0.00017808103502736612
12-Nov 18:02:38:INFO:root:Starting from 7.123824775208e-17
12-Nov 18:02:38:INFO:root:-- Outer 5: 0.0017400168197415245
12-Nov 18:02:44:INFO:root:------ Middle 4: 0.000309778681543765
12-Nov 18:02:46:INFO:root:------ Middle 1: 0.00024651960303152977
12-Nov 18:02:47:INFO:root:Starting from 4.8864504797604925e-17
12-Nov 18:02:47:INFO:root:-- Outer 6: 0.0019062793482914192
12-Nov 18:02:52:INFO:root:------ Middle 5: 0.00019184257486980273
12-Nov 18:02:52:INFO:root:Starting from 6.838014763458991e-17
12-Nov 18:02:53:INFO:root:-- Outer 2: 0.010031377968749451
12-Nov 18:03:00:INFO:root:------ Middle 2: 0.000287253256127697
12-Nov 18:03:00:INFO:root:Starting from 4.794574571506762e-17
12-Nov 18:03:00:INFO:root:-- Outer 3: 0.004856890713350487
12-Nov 18:03:01:INFO:root:------ Middle 1: 0.0007135543224631921
12-Nov 18:03:05:INFO:root:------ Middle 3: 0.00023929308762924773
12-Nov 18:03:05:INFO:root:Starting from 5.707380695378068e-17
12-Nov 18:03:05:INFO:root:-- Outer 2: 0.009296439561063451
12-Nov 18:03:09:INFO:root:------ Middle 1: 0.0004979983489565964
12-Nov 18:03:14:INFO:root:------ Middle 1: 0.0008032716913590431
12-Nov 18:03:18:INFO:root:------ Middle 1: 0.00027036218498769596
12-Nov 18:03:18:INFO:root:Starting from 6.374742117535923e-17
12-Nov 18:03:18:INFO:root:-- Outer 7: 0.0006892498788625772
12-Nov 18:03:18:INFO:root:END Outer loop
12-Nov 18:03:21:INFO:root:Model trade shares: [0.945432, 0.928565, 0.987514]
12-Nov 18:03:21:INFO:root:Data trade shares: [0.949239, 0.924453, 0.987338]
12-Nov 18:03:21:INFO:root:US prices: [0.890884, 0.842489, 0.848268]
12-Nov 18:03:21:INFO:root:in the data: [2.95883, 2.79593, 2.79593]
12-Nov 18:03:21:INFO:root:Nominal world expenditure: 1.684635658809192e7
12-Nov 18:03:21:INFO:root:--------------In the data: [5.8302e7]
12-Nov 18:04:54:INFO:root:------ Middle 2: 0.00024523414373778095
12-Nov 18:04:54:INFO:root:Starting from 5.952085978928864e-17
12-Nov 18:04:54:INFO:root:-- Outer 4: 0.002606515063424851
12-Nov 18:05:03:INFO:root:------ Middle 1: 0.00034068673713673293
12-Nov 18:05:16:INFO:root:------ Middle 1: 0.0004561425025683014
12-Nov 18:05:24:INFO:root:------ Middle 2: 0.0002522238963741253
12-Nov 18:05:24:INFO:root:Starting from 5.3512678849199855e-17
12-Nov 18:05:24:INFO:root:-- Outer 3: 0.004564643027766245
12-Nov 18:05:29:INFO:root:------ Middle 2: 0.0003286905803678384
12-Nov 18:05:32:INFO:root:------ Middle 2: 0.00017786776420284866
12-Nov 18:05:33:INFO:root:Starting from 5.3931563880894344e-17
12-Nov 18:05:33:INFO:root:-- Outer 5: 0.0016769140904800616
12-Nov 18:05:35:INFO:root:------ Middle 2: 0.000276561533278763
12-Nov 18:05:36:INFO:root:Starting from 6.045999737780149e-17
12-Nov 18:05:36:INFO:root:-- Outer 3: 0.004759431177408028
12-Nov 18:05:37:INFO:root:------ Middle 3: 0.00018432455413912617
12-Nov 18:05:37:INFO:root:Starting from 5.605314405785296e-17
12-Nov 18:05:37:INFO:root:-- Outer 3: 0.004718228340309953
12-Nov 18:05:41:INFO:root:------ Middle 1: 0.0002466823072873867
12-Nov 18:05:41:INFO:root:Starting from 5.715753689729134e-17
12-Nov 18:05:41:INFO:root:-- Outer 6: 0.0018406290769065602
12-Nov 18:05:44:INFO:root:------ Middle 1: 0.0004808487697389864
12-Nov 18:05:45:INFO:root:------ Middle 1: 0.0004086711285788778
12-Nov 18:06:19:INFO:root:------ Middle 1: 0.00026162668013050047
12-Nov 18:06:19:INFO:root:Starting from 6.087510947700448e-17
12-Nov 18:06:19:INFO:root:-- Outer 7: 0.0006477240364579955
12-Nov 18:06:19:INFO:root:END Outer loop
12-Nov 18:06:22:INFO:root:Model trade shares: [0.949032, 0.934305, 0.98902]
12-Nov 18:06:22:INFO:root:Data trade shares: [0.951781, 0.9268, 0.989231]
12-Nov 18:06:22:INFO:root:US prices: [0.854811, 0.846789, 0.829356]
12-Nov 18:06:22:INFO:root:in the data: [2.94894, 2.90959, 2.90959]
12-Nov 18:06:22:INFO:root:Nominal world expenditure: 1.6481614796640418e7
12-Nov 18:06:22:INFO:root:--------------In the data: [5.76528e7]
12-Nov 18:07:00:INFO:root:------ Middle 1: 0.0004189851861812998
12-Nov 18:07:08:INFO:root:------ Middle 2: 0.00023059830249355003
12-Nov 18:07:08:INFO:root:Starting from 5.1528476022023604e-17
12-Nov 18:07:08:INFO:root:-- Outer 4: 0.0024765107417133213
12-Nov 18:07:17:INFO:root:------ Middle 1: 0.0003569896039740865
12-Nov 18:07:21:INFO:root:------ Middle 2: 0.0002249854649241184
12-Nov 18:07:21:INFO:root:Starting from 5.323905823276895e-17
12-Nov 18:07:21:INFO:root:-- Outer 4: 0.002424023077850641
12-Nov 18:07:27:INFO:root:------ Middle 2: 0.00024213670208171015
12-Nov 18:07:27:INFO:root:Starting from 5.596024483093824e-17
12-Nov 18:07:27:INFO:root:-- Outer 4: 0.0025174844545292827
12-Nov 18:07:29:INFO:root:------ Middle 1: 0.0003110862151136246
12-Nov 18:07:36:INFO:root:------ Middle 1: 0.0003320256229073366
12-Nov 18:07:46:INFO:root:------ Middle 2: 0.00018514092896163896
12-Nov 18:07:46:INFO:root:Starting from 6.077609085523403e-17
12-Nov 18:07:46:INFO:root:-- Outer 5: 0.0016835304408646952
12-Nov 18:07:55:INFO:root:------ Middle 1: 0.0002593398157750583
12-Nov 18:07:55:INFO:root:Starting from 6.021507991055536e-17
12-Nov 18:07:55:INFO:root:-- Outer 6: 0.0018243139875416192
12-Nov 18:07:59:INFO:root:------ Middle 2: 0.0001660304594140105
12-Nov 18:07:59:INFO:root:Starting from 6.122565892946279e-17
12-Nov 18:07:59:INFO:root:-- Outer 5: 0.0015720401173849419
12-Nov 18:08:05:INFO:root:------ Middle 2: 0.00017418782031637108
12-Nov 18:08:05:INFO:root:Starting from 4.4023404481439155e-17
12-Nov 18:08:05:INFO:root:-- Outer 5: 0.001608647530060565
12-Nov 18:08:07:INFO:root:------ Middle 1: 0.00023214255168815419
12-Nov 18:08:07:INFO:root:Starting from 6.808387415129588e-17
12-Nov 18:08:07:INFO:root:-- Outer 6: 0.0017235543987711818
12-Nov 18:08:13:INFO:root:------ Middle 1: 0.00024069448925909356
12-Nov 18:08:13:INFO:root:Starting from 6.367160391367703e-17
12-Nov 18:08:13:INFO:root:-- Outer 6: 0.0017648299198697382
12-Nov 18:08:33:INFO:root:------ Middle 1: 0.0002695349529141776
12-Nov 18:08:33:INFO:root:Starting from 5.991866358620698e-17
12-Nov 18:08:33:INFO:root:-- Outer 7: 0.0006859343163357565
12-Nov 18:08:33:INFO:root:END Outer loop
12-Nov 18:08:36:INFO:root:Model trade shares: [0.954539, 0.912226, 0.973395]
12-Nov 18:08:36:INFO:root:Data trade shares: [0.95528, 0.914832, 0.982791]
12-Nov 18:08:36:INFO:root:US prices: [0.840644, 0.825483, 0.910284]
12-Nov 18:08:36:INFO:root:in the data: [3.32883, 3.15407, 3.15407]
12-Nov 18:08:36:INFO:root:Nominal world expenditure: 2.0001877410237227e7
12-Nov 18:08:36:INFO:root:--------------In the data: [7.56745e7]
12-Nov 18:08:44:INFO:root:------ Middle 1: 0.0002489972202216516
12-Nov 18:08:44:INFO:root:Starting from 5.729029767432344e-17
12-Nov 18:08:44:INFO:root:-- Outer 7: 0.0006409611539233271
12-Nov 18:08:44:INFO:root:END Outer loop
12-Nov 18:08:47:INFO:root:Model trade shares: [0.95287, 0.933551, 0.978444]
12-Nov 18:08:47:INFO:root:Data trade shares: [0.95138, 0.919234, 0.983181]
12-Nov 18:08:47:INFO:root:US prices: [0.837324, 0.814864, 0.886922]
12-Nov 18:08:47:INFO:root:in the data: [3.11354, 3.01039, 3.01039]
12-Nov 18:08:47:INFO:root:Nominal world expenditure: 1.8277176421444647e7
12-Nov 18:08:47:INFO:root:--------------In the data: [6.70931e7]
12-Nov 18:08:50:INFO:root:------ Middle 1: 0.0002561583326521933
12-Nov 18:08:51:INFO:root:Starting from 5.3279610343240605e-17
12-Nov 18:08:51:INFO:root:-- Outer 7: 0.000636962569321478
12-Nov 18:08:51:INFO:root:END Outer loop
12-Nov 18:08:53:INFO:root:Model trade shares: [0.94181, 0.930542, 0.981763]
12-Nov 18:08:53:INFO:root:Data trade shares: [0.946294, 0.923226, 0.982471]
12-Nov 18:08:53:INFO:root:US prices: [0.796001, 0.814885, 0.88048]
12-Nov 18:08:53:INFO:root:in the data: [2.69951, 2.89119, 2.89119]
12-Nov 18:08:54:INFO:root:Nominal world expenditure: 1.6420057123762505e7
12-Nov 18:08:54:INFO:root:--------------In the data: [5.96564e7]
12-Nov 18:09:48:INFO:root:------ Middle 1: 0.004765931112888342
12-Nov 18:09:55:INFO:root:------ Middle 2: 0.0026249180596686615
12-Nov 18:10:43:INFO:root:------ Middle 1: 0.004729883637847679
12-Nov 18:10:50:INFO:root:------ Middle 2: 0.002604980284243855
12-Nov 18:12:13:INFO:root:------ Middle 3: 0.001987097483471752
12-Nov 18:12:20:INFO:root:------ Middle 4: 0.0010963697431836802
12-Nov 18:12:22:INFO:root:------ Middle 1: 0.004608975530154196
12-Nov 18:12:29:INFO:root:------ Middle 2: 0.0025382744636661824
12-Nov 18:13:08:INFO:root:------ Middle 3: 0.001963195077442923
12-Nov 18:13:16:INFO:root:------ Middle 4: 0.0010829110884401408
12-Nov 18:13:48:INFO:root:------ Middle 5: 0.000858106201685341
12-Nov 18:13:55:INFO:root:------ Middle 6: 0.00047477294272804075
12-Nov 18:14:24:INFO:root:------ Middle 7: 0.00036755180122006667
12-Nov 18:14:32:INFO:root:------ Middle 8: 0.00022202084331371115
12-Nov 18:14:32:INFO:root:Starting from 1.14836183621588e-17
12-Nov 18:14:32:INFO:root:-- Outer 1: 0.02040844013212457
12-Nov 18:14:39:INFO:root:------ Middle 3: 0.0019045303624290989
12-Nov 18:14:40:INFO:root:------ Middle 1: 0.0027875365505026337
12-Nov 18:14:43:INFO:root:------ Middle 5: 0.0008442647655281736
12-Nov 18:14:47:INFO:root:------ Middle 4: 0.0010503669211349073
12-Nov 18:14:51:INFO:root:------ Middle 6: 0.0004668631395559901
12-Nov 18:15:20:INFO:root:------ Middle 7: 0.00036064549151768803
12-Nov 18:15:28:INFO:root:------ Middle 8: 0.00021809268007403728
12-Nov 18:15:28:INFO:root:Starting from 1.1516446294191915e-17
12-Nov 18:15:28:INFO:root:-- Outer 1: 0.01983507983859912
12-Nov 18:15:36:INFO:root:------ Middle 1: 0.00281640849567829
12-Nov 18:16:14:INFO:root:------ Middle 5: 0.0008180885286787805
12-Nov 18:16:21:INFO:root:------ Middle 6: 0.0004521986040220293
12-Nov 18:16:29:INFO:root:------ Middle 2: 0.0008349770466845004
12-Nov 18:16:37:INFO:root:------ Middle 3: 0.00046306629064942455
12-Nov 18:16:51:INFO:root:------ Middle 7: 0.00034945226645222805
12-Nov 18:16:58:INFO:root:------ Middle 8: 0.0002117157781448155
12-Nov 18:16:58:INFO:root:Starting from 1.1341541787084039e-17
12-Nov 18:16:58:INFO:root:-- Outer 1: 0.018872746488852753
12-Nov 18:17:06:INFO:root:------ Middle 1: 0.002678617823371617
12-Nov 18:17:13:INFO:root:------ Middle 4: 0.00036484783700638067
12-Nov 18:17:18:INFO:root:------ Middle 2: 0.0008267396719668234
12-Nov 18:17:21:INFO:root:------ Middle 5: 0.0002091014640029843
12-Nov 18:17:21:INFO:root:Starting from 7.033047071886315e-17
12-Nov 18:17:21:INFO:root:-- Outer 2: 0.010345828371363577
12-Nov 18:17:25:INFO:root:------ Middle 3: 0.0004627793946632574
12-Nov 18:18:02:INFO:root:------ Middle 4: 0.0003598887879307674
12-Nov 18:18:10:INFO:root:------ Middle 5: 0.00020752946994972716
12-Nov 18:18:10:INFO:root:Starting from 5.349283004546858e-17
12-Nov 18:18:10:INFO:root:-- Outer 2: 0.010094990320096031
12-Nov 18:18:41:INFO:root:------ Middle 2: 0.0007930406051887746
12-Nov 18:18:48:INFO:root:------ Middle 3: 0.0004466408229362175
12-Nov 18:19:25:INFO:root:------ Middle 4: 0.0003458812113474225
12-Nov 18:19:33:INFO:root:------ Middle 5: 0.00020101751210599872
12-Nov 18:19:33:INFO:root:Starting from 6.124062861812678e-17
12-Nov 18:19:33:INFO:root:-- Outer 2: 0.00969516725265067
12-Nov 18:19:47:INFO:root:------ Middle 1: 0.0004753733113223163
12-Nov 18:19:55:INFO:root:------ Middle 2: 0.000262972018307412
12-Nov 18:19:55:INFO:root:Starting from 4.8041177523649345e-17
12-Nov 18:19:55:INFO:root:-- Outer 3: 0.0046020174713269565
12-Nov 18:20:21:INFO:root:------ Middle 1: 0.0004789895435400036
12-Nov 18:20:28:INFO:root:------ Middle 2: 0.000264605822119834
12-Nov 18:20:28:INFO:root:Starting from 6.251833093906359e-17
12-Nov 18:20:28:INFO:root:-- Outer 3: 0.0045666716716339295
12-Nov 18:21:22:INFO:root:------ Middle 1: 0.0004726307991917139
12-Nov 18:21:22:INFO:root:------ Middle 1: 0.0004372313795904189
12-Nov 18:21:29:INFO:root:------ Middle 2: 0.0002609122830003935
12-Nov 18:21:30:INFO:root:Starting from 5.935615273243496e-17
12-Nov 18:21:30:INFO:root:-- Outer 3: 0.004545121121878988
12-Nov 18:21:30:INFO:root:------ Middle 2: 0.00024070466451951733
12-Nov 18:21:30:INFO:root:Starting from 6.98025700363989e-17
12-Nov 18:21:30:INFO:root:-- Outer 4: 0.0025201002582211918
12-Nov 18:21:38:INFO:root:------ Middle 1: 0.0003713303181254349
12-Nov 18:21:56:INFO:root:------ Middle 1: 0.0004415167162039966
12-Nov 18:22:03:INFO:root:------ Middle 2: 0.00024294164368859967
12-Nov 18:22:04:INFO:root:Starting from 4.514032790488097e-17
12-Nov 18:22:04:INFO:root:-- Outer 4: 0.002496698265394314
12-Nov 18:22:08:INFO:root:------ Middle 2: 0.00019205039979400894
12-Nov 18:22:08:INFO:root:Starting from 5.4979241288256737e-17
12-Nov 18:22:08:INFO:root:-- Outer 5: 0.0017060433148782033
12-Nov 18:22:12:INFO:root:------ Middle 1: 0.00037706783843238214
12-Nov 18:22:16:INFO:root:------ Middle 1: 0.00026856122446649005
12-Nov 18:22:17:INFO:root:Starting from 6.528068637695774e-17
12-Nov 18:22:17:INFO:root:-- Outer 6: 0.0018345242969326973
12-Nov 18:22:41:INFO:root:------ Middle 2: 0.00019152280868426385
12-Nov 18:22:41:INFO:root:Starting from 5.1748361988626886e-17
12-Nov 18:22:41:INFO:root:-- Outer 5: 0.0016809760372307797
12-Nov 18:22:50:INFO:root:------ Middle 1: 0.0002694913216736521
12-Nov 18:22:50:INFO:root:Starting from 5.237664918032498e-17
12-Nov 18:22:50:INFO:root:-- Outer 6: 0.0017956394062027391
12-Nov 18:22:54:INFO:root:------ Middle 1: 0.0002774536505272258
12-Nov 18:22:54:INFO:root:Starting from 5.039616216140309e-17
12-Nov 18:22:54:INFO:root:-- Outer 7: 0.0006901145585283722
12-Nov 18:22:54:INFO:root:END Outer loop
12-Nov 18:22:57:INFO:root:Model trade shares: [0.949348, 0.903649, 0.978519]
12-Nov 18:22:57:INFO:root:Data trade shares: [0.956446, 0.911974, 0.985299]
12-Nov 18:22:57:INFO:root:US prices: [0.967836, 0.834522, 0.917919]
12-Nov 18:22:57:INFO:root:in the data: [3.74316, 3.20378, 3.20378]
12-Nov 18:22:57:INFO:root:Nominal world expenditure: 2.1288309999486282e7
12-Nov 18:22:57:INFO:root:--------------In the data: [8.18345e7]
12-Nov 18:22:57:INFO:root:------ Middle 1: 0.0004371539038886209
12-Nov 18:23:04:INFO:root:------ Middle 2: 0.00024070987991053685
12-Nov 18:23:05:INFO:root:Starting from 5.585058151447965e-17
12-Nov 18:23:05:INFO:root:-- Outer 4: 0.002491504487393257
12-Nov 18:23:13:INFO:root:------ Middle 1: 0.00037145951667243686
12-Nov 18:23:27:INFO:root:------ Middle 1: 0.00027469952306538256
12-Nov 18:23:27:INFO:root:Starting from 7.096587393173351e-17
12-Nov 18:23:27:INFO:root:-- Outer 7: 0.0006738458418710663
12-Nov 18:23:27:INFO:root:END Outer loop
12-Nov 18:23:30:INFO:root:Model trade shares: [0.940731, 0.898452, 0.976119]
12-Nov 18:23:30:INFO:root:Data trade shares: [0.954831, 0.902146, 0.983572]
12-Nov 18:23:30:INFO:root:US prices: [1.10128, 0.886897, 1.0012]
12-Nov 18:23:30:INFO:root:in the data: [3.88449, 3.20236, 3.20236]
12-Nov 18:23:30:INFO:root:Nominal world expenditure: 2.38814176123288e7
12-Nov 18:23:30:INFO:root:--------------In the data: [8.8489e7]
12-Nov 18:23:42:INFO:root:------ Middle 2: 0.0001888983426777208
12-Nov 18:23:42:INFO:root:Starting from 5.793706495965265e-17
12-Nov 18:23:42:INFO:root:-- Outer 5: 0.0016742811227456903
12-Nov 18:23:50:INFO:root:------ Middle 1: 0.0002640690865992102
12-Nov 18:23:51:INFO:root:Starting from 5.373176999393616e-17
12-Nov 18:23:51:INFO:root:-- Outer 6: 0.0017751635329097974
12-Nov 18:24:27:INFO:root:------ Middle 1: 0.0002681223015136906
12-Nov 18:24:27:INFO:root:Starting from 5.895617619225252e-17
12-Nov 18:24:27:INFO:root:-- Outer 7: 0.0006608260734010975
12-Nov 18:24:28:INFO:root:END Outer loop
12-Nov 18:24:30:INFO:root:Model trade shares: [0.954258, 0.908935, 0.981508]
12-Nov 18:24:30:INFO:root:Data trade shares: [0.955026, 0.900005, 0.981768]
12-Nov 18:24:30:INFO:root:US prices: [1.23539, 1.00196, 1.07653]
12-Nov 18:24:30:INFO:root:in the data: [4.23838, 3.41193, 3.41193]
12-Nov 18:24:30:INFO:root:Nominal world expenditure: 2.9493625568263896e7
12-Nov 18:24:30:INFO:root:--------------In the data: [9.98292e7]
7080.328014 seconds (961.54 k allocations: 5.937 GiB, 0.03% gc time)
