WARNING: Method definition warn(Any...) in module Base at util.jl:589 overwritten in module Logging at /Applications/JuliaPro-0.6.4.1.app/Contents/Resources/pkgs-0.6.4.1/v0.6/Logging/src/Logging.jl:115.
WARNING: Method definition info(Any...) in module Base at util.jl:534 overwritten in module Logging at /Applications/JuliaPro-0.6.4.1.app/Contents/Resources/pkgs-0.6.4.1/v0.6/Logging/src/Logging.jl:115.
WARNING: Method definition warn(Any...) in module BaseWARNING: Method definition warn( at util.jl:589Any overwritten... in module Logging) at /Applications/JuliaPro-0.6.4.1.app/Contents/Resources/pkgs-0.6.4.1/v0.6/Logging/src/Logging.jl:115 in module Base.
 at util.jl:589 overwritten in module Logging at /Applications/JuliaPro-0.6.4.1.app/Contents/Resources/pkgs-0.6.4.1/v0.6/Logging/src/Logging.jl:115.
WARNING: Method definition info(AnyWARNING: Method definition info(Any......) in module Base) in module Base at util.jl:534 overwritten in module Logging at util.jl:534 overwritten in module Logging at /Applications/JuliaPro-0.6.4.1.app/Contents/Resources/pkgs-0.6.4.1/v0.6/Logging/src/Logging.jl:115.
 at /Applications/JuliaPro-0.6.4.1.app/Contents/Resources/pkgs-0.6.4.1/v0.6/Logging/src/Logging.jl:115.
15-Jan 16:55:26:INFO:root:--- Period 1 ---
15-Jan 16:55:27:INFO:root:--- Period 2 ---
15-Jan 16:55:30:INFO:root:BEGIN Outer loop
15-Jan 16:55:30:INFO:root:BEGIN Outer loop
15-Jan 16:55:33:INFO:root:------ Middle 1: 0.005561709466963143
15-Jan 16:55:33:INFO:root:------ Middle 2: 0.0030662959062397843
15-Jan 16:55:33:INFO:root:------ Middle 3: 0.0023468084256693003
15-Jan 16:55:33:INFO:root:------ Middle 4: 0.0012964147346809492
15-Jan 16:55:33:INFO:root:------ Middle 5: 0.0010055062160075662
15-Jan 16:55:33:INFO:root:------ Middle 6: 0.0005584459667371561
15-Jan 16:55:33:INFO:root:------ Middle 7: 0.00042812205259805565
15-Jan 16:55:33:INFO:root:------ Middle 8: 0.00025278298792531426
15-Jan 16:55:33:INFO:root:Starting from 1.0976522078208797e-17
15-Jan 16:55:34:INFO:root:-- Outer 1: 0.03904225774372375
15-Jan 16:55:34:INFO:root:------ Middle 1: 0.0028049550183702576
15-Jan 16:55:34:INFO:root:------ Middle 2: 0.0009039320649334693
15-Jan 16:55:34:INFO:root:------ Middle 3: 0.0005010681000015525
15-Jan 16:55:34:INFO:root:------ Middle 4: 0.00032361958263373605
15-Jan 16:55:34:INFO:root:------ Middle 5: 0.00021070146867105692
15-Jan 16:55:34:INFO:root:Starting from 1.7542312369870683e-17
15-Jan 16:55:34:INFO:root:-- Outer 2: 0.018022931353361814
15-Jan 16:55:34:INFO:root:------ Middle 1: 0.0005728613597017513
15-Jan 16:55:34:INFO:root:------ Middle 2: 0.00037311683056719173
15-Jan 16:55:34:INFO:root:------ Middle 3: 0.0002092774671825832
15-Jan 16:55:34:INFO:root:Starting from 1.1612300521465659e-17
15-Jan 16:55:34:INFO:root:-- Outer 3: 0.007425547397650075
15-Jan 16:55:34:INFO:root:------ Middle 1: 0.00017874889535750787
15-Jan 16:55:34:INFO:root:Starting from 1.7048877344056568e-17
15-Jan 16:55:34:INFO:root:-- Outer 4: 0.007476455007813441
15-Jan 16:55:34:INFO:root:------ Middle 1: 0.00023848981688814885
15-Jan 16:55:34:INFO:root:Starting from 1.1630154595009076e-17
15-Jan 16:55:34:INFO:root:-- Outer 5: 0.0017938019965531874
15-Jan 16:55:34:INFO:root:------ Middle 1: 0.00020340148930706635
15-Jan 16:55:34:INFO:root:Starting from 9.838243824047968e-18
15-Jan 16:55:34:INFO:root:-- Outer 6: 0.0018152669206284659
15-Jan 16:55:34:INFO:root:------ Middle 1: 0.00013408239202468132
15-Jan 16:55:34:INFO:root:Starting from 9.760536873997351e-18
15-Jan 16:55:34:INFO:root:-- Outer 7: 0.0003545073277423009
15-Jan 16:55:34:INFO:root:END Outer loop
15-Jan 16:55:34:INFO:root:Model trade shares: [0.970684, 0.941345, 0.995683]
15-Jan 16:55:34:INFO:root:Data trade shares: [0.970499, 0.941882, 0.994321]
15-Jan 16:55:34:INFO:root:US prices: [1.00864, 1.00752, 1.00585]
15-Jan 16:55:34:INFO:root:in the data: [1.0, 1.0, 1.0]
15-Jan 16:55:34:INFO:root:Nominal world expenditure: 8.288399902303129e6
15-Jan 16:55:34:INFO:root:--------------In the data: [8.33469e6]
15-Jan 16:55:35:INFO:root:--- Period 3 ---
15-Jan 16:55:35:INFO:root:BEGIN Outer loop
15-Jan 16:55:38:INFO:root:------ Middle 1: 0.0053627565001193225
15-Jan 16:55:38:INFO:root:------ Middle 2: 0.0029569268446209985
15-Jan 16:55:39:INFO:root:------ Middle 3: 0.002247612930314494
15-Jan 16:55:39:INFO:root:------ Middle 4: 0.0012430447860123641
15-Jan 16:55:40:INFO:root:------ Middle 1: 0.005269394828470277
15-Jan 16:55:40:INFO:root:------ Middle 2: 0.002904687606842613
15-Jan 16:55:41:INFO:root:------ Middle 5: 0.000972006991990862
15-Jan 16:55:41:INFO:root:------ Middle 6: 0.0005398133411958538
15-Jan 16:55:41:INFO:root:------ Middle 7: 0.00041245536275997434
15-Jan 16:55:41:INFO:root:------ Middle 8: 0.00024498252757798784
15-Jan 16:55:41:INFO:root:------ Middle 3: 0.0021766247352097865
15-Jan 16:55:41:INFO:root:Starting from 1.1818106556919947e-17
15-Jan 16:55:41:INFO:root:------ Middle 4: 0.0012060356662062896
15-Jan 16:55:42:INFO:root:-- Outer 1: 0.03571787040778877
15-Jan 16:55:42:INFO:root:------ Middle 1: 0.0025830477821375568
15-Jan 16:55:42:INFO:root:------ Middle 5: 0.0009403471298231944
15-Jan 16:55:43:INFO:root:------ Middle 6: 0.0005228198972542226
15-Jan 16:55:43:INFO:root:------ Middle 7: 0.0003986974719106343
15-Jan 16:55:43:INFO:root:------ Middle 8: 0.00023795877160886144
15-Jan 16:55:43:INFO:root:Starting from 1.1697219490578201e-17
15-Jan 16:55:43:INFO:root:-- Outer 1: 0.03299695425594449
15-Jan 16:55:43:INFO:root:------ Middle 1: 0.0024157445600752558
15-Jan 16:55:44:INFO:root:------ Middle 2: 0.0008070178296155069
15-Jan 16:55:44:INFO:root:------ Middle 3: 0.0004482320361008484
15-Jan 16:55:45:INFO:root:------ Middle 4: 0.00029060460546824355
15-Jan 16:55:45:INFO:root:Starting from 1.514261682757431e-17
15-Jan 16:55:45:INFO:root:-- Outer 2: 0.016637363924619165
15-Jan 16:55:45:INFO:root:------ Middle 1: 0.0005286244408564478
15-Jan 16:55:45:INFO:root:------ Middle 2: 0.0007323349331835035
15-Jan 16:55:46:INFO:root:------ Middle 3: 0.00040747162022940366
15-Jan 16:55:46:INFO:root:------ Middle 4: 0.00026521518630343
15-Jan 16:55:46:INFO:root:Starting from 1.5803440067070697e-17
15-Jan 16:55:46:INFO:root:-- Outer 2: 0.015497190275717002
15-Jan 16:55:46:INFO:root:------ Middle 1: 0.0005387485129271792
15-Jan 16:55:46:INFO:root:------ Middle 2: 0.00039345590116727456
15-Jan 16:55:46:INFO:root:------ Middle 3: 0.00022118117422859158
15-Jan 16:55:46:INFO:root:Starting from 1.4509998124035776e-17
15-Jan 16:55:46:INFO:root:-- Outer 3: 0.00689065151353245
15-Jan 16:55:47:INFO:root:------ Middle 1: 0.00018849520783334754
15-Jan 16:55:47:INFO:root:Starting from 1.3097876626183591e-17
15-Jan 16:55:47:INFO:root:-- Outer 4: 0.006903367520838452
15-Jan 16:55:48:INFO:root:------ Middle 2: 0.0003723792485708173
15-Jan 16:55:48:INFO:root:------ Middle 3: 0.00020984702448680946
15-Jan 16:55:48:INFO:root:Starting from 1.3500874697671374e-17
15-Jan 16:55:48:INFO:root:-- Outer 3: 0.006464631783761697
15-Jan 16:55:48:INFO:root:------ Middle 1: 0.0002161342680688184
15-Jan 16:55:48:INFO:root:Starting from 1.5368975628091028e-17
15-Jan 16:55:48:INFO:root:-- Outer 4: 0.006499891887682203
15-Jan 16:55:48:INFO:root:------ Middle 1: 0.00024347267361251373
15-Jan 16:55:48:INFO:root:Starting from 1.3379903404279849e-17
15-Jan 16:55:48:INFO:root:-- Outer 5: 0.0016669024305275974
15-Jan 16:55:48:INFO:root:------ Middle 1: 0.00020467493017508137
15-Jan 16:55:48:INFO:root:Starting from 1.2447928968276256e-17
15-Jan 16:55:48:INFO:root:-- Outer 6: 0.0016956635793230683
15-Jan 16:55:49:INFO:root:------ Middle 1: 0.00014256128329966062
15-Jan 16:55:49:INFO:root:Starting from 1.764206032955768e-17
15-Jan 16:55:49:INFO:root:-- Outer 7: 0.00037559217339450465
15-Jan 16:55:49:INFO:root:END Outer loop
15-Jan 16:55:49:INFO:root:Model trade shares: [0.973854, 0.934847, 0.993785]
15-Jan 16:55:49:INFO:root:Data trade shares: [0.970394, 0.938128, 0.99445]
15-Jan 16:55:49:INFO:root:US prices: [1.06317, 1.10389, 1.11941]
15-Jan 16:55:49:INFO:root:in the data: [1.21921, 1.17859, 1.17859]
15-Jan 16:55:49:INFO:root:------ Middle 1: 0.000262434621131021
15-Jan 16:55:49:INFO:root:Starting from 1.5646429736104353e-17
15-Jan 16:55:49:INFO:root:-- Outer 5: 0.0015674222393597514
15-Jan 16:55:49:INFO:root:Nominal world expenditure: 9.304451024342734e6
15-Jan 16:55:49:INFO:root:------ Middle 1: 0.00021875242249609118
15-Jan 16:55:49:INFO:root:Starting from 1.5838301729959553e-17
15-Jan 16:55:49:INFO:root:-- Outer 6: 0.0016062669855355092
15-Jan 16:55:49:INFO:root:--------------In the data: [1.02443e7]
15-Jan 16:55:50:INFO:root:--- Period 4 ---
15-Jan 16:55:50:INFO:root:BEGIN Outer loop
15-Jan 16:55:50:INFO:root:------ Middle 1: 0.0001622193117495605
15-Jan 16:55:50:INFO:root:Starting from 1.626367240207449e-17
15-Jan 16:55:50:INFO:root:-- Outer 7: 0.00040578285156531245
15-Jan 16:55:50:INFO:root:END Outer loop
15-Jan 16:55:50:INFO:root:Model trade shares: [0.968061, 0.91973, 0.99282]
15-Jan 16:55:50:INFO:root:Data trade shares: [0.973362, 0.938447, 0.994052]
15-Jan 16:55:50:INFO:root:US prices: [1.22788, 1.15672, 1.19252]
15-Jan 16:55:50:INFO:root:in the data: [1.46789, 1.34924, 1.34924]
15-Jan 16:55:50:INFO:root:Nominal world expenditure: 9.404300196939243e6
15-Jan 16:55:50:INFO:root:--------------In the data: [1.15794e7]
15-Jan 16:55:50:INFO:root:--- Period 5 ---
15-Jan 16:55:50:INFO:root:BEGIN Outer loop
15-Jan 16:55:55:INFO:root:------ Middle 1: 0.00515527127075473
15-Jan 16:55:55:INFO:root:------ Middle 2: 0.002842333131939643
15-Jan 16:55:55:INFO:root:------ Middle 1: 0.005058983924375053
15-Jan 16:55:55:INFO:root:------ Middle 2: 0.0027894150421606196
15-Jan 16:55:56:INFO:root:------ Middle 3: 0.0021246597620865745
15-Jan 16:55:57:INFO:root:------ Middle 4: 0.0011772460438107613
15-Jan 16:55:57:INFO:root:------ Middle 3: 0.0020835493881132183
15-Jan 16:55:57:INFO:root:------ Middle 4: 0.0011551808997354333
15-Jan 16:55:57:INFO:root:------ Middle 5: 0.0009169554469299005
15-Jan 16:55:58:INFO:root:------ Middle 6: 0.0005095447776390452
15-Jan 16:55:58:INFO:root:------ Middle 5: 0.0009072094018720239
15-Jan 16:55:58:INFO:root:------ Middle 6: 0.0005042449450841226
15-Jan 16:55:58:INFO:root:------ Middle 7: 0.00038826473677123596
15-Jan 16:55:58:INFO:root:------ Middle 8: 0.0002325158687965643
15-Jan 16:55:58:INFO:root:Starting from 1.1945329724880135e-17
15-Jan 16:55:58:INFO:root:-- Outer 1: 0.03085117867336
15-Jan 16:55:58:INFO:root:------ Middle 7: 0.0003851667605052409
15-Jan 16:55:58:INFO:root:------ Middle 1: 0.0022336881286227437
15-Jan 16:55:58:INFO:root:------ Middle 8: 0.00023126501263807554
15-Jan 16:55:58:INFO:root:Starting from 1.2613154554043056e-17
15-Jan 16:55:58:INFO:root:-- Outer 1: 0.02906534066291167
15-Jan 16:55:58:INFO:root:------ Middle 1: 0.002262999221028653
15-Jan 16:56:00:INFO:root:------ Middle 2: 0.0006619060116731698
15-Jan 16:56:00:INFO:root:------ Middle 3: 0.0003709596679238685
15-Jan 16:56:00:INFO:root:------ Middle 2: 0.0006737502888271482
15-Jan 16:56:00:INFO:root:------ Middle 3: 0.00037549746696024665
15-Jan 16:56:00:INFO:root:------ Middle 4: 0.0002446813134014655
15-Jan 16:56:00:INFO:root:Starting from 1.535878058220789e-17
15-Jan 16:56:00:INFO:root:-- Outer 2: 0.01382961181257967
15-Jan 16:56:01:INFO:root:------ Middle 4: 0.0002449421286263519
15-Jan 16:56:01:INFO:root:Starting from 2.3599803872657652e-17
15-Jan 16:56:01:INFO:root:-- Outer 2: 0.014589253376891487
15-Jan 16:56:01:INFO:root:------ Middle 1: 0.0005164154094096336
15-Jan 16:56:01:INFO:root:------ Middle 1: 0.0005189115981776697
15-Jan 16:56:02:INFO:root:------ Middle 2: 0.0003410891182634499
15-Jan 16:56:02:INFO:root:------ Middle 3: 0.0001949532440116094
15-Jan 16:56:02:INFO:root:Starting from 1.58778357796686e-17
15-Jan 16:56:02:INFO:root:-- Outer 3: 0.005821557948148428
15-Jan 16:56:02:INFO:root:------ Middle 2: 0.00035683867772310024
15-Jan 16:56:02:INFO:root:------ Middle 1: 0.00019616237852004124
15-Jan 16:56:02:INFO:root:------ Middle 3: 0.00020234550639710466
15-Jan 16:56:02:INFO:root:Starting from 1.3117185354489428e-17
15-Jan 16:56:02:INFO:root:Starting from 1.534109371388279e-17
15-Jan 16:56:02:INFO:root:-- Outer 4: 0.005825818768756323
15-Jan 16:56:02:INFO:root:-- Outer 3: 0.00614417976472072
15-Jan 16:56:02:INFO:root:------ Middle 1: 0.00022218937682339608
15-Jan 16:56:02:INFO:root:Starting from 1.603882104275747e-17
15-Jan 16:56:02:INFO:root:-- Outer 4: 0.006228436777317963
15-Jan 16:56:04:INFO:root:------ Middle 1: 0.0002319583094168172
15-Jan 16:56:04:INFO:root:Starting from 1.5570654319501422e-17
15-Jan 16:56:04:INFO:root:-- Outer 5: 0.0013985011935553784
15-Jan 16:56:04:INFO:root:------ Middle 1: 0.00019553140235976092
15-Jan 16:56:04:INFO:root:Starting from 1.6095602893434092e-17
15-Jan 16:56:04:INFO:root:-- Outer 6: 0.001445126813171663
15-Jan 16:56:04:INFO:root:------ Middle 1: 0.000293609915387383
15-Jan 16:56:04:INFO:root:Starting from 1.744098325223398e-17
15-Jan 16:56:04:INFO:root:-- Outer 5: 0.0015364735668313035
15-Jan 16:56:04:INFO:root:------ Middle 1: 0.00024048400406776382
15-Jan 16:56:04:INFO:root:Starting from 1.8938641440045267e-17
15-Jan 16:56:04:INFO:root:-- Outer 6: 0.0015687924190599472
15-Jan 16:56:04:INFO:root:------ Middle 1: 0.00014605443452575146
15-Jan 16:56:04:INFO:root:Starting from 1.6708124944595836e-17
15-Jan 16:56:04:INFO:root:-- Outer 7: 0.0004139616991517785
15-Jan 16:56:04:INFO:root:END Outer loop
15-Jan 16:56:04:INFO:root:Model trade shares: [0.959496, 0.924218, 0.990245]
15-Jan 16:56:04:INFO:root:Data trade shares: [0.967429, 0.940539, 0.992695]
15-Jan 16:56:04:INFO:root:US prices: [1.22422, 1.05193, 1.03736]
15-Jan 16:56:04:INFO:root:in the data: [1.63396, 1.43854, 1.43854]
15-Jan 16:56:04:INFO:root:Nominal world expenditure: 9.508751215633405e6
15-Jan 16:56:04:INFO:root:--------------In the data: [1.37348e7]
15-Jan 16:56:04:INFO:root:--- Period 6 ---
15-Jan 16:56:04:INFO:root:BEGIN Outer loop
15-Jan 16:56:04:INFO:root:------ Middle 1: 0.00017794545370396417
15-Jan 16:56:04:INFO:root:Starting from 1.801553983248194e-17
15-Jan 16:56:04:INFO:root:-- Outer 7: 0.0004069817084844331
15-Jan 16:56:04:INFO:root:END Outer loop
15-Jan 16:56:05:INFO:root:Model trade shares: [0.966033, 0.932162, 0.993004]
15-Jan 16:56:05:INFO:root:Data trade shares: [0.975035, 0.947136, 0.993826]
15-Jan 16:56:05:INFO:root:US prices: [1.18942, 1.11498, 1.1008]
15-Jan 16:56:05:INFO:root:in the data: [1.5623, 1.46271, 1.46271]
15-Jan 16:56:05:INFO:root:Nominal world expenditure: 9.35788290970611e6
15-Jan 16:56:05:INFO:root:--------------In the data: [1.27847e7]
15-Jan 16:56:05:INFO:root:--- Period 7 ---
15-Jan 16:56:05:INFO:root:BEGIN Outer loop
15-Jan 16:56:09:INFO:root:------ Middle 1: 0.005013240731019358
15-Jan 16:56:10:INFO:root:------ Middle 2: 0.0027639137256208796
15-Jan 16:56:10:INFO:root:------ Middle 1: 0.00493313717000421
15-Jan 16:56:10:INFO:root:------ Middle 2: 0.0027185738864788315
15-Jan 16:56:11:INFO:root:------ Middle 3: 0.002057323344119393
15-Jan 16:56:11:INFO:root:------ Middle 4: 0.0011405137798388607
15-Jan 16:56:12:INFO:root:------ Middle 3: 0.0020223917092030553
15-Jan 16:56:12:INFO:root:------ Middle 4: 0.0011208373389097477
15-Jan 16:56:12:INFO:root:------ Middle 5: 0.0008943490087756197
15-Jan 16:56:12:INFO:root:------ Middle 6: 0.0004972537754641457
15-Jan 16:56:12:INFO:root:------ Middle 7: 0.0003799391673062981
15-Jan 16:56:12:INFO:root:------ Middle 8: 0.00022838890439283105
15-Jan 16:56:12:INFO:root:Starting from 1.2038830198775267e-17
15-Jan 16:56:12:INFO:root:-- Outer 1: 0.027797318451688348
15-Jan 16:56:13:INFO:root:------ Middle 5: 0.0008797055041250244
15-Jan 16:56:13:INFO:root:------ Middle 1: 0.0023129727917143668
15-Jan 16:56:13:INFO:root:------ Middle 6: 0.000488880794428861
15-Jan 16:56:13:INFO:root:------ Middle 7: 0.00037350717026936824
15-Jan 16:56:13:INFO:root:------ Middle 8: 0.00022470475418319357
15-Jan 16:56:13:INFO:root:Starting from 1.2294145535926773e-17
15-Jan 16:56:13:INFO:root:-- Outer 1: 0.026579750276578194
15-Jan 16:56:13:INFO:root:------ Middle 1: 0.002348256840021346
15-Jan 16:56:14:INFO:root:------ Middle 2: 0.0006613001227651892
15-Jan 16:56:14:INFO:root:------ Middle 3: 0.0003701600143796028
15-Jan 16:56:15:INFO:root:------ Middle 4: 0.00024110035381915324
15-Jan 16:56:15:INFO:root:Starting from 1.4698264486914376e-17
15-Jan 16:56:15:INFO:root:-- Outer 2: 0.01329201136687487
15-Jan 16:56:15:INFO:root:------ Middle 1: 0.000576198556009097
15-Jan 16:56:15:INFO:root:------ Middle 2: 0.0006608451532618972
15-Jan 16:56:15:INFO:root:------ Middle 3: 0.00037048271468137115
15-Jan 16:56:15:INFO:root:------ Middle 4: 0.00024484578088196574
15-Jan 16:56:15:INFO:root:Starting from 1.500935428961661e-17
15-Jan 16:56:15:INFO:root:-- Outer 2: 0.012786413126584475
15-Jan 16:56:15:INFO:root:------ Middle 1: 0.0006214398373211894
15-Jan 16:56:16:INFO:root:------ Middle 2: 0.0003474115340919155
15-Jan 16:56:16:INFO:root:------ Middle 3: 0.0001981267278520477
15-Jan 16:56:16:INFO:root:Starting from 1.4743197891790034e-17
15-Jan 16:56:16:INFO:root:-- Outer 3: 0.0056077369858825886
15-Jan 16:56:16:INFO:root:------ Middle 1: 0.0002620527528675854
15-Jan 16:56:16:INFO:root:Starting from 1.429335627853546e-17
15-Jan 16:56:16:INFO:root:-- Outer 4: 0.005749906116005304
15-Jan 16:56:17:INFO:root:------ Middle 2: 0.00035479425951144355
15-Jan 16:56:17:INFO:root:------ Middle 3: 0.00020187808765366257
15-Jan 16:56:17:INFO:root:Starting from 1.422792955209988e-17
15-Jan 16:56:17:INFO:root:-- Outer 3: 0.0054462803018099915
15-Jan 16:56:17:INFO:root:------ Middle 1: 0.0002918951064037195
15-Jan 16:56:17:INFO:root:Starting from 1.384451640737734e-17
15-Jan 16:56:17:INFO:root:-- Outer 4: 0.005618952193554322
15-Jan 16:56:18:INFO:root:------ Middle 1: 0.00031363030982196747
15-Jan 16:56:18:INFO:root:------ Middle 2: 0.0001766722817742077
15-Jan 16:56:18:INFO:root:Starting from 1.7492301504115758e-17
15-Jan 16:56:18:INFO:root:-- Outer 5: 0.0015293908041034967
15-Jan 16:56:18:INFO:root:------ Middle 1: 0.00017919549189467543
15-Jan 16:56:18:INFO:root:Starting from 1.7897095485790817e-17
15-Jan 16:56:18:INFO:root:-- Outer 6: 0.0016195116051460332
15-Jan 16:56:18:INFO:root:------ Middle 1: 0.0003290763862531464
15-Jan 16:56:18:INFO:root:------ Middle 2: 0.00018379474608356638
15-Jan 16:56:18:INFO:root:Starting from 1.569086389515112e-17
15-Jan 16:56:18:INFO:root:-- Outer 5: 0.0014976594298320967
15-Jan 16:56:19:INFO:root:------ Middle 1: 0.00018392120223131563
15-Jan 16:56:19:INFO:root:------ Middle 1: 0.00015148683709773387
15-Jan 16:56:19:INFO:root:Starting from 1.518574123862574e-17
15-Jan 16:56:19:INFO:root:Starting from 1.4183399219303926e-17
15-Jan 16:56:19:INFO:root:-- Outer 6: 0.001580361130892695
15-Jan 16:56:19:INFO:root:-- Outer 7: 0.0004294929247199965
15-Jan 16:56:19:INFO:root:END Outer loop
15-Jan 16:56:19:INFO:root:Model trade shares: [0.949258, 0.916776, 0.986963]
15-Jan 16:56:19:INFO:root:Data trade shares: [0.959721, 0.934044, 0.992669]
15-Jan 16:56:19:INFO:root:US prices: [1.2202, 1.05098, 1.04851]
15-Jan 16:56:19:INFO:root:in the data: [1.70549, 1.50868, 1.50868]
15-Jan 16:56:19:INFO:root:Nominal world expenditure: 1.0202018159253342e7
15-Jan 16:56:19:INFO:root:--------------In the data: [1.54393e7]
15-Jan 16:56:19:INFO:root:--- Period 8 ---
15-Jan 16:56:19:INFO:root:BEGIN Outer loop
15-Jan 16:56:19:INFO:root:------ Middle 1: 0.000156213817412589
15-Jan 16:56:19:INFO:root:Starting from 1.576663832989171e-17
15-Jan 16:56:19:INFO:root:-- Outer 7: 0.00044078851455761435
15-Jan 16:56:19:INFO:root:END Outer loop
15-Jan 16:56:19:INFO:root:Model trade shares: [0.961639, 0.918514, 0.991738]
15-Jan 16:56:19:INFO:root:Data trade shares: [0.961487, 0.929057, 0.992737]
15-Jan 16:56:19:INFO:root:US prices: [1.28545, 1.06649, 1.09123]
15-Jan 16:56:19:INFO:root:in the data: [1.96012, 1.64035, 1.64035]
15-Jan 16:56:19:INFO:root:Nominal world expenditure: 1.159523134434344e7
15-Jan 16:56:19:INFO:root:--------------In the data: [1.80704e7]
15-Jan 16:56:19:INFO:root:--- Period 9 ---
15-Jan 16:56:19:INFO:root:BEGIN Outer loop
15-Jan 16:56:24:INFO:root:------ Middle 1: 0.004809115076611188
15-Jan 16:56:24:INFO:root:------ Middle 2: 0.0026502463078028836
15-Jan 16:56:24:INFO:root:------ Middle 1: 0.004552108000482582
15-Jan 16:56:24:INFO:root:------ Middle 2: 0.0025098649063896006
15-Jan 16:56:26:INFO:root:------ Middle 3: 0.0019747533203843875
15-Jan 16:56:26:INFO:root:------ Middle 3: 0.0018741187443631323
15-Jan 16:56:26:INFO:root:------ Middle 4: 0.001094477475510277
15-Jan 16:56:26:INFO:root:------ Middle 4: 0.001039804901988583
15-Jan 16:56:27:INFO:root:------ Middle 5: 0.0008600364051578175
15-Jan 16:56:27:INFO:root:------ Middle 5: 0.0008277164181026658
15-Jan 16:56:27:INFO:root:------ Middle 6: 0.0004779631811925614
15-Jan 16:56:27:INFO:root:------ Middle 6: 0.00046078279854480143
15-Jan 16:56:27:INFO:root:------ Middle 7: 0.0003210937255956223
15-Jan 16:56:27:INFO:root:------ Middle 7: 0.0003651424500333362
15-Jan 16:56:27:INFO:root:------ Middle 8: 0.00020901089990007002
15-Jan 16:56:27:INFO:root:Starting from 1.2292954354617174e-17
15-Jan 16:56:27:INFO:root:-- Outer 1: 0.024069152698135362
15-Jan 16:56:27:INFO:root:------ Middle 8: 0.00022009653553832747
15-Jan 16:56:27:INFO:root:Starting from 1.2563032717040545e-17
15-Jan 16:56:27:INFO:root:-- Outer 1: 0.02537733468529241
15-Jan 16:56:27:INFO:root:------ Middle 1: 0.001991187292870654
15-Jan 16:56:27:INFO:root:------ Middle 1: 0.0021500498049920524
15-Jan 16:56:29:INFO:root:------ Middle 2: 0.0005743876862004517
15-Jan 16:56:29:INFO:root:------ Middle 3: 0.0003233674627571255
15-Jan 16:56:29:INFO:root:------ Middle 2: 0.0006481107249578778
15-Jan 16:56:29:INFO:root:------ Middle 3: 0.00036307344415012434
15-Jan 16:56:29:INFO:root:------ Middle 4: 0.0002178813480920347
15-Jan 16:56:29:INFO:root:Starting from 1.5741482164364062e-17
15-Jan 16:56:29:INFO:root:-- Outer 2: 0.011693036753440168
15-Jan 16:56:29:INFO:root:------ Middle 1: 0.00047692330091652247
15-Jan 16:56:29:INFO:root:------ Middle 4: 0.00023826646158700614
15-Jan 16:56:29:INFO:root:Starting from 1.6722876349505232e-17
15-Jan 16:56:29:INFO:root:-- Outer 2: 0.012194458411887016
15-Jan 16:56:29:INFO:root:------ Middle 1: 0.0004934453701618582
15-Jan 16:56:31:INFO:root:------ Middle 2: 0.0003226118108050047
15-Jan 16:56:31:INFO:root:------ Middle 3: 0.00018568756491140737
15-Jan 16:56:31:INFO:root:Starting from 1.3302257273760016e-17
15-Jan 16:56:31:INFO:root:-- Outer 3: 0.004968925916798373
15-Jan 16:56:31:INFO:root:------ Middle 2: 0.00033116997273395174
15-Jan 16:56:31:INFO:root:------ Middle 1: 0.00020641686557673988
15-Jan 16:56:31:INFO:root:Starting from 1.721828036820059e-17
15-Jan 16:56:31:INFO:root:-- Outer 4: 0.004992261669887188
15-Jan 16:56:31:INFO:root:------ Middle 3: 0.00018882872883185643
15-Jan 16:56:31:INFO:root:Starting from 1.3857209185317382e-17
15-Jan 16:56:31:INFO:root:-- Outer 3: 0.005127530750956201
15-Jan 16:56:31:INFO:root:------ Middle 1: 0.00020394668347529946
15-Jan 16:56:31:INFO:root:Starting from 1.5671462507191912e-17
15-Jan 16:56:31:INFO:root:-- Outer 4: 0.0051189668071065925
15-Jan 16:56:32:INFO:root:------ Middle 1: 0.00027403204688009107
15-Jan 16:56:32:INFO:root:Starting from 1.4571583630989976e-17
15-Jan 16:56:32:INFO:root:-- Outer 5: 0.0012925619020288722
15-Jan 16:56:32:INFO:root:------ Middle 1: 0.00022936480146501775
15-Jan 16:56:32:INFO:root:Starting from 1.6739744673989464e-17
15-Jan 16:56:32:INFO:root:-- Outer 6: 0.0013290032456337486
15-Jan 16:56:32:INFO:root:------ Middle 1: 0.0002445314941141013
15-Jan 16:56:32:INFO:root:Starting from 1.2529555497393099e-17
15-Jan 16:56:32:INFO:root:-- Outer 5: 0.0012630746655172397
15-Jan 16:56:33:INFO:root:------ Middle 1: 0.000204898933854695
15-Jan 16:56:33:INFO:root:Starting from 1.6336730997699443e-17
15-Jan 16:56:33:INFO:root:-- Outer 6: 0.001304802565413518
15-Jan 16:56:33:INFO:root:------ Middle 1: 0.0001828548198625082
15-Jan 16:56:33:INFO:root:Starting from 1.6431235474837608e-17
15-Jan 16:56:33:INFO:root:-- Outer 7: 0.0004361463512628282
15-Jan 16:56:33:INFO:root:END Outer loop
15-Jan 16:56:33:INFO:root:Model trade shares: [0.96782, 0.910781, 0.982095]
15-Jan 16:56:33:INFO:root:Data trade shares: [0.971471, 0.927429, 0.989384]
15-Jan 16:56:33:INFO:root:US prices: [1.55106, 1.06998, 1.07359]
15-Jan 16:56:33:INFO:root:in the data: [2.72526, 1.92631, 1.92631]
15-Jan 16:56:33:INFO:root:Nominal world expenditure: 1.227984981032671e7
15-Jan 16:56:33:INFO:root:--------------In the data: [2.2953e7]
15-Jan 16:56:33:INFO:root:--- Period 10 ---
15-Jan 16:56:33:INFO:root:BEGIN Outer loop
15-Jan 16:56:33:INFO:root:------ Middle 1: 0.00015641412302769777
15-Jan 16:56:33:INFO:root:Starting from 1.398275877659118e-17
15-Jan 16:56:33:INFO:root:-- Outer 7: 0.00039457961366940066
15-Jan 16:56:33:INFO:root:END Outer loop
15-Jan 16:56:33:INFO:root:Model trade shares: [0.966964, 0.910192, 0.992939]
15-Jan 16:56:33:INFO:root:Data trade shares: [0.966266, 0.92464, 0.992831]
15-Jan 16:56:33:INFO:root:US prices: [1.30924, 1.06158, 1.08012]
15-Jan 16:56:33:INFO:root:in the data: [2.27198, 1.79075, 1.79075]
15-Jan 16:56:33:INFO:root:Nominal world expenditure: 1.197957735012162e7
15-Jan 16:56:33:INFO:root:--------------In the data: [2.07618e7]
15-Jan 16:56:33:INFO:root:--- Period 11 ---
15-Jan 16:56:33:INFO:root:BEGIN Outer loop
15-Jan 16:56:38:INFO:root:------ Middle 1: 0.004239644931136138
15-Jan 16:56:38:INFO:root:------ Middle 2: 0.0023385295541493794
15-Jan 16:56:39:INFO:root:------ Middle 1: 0.004054016688040542
15-Jan 16:56:39:INFO:root:------ Middle 2: 0.0022351330236297633
15-Jan 16:56:39:INFO:root:------ Middle 3: 0.001770771478007692
15-Jan 16:56:39:INFO:root:------ Middle 4: 0.0009828181101009673
15-Jan 16:56:40:INFO:root:------ Middle 3: 0.0016960666148642589
15-Jan 16:56:40:INFO:root:------ Middle 4: 0.000940452060233714
15-Jan 16:56:40:INFO:root:------ Middle 5: 0.0007833712985449544
15-Jan 16:56:40:INFO:root:------ Middle 6: 0.000436273801253212
15-Jan 16:56:41:INFO:root:------ Middle 7: 0.0003063324071178272
15-Jan 16:56:41:INFO:root:------ Middle 8: 0.00019888602923663179
15-Jan 16:56:41:INFO:root:Starting from 1.266442695304078e-17
15-Jan 16:56:41:INFO:root:-- Outer 1: 0.023161736982442255
15-Jan 16:56:41:INFO:root:------ Middle 1: 0.0018441551584443777
15-Jan 16:56:41:INFO:root:------ Middle 5: 0.0007458149396261387
15-Jan 16:56:41:INFO:root:------ Middle 6: 0.00041545535644423254
15-Jan 16:56:41:INFO:root:------ Middle 7: 0.00029415302458262203
15-Jan 16:56:41:INFO:root:Starting from 1.2668666527691498e-17
15-Jan 16:56:41:INFO:root:-- Outer 1: 0.023059222723941168
15-Jan 16:56:42:INFO:root:------ Middle 1: 0.0019857951781342563
15-Jan 16:56:42:INFO:root:------ Middle 2: 0.0005261042054738363
15-Jan 16:56:42:INFO:root:------ Middle 3: 0.00029678829904859224
15-Jan 16:56:42:INFO:root:Starting from 1.4724309256183964e-17
15-Jan 16:56:42:INFO:root:-- Outer 2: 0.011750995067041147
15-Jan 16:56:43:INFO:root:------ Middle 2: 0.0005311421057248676
15-Jan 16:56:43:INFO:root:------ Middle 3: 0.00029784561962808114
15-Jan 16:56:43:INFO:root:Starting from 2.041669173335151e-17
15-Jan 16:56:43:INFO:root:-- Outer 2: 0.011783248899106783
15-Jan 16:56:44:INFO:root:------ Middle 1: 0.0003422056803139294
15-Jan 16:56:44:INFO:root:------ Middle 2: 0.00019356400574049482
15-Jan 16:56:44:INFO:root:Starting from 1.652357394157135e-17
15-Jan 16:56:44:INFO:root:-- Outer 3: 0.004296081500217591
15-Jan 16:56:45:INFO:root:------ Middle 1: 0.00020835657278103442
15-Jan 16:56:45:INFO:root:Starting from 1.580485768888026e-17
15-Jan 16:56:45:INFO:root:-- Outer 4: 0.0017110914704053007
15-Jan 16:56:45:INFO:root:------ Middle 1: 0.00042431792375275556
15-Jan 16:56:45:INFO:root:------ Middle 1: 0.00018958466237254981
15-Jan 16:56:45:INFO:root:Starting from 1.6612233530160112e-17
15-Jan 16:56:45:INFO:root:-- Outer 5: 0.0008642952828982638
15-Jan 16:56:45:INFO:root:END Outer loop
15-Jan 16:56:45:INFO:root:Model trade shares: [0.972198, 0.907748, 0.961477]
15-Jan 16:56:45:INFO:root:Data trade shares: [0.976496, 0.933524, 0.973934]
15-Jan 16:56:45:INFO:root:US prices: [1.42306, 1.00187, 1.04806]
15-Jan 16:56:45:INFO:root:in the data: [2.96155, 2.01858, 2.01858]
15-Jan 16:56:45:INFO:root:Nominal world expenditure: 1.1127370145748917e7
15-Jan 16:56:45:INFO:root:--------------In the data: [2.33649e7]
15-Jan 16:56:45:INFO:root:------ Middle 2: 0.00023637566401193234
15-Jan 16:56:45:INFO:root:Starting from 1.7725383276473854e-17
15-Jan 16:56:45:INFO:root:-- Outer 3: 0.0045223378919485024
15-Jan 16:56:45:INFO:root:--- Period 12 ---
15-Jan 16:56:45:INFO:root:BEGIN Outer loop
15-Jan 16:56:46:INFO:root:------ Middle 1: 0.0003241543293021546
15-Jan 16:56:46:INFO:root:------ Middle 2: 0.00019570507641193552
15-Jan 16:56:46:INFO:root:Starting from 1.5132102765947413e-17
15-Jan 16:56:46:INFO:root:-- Outer 4: 0.0018943394137526247
15-Jan 16:56:46:INFO:root:------ Middle 1: 0.0002531703947037374
15-Jan 16:56:46:INFO:root:Starting from 1.3115375109766872e-17
15-Jan 16:56:47:INFO:root:-- Outer 5: 0.002032307226559526
15-Jan 16:56:47:INFO:root:------ Middle 1: 0.00027349280290634055
15-Jan 16:56:47:INFO:root:Starting from 1.4511319749632066e-17
15-Jan 16:56:47:INFO:root:-- Outer 6: 0.0006550285740229799
15-Jan 16:56:47:INFO:root:END Outer loop
15-Jan 16:56:47:INFO:root:Model trade shares: [0.973829, 0.91832, 0.963444]
15-Jan 16:56:47:INFO:root:Data trade shares: [0.97676, 0.939693, 0.972749]
15-Jan 16:56:47:INFO:root:US prices: [1.46266, 0.970383, 0.946178]
15-Jan 16:56:47:INFO:root:in the data: [3.07991, 2.04761, 2.04761]
15-Jan 16:56:47:INFO:root:Nominal world expenditure: 1.0906907088306379e7
15-Jan 16:56:47:INFO:root:--------------In the data: [2.31824e7]
15-Jan 16:56:47:INFO:root:--- Period 13 ---
15-Jan 16:56:47:INFO:root:BEGIN Outer loop
15-Jan 16:56:50:INFO:root:------ Middle 1: 0.003893428352736248
15-Jan 16:56:50:INFO:root:------ Middle 2: 0.002148224059431556
15-Jan 16:56:52:INFO:root:------ Middle 3: 0.0016611446682859535
15-Jan 16:56:52:INFO:root:------ Middle 4: 0.0009208586302967787
15-Jan 16:56:52:INFO:root:------ Middle 1: 0.003851617300345286
15-Jan 16:56:52:INFO:root:------ Middle 2: 0.002124621305153517
15-Jan 16:56:53:INFO:root:------ Middle 5: 0.0007358396106303058
15-Jan 16:56:53:INFO:root:------ Middle 6: 0.00041049213537233827
15-Jan 16:56:53:INFO:root:------ Middle 7: 0.0002940707642722437
15-Jan 16:56:53:INFO:root:Starting from 1.2624606530834872e-17
15-Jan 16:56:53:INFO:root:-- Outer 1: 0.023300698881193103
15-Jan 16:56:53:INFO:root:------ Middle 1: 0.0018744477015738708
15-Jan 16:56:54:INFO:root:------ Middle 3: 0.001649972327841714
15-Jan 16:56:54:INFO:root:------ Middle 4: 0.0009149023104009891
15-Jan 16:56:55:INFO:root:------ Middle 5: 0.0007412496984419203
15-Jan 16:56:55:INFO:root:------ Middle 6: 0.000413648891898743
15-Jan 16:56:55:INFO:root:------ Middle 2: 0.0005039180033515592
15-Jan 16:56:55:INFO:root:------ Middle 3: 0.00028260428912185807
15-Jan 16:56:55:INFO:root:Starting from 1.806867072174884e-17
15-Jan 16:56:55:INFO:root:-- Outer 2: 0.011861009225247328
15-Jan 16:56:55:INFO:root:------ Middle 7: 0.00029692473393070257
15-Jan 16:56:55:INFO:root:Starting from 1.2372121803704974e-17
15-Jan 16:56:55:INFO:root:-- Outer 1: 0.023944755384517208
15-Jan 16:56:55:INFO:root:------ Middle 1: 0.0018959508458141817
15-Jan 16:56:57:INFO:root:------ Middle 1: 0.0003329929049041177
15-Jan 16:56:57:INFO:root:------ Middle 2: 0.0001871110219856684
15-Jan 16:56:57:INFO:root:Starting from 1.468351237650918e-17
15-Jan 16:56:57:INFO:root:-- Outer 3: 0.004426413472987091
15-Jan 16:56:57:INFO:root:------ Middle 2: 0.0005101606571976605
15-Jan 16:56:57:INFO:root:------ Middle 3: 0.0002859591216525292
15-Jan 16:56:57:INFO:root:Starting from 1.6391510501894372e-17
15-Jan 16:56:57:INFO:root:-- Outer 2: 0.012122647730978393
15-Jan 16:56:58:INFO:root:------ Middle 1: 0.0002086927990314889
15-Jan 16:56:58:INFO:root:Starting from 2.2070177675340667e-17
15-Jan 16:56:58:INFO:root:-- Outer 4: 0.0018431146345873404
15-Jan 16:56:58:INFO:root:------ Middle 1: 0.00019218639527358733
15-Jan 16:56:58:INFO:root:Starting from 1.8121255191470598e-17
15-Jan 16:56:58:INFO:root:-- Outer 5: 0.0009766325141795644
15-Jan 16:56:58:INFO:root:END Outer loop
15-Jan 16:56:58:INFO:root:Model trade shares: [0.956413, 0.908276, 0.977845]
15-Jan 16:56:58:INFO:root:Data trade shares: [0.972765, 0.936372, 0.980463]
15-Jan 16:56:58:INFO:root:US prices: [1.48051, 0.956599, 0.941739]
15-Jan 16:56:58:INFO:root:in the data: [3.02084, 2.07936, 2.07936]
15-Jan 16:56:58:INFO:root:Nominal world expenditure: 1.067855055180959e7
15-Jan 16:56:58:INFO:root:--------------In the data: [2.36221e7]
15-Jan 16:56:58:INFO:root:--- Period 14 ---
15-Jan 16:56:58:INFO:root:BEGIN Outer loop
15-Jan 16:56:59:INFO:root:------ Middle 1: 0.00039256634745495896
15-Jan 16:56:59:INFO:root:------ Middle 2: 0.00021916690666384843
15-Jan 16:56:59:INFO:root:Starting from 1.9048903744478922e-17
15-Jan 16:56:59:INFO:root:-- Outer 3: 0.004519155522379628
15-Jan 16:57:00:INFO:root:------ Middle 1: 0.00027302980410148455
15-Jan 16:57:00:INFO:root:Starting from 1.4803980504702126e-17
15-Jan 16:57:00:INFO:root:-- Outer 4: 0.001954832745998736
15-Jan 16:57:00:INFO:root:------ Middle 1: 0.00026420661948736924
15-Jan 16:57:00:INFO:root:Starting from 1.5529387843439216e-17
15-Jan 16:57:00:INFO:root:-- Outer 5: 0.0010752141095267068
15-Jan 16:57:01:INFO:root:------ Middle 1: 0.00022733870340223473
15-Jan 16:57:01:INFO:root:Starting from 1.6842317317958034e-17
15-Jan 16:57:01:INFO:root:-- Outer 6: 0.0009918629930795965
15-Jan 16:57:01:INFO:root:END Outer loop
15-Jan 16:57:01:INFO:root:Model trade shares: [0.964145, 0.907795, 0.992266]
15-Jan 16:57:01:INFO:root:Data trade shares: [0.971404, 0.929028, 0.993445]
15-Jan 16:57:01:INFO:root:US prices: [1.26999, 0.947383, 0.950141]
15-Jan 16:57:01:INFO:root:in the data: [2.9591, 2.1512, 2.1512]
15-Jan 16:57:01:INFO:root:Nominal world expenditure: 1.068240626402789e7
15-Jan 16:57:01:INFO:root:--------------In the data: [2.42511e7]
15-Jan 16:57:01:INFO:root:--- Period 15 ---
15-Jan 16:57:01:INFO:root:BEGIN Outer loop
15-Jan 16:57:03:INFO:root:------ Middle 1: 0.004032832166535678
15-Jan 16:57:03:INFO:root:------ Middle 2: 0.002225102551153385
15-Jan 16:57:05:INFO:root:------ Middle 3: 0.001724146546311949
15-Jan 16:57:05:INFO:root:------ Middle 4: 0.0009558186968073782
15-Jan 16:57:06:INFO:root:------ Middle 5: 0.0007714381627464487
15-Jan 16:57:06:INFO:root:------ Middle 6: 0.0004303148997725447
15-Jan 16:57:06:INFO:root:------ Middle 1: 0.004242707481001388
15-Jan 16:57:06:INFO:root:------ Middle 2: 0.002339158450064533
15-Jan 16:57:06:INFO:root:------ Middle 7: 0.0003358171642321768
15-Jan 16:57:06:INFO:root:------ Middle 8: 0.00019919219923569885
15-Jan 16:57:06:INFO:root:Starting from 1.250152794013189e-17
15-Jan 16:57:06:INFO:root:-- Outer 1: 0.0248374596801013
15-Jan 16:57:07:INFO:root:------ Middle 1: 0.0019172229184264882
15-Jan 16:57:08:INFO:root:------ Middle 3: 0.0018054632145434863
15-Jan 16:57:08:INFO:root:------ Middle 4: 0.001000578707995319
15-Jan 16:57:09:INFO:root:------ Middle 2: 0.0005909691456272922
15-Jan 16:57:09:INFO:root:------ Middle 3: 0.00033022978530682643
15-Jan 16:57:09:INFO:root:------ Middle 5: 0.0008020005465023991
15-Jan 16:57:09:INFO:root:------ Middle 6: 0.00044761731296173637
15-Jan 16:57:09:INFO:root:------ Middle 4: 0.00022226685855833913
15-Jan 16:57:09:INFO:root:Starting from 1.5460637214590505e-17
15-Jan 16:57:09:INFO:root:-- Outer 2: 0.011995532069260103
15-Jan 16:57:09:INFO:root:------ Middle 1: 0.0004702483475349878
15-Jan 16:57:09:INFO:root:------ Middle 7: 0.00035223320474736877
15-Jan 16:57:09:INFO:root:------ Middle 8: 0.00020903004692317132
15-Jan 16:57:09:INFO:root:Starting from 1.1389031299441765e-17
15-Jan 16:57:09:INFO:root:-- Outer 1: 0.025610525563170856
15-Jan 16:57:09:INFO:root:------ Middle 1: 0.002080151500517167
15-Jan 16:57:11:INFO:root:------ Middle 2: 0.0003327283828060814
15-Jan 16:57:11:INFO:root:------ Middle 3: 0.00018887800445189254
15-Jan 16:57:11:INFO:root:Starting from 1.432534847879821e-17
15-Jan 16:57:11:INFO:root:-- Outer 3: 0.0051063339746627535
15-Jan 16:57:11:INFO:root:------ Middle 1: 0.00022607615996495005
15-Jan 16:57:11:INFO:root:Starting from 2.3634654518269292e-17
15-Jan 16:57:11:INFO:root:-- Outer 4: 0.005181610353143175
15-Jan 16:57:11:INFO:root:------ Middle 2: 0.0006330353527645176
15-Jan 16:57:12:INFO:root:------ Middle 3: 0.0003539667699818912
15-Jan 16:57:12:INFO:root:------ Middle 4: 0.0002406479544147137
15-Jan 16:57:12:INFO:root:Starting from 1.7735583962978916e-17
15-Jan 16:57:12:INFO:root:-- Outer 2: 0.012345450806693123
15-Jan 16:57:12:INFO:root:------ Middle 1: 0.0004588326134292694
15-Jan 16:57:13:INFO:root:------ Middle 1: 0.000309716169404719
15-Jan 16:57:13:INFO:root:------ Middle 2: 0.00017352987367185663
15-Jan 16:57:13:INFO:root:Starting from 2.1352489475624958e-17
15-Jan 16:57:13:INFO:root:-- Outer 5: 0.0014128404260353117
15-Jan 16:57:13:INFO:root:------ Middle 1: 0.00018028290618157797
15-Jan 16:57:13:INFO:root:Starting from 1.3958406703710647e-17
15-Jan 16:57:13:INFO:root:-- Outer 6: 0.001486563107120878
15-Jan 16:57:13:INFO:root:------ Middle 1: 0.00015589870385093532
15-Jan 16:57:13:INFO:root:Starting from 1.435008172412779e-17
15-Jan 16:57:13:INFO:root:-- Outer 7: 0.00041016002564874584
15-Jan 16:57:13:INFO:root:END Outer loop
15-Jan 16:57:13:INFO:root:Model trade shares: [0.970156, 0.925497, 0.993047]
15-Jan 16:57:13:INFO:root:Data trade shares: [0.967576, 0.927756, 0.993556]
15-Jan 16:57:13:INFO:root:US prices: [1.19485, 0.920293, 0.918226]
15-Jan 16:57:13:INFO:root:in the data: [2.78451, 2.12334, 2.12334]
15-Jan 16:57:13:INFO:root:Nominal world expenditure: 1.1406484743178852e7
15-Jan 16:57:13:INFO:root:--------------In the data: [2.5209e7]
15-Jan 16:57:14:INFO:root:--- Period 16 ---
15-Jan 16:57:14:INFO:root:BEGIN Outer loop
15-Jan 16:57:14:INFO:root:------ Middle 2: 0.00034431960932715383
15-Jan 16:57:14:INFO:root:------ Middle 3: 0.00019596725675792272
15-Jan 16:57:14:INFO:root:Starting from 1.5685328373664502e-17
15-Jan 16:57:14:INFO:root:-- Outer 3: 0.0052258479837833435
15-Jan 16:57:14:INFO:root:------ Middle 1: 0.0001947631000892804
15-Jan 16:57:14:INFO:root:Starting from 1.9575767219927083e-17
15-Jan 16:57:14:INFO:root:-- Outer 4: 0.005241071799912664
15-Jan 16:57:15:INFO:root:------ Middle 1: 0.0002765715961775185
15-Jan 16:57:15:INFO:root:Starting from 1.4439122328053576e-17
15-Jan 16:57:15:INFO:root:-- Outer 5: 0.001315889602139532
15-Jan 16:57:15:INFO:root:------ Middle 1: 0.0002298026578339143
15-Jan 16:57:15:INFO:root:Starting from 1.9530721216903645e-17
15-Jan 16:57:15:INFO:root:-- Outer 6: 0.0013471010735205634
15-Jan 16:57:16:INFO:root:------ Middle 1: 0.0001777992161898531
15-Jan 16:57:16:INFO:root:Starting from 1.6665902794814132e-17
15-Jan 16:57:16:INFO:root:-- Outer 7: 0.00042604535549972325
15-Jan 16:57:16:INFO:root:END Outer loop
15-Jan 16:57:16:INFO:root:Model trade shares: [0.956678, 0.926396, 0.991892]
15-Jan 16:57:16:INFO:root:Data trade shares: [0.953126, 0.923314, 0.993566]
15-Jan 16:57:16:INFO:root:US prices: [1.01216, 0.928914, 0.931712]
15-Jan 16:57:16:INFO:root:in the data: [2.3065, 2.15345, 2.15345]
15-Jan 16:57:16:INFO:root:Nominal world expenditure: 1.343906436266498e7
15-Jan 16:57:16:INFO:root:--------------In the data: [2.91447e7]
15-Jan 16:57:16:INFO:root:--- Period 17 ---
15-Jan 16:57:16:INFO:root:BEGIN Outer loop
15-Jan 16:57:19:INFO:root:------ Middle 1: 0.004745030416639366
15-Jan 16:57:19:INFO:root:------ Middle 2: 0.002615259014620549
15-Jan 16:57:21:INFO:root:------ Middle 3: 0.0019881376757885255
15-Jan 16:57:21:INFO:root:------ Middle 4: 0.001100060189908351
15-Jan 16:57:22:INFO:root:------ Middle 5: 0.0008652585825416102
15-Jan 16:57:22:INFO:root:------ Middle 6: 0.00048190927824822056
15-Jan 16:57:22:INFO:root:------ Middle 1: 0.004753649041429763
15-Jan 16:57:22:INFO:root:------ Middle 7: 0.00037455229923205965
15-Jan 16:57:22:INFO:root:------ Middle 2: 0.0026193504916997537
15-Jan 16:57:22:INFO:root:------ Middle 8: 0.00022286634228435378
15-Jan 16:57:22:INFO:root:Starting from 1.1537523785148586e-17
15-Jan 16:57:22:INFO:root:-- Outer 1: 0.026045494789121323
15-Jan 16:57:23:INFO:root:------ Middle 1: 0.0022371055951722206
15-Jan 16:57:24:INFO:root:------ Middle 3: 0.001986877510979822
15-Jan 16:57:24:INFO:root:------ Middle 4: 0.0011013470169349976
15-Jan 16:57:25:INFO:root:------ Middle 2: 0.000699684936170774
15-Jan 16:57:25:INFO:root:------ Middle 3: 0.00039021006019793067
15-Jan 16:57:25:INFO:root:------ Middle 5: 0.0008767978002112153
15-Jan 16:57:25:INFO:root:------ Middle 6: 0.0004884006728526219
15-Jan 16:57:25:INFO:root:------ Middle 4: 0.00026163578148203075
15-Jan 16:57:25:INFO:root:Starting from 1.7996088880119317e-17
15-Jan 16:57:25:INFO:root:-- Outer 2: 0.012495809052523638
15-Jan 16:57:25:INFO:root:------ Middle 1: 0.0004726154863280723
15-Jan 16:57:25:INFO:root:------ Middle 7: 0.0003806847941885044
15-Jan 16:57:25:INFO:root:------ Middle 8: 0.00023711771191940785
15-Jan 16:57:25:INFO:root:Starting from 1.1164909054587706e-17
15-Jan 16:57:25:INFO:root:-- Outer 1: 0.026108021718300234
15-Jan 16:57:26:INFO:root:------ Middle 1: 0.0023879407938874856
15-Jan 16:57:27:INFO:root:------ Middle 2: 0.00036860687851817623
15-Jan 16:57:27:INFO:root:------ Middle 3: 0.00020859392647943627
15-Jan 16:57:27:INFO:root:Starting from 1.7195434071376383e-17
15-Jan 16:57:27:INFO:root:-- Outer 3: 0.005244868634428889
15-Jan 16:57:27:INFO:root:------ Middle 1: 0.00020612786197586337
15-Jan 16:57:27:INFO:root:Starting from 1.8415813859504356e-17
15-Jan 16:57:27:INFO:root:-- Outer 4: 0.005256780171700105
15-Jan 16:57:28:INFO:root:------ Middle 2: 0.0007475808869780639
15-Jan 16:57:28:INFO:root:------ Middle 3: 0.0004172109083081742
15-Jan 16:57:28:INFO:root:------ Middle 4: 0.0002828443629394465
15-Jan 16:57:28:INFO:root:Starting from 2.1947653101436116e-17
15-Jan 16:57:28:INFO:root:-- Outer 2: 0.012478472703644765
15-Jan 16:57:28:INFO:root:------ Middle 1: 0.0004754801678009691
15-Jan 16:57:29:INFO:root:------ Middle 1: 0.0002846431755307104
15-Jan 16:57:29:INFO:root:Starting from 1.7227376388512995e-17
15-Jan 16:57:29:INFO:root:-- Outer 5: 0.0013275334154588215
15-Jan 16:57:29:INFO:root:------ Middle 1: 0.00023639818906061742
15-Jan 16:57:29:INFO:root:Starting from 2.026618530822819e-17
15-Jan 16:57:29:INFO:root:-- Outer 6: 0.0013601442446709874
15-Jan 16:57:29:INFO:root:------ Middle 1: 0.0001814672803007783
15-Jan 16:57:29:INFO:root:Starting from 1.485619544821632e-17
15-Jan 16:57:29:INFO:root:-- Outer 7: 0.0004242047393058003
15-Jan 16:57:29:INFO:root:END Outer loop
15-Jan 16:57:29:INFO:root:Model trade shares: [0.967769, 0.928072, 0.991957]
15-Jan 16:57:29:INFO:root:Data trade shares: [0.958317, 0.928046, 0.993489]
15-Jan 16:57:29:INFO:root:US prices: [1.00816, 0.912907, 0.93162]
15-Jan 16:57:29:INFO:root:in the data: [2.43661, 2.20422, 2.20422]
15-Jan 16:57:29:INFO:root:Nominal world expenditure: 1.4283779732498247e7
15-Jan 16:57:29:INFO:root:--------------In the data: [3.25615e7]
15-Jan 16:57:29:INFO:root:--- Period 18 ---
15-Jan 16:57:29:INFO:root:BEGIN Outer loop
15-Jan 16:57:30:INFO:root:------ Middle 2: 0.0003836262369696728
15-Jan 16:57:30:INFO:root:------ Middle 3: 0.0002177327424587528
15-Jan 16:57:30:INFO:root:Starting from 1.6933729650366658e-17
15-Jan 16:57:30:INFO:root:-- Outer 3: 0.005246015191168537
15-Jan 16:57:30:INFO:root:------ Middle 1: 0.00020767348883434135
15-Jan 16:57:30:INFO:root:Starting from 1.7831613040588063e-17
15-Jan 16:57:30:INFO:root:-- Outer 4: 0.005266869543566122
15-Jan 16:57:31:INFO:root:------ Middle 1: 0.0003024382645335154
15-Jan 16:57:32:INFO:root:------ Middle 2: 0.00017138880433686314
15-Jan 16:57:32:INFO:root:Starting from 1.3644637030549177e-17
15-Jan 16:57:32:INFO:root:-- Outer 5: 0.0014191511244806266
15-Jan 16:57:32:INFO:root:------ Middle 1: 0.00018169751328475062
15-Jan 16:57:32:INFO:root:Starting from 1.2626540554773689e-17
15-Jan 16:57:32:INFO:root:-- Outer 6: 0.0015077592630697743
15-Jan 16:57:32:INFO:root:------ Middle 1: 0.0001578173138675495
15-Jan 16:57:32:INFO:root:Starting from 1.2839241846184443e-17
15-Jan 16:57:32:INFO:root:-- Outer 7: 0.0004446378524545121
15-Jan 16:57:32:INFO:root:END Outer loop
15-Jan 16:57:32:INFO:root:Model trade shares: [0.961513, 0.921563, 0.992739]
15-Jan 16:57:32:INFO:root:Data trade shares: [0.960962, 0.931588, 0.993893]
15-Jan 16:57:32:INFO:root:US prices: [1.00012, 0.906086, 0.906133]
15-Jan 16:57:32:INFO:root:in the data: [2.50767, 2.31742, 2.31742]
15-Jan 16:57:32:INFO:root:Nominal world expenditure: 1.4753310182381779e7
15-Jan 16:57:32:INFO:root:--------------In the data: [3.61928e7]
15-Jan 16:57:32:INFO:root:--- Period 19 ---
15-Jan 16:57:32:INFO:root:BEGIN Outer loop
15-Jan 16:57:36:INFO:root:------ Middle 1: 0.004844922799382554
15-Jan 16:57:36:INFO:root:------ Middle 2: 0.002669203093959368
15-Jan 16:57:38:INFO:root:------ Middle 3: 0.0020179830725059193
15-Jan 16:57:38:INFO:root:------ Middle 4: 0.0011180919775054317
15-Jan 16:57:39:INFO:root:------ Middle 5: 0.0008866787554905052
15-Jan 16:57:39:INFO:root:------ Middle 6: 0.0004934385909572955
15-Jan 16:57:39:INFO:root:------ Middle 7: 0.00038405782974270064
15-Jan 16:57:39:INFO:root:------ Middle 1: 0.004878651005783204
15-Jan 16:57:40:INFO:root:------ Middle 8: 0.0002394497863892215
15-Jan 16:57:40:INFO:root:Starting from 1.1204526743403409e-17
15-Jan 16:57:40:INFO:root:-- Outer 1: 0.025848847624889672
15-Jan 16:57:40:INFO:root:------ Middle 2: 0.002687709898772192
15-Jan 16:57:40:INFO:root:------ Middle 1: 0.0024132013202703955
15-Jan 16:57:41:INFO:root:------ Middle 3: 0.0020330028848523653
15-Jan 16:57:41:INFO:root:------ Middle 4: 0.0011271092146233996
15-Jan 16:57:42:INFO:root:------ Middle 2: 0.0007690328491806644
15-Jan 16:57:42:INFO:root:------ Middle 3: 0.0004283256035912053
15-Jan 16:57:42:INFO:root:------ Middle 5: 0.0009024546832846199
15-Jan 16:57:42:INFO:root:------ Middle 6: 0.0005022530865803161
15-Jan 16:57:42:INFO:root:------ Middle 4: 0.0003191152862447902
15-Jan 16:57:42:INFO:root:------ Middle 5: 0.00019286294546088262
15-Jan 16:57:42:INFO:root:Starting from 1.9436726791575096e-17
15-Jan 16:57:42:INFO:root:-- Outer 2: 0.012260931596352198
15-Jan 16:57:42:INFO:root:------ Middle 7: 0.00039212270149260767
15-Jan 16:57:43:INFO:root:------ Middle 8: 0.00023454763209534874
15-Jan 16:57:43:INFO:root:------ Middle 1: 0.0005090051347449686
15-Jan 16:57:43:INFO:root:Starting from 1.1737945772357201e-17
15-Jan 16:57:43:INFO:root:-- Outer 1: 0.02552494617566636
15-Jan 16:57:43:INFO:root:------ Middle 1: 0.002462688116387743
15-Jan 16:57:44:INFO:root:------ Middle 2: 0.00033058714267589277
15-Jan 16:57:44:INFO:root:------ Middle 3: 0.0001879123644506689
15-Jan 16:57:44:INFO:root:Starting from 2.154083732963894e-17
15-Jan 16:57:44:INFO:root:-- Outer 3: 0.0051864169653888315
15-Jan 16:57:44:INFO:root:------ Middle 1: 0.00021375675490506598
15-Jan 16:57:44:INFO:root:Starting from 1.8707496782091664e-17
15-Jan 16:57:44:INFO:root:-- Outer 4: 0.005211693917238371
15-Jan 16:57:45:INFO:root:------ Middle 2: 0.0007829177861251696
15-Jan 16:57:45:INFO:root:------ Middle 3: 0.0004361055330692436
15-Jan 16:57:45:INFO:root:------ Middle 4: 0.0003245415275910008
15-Jan 16:57:45:INFO:root:------ Middle 5: 0.00019635119930307802
15-Jan 16:57:45:INFO:root:Starting from 1.8756609665471484e-17
15-Jan 16:57:45:INFO:root:-- Outer 2: 0.01222032321252302
15-Jan 16:57:46:INFO:root:------ Middle 1: 0.0005314941050718685
15-Jan 16:57:46:INFO:root:------ Middle 1: 0.00028876820503904587
15-Jan 16:57:46:INFO:root:Starting from 1.769024100967925e-17
15-Jan 16:57:46:INFO:root:-- Outer 5: 0.001314966637858401
15-Jan 16:57:46:INFO:root:------ Middle 1: 0.00024038644491234182
15-Jan 16:57:46:INFO:root:Starting from 1.7396863077305326e-17
15-Jan 16:57:46:INFO:root:-- Outer 6: 0.0013463795382898187
15-Jan 16:57:47:INFO:root:------ Middle 1: 0.00018942741726905504
15-Jan 16:57:47:INFO:root:Starting from 1.958204143045519e-17
15-Jan 16:57:47:INFO:root:-- Outer 7: 0.0004449064386774548
15-Jan 16:57:47:INFO:root:END Outer loop
15-Jan 16:57:47:INFO:root:Model trade shares: [0.960355, 0.926036, 0.994088]
15-Jan 16:57:47:INFO:root:Data trade shares: [0.961578, 0.934257, 0.993842]
15-Jan 16:57:47:INFO:root:US prices: [0.969571, 0.926624, 0.936511]
15-Jan 16:57:47:INFO:root:in the data: [2.5813, 2.43608, 2.43608]
15-Jan 16:57:47:INFO:root:Nominal world expenditure: 1.4914367649216037e7
15-Jan 16:57:47:INFO:root:--------------In the data: [3.7723e7]
15-Jan 16:57:47:INFO:root:--- Period 20 ---
15-Jan 16:57:47:INFO:root:BEGIN Outer loop
15-Jan 16:57:47:INFO:root:------ Middle 2: 0.00034307360797750894
15-Jan 16:57:47:INFO:root:------ Middle 3: 0.0001950342029276911
15-Jan 16:57:47:INFO:root:Starting from 1.5938180421026323e-17
15-Jan 16:57:47:INFO:root:-- Outer 3: 0.005193824324279363
15-Jan 16:57:47:INFO:root:------ Middle 1: 0.0002460655126075768
15-Jan 16:57:47:INFO:root:Starting from 1.6224627463812187e-17
15-Jan 16:57:47:INFO:root:-- Outer 4: 0.00523180474194431
15-Jan 16:57:49:INFO:root:------ Middle 1: 0.00033426571910973344
15-Jan 16:57:49:INFO:root:------ Middle 2: 0.00018817079564775358
15-Jan 16:57:49:INFO:root:Starting from 1.769385871706071e-17
15-Jan 16:57:49:INFO:root:-- Outer 5: 0.0013775393264743336
15-Jan 16:57:49:INFO:root:------ Middle 1: 0.00019940307618469634
15-Jan 16:57:49:INFO:root:Starting from 1.8413042557803404e-17
15-Jan 16:57:49:INFO:root:-- Outer 6: 0.0014661322599812667
15-Jan 16:57:50:INFO:root:------ Middle 1: 0.000185155749992759
15-Jan 16:57:50:INFO:root:Starting from 1.8235932194317158e-17
15-Jan 16:57:50:INFO:root:-- Outer 7: 0.00046333452208488566
15-Jan 16:57:50:INFO:root:END Outer loop
15-Jan 16:57:50:INFO:root:Model trade shares: [0.966679, 0.929194, 0.991198]
15-Jan 16:57:50:INFO:root:Data trade shares: [0.963666, 0.934551, 0.994086]
15-Jan 16:57:50:INFO:root:US prices: [0.971055, 0.928016, 0.910334]
15-Jan 16:57:50:INFO:root:in the data: [2.67778, 2.5352, 2.5352]
15-Jan 16:57:50:INFO:root:Nominal world expenditure: 1.579868445534594e7
15-Jan 16:57:50:INFO:root:--------------In the data: [4.12361e7]
15-Jan 16:57:50:INFO:root:--- Period 21 ---
15-Jan 16:57:50:INFO:root:BEGIN Outer loop
15-Jan 16:57:53:INFO:root:------ Middle 1: 0.005153732228352018
15-Jan 16:57:53:INFO:root:------ Middle 2: 0.0028392726799482456
15-Jan 16:57:54:INFO:root:------ Middle 3: 0.0021189743700672533
15-Jan 16:57:54:INFO:root:------ Middle 4: 0.0011746558269128912
15-Jan 16:57:55:INFO:root:------ Middle 5: 0.0009367354512162261
15-Jan 16:57:55:INFO:root:------ Middle 1: 0.004991695480463838
15-Jan 16:57:56:INFO:root:------ Middle 6: 0.0005213862068134067
15-Jan 16:57:56:INFO:root:------ Middle 2: 0.0027508030642901023
15-Jan 16:57:56:INFO:root:------ Middle 7: 0.00040599711719361897
15-Jan 16:57:56:INFO:root:------ Middle 8: 0.00024215357470974295
15-Jan 16:57:56:INFO:root:Starting from 1.1406196040035525e-17
15-Jan 16:57:56:INFO:root:-- Outer 1: 0.025903191569480562
15-Jan 16:57:56:INFO:root:------ Middle 1: 0.002639385475110448
15-Jan 16:57:57:INFO:root:------ Middle 3: 0.0020801767348784927
15-Jan 16:57:57:INFO:root:------ Middle 4: 0.001153117086192653
15-Jan 16:57:58:INFO:root:------ Middle 5: 0.0009186383087625168
15-Jan 16:57:58:INFO:root:------ Middle 6: 0.0005111484761067321
15-Jan 16:57:58:INFO:root:------ Middle 2: 0.0008559905142149453
15-Jan 16:57:58:INFO:root:------ Middle 3: 0.0004762535008614116
15-Jan 16:57:58:INFO:root:------ Middle 7: 0.00039901195802407316
15-Jan 16:57:58:INFO:root:------ Middle 8: 0.00023731925667429187
15-Jan 16:57:58:INFO:root:Starting from 1.1090338517673129e-17
15-Jan 16:57:58:INFO:root:-- Outer 1: 0.026793172012049053
15-Jan 16:57:59:INFO:root:------ Middle 1: 0.002658950442628638
15-Jan 16:57:59:INFO:root:------ Middle 4: 0.000350707997180487
15-Jan 16:57:59:INFO:root:------ Middle 5: 0.00021190044869806273
15-Jan 16:57:59:INFO:root:Starting from 1.7903096840451192e-17
15-Jan 16:57:59:INFO:root:-- Outer 2: 0.012420486493340939
15-Jan 16:57:59:INFO:root:------ Middle 1: 0.0005836448262853767
15-Jan 16:58:00:INFO:root:------ Middle 2: 0.00036221038864842666
15-Jan 16:58:01:INFO:root:------ Middle 3: 0.00020527988461851963
15-Jan 16:58:01:INFO:root:Starting from 1.6887543487730993e-17
15-Jan 16:58:01:INFO:root:-- Outer 3: 0.005339320221874444
15-Jan 16:58:01:INFO:root:------ Middle 2: 0.0008677902967523418
15-Jan 16:58:01:INFO:root:------ Middle 1: 0.0002925462073568692
15-Jan 16:58:01:INFO:root:Starting from 1.5455116177741922e-17
15-Jan 16:58:01:INFO:root:-- Outer 4: 0.005410798862028909
15-Jan 16:58:01:INFO:root:------ Middle 3: 0.0004822553778502785
15-Jan 16:58:01:INFO:root:------ Middle 4: 0.00035817702870434093
15-Jan 16:58:01:INFO:root:------ Middle 5: 0.00021532730703392687
15-Jan 16:58:01:INFO:root:Starting from 2.0964282782197987e-17
15-Jan 16:58:01:INFO:root:-- Outer 2: 0.012661073434703893
15-Jan 16:58:01:INFO:root:------ Middle 1: 0.0005647114257687712
15-Jan 16:58:02:INFO:root:------ Middle 1: 0.0003745680468582143
15-Jan 16:58:02:INFO:root:------ Middle 2: 0.0002094505883403207
15-Jan 16:58:02:INFO:root:Starting from 1.7074838565743152e-17
15-Jan 16:58:02:INFO:root:-- Outer 5: 0.0014486761862458895
15-Jan 16:58:02:INFO:root:------ Middle 1: 0.00021686923147457704
15-Jan 16:58:02:INFO:root:Starting from 1.6744400116239143e-17
15-Jan 16:58:02:INFO:root:-- Outer 6: 0.0015292707440914687
15-Jan 16:58:03:INFO:root:------ Middle 2: 0.00035119553239437024
15-Jan 16:58:03:INFO:root:------ Middle 1: 0.00019523270492676411
15-Jan 16:58:03:INFO:root:Starting from 1.615860130708714e-17
15-Jan 16:58:03:INFO:root:-- Outer 7: 0.0004770718062133698
15-Jan 16:58:03:INFO:root:END Outer loop
15-Jan 16:58:03:INFO:root:------ Middle 3: 0.00019916465925283428
15-Jan 16:58:03:INFO:root:Model trade shares: [0.959408, 0.925486, 0.992229]
15-Jan 16:58:03:INFO:root:Data trade shares: [0.960926, 0.936095, 0.990604]
15-Jan 16:58:03:INFO:root:US prices: [0.925238, 0.907792, 0.878669]
15-Jan 16:58:03:INFO:root:in the data: [2.54462, 2.53886, 2.53886]
15-Jan 16:58:03:INFO:root:Starting from 1.450496845856552e-17
15-Jan 16:58:03:INFO:root:Nominal world expenditure: 1.6135026752726011e7
15-Jan 16:58:03:INFO:root:--------------In the data: [4.29516e7]
15-Jan 16:58:03:INFO:root:-- Outer 3: 0.005375478510719611
15-Jan 16:58:03:INFO:root:--- Period 22 ---
15-Jan 16:58:03:INFO:root:BEGIN Outer loop
15-Jan 16:58:03:INFO:root:------ Middle 1: 0.00028806980261737687
15-Jan 16:58:03:INFO:root:Starting from 1.938909963817301e-17
15-Jan 16:58:03:INFO:root:-- Outer 4: 0.0053641276604147695
15-Jan 16:58:05:INFO:root:------ Middle 1: 0.0003655598614750087
15-Jan 16:58:05:INFO:root:------ Middle 2: 0.000204735237569495
15-Jan 16:58:05:INFO:root:Starting from 1.553515427957081e-17
15-Jan 16:58:05:INFO:root:-- Outer 5: 0.0014181107865015026
15-Jan 16:58:05:INFO:root:------ Middle 1: 0.00021531582830986733
15-Jan 16:58:05:INFO:root:Starting from 1.6288543039472137e-17
15-Jan 16:58:05:INFO:root:-- Outer 6: 0.0015165848090879445
15-Jan 16:58:06:INFO:root:------ Middle 1: 0.00020216017566227498
15-Jan 16:58:06:INFO:root:Starting from 2.0049436594117142e-17
15-Jan 16:58:06:INFO:root:-- Outer 7: 0.00048499299038099695
15-Jan 16:58:06:INFO:root:END Outer loop
15-Jan 16:58:06:INFO:root:Model trade shares: [0.96214, 0.92004, 0.993066]
15-Jan 16:58:06:INFO:root:Data trade shares: [0.960491, 0.93458, 0.986591]
15-Jan 16:58:06:INFO:root:US prices: [0.878911, 0.892721, 0.851748]
15-Jan 16:58:06:INFO:root:in the data: [2.52256, 2.5595, 2.5595]
15-Jan 16:58:06:INFO:root:Nominal world expenditure: 1.669701704914391e7
15-Jan 16:58:06:INFO:root:--------------In the data: [4.55098e7]
15-Jan 16:58:06:INFO:root:--- Period 23 ---
15-Jan 16:58:06:INFO:root:BEGIN Outer loop
15-Jan 16:58:09:INFO:root:------ Middle 1: 0.004880604014750527
15-Jan 16:58:09:INFO:root:------ Middle 2: 0.002690247487092462
15-Jan 16:58:10:INFO:root:------ Middle 3: 0.0020530157486495022
15-Jan 16:58:10:INFO:root:------ Middle 4: 0.001138351002960739
15-Jan 16:58:11:INFO:root:------ Middle 1: 0.004861951329816327
15-Jan 16:58:11:INFO:root:------ Middle 2: 0.002681271358999155
15-Jan 16:58:11:INFO:root:------ Middle 5: 0.0009129478558559663
15-Jan 16:58:11:INFO:root:------ Middle 6: 0.0005082228437572018
15-Jan 16:58:12:INFO:root:------ Middle 7: 0.0003990559360837017
15-Jan 16:58:12:INFO:root:------ Middle 8: 0.00023717257646815678
15-Jan 16:58:12:INFO:root:Starting from 1.2187497737909505e-17
15-Jan 16:58:12:INFO:root:-- Outer 1: 0.027467459802276783
15-Jan 16:58:12:INFO:root:------ Middle 1: 0.002834889365545083
15-Jan 16:58:12:INFO:root:------ Middle 3: 0.0020526317869952898
15-Jan 16:58:12:INFO:root:------ Middle 4: 0.0011389391669180582
15-Jan 16:58:13:INFO:root:------ Middle 5: 0.0009153042062596629
15-Jan 16:58:13:INFO:root:------ Middle 6: 0.0005100543206656416
15-Jan 16:58:14:INFO:root:------ Middle 7: 0.00040001317818381043
15-Jan 16:58:14:INFO:root:------ Middle 8: 0.0002484311618675741
15-Jan 16:58:14:INFO:root:Starting from 1.1286442470687516e-17
15-Jan 16:58:14:INFO:root:-- Outer 1: 0.027642081462531047
15-Jan 16:58:14:INFO:root:------ Middle 1: 0.002917933603292246
15-Jan 16:58:14:INFO:root:------ Middle 2: 0.0009415071707267735
15-Jan 16:58:14:INFO:root:------ Middle 3: 0.0005223784325402849
15-Jan 16:58:15:INFO:root:------ Middle 4: 0.0003859492975759538
15-Jan 16:58:15:INFO:root:------ Middle 5: 0.00023126048543734237
15-Jan 16:58:15:INFO:root:Starting from 1.3826843290642647e-17
15-Jan 16:58:15:INFO:root:-- Outer 2: 0.012925017231475416
15-Jan 16:58:15:INFO:root:------ Middle 1: 0.0005495314142037983
15-Jan 16:58:16:INFO:root:------ Middle 2: 0.0009537284834695054
15-Jan 16:58:16:INFO:root:------ Middle 3: 0.0005294335195812404
15-Jan 16:58:16:INFO:root:------ Middle 2: 0.000367923702797526
15-Jan 16:58:17:INFO:root:------ Middle 3: 0.00020746711154150433
15-Jan 16:58:17:INFO:root:Starting from 1.676404165599462e-17
15-Jan 16:58:17:INFO:root:-- Outer 3: 0.00546454549918441
15-Jan 16:58:17:INFO:root:------ Middle 1: 0.0002661962554724556
15-Jan 16:58:17:INFO:root:------ Middle 4: 0.0003912084511435055
15-Jan 16:58:17:INFO:root:Starting from 2.0332979563377743e-17
15-Jan 16:58:17:INFO:root:-- Outer 4: 0.005480083145153968
15-Jan 16:58:17:INFO:root:------ Middle 5: 0.00023460445214844108
15-Jan 16:58:17:INFO:root:Starting from 1.4699269020205758e-17
15-Jan 16:58:17:INFO:root:-- Outer 2: 0.012882067063853628
15-Jan 16:58:17:INFO:root:------ Middle 1: 0.0005587447373910556
15-Jan 16:58:18:INFO:root:------ Middle 1: 0.0003632636716882992
15-Jan 16:58:18:INFO:root:------ Middle 2: 0.00020311867254343643
15-Jan 16:58:18:INFO:root:Starting from 1.6013106491299198e-17
15-Jan 16:58:18:INFO:root:-- Outer 5: 0.0014278821059801215
15-Jan 16:58:18:INFO:root:------ Middle 1: 0.00021490421096586034
15-Jan 16:58:18:INFO:root:Starting from 1.7192966314012418e-17
15-Jan 16:58:18:INFO:root:-- Outer 6: 0.0015205228915396018
15-Jan 16:58:18:INFO:root:------ Middle 2: 0.0003704912829997731
15-Jan 16:58:19:INFO:root:------ Middle 3: 0.00020905879965326318
15-Jan 16:58:19:INFO:root:Starting from 1.5200178085238213e-17
15-Jan 16:58:19:INFO:root:-- Outer 3: 0.005430257099729559
15-Jan 16:58:19:INFO:root:------ Middle 1: 0.0002617798348759765
15-Jan 16:58:19:INFO:root:Starting from 1.9351144262863672e-17
15-Jan 16:58:19:INFO:root:-- Outer 4: 0.005400422477310683
15-Jan 16:58:19:INFO:root:------ Middle 1: 0.00020422278948891478
15-Jan 16:58:19:INFO:root:Starting from 2.1406985906402853e-17
15-Jan 16:58:19:INFO:root:-- Outer 7: 0.0004898844981697389
15-Jan 16:58:19:INFO:root:END Outer loop
15-Jan 16:58:19:INFO:root:Model trade shares: [0.956227, 0.922647, 0.986797]
15-Jan 16:58:19:INFO:root:Data trade shares: [0.959588, 0.937566, 0.971212]
15-Jan 16:58:19:INFO:root:US prices: [0.935177, 0.885164, 0.936485]
15-Jan 16:58:19:INFO:root:in the data: [2.70826, 2.57595, 2.57595]
15-Jan 16:58:19:INFO:root:Nominal world expenditure: 1.659822724305268e7
15-Jan 16:58:19:INFO:root:--------------In the data: [4.5848e7]
15-Jan 16:58:19:INFO:root:--- Period 24 ---
15-Jan 16:58:19:INFO:root:BEGIN Outer loop
15-Jan 16:58:20:INFO:root:------ Middle 1: 0.0003434194261040224
15-Jan 16:58:20:INFO:root:------ Middle 2: 0.00019215283480416008
15-Jan 16:58:20:INFO:root:Starting from 1.5030946593605106e-17
15-Jan 16:58:20:INFO:root:-- Outer 5: 0.001378409703940584
15-Jan 16:58:21:INFO:root:------ Middle 1: 0.00020331738944463857
15-Jan 16:58:21:INFO:root:Starting from 1.7974825894407687e-17
15-Jan 16:58:21:INFO:root:-- Outer 6: 0.0014665942671059442
15-Jan 16:58:21:INFO:root:------ Middle 1: 0.00018835167378554186
15-Jan 16:58:21:INFO:root:Starting from 2.2369434583077635e-17
15-Jan 16:58:21:INFO:root:-- Outer 7: 0.0004671098522928291
15-Jan 16:58:21:INFO:root:END Outer loop
15-Jan 16:58:21:INFO:root:Model trade shares: [0.948254, 0.917722, 0.989115]
15-Jan 16:58:21:INFO:root:Data trade shares: [0.955615, 0.931697, 0.991754]
15-Jan 16:58:21:INFO:root:US prices: [0.860083, 0.86744, 0.899349]
15-Jan 16:58:21:INFO:root:in the data: [2.59006, 2.59665, 2.59665]
15-Jan 16:58:21:INFO:root:Nominal world expenditure: 1.7471747754244186e7
15-Jan 16:58:21:INFO:root:--------------In the data: [4.90999e7]
15-Jan 16:58:21:INFO:root:--- Period 25 ---
15-Jan 16:58:21:INFO:root:BEGIN Outer loop
15-Jan 16:58:24:INFO:root:------ Middle 1: 0.004621133716704595
15-Jan 16:58:24:INFO:root:------ Middle 2: 0.0025481103262256235
15-Jan 16:58:26:INFO:root:------ Middle 3: 0.0019661975943105407
15-Jan 16:58:26:INFO:root:------ Middle 4: 0.0010910548924093055
15-Jan 16:58:26:INFO:root:------ Middle 1: 0.004492457032199358
15-Jan 16:58:26:INFO:root:------ Middle 2: 0.002477621733256186
15-Jan 16:58:27:INFO:root:------ Middle 5: 0.000881486869766549
15-Jan 16:58:27:INFO:root:------ Middle 6: 0.0004912564103480337
15-Jan 16:58:27:INFO:root:------ Middle 7: 0.0003856732181241462
15-Jan 16:58:27:INFO:root:------ Middle 8: 0.00024001103975756965
15-Jan 16:58:27:INFO:root:Starting from 1.2263755924515864e-17
15-Jan 16:58:27:INFO:root:-- Outer 1: 0.026858846783803375
15-Jan 16:58:27:INFO:root:------ Middle 1: 0.0027995503157035393
15-Jan 16:58:27:INFO:root:------ Middle 3: 0.0019117082384316488
15-Jan 16:58:28:INFO:root:------ Middle 4: 0.001060802215098707
15-Jan 16:58:28:INFO:root:------ Middle 5: 0.0008583728211825599
15-Jan 16:58:29:INFO:root:------ Middle 6: 0.0004782339631215559
15-Jan 16:58:29:INFO:root:------ Middle 7: 0.00037607255481452497
15-Jan 16:58:29:INFO:root:------ Middle 8: 0.00023487500700183976
15-Jan 16:58:29:INFO:root:Starting from 1.206093458770206e-17
15-Jan 16:58:29:INFO:root:-- Outer 1: 0.02521417880347037
15-Jan 16:58:29:INFO:root:------ Middle 1: 0.002697288875259974
15-Jan 16:58:29:INFO:root:------ Middle 2: 0.0009121065275864234
15-Jan 16:58:30:INFO:root:------ Middle 3: 0.0005062610503729683
15-Jan 16:58:30:INFO:root:------ Middle 4: 0.0003741183160096215
15-Jan 16:58:30:INFO:root:------ Middle 5: 0.00022492402701477704
15-Jan 16:58:30:INFO:root:Starting from 1.8574213220002856e-17
15-Jan 16:58:30:INFO:root:-- Outer 2: 0.012532935354490156
15-Jan 16:58:30:INFO:root:------ Middle 1: 0.0005248880255371918
15-Jan 16:58:31:INFO:root:------ Middle 2: 0.0008550968185209287
15-Jan 16:58:31:INFO:root:------ Middle 3: 0.00047504679457417584
15-Jan 16:58:32:INFO:root:------ Middle 2: 0.0003406005615282567
15-Jan 16:58:32:INFO:root:------ Middle 4: 0.00035181258380896565
15-Jan 16:58:32:INFO:root:------ Middle 3: 0.00019306084257294747
15-Jan 16:58:32:INFO:root:Starting from 1.831299834077813e-17
15-Jan 16:58:32:INFO:root:-- Outer 3: 0.005296154359547435
15-Jan 16:58:32:INFO:root:------ Middle 5: 0.00021281184087574228
15-Jan 16:58:32:INFO:root:Starting from 1.8171271462056954e-17
15-Jan 16:58:32:INFO:root:-- Outer 2: 0.011864140573432904
15-Jan 16:58:32:INFO:root:------ Middle 1: 0.0002257916691273062
15-Jan 16:58:32:INFO:root:Starting from 1.6951279155281115e-17
15-Jan 16:58:32:INFO:root:-- Outer 4: 0.0052479014986161025
15-Jan 16:58:32:INFO:root:------ Middle 1: 0.0005108399953778739
15-Jan 16:58:34:INFO:root:------ Middle 1: 0.0002920294756720214
15-Jan 16:58:34:INFO:root:Starting from 1.54989261232049e-17
15-Jan 16:58:34:INFO:root:-- Outer 5: 0.0012975783813776174
15-Jan 16:58:34:INFO:root:------ Middle 2: 0.0003258832818852391
15-Jan 16:58:34:INFO:root:------ Middle 1: 0.0002407401268097496
15-Jan 16:58:34:INFO:root:------ Middle 3: 0.0001848821579947122
15-Jan 16:58:34:INFO:root:Starting from 1.9330500835126843e-17
15-Jan 16:58:34:INFO:root:Starting from 1.2555701176910789e-17
15-Jan 16:58:34:INFO:root:-- Outer 6: 0.0013289449371365572
15-Jan 16:58:34:INFO:root:-- Outer 3: 0.0050221655936934385
15-Jan 16:58:34:INFO:root:------ Middle 1: 0.00021997312411270063
15-Jan 16:58:34:INFO:root:Starting from 1.4544532244529484e-17
15-Jan 16:58:34:INFO:root:-- Outer 4: 0.004964197979200748
15-Jan 16:58:34:INFO:root:------ Middle 1: 0.0001871402417090264
15-Jan 16:58:34:INFO:root:Starting from 1.4734844221381625e-17
15-Jan 16:58:34:INFO:root:-- Outer 7: 0.00045402347786133927
15-Jan 16:58:34:INFO:root:END Outer loop
15-Jan 16:58:34:INFO:root:Model trade shares: [0.941408, 0.911695, 0.990296]
15-Jan 16:58:34:INFO:root:Data trade shares: [0.950579, 0.929714, 0.991388]
15-Jan 16:58:34:INFO:root:US prices: [0.918722, 0.874513, 0.881579]
15-Jan 16:58:34:INFO:root:in the data: [2.71827, 2.64842, 2.64842]
15-Jan 16:58:34:INFO:root:Nominal world expenditure: 1.86515778238318e7
15-Jan 16:58:34:INFO:root:--------------In the data: [5.43532e7]
15-Jan 16:58:34:INFO:root:--- Period 26 ---
15-Jan 16:58:34:INFO:root:BEGIN Outer loop
15-Jan 16:58:35:INFO:root:------ Middle 1: 0.0002742581237527704
15-Jan 16:58:35:INFO:root:Starting from 1.5605633214077255e-17
15-Jan 16:58:35:INFO:root:-- Outer 5: 0.0011847327089130031
15-Jan 16:58:35:INFO:root:------ Middle 1: 0.00022741927700354762
15-Jan 16:58:35:INFO:root:Starting from 2.2559496474149324e-17
15-Jan 16:58:35:INFO:root:-- Outer 6: 0.0012223115938286705
15-Jan 16:58:36:INFO:root:------ Middle 1: 0.00018108926124545742
15-Jan 16:58:36:INFO:root:Starting from 1.5928470078076302e-17
15-Jan 16:58:36:INFO:root:-- Outer 7: 0.0004481299185854515
15-Jan 16:58:36:INFO:root:END Outer loop
15-Jan 16:58:36:INFO:root:Model trade shares: [0.954639, 0.901109, 0.981504]
15-Jan 16:58:36:INFO:root:Data trade shares: [0.954902, 0.927282, 0.98849]
15-Jan 16:58:36:INFO:root:US prices: [0.863175, 0.886256, 0.914508]
15-Jan 16:58:36:INFO:root:in the data: [2.81662, 2.76323, 2.76323]
15-Jan 16:58:36:INFO:root:Nominal world expenditure: 1.825937841984902e7
15-Jan 16:58:36:INFO:root:--------------In the data: [5.52518e7]
15-Jan 16:58:36:INFO:root:--- Period 27 ---
15-Jan 16:58:36:INFO:root:BEGIN Outer loop
15-Jan 16:58:39:INFO:root:------ Middle 1: 0.004483969679197174
15-Jan 16:58:40:INFO:root:------ Middle 2: 0.002472164839465144
15-Jan 16:58:41:INFO:root:------ Middle 3: 0.0018856744087138143
15-Jan 16:58:41:INFO:root:------ Middle 4: 0.0010460119431889151
15-Jan 16:58:41:INFO:root:------ Middle 1: 0.004253932442683034
15-Jan 16:58:41:INFO:root:------ Middle 2: 0.0023459354364335342
15-Jan 16:58:42:INFO:root:------ Middle 5: 0.0008414251010465891
15-Jan 16:58:42:INFO:root:------ Middle 6: 0.00046887835868219223
15-Jan 16:58:42:INFO:root:------ Middle 7: 0.00036829313341583714
15-Jan 16:58:42:INFO:root:------ Middle 3: 0.001797176929685622
15-Jan 16:58:43:INFO:root:------ Middle 4: 0.0009976510967924827
15-Jan 16:58:43:INFO:root:------ Middle 8: 0.00023022333356030668
15-Jan 16:58:43:INFO:root:Starting from 1.1929248508969376e-17
15-Jan 16:58:43:INFO:root:-- Outer 1: 0.023230174375537472
15-Jan 16:58:43:INFO:root:------ Middle 1: 0.0026650747132095738
15-Jan 16:58:43:INFO:root:------ Middle 5: 0.000808455228564652
15-Jan 16:58:44:INFO:root:------ Middle 6: 0.00045127406978617363
15-Jan 16:58:44:INFO:root:------ Middle 7: 0.00035686323964876184
15-Jan 16:58:44:INFO:root:------ Middle 8: 0.00022320695661094033
15-Jan 16:58:44:INFO:root:Starting from 1.1692779777904677e-17
15-Jan 16:58:44:INFO:root:-- Outer 1: 0.021553221680838865
15-Jan 16:58:44:INFO:root:------ Middle 1: 0.0026197557943991134
15-Jan 16:58:45:INFO:root:------ Middle 2: 0.0008471614512180318
15-Jan 16:58:45:INFO:root:------ Middle 3: 0.000470446227657938
15-Jan 16:58:45:INFO:root:------ Middle 4: 0.00034844458438534995
15-Jan 16:58:45:INFO:root:------ Middle 5: 0.00021075201232353662
15-Jan 16:58:45:INFO:root:Starting from 2.113590945367117e-17
15-Jan 16:58:45:INFO:root:-- Outer 2: 0.011134441633018898
15-Jan 16:58:45:INFO:root:------ Middle 1: 0.0005481585430723051
15-Jan 16:58:46:INFO:root:------ Middle 2: 0.0008223833800063066
15-Jan 16:58:46:INFO:root:------ Middle 3: 0.0004566702593921814
15-Jan 16:58:47:INFO:root:------ Middle 4: 0.0003373490490381159
15-Jan 16:58:47:INFO:root:------ Middle 2: 0.00032274148102969576
15-Jan 16:58:47:INFO:root:------ Middle 5: 0.00020425180466159578
15-Jan 16:58:47:INFO:root:Starting from 2.1146803588183565e-17
15-Jan 16:58:47:INFO:root:-- Outer 2: 0.010496213117765085
15-Jan 16:58:47:INFO:root:------ Middle 3: 0.00018347084098072422
15-Jan 16:58:47:INFO:root:Starting from 1.6630561203730814e-17
15-Jan 16:58:47:INFO:root:-- Outer 3: 0.004831168999346508
15-Jan 16:58:47:INFO:root:------ Middle 1: 0.0005324475977846988
15-Jan 16:58:47:INFO:root:------ Middle 1: 0.0002824680673240948
15-Jan 16:58:47:INFO:root:Starting from 1.4737125162254532e-17
15-Jan 16:58:47:INFO:root:-- Outer 4: 0.004817647547385329
15-Jan 16:58:48:INFO:root:------ Middle 2: 0.000308986270159854
15-Jan 16:58:48:INFO:root:------ Middle 1: 0.00034316077789129734
15-Jan 16:58:48:INFO:root:------ Middle 3: 0.00017585722868799518
15-Jan 16:58:49:INFO:root:Starting from 1.719795183024707e-17
15-Jan 16:58:49:INFO:root:-- Outer 3: 0.004586313035071139
15-Jan 16:58:49:INFO:root:------ Middle 2: 0.00019199967357333056
15-Jan 16:58:49:INFO:root:Starting from 1.7227174334255817e-17
15-Jan 16:58:49:INFO:root:-- Outer 5: 0.0012648078693001984
15-Jan 16:58:49:INFO:root:------ Middle 1: 0.0002709659751673306
15-Jan 16:58:49:INFO:root:Starting from 1.551025886715995e-17
15-Jan 16:58:49:INFO:root:-- Outer 4: 0.004568160186492534
15-Jan 16:58:49:INFO:root:------ Middle 1: 0.00020231871378585217
15-Jan 16:58:49:INFO:root:Starting from 1.9111813519961585e-17
15-Jan 16:58:49:INFO:root:-- Outer 6: 0.0013522656370977733
15-Jan 16:58:49:INFO:root:------ Middle 1: 0.0001924902368821136
15-Jan 16:58:49:INFO:root:Starting from 1.3268851071385536e-17
15-Jan 16:58:49:INFO:root:-- Outer 7: 0.0004860354234292224
15-Jan 16:58:49:INFO:root:END Outer loop
15-Jan 16:58:49:INFO:root:Model trade shares: [0.949775, 0.91375, 0.981246]
15-Jan 16:58:49:INFO:root:Data trade shares: [0.951101, 0.932187, 0.983861]
15-Jan 16:58:49:INFO:root:US prices: [0.878101, 0.842489, 0.903983]
15-Jan 16:58:49:INFO:root:in the data: [2.96009, 2.78199, 2.78199]
15-Jan 16:58:49:INFO:root:Nominal world expenditure: 1.751152424714052e7
15-Jan 16:58:49:INFO:root:--------------In the data: [5.49713e7]
15-Jan 16:58:49:INFO:root:--- Period 28 ---
15-Jan 16:58:49:INFO:root:BEGIN Outer loop
15-Jan 16:58:50:INFO:root:------ Middle 1: 0.00032627050416074227
15-Jan 16:58:50:INFO:root:------ Middle 2: 0.00018257678764608062
15-Jan 16:58:50:INFO:root:Starting from 1.822034630133193e-17
15-Jan 16:58:50:INFO:root:-- Outer 5: 0.0011856116286098287
15-Jan 16:58:50:INFO:root:------ Middle 1: 0.00019321870365581837
15-Jan 16:58:50:INFO:root:Starting from 2.3128427998123555e-17
15-Jan 16:58:50:INFO:root:-- Outer 6: 0.0012723188313768499
15-Jan 16:58:51:INFO:root:------ Middle 1: 0.00018237014709208504
15-Jan 16:58:51:INFO:root:Starting from 1.8288401910876598e-17
15-Jan 16:58:51:INFO:root:-- Outer 7: 0.000469844377890722
15-Jan 16:58:51:INFO:root:END Outer loop
15-Jan 16:58:51:INFO:root:Model trade shares: [0.930939, 0.917164, 0.988154]
15-Jan 16:58:51:INFO:root:Data trade shares: [0.944757, 0.931965, 0.986375]
15-Jan 16:58:51:INFO:root:US prices: [0.886046, 0.820683, 0.837428]
15-Jan 16:58:51:INFO:root:in the data: [2.85731, 2.74066, 2.74066]
15-Jan 16:58:51:INFO:root:Nominal world expenditure: 1.7211880432288576e7
15-Jan 16:58:51:INFO:root:--------------In the data: [5.4623e7]
15-Jan 16:58:51:INFO:root:--- Period 29 ---
15-Jan 16:58:51:INFO:root:BEGIN Outer loop
15-Jan 16:58:54:INFO:root:------ Middle 1: 0.004126630195605603
15-Jan 16:58:55:INFO:root:------ Middle 2: 0.002275895080314235
15-Jan 16:58:56:INFO:root:------ Middle 3: 0.001758267229733201
15-Jan 16:58:56:INFO:root:------ Middle 4: 0.0009755132224817841
15-Jan 16:58:56:INFO:root:------ Middle 1: 0.004282502045246756
15-Jan 16:58:56:INFO:root:------ Middle 2: 0.00236138439529079
15-Jan 16:58:57:INFO:root:------ Middle 5: 0.0007911251986420719
15-Jan 16:58:57:INFO:root:------ Middle 6: 0.0004416967321815034
15-Jan 16:58:58:INFO:root:------ Middle 7: 0.00035067833248251775
15-Jan 16:58:58:INFO:root:------ Middle 3: 0.0018135382946113969
15-Jan 16:58:58:INFO:root:------ Middle 8: 0.00021957631328136626
15-Jan 16:58:58:INFO:root:Starting from 1.1956037680638392e-17
15-Jan 16:58:58:INFO:root:-- Outer 1: 0.020626241926264825
15-Jan 16:58:58:INFO:root:------ Middle 4: 0.0010058125089567787
15-Jan 16:58:58:INFO:root:------ Middle 1: 0.0025206753264729815
15-Jan 16:58:59:INFO:root:------ Middle 5: 0.0008105463470868602
15-Jan 16:58:59:INFO:root:------ Middle 6: 0.00045235100634885984
15-Jan 16:58:59:INFO:root:------ Middle 7: 0.00035815566808743724
15-Jan 16:58:59:INFO:root:------ Middle 8: 0.0002236069750140502
15-Jan 16:58:59:INFO:root:Starting from 1.1590498330975673e-17
15-Jan 16:58:59:INFO:root:-- Outer 1: 0.02108174489463947
15-Jan 16:59:00:INFO:root:------ Middle 1: 0.0026078251278005686
15-Jan 16:59:00:INFO:root:------ Middle 2: 0.0007764123416530568
15-Jan 16:59:00:INFO:root:------ Middle 3: 0.0004316573085895838
15-Jan 16:59:00:INFO:root:------ Middle 4: 0.00032058956626193814
15-Jan 16:59:00:INFO:root:------ Middle 5: 0.00019531784203261047
15-Jan 16:59:00:INFO:root:Starting from 1.9018208170338423e-17
15-Jan 16:59:00:INFO:root:-- Outer 2: 0.010107199604373514
15-Jan 16:59:01:INFO:root:------ Middle 1: 0.000491741980211644
15-Jan 16:59:01:INFO:root:------ Middle 2: 0.000820931527526593
15-Jan 16:59:02:INFO:root:------ Middle 3: 0.0004559211627684332
15-Jan 16:59:02:INFO:root:------ Middle 2: 0.0002929178065937962
15-Jan 16:59:02:INFO:root:Starting from 2.2308533125170743e-17
15-Jan 16:59:02:INFO:root:-- Outer 3: 0.004452714743036225
15-Jan 16:59:02:INFO:root:------ Middle 4: 0.00033879646274827556
15-Jan 16:59:02:INFO:root:------ Middle 1: 0.00023517687150180957
15-Jan 16:59:02:INFO:root:Starting from 2.1557463316725842e-17
15-Jan 16:59:02:INFO:root:-- Outer 4: 0.004493964798912417
15-Jan 16:59:02:INFO:root:------ Middle 5: 0.00020582412774107758
15-Jan 16:59:02:INFO:root:Starting from 2.177117202196669e-17
15-Jan 16:59:02:INFO:root:-- Outer 2: 0.0103190890737485
15-Jan 16:59:02:INFO:root:------ Middle 1: 0.0005166440573562415
15-Jan 16:59:04:INFO:root:------ Middle 1: 0.0003078055898870708
15-Jan 16:59:04:INFO:root:------ Middle 2: 0.0003040790714207022
15-Jan 16:59:04:INFO:root:------ Middle 2: 0.0001736224420385045
15-Jan 16:59:04:INFO:root:Starting from 1.6276254044341626e-17
15-Jan 16:59:04:INFO:root:-- Outer 5: 0.001165822988824641
15-Jan 16:59:04:INFO:root:------ Middle 3: 0.0001734531658516869
15-Jan 16:59:04:INFO:root:Starting from 2.0396828130896033e-17
15-Jan 16:59:04:INFO:root:-- Outer 3: 0.004496070126384358
15-Jan 16:59:04:INFO:root:------ Middle 1: 0.0001775396397213764
15-Jan 16:59:04:INFO:root:Starting from 1.6581963019832442e-17
15-Jan 16:59:04:INFO:root:-- Outer 6: 0.0012542499000997613
15-Jan 16:59:04:INFO:root:------ Middle 1: 0.0002456540694330467
15-Jan 16:59:04:INFO:root:Starting from 1.254391718148473e-17
15-Jan 16:59:04:INFO:root:-- Outer 4: 0.004467915188166771
15-Jan 16:59:04:INFO:root:------ Middle 1: 0.00016579763651744026
15-Jan 16:59:04:INFO:root:Starting from 2.170235544791262e-17
15-Jan 16:59:04:INFO:root:-- Outer 7: 0.0004745306226098476
15-Jan 16:59:04:INFO:root:END Outer loop
15-Jan 16:59:04:INFO:root:Model trade shares: [0.935174, 0.914794, 0.98335]
15-Jan 16:59:04:INFO:root:Data trade shares: [0.943324, 0.928045, 0.988948]
15-Jan 16:59:04:INFO:root:US prices: [0.910171, 0.841512, 0.86342]
15-Jan 16:59:04:INFO:root:in the data: [2.94743, 2.7898, 2.7898]
15-Jan 16:59:04:INFO:root:Nominal world expenditure: 1.7746164109622262e7
15-Jan 16:59:04:INFO:root:--------------In the data: [5.65242e7]
15-Jan 16:59:04:INFO:root:--- Period 30 ---
15-Jan 16:59:04:INFO:root:BEGIN Outer loop
15-Jan 16:59:05:INFO:root:------ Middle 1: 0.00029902521966491903
15-Jan 16:59:05:INFO:root:Starting from 1.474507315011421e-17
15-Jan 16:59:05:INFO:root:-- Outer 5: 0.0011309520181172709
15-Jan 16:59:06:INFO:root:------ Middle 1: 0.0002467031910387777
15-Jan 16:59:06:INFO:root:Starting from 1.4456475954595702e-17
15-Jan 16:59:06:INFO:root:-- Outer 6: 0.0011609027477914374
15-Jan 16:59:06:INFO:root:------ Middle 1: 0.0001976662498664287
15-Jan 16:59:06:INFO:root:Starting from 1.8578322097304197e-17
15-Jan 16:59:06:INFO:root:-- Outer 7: 0.0004517875320334447
15-Jan 16:59:06:INFO:root:END Outer loop
15-Jan 16:59:06:INFO:root:Model trade shares: [0.946515, 0.914487, 0.982032]
15-Jan 16:59:06:INFO:root:Data trade shares: [0.949239, 0.924453, 0.987338]
15-Jan 16:59:06:INFO:root:US prices: [0.893208, 0.840642, 0.844233]
15-Jan 16:59:06:INFO:root:in the data: [2.95883, 2.79593, 2.79593]
15-Jan 16:59:06:INFO:root:Nominal world expenditure: 1.8393038081678968e7
15-Jan 16:59:06:INFO:root:--------------In the data: [5.8302e7]
15-Jan 16:59:06:INFO:root:--- Period 31 ---
15-Jan 16:59:06:INFO:root:BEGIN Outer loop
15-Jan 16:59:10:INFO:root:------ Middle 1: 0.004558631104484493
15-Jan 16:59:10:INFO:root:------ Middle 2: 0.002513127044428665
15-Jan 16:59:11:INFO:root:------ Middle 3: 0.00190413004856234
15-Jan 16:59:11:INFO:root:------ Middle 1: 0.004971166152588549
15-Jan 16:59:11:INFO:root:------ Middle 4: 0.0010562286336546955
15-Jan 16:59:11:INFO:root:------ Middle 2: 0.002740581517189084
15-Jan 16:59:12:INFO:root:------ Middle 5: 0.00084619749511112
15-Jan 16:59:12:INFO:root:------ Middle 6: 0.0004718900472900807
15-Jan 16:59:12:INFO:root:------ Middle 3: 0.002033398508770649
15-Jan 16:59:13:INFO:root:------ Middle 4: 0.0011271628517058774
15-Jan 16:59:13:INFO:root:------ Middle 7: 0.0003704668035561792
15-Jan 16:59:13:INFO:root:------ Middle 8: 0.00023020284514543182
15-Jan 16:59:13:INFO:root:Starting from 1.140449539411134e-17
15-Jan 16:59:13:INFO:root:-- Outer 1: 0.022491665344662
15-Jan 16:59:13:INFO:root:------ Middle 1: 0.0028026451210553444
15-Jan 16:59:13:INFO:root:------ Middle 5: 0.000881541430324939
15-Jan 16:59:14:INFO:root:------ Middle 6: 0.00049129827186543
15-Jan 16:59:14:INFO:root:------ Middle 7: 0.00034905322263816777
15-Jan 16:59:14:INFO:root:------ Middle 8: 0.00022382440238534823
15-Jan 16:59:14:INFO:root:Starting from 1.172534086478162e-17
15-Jan 16:59:14:INFO:root:-- Outer 1: 0.02382108232031505
15-Jan 16:59:14:INFO:root:------ Middle 1: 0.0029484232672071058
15-Jan 16:59:15:INFO:root:------ Middle 2: 0.0008968496582637155
15-Jan 16:59:15:INFO:root:------ Middle 3: 0.0004976991987874915
15-Jan 16:59:15:INFO:root:------ Middle 4: 0.00036703435617947835
15-Jan 16:59:16:INFO:root:------ Middle 5: 0.00022372739573879333
15-Jan 16:59:16:INFO:root:Starting from 1.7515929806945628e-17
15-Jan 16:59:16:INFO:root:-- Outer 2: 0.010867358419846056
15-Jan 16:59:16:INFO:root:------ Middle 1: 0.0005360860697931238
15-Jan 16:59:16:INFO:root:------ Middle 2: 0.0009492767108728832
15-Jan 16:59:16:INFO:root:------ Middle 3: 0.0005269399931274437
15-Jan 16:59:16:INFO:root:------ Middle 4: 0.0003860370792983695
15-Jan 16:59:16:INFO:root:------ Middle 5: 0.00023376663562063018
15-Jan 16:59:16:INFO:root:Starting from 1.6924456446763062e-17
15-Jan 16:59:16:INFO:root:-- Outer 2: 0.011509621638755956
15-Jan 16:59:17:INFO:root:------ Middle 1: 0.0005810070898900112
15-Jan 16:59:17:INFO:root:------ Middle 2: 0.0003196889134090825
15-Jan 16:59:17:INFO:root:------ Middle 3: 0.00018197526012924856
15-Jan 16:59:17:INFO:root:Starting from 1.8619511637852835e-17
15-Jan 16:59:17:INFO:root:-- Outer 3: 0.004705745623941738
15-Jan 16:59:17:INFO:root:------ Middle 1: 0.00025361162881393554
15-Jan 16:59:17:INFO:root:Starting from 1.367139800316689e-17
15-Jan 16:59:17:INFO:root:-- Outer 4: 0.004669900652784663
15-Jan 16:59:18:INFO:root:------ Middle 2: 0.00033213912479402116
15-Jan 16:59:18:INFO:root:------ Middle 3: 0.00018901540203689673
15-Jan 16:59:18:INFO:root:Starting from 1.848410787919511e-17
15-Jan 16:59:18:INFO:root:-- Outer 3: 0.005026057030579065
15-Jan 16:59:18:INFO:root:------ Middle 1: 0.00030011953713107617
15-Jan 16:59:19:INFO:root:------ Middle 1: 0.0003024678314685655
15-Jan 16:59:19:INFO:root:------ Middle 2: 0.00016964130134434292
15-Jan 16:59:19:INFO:root:Starting from 1.613724848761724e-17
15-Jan 16:59:19:INFO:root:-- Outer 5: 0.0012316518126727312
15-Jan 16:59:19:INFO:root:------ Middle 1: 0.0001800903441836636
15-Jan 16:59:19:INFO:root:Starting from 1.1934149101700815e-17
15-Jan 16:59:19:INFO:root:-- Outer 6: 0.0013123064709336342
15-Jan 16:59:19:INFO:root:------ Middle 2: 0.00021169012285719154
15-Jan 16:59:19:INFO:root:Starting from 1.501741914919609e-17
15-Jan 16:59:19:INFO:root:-- Outer 4: 0.0020519737526783076
15-Jan 16:59:19:INFO:root:------ Middle 1: 0.00022460046853972913
15-Jan 16:59:19:INFO:root:Starting from 2.054482350774882e-17
15-Jan 16:59:19:INFO:root:-- Outer 5: 0.0020197802352546973
15-Jan 16:59:20:INFO:root:------ Middle 1: 0.00016556888899233355
15-Jan 16:59:20:INFO:root:Starting from 2.0153280532863955e-17
15-Jan 16:59:20:INFO:root:-- Outer 7: 0.0004572766239118399
15-Jan 16:59:20:INFO:root:END Outer loop
15-Jan 16:59:20:INFO:root:Model trade shares: [0.948021, 0.919457, 0.987109]
15-Jan 16:59:20:INFO:root:Data trade shares: [0.951781, 0.9268, 0.989231]
15-Jan 16:59:20:INFO:root:US prices: [0.87746, 0.865188, 0.850859]
15-Jan 16:59:20:INFO:root:in the data: [2.94894, 2.90959, 2.90959]
15-Jan 16:59:20:INFO:root:Nominal world expenditure: 1.8676947347650312e7
15-Jan 16:59:20:INFO:root:--------------In the data: [5.76528e7]
15-Jan 16:59:20:INFO:root:--- Period 32 ---
15-Jan 16:59:20:INFO:root:BEGIN Outer loop
15-Jan 16:59:20:INFO:root:------ Middle 1: 0.00024127543836063332
15-Jan 16:59:20:INFO:root:Starting from 1.9793823784288954e-17
15-Jan 16:59:20:INFO:root:-- Outer 6: 0.0005467462634428994
15-Jan 16:59:20:INFO:root:END Outer loop
15-Jan 16:59:20:INFO:root:Model trade shares: [0.931721, 0.906955, 0.975386]
15-Jan 16:59:20:INFO:root:Data trade shares: [0.946294, 0.923226, 0.982471]
15-Jan 16:59:20:INFO:root:US prices: [0.842873, 0.859907, 0.930483]
15-Jan 16:59:20:INFO:root:in the data: [2.69951, 2.89119, 2.89119]
15-Jan 16:59:20:INFO:root:Nominal world expenditure: 1.940298210496944e7
15-Jan 16:59:20:INFO:root:--------------In the data: [5.96564e7]
15-Jan 16:59:20:INFO:root:--- Period 33 ---
15-Jan 16:59:20:INFO:root:BEGIN Outer loop
15-Jan 16:59:25:INFO:root:------ Middle 1: 0.0054815383439979996
15-Jan 16:59:25:INFO:root:------ Middle 1: 0.005257211490185399
15-Jan 16:59:25:INFO:root:------ Middle 2: 0.003022160112168342
15-Jan 16:59:25:INFO:root:------ Middle 2: 0.002898366663207557
15-Jan 16:59:26:INFO:root:------ Middle 3: 0.0022226976428051915
15-Jan 16:59:26:INFO:root:------ Middle 3: 0.0021409345653681847
15-Jan 16:59:26:INFO:root:------ Middle 4: 0.0012312959288720688
15-Jan 16:59:26:INFO:root:------ Middle 4: 0.0011862824758719372
15-Jan 16:59:27:INFO:root:------ Middle 5: 0.0009499930830158536
15-Jan 16:59:27:INFO:root:------ Middle 6: 0.0005266991200397034
15-Jan 16:59:27:INFO:root:------ Middle 5: 0.0009260651225443245
15-Jan 16:59:27:INFO:root:------ Middle 6: 0.0005155079933426318
15-Jan 16:59:27:INFO:root:------ Middle 7: 0.0003662331950851819
15-Jan 16:59:27:INFO:root:------ Middle 8: 0.00023400321601250204
15-Jan 16:59:27:INFO:root:Starting from 1.1939462275948968e-17
15-Jan 16:59:27:INFO:root:-- Outer 1: 0.026328031584311743
15-Jan 16:59:27:INFO:root:------ Middle 7: 0.00039524675047117574
15-Jan 16:59:27:INFO:root:------ Middle 1: 0.0031936314539691606
15-Jan 16:59:27:INFO:root:------ Middle 8: 0.00023527120908939804
15-Jan 16:59:27:INFO:root:Starting from 1.1986138950010183e-17
15-Jan 16:59:27:INFO:root:-- Outer 1: 0.025572056374904797
15-Jan 16:59:27:INFO:root:------ Middle 1: 0.003164843313342813
15-Jan 16:59:29:INFO:root:------ Middle 2: 0.001025730554607449
15-Jan 16:59:29:INFO:root:------ Middle 3: 0.0005708049059708448
15-Jan 16:59:29:INFO:root:------ Middle 2: 0.0010210806318047979
15-Jan 16:59:29:INFO:root:------ Middle 3: 0.0005671540870174443
15-Jan 16:59:29:INFO:root:------ Middle 4: 0.00041533057692055185
15-Jan 16:59:29:INFO:root:------ Middle 5: 0.0002514381081462538
15-Jan 16:59:29:INFO:root:Starting from 1.6108322520147654e-17
15-Jan 16:59:29:INFO:root:-- Outer 2: 0.012431049637234478
15-Jan 16:59:30:INFO:root:------ Middle 1: 0.000620501718532384
15-Jan 16:59:30:INFO:root:------ Middle 4: 0.0004143143950603408
15-Jan 16:59:30:INFO:root:------ Middle 5: 0.0002507117070264077
15-Jan 16:59:30:INFO:root:Starting from 1.8425928856204622e-17
15-Jan 16:59:30:INFO:root:-- Outer 2: 0.012225279901103801
15-Jan 16:59:30:INFO:root:------ Middle 1: 0.0007406511408127067
15-Jan 16:59:31:INFO:root:------ Middle 2: 0.0003634162107407788
15-Jan 16:59:31:INFO:root:------ Middle 3: 0.00020701230186085615
15-Jan 16:59:31:INFO:root:Starting from 1.9958791053036476e-17
15-Jan 16:59:31:INFO:root:-- Outer 3: 0.005426138300154962
15-Jan 16:59:31:INFO:root:------ Middle 1: 0.00033538973623124124
15-Jan 16:59:31:INFO:root:------ Middle 2: 0.0003712376940991189
15-Jan 16:59:31:INFO:root:------ Middle 3: 0.0002101747050653338
15-Jan 16:59:31:INFO:root:Starting from 1.7067888576940635e-17
15-Jan 16:59:31:INFO:root:-- Outer 3: 0.005486932140108095
15-Jan 16:59:31:INFO:root:------ Middle 1: 0.00043850349332192067
15-Jan 16:59:32:INFO:root:------ Middle 2: 0.00023994371428806295
15-Jan 16:59:32:INFO:root:Starting from 1.689085680186173e-17
15-Jan 16:59:32:INFO:root:-- Outer 4: 0.002292822623150183
15-Jan 16:59:32:INFO:root:------ Middle 1: 0.0002656603982855723
15-Jan 16:59:32:INFO:root:Starting from 1.8399875302215203e-17
15-Jan 16:59:32:INFO:root:-- Outer 5: 0.002277143311082404
15-Jan 16:59:32:INFO:root:------ Middle 2: 0.00025552797927269274
15-Jan 16:59:32:INFO:root:Starting from 1.8973867711866145e-17
15-Jan 16:59:32:INFO:root:-- Outer 4: 0.002432626533085969
15-Jan 16:59:32:INFO:root:------ Middle 1: 0.00033581303746277986
15-Jan 16:59:33:INFO:root:------ Middle 1: 0.0003018133177550562
15-Jan 16:59:33:INFO:root:------ Middle 2: 0.00018416660398085777
15-Jan 16:59:33:INFO:root:Starting from 1.6975527368489502e-17
15-Jan 16:59:33:INFO:root:-- Outer 5: 0.001357257883430235
15-Jan 16:59:33:INFO:root:------ Middle 1: 0.0002502323653862415
15-Jan 16:59:33:INFO:root:Starting from 1.5077210836208827e-17
15-Jan 16:59:33:INFO:root:-- Outer 6: 0.001388973183996433
15-Jan 16:59:33:INFO:root:------ Middle 2: 0.00018193231064930735
15-Jan 16:59:33:INFO:root:Starting from 1.4776493542869463e-17
15-Jan 16:59:33:INFO:root:-- Outer 6: 0.0008776876060773892
15-Jan 16:59:33:INFO:root:END Outer loop
15-Jan 16:59:33:INFO:root:Model trade shares: [0.957469, 0.901124, 0.976997]
15-Jan 16:59:33:INFO:root:Data trade shares: [0.95528, 0.914832, 0.982791]
15-Jan 16:59:33:INFO:root:US prices: [0.949268, 0.925434, 1.02601]
15-Jan 16:59:33:INFO:root:in the data: [3.32883, 3.15407, 3.15407]
15-Jan 16:59:33:INFO:root:Nominal world expenditure: 2.5851700979222327e7
15-Jan 16:59:33:INFO:root:--------------In the data: [7.56745e7]
15-Jan 16:59:33:INFO:root:--- Period 34 ---
15-Jan 16:59:33:INFO:root:BEGIN Outer loop
15-Jan 16:59:33:INFO:root:------ Middle 1: 0.0002731586123022919
15-Jan 16:59:33:INFO:root:Starting from 1.488870947868898e-17
15-Jan 16:59:33:INFO:root:-- Outer 7: 0.000527899208514672
15-Jan 16:59:33:INFO:root:END Outer loop
15-Jan 16:59:33:INFO:root:Model trade shares: [0.947132, 0.910597, 0.977646]
15-Jan 16:59:33:INFO:root:Data trade shares: [0.95138, 0.919234, 0.983181]
15-Jan 16:59:33:INFO:root:US prices: [0.916727, 0.887344, 0.971807]
15-Jan 16:59:33:INFO:root:in the data: [3.11354, 3.01039, 3.01039]
15-Jan 16:59:33:INFO:root:Nominal world expenditure: 2.2531897961200416e7
15-Jan 16:59:33:INFO:root:--------------In the data: [6.70931e7]
15-Jan 16:59:34:INFO:root:--- Period 35 ---
15-Jan 16:59:34:INFO:root:BEGIN Outer loop
15-Jan 16:59:38:INFO:root:------ Middle 1: 0.005301371708452174
15-Jan 16:59:38:INFO:root:------ Middle 2: 0.0029231519874230744
15-Jan 16:59:38:INFO:root:------ Middle 1: 0.005181459393077661
15-Jan 16:59:38:INFO:root:------ Middle 2: 0.0028571193394122253
15-Jan 16:59:39:INFO:root:------ Middle 3: 0.002152745796099552
15-Jan 16:59:39:INFO:root:------ Middle 4: 0.0011923412651275152
15-Jan 16:59:39:INFO:root:------ Middle 3: 0.0020818049995684805
15-Jan 16:59:39:INFO:root:------ Middle 4: 0.0011528119574638412
15-Jan 16:59:40:INFO:root:------ Middle 5: 0.000927075431368466
15-Jan 16:59:40:INFO:root:------ Middle 6: 0.0005143787687344059
15-Jan 16:59:40:INFO:root:------ Middle 5: 0.0008922975419348552
15-Jan 16:59:40:INFO:root:------ Middle 6: 0.0004948913586613022
15-Jan 16:59:40:INFO:root:------ Middle 7: 0.00036002368905879115
15-Jan 16:59:40:INFO:root:------ Middle 8: 0.00023048231702576865
15-Jan 16:59:40:INFO:root:Starting from 1.195002425735026e-17
15-Jan 16:59:40:INFO:root:-- Outer 1: 0.025773411344529304
15-Jan 16:59:40:INFO:root:------ Middle 1: 0.0031071053097744654
15-Jan 16:59:40:INFO:root:------ Middle 7: 0.0003440265296994635
15-Jan 16:59:40:INFO:root:------ Middle 8: 0.00022141058821161528
15-Jan 16:59:40:INFO:root:Starting from 1.1612585813531796e-17
15-Jan 16:59:40:INFO:root:-- Outer 1: 0.023289281453154898
15-Jan 16:59:40:INFO:root:------ Middle 1: 0.0027878971064860753
15-Jan 16:59:42:INFO:root:------ Middle 2: 0.0010004831976244105
15-Jan 16:59:42:INFO:root:------ Middle 3: 0.0005557964694144128
15-Jan 16:59:42:INFO:root:------ Middle 2: 0.0008683593509369959
15-Jan 16:59:42:INFO:root:------ Middle 3: 0.00048276956479585627
15-Jan 16:59:42:INFO:root:------ Middle 4: 0.00040412950131246954
15-Jan 16:59:42:INFO:root:------ Middle 5: 0.0002456231005585005
15-Jan 16:59:42:INFO:root:Starting from 1.772304270126541e-17
15-Jan 16:59:42:INFO:root:-- Outer 2: 0.012229333118804997
15-Jan 16:59:42:INFO:root:------ Middle 1: 0.0005937928845183457
15-Jan 16:59:42:INFO:root:------ Middle 4: 0.00034913515493785246
15-Jan 16:59:43:INFO:root:------ Middle 5: 0.0002123321862506368
15-Jan 16:59:43:INFO:root:Starting from 1.4070127898026e-17
15-Jan 16:59:43:INFO:root:-- Outer 2: 0.011260531555751319
15-Jan 16:59:43:INFO:root:------ Middle 1: 0.0006250794284114895
15-Jan 16:59:44:INFO:root:------ Middle 2: 0.0003474386288904248
15-Jan 16:59:44:INFO:root:------ Middle 3: 0.00019874945540397643
15-Jan 16:59:44:INFO:root:Starting from 1.24080829982787e-17
15-Jan 16:59:44:INFO:root:-- Outer 3: 0.005397466426412974
15-Jan 16:59:44:INFO:root:------ Middle 1: 0.0003283963173582538
15-Jan 16:59:44:INFO:root:------ Middle 2: 0.00032144905090941787
15-Jan 16:59:44:INFO:root:------ Middle 3: 0.0001837034397637453
15-Jan 16:59:44:INFO:root:Starting from 1.4457002736266065e-17
15-Jan 16:59:44:INFO:root:-- Outer 3: 0.005105535926946112
15-Jan 16:59:44:INFO:root:------ Middle 1: 0.0003490827769351198
15-Jan 16:59:45:INFO:root:------ Middle 2: 0.00024182145405610012
15-Jan 16:59:45:INFO:root:Starting from 1.658601924409151e-17
15-Jan 16:59:45:INFO:root:-- Outer 4: 0.002259159201058178
15-Jan 16:59:45:INFO:root:------ Middle 1: 0.0002687170799176954
15-Jan 16:59:45:INFO:root:Starting from 1.897723542968152e-17
15-Jan 16:59:45:INFO:root:-- Outer 5: 0.002234059158922611
15-Jan 16:59:45:INFO:root:------ Middle 2: 0.00022377981031914356
15-Jan 16:59:45:INFO:root:Starting from 2.1351607643981926e-17
15-Jan 16:59:45:INFO:root:-- Outer 4: 0.002263047650450482
15-Jan 16:59:45:INFO:root:------ Middle 1: 0.0002671860791925991
15-Jan 16:59:45:INFO:root:Starting from 1.6242106251261773e-17
15-Jan 16:59:45:INFO:root:-- Outer 5: 0.0022767618101368174
15-Jan 16:59:45:INFO:root:------ Middle 1: 0.00031390047401555287
15-Jan 16:59:46:INFO:root:------ Middle 1: 0.0002970960604044892
15-Jan 16:59:46:INFO:root:Starting from 1.6655672011451075e-17
15-Jan 16:59:46:INFO:root:-- Outer 6: 0.000735169770095451
15-Jan 16:59:46:INFO:root:END Outer loop
15-Jan 16:59:46:INFO:root:Model trade shares: [0.949663, 0.878417, 0.976152]
15-Jan 16:59:46:INFO:root:Data trade shares: [0.954831, 0.902146, 0.983572]
15-Jan 16:59:46:INFO:root:US prices: [1.18757, 0.946735, 1.07919]
15-Jan 16:59:46:INFO:root:in the data: [3.88449, 3.20236, 3.20236]
15-Jan 16:59:46:INFO:root:Nominal world expenditure: 2.9354107640442666e7
15-Jan 16:59:46:INFO:root:--------------In the data: [8.8489e7]
15-Jan 16:59:46:INFO:root:--- Period 36 ---
15-Jan 16:59:46:INFO:root:BEGIN Outer loop
15-Jan 16:59:46:INFO:root:------ Middle 2: 0.00018465549320741698
15-Jan 16:59:46:INFO:root:Starting from 1.7177027371751297e-17
15-Jan 16:59:46:INFO:root:-- Outer 6: 0.0008214216315209138
15-Jan 16:59:46:INFO:root:END Outer loop
15-Jan 16:59:46:INFO:root:Model trade shares: [0.955696, 0.888429, 0.979197]
15-Jan 16:59:46:INFO:root:Data trade shares: [0.956446, 0.911974, 0.985299]
15-Jan 16:59:46:INFO:root:US prices: [1.08117, 0.925892, 1.03763]
15-Jan 16:59:46:INFO:root:in the data: [3.74316, 3.20378, 3.20378]
15-Jan 16:59:46:INFO:root:Nominal world expenditure: 2.7243343589275982e7
15-Jan 16:59:46:INFO:root:--------------In the data: [8.18345e7]
15-Jan 16:59:50:INFO:root:------ Middle 1: 0.004653085404026547
15-Jan 16:59:50:INFO:root:------ Middle 2: 0.0025653358510085845
15-Jan 16:59:51:INFO:root:------ Middle 3: 0.0018912226058749083
15-Jan 16:59:51:INFO:root:------ Middle 4: 0.0010467076332691103
15-Jan 16:59:52:INFO:root:------ Middle 5: 0.0008215741309944503
15-Jan 16:59:52:INFO:root:------ Middle 6: 0.0004567058585356549
15-Jan 16:59:53:INFO:root:------ Middle 7: 0.0003188946640249258
15-Jan 16:59:53:INFO:root:------ Middle 8: 0.0002076261826492532
15-Jan 16:59:53:INFO:root:Starting from 1.1285501202168895e-17
15-Jan 16:59:53:INFO:root:-- Outer 1: 0.01968049838033829
15-Jan 16:59:53:INFO:root:------ Middle 1: 0.00236483178794619
15-Jan 16:59:54:INFO:root:------ Middle 2: 0.0007067269123467051
15-Jan 16:59:54:INFO:root:------ Middle 3: 0.00039184001789151413
15-Jan 16:59:55:INFO:root:------ Middle 4: 0.00028450872598438344
15-Jan 16:59:55:INFO:root:Starting from 1.8255749983636678e-17
15-Jan 16:59:55:INFO:root:-- Outer 2: 0.009779736500736663
15-Jan 16:59:55:INFO:root:------ Middle 1: 0.0004862491503845507
15-Jan 16:59:56:INFO:root:------ Middle 2: 0.0002911602800792696
15-Jan 16:59:56:INFO:root:Starting from 1.5397190838558398e-17
15-Jan 16:59:56:INFO:root:-- Outer 3: 0.004336090728217807
15-Jan 16:59:56:INFO:root:------ Middle 1: 0.00024842471742314977
15-Jan 16:59:56:INFO:root:Starting from 1.7427801712751836e-17
15-Jan 16:59:56:INFO:root:-- Outer 4: 0.004274484258626611
15-Jan 16:59:57:INFO:root:------ Middle 1: 0.0002927689235132455
15-Jan 16:59:57:INFO:root:Starting from 1.9985772031998283e-17
15-Jan 16:59:57:INFO:root:-- Outer 5: 0.0010361141472461466
15-Jan 16:59:58:INFO:root:------ Middle 1: 0.00023642544881709475
15-Jan 16:59:58:INFO:root:Starting from 1.860324782261963e-17
15-Jan 16:59:58:INFO:root:-- Outer 6: 0.0010885239462898695
15-Jan 16:59:58:INFO:root:------ Middle 1: 0.00020828718920821
15-Jan 16:59:58:INFO:root:Starting from 1.9152903288694587e-17
15-Jan 16:59:58:INFO:root:-- Outer 7: 0.0005119953702307317
15-Jan 16:59:58:INFO:root:END Outer loop
15-Jan 16:59:58:INFO:root:Model trade shares: [0.956386, 0.88252, 0.979495]
15-Jan 16:59:58:INFO:root:Data trade shares: [0.955026, 0.900005, 0.981768]
15-Jan 16:59:58:INFO:root:US prices: [1.26981, 1.02371, 1.10825]
15-Jan 16:59:58:INFO:root:in the data: [4.23838, 3.41193, 3.41193]
15-Jan 16:59:58:INFO:root:Nominal world expenditure: 3.3607808399956696e7
15-Jan 16:59:58:INFO:root:--------------In the data: [9.98292e7]
273.750266 seconds (921.89 k allocations: 657.098 MiB, 0.11% gc time)
