WARNING: Method definition warn(Any...) in module Base at util.jl:589 overwritten in module Logging at //////////////////////////////////////////////////////usr/local/julia/JuliaPro-0.6.3.1/JuliaPro/pkgs-0.6.3.1/v0.6/Logging/src/Logging.jl:115.
WARNING: Method definition info(Any...) in module Base at util.jl:534 overwritten in module Logging at //////////////////////////////////////////////////////usr/local/julia/JuliaPro-0.6.3.1/JuliaPro/pkgs-0.6.3.1/v0.6/Logging/src/Logging.jl:115.
WARNING: Method definition warn(Any...) in module Base at util.jl:589 overwritten in module Logging at //////////////////////////////////////////////////////usr/local/julia/JuliaPro-0.6.3.1/JuliaPro/pkgs-0.6.3.1/v0.6/Logging/src/Logging.jl:115.
WARNING: Method definition warn(WARNIN) in module Base at uwarn(Any...) in module Base at util.jl:589 overwritten in module Loggin(Any...) in module Base at util.jl:534 overwritten in module Logging at //////////////////////////////////////////////////////usr/local/julia/JuliaPro-0.6.3.1/JuliaPro/pkgs-0.6.3.1/v0.6/...) in module Base at util.jl:534 overwritten in module Logging at //////////////////////////////////////////////////////usr/local/julia/JuliaPro-0.6.3.1/JuliaPro/pkgs-0.6.3.1/v0.6/Logging/src/Logging.jl:115.
30-Nov 15:11:31:INFO:root:--- Period 4 ---
30-Nov 15:11:31:INFO:root:--- Period 9 ---
30-Nov 15:11:31:INFO:root:--- Period 6 ---
30-Nov 15:11:31:INFO:root:--- Period 3 ---
30-Nov 15:11:31:INFO:root:--- Period 7 ---
30-Nov 15:11:31:INFO:root:--- Period 1 ---
30-Nov 15:11:31:INFO:root:--- Period 5 ---
30-Nov 15:11:31:INFO:root:--- Period 10 ---
30-Nov 15:11:31:INFO:root:--- Period 2 ---
30-Nov 15:11:31:INFO:root:--- Period 8 ---
30-Nov 15:11:32:INFO:root:--- Period 11 ---
30-Nov 15:11:32:INFO:root:--- Period 12 ---
30-Nov 15:11:42:INFO:root:BEGIN Outer loop
30-Nov 15:11:42:INFO:root:BEGIN Outer loop
30-Nov 15:11:44:INFO:root:BEGIN Outer loop
30-Nov 15:11:44:INFO:root:BEGIN Outer loop
30-Nov 15:11:45:INFO:root:BEGIN Outer loop
30-Nov 15:11:46:INFO:root:BEGIN Outer loop
30-Nov 15:11:46:INFO:root:BEGIN Outer loop
30-Nov 15:11:46:INFO:root:BEGIN Outer loop
30-Nov 15:11:46:INFO:root:BEGIN Outer loop
30-Nov 15:11:47:INFO:root:BEGIN Outer loop
30-Nov 15:11:47:INFO:root:BEGIN Outer loop
30-Nov 15:11:47:INFO:root:BEGIN Outer loop
30-Nov 15:11:58:INFO:root:------ Middle 1: 0.005354235782528649
30-Nov 15:11:58:INFO:root:------ Middle 2: 0.00294995171085882
30-Nov 15:11:58:INFO:root:------ Middle 3: 0.0022572052701457083
30-Nov 15:11:58:INFO:root:------ Middle 4: 0.0012590989161611922
30-Nov 15:11:58:INFO:root:------ Middle 5: 0.0009903689422394617
30-Nov 15:11:58:INFO:root:------ Middle 6: 0.0005555337481817502
30-Nov 15:11:58:INFO:root:------ Middle 7: 0.0004669973449794442
30-Nov 15:11:58:INFO:root:------ Middle 8: 0.00028019497371791055
30-Nov 15:11:59:INFO:root:Starting from 1.348262432932182e-17
30-Nov 15:12:01:INFO:root:-- Outer 1: 0.04071610680954977
30-Nov 15:12:01:INFO:root:------ Middle 1: 0.002592884869586988
30-Nov 15:12:01:INFO:root:------ Middle 2: 0.0008518204098912465
30-Nov 15:12:01:INFO:root:------ Middle 3: 0.0004780855877533357
30-Nov 15:12:01:INFO:root:------ Middle 4: 0.0003722680453479194
30-Nov 15:12:01:INFO:root:------ Middle 5: 0.00019985967226083363
30-Nov 15:12:01:INFO:root:Starting from 8.795623974906976e-18
30-Nov 15:12:01:INFO:root:-- Outer 2: 0.017675297014123858
30-Nov 15:12:02:INFO:root:------ Middle 1: 0.0005552315309141194
30-Nov 15:12:02:INFO:root:------ Middle 2: 0.0003240172892150978
30-Nov 15:12:02:INFO:root:------ Middle 3: 0.00019399953063957426
30-Nov 15:12:02:INFO:root:Starting from 8.823518874812199e-18
30-Nov 15:12:02:INFO:root:-- Outer 3: 0.007414437224799966
30-Nov 15:12:02:INFO:root:------ Middle 1: 0.00016771915141474414
30-Nov 15:12:02:INFO:root:Starting from 1.3931265865895545e-17
30-Nov 15:12:02:INFO:root:-- Outer 4: 0.007318280558876332
30-Nov 15:12:02:INFO:root:------ Middle 1: 0.00020754206759888394
30-Nov 15:12:02:INFO:root:Starting from 8.745408238665254e-18
30-Nov 15:12:02:INFO:root:-- Outer 5: 0.0015063880530382554
30-Nov 15:12:02:INFO:root:------ Middle 1: 0.00018557498962726014
30-Nov 15:12:02:INFO:root:Starting from 7.627730114827685e-18
30-Nov 15:12:02:INFO:root:-- Outer 6: 0.0016575281315175058
30-Nov 15:12:02:INFO:root:------ Middle 1: 0.00011151124897761692
30-Nov 15:12:02:INFO:root:Starting from 1.0739329418031565e-17
30-Nov 15:12:02:INFO:root:-- Outer 7: 0.000216685282781481
30-Nov 15:12:02:INFO:root:END Outer loop
30-Nov 15:12:02:INFO:root:Model trade shares: [0.971413, 0.942097, 0.995655]
30-Nov 15:12:03:INFO:root:Data trade shares: [0.970499, 0.941882, 0.994321]
30-Nov 15:12:03:INFO:root:US prices: [1.01729, 1.0163, 1.01573]
30-Nov 15:12:03:INFO:root:in the data: [1.0, 1.0, 1.0]
30-Nov 15:12:03:INFO:root:Nominal world expenditure: 8.240517087828755e6
30-Nov 15:12:03:INFO:root:--------------In the data: [8.33469e6]
30-Nov 15:12:05:INFO:root:--- Period 13 ---
30-Nov 15:12:05:INFO:root:BEGIN Outer loop
30-Nov 15:13:12:INFO:root:------ Middle 1: 0.004474521033928037
30-Nov 15:13:18:INFO:root:------ Middle 2: 0.0028055501622809495
30-Nov 15:13:18:INFO:root:------ Middle 3: 0.0015471450831987038
30-Nov 15:13:21:INFO:root:------ Middle 4: 0.0011891210329239136
30-Nov 15:13:22:INFO:root:------ Middle 5: 0.0006578577552174546
30-Nov 15:13:24:INFO:root:------ Middle 1: 0.004109774278922139
30-Nov 15:13:25:INFO:root:------ Middle 6: 0.0005447103436061129
30-Nov 15:13:25:INFO:root:------ Middle 7: 0.0003000289924148897
30-Nov 15:13:26:INFO:root:------ Middle 1: 0.0047394859099925525
30-Nov 15:13:26:INFO:root:------ Middle 1: 0.004449138582061993
30-Nov 15:13:27:INFO:root:------ Middle 8: 0.0002662780693402493
30-Nov 15:13:28:INFO:root:Starting from 1.1923447308206687e-17
30-Nov 15:13:29:INFO:root:-- Outer 1: 0.03196666023639611
30-Nov 15:13:31:INFO:root:------ Middle 1: 0.003940059897927239
30-Nov 15:13:33:INFO:root:------ Middle 1: 0.004315812273799238
30-Nov 15:13:34:INFO:root:------ Middle 1: 0.0049042758189476515
30-Nov 15:13:34:INFO:root:------ Middle 1: 0.0037895031024864673
30-Nov 15:13:35:INFO:root:------ Middle 1: 0.005121618390203824
30-Nov 15:13:35:INFO:root:------ Middle 2: 0.0024642645425118504
30-Nov 15:13:36:INFO:root:------ Middle 3: 0.0013706865514681343
30-Nov 15:13:37:INFO:root:------ Middle 1: 0.000837225246586724
30-Nov 15:13:37:INFO:root:------ Middle 2: 0.0028014123184153562
30-Nov 15:13:38:INFO:root:------ Middle 2: 0.00045895796903792246
30-Nov 15:13:39:INFO:root:------ Middle 4: 0.00107607404926959
30-Nov 15:13:39:INFO:root:------ Middle 3: 0.0003158523630986507
30-Nov 15:13:40:INFO:root:------ Middle 5: 0.0005978070010503148
30-Nov 15:13:40:INFO:root:------ Middle 4: 0.00017349545797776722
30-Nov 15:13:40:INFO:root:Starting from 1.8323136781033123e-17
30-Nov 15:13:40:INFO:root:-- Outer 2: 0.013820974788925513
30-Nov 15:13:40:INFO:root:------ Middle 1: 0.00362899714846168
30-Nov 15:13:40:INFO:root:------ Middle 1: 0.0038639440829735415
30-Nov 15:13:40:INFO:root:------ Middle 1: 0.0008992567893199392
30-Nov 15:13:40:INFO:root:------ Middle 1: 0.004237580387232879
30-Nov 15:13:42:INFO:root:------ Middle 2: 0.0027105871974860006
30-Nov 15:13:43:INFO:root:------ Middle 6: 0.0005045938812264811
30-Nov 15:13:43:INFO:root:------ Middle 2: 0.0032100495439521424
30-Nov 15:13:43:INFO:root:------ Middle 3: 0.0017693820269395453
30-Nov 15:13:43:INFO:root:------ Middle 7: 0.000281609855671169
30-Nov 15:13:43:INFO:root:------ Middle 4: 0.00097501868302934
30-Nov 15:13:44:INFO:root:Starting from 1.2102809701378465e-17
30-Nov 15:13:44:INFO:root:------ Middle 2: 0.00020525079564054314
30-Nov 15:13:44:INFO:root:Starting from 1.5675974089515374e-17
30-Nov 15:13:44:INFO:root:-- Outer 3: 0.0067307095123181945
30-Nov 15:13:45:INFO:root:------ Middle 2: 0.002975493143728921
30-Nov 15:13:45:INFO:root:-- Outer 1: 0.026698257138457672
30-Nov 15:13:45:INFO:root:------ Middle 1: 0.00037840306787700613
30-Nov 15:13:47:INFO:root:------ Middle 5: 0.0007592281662669786
30-Nov 15:13:47:INFO:root:------ Middle 2: 0.002305977053405581
30-Nov 15:13:47:INFO:root:------ Middle 6: 0.000420499018641908
30-Nov 15:13:48:INFO:root:------ Middle 2: 0.003085187822593022
30-Nov 15:13:48:INFO:root:------ Middle 3: 0.002022712434005659
30-Nov 15:13:49:INFO:root:------ Middle 2: 0.0001803117270991455
30-Nov 15:13:49:INFO:root:Starting from 2.271254092254812e-17
30-Nov 15:13:49:INFO:root:-- Outer 4: 0.0029165666831106533
30-Nov 15:13:49:INFO:root:------ Middle 7: 0.00036539195522593845
30-Nov 15:13:49:INFO:root:------ Middle 3: 0.001853521212749197
30-Nov 15:13:50:INFO:root:------ Middle 1: 0.000193589241652262
30-Nov 15:13:50:INFO:root:Starting from 1.6782177612874197e-17
30-Nov 15:13:50:INFO:root:-- Outer 5: 0.0029710438621603475
30-Nov 15:13:50:INFO:root:------ Middle 8: 0.0002022591967899586
30-Nov 15:13:50:INFO:root:------ Middle 1: 0.0008142928837293218
30-Nov 15:13:51:INFO:root:Starting from 1.2686993790107101e-17
30-Nov 15:13:52:INFO:root:------ Middle 3: 0.0019234473807351468
30-Nov 15:13:52:INFO:root:------ Middle 3: 0.0014756153991365428
30-Nov 15:13:52:INFO:root:------ Middle 4: 0.0008193675028834438
30-Nov 15:13:52:INFO:root:------ Middle 2: 0.0004985674372331791
30-Nov 15:13:53:INFO:root:------ Middle 4: 0.0010639255653139164
30-Nov 15:13:53:INFO:root:-- Outer 1: 0.030616236448581163
30-Nov 15:13:53:INFO:root:------ Middle 4: 0.0012812666105586346
30-Nov 15:13:53:INFO:root:------ Middle 4: 0.001179569705724701
30-Nov 15:13:53:INFO:root:------ Middle 3: 0.00027333725571258323
30-Nov 15:13:53:INFO:root:Starting from 1.4802939000984697e-17
30-Nov 15:13:53:INFO:root:-- Outer 2: 0.012472687735403241
30-Nov 15:13:53:INFO:root:------ Middle 5: 0.0007113020597913205
30-Nov 15:13:53:INFO:root:------ Middle 1: 0.004083555980953071
30-Nov 15:13:53:INFO:root:------ Middle 5: 0.0006474780215787964
30-Nov 15:13:54:INFO:root:------ Middle 3: 0.0017255354873951716
30-Nov 15:13:54:INFO:root:------ Middle 1: 0.00016744501360074575
30-Nov 15:13:54:INFO:root:Starting from 1.3128347477119e-17
30-Nov 15:13:54:INFO:root:-- Outer 6: 0.000725919102388582
30-Nov 15:13:54:INFO:root:END Outer loop
30-Nov 15:13:55:INFO:root:------ Middle 2: 0.002672447070567634
30-Nov 15:13:55:INFO:root:------ Middle 3: 0.0014718549408960565
30-Nov 15:13:55:INFO:root:Model trade shares: [0.969427, 0.935522, 0.993057]
30-Nov 15:13:56:INFO:root:Data trade shares: [0.967429, 0.940539, 0.992695]
30-Nov 15:13:56:INFO:root:US prices: [1.25017, 1.06815, 1.05598]
30-Nov 15:13:56:INFO:root:in the data: [1.63396, 1.43854, 1.43854]
30-Nov 15:13:56:INFO:root:------ Middle 5: 0.0006658180612680755
30-Nov 15:13:56:INFO:root:Nominal world expenditure: 9.0902619245185e6
30-Nov 15:13:56:INFO:root:------ Middle 6: 0.00036955327593893197
30-Nov 15:13:57:INFO:root:------ Middle 5: 0.0008331272355595031
30-Nov 15:13:56:INFO:root:--------------In the data: [1.37348e7]
30-Nov 15:13:57:INFO:root:------ Middle 6: 0.00046305887842479186
30-Nov 15:13:57:INFO:root:------ Middle 6: 0.0005579746664389169
30-Nov 15:13:57:INFO:root:------ Middle 6: 0.0005193863623001579
30-Nov 15:13:57:INFO:root:------ Middle 4: 0.001087176654658263
30-Nov 15:13:58:INFO:root:--- Period 14 ---
30-Nov 15:13:58:INFO:root:BEGIN Outer loop
30-Nov 15:13:58:INFO:root:------ Middle 7: 0.00030904243375413156
30-Nov 15:13:58:INFO:root:------ Middle 7: 0.00028641264554628233
30-Nov 15:13:58:INFO:root:------ Middle 7: 0.000326989523000337
30-Nov 15:13:58:INFO:root:------ Middle 1: 0.0004390794814121437
30-Nov 15:13:59:INFO:root:------ Middle 4: 0.0011310413933846933
30-Nov 15:13:59:INFO:root:------ Middle 7: 0.0003986425560102726
30-Nov 15:13:59:INFO:root:------ Middle 8: 0.00018749664231151853
30-Nov 15:13:59:INFO:root:Starting from 1.2177965920623496e-17
30-Nov 15:13:59:INFO:root:Starting from 1.1807077163562978e-17
30-Nov 15:13:59:INFO:root:------ Middle 2: 0.00023625025034783542
30-Nov 15:13:59:INFO:root:Starting from 1.5732990430091085e-17
30-Nov 15:13:59:INFO:root:-- Outer 3: 0.005619276520171522
30-Nov 15:13:59:INFO:root:------ Middle 5: 0.000625446439491033
30-Nov 15:13:59:INFO:root:-- Outer 1: 0.026709368315553577
30-Nov 15:14:00:INFO:root:------ Middle 8: 0.00026836892714499663
30-Nov 15:14:00:INFO:root:-- Outer 1: 0.03319345696588048
30-Nov 15:14:00:INFO:root:------ Middle 1: 0.003742262190238457
30-Nov 15:14:00:INFO:root:------ Middle 5: 0.0006997471992662017
30-Nov 15:14:00:INFO:root:------ Middle 8: 0.00023864590171797893
30-Nov 15:14:01:INFO:root:Starting from 1.2168496687075845e-17
30-Nov 15:14:01:INFO:root:------ Middle 6: 0.00038651308783144064
30-Nov 15:14:01:INFO:root:------ Middle 2: 0.0009465407125296494
30-Nov 15:14:01:INFO:root:Starting from 1.2367237950545656e-17
30-Nov 15:14:02:INFO:root:------ Middle 3: 0.0005168606859136519
30-Nov 15:14:02:INFO:root:-- Outer 1: 0.038237844092285
30-Nov 15:14:02:INFO:root:-- Outer 1: 0.035673982508903745
30-Nov 15:14:02:INFO:root:------ Middle 6: 0.0005201469106222808
30-Nov 15:14:03:INFO:root:------ Middle 7: 0.00032676774448938474
30-Nov 15:14:03:INFO:root:------ Middle 7: 0.00028673967228425896
30-Nov 15:14:03:INFO:root:------ Middle 1: 0.0025242984065412992
30-Nov 15:14:03:INFO:root:------ Middle 4: 0.0003784411161632733
30-Nov 15:14:04:INFO:root:------ Middle 1: 0.0002974329002261751
30-Nov 15:14:04:INFO:root:Starting from 1.443059606230395e-17
30-Nov 15:14:04:INFO:root:-- Outer 4: 0.002638177196581605
30-Nov 15:14:04:INFO:root:------ Middle 8: 0.00018211293727424943
30-Nov 15:14:04:INFO:root:Starting from 1.2025106288524592e-17
30-Nov 15:14:04:INFO:root:------ Middle 5: 0.0002207525632940109
30-Nov 15:14:04:INFO:root:Starting from 1.5052904393595113e-17
30-Nov 15:14:04:INFO:root:-- Outer 2: 0.014281543820837374
30-Nov 15:14:04:INFO:root:------ Middle 1: 0.00031967323385625925
30-Nov 15:14:05:INFO:root:-- Outer 1: 0.0279708300537897
30-Nov 15:14:05:INFO:root:------ Middle 1: 0.0008079508419793212
30-Nov 15:14:05:INFO:root:Starting from 1.2312691900721156e-17
30-Nov 15:14:06:INFO:root:------ Middle 2: 0.000874416565276176
30-Nov 15:14:06:INFO:root:------ Middle 2: 0.0001400385129385418
30-Nov 15:14:06:INFO:root:-- Outer 1: 0.029610469467229998
30-Nov 15:14:06:INFO:root:Starting from 1.401299791904604e-17
30-Nov 15:14:06:INFO:root:-- Outer 5: 0.0012257885394234105
30-Nov 15:14:07:INFO:root:------ Middle 1: 0.004038020988870313
30-Nov 15:14:07:INFO:root:------ Middle 1: 0.00013715909194207473
30-Nov 15:14:07:INFO:root:Starting from 1.679911642974417e-17
30-Nov 15:14:07:INFO:root:-- Outer 6: 0.0007346206095945552
30-Nov 15:14:07:INFO:root:END Outer loop
30-Nov 15:14:08:INFO:root:------ Middle 1: 0.0008017750858309007
30-Nov 15:14:08:INFO:root:------ Middle 3: 0.0005172499864419287
30-Nov 15:14:09:INFO:root:------ Middle 2: 0.0004396384014441329
30-Nov 15:14:08:INFO:root:Model trade shares: [0.974918, 0.935197, 0.985944]
30-Nov 15:14:09:INFO:root:Data trade shares: [0.976496, 0.933524, 0.973934]
30-Nov 15:14:09:INFO:root:US prices: [1.43521, 1.01517, 1.06955]
30-Nov 15:14:09:INFO:root:in the data: [2.96155, 2.01858, 2.01858]
30-Nov 15:14:09:INFO:root:------ Middle 4: 0.00029249694875826585
30-Nov 15:14:09:INFO:root:Starting from 1.5728241952520697e-17
30-Nov 15:14:09:INFO:root:-- Outer 2: 0.013244028466700532
30-Nov 15:14:09:INFO:root:Nominal world expenditure: 1.06282514313685e7
30-Nov 15:14:09:INFO:root:------ Middle 2: 0.00032592835743053186
30-Nov 15:14:09:INFO:root:------ Middle 1: 0.0007429472172787792
30-Nov 15:14:10:INFO:root:------ Middle 3: 0.00018748487205120474
30-Nov 15:14:10:INFO:root:Starting from 1.4045613873932528e-17
30-Nov 15:14:10:INFO:root:-- Outer 3: 0.0062256446196246535
30-Nov 15:14:10:INFO:root:------ Middle 3: 0.0003037423910024671
30-Nov 15:14:09:INFO:root:--------------In the data: [2.33649e7]
30-Nov 15:14:11:INFO:root:------ Middle 1: 0.0003034977053620681
30-Nov 15:14:11:INFO:root:------ Middle 4: 0.00016622812057576672
30-Nov 15:14:11:INFO:root:Starting from 1.4942824126077526e-17
30-Nov 15:14:11:INFO:root:-- Outer 2: 0.014777183243902866
30-Nov 15:14:11:INFO:root:--- Period 15 ---
30-Nov 15:14:11:INFO:root:BEGIN Outer loop
30-Nov 15:14:11:INFO:root:------ Middle 1: 0.0008971212927413577
30-Nov 15:14:11:INFO:root:------ Middle 2: 0.0007703309456594365
30-Nov 15:14:11:INFO:root:------ Middle 1: 0.00035284641614600294
30-Nov 15:14:12:INFO:root:------ Middle 2: 0.00019605357708456366
30-Nov 15:14:12:INFO:root:Starting from 1.563700652954925e-17
30-Nov 15:14:12:INFO:root:-- Outer 2: 0.015643943639378318
30-Nov 15:14:12:INFO:root:------ Middle 3: 0.0004338614590862445
30-Nov 15:14:12:INFO:root:------ Middle 1: 0.0008524254252869723
30-Nov 15:14:13:INFO:root:------ Middle 2: 0.00046817698093662533
30-Nov 15:14:13:INFO:root:------ Middle 2: 0.00033580253808615236
30-Nov 15:14:14:INFO:root:------ Middle 4: 0.00033335487447935986
30-Nov 15:14:14:INFO:root:------ Middle 2: 0.00018479719587270767
30-Nov 15:14:14:INFO:root:Starting from 2.1884349293654602e-17
30-Nov 15:14:14:INFO:root:------ Middle 3: 0.0002008575161036628
30-Nov 15:14:14:INFO:root:-- Outer 4: 0.0026264228938107513
30-Nov 15:14:14:INFO:root:Starting from 1.5254904458115482e-17
30-Nov 15:14:14:INFO:root:-- Outer 3: 0.005622180456278609
30-Nov 15:14:14:INFO:root:------ Middle 2: 0.0009315215775766529
30-Nov 15:14:14:INFO:root:------ Middle 5: 0.00019227663574164717
30-Nov 15:14:14:INFO:root:Starting from 1.868825198612492e-17
30-Nov 15:14:14:INFO:root:-- Outer 2: 0.0156253685406996
30-Nov 15:14:15:INFO:root:------ Middle 3: 0.0003297807081378345
30-Nov 15:14:15:INFO:root:------ Middle 1: 0.0002872221359404086
30-Nov 15:14:15:INFO:root:------ Middle 1: 0.0001627788758147017
30-Nov 15:14:15:INFO:root:Starting from 1.5470571645920044e-17
30-Nov 15:14:15:INFO:root:-- Outer 5: 0.002655300202202512
30-Nov 15:14:15:INFO:root:Starting from 1.8782103564041835e-17
30-Nov 15:14:15:INFO:root:-- Outer 4: 0.0058677354354668134
30-Nov 15:14:15:INFO:root:------ Middle 3: 0.00050523944822286
30-Nov 15:14:15:INFO:root:------ Middle 2: 0.00020325390521156255
30-Nov 15:14:15:INFO:root:------ Middle 1: 0.0006094085616360092
30-Nov 15:14:15:INFO:root:Starting from 1.612782111966393e-17
30-Nov 15:14:15:INFO:root:-- Outer 3: 0.007132059617909423
30-Nov 15:14:15:INFO:root:------ Middle 4: 0.00018300965926398483
30-Nov 15:14:15:INFO:root:Starting from 1.955665892185092e-17
30-Nov 15:14:15:INFO:root:-- Outer 2: 0.013008542725520043
30-Nov 15:14:15:INFO:root:------ Middle 2: 0.002418280379261355
30-Nov 15:14:16:INFO:root:------ Middle 1: 0.00037333207231540517
30-Nov 15:14:16:INFO:root:------ Middle 1: 0.0009071375512422942
30-Nov 15:14:17:INFO:root:------ Middle 4: 0.00037489333853595345
30-Nov 15:14:17:INFO:root:------ Middle 5: 0.0002189482122588619
30-Nov 15:14:17:INFO:root:Starting from 1.911027470923243e-17
30-Nov 15:14:17:INFO:root:-- Outer 2: 0.013891187088555997
30-Nov 15:14:18:INFO:root:------ Middle 1: 0.0002597237874801753
30-Nov 15:14:18:INFO:root:Starting from 1.470535876168365e-17
30-Nov 15:14:18:INFO:root:-- Outer 3: 0.0066403770758654695
30-Nov 15:14:18:INFO:root:------ Middle 1: 0.0008094723979442686
30-Nov 15:14:18:INFO:root:------ Middle 1: 0.00034545270918634035
30-Nov 15:14:19:INFO:root:------ Middle 1: 0.00015746630903712625
30-Nov 15:14:19:INFO:root:Starting from 1.5581880526684816e-17
30-Nov 15:14:19:INFO:root:-- Outer 6: 0.000679181654708695
30-Nov 15:14:19:INFO:root:END Outer loop
30-Nov 15:14:20:INFO:root:------ Middle 1: 0.00024189196787657052
30-Nov 15:14:20:INFO:root:Starting from 2.2387839382491485e-17
30-Nov 15:14:20:INFO:root:-- Outer 5: 0.0013171274717066314
30-Nov 15:14:20:INFO:root:Starting from 1.5437301211389524e-17
30-Nov 15:14:20:INFO:root:-- Outer 4: 0.002936975401100403
30-Nov 15:14:20:INFO:root:------ Middle 2: 0.0003017917152247423
30-Nov 15:14:21:INFO:root:------ Middle 1: 0.0001968091418635461
30-Nov 15:14:21:INFO:root:Starting from 1.9370726681358452e-17
30-Nov 15:14:21:INFO:root:-- Outer 6: 0.0013999833038844539
30-Nov 15:14:21:INFO:root:------ Middle 1: 0.00018827560232345818
30-Nov 15:14:21:INFO:root:Starting from 1.3778129200572765e-17
30-Nov 15:14:21:INFO:root:-- Outer 5: 0.0029764561318188776
30-Nov 15:14:21:INFO:root:------ Middle 2: 0.00019607402806306326
30-Nov 15:14:21:INFO:root:Starting from 1.456703933420551e-17
30-Nov 15:14:21:INFO:root:-- Outer 3: 0.006461981906895256
30-Nov 15:14:20:INFO:root:Model trade shares: [0.963392, 0.934791, 0.992018]
30-Nov 15:14:21:INFO:root:Data trade shares: [0.959721, 0.934044, 0.992669]
30-Nov 15:14:21:INFO:root:US prices: [1.24515, 1.06991, 1.06775]
30-Nov 15:14:21:INFO:root:in the data: [1.70549, 1.50868, 1.50868]
30-Nov 15:14:21:INFO:root:------ Middle 3: 0.00017811205692499482
30-Nov 15:14:21:INFO:root:Starting from 1.688767060531574e-17
30-Nov 15:14:21:INFO:root:-- Outer 3: 0.006576262554311957
30-Nov 15:14:21:INFO:root:Nominal world expenditure: 9.694741293651514e6
30-Nov 15:14:21:INFO:root:------ Middle 1: 0.0003914557101957987
30-Nov 15:14:22:INFO:root:------ Middle 1: 0.0002448426123594608
30-Nov 15:14:22:INFO:root:Starting from 1.3300392277537637e-17
30-Nov 15:14:22:INFO:root:-- Outer 4: 0.0066248883505434005
30-Nov 15:14:22:INFO:root:------ Middle 2: 0.000311392039349738
30-Nov 15:14:23:INFO:root:------ Middle 2: 0.0001497758809079458
30-Nov 15:14:23:INFO:root:Starting from 1.8038842272919876e-17
30-Nov 15:14:23:INFO:root:-- Outer 4: 0.0028650398793714006
30-Nov 15:14:23:INFO:root:------ Middle 3: 0.00018551510299476563
30-Nov 15:14:23:INFO:root:Starting from 1.4900403308398e-17
30-Nov 15:14:23:INFO:root:-- Outer 3: 0.0061572247431374814
30-Nov 15:14:23:INFO:root:--- Period 16 ---
30-Nov 15:14:23:INFO:root:BEGIN Outer loop
30-Nov 15:14:23:INFO:root:------ Middle 1: 0.00012269307020964729
30-Nov 15:14:23:INFO:root:Starting from 1.8630491881158724e-17
30-Nov 15:14:23:INFO:root:-- Outer 7: 0.0002294311436891608
30-Nov 15:14:23:INFO:root:------ Middle 1: 0.0001463981527973089
30-Nov 15:14:23:INFO:root:END Outer loop
30-Nov 15:14:23:INFO:root:Starting from 1.3341940972802057e-17
30-Nov 15:14:23:INFO:root:-- Outer 5: 0.0027989063344954703
30-Nov 15:14:23:INFO:root:------ Middle 1: 0.00030377513703617407
30-Nov 15:14:24:INFO:root:Model trade shares: [0.96938, 0.936647, 0.99551]
30-Nov 15:14:24:INFO:root:Data trade shares: [0.971404, 0.929028, 0.993445]
30-Nov 15:14:24:INFO:root:US prices: [1.2933, 0.968178, 0.964243]
30-Nov 15:14:24:INFO:root:in the data: [2.9591, 2.1512, 2.1512]
30-Nov 15:14:24:INFO:root:Nominal world expenditure: 1.0672383288249196e7
30-Nov 15:14:24:INFO:root:--------------In the data: [2.42511e7]
30-Nov 15:14:24:INFO:root:--- Period 17 ---
30-Nov 15:14:24:INFO:root:BEGIN Outer loop
30-Nov 15:14:25:INFO:root:------ Middle 1: 0.00016808111225798868
30-Nov 15:14:25:INFO:root:Starting from 1.7355489368056528e-17
30-Nov 15:14:25:INFO:root:-- Outer 6: 0.0006874343757821551
30-Nov 15:14:25:INFO:root:END Outer loop
30-Nov 15:14:25:INFO:root:------ Middle 2: 0.00017291586758282057
30-Nov 15:14:25:INFO:root:Starting from 1.7277326688924683e-17
30-Nov 15:14:25:INFO:root:-- Outer 4: 0.0028574607552246914
30-Nov 15:14:26:INFO:root:------ Middle 1: 0.0002024940377173967
30-Nov 15:14:26:INFO:root:Starting from 1.8629256181361932e-17
30-Nov 15:14:26:INFO:root:-- Outer 5: 0.0029267468761740726
30-Nov 15:14:26:INFO:root:Model trade shares: [0.972382, 0.937223, 0.993436]
30-Nov 15:14:26:INFO:root:Data trade shares: [0.975035, 0.947136, 0.993826]
30-Nov 15:14:26:INFO:root:US prices: [1.20836, 1.12402, 1.11747]
30-Nov 15:14:26:INFO:root:in the data: [1.5623, 1.46271, 1.46271]
30-Nov 15:14:27:INFO:root:------ Middle 2: 0.0001861368302647231
30-Nov 15:14:27:INFO:root:Starting from 1.6018245408077245e-17
30-Nov 15:14:27:INFO:root:-- Outer 4: 0.002561453357482612
30-Nov 15:14:27:INFO:root:Nominal world expenditure: 8.944212320135431e6
30-Nov 15:14:27:INFO:root:------ Middle 1: 0.000247659674784376
30-Nov 15:14:27:INFO:root:Starting from 1.2384131515786182e-17
30-Nov 15:14:27:INFO:root:-- Outer 5: 0.0013727418194631577
30-Nov 15:14:27:INFO:root:------ Middle 1: 0.00012536033158452143
30-Nov 15:14:27:INFO:root:Starting from 1.4710154593384653e-17
30-Nov 15:14:27:INFO:root:-- Outer 6: 0.0005647260881261961
30-Nov 15:14:27:INFO:root:END Outer loop
30-Nov 15:14:27:INFO:root:------ Middle 1: 0.000164344491218876
30-Nov 15:14:27:INFO:root:Starting from 1.5568386305484615e-17
30-Nov 15:14:27:INFO:root:-- Outer 5: 0.0026006536260028547
30-Nov 15:14:28:INFO:root:------ Middle 1: 0.0002045268087668988
30-Nov 15:14:28:INFO:root:Starting from 1.7435969883113935e-17
30-Nov 15:14:28:INFO:root:-- Outer 6: 0.0015005649673189968
30-Nov 15:14:27:INFO:root:--------------In the data: [1.27847e7]
30-Nov 15:14:28:INFO:root:Model trade shares: [0.977614, 0.94219, 0.994818]
30-Nov 15:14:29:INFO:root:Data trade shares: [0.970394, 0.938128, 0.99445]
30-Nov 15:14:29:INFO:root:US prices: [1.07549, 1.11801, 1.1373]
30-Nov 15:14:29:INFO:root:in the data: [1.21921, 1.17859, 1.17859]
30-Nov 15:14:29:INFO:root:--- Period 18 ---
30-Nov 15:14:29:INFO:root:BEGIN Outer loop
30-Nov 15:14:29:INFO:root:Nominal world expenditure: 9.107122143695213e6
30-Nov 15:14:30:INFO:root:------ Middle 1: 0.00012650492277444013
30-Nov 15:14:30:INFO:root:Starting from 1.5033145704222384e-17
30-Nov 15:14:30:INFO:root:-- Outer 7: 0.00015031299031374826
30-Nov 15:14:30:INFO:root:END Outer loop
30-Nov 15:14:30:INFO:root:------ Middle 1: 0.00016852167052321408
30-Nov 15:14:30:INFO:root:Starting from 1.716302843103421e-17
30-Nov 15:14:30:INFO:root:-- Outer 6: 0.0006863361815122812
30-Nov 15:14:30:INFO:root:END Outer loop
30-Nov 15:14:30:INFO:root:------ Middle 3: 0.0015500533041729284
30-Nov 15:14:29:INFO:root:--------------In the data: [1.02443e7]
30-Nov 15:14:31:INFO:root:--- Period 19 ---
30-Nov 15:14:31:INFO:root:BEGIN Outer loop
30-Nov 15:14:31:INFO:root:Model trade shares: [0.9705, 0.933759, 0.994391]
30-Nov 15:14:32:INFO:root:Data trade shares: [0.966266, 0.92464, 0.992831]
30-Nov 15:14:32:INFO:root:US prices: [1.32519, 1.07907, 1.08947]
30-Nov 15:14:32:INFO:root:in the data: [2.27198, 1.79075, 1.79075]
30-Nov 15:14:31:INFO:root:Model trade shares: [0.974765, 0.936567, 0.993837]
30-Nov 15:14:32:INFO:root:Data trade shares: [0.973362, 0.938447, 0.994052]
30-Nov 15:14:32:INFO:root:US prices: [1.24332, 1.17457, 1.20754]
30-Nov 15:14:32:INFO:root:in the data: [1.46789, 1.34924, 1.34924]
30-Nov 15:14:32:INFO:root:------ Middle 1: 0.00015820283524817057
30-Nov 15:14:32:INFO:root:Starting from 1.956850037976606e-17
30-Nov 15:14:32:INFO:root:-- Outer 6: 0.0006746651720521269
30-Nov 15:14:32:INFO:root:END Outer loop
30-Nov 15:14:32:INFO:root:Nominal world expenditure: 1.1365280845056016e7
30-Nov 15:14:32:INFO:root:Nominal world expenditure: 8.926807452319583e6
30-Nov 15:14:33:INFO:root:Model trade shares: [0.970172, 0.938649, 0.994331]
30-Nov 15:14:33:INFO:root:Data trade shares: [0.961487, 0.929057, 0.992737]
30-Nov 15:14:33:INFO:root:US prices: [1.3029, 1.08397, 1.10459]
30-Nov 15:14:33:INFO:root:in the data: [1.96012, 1.64035, 1.64035]
30-Nov 15:14:32:INFO:root:--------------In the data: [2.07618e7]
30-Nov 15:14:34:INFO:root:Nominal world expenditure: 1.121226543588819e7
30-Nov 15:14:32:INFO:root:--------------In the data: [1.15794e7]
30-Nov 15:14:34:INFO:root:--- Period 20 ---
30-Nov 15:14:34:INFO:root:BEGIN Outer loop
30-Nov 15:14:34:INFO:root:--- Period 21 ---
30-Nov 15:14:34:INFO:root:BEGIN Outer loop
30-Nov 15:14:34:INFO:root:--------------In the data: [1.80704e7]
30-Nov 15:14:35:INFO:root:--- Period 22 ---
30-Nov 15:14:35:INFO:root:BEGIN Outer loop
30-Nov 15:14:55:INFO:root:------ Middle 4: 0.0010003019409662239
30-Nov 15:14:58:INFO:root:------ Middle 2: 0.002598283482036283
30-Nov 15:15:00:INFO:root:------ Middle 5: 0.0006423795324030842
30-Nov 15:15:05:INFO:root:------ Middle 6: 0.0004179251810822925
30-Nov 15:15:18:INFO:root:------ Middle 2: 0.002374215032103354
30-Nov 15:15:20:INFO:root:------ Middle 7: 0.00027652619829227504
30-Nov 15:15:21:INFO:root:Starting from 1.2089151565758552e-17
30-Nov 15:15:22:INFO:root:-- Outer 1: 0.027146187399498763
30-Nov 15:15:26:INFO:root:------ Middle 3: 0.0015190852592705255
30-Nov 15:15:30:INFO:root:------ Middle 4: 0.0009795487712406592
30-Nov 15:15:32:INFO:root:------ Middle 1: 0.0007486722348702638
30-Nov 15:15:34:INFO:root:------ Middle 5: 0.0006531254233636504
30-Nov 15:15:35:INFO:root:------ Middle 2: 0.0004505465894676581
30-Nov 15:15:37:INFO:root:------ Middle 3: 0.00027498013255859526
30-Nov 15:15:37:INFO:root:Starting from 1.790701092631096e-17
30-Nov 15:15:37:INFO:root:-- Outer 2: 0.011962745327779564
30-Nov 15:15:38:INFO:root:------ Middle 6: 0.0004209216578576202
30-Nov 15:15:40:INFO:root:------ Middle 1: 0.0037125582619021583
30-Nov 15:15:40:INFO:root:------ Middle 7: 0.00028053909659365317
30-Nov 15:15:41:INFO:root:Starting from 1.2315246676930562e-17
30-Nov 15:15:42:INFO:root:-- Outer 1: 0.02683618043989704
30-Nov 15:15:42:INFO:root:------ Middle 1: 0.0003988111533107532
30-Nov 15:15:45:INFO:root:------ Middle 2: 0.0002369685542458481
30-Nov 15:15:45:INFO:root:Starting from 1.795258699545331e-17
30-Nov 15:15:45:INFO:root:-- Outer 3: 0.005311865909729187
30-Nov 15:15:45:INFO:root:------ Middle 1: 0.003907924482507245
30-Nov 15:15:50:INFO:root:------ Middle 1: 0.0002663193984501048
30-Nov 15:15:50:INFO:root:Starting from 1.435760768002349e-17
30-Nov 15:15:50:INFO:root:-- Outer 4: 0.0023836646580910827
30-Nov 15:15:50:INFO:root:------ Middle 1: 0.0007539222083421136
30-Nov 15:15:51:INFO:root:------ Middle 2: 0.00041321809152626777
30-Nov 15:15:52:INFO:root:------ Middle 2: 0.0024760525290693437
30-Nov 15:15:53:INFO:root:------ Middle 3: 0.0002857944135819
30-Nov 15:15:53:INFO:root:Starting from 1.82895502356725e-17
30-Nov 15:15:53:INFO:root:-- Outer 2: 0.011975964668479337
30-Nov 15:15:53:INFO:root:------ Middle 1: 0.0008800049454307008
30-Nov 15:15:54:INFO:root:------ Middle 1: 0.00029948670250131744
30-Nov 15:15:54:INFO:root:Starting from 1.412941945625147e-17
30-Nov 15:15:54:INFO:root:-- Outer 5: 0.0011602691978655636
30-Nov 15:15:56:INFO:root:------ Middle 3: 0.0015722194328569505
30-Nov 15:15:57:INFO:root:------ Middle 4: 0.0008868612289863498
30-Nov 15:15:57:INFO:root:------ Middle 1: 0.00023548906962009517
30-Nov 15:15:57:INFO:root:Starting from 1.9172543093096213e-17
30-Nov 15:15:57:INFO:root:-- Outer 6: 0.000571208040406704
30-Nov 15:15:57:INFO:root:END Outer loop
30-Nov 15:15:57:INFO:root:------ Middle 2: 0.00018822696207416043
30-Nov 15:15:57:INFO:root:Starting from 1.4317079773616216e-17
30-Nov 15:15:57:INFO:root:-- Outer 3: 0.0058925415888587225
30-Nov 15:15:58:INFO:root:------ Middle 1: 0.00036999138126147634
30-Nov 15:15:58:INFO:root:Model trade shares: [0.974826, 0.934854, 0.987662]
30-Nov 15:15:58:INFO:root:Data trade shares: [0.97676, 0.939693, 0.972749]
30-Nov 15:15:58:INFO:root:US prices: [1.45663, 0.976668, 0.958779]
30-Nov 15:15:58:INFO:root:in the data: [3.07991, 2.04761, 2.04761]
30-Nov 15:15:59:INFO:root:Nominal world expenditure: 1.0557626036146415e7
30-Nov 15:16:00:INFO:root:------ Middle 5: 0.0007144260231678854
30-Nov 15:15:59:INFO:root:--------------In the data: [2.31824e7]
30-Nov 15:16:00:INFO:root:------ Middle 6: 0.0004114454993211278
30-Nov 15:16:01:INFO:root:--- Period 23 ---
30-Nov 15:16:01:INFO:root:BEGIN Outer loop
30-Nov 15:16:02:INFO:root:------ Middle 7: 0.00035651454914553514
30-Nov 15:16:02:INFO:root:------ Middle 2: 0.00015908100267270333
30-Nov 15:16:02:INFO:root:Starting from 1.531354404945123e-17
30-Nov 15:16:02:INFO:root:-- Outer 4: 0.0025137945361295372
30-Nov 15:16:03:INFO:root:------ Middle 8: 0.00019990229693344085
30-Nov 15:16:03:INFO:root:Starting from 1.2153616136607674e-17
30-Nov 15:16:03:INFO:root:-- Outer 1: 0.02699945938874962
30-Nov 15:16:03:INFO:root:------ Middle 1: 0.00018849314685028895
30-Nov 15:16:03:INFO:root:Starting from 2.1211472759723813e-17
30-Nov 15:16:03:INFO:root:-- Outer 5: 0.002578678539621397
30-Nov 15:16:03:INFO:root:------ Middle 2: 0.0023728128446571873
30-Nov 15:16:03:INFO:root:------ Middle 1: 0.0036692406636184773
30-Nov 15:16:05:INFO:root:------ Middle 1: 0.00415809301462412
30-Nov 15:16:07:INFO:root:------ Middle 1: 0.004025810291739389
30-Nov 15:16:07:INFO:root:------ Middle 1: 0.0001521265086976006
30-Nov 15:16:07:INFO:root:Starting from 1.8091877126490184e-17
30-Nov 15:16:08:INFO:root:-- Outer 6: 0.0005632362311391543
30-Nov 15:16:08:INFO:root:END Outer loop
30-Nov 15:16:09:INFO:root:Model trade shares: [0.965899, 0.931392, 0.991279]
30-Nov 15:16:09:INFO:root:Data trade shares: [0.972765, 0.936372, 0.980463]
30-Nov 15:16:09:INFO:root:US prices: [1.53261, 0.978334, 0.970814]
30-Nov 15:16:09:INFO:root:in the data: [3.02084, 2.07936, 2.07936]
30-Nov 15:16:09:INFO:root:------ Middle 3: 0.0015223517306366032
30-Nov 15:16:09:INFO:root:Nominal world expenditure: 1.0606753519266168e7
30-Nov 15:16:10:INFO:root:--------------In the data: [2.36221e7]
30-Nov 15:16:11:INFO:root:------ Middle 2: 0.0008602741082881353
30-Nov 15:16:11:INFO:root:--- Period 24 ---
30-Nov 15:16:11:INFO:root:BEGIN Outer loop
30-Nov 15:16:12:INFO:root:------ Middle 3: 0.0004831291153379055
30-Nov 15:16:12:INFO:root:------ Middle 2: 0.0025511206699160294
30-Nov 15:16:13:INFO:root:------ Middle 4: 0.0009709752156668422
30-Nov 15:16:13:INFO:root:------ Middle 4: 0.00037446165808795656
30-Nov 15:16:14:INFO:root:------ Middle 5: 0.000245555522869601
30-Nov 15:16:14:INFO:root:Starting from 2.2970943565748624e-17
30-Nov 15:16:14:INFO:root:-- Outer 2: 0.01298445978436369
30-Nov 15:16:15:INFO:root:------ Middle 1: 0.0007814141463393763
30-Nov 15:16:15:INFO:root:------ Middle 1: 0.004002696773484366
30-Nov 15:16:16:INFO:root:------ Middle 3: 0.0016192255714343965
30-Nov 15:16:17:INFO:root:------ Middle 1: 0.0038469746206910623
30-Nov 15:16:17:INFO:root:------ Middle 5: 0.0006335181256150381
30-Nov 15:16:17:INFO:root:------ Middle 4: 0.0008966096693953425
30-Nov 15:16:17:INFO:root:------ Middle 6: 0.00035078146976345376
30-Nov 15:16:19:INFO:root:------ Middle 7: 0.0003037872393152881
30-Nov 15:16:19:INFO:root:------ Middle 1: 0.003641792866258839
30-Nov 15:16:19:INFO:root:------ Middle 2: 0.0003115452721004886
30-Nov 15:16:20:INFO:root:------ Middle 8: 0.00017258638158741677
30-Nov 15:16:20:INFO:root:Starting from 1.1891665704543332e-17
30-Nov 15:16:20:INFO:root:-- Outer 1: 0.02681757076363641
30-Nov 15:16:20:INFO:root:------ Middle 3: 0.0002117386223932219
30-Nov 15:16:20:INFO:root:Starting from 1.4835576062520355e-17
30-Nov 15:16:20:INFO:root:-- Outer 3: 0.005808233939478997
30-Nov 15:16:20:INFO:root:------ Middle 5: 0.0007289737177165445
30-Nov 15:16:20:INFO:root:------ Middle 1: 0.003843098331186003
30-Nov 15:16:21:INFO:root:------ Middle 1: 0.00030610138417330984
30-Nov 15:16:21:INFO:root:------ Middle 6: 0.00040635173289668285
30-Nov 15:16:22:INFO:root:------ Middle 7: 0.00036166743688132195
30-Nov 15:16:23:INFO:root:------ Middle 1: 0.003782862119838781
30-Nov 15:16:23:INFO:root:------ Middle 8: 0.00020458877779681156
30-Nov 15:16:23:INFO:root:Starting from 1.2236283177053292e-17
30-Nov 15:16:23:INFO:root:-- Outer 1: 0.026077818052195667
30-Nov 15:16:24:INFO:root:------ Middle 1: 0.0036564010777305317
30-Nov 15:16:25:INFO:root:------ Middle 2: 0.00021315624750761495
30-Nov 15:16:25:INFO:root:Starting from 1.5230665286566802e-17
30-Nov 15:16:25:INFO:root:-- Outer 4: 0.0023702436708747296
30-Nov 15:16:26:INFO:root:------ Middle 1: 0.0002036158252861991
30-Nov 15:16:26:INFO:root:Starting from 1.5062609797655397e-17
30-Nov 15:16:26:INFO:root:-- Outer 5: 0.0024148953016011935
30-Nov 15:16:27:INFO:root:------ Middle 2: 0.0009032585976015558
30-Nov 15:16:28:INFO:root:------ Middle 3: 0.0004982675136514965
30-Nov 15:16:28:INFO:root:------ Middle 1: 0.0037323105772093684
30-Nov 15:16:29:INFO:root:------ Middle 2: 0.0023983573857265035
30-Nov 15:16:29:INFO:root:------ Middle 2: 0.0008900196635906781
30-Nov 15:16:30:INFO:root:------ Middle 4: 0.00036312445903989246
30-Nov 15:16:30:INFO:root:------ Middle 2: 0.002342531151968496
30-Nov 15:16:30:INFO:root:------ Middle 5: 0.00021070324790361148
30-Nov 15:16:30:INFO:root:Starting from 1.8070352126374985e-17
30-Nov 15:16:30:INFO:root:-- Outer 2: 0.012823922142459334
30-Nov 15:16:31:INFO:root:------ Middle 1: 0.00018313853943164031
30-Nov 15:16:31:INFO:root:Starting from 1.8626161278570158e-17
30-Nov 15:16:31:INFO:root:-- Outer 6: 0.0005851034602740078
30-Nov 15:16:31:INFO:root:END Outer loop
30-Nov 15:16:31:INFO:root:------ Middle 1: 0.0007987569984762595
30-Nov 15:16:31:INFO:root:Model trade shares: [0.964955, 0.941688, 0.994005]
30-Nov 15:16:31:INFO:root:Data trade shares: [0.953126, 0.923314, 0.993566]
30-Nov 15:16:31:INFO:root:US prices: [1.02042, 0.93999, 0.941101]
30-Nov 15:16:31:INFO:root:in the data: [2.3065, 2.15345, 2.15345]
30-Nov 15:16:31:INFO:root:Nominal world expenditure: 1.3429121492129005e7
30-Nov 15:16:31:INFO:root:--------------In the data: [2.91447e7]
30-Nov 15:16:31:INFO:root:--- Period 25 ---
30-Nov 15:16:31:INFO:root:BEGIN Outer loop
30-Nov 15:16:32:INFO:root:------ Middle 3: 0.0005405268773481643
30-Nov 15:16:32:INFO:root:------ Middle 4: 0.00030059078953002073
30-Nov 15:16:33:INFO:root:------ Middle 5: 0.00017473056244173547
30-Nov 15:16:33:INFO:root:Starting from 1.8562893690454175e-17
30-Nov 15:16:33:INFO:root:-- Outer 2: 0.012578446939531387
30-Nov 15:16:33:INFO:root:------ Middle 3: 0.0015281558283086294
30-Nov 15:16:33:INFO:root:------ Middle 1: 0.000771860290830554
30-Nov 15:16:33:INFO:root:------ Middle 4: 0.0008450914604032152
30-Nov 15:16:35:INFO:root:------ Middle 2: 0.0002884159890366755
30-Nov 15:16:35:INFO:root:Starting from 1.8632789347131976e-17
30-Nov 15:16:35:INFO:root:-- Outer 3: 0.005883589266491043
30-Nov 15:16:36:INFO:root:------ Middle 1: 0.00029735122996084464
30-Nov 15:16:36:INFO:root:Starting from 1.6763905107690677e-17
30-Nov 15:16:36:INFO:root:-- Outer 4: 0.0062225009981188035
30-Nov 15:16:36:INFO:root:------ Middle 3: 0.001506694120113635
30-Nov 15:16:36:INFO:root:------ Middle 4: 0.0008308183409013583
30-Nov 15:16:37:INFO:root:------ Middle 5: 0.0006923192997125225
30-Nov 15:16:37:INFO:root:------ Middle 3: 0.0016548294310557681
30-Nov 15:16:37:INFO:root:------ Middle 6: 0.0003841277942729016
30-Nov 15:16:38:INFO:root:------ Middle 2: 0.0003075048201905929
30-Nov 15:16:38:INFO:root:------ Middle 2: 0.002364356729556696
30-Nov 15:16:38:INFO:root:------ Middle 3: 0.0001858467168711037
30-Nov 15:16:38:INFO:root:Starting from 1.390839497544448e-17
30-Nov 15:16:38:INFO:root:-- Outer 3: 0.005470099217463604
30-Nov 15:16:39:INFO:root:------ Middle 1: 0.00029817180134933196
30-Nov 15:16:39:INFO:root:Starting from 1.811471423677543e-17
30-Nov 15:16:39:INFO:root:-- Outer 4: 0.005659976194231796
30-Nov 15:16:39:INFO:root:------ Middle 7: 0.0003495785496628545
30-Nov 15:16:40:INFO:root:------ Middle 5: 0.0006759515109757732
30-Nov 15:16:40:INFO:root:------ Middle 8: 0.0001971533693364597
30-Nov 15:16:40:INFO:root:Starting from 1.2123366321468904e-17
30-Nov 15:16:40:INFO:root:-- Outer 1: 0.02319527112603247
30-Nov 15:16:40:INFO:root:------ Middle 1: 0.00026486994378146296
30-Nov 15:16:40:INFO:root:Starting from 1.7782171223174455e-17
30-Nov 15:16:40:INFO:root:-- Outer 5: 0.0013765714499579145
30-Nov 15:16:41:INFO:root:------ Middle 6: 0.00037456750871674025
30-Nov 15:16:41:INFO:root:------ Middle 1: 0.003419313077216582
30-Nov 15:16:41:INFO:root:------ Middle 1: 0.00021119020289156235
30-Nov 15:16:41:INFO:root:Starting from 1.9827485537272957e-17
30-Nov 15:16:41:INFO:root:-- Outer 6: 0.001472073373337508
30-Nov 15:16:42:INFO:root:------ Middle 7: 0.00034468925296911096
30-Nov 15:16:42:INFO:root:------ Middle 3: 0.001510372096603659
30-Nov 15:16:43:INFO:root:------ Middle 4: 0.0008401994012151983
30-Nov 15:16:43:INFO:root:------ Middle 8: 0.00019481367403719737
30-Nov 15:16:43:INFO:root:Starting from 1.2451580881242719e-17
30-Nov 15:16:43:INFO:root:-- Outer 1: 0.023054836425954565
30-Nov 15:16:44:INFO:root:------ Middle 1: 0.0001344314550349452
30-Nov 15:16:44:INFO:root:Starting from 1.5762183074926078e-17
30-Nov 15:16:44:INFO:root:-- Outer 7: 0.0002493132082069703
30-Nov 15:16:44:INFO:root:END Outer loop
30-Nov 15:16:44:INFO:root:------ Middle 1: 0.003028481221428689
30-Nov 15:16:44:INFO:root:------ Middle 1: 0.0002436639905855165
30-Nov 15:16:44:INFO:root:Starting from 1.5295599579968864e-17
30-Nov 15:16:44:INFO:root:-- Outer 5: 0.001244717554694196
30-Nov 15:16:44:INFO:root:Model trade shares: [0.97097, 0.939312, 0.995162]
30-Nov 15:16:44:INFO:root:Data trade shares: [0.967576, 0.927756, 0.993556]
30-Nov 15:16:44:INFO:root:US prices: [1.20005, 0.929914, 0.920549]
30-Nov 15:16:44:INFO:root:in the data: [2.78451, 2.12334, 2.12334]
30-Nov 15:16:44:INFO:root:Nominal world expenditure: 1.1202441697696757e7
30-Nov 15:16:44:INFO:root:--------------In the data: [2.5209e7]
30-Nov 15:16:44:INFO:root:--- Period 26 ---
30-Nov 15:16:44:INFO:root:BEGIN Outer loop
30-Nov 15:16:45:INFO:root:------ Middle 1: 0.00020018040348415727
30-Nov 15:16:45:INFO:root:Starting from 1.1592225062443149e-17
30-Nov 15:16:45:INFO:root:-- Outer 6: 0.0013247348712860398
30-Nov 15:16:47:INFO:root:------ Middle 5: 0.0006874977534563929
30-Nov 15:16:48:INFO:root:------ Middle 1: 0.00012608441113339967
30-Nov 15:16:48:INFO:root:Starting from 1.6941968720861704e-17
30-Nov 15:16:48:INFO:root:-- Outer 7: 0.00021604660845528066
30-Nov 15:16:48:INFO:root:END Outer loop
30-Nov 15:16:48:INFO:root:------ Middle 6: 0.00038186791205584825
30-Nov 15:16:48:INFO:root:Model trade shares: [0.967699, 0.938781, 0.993874]
30-Nov 15:16:48:INFO:root:Data trade shares: [0.960962, 0.931588, 0.993893]
30-Nov 15:16:48:INFO:root:US prices: [1.00656, 0.915164, 0.90875]
30-Nov 15:16:48:INFO:root:in the data: [2.50767, 2.31742, 2.31742]
30-Nov 15:16:48:INFO:root:Nominal world expenditure: 1.4414271296213118e7
30-Nov 15:16:48:INFO:root:--------------In the data: [3.61928e7]
30-Nov 15:16:48:INFO:root:--- Period 27 ---
30-Nov 15:16:48:INFO:root:BEGIN Outer loop
30-Nov 15:16:49:INFO:root:------ Middle 2: 0.0008899889999300468
30-Nov 15:16:49:INFO:root:------ Middle 7: 0.00034927035965004813
30-Nov 15:16:50:INFO:root:------ Middle 3: 0.0004984253069910023
30-Nov 15:16:51:INFO:root:------ Middle 8: 0.0001974568537330277
30-Nov 15:16:51:INFO:root:Starting from 1.2125554967979507e-17
30-Nov 15:16:51:INFO:root:-- Outer 1: 0.023033753977222828
30-Nov 15:16:51:INFO:root:------ Middle 4: 0.0003633611939361177
30-Nov 15:16:51:INFO:root:------ Middle 1: 0.0031571907317384964
30-Nov 15:16:52:INFO:root:------ Middle 5: 0.00021539685089012132
30-Nov 15:16:52:INFO:root:Starting from 1.6751869686864638e-17
30-Nov 15:16:52:INFO:root:-- Outer 2: 0.010903769714550421
30-Nov 15:16:52:INFO:root:------ Middle 2: 0.0008060085198220415
30-Nov 15:16:53:INFO:root:------ Middle 1: 0.0007126766541237222
30-Nov 15:16:53:INFO:root:------ Middle 3: 0.00045356302699361457
30-Nov 15:16:54:INFO:root:------ Middle 4: 0.00034755505265678176
30-Nov 15:16:55:INFO:root:------ Middle 5: 0.00020142944830928505
30-Nov 15:16:55:INFO:root:Starting from 1.9442392129694903e-17
30-Nov 15:16:55:INFO:root:-- Outer 2: 0.010872437811280895
30-Nov 15:16:55:INFO:root:------ Middle 1: 0.0006850821169201607
30-Nov 15:16:57:INFO:root:------ Middle 2: 0.0008451988698541324
30-Nov 15:16:57:INFO:root:------ Middle 2: 0.0002833052575370489
30-Nov 15:16:57:INFO:root:Starting from 1.4014495151900255e-17
30-Nov 15:16:57:INFO:root:-- Outer 3: 0.0049866315721974
30-Nov 15:16:58:INFO:root:------ Middle 1: 0.00027930372508020454
30-Nov 15:16:58:INFO:root:Starting from 1.761406797168478e-17
30-Nov 15:16:58:INFO:root:-- Outer 4: 0.005226044327113886
30-Nov 15:16:59:INFO:root:------ Middle 2: 0.000270420842043357
30-Nov 15:16:59:INFO:root:Starting from 1.5173198199655108e-17
30-Nov 15:16:59:INFO:root:-- Outer 3: 0.005053497487616918
30-Nov 15:17:00:INFO:root:------ Middle 3: 0.0005150187563185586
30-Nov 15:17:00:INFO:root:------ Middle 1: 0.0002879424419473578
30-Nov 15:17:00:INFO:root:Starting from 2.1196654081964708e-17
30-Nov 15:17:00:INFO:root:-- Outer 4: 0.005324008837767881
30-Nov 15:17:00:INFO:root:------ Middle 4: 0.00028272765349649973
30-Nov 15:17:00:INFO:root:Starting from 2.0193320321004048e-17
30-Nov 15:17:00:INFO:root:-- Outer 2: 0.011185786786646463
30-Nov 15:17:03:INFO:root:------ Middle 1: 0.000268506247899741
30-Nov 15:17:03:INFO:root:Starting from 2.040758712416673e-17
30-Nov 15:17:03:INFO:root:-- Outer 5: 0.0012486336078915037
30-Nov 15:17:04:INFO:root:------ Middle 1: 0.0002164789134369587
30-Nov 15:17:04:INFO:root:Starting from 1.9204602724231552e-17
30-Nov 15:17:04:INFO:root:-- Outer 6: 0.0013333836378387088
30-Nov 15:17:04:INFO:root:------ Middle 1: 0.0002767399291910945
30-Nov 15:17:04:INFO:root:Starting from 1.88391425429152e-17
30-Nov 15:17:04:INFO:root:-- Outer 5: 0.0012289849539866655
30-Nov 15:17:05:INFO:root:------ Middle 1: 0.0002956074529154588
30-Nov 15:17:05:INFO:root:Starting from 1.6443407018049832e-17
30-Nov 15:17:05:INFO:root:-- Outer 3: 0.004596795273630974
30-Nov 15:17:05:INFO:root:------ Middle 1: 0.0002218369521434947
30-Nov 15:17:05:INFO:root:Starting from 1.8249796270480947e-17
30-Nov 15:17:05:INFO:root:-- Outer 6: 0.0013139247433431713
30-Nov 15:17:05:INFO:root:------ Middle 1: 0.0003784874781008853
30-Nov 15:17:07:INFO:root:------ Middle 1: 0.00013889919660855536
30-Nov 15:17:07:INFO:root:Starting from 1.4195903313082414e-17
30-Nov 15:17:07:INFO:root:-- Outer 7: 0.0002461281501844162
30-Nov 15:17:07:INFO:root:END Outer loop
30-Nov 15:17:07:INFO:root:Model trade shares: [0.964296, 0.941576, 0.993609]
30-Nov 15:17:07:INFO:root:Data trade shares: [0.960926, 0.936095, 0.990604]
30-Nov 15:17:07:INFO:root:US prices: [0.915453, 0.902768, 0.867934]
30-Nov 15:17:07:INFO:root:in the data: [2.54462, 2.53886, 2.53886]
30-Nov 15:17:07:INFO:root:Nominal world expenditure: 1.493593710934758e7
30-Nov 15:17:07:INFO:root:--------------In the data: [4.29516e7]
30-Nov 15:17:07:INFO:root:------ Middle 1: 0.0001455849612618117
30-Nov 15:17:07:INFO:root:--- Period 28 ---
30-Nov 15:17:07:INFO:root:Starting from 1.666692511872462e-17
30-Nov 15:17:07:INFO:root:-- Outer 7: 0.0002688140064949355
30-Nov 15:17:07:INFO:root:END Outer loop
30-Nov 15:17:08:INFO:root:BEGIN Outer loop
30-Nov 15:17:08:INFO:root:Model trade shares: [0.966289, 0.944834, 0.992658]
30-Nov 15:17:08:INFO:root:Data trade shares: [0.959588, 0.937566, 0.971212]
30-Nov 15:17:08:INFO:root:US prices: [0.918265, 0.872605, 0.926128]
30-Nov 15:17:08:INFO:root:in the data: [2.70826, 2.57595, 2.57595]
30-Nov 15:17:08:INFO:root:Nominal world expenditure: 1.4937893102900695e7
30-Nov 15:17:08:INFO:root:--------------In the data: [4.5848e7]
30-Nov 15:17:08:INFO:root:--- Period 29 ---
30-Nov 15:17:08:INFO:root:BEGIN Outer loop
30-Nov 15:17:09:INFO:root:------ Middle 2: 0.00021109942379794622
30-Nov 15:17:09:INFO:root:Starting from 1.5997675289750993e-17
30-Nov 15:17:09:INFO:root:-- Outer 4: 0.0018428335639549204
30-Nov 15:17:10:INFO:root:------ Middle 1: 0.00020895909067454422
30-Nov 15:17:10:INFO:root:Starting from 1.4259835046231515e-17
30-Nov 15:17:10:INFO:root:-- Outer 5: 0.0018695933378626046
30-Nov 15:17:12:INFO:root:------ Middle 1: 0.00017676992575317262
30-Nov 15:17:12:INFO:root:Starting from 1.6661279039049178e-17
30-Nov 15:17:12:INFO:root:-- Outer 6: 0.0007126913225410727
30-Nov 15:17:12:INFO:root:END Outer loop
30-Nov 15:17:13:INFO:root:Model trade shares: [0.967608, 0.940562, 0.993605]
30-Nov 15:17:13:INFO:root:Data trade shares: [0.960491, 0.93458, 0.986591]
30-Nov 15:17:13:INFO:root:US prices: [0.871591, 0.886725, 0.843974]
30-Nov 15:17:13:INFO:root:in the data: [2.52256, 2.5595, 2.5595]
30-Nov 15:17:13:INFO:root:Nominal world expenditure: 1.5076441190400362e7
30-Nov 15:17:13:INFO:root:--------------In the data: [4.55098e7]
30-Nov 15:17:13:INFO:root:--- Period 30 ---
30-Nov 15:17:13:INFO:root:BEGIN Outer loop
30-Nov 15:17:49:INFO:root:------ Middle 2: 0.002634310762362087
30-Nov 15:17:50:INFO:root:------ Middle 1: 0.003700323384554701
30-Nov 15:17:52:INFO:root:------ Middle 2: 0.0024558913226464534
30-Nov 15:17:54:INFO:root:------ Middle 2: 0.002549149002170539
30-Nov 15:17:57:INFO:root:------ Middle 1: 0.0036320031153309687
30-Nov 15:18:04:INFO:root:------ Middle 3: 0.0015839561177714563
30-Nov 15:18:08:INFO:root:------ Middle 1: 0.003612788880706732
30-Nov 15:18:08:INFO:root:------ Middle 2: 0.0023227820796956886
30-Nov 15:18:10:INFO:root:------ Middle 4: 0.0010178207096350476
30-Nov 15:18:10:INFO:root:------ Middle 5: 0.0005617235381743457
30-Nov 15:18:12:INFO:root:------ Middle 3: 0.0014763549942236227
30-Nov 15:18:14:INFO:root:------ Middle 6: 0.00045593795475624353
30-Nov 15:18:14:INFO:root:------ Middle 4: 0.0010596349001240465
30-Nov 15:18:14:INFO:root:------ Middle 7: 0.00025305979688589926
30-Nov 15:18:14:INFO:root:Starting from 1.2198982757315657e-17
30-Nov 15:18:14:INFO:root:-- Outer 1: 0.023757754190025033
30-Nov 15:18:16:INFO:root:------ Middle 4: 0.0009610702679066766
30-Nov 15:18:17:INFO:root:------ Middle 5: 0.0005333190629789961
30-Nov 15:18:20:INFO:root:------ Middle 1: 0.0036134884552293423
30-Nov 15:18:20:INFO:root:------ Middle 6: 0.00044602390758313965
30-Nov 15:18:21:INFO:root:------ Middle 7: 0.0002479342714231309
30-Nov 15:18:21:INFO:root:Starting from 1.2964406537094207e-17
30-Nov 15:18:21:INFO:root:-- Outer 1: 0.022006092934704406
30-Nov 15:18:23:INFO:root:------ Middle 1: 0.0007745654791627654
30-Nov 15:18:23:INFO:root:------ Middle 2: 0.00042521274676969
30-Nov 15:18:25:INFO:root:------ Middle 3: 0.0002985724044732932
30-Nov 15:18:25:INFO:root:Starting from 1.9335669118215434e-17
30-Nov 15:18:25:INFO:root:-- Outer 2: 0.010937271363181553
30-Nov 15:18:26:INFO:root:------ Middle 1: 0.0009109806248559845
30-Nov 15:18:27:INFO:root:------ Middle 1: 0.003538931933659701
30-Nov 15:18:28:INFO:root:------ Middle 2: 0.002303112096224776
30-Nov 15:18:29:INFO:root:------ Middle 1: 0.0006919110741373621
30-Nov 15:18:30:INFO:root:------ Middle 2: 0.00019769405021493526
30-Nov 15:18:30:INFO:root:Starting from 1.2054412906861608e-17
30-Nov 15:18:30:INFO:root:-- Outer 3: 0.005390468316599564
30-Nov 15:18:30:INFO:root:------ Middle 2: 0.00038023351945159573
30-Nov 15:18:30:INFO:root:------ Middle 1: 0.0003780782176265264
30-Nov 15:18:32:INFO:root:------ Middle 3: 0.0002708494749634228
30-Nov 15:18:32:INFO:root:Starting from 2.244953704043861e-17
30-Nov 15:18:32:INFO:root:-- Outer 2: 0.010307526287395084
30-Nov 15:18:32:INFO:root:------ Middle 1: 0.0008368650889211683
30-Nov 15:18:33:INFO:root:------ Middle 3: 0.0014724178341201566
30-Nov 15:18:34:INFO:root:------ Middle 2: 0.0001698923491933545
30-Nov 15:18:34:INFO:root:Starting from 1.640008523695967e-17
30-Nov 15:18:34:INFO:root:-- Outer 4: 0.002299387905058874
30-Nov 15:18:35:INFO:root:------ Middle 1: 0.00019608319496617268
30-Nov 15:18:35:INFO:root:Starting from 1.329757656338526e-17
30-Nov 15:18:35:INFO:root:-- Outer 5: 0.0023438020816024022
30-Nov 15:18:37:INFO:root:------ Middle 2: 0.00018656338986422114
30-Nov 15:18:37:INFO:root:------ Middle 1: 0.00016858277121865165
30-Nov 15:18:37:INFO:root:Starting from 1.6612044196307673e-17
30-Nov 15:18:37:INFO:root:-- Outer 3: 0.0052547560066722124
30-Nov 15:18:37:INFO:root:Starting from 1.7308695963976694e-17
30-Nov 15:18:37:INFO:root:-- Outer 6: 0.0007889698314640965
30-Nov 15:18:37:INFO:root:END Outer loop
30-Nov 15:18:37:INFO:root:Model trade shares: [0.966633, 0.942541, 0.992998]
30-Nov 15:18:37:INFO:root:Data trade shares: [0.963666, 0.934551, 0.994086]
30-Nov 15:18:37:INFO:root:US prices: [0.969905, 0.928472, 0.912032]
30-Nov 15:18:37:INFO:root:in the data: [2.67778, 2.5352, 2.5352]
30-Nov 15:18:37:INFO:root:Nominal world expenditure: 1.4896547313827673e7
30-Nov 15:18:37:INFO:root:--------------In the data: [4.12361e7]
30-Nov 15:18:37:INFO:root:--- Period 31 ---
30-Nov 15:18:37:INFO:root:------ Middle 4: 0.0009503846439314573
30-Nov 15:18:37:INFO:root:BEGIN Outer loop
30-Nov 15:18:37:INFO:root:------ Middle 1: 0.0003815195534687704
30-Nov 15:18:38:INFO:root:------ Middle 5: 0.0005380091237542806
30-Nov 15:18:41:INFO:root:------ Middle 6: 0.0004355322632679741
30-Nov 15:18:41:INFO:root:------ Middle 2: 0.0001608419203328652
30-Nov 15:18:41:INFO:root:Starting from 1.25901770971867e-17
30-Nov 15:18:41:INFO:root:-- Outer 4: 0.0023841525799353468
30-Nov 15:18:41:INFO:root:------ Middle 7: 0.0002451181373539133
30-Nov 15:18:42:INFO:root:Starting from 1.2827591227604639e-17
30-Nov 15:18:42:INFO:root:-- Outer 1: 0.020587534772141734
30-Nov 15:18:42:INFO:root:------ Middle 1: 0.0002057425637983114
30-Nov 15:18:42:INFO:root:Starting from 1.632259549860709e-17
30-Nov 15:18:42:INFO:root:-- Outer 5: 0.002466948533172312
30-Nov 15:18:43:INFO:root:------ Middle 1: 0.003533592369967987
30-Nov 15:18:46:INFO:root:------ Middle 1: 0.00016980812308901885
30-Nov 15:18:46:INFO:root:Starting from 1.4746449232218852e-17
30-Nov 15:18:46:INFO:root:-- Outer 6: 0.0005350030926122399
30-Nov 15:18:46:INFO:root:END Outer loop
30-Nov 15:18:46:INFO:root:Model trade shares: [0.955964, 0.94018, 0.994445]
30-Nov 15:18:46:INFO:root:Data trade shares: [0.950579, 0.929714, 0.991388]
30-Nov 15:18:46:INFO:root:US prices: [0.912974, 0.870318, 0.868167]
30-Nov 15:18:46:INFO:root:in the data: [2.71827, 2.64842, 2.64842]
30-Nov 15:18:46:INFO:root:Nominal world expenditure: 1.6508184991751328e7
30-Nov 15:18:46:INFO:root:--------------In the data: [5.43532e7]
30-Nov 15:18:46:INFO:root:--- Period 32 ---
30-Nov 15:18:46:INFO:root:BEGIN Outer loop
30-Nov 15:18:47:INFO:root:------ Middle 1: 0.003501061496038376
30-Nov 15:18:47:INFO:root:------ Middle 1: 0.003498250641610253
30-Nov 15:18:51:INFO:root:------ Middle 2: 0.002247286004320068
30-Nov 15:18:52:INFO:root:------ Middle 3: 0.0012656769365693608
30-Nov 15:18:54:INFO:root:------ Middle 2: 0.0022239954318538945
30-Nov 15:18:56:INFO:root:------ Middle 4: 0.0009831037080379604
30-Nov 15:18:56:INFO:root:------ Middle 5: 0.0005547778464136439
30-Nov 15:18:56:INFO:root:------ Middle 1: 0.0007516582069047074
30-Nov 15:18:59:INFO:root:------ Middle 3: 0.0014230481765242515
30-Nov 15:19:00:INFO:root:------ Middle 6: 0.0004604237765112374
30-Nov 15:19:00:INFO:root:------ Middle 2: 0.0005966035442399102
30-Nov 15:19:00:INFO:root:------ Middle 7: 0.0002568965796396892
30-Nov 15:19:00:INFO:root:Starting from 1.2104343673126976e-17
30-Nov 15:19:00:INFO:root:-- Outer 1: 0.01957615838832377
30-Nov 15:19:03:INFO:root:------ Middle 4: 0.0009105783484352078
30-Nov 15:19:03:INFO:root:------ Middle 5: 0.0005045495760064668
30-Nov 15:19:03:INFO:root:------ Middle 3: 0.00044116965882389875
30-Nov 15:19:06:INFO:root:------ Middle 6: 0.00041719573160269713
30-Nov 15:19:06:INFO:root:------ Middle 2: 0.002229196676393281
30-Nov 15:19:07:INFO:root:------ Middle 7: 0.00023197370787734985
30-Nov 15:19:07:INFO:root:Starting from 1.2539437784269783e-17
30-Nov 15:19:07:INFO:root:-- Outer 1: 0.0193121370876143
30-Nov 15:19:07:INFO:root:------ Middle 3: 0.0012329660314159138
30-Nov 15:19:07:INFO:root:------ Middle 4: 0.00021054500918799536
30-Nov 15:19:07:INFO:root:Starting from 1.6964165382712424e-17
30-Nov 15:19:07:INFO:root:-- Outer 2: 0.009630177843502596
30-Nov 15:19:11:INFO:root:------ Middle 4: 0.0009661082088230228
30-Nov 15:19:11:INFO:root:------ Middle 5: 0.0005403429207722017
30-Nov 15:19:11:INFO:root:------ Middle 1: 0.0005316864176342017
30-Nov 15:19:12:INFO:root:------ Middle 2: 0.0002771431086704306
30-Nov 15:19:12:INFO:root:Starting from 1.6297117512836717e-17
30-Nov 15:19:12:INFO:root:-- Outer 3: 0.004524143109666531
30-Nov 15:19:12:INFO:root:------ Middle 1: 0.0006634480556825738
30-Nov 15:19:12:INFO:root:------ Middle 1: 0.0004235393372331486
30-Nov 15:19:14:INFO:root:------ Middle 6: 0.0004539207256398675
30-Nov 15:19:15:INFO:root:------ Middle 2: 0.0003979950808371252
30-Nov 15:19:15:INFO:root:------ Middle 7: 0.0002515067712881123
30-Nov 15:19:15:INFO:root:Starting from 1.2994387412572892e-17
30-Nov 15:19:15:INFO:root:-- Outer 1: 0.018720027331938484
30-Nov 15:19:16:INFO:root:------ Middle 2: 0.00016994716849393134
30-Nov 15:19:16:INFO:root:Starting from 1.6337770588414818e-17
30-Nov 15:19:16:INFO:root:-- Outer 4: 0.002357044912624057
30-Nov 15:19:16:INFO:root:------ Middle 1: 0.00023020089265048577
30-Nov 15:19:16:INFO:root:Starting from 1.327185970869809e-17
30-Nov 15:19:16:INFO:root:-- Outer 5: 0.002435842373919083
30-Nov 15:19:17:INFO:root:------ Middle 3: 0.0002403427818057644
30-Nov 15:19:17:INFO:root:Starting from 2.3313346345664285e-17
30-Nov 15:19:17:INFO:root:-- Outer 2: 0.00923306758904558
30-Nov 15:19:18:INFO:root:------ Middle 1: 0.0006803735906397352
30-Nov 15:19:20:INFO:root:------ Middle 2: 0.00040946049826432325
30-Nov 15:19:20:INFO:root:------ Middle 1: 0.000166662211576666
30-Nov 15:19:20:INFO:root:Starting from 1.2506482768870044e-17
30-Nov 15:19:20:INFO:root:-- Outer 6: 0.00046044019989920386
30-Nov 15:19:20:INFO:root:END Outer loop
30-Nov 15:19:20:INFO:root:Model trade shares: [0.958691, 0.939097, 0.992594]
30-Nov 15:19:20:INFO:root:Data trade shares: [0.951101, 0.932187, 0.983861]
30-Nov 15:19:20:INFO:root:US prices: [0.871992, 0.842114, 0.943347]
30-Nov 15:19:20:INFO:root:in the data: [2.96009, 2.78199, 2.78199]
30-Nov 15:19:20:INFO:root:Nominal world expenditure: 1.5553455675619777e7
30-Nov 15:19:20:INFO:root:--------------In the data: [5.49713e7]
30-Nov 15:19:20:INFO:root:--- Period 33 ---
30-Nov 15:19:20:INFO:root:BEGIN Outer loop
30-Nov 15:19:21:INFO:root:------ Middle 1: 0.00040055972132216637
30-Nov 15:19:22:INFO:root:------ Middle 2: 0.00021483391241812358
30-Nov 15:19:22:INFO:root:Starting from 1.6472776874899656e-17
30-Nov 15:19:22:INFO:root:-- Outer 3: 0.004386665940526568
30-Nov 15:19:22:INFO:root:------ Middle 3: 0.00024659873475986124
30-Nov 15:19:22:INFO:root:Starting from 2.6939749666530495e-17
30-Nov 15:19:22:INFO:root:-- Outer 2: 0.009097564542937624
30-Nov 15:19:22:INFO:root:------ Middle 3: 0.0016832226435188073
30-Nov 15:19:26:INFO:root:------ Middle 1: 0.0006971429773577425
30-Nov 15:19:27:INFO:root:------ Middle 1: 0.0002751740341957307
30-Nov 15:19:27:INFO:root:Starting from 1.3674344782897728e-17
30-Nov 15:19:27:INFO:root:-- Outer 4: 0.002140385326459038
30-Nov 15:19:27:INFO:root:------ Middle 2: 0.0023754200225584374
30-Nov 15:19:27:INFO:root:------ Middle 1: 0.0003057870905633103
30-Nov 15:19:27:INFO:root:------ Middle 1: 0.0004120975601832092
30-Nov 15:19:28:INFO:root:------ Middle 2: 0.0004196971408925858
30-Nov 15:19:28:INFO:root:------ Middle 2: 0.00022493388270286913
30-Nov 15:19:28:INFO:root:Starting from 1.4526062712833232e-17
30-Nov 15:19:28:INFO:root:-- Outer 3: 0.00432697820998807
30-Nov 15:19:28:INFO:root:------ Middle 2: 0.00012707174737486938
30-Nov 15:19:28:INFO:root:Starting from 2.3287904987791937e-17
30-Nov 15:19:28:INFO:root:-- Outer 5: 0.0011236942053561099
30-Nov 15:19:30:INFO:root:------ Middle 3: 0.00025258086651056455
30-Nov 15:19:30:INFO:root:Starting from 2.4863662573028575e-17
30-Nov 15:19:30:INFO:root:-- Outer 2: 0.008908865273198152
30-Nov 15:19:30:INFO:root:------ Middle 1: 0.00012432999900057875
30-Nov 15:19:30:INFO:root:Starting from 1.9647154875882332e-17
30-Nov 15:19:30:INFO:root:-- Outer 6: 0.0006121185202046772
30-Nov 15:19:30:INFO:root:END Outer loop
30-Nov 15:19:31:INFO:root:Model trade shares: [0.952211, 0.939679, 0.991534]
30-Nov 15:19:31:INFO:root:Data trade shares: [0.943324, 0.928045, 0.988948]
30-Nov 15:19:31:INFO:root:US prices: [0.922445, 0.860025, 0.914332]
30-Nov 15:19:31:INFO:root:in the data: [2.94743, 2.7898, 2.7898]
30-Nov 15:19:31:INFO:root:Nominal world expenditure: 1.6186344429786317e7
30-Nov 15:19:31:INFO:root:--------------In the data: [5.65242e7]
30-Nov 15:19:31:INFO:root:--- Period 34 ---
30-Nov 15:19:31:INFO:root:BEGIN Outer loop
30-Nov 15:19:32:INFO:root:------ Middle 1: 0.00029127101654330856
30-Nov 15:19:32:INFO:root:Starting from 1.568250909803983e-17
30-Nov 15:19:32:INFO:root:-- Outer 4: 0.0021701033226753257
30-Nov 15:19:33:INFO:root:------ Middle 1: 0.00032522797119092063
30-Nov 15:19:34:INFO:root:------ Middle 3: 0.0016372646628638082
30-Nov 15:19:34:INFO:root:------ Middle 2: 0.0001360622537335088
30-Nov 15:19:34:INFO:root:Starting from 1.3959199886655382e-17
30-Nov 15:19:34:INFO:root:------ Middle 4: 0.0011170388265877775
30-Nov 15:19:34:INFO:root:-- Outer 5: 0.0011696876048558416
30-Nov 15:19:35:INFO:root:------ Middle 1: 0.0004221725746075362
30-Nov 15:19:36:INFO:root:------ Middle 1: 0.00013293523430552172
30-Nov 15:19:36:INFO:root:Starting from 1.638553449915823e-17
30-Nov 15:19:36:INFO:root:-- Outer 6: 0.0006442626756582644
30-Nov 15:19:36:INFO:root:END Outer loop
30-Nov 15:19:37:INFO:root:Model trade shares: [0.955278, 0.939277, 0.988219]
30-Nov 15:19:37:INFO:root:Data trade shares: [0.949239, 0.924453, 0.987338]
30-Nov 15:19:37:INFO:root:US prices: [0.885421, 0.846221, 0.880891]
30-Nov 15:19:37:INFO:root:in the data: [2.95883, 2.79593, 2.79593]
30-Nov 15:19:37:INFO:root:Nominal world expenditure: 1.6424589596990094e7
30-Nov 15:19:37:INFO:root:--------------In the data: [5.8302e7]
30-Nov 15:19:37:INFO:root:--- Period 35 ---
30-Nov 15:19:37:INFO:root:BEGIN Outer loop
30-Nov 15:19:37:INFO:root:------ Middle 2: 0.0002472327470973493
30-Nov 15:19:37:INFO:root:Starting from 1.8210722379852734e-17
30-Nov 15:19:37:INFO:root:-- Outer 3: 0.004255964312673949
30-Nov 15:19:41:INFO:root:------ Middle 2: 0.0023074718473474515
30-Nov 15:19:41:INFO:root:------ Middle 5: 0.0007013482573905736
30-Nov 15:19:41:INFO:root:------ Middle 1: 0.00029104790789552445
30-Nov 15:19:41:INFO:root:Starting from 1.8801561337652894e-17
30-Nov 15:19:41:INFO:root:-- Outer 4: 0.002111798881545566
30-Nov 15:19:42:INFO:root:------ Middle 1: 0.0003214491173548286
30-Nov 15:19:43:INFO:root:------ Middle 6: 0.0004567732257869989
30-Nov 15:19:43:INFO:root:------ Middle 2: 0.00013476664528099853
30-Nov 15:19:43:INFO:root:Starting from 2.0516381151287287e-17
30-Nov 15:19:43:INFO:root:-- Outer 5: 0.0011477477828000524
30-Nov 15:19:44:INFO:root:------ Middle 5: 0.0006816254120461458
30-Nov 15:19:45:INFO:root:------ Middle 1: 0.0001326219399497042
30-Nov 15:19:45:INFO:root:Starting from 1.74255982459382e-17
30-Nov 15:19:45:INFO:root:-- Outer 6: 0.0006319865760498738
30-Nov 15:19:45:INFO:root:END Outer loop
30-Nov 15:19:45:INFO:root:Model trade shares: [0.957713, 0.944156, 0.988828]
30-Nov 15:19:45:INFO:root:Data trade shares: [0.951781, 0.9268, 0.989231]
30-Nov 15:19:45:INFO:root:US prices: [0.840607, 0.842375, 0.859201]
30-Nov 15:19:45:INFO:root:in the data: [2.94894, 2.90959, 2.90959]
30-Nov 15:19:45:INFO:root:------ Middle 7: 0.0002954947229916254
30-Nov 15:19:45:INFO:root:Nominal world expenditure: 1.6020151866176981e7
30-Nov 15:19:45:INFO:root:--------------In the data: [5.76528e7]
30-Nov 15:19:45:INFO:root:Starting from 1.2057947873756704e-17
30-Nov 15:19:45:INFO:root:-- Outer 1: 0.02677952911725262
30-Nov 15:19:46:INFO:root:--- Period 36 ---
30-Nov 15:19:46:INFO:root:BEGIN Outer loop
30-Nov 15:19:53:INFO:root:------ Middle 1: 0.0008025193374728637
30-Nov 15:19:54:INFO:root:------ Middle 2: 0.00044090448908262395
30-Nov 15:19:55:INFO:root:------ Middle 3: 0.0003011477974886214
30-Nov 15:19:55:INFO:root:------ Middle 4: 0.00016744512614548035
30-Nov 15:19:56:INFO:root:Starting from 1.7843711606431237e-17
30-Nov 15:19:56:INFO:root:-- Outer 2: 0.011881599308024827
30-Nov 15:19:56:INFO:root:------ Middle 1: 0.0008893136049864534
30-Nov 15:19:58:INFO:root:------ Middle 2: 0.002261717876102462
30-Nov 15:20:00:INFO:root:------ Middle 2: 0.00018126735668544812
30-Nov 15:20:00:INFO:root:Starting from 1.7666361306658158e-17
30-Nov 15:20:00:INFO:root:-- Outer 3: 0.005900574634970846
30-Nov 15:20:00:INFO:root:------ Middle 1: 0.00039042222406632574
30-Nov 15:20:04:INFO:root:------ Middle 2: 0.00016849679250199095
30-Nov 15:20:04:INFO:root:Starting from 1.4049474713222425e-17
30-Nov 15:20:04:INFO:root:-- Outer 4: 0.0025595919402066044
30-Nov 15:20:05:INFO:root:------ Middle 1: 0.00020511143000140176
30-Nov 15:20:05:INFO:root:Starting from 1.7334474317150412e-17
30-Nov 15:20:05:INFO:root:-- Outer 5: 0.0026200236298075654
30-Nov 15:20:08:INFO:root:------ Middle 1: 0.003512144835574384
30-Nov 15:20:09:INFO:root:------ Middle 1: 0.00016551864006175693
30-Nov 15:20:09:INFO:root:Starting from 1.401829749069249e-17
30-Nov 15:20:09:INFO:root:-- Outer 6: 0.000576426221760266
30-Nov 15:20:09:INFO:root:END Outer loop
30-Nov 15:20:09:INFO:root:Model trade shares: [0.967912, 0.940904, 0.994395]
30-Nov 15:20:09:INFO:root:Data trade shares: [0.958317, 0.928046, 0.993489]
30-Nov 15:20:09:INFO:root:US prices: [1.01547, 0.923764, 0.942613]
30-Nov 15:20:09:INFO:root:in the data: [2.43661, 2.20422, 2.20422]
30-Nov 15:20:09:INFO:root:Nominal world expenditure: 1.418885657744561e7
30-Nov 15:20:09:INFO:root:--------------In the data: [3.25615e7]
30-Nov 15:20:11:INFO:root:------ Middle 1: 0.0036991695961415627
30-Nov 15:20:14:INFO:root:------ Middle 2: 0.0022199149689266645
30-Nov 15:20:18:INFO:root:------ Middle 3: 0.0014072913875352944
30-Nov 15:20:21:INFO:root:------ Middle 4: 0.0009089406344184537
30-Nov 15:20:21:INFO:root:------ Middle 2: 0.002326550414005044
30-Nov 15:20:21:INFO:root:------ Middle 5: 0.000501737873075599
30-Nov 15:20:21:INFO:root:------ Middle 3: 0.0012762448719568858
30-Nov 15:20:24:INFO:root:------ Middle 6: 0.00041533847241913307
30-Nov 15:20:25:INFO:root:------ Middle 4: 0.0010013205620845623
30-Nov 15:20:25:INFO:root:------ Middle 7: 0.000230534214529469
30-Nov 15:20:25:INFO:root:Starting from 1.23573891479632e-17
30-Nov 15:20:25:INFO:root:-- Outer 1: 0.018156410275299725
30-Nov 15:20:25:INFO:root:------ Middle 5: 0.0005562653568251043
30-Nov 15:20:28:INFO:root:------ Middle 6: 0.0004586616972376532
30-Nov 15:20:29:INFO:root:------ Middle 7: 0.0002543315327615869
30-Nov 15:20:29:INFO:root:Starting from 1.206980896657534e-17
30-Nov 15:20:29:INFO:root:-- Outer 1: 0.018083168580704804
30-Nov 15:20:40:INFO:root:------ Middle 1: 0.0006928134639638557
30-Nov 15:20:42:INFO:root:------ Middle 2: 0.0004165339200114627
30-Nov 15:20:42:INFO:root:------ Middle 1: 0.000678616277261283
30-Nov 15:20:44:INFO:root:------ Middle 2: 0.0004087956082225877
30-Nov 15:20:44:INFO:root:------ Middle 3: 0.0002507358973205508
30-Nov 15:20:44:INFO:root:Starting from 1.924251653181141e-17
30-Nov 15:20:44:INFO:root:-- Outer 2: 0.008666474978026795
30-Nov 15:20:44:INFO:root:------ Middle 3: 0.00023208683842677422
30-Nov 15:20:44:INFO:root:Starting from 2.5150926651957236e-17
30-Nov 15:20:44:INFO:root:-- Outer 2: 0.008497459254216992
30-Nov 15:20:44:INFO:root:------ Middle 1: 0.0008496791284061512
30-Nov 15:20:48:INFO:root:------ Middle 2: 0.0001801961368757578
30-Nov 15:20:48:INFO:root:Starting from 1.902324839732591e-17
30-Nov 15:20:48:INFO:root:-- Outer 3: 0.004597587627319011
30-Nov 15:20:49:INFO:root:------ Middle 1: 0.00039798049005683445
30-Nov 15:20:49:INFO:root:------ Middle 1: 0.00042520590999217217
30-Nov 15:20:50:INFO:root:------ Middle 2: 0.0003839443837291797
30-Nov 15:20:51:INFO:root:------ Middle 1: 0.003792458468248784
30-Nov 15:20:52:INFO:root:------ Middle 2: 0.00014773218453326082
30-Nov 15:20:52:INFO:root:Starting from 1.6076885710438622e-17
30-Nov 15:20:52:INFO:root:-- Outer 4: 0.002253587489335981
30-Nov 15:20:53:INFO:root:------ Middle 1: 0.0002171399314147402
30-Nov 15:20:53:INFO:root:Starting from 1.868534090693021e-17
30-Nov 15:20:53:INFO:root:-- Outer 5: 0.0023565365705468955
30-Nov 15:20:53:INFO:root:------ Middle 3: 0.00014595486543992738
30-Nov 15:20:53:INFO:root:Starting from 2.1862409735802532e-17
30-Nov 15:20:53:INFO:root:-- Outer 3: 0.004144790102721221
30-Nov 15:20:54:INFO:root:------ Middle 1: 0.00041352977949954883
30-Nov 15:20:56:INFO:root:------ Middle 1: 0.00016929259846703773
30-Nov 15:20:56:INFO:root:Starting from 2.175064033599799e-17
30-Nov 15:20:56:INFO:root:-- Outer 6: 0.0005098751760191423
30-Nov 15:20:56:INFO:root:END Outer loop
30-Nov 15:20:56:INFO:root:Model trade shares: [0.960492, 0.940802, 0.982122]
30-Nov 15:20:56:INFO:root:Data trade shares: [0.95138, 0.919234, 0.983181]
30-Nov 15:20:56:INFO:root:US prices: [0.823368, 0.804201, 0.926477]
30-Nov 15:20:56:INFO:root:in the data: [3.11354, 3.01039, 3.01039]
30-Nov 15:20:56:INFO:root:Nominal world expenditure: 1.7871265264683355e7
30-Nov 15:20:56:INFO:root:--------------In the data: [6.70931e7]
30-Nov 15:20:57:INFO:root:------ Middle 2: 0.00014831800846872207
30-Nov 15:20:57:INFO:root:Starting from 1.7355072442146497e-17
30-Nov 15:20:57:INFO:root:-- Outer 4: 0.002262962467693799
30-Nov 15:20:58:INFO:root:------ Middle 1: 0.00022210245275445479
30-Nov 15:20:58:INFO:root:Starting from 1.4260392131975523e-17
30-Nov 15:20:58:INFO:root:-- Outer 5: 0.0023888073582959655
30-Nov 15:20:59:INFO:root:------ Middle 3: 0.001535351088994683
30-Nov 15:21:00:INFO:root:------ Middle 1: 0.0038131022693770333
30-Nov 15:21:01:INFO:root:------ Middle 1: 0.0001623098131931029
30-Nov 15:21:01:INFO:root:Starting from 1.5435399240157448e-17
30-Nov 15:21:01:INFO:root:-- Outer 6: 0.0004081144340462091
30-Nov 15:21:01:INFO:root:END Outer loop
30-Nov 15:21:01:INFO:root:Model trade shares: [0.955033, 0.941169, 0.985464]
30-Nov 15:21:01:INFO:root:Data trade shares: [0.946294, 0.923226, 0.982471]
30-Nov 15:21:01:INFO:root:US prices: [0.794746, 0.814302, 0.911104]
30-Nov 15:21:01:INFO:root:in the data: [2.69951, 2.89119, 2.89119]
30-Nov 15:21:01:INFO:root:Nominal world expenditure: 1.6096009881560128e7
30-Nov 15:21:01:INFO:root:--------------In the data: [5.96564e7]
30-Nov 15:21:06:INFO:root:------ Middle 1: 0.0037675384110820334
30-Nov 15:21:08:INFO:root:------ Middle 3: 0.0014846955989828265
30-Nov 15:21:08:INFO:root:------ Middle 2: 0.002398474999853445
30-Nov 15:21:08:INFO:root:------ Middle 4: 0.0010576370708016015
30-Nov 15:21:11:INFO:root:------ Middle 6: 0.00044006469075994403
30-Nov 15:21:13:INFO:root:------ Middle 3: 0.001511874968535074
30-Nov 15:21:14:INFO:root:------ Middle 4: 0.0008331205064937174
30-Nov 15:21:15:INFO:root:------ Middle 2: 0.0023581506873509342
30-Nov 15:21:17:INFO:root:------ Middle 5: 0.0006482361055930401
30-Nov 15:21:17:INFO:root:------ Middle 6: 0.00035754928100696615
30-Nov 15:21:18:INFO:root:------ Middle 7: 0.00031420212912317697
30-Nov 15:21:19:INFO:root:------ Middle 3: 0.0014705771563792848
30-Nov 15:21:19:INFO:root:------ Middle 8: 0.00017019971171703814
30-Nov 15:21:19:INFO:root:Starting from 1.2142456287017152e-17
30-Nov 15:21:19:INFO:root:-- Outer 1: 0.018304431803931577
30-Nov 15:21:20:INFO:root:------ Middle 4: 0.0008178934362064258
30-Nov 15:21:20:INFO:root:------ Middle 1: 0.003391027020481457
30-Nov 15:21:22:INFO:root:------ Middle 1: 0.003604881129613445
30-Nov 15:21:23:INFO:root:------ Middle 5: 0.0006353516258469893
30-Nov 15:21:23:INFO:root:------ Middle 6: 0.0003701195668535575
30-Nov 15:21:24:INFO:root:------ Middle 7: 0.00031337858022066183
30-Nov 15:21:25:INFO:root:------ Middle 8: 0.00021759384702737408
30-Nov 15:21:25:INFO:root:Starting from 1.1797081510471453e-17
30-Nov 15:21:25:INFO:root:-- Outer 1: 0.01741638742438756
30-Nov 15:21:25:INFO:root:------ Middle 3: 0.0014543590304688047
30-Nov 15:21:26:INFO:root:------ Middle 1: 0.0037304597075187556
30-Nov 15:21:36:INFO:root:------ Middle 2: 0.0009509602134626108
30-Nov 15:21:39:INFO:root:------ Middle 3: 0.0006121128708159573
30-Nov 15:21:41:INFO:root:------ Middle 4: 0.00042979247227200045
30-Nov 15:21:41:INFO:root:------ Middle 5: 0.00022279355965684698
30-Nov 15:21:41:INFO:root:Starting from 1.6894345083859414e-17
30-Nov 15:21:41:INFO:root:-- Outer 2: 0.009054623133211835
30-Nov 15:21:46:INFO:root:------ Middle 1: 0.00035101536003281155
30-Nov 15:21:46:INFO:root:------ Middle 2: 0.00019214398726166959
30-Nov 15:21:46:INFO:root:Starting from 2.6192970195373426e-17
30-Nov 15:21:46:INFO:root:-- Outer 3: 0.00413876361429498
30-Nov 15:21:50:INFO:root:------ Middle 1: 0.00028342299942734093
30-Nov 15:21:50:INFO:root:Starting from 1.511509274587642e-17
30-Nov 15:21:50:INFO:root:-- Outer 4: 0.00203670255788518
30-Nov 15:21:51:INFO:root:------ Middle 1: 0.0003201712166185669
30-Nov 15:21:52:INFO:root:------ Middle 2: 0.00013690273721892368
30-Nov 15:21:52:INFO:root:Starting from 1.910870734378523e-17
30-Nov 15:21:52:INFO:root:-- Outer 5: 0.001095154059911794
30-Nov 15:21:54:INFO:root:------ Middle 1: 0.00013356184912523882
30-Nov 15:21:54:INFO:root:Starting from 1.8266709141760522e-17
30-Nov 15:21:54:INFO:root:-- Outer 6: 0.0006132250198345433
30-Nov 15:21:54:INFO:root:END Outer loop
30-Nov 15:21:55:INFO:root:Model trade shares: [0.958205, 0.919191, 0.980933]
30-Nov 15:21:55:INFO:root:Data trade shares: [0.956446, 0.911974, 0.985299]
30-Nov 15:21:55:INFO:root:US prices: [0.941756, 0.823004, 0.999678]
30-Nov 15:21:55:INFO:root:in the data: [3.74316, 3.20378, 3.20378]
30-Nov 15:21:55:INFO:root:Nominal world expenditure: 2.07772459935353e7
30-Nov 15:21:55:INFO:root:--------------In the data: [8.18345e7]
30-Nov 15:21:55:INFO:root:------ Middle 2: 0.0010519372520976266
30-Nov 15:21:55:INFO:root:------ Middle 3: 0.0017749459697625786
30-Nov 15:22:00:INFO:root:------ Middle 4: 0.0008485536084416706
30-Nov 15:22:00:INFO:root:------ Middle 5: 0.0011968890905133145
30-Nov 15:22:05:INFO:root:------ Middle 6: 0.0009402476773207861
30-Nov 15:22:08:INFO:root:------ Middle 7: 0.0012232584734628309
30-Nov 15:22:09:INFO:root:------ Middle 8: 0.0007121443288855517
30-Nov 15:22:15:INFO:root:------ Middle 9: 0.00043334384701608405
30-Nov 15:22:16:INFO:root:------ Middle 10: 0.00028838373042132013
30-Nov 15:22:16:INFO:root:Starting from 2.1945597939368683e-17
30-Nov 15:22:16:INFO:root:-- Outer 2: 0.008310322031795837
30-Nov 15:22:16:INFO:root:------ Middle 1: 0.0007986843614846403
30-Nov 15:22:20:INFO:root:------ Middle 2: 0.0001677997656733956
30-Nov 15:22:20:INFO:root:Starting from 2.1583293804955008e-17
30-Nov 15:22:20:INFO:root:-- Outer 3: 0.004334524987988798
30-Nov 15:22:20:INFO:root:------ Middle 1: 0.0003664188810745308
30-Nov 15:22:22:INFO:root:------ Middle 2: 0.002383060372167972
30-Nov 15:22:24:INFO:root:------ Middle 2: 0.00016432327088976807
30-Nov 15:22:24:INFO:root:Starting from 1.5606876974644556e-17
30-Nov 15:22:24:INFO:root:-- Outer 4: 0.0021126932881427073
30-Nov 15:22:24:INFO:root:------ Middle 1: 0.00022519788826256735
30-Nov 15:22:24:INFO:root:Starting from 1.8222288169164733e-17
30-Nov 15:22:24:INFO:root:-- Outer 5: 0.0021995991226728
30-Nov 15:22:28:INFO:root:------ Middle 1: 0.00016818862721750138
30-Nov 15:22:28:INFO:root:Starting from 1.652781209957182e-17
30-Nov 15:22:28:INFO:root:-- Outer 6: 0.0004665245665011834
30-Nov 15:22:28:INFO:root:END Outer loop
30-Nov 15:22:28:INFO:root:Model trade shares: [0.952624, 0.914704, 0.97755]
30-Nov 15:22:28:INFO:root:Data trade shares: [0.954831, 0.902146, 0.983572]
30-Nov 15:22:28:INFO:root:US prices: [1.07959, 0.875103, 1.12297]
30-Nov 15:22:28:INFO:root:in the data: [3.88449, 3.20236, 3.20236]
30-Nov 15:22:28:INFO:root:Nominal world expenditure: 2.3150394355292298e7
30-Nov 15:22:28:INFO:root:--------------In the data: [8.8489e7]
30-Nov 15:22:30:INFO:root:------ Middle 4: 0.0009984380133501965
30-Nov 15:22:34:INFO:root:------ Middle 4: 0.0009613404502205489
30-Nov 15:22:37:INFO:root:------ Middle 5: 0.0006865748338213342
30-Nov 15:22:37:INFO:root:------ Middle 7: 0.0002851551981751352
30-Nov 15:22:38:INFO:root:Starting from 1.2344772131435757e-17
30-Nov 15:22:39:INFO:root:-- Outer 1: 0.027889446064223167
30-Nov 15:22:47:INFO:root:------ Middle 1: 0.0008121838818592204
30-Nov 15:22:47:INFO:root:------ Middle 2: 0.000449260146410916
30-Nov 15:22:49:INFO:root:------ Middle 3: 0.00031386218198930154
30-Nov 15:22:49:INFO:root:------ Middle 4: 0.00017641058565767524
30-Nov 15:22:49:INFO:root:Starting from 1.3682053476514818e-17
30-Nov 15:22:49:INFO:root:-- Outer 2: 0.012276866157060926
30-Nov 15:22:50:INFO:root:------ Middle 1: 0.0008502794699830038
30-Nov 15:22:52:INFO:root:------ Middle 4: 0.0009407710183392167
30-Nov 15:22:53:INFO:root:------ Middle 2: 0.00019230707448221167
30-Nov 15:22:53:INFO:root:Starting from 1.5143708457826412e-17
30-Nov 15:22:53:INFO:root:-- Outer 3: 0.006055884591686663
30-Nov 15:22:54:INFO:root:------ Middle 1: 0.00036535519634577784
30-Nov 15:22:57:INFO:root:------ Middle 2: 0.00016848679232942408
30-Nov 15:22:57:INFO:root:Starting from 1.7752012386493334e-17
30-Nov 15:22:57:INFO:root:-- Outer 4: 0.002658677256367752
30-Nov 15:22:57:INFO:root:------ Middle 1: 0.0001919150901535573
30-Nov 15:22:57:INFO:root:Starting from 1.5239101955398673e-17
30-Nov 15:22:57:INFO:root:-- Outer 5: 0.0027148160927849634
30-Nov 15:22:58:INFO:root:------ Middle 2: 0.0022489085628968003
30-Nov 15:23:01:INFO:root:------ Middle 1: 0.00016043398212973323
30-Nov 15:23:01:INFO:root:Starting from 2.3120558372358096e-17
30-Nov 15:23:01:INFO:root:-- Outer 6: 0.0006440673628679294
30-Nov 15:23:01:INFO:root:END Outer loop
30-Nov 15:23:02:INFO:root:Model trade shares: [0.972031, 0.933519, 0.989429]
30-Nov 15:23:02:INFO:root:Data trade shares: [0.971471, 0.927429, 0.989384]
30-Nov 15:23:02:INFO:root:US prices: [1.57042, 1.08356, 1.08528]
30-Nov 15:23:02:INFO:root:in the data: [2.72526, 1.92631, 1.92631]
30-Nov 15:23:03:INFO:root:Nominal world expenditure: 1.1496566203458795e7
30-Nov 15:23:03:INFO:root:--------------In the data: [2.2953e7]
30-Nov 15:23:52:INFO:root:------ Middle 3: 0.0015130400101745006
30-Nov 15:24:00:INFO:root:------ Middle 5: 0.0006260570124969188
30-Nov 15:24:04:INFO:root:------ Middle 4: 0.0009697453419877145
30-Nov 15:24:04:INFO:root:------ Middle 5: 0.0006526964986194321
30-Nov 15:24:08:INFO:root:------ Middle 5: 0.0006128140809588115
30-Nov 15:24:08:INFO:root:------ Middle 6: 0.0003419956624614913
30-Nov 15:24:10:INFO:root:------ Middle 7: 0.0002899689956055167
30-Nov 15:24:10:INFO:root:Starting from 1.2597009902416761e-17
30-Nov 15:24:10:INFO:root:-- Outer 1: 0.018583298353595734
30-Nov 15:24:12:INFO:root:------ Middle 6: 0.00044757639033272457
30-Nov 15:24:18:INFO:root:------ Middle 5: 0.0006118448197273069
30-Nov 15:24:25:INFO:root:------ Middle 1: 0.0007283806515847471
30-Nov 15:24:28:INFO:root:------ Middle 2: 0.0008137679977106926
30-Nov 15:24:32:INFO:root:------ Middle 3: 0.00041667980119725794
30-Nov 15:24:32:INFO:root:------ Middle 4: 0.0004997770401646883
30-Nov 15:24:33:INFO:root:------ Middle 3: 0.0014132357039503263
30-Nov 15:24:34:INFO:root:------ Middle 5: 0.0003556401691937402
30-Nov 15:24:35:INFO:root:------ Middle 6: 0.0003072575700310099
30-Nov 15:24:36:INFO:root:------ Middle 7: 0.0003363951581374275
30-Nov 15:24:36:INFO:root:------ Middle 8: 8.74662937235537e-5
30-Nov 15:24:36:INFO:root:Starting from 1.9766682731915854e-17
30-Nov 15:24:36:INFO:root:-- Outer 2: 0.008490085444698373
30-Nov 15:24:37:INFO:root:------ Middle 1: 0.000763051624487926
30-Nov 15:24:40:INFO:root:------ Middle 2: 0.00021406525479499908
30-Nov 15:24:40:INFO:root:Starting from 1.9395267980232336e-17
30-Nov 15:24:40:INFO:root:-- Outer 3: 0.004480568148840574
30-Nov 15:24:41:INFO:root:------ Middle 1: 0.0003667159542541667
30-Nov 15:24:44:INFO:root:------ Middle 2: 0.00015389363613828297
30-Nov 15:24:44:INFO:root:Starting from 1.9871932509186406e-17
30-Nov 15:24:44:INFO:root:-- Outer 4: 0.0021979905350692835
30-Nov 15:24:44:INFO:root:------ Middle 1: 0.0002053479164111347
30-Nov 15:24:44:INFO:root:Starting from 1.734722780488799e-17
30-Nov 15:24:44:INFO:root:-- Outer 5: 0.0022954715872306936
30-Nov 15:24:48:INFO:root:------ Middle 1: 0.00016323753120934132
30-Nov 15:24:48:INFO:root:Starting from 1.5368398985002892e-17
30-Nov 15:24:48:INFO:root:-- Outer 6: 0.00047294324787457186
30-Nov 15:24:48:INFO:root:END Outer loop
30-Nov 15:24:48:INFO:root:Model trade shares: [0.960851, 0.924232, 0.977901]
30-Nov 15:24:48:INFO:root:Data trade shares: [0.95528, 0.914832, 0.982791]
30-Nov 15:24:48:INFO:root:US prices: [0.827984, 0.818226, 0.96432]
30-Nov 15:24:48:INFO:root:in the data: [3.32883, 3.15407, 3.15407]
30-Nov 15:24:48:INFO:root:Nominal world expenditure: 1.946457580864636e7
30-Nov 15:24:48:INFO:root:--------------In the data: [7.56745e7]
30-Nov 15:25:26:INFO:root:------ Middle 6: 0.0004098363443098758
30-Nov 15:25:39:INFO:root:------ Middle 6: 0.00042871047882997264
30-Nov 15:25:44:INFO:root:------ Middle 6: 0.00039988552075657973
30-Nov 15:25:47:INFO:root:------ Middle 7: 0.00029282953436199913
30-Nov 15:25:47:INFO:root:Starting from 1.1926984762517397e-17
30-Nov 15:25:47:INFO:root:-- Outer 1: 0.025378096806756057
30-Nov 15:25:55:INFO:root:------ Middle 1: 0.000748761806633699
30-Nov 15:25:57:INFO:root:------ Middle 2: 0.0004518235797943765
30-Nov 15:25:57:INFO:root:------ Middle 3: 0.00024715804025911547
30-Nov 15:25:57:INFO:root:Starting from 1.7753389377410252e-17
30-Nov 15:25:57:INFO:root:-- Outer 2: 0.011071863176046188
30-Nov 15:26:01:INFO:root:------ Middle 1: 0.00041701528108746474
30-Nov 15:26:02:INFO:root:------ Middle 2: 0.00022456941003046258
30-Nov 15:26:02:INFO:root:Starting from 1.790623723651263e-17
30-Nov 15:26:02:INFO:root:-- Outer 3: 0.00502170766426755
30-Nov 15:26:06:INFO:root:------ Middle 1: 0.0002843880398482436
30-Nov 15:26:06:INFO:root:Starting from 1.4424793569285123e-17
30-Nov 15:26:06:INFO:root:-- Outer 4: 0.002317103260969967
30-Nov 15:26:06:INFO:root:------ Middle 1: 0.0003127824840312229
30-Nov 15:26:08:INFO:root:------ Middle 2: 0.00013389705414110993
30-Nov 15:26:08:INFO:root:Starting from 1.576509589267469e-17
30-Nov 15:26:08:INFO:root:-- Outer 5: 0.0011159440215947954
30-Nov 15:26:08:INFO:root:------ Middle 4: 0.0008938679541190663
30-Nov 15:26:09:INFO:root:------ Middle 1: 0.00013516853459887669
30-Nov 15:26:09:INFO:root:Starting from 1.7883288777953228e-17
30-Nov 15:26:09:INFO:root:-- Outer 6: 0.0006807464443078396
30-Nov 15:26:09:INFO:root:END Outer loop
30-Nov 15:26:09:INFO:root:Model trade shares: [0.965197, 0.938318, 0.994666]
30-Nov 15:26:09:INFO:root:Data trade shares: [0.961578, 0.934257, 0.993842]
30-Nov 15:26:09:INFO:root:US prices: [0.966107, 0.928717, 0.933032]
30-Nov 15:26:09:INFO:root:in the data: [2.5813, 2.43608, 2.43608]
30-Nov 15:26:09:INFO:root:Nominal world expenditure: 1.4366431319059644e7
30-Nov 15:26:09:INFO:root:--------------In the data: [3.7723e7]
30-Nov 15:26:52:INFO:root:------ Middle 7: 0.00026955430618369556
30-Nov 15:26:52:INFO:root:Starting from 1.3192506133559935e-17
30-Nov 15:26:52:INFO:root:-- Outer 1: 0.02182188307843688
30-Nov 15:27:11:INFO:root:------ Middle 7: 0.00026252211026410086
30-Nov 15:27:11:INFO:root:Starting from 1.2791076691047357e-17
30-Nov 15:27:11:INFO:root:-- Outer 1: 0.020553859737580563
30-Nov 15:27:13:INFO:root:------ Middle 7: 0.00028276301808487914
30-Nov 15:27:13:INFO:root:Starting from 1.2566591159196152e-17
30-Nov 15:27:13:INFO:root:-- Outer 1: 0.023002722830767555
30-Nov 15:27:25:INFO:root:------ Middle 1: 0.0007070494783352364
30-Nov 15:27:25:INFO:root:------ Middle 2: 0.0003877131188871201
30-Nov 15:27:27:INFO:root:------ Middle 3: 0.0002750116900446977
30-Nov 15:27:27:INFO:root:Starting from 2.3274033087013967e-17
30-Nov 15:27:27:INFO:root:-- Outer 2: 0.010086210880431455
30-Nov 15:27:28:INFO:root:------ Middle 1: 0.0008413819897185844
30-Nov 15:27:31:INFO:root:------ Middle 1: 0.000634955257886018
30-Nov 15:27:32:INFO:root:------ Middle 2: 0.00018928326332115868
30-Nov 15:27:32:INFO:root:Starting from 1.5867288979655785e-17
30-Nov 15:27:32:INFO:root:-- Outer 3: 0.005098633063364017
30-Nov 15:27:33:INFO:root:------ Middle 1: 0.00037697105479557935
30-Nov 15:27:34:INFO:root:------ Middle 2: 0.0003830852340013973
30-Nov 15:27:36:INFO:root:------ Middle 2: 0.00016297212938536144
30-Nov 15:27:36:INFO:root:Starting from 1.8825129761444026e-17
30-Nov 15:27:36:INFO:root:-- Outer 4: 0.0022755646465523146
30-Nov 15:27:37:INFO:root:------ Middle 3: 0.00023783924370893576
30-Nov 15:27:37:INFO:root:Starting from 2.3199115561368386e-17
30-Nov 15:27:37:INFO:root:-- Outer 2: 0.009064355339376474
30-Nov 15:27:37:INFO:root:------ Middle 1: 0.00020260517552984447
30-Nov 15:27:37:INFO:root:Starting from 1.4376002203292626e-17
30-Nov 15:27:37:INFO:root:-- Outer 5: 0.002346816182245559
30-Nov 15:27:39:INFO:root:------ Middle 1: 0.00017622735435903744
30-Nov 15:27:39:INFO:root:Starting from 1.6292193572881127e-17
30-Nov 15:27:39:INFO:root:-- Outer 6: 0.0008004917565620639
30-Nov 15:27:39:INFO:root:END Outer loop
30-Nov 15:27:39:INFO:root:Model trade shares: [0.959759, 0.943012, 0.993027]
30-Nov 15:27:39:INFO:root:Data trade shares: [0.955615, 0.931697, 0.991754]
30-Nov 15:27:39:INFO:root:US prices: [0.848057, 0.857654, 0.882181]
30-Nov 15:27:39:INFO:root:in the data: [2.59006, 2.59665, 2.59665]
30-Nov 15:27:39:INFO:root:Nominal world expenditure: 1.5618788299525443e7
30-Nov 15:27:39:INFO:root:--------------In the data: [4.90999e7]
30-Nov 15:27:41:INFO:root:------ Middle 1: 0.000386963801144695
30-Nov 15:27:41:INFO:root:------ Middle 2: 0.00021049574355860065
30-Nov 15:27:41:INFO:root:Starting from 1.9650784222378375e-17
30-Nov 15:27:41:INFO:root:-- Outer 3: 0.004257834116691984
30-Nov 15:27:44:INFO:root:------ Middle 5: 0.0005687180103799178
30-Nov 15:27:45:INFO:root:------ Middle 1: 0.0002776235193490696
30-Nov 15:27:45:INFO:root:Starting from 1.542627306939478e-17
30-Nov 15:27:45:INFO:root:-- Outer 4: 0.0021672676781229376
30-Nov 15:27:46:INFO:root:------ Middle 1: 0.0003046970787468049
30-Nov 15:27:47:INFO:root:------ Middle 2: 0.00012587886198078108
30-Nov 15:27:47:INFO:root:Starting from 1.6796466438023214e-17
30-Nov 15:27:47:INFO:root:-- Outer 5: 0.0011080853959731592
30-Nov 15:27:48:INFO:root:------ Middle 1: 0.0001293139518601451
30-Nov 15:27:48:INFO:root:Starting from 1.5439056811731733e-17
30-Nov 15:27:48:INFO:root:-- Outer 6: 0.0006647396285347826
30-Nov 15:27:48:INFO:root:END Outer loop
30-Nov 15:27:49:INFO:root:Model trade shares: [0.949572, 0.941415, 0.993415]
30-Nov 15:27:49:INFO:root:Data trade shares: [0.944757, 0.931965, 0.986375]
30-Nov 15:27:49:INFO:root:US prices: [0.89138, 0.830271, 0.834472]
30-Nov 15:27:49:INFO:root:in the data: [2.85731, 2.74066, 2.74066]
30-Nov 15:27:49:INFO:root:Nominal world expenditure: 1.5422968251626791e7
30-Nov 15:27:49:INFO:root:--------------In the data: [5.4623e7]
30-Nov 15:28:20:INFO:root:------ Middle 1: 0.0006959292297121891
30-Nov 15:29:20:INFO:root:------ Middle 6: 0.00036395076372717534
30-Nov 15:29:49:INFO:root:------ Middle 2: 0.00041866253867749935
30-Nov 15:30:55:INFO:root:------ Middle 7: 0.000234194787187011
30-Nov 15:30:55:INFO:root:Starting from 1.2583218627557914e-17
30-Nov 15:30:55:INFO:root:-- Outer 1: 0.01628405114335537
30-Nov 15:31:17:INFO:root:------ Middle 3: 0.0002533967133543894
30-Nov 15:31:17:INFO:root:Starting from 1.8241545607420642e-17
30-Nov 15:31:17:INFO:root:-- Outer 2: 0.009662555630184321
30-Nov 15:32:31:INFO:root:------ Middle 1: 0.0007530763132388982
30-Nov 15:32:31:INFO:root:------ Middle 2: 0.000418099503624506
30-Nov 15:32:33:INFO:root:------ Middle 3: 0.0002870885307058546
30-Nov 15:32:33:INFO:root:Starting from 1.7588252636103133e-17
30-Nov 15:32:34:INFO:root:-- Outer 2: 0.007602468082743691
30-Nov 15:32:38:INFO:root:------ Middle 1: 0.0005731599115531933
30-Nov 15:32:38:INFO:root:------ Middle 2: 0.00024756257572438396
30-Nov 15:32:38:INFO:root:Starting from 1.9639665271159133e-17
30-Nov 15:32:38:INFO:root:-- Outer 3: 0.003812232959554777
30-Nov 15:32:44:INFO:root:------ Middle 1: 0.0004006671562036878
30-Nov 15:32:44:INFO:root:------ Middle 1: 0.00034107170929812824
30-Nov 15:32:45:INFO:root:------ Middle 2: 0.0002963473476264038
30-Nov 15:32:45:INFO:root:Starting from 1.3601013897687903e-17
30-Nov 15:32:45:INFO:root:-- Outer 4: 0.0019265943177195737
30-Nov 15:32:45:INFO:root:------ Middle 1: 0.00027656895025953283
30-Nov 15:32:45:INFO:root:Starting from 1.9423796065452907e-17
30-Nov 15:32:45:INFO:root:-- Outer 5: 0.0020312263775598546
30-Nov 15:32:49:INFO:root:------ Middle 1: 0.00018775640595084198
30-Nov 15:32:49:INFO:root:Starting from 1.5697358179117478e-17
30-Nov 15:32:49:INFO:root:-- Outer 6: 0.00034230726603913904
30-Nov 15:32:49:INFO:root:END Outer loop
30-Nov 15:32:49:INFO:root:Model trade shares: [0.962803, 0.922785, 0.983114]
30-Nov 15:32:49:INFO:root:Data trade shares: [0.955026, 0.900005, 0.981768]
30-Nov 15:32:49:INFO:root:US prices: [1.21298, 0.992909, 1.14094]
30-Nov 15:32:49:INFO:root:in the data: [4.23838, 3.41193, 3.41193]
30-Nov 15:32:49:INFO:root:Nominal world expenditure: 2.9351373973183144e7
30-Nov 15:32:49:INFO:root:--------------In the data: [9.98292e7]
30-Nov 15:34:10:INFO:root:------ Middle 2: 0.0002413901938262876
30-Nov 15:34:10:INFO:root:Starting from 1.662650703609855e-17
30-Nov 15:34:10:INFO:root:-- Outer 3: 0.004359075584385589
30-Nov 15:35:38:INFO:root:------ Middle 1: 0.0002797189365009004
30-Nov 15:35:38:INFO:root:Starting from 1.9214649201776696e-17
30-Nov 15:35:38:INFO:root:-- Outer 4: 0.0020761919095285504
30-Nov 15:37:06:INFO:root:------ Middle 1: 0.0002446389644010786
30-Nov 15:37:06:INFO:root:Starting from 2.019940715087224e-17
30-Nov 15:37:06:INFO:root:-- Outer 5: 0.001078187055744109
30-Nov 15:38:33:INFO:root:------ Middle 1: 0.00019253056790292963
30-Nov 15:38:33:INFO:root:Starting from 1.9131457310511304e-17
30-Nov 15:38:33:INFO:root:-- Outer 6: 0.0006080217540048149
30-Nov 15:38:33:INFO:root:END Outer loop
30-Nov 15:38:33:INFO:root:Model trade shares: [0.964541, 0.935206, 0.990897]
30-Nov 15:38:33:INFO:root:Data trade shares: [0.954902, 0.927282, 0.98849]
30-Nov 15:38:33:INFO:root:US prices: [0.848721, 0.884874, 0.906493]
30-Nov 15:38:33:INFO:root:in the data: [2.81662, 2.76323, 2.76323]
30-Nov 15:38:33:INFO:root:Nominal world expenditure: 1.6154468320015477e7
30-Nov 15:38:33:INFO:root:--------------In the data: [5.52518e7]
1631.185439 seconds (936.66 k allocations: 750.838 MiB, 0.06% gc time)
