WARNING: Method definition warn(Any...) in module Base at util.jl:589 overwritten in module Logging at //////////////////////////////////////////////////////usr/local/julia/JuliaPro-0.6.3.1/JuliaPro/pkgs-0.6.3.1/v0.6/Logging/src/Logging.jl:115.
WARNING: Method definition info(Any...) in module Base at util.jl:534 overwritten in module Logging at //////////////////////////////////////////////////////usr/local/julia/JuliaPro-0.6.3.1/JuliaPro/pkgs-0.6.3.1/v0.6/Logging/src/Logging.jl:115.
WARNING: Method definition warn(WARNINGWARNING: Method defiwarn(Any...) in module Base at util.jl in module B in module Base at overwritten in module Logging at ////////////////////////////////////// overwriWARNING: Method defini at /////(Any.An) in) in module  at  at util.jl:534 overwritten in module Log at  at //////////////////////////////////////////////////////usr/local/julia/JuliaPro-0.6.3.1/JuliaPro/pkgs-0.6.3.1/v0.6/Lo in module Logging at //////////////////////////////////////////////////////usr/local/julia/JuliaPro-0.6.3.1/JuliaPro/pkgs-0.6.3.1/v0.6/Logging/src/Logging.jl:115.
30-Nov 14:24:25:INFO:root:--- Period 5 ---
30-Nov 14:24:25:INFO:root:--- Period 3 ---
30-Nov 14:24:26:INFO:root:--- Period 4 ---
30-Nov 14:24:26:INFO:root:--- Period 8 ---
30-Nov 14:24:26:INFO:root:--- Period 1 ---
30-Nov 14:24:26:INFO:root:--- Period 9 ---
30-Nov 14:24:26:INFO:root:--- Period 10 ---
30-Nov 14:24:26:INFO:root:--- Period 6 ---
30-Nov 14:24:26:INFO:root:--- Period 7 ---
30-Nov 14:24:26:INFO:root:--- Period 11 ---
30-Nov 14:24:26:INFO:root:--- Period 12 ---
30-Nov 14:24:38:INFO:root:BEGIN Outer loop
30-Nov 14:24:38:INFO:root:BEGIN Outer loop
30-Nov 14:24:39:INFO:root:BEGIN Outer loop
30-Nov 14:24:39:INFO:root:BEGIN Outer loop
30-Nov 14:24:39:INFO:root:BEGIN Outer loop
30-Nov 14:24:39:INFO:root:BEGIN Outer loop
30-Nov 14:24:39:INFO:root:BEGIN Outer loop
30-Nov 14:24:40:INFO:root:BEGIN Outer loop
30-Nov 14:24:40:INFO:root:BEGIN Outer loop
30-Nov 14:24:40:INFO:root:BEGIN Outer loop
30-Nov 14:24:40:INFO:root:BEGIN Outer loop
30-Nov 14:24:41:INFO:root:BEGIN Outer loop
30-Nov 14:24:52:INFO:root:------ Middle 1: 0.005542193749704117
30-Nov 14:24:52:INFO:root:------ Middle 2: 0.003058989126129315
30-Nov 14:24:52:INFO:root:------ Middle 3: 0.0023518166783741993
30-Nov 14:24:52:INFO:root:------ Middle 4: 0.0013024790505560579
30-Nov 14:24:52:INFO:root:------ Middle 5: 0.0010305923459188603
30-Nov 14:24:52:INFO:root:------ Middle 6: 0.000572637546224174
30-Nov 14:24:53:INFO:root:------ Middle 7: 0.0004607297579615868
30-Nov 14:24:53:INFO:root:------ Middle 8: 0.00027633316309093385
30-Nov 14:24:54:INFO:root:Starting from 1.6675659419160997e-17
30-Nov 14:24:56:INFO:root:-- Outer 1: 0.039532166193428954
30-Nov 14:24:56:INFO:root:------ Middle 1: 0.002837910095460833
30-Nov 14:24:56:INFO:root:------ Middle 2: 0.0009071232738145019
30-Nov 14:24:56:INFO:root:------ Middle 3: 0.0005036134123965319
30-Nov 14:24:57:INFO:root:------ Middle 4: 0.0003606490867374744
30-Nov 14:24:57:INFO:root:------ Middle 5: 0.00021778341714952557
30-Nov 14:24:57:INFO:root:Starting from 1.3849606601367538e-17
30-Nov 14:24:57:INFO:root:-- Outer 2: 0.01797392837358642
30-Nov 14:24:57:INFO:root:------ Middle 1: 0.0005786461151602391
30-Nov 14:24:57:INFO:root:------ Middle 2: 0.00036437661796420744
30-Nov 14:24:57:INFO:root:------ Middle 3: 0.00020532618254956228
30-Nov 14:24:57:INFO:root:Starting from 1.0771574922840387e-17
30-Nov 14:24:57:INFO:root:-- Outer 3: 0.0074407444007311505
30-Nov 14:24:57:INFO:root:------ Middle 1: 0.00017934985157055003
30-Nov 14:24:57:INFO:root:Starting from 1.23824648141534e-17
30-Nov 14:24:57:INFO:root:-- Outer 4: 0.007491961425532922
30-Nov 14:24:57:INFO:root:------ Middle 1: 0.0002413313964349901
30-Nov 14:24:57:INFO:root:Starting from 7.604821056322484e-18
30-Nov 14:24:57:INFO:root:-- Outer 5: 0.0018127490798568464
30-Nov 14:24:57:INFO:root:------ Middle 1: 0.0002067562689017855
30-Nov 14:24:57:INFO:root:Starting from 7.602162376248164e-18
30-Nov 14:24:57:INFO:root:-- Outer 6: 0.0018380310134085665
30-Nov 14:24:57:INFO:root:------ Middle 1: 0.00013612541435425776
30-Nov 14:24:57:INFO:root:Starting from 1.2443734826753218e-17
30-Nov 14:24:57:INFO:root:-- Outer 7: 0.00037029997008747393
30-Nov 14:24:57:INFO:root:END Outer loop
30-Nov 14:24:58:INFO:root:Model trade shares: [0.970573, 0.940909, 0.995662]
30-Nov 14:24:58:INFO:root:Data trade shares: [0.970499, 0.941882, 0.994321]
30-Nov 14:24:58:INFO:root:US prices: [1.00874, 1.00746, 1.00583]
30-Nov 14:24:58:INFO:root:in the data: [1.0, 1.0, 1.0]
30-Nov 14:24:58:INFO:root:Nominal world expenditure: 8.207740550926821e6
30-Nov 14:24:59:INFO:root:--------------In the data: [8.33469e6]
30-Nov 14:25:00:INFO:root:--- Period 13 ---
30-Nov 14:25:00:INFO:root:BEGIN Outer loop
30-Nov 14:25:21:INFO:root:------ Middle 1: 0.005108082757941231
30-Nov 14:25:22:INFO:root:------ Middle 1: 0.00434176010654252
30-Nov 14:25:22:INFO:root:------ Middle 2: 0.0028172198108057807
30-Nov 14:25:22:INFO:root:------ Middle 2: 0.0023956526222798586
30-Nov 14:25:23:INFO:root:------ Middle 1: 0.005379249524569991
30-Nov 14:25:24:INFO:root:------ Middle 2: 0.0029691768058210935
30-Nov 14:25:25:INFO:root:------ Middle 1: 0.0053258356431655635
30-Nov 14:25:26:INFO:root:------ Middle 1: 0.0052148257764018996
30-Nov 14:25:26:INFO:root:------ Middle 2: 0.0029371901290384107
30-Nov 14:25:26:INFO:root:------ Middle 2: 0.0028762930478905976
30-Nov 14:25:27:INFO:root:------ Middle 1: 0.004660628160632304
30-Nov 14:25:27:INFO:root:------ Middle 1: 0.005051331956812886
30-Nov 14:25:27:INFO:root:------ Middle 1: 0.004896241816196029
30-Nov 14:25:27:INFO:root:------ Middle 2: 0.0025703245361110042
30-Nov 14:25:28:INFO:root:------ Middle 2: 0.0027856207313626253
30-Nov 14:25:28:INFO:root:------ Middle 1: 0.0039332949636870845
30-Nov 14:25:28:INFO:root:------ Middle 2: 0.0026985999094358433
30-Nov 14:25:28:INFO:root:------ Middle 2: 0.002170140182878408
30-Nov 14:25:30:INFO:root:------ Middle 3: 0.0021109936048870643
30-Nov 14:25:31:INFO:root:------ Middle 1: 0.004122053087020455
30-Nov 14:25:31:INFO:root:------ Middle 4: 0.0011695826017667703
30-Nov 14:25:31:INFO:root:------ Middle 3: 0.0018241988690959915
30-Nov 14:25:31:INFO:root:------ Middle 2: 0.002272738756567517
30-Nov 14:25:32:INFO:root:------ Middle 1: 0.004996183104901242
30-Nov 14:25:32:INFO:root:------ Middle 4: 0.0010121195018843684
30-Nov 14:25:33:INFO:root:------ Middle 2: 0.0027536666105849564
30-Nov 14:25:33:INFO:root:------ Middle 3: 0.0022574616228847877
30-Nov 14:25:34:INFO:root:------ Middle 4: 0.0012522961105063963
30-Nov 14:25:35:INFO:root:------ Middle 3: 0.0021980909392432632
30-Nov 14:25:35:INFO:root:------ Middle 3: 0.0021463884948330855
30-Nov 14:25:35:INFO:root:------ Middle 4: 0.0012182732909094996
30-Nov 14:25:35:INFO:root:------ Middle 3: 0.0020155922320911294
30-Nov 14:25:36:INFO:root:------ Middle 4: 0.0011893804214810812
30-Nov 14:25:36:INFO:root:------ Middle 3: 0.0019352572365093368
30-Nov 14:25:36:INFO:root:------ Middle 4: 0.0011161051772798983
30-Nov 14:25:36:INFO:root:------ Middle 3: 0.0020827972837691045
30-Nov 14:25:37:INFO:root:------ Middle 4: 0.001073057051971853
30-Nov 14:25:37:INFO:root:------ Middle 4: 0.0011539529606944886
30-Nov 14:25:38:INFO:root:------ Middle 5: 0.0009306841395546389
30-Nov 14:25:38:INFO:root:------ Middle 3: 0.001677820866806857
30-Nov 14:25:39:INFO:root:------ Middle 6: 0.0005169175732671233
30-Nov 14:25:39:INFO:root:------ Middle 4: 0.0009310559943133435
30-Nov 14:25:39:INFO:root:------ Middle 5: 0.0008218997857238454
30-Nov 14:25:40:INFO:root:------ Middle 6: 0.0004572617634078264
30-Nov 14:25:41:INFO:root:------ Middle 3: 0.0017282967450681119
30-Nov 14:25:41:INFO:root:------ Middle 1: 0.0038675995067063047
30-Nov 14:25:41:INFO:root:------ Middle 3: 0.0020531451978632715
30-Nov 14:25:42:INFO:root:------ Middle 5: 0.00099976922496447
30-Nov 14:25:42:INFO:root:------ Middle 4: 0.0009588990342394529
30-Nov 14:25:42:INFO:root:------ Middle 2: 0.0021331060545192685
30-Nov 14:25:42:INFO:root:------ Middle 4: 0.0011369746423330817
30-Nov 14:25:42:INFO:root:------ Middle 6: 0.0005554744777868294
30-Nov 14:25:42:INFO:root:------ Middle 7: 0.0004186331052438499
30-Nov 14:25:43:INFO:root:------ Middle 5: 0.0009674388152746936
30-Nov 14:25:43:INFO:root:------ Middle 5: 0.0009425629467261469
30-Nov 14:25:43:INFO:root:------ Middle 8: 0.00023731523591248861
30-Nov 14:25:44:INFO:root:------ Middle 6: 0.0005375981504173909
30-Nov 14:25:44:INFO:root:------ Middle 7: 0.000376210627374655
30-Nov 14:25:44:INFO:root:------ Middle 5: 0.0008888995002240931
30-Nov 14:25:44:INFO:root:------ Middle 6: 0.0005237268401504453
30-Nov 14:25:44:INFO:root:------ Middle 5: 0.0008627557096008299
30-Nov 14:25:44:INFO:root:Starting from 1.2313726180817001e-17
30-Nov 14:25:44:INFO:root:------ Middle 5: 0.000918709492723984
30-Nov 14:25:45:INFO:root:------ Middle 6: 0.00049356330054494
30-Nov 14:25:45:INFO:root:------ Middle 6: 0.0004795787983268006
30-Nov 14:25:45:INFO:root:------ Middle 6: 0.0005105009680196987
30-Nov 14:25:45:INFO:root:-- Outer 1: 0.029722613880665227
30-Nov 14:25:46:INFO:root:------ Middle 8: 0.00022908916932665199
30-Nov 14:25:46:INFO:root:------ Middle 7: 0.0004468816838637991
30-Nov 14:25:46:INFO:root:------ Middle 5: 0.0007577638591172361
30-Nov 14:25:47:INFO:root:Starting from 1.1835303565972274e-17
30-Nov 14:25:47:INFO:root:------ Middle 6: 0.00042229988779852155
30-Nov 14:25:47:INFO:root:------ Middle 8: 0.0002522115676061198
30-Nov 14:25:47:INFO:root:------ Middle 7: 0.00043341999143496363
30-Nov 14:25:47:INFO:root:-- Outer 1: 0.023934543141892133
30-Nov 14:25:48:INFO:root:------ Middle 7: 0.0004224648673512812
30-Nov 14:25:48:INFO:root:Starting from 1.2299469914553288e-17
30-Nov 14:25:48:INFO:root:------ Middle 8: 0.0002454554891408137
30-Nov 14:25:48:INFO:root:------ Middle 7: 0.00040118529735064967
30-Nov 14:25:48:INFO:root:------ Middle 8: 0.00023933580425731726
30-Nov 14:25:48:INFO:root:------ Middle 7: 0.0003914635381392849
30-Nov 14:25:48:INFO:root:------ Middle 1: 0.0018929652600223432
30-Nov 14:25:49:INFO:root:------ Middle 7: 0.00041451553931957393
30-Nov 14:25:49:INFO:root:-- Outer 1: 0.036134408865049164
30-Nov 14:25:49:INFO:root:Starting from 1.1901899624801298e-17
30-Nov 14:25:49:INFO:root:------ Middle 5: 0.0009033455097143755
30-Nov 14:25:49:INFO:root:------ Middle 7: 0.0003312988080218725
30-Nov 14:25:49:INFO:root:------ Middle 5: 0.0007764815031770694
30-Nov 14:25:50:INFO:root:Starting from 1.2342779802018036e-17
30-Nov 14:25:50:INFO:root:------ Middle 8: 0.00019777614938755355
30-Nov 14:25:50:INFO:root:------ Middle 6: 0.0005016386289104547
30-Nov 14:25:50:INFO:root:-- Outer 1: 0.03357029117868829
30-Nov 14:25:50:INFO:root:------ Middle 6: 0.0004320047873012974
30-Nov 14:25:50:INFO:root:------ Middle 8: 0.00024108246877143852
30-Nov 14:25:51:INFO:root:-- Outer 1: 0.03153656805071566
30-Nov 14:25:51:INFO:root:------ Middle 8: 0.00023720070074933838
30-Nov 14:25:51:INFO:root:------ Middle 8: 0.0002498335826232928
30-Nov 14:25:51:INFO:root:Starting from 1.2113948923772752e-17
30-Nov 14:25:51:INFO:root:Starting from 1.2291194305078063e-17
30-Nov 14:25:52:INFO:root:Starting from 1.226200304040921e-17
30-Nov 14:25:52:INFO:root:-- Outer 1: 0.02380075857751118
30-Nov 14:25:52:INFO:root:Starting from 1.2314756743669702e-17
30-Nov 14:25:52:INFO:root:-- Outer 1: 0.02625377878305585
30-Nov 14:25:53:INFO:root:------ Middle 1: 0.0018427612393901052
30-Nov 14:25:53:INFO:root:-- Outer 1: 0.02495217440615683
30-Nov 14:25:53:INFO:root:-- Outer 1: 0.028661742467852087
30-Nov 14:25:53:INFO:root:------ Middle 7: 0.000336360470710347
30-Nov 14:25:53:INFO:root:------ Middle 1: 0.002188197182911738
30-Nov 14:25:54:INFO:root:------ Middle 7: 0.0004065092880465146
30-Nov 14:25:54:INFO:root:------ Middle 1: 0.0020387889538074516
30-Nov 14:25:54:INFO:root:------ Middle 3: 0.0016648026547325344
30-Nov 14:25:54:INFO:root:------ Middle 1: 0.002380502344668789
30-Nov 14:25:54:INFO:root:------ Middle 8: 0.000201853019901183
30-Nov 14:25:55:INFO:root:------ Middle 4: 0.0009220665699345961
30-Nov 14:25:55:INFO:root:Starting from 1.2666129937940288e-17
30-Nov 14:25:56:INFO:root:------ Middle 8: 0.0002446651741229382
30-Nov 14:25:56:INFO:root:-- Outer 1: 0.02360796730810481
30-Nov 14:25:57:INFO:root:Starting from 1.2229594581416874e-17
30-Nov 14:25:58:INFO:root:-- Outer 1: 0.027516207590216134
30-Nov 14:25:58:INFO:root:------ Middle 1: 0.0004330385341258291
30-Nov 14:25:59:INFO:root:------ Middle 2: 0.0002343681321185888
30-Nov 14:25:59:INFO:root:Starting from 1.4101249418239725e-17
30-Nov 14:25:59:INFO:root:-- Outer 2: 0.013219512106627121
30-Nov 14:25:59:INFO:root:------ Middle 2: 0.0005488552658635895
30-Nov 14:26:00:INFO:root:------ Middle 3: 0.00031038238565198566
30-Nov 14:26:02:INFO:root:------ Middle 4: 0.00021421688149141123
30-Nov 14:26:02:INFO:root:Starting from 1.6463757861788524e-17
30-Nov 14:26:02:INFO:root:-- Outer 2: 0.011450202755862324
30-Nov 14:26:03:INFO:root:------ Middle 1: 0.00045149414779992484
30-Nov 14:26:03:INFO:root:------ Middle 5: 0.0007458773528900746
30-Nov 14:26:04:INFO:root:------ Middle 6: 0.00041575984781306127
30-Nov 14:26:05:INFO:root:------ Middle 1: 0.00044494583939557977
30-Nov 14:26:05:INFO:root:------ Middle 1: 0.0004213854522552208
30-Nov 14:26:05:INFO:root:------ Middle 2: 0.0006552667688056712
30-Nov 14:26:05:INFO:root:------ Middle 2: 0.00024187130888482324
30-Nov 14:26:05:INFO:root:Starting from 1.565101341981005e-17
30-Nov 14:26:05:INFO:root:-- Outer 2: 0.014814419851061236
30-Nov 14:26:06:INFO:root:------ Middle 2: 0.0006015268541472843
30-Nov 14:26:06:INFO:root:------ Middle 2: 0.0002288069750378522
30-Nov 14:26:06:INFO:root:------ Middle 1: 0.0004248891028154934
30-Nov 14:26:06:INFO:root:Starting from 1.426371028105809e-17
30-Nov 14:26:06:INFO:root:-- Outer 2: 0.013986553634292014
30-Nov 14:26:06:INFO:root:------ Middle 3: 0.0003673475976636536
30-Nov 14:26:06:INFO:root:------ Middle 3: 0.00033937520435429813
30-Nov 14:26:07:INFO:root:------ Middle 2: 0.0002312965762592171
30-Nov 14:26:07:INFO:root:Starting from 1.585886562065704e-17
30-Nov 14:26:07:INFO:root:-- Outer 2: 0.015830506401659377
30-Nov 14:26:07:INFO:root:------ Middle 7: 0.00032590996231857567
30-Nov 14:26:07:INFO:root:------ Middle 2: 0.0005535619873315334
30-Nov 14:26:07:INFO:root:------ Middle 2: 0.0006716055960890921
30-Nov 14:26:08:INFO:root:------ Middle 8: 0.00019358523723226763
30-Nov 14:26:08:INFO:root:Starting from 1.273627459158684e-17
30-Nov 14:26:08:INFO:root:------ Middle 3: 0.00030964852102971274
30-Nov 14:26:08:INFO:root:------ Middle 3: 0.00037671917214411946
30-Nov 14:26:08:INFO:root:-- Outer 1: 0.02435041034223731
30-Nov 14:26:08:INFO:root:------ Middle 4: 0.00024637659962660263
30-Nov 14:26:08:INFO:root:Starting from 1.9542713732661097e-17
30-Nov 14:26:08:INFO:root:-- Outer 2: 0.012441010714265672
30-Nov 14:26:09:INFO:root:------ Middle 4: 0.00023167681816413924
30-Nov 14:26:09:INFO:root:Starting from 2.2198361717953335e-17
30-Nov 14:26:09:INFO:root:-- Outer 2: 0.011867286706412527
30-Nov 14:26:09:INFO:root:------ Middle 1: 0.0002998875151210399
30-Nov 14:26:09:INFO:root:Starting from 1.4248005366519407e-17
30-Nov 14:26:09:INFO:root:-- Outer 3: 0.0057113629220967395
30-Nov 14:26:09:INFO:root:------ Middle 1: 0.0004949154827353398
30-Nov 14:26:09:INFO:root:------ Middle 1: 0.0018533926737790984
30-Nov 14:26:10:INFO:root:------ Middle 1: 0.00047640219205178025
30-Nov 14:26:10:INFO:root:------ Middle 1: 0.0003774204976221768
30-Nov 14:26:10:INFO:root:------ Middle 4: 0.00020672552382012852
30-Nov 14:26:10:INFO:root:Starting from 1.698470634899735e-17
30-Nov 14:26:10:INFO:root:-- Outer 2: 0.011535867586512255
30-Nov 14:26:10:INFO:root:------ Middle 4: 0.0002488830569487495
30-Nov 14:26:10:INFO:root:Starting from 1.3476101781174756e-17
30-Nov 14:26:10:INFO:root:-- Outer 2: 0.0134779255959606
30-Nov 14:26:11:INFO:root:------ Middle 2: 0.0006707650707828923
30-Nov 14:26:11:INFO:root:------ Middle 1: 0.0004390739820602932
30-Nov 14:26:11:INFO:root:------ Middle 2: 0.00032298958004533303
30-Nov 14:26:11:INFO:root:------ Middle 3: 0.00037623524457071485
30-Nov 14:26:11:INFO:root:------ Middle 1: 0.0005914133726173062
30-Nov 14:26:12:INFO:root:------ Middle 1: 0.0005125452537510746
30-Nov 14:26:12:INFO:root:------ Middle 3: 0.00018588808615313301
30-Nov 14:26:12:INFO:root:Starting from 1.7910410059345166e-17
30-Nov 14:26:12:INFO:root:-- Outer 3: 0.004795040066715942
30-Nov 14:26:13:INFO:root:------ Middle 1: 0.00018891297588057474
30-Nov 14:26:13:INFO:root:------ Middle 2: 0.0002802908806479331
30-Nov 14:26:13:INFO:root:Starting from 1.7084414821313935e-17
30-Nov 14:26:13:INFO:root:-- Outer 2: 0.010712252069400857
30-Nov 14:26:13:INFO:root:Starting from 1.3657164679180624e-17
30-Nov 14:26:13:INFO:root:-- Outer 4: 0.004802318794479742
30-Nov 14:26:13:INFO:root:------ Middle 4: 0.00025266852251258474
30-Nov 14:26:14:INFO:root:Starting from 1.7303305462752314e-17
30-Nov 14:26:14:INFO:root:-- Outer 2: 0.012999226045650823
30-Nov 14:26:14:INFO:root:------ Middle 1: 0.0006071092982730642
30-Nov 14:26:16:INFO:root:------ Middle 1: 0.0003172589556229509
30-Nov 14:26:17:INFO:root:------ Middle 2: 0.00017273561235752144
30-Nov 14:26:17:INFO:root:Starting from 1.708219146021365e-17
30-Nov 14:26:17:INFO:root:-- Outer 3: 0.0063223739039537305
30-Nov 14:26:18:INFO:root:------ Middle 1: 0.00030669615769281515
30-Nov 14:26:18:INFO:root:------ Middle 2: 0.0001619140305868282
30-Nov 14:26:18:INFO:root:Starting from 1.583720813734809e-17
30-Nov 14:26:18:INFO:root:-- Outer 4: 0.0024246166861100864
30-Nov 14:26:18:INFO:root:------ Middle 2: 0.0001675341900961109
30-Nov 14:26:18:INFO:root:Starting from 1.5712883146918626e-17
30-Nov 14:26:18:INFO:root:-- Outer 3: 0.005947507783133124
30-Nov 14:26:19:INFO:root:------ Middle 1: 0.00016340521905554742
30-Nov 14:26:19:INFO:root:Starting from 1.5352177000628227e-17
30-Nov 14:26:19:INFO:root:-- Outer 5: 0.002413264696890498
30-Nov 14:26:19:INFO:root:------ Middle 1: 0.00028631744452037875
30-Nov 14:26:19:INFO:root:Starting from 1.5356984070503942e-17
30-Nov 14:26:19:INFO:root:-- Outer 3: 0.006779199964705416
30-Nov 14:26:19:INFO:root:------ Middle 2: 0.0003422676760890143
30-Nov 14:26:19:INFO:root:------ Middle 2: 0.0003434141069168456
30-Nov 14:26:20:INFO:root:------ Middle 3: 0.00019661730324694769
30-Nov 14:26:20:INFO:root:Starting from 1.5730657089378147e-17
30-Nov 14:26:20:INFO:root:-- Outer 3: 0.004963751521164259
30-Nov 14:26:20:INFO:root:------ Middle 3: 0.00019669864458170703
30-Nov 14:26:20:INFO:root:------ Middle 1: 0.0003755711923531024
30-Nov 14:26:20:INFO:root:Starting from 1.503223104256542e-17
30-Nov 14:26:20:INFO:root:-- Outer 3: 0.005188693557337443
30-Nov 14:26:21:INFO:root:------ Middle 2: 0.00035407783520601785
30-Nov 14:26:21:INFO:root:------ Middle 1: 0.0002039927958791022
30-Nov 14:26:21:INFO:root:Starting from 1.314851876813581e-17
30-Nov 14:26:21:INFO:root:-- Outer 4: 0.0049686802228808185
30-Nov 14:26:21:INFO:root:------ Middle 1: 0.00020294215805487811
30-Nov 14:26:21:INFO:root:Starting from 1.5932604759063388e-17
30-Nov 14:26:21:INFO:root:-- Outer 4: 0.0051651797120941915
30-Nov 14:26:22:INFO:root:------ Middle 2: 0.0003035308127781635
30-Nov 14:26:22:INFO:root:------ Middle 3: 0.00020275850832261576
30-Nov 14:26:22:INFO:root:Starting from 1.7512154828240597e-17
30-Nov 14:26:22:INFO:root:-- Outer 3: 0.005691692839362355
30-Nov 14:26:22:INFO:root:------ Middle 1: 0.0002589005626551618
30-Nov 14:26:22:INFO:root:------ Middle 3: 0.0001733795661175651
30-Nov 14:26:22:INFO:root:Starting from 1.7732546128740506e-17
30-Nov 14:26:22:INFO:root:Starting from 1.4240436688772453e-17
30-Nov 14:26:22:INFO:root:-- Outer 5: 0.0012174230895758724
30-Nov 14:26:22:INFO:root:-- Outer 3: 0.004917122552051314
30-Nov 14:26:23:INFO:root:------ Middle 1: 0.00027458103863933027
30-Nov 14:26:23:INFO:root:Starting from 1.6643350174203015e-17
30-Nov 14:26:23:INFO:root:-- Outer 4: 0.005837733940317924
30-Nov 14:26:23:INFO:root:------ Middle 1: 0.00014124840130765083
30-Nov 14:26:23:INFO:root:Starting from 1.5334318516049845e-17
30-Nov 14:26:23:INFO:root:-- Outer 6: 0.0004914031894126189
30-Nov 14:26:23:INFO:root:END Outer loop
30-Nov 14:26:23:INFO:root:------ Middle 1: 0.00019127527464015017
30-Nov 14:26:23:INFO:root:------ Middle 1: 0.00021566048777749706
30-Nov 14:26:23:INFO:root:Starting from 1.6546349334601604e-17
30-Nov 14:26:23:INFO:root:-- Outer 4: 0.0049477892171858944
30-Nov 14:26:23:INFO:root:Starting from 1.5786944985381617e-17
30-Nov 14:26:23:INFO:root:-- Outer 6: 0.0012610346887026243
30-Nov 14:26:24:INFO:root:------ Middle 2: 0.00036003822935941923
30-Nov 14:26:24:INFO:root:------ Middle 1: 0.0004388807195252026
30-Nov 14:26:24:INFO:root:Model trade shares: [0.956953, 0.920242, 0.989455]
30-Nov 14:26:24:INFO:root:Data trade shares: [0.967429, 0.940539, 0.992695]
30-Nov 14:26:24:INFO:root:US prices: [1.22953, 1.05448, 1.04461]
30-Nov 14:26:24:INFO:root:in the data: [1.63396, 1.43854, 1.43854]
30-Nov 14:26:24:INFO:root:------ Middle 3: 0.0002057357097903614
30-Nov 14:26:24:INFO:root:Starting from 1.4713839020049797e-17
30-Nov 14:26:24:INFO:root:-- Outer 3: 0.005513578858057811
30-Nov 14:26:24:INFO:root:Nominal world expenditure: 9.392229030456219e6
30-Nov 14:26:25:INFO:root:------ Middle 1: 0.00021320631464914798
30-Nov 14:26:25:INFO:root:Starting from 1.3803944901238079e-17
30-Nov 14:26:25:INFO:root:-- Outer 4: 0.002653546651491474
30-Nov 14:26:25:INFO:root:------ Middle 2: 0.00024061728567696282
30-Nov 14:26:25:INFO:root:Starting from 2.09868541697004e-17
30-Nov 14:26:25:INFO:root:-- Outer 3: 0.004737450551364827
30-Nov 14:26:25:INFO:root:------ Middle 1: 0.0002832235350659399
30-Nov 14:26:25:INFO:root:Starting from 1.4395418015717585e-17
30-Nov 14:26:25:INFO:root:-- Outer 4: 0.005657397051036012
30-Nov 14:26:25:INFO:root:------ Middle 2: 0.0005576939990230531
30-Nov 14:26:25:INFO:root:--------------In the data: [1.37348e7]
30-Nov 14:26:26:INFO:root:------ Middle 1: 0.00022753914899302703
30-Nov 14:26:26:INFO:root:Starting from 1.2930696909393871e-17
30-Nov 14:26:26:INFO:root:-- Outer 5: 0.0026531253410567194
30-Nov 14:26:26:INFO:root:--- Period 14 ---
30-Nov 14:26:26:INFO:root:BEGIN Outer loop
30-Nov 14:26:26:INFO:root:------ Middle 3: 0.00031183212020813837
30-Nov 14:26:27:INFO:root:------ Middle 1: 0.0001689736862754951
30-Nov 14:26:27:INFO:root:Starting from 1.508505771372655e-17
30-Nov 14:26:27:INFO:root:-- Outer 7: 0.0004308483879828095
30-Nov 14:26:27:INFO:root:END Outer loop
30-Nov 14:26:27:INFO:root:------ Middle 1: 0.0002126963199381766
30-Nov 14:26:27:INFO:root:Starting from 1.3491490385447961e-17
30-Nov 14:26:27:INFO:root:-- Outer 4: 0.00248838035133815
30-Nov 14:26:28:INFO:root:------ Middle 1: 0.00022192138946975525
30-Nov 14:26:28:INFO:root:Starting from 1.4839951172701308e-17
30-Nov 14:26:28:INFO:root:-- Outer 5: 0.0025065414155071306
30-Nov 14:26:28:INFO:root:Model trade shares: [0.973466, 0.913677, 0.963938]
30-Nov 14:26:28:INFO:root:Data trade shares: [0.976496, 0.933524, 0.973934]
30-Nov 14:26:28:INFO:root:US prices: [1.44533, 1.0094, 1.05444]
30-Nov 14:26:28:INFO:root:in the data: [2.96155, 2.01858, 2.01858]
30-Nov 14:26:29:INFO:root:------ Middle 4: 0.00021019114181878562
30-Nov 14:26:29:INFO:root:------ Middle 2: 0.00015340119703362946
30-Nov 14:26:29:INFO:root:Starting from 1.6692819788623775e-17
30-Nov 14:26:29:INFO:root:-- Outer 2: 0.011731329207656923
30-Nov 14:26:29:INFO:root:Starting from 1.6119755055955107e-17
30-Nov 14:26:29:INFO:root:-- Outer 4: 0.002969017367398097
30-Nov 14:26:29:INFO:root:Nominal world expenditure: 1.127647909694147e7
30-Nov 14:26:30:INFO:root:------ Middle 1: 0.00027470540796251493
30-Nov 14:26:30:INFO:root:------ Middle 1: 0.0001559248068709724
30-Nov 14:26:30:INFO:root:Starting from 1.6204002380901328e-17
30-Nov 14:26:30:INFO:root:-- Outer 5: 0.0012634057720088037
30-Nov 14:26:30:INFO:root:Starting from 1.3265013334650636e-17
30-Nov 14:26:30:INFO:root:------ Middle 1: 0.0004809631025159767
30-Nov 14:26:30:INFO:root:-- Outer 5: 0.0029604682345457647
30-Nov 14:26:30:INFO:root:------ Middle 1: 0.0003383103656039765
30-Nov 14:26:30:INFO:root:------ Middle 1: 0.00017994803535461348
30-Nov 14:26:30:INFO:root:Starting from 1.5513440993422428e-17
30-Nov 14:26:30:INFO:root:-- Outer 6: 0.0004891910985901642
30-Nov 14:26:30:INFO:root:END Outer loop
30-Nov 14:26:29:INFO:root:--------------In the data: [2.33649e7]
30-Nov 14:26:30:INFO:root:------ Middle 1: 0.00023008777675034774
30-Nov 14:26:30:INFO:root:--- Period 15 ---
30-Nov 14:26:30:INFO:root:Starting from 1.5621596814314244e-17
30-Nov 14:26:30:INFO:root:-- Outer 6: 0.0013073087126344429
30-Nov 14:26:30:INFO:root:BEGIN Outer loop
30-Nov 14:26:31:INFO:root:------ Middle 1: 0.00025203221647685577
30-Nov 14:26:31:INFO:root:Starting from 1.7665508589828462e-17
30-Nov 14:26:31:INFO:root:-- Outer 5: 0.0012856938766643723
30-Nov 14:26:31:INFO:root:Model trade shares: [0.966312, 0.915728, 0.992219]
30-Nov 14:26:31:INFO:root:Data trade shares: [0.973362, 0.938447, 0.994052]
30-Nov 14:26:31:INFO:root:US prices: [1.23163, 1.15882, 1.20203]
30-Nov 14:26:31:INFO:root:in the data: [1.46789, 1.34924, 1.34924]
30-Nov 14:26:31:INFO:root:Nominal world expenditure: 9.275422762239898e6
30-Nov 14:26:32:INFO:root:------ Middle 1: 0.0002111476256051831
30-Nov 14:26:32:INFO:root:Starting from 1.653728982528025e-17
30-Nov 14:26:32:INFO:root:-- Outer 6: 0.0013352918575454099
30-Nov 14:26:32:INFO:root:------ Middle 1: 0.0003332243576218471
30-Nov 14:26:32:INFO:root:------ Middle 1: 0.00018659584750553104
30-Nov 14:26:32:INFO:root:--------------In the data: [1.15794e7]
30-Nov 14:26:32:INFO:root:Starting from 1.6963771008363765e-17
30-Nov 14:26:32:INFO:root:-- Outer 6: 0.0004713831168398346
30-Nov 14:26:33:INFO:root:END Outer loop
30-Nov 14:26:33:INFO:root:------ Middle 2: 0.0001875275450892015
30-Nov 14:26:33:INFO:root:Starting from 1.7011322658927736e-17
30-Nov 14:26:33:INFO:root:-- Outer 5: 0.0016102998745668258
30-Nov 14:26:33:INFO:root:--- Period 16 ---
30-Nov 14:26:33:INFO:root:BEGIN Outer loop
30-Nov 14:26:33:INFO:root:------ Middle 1: 0.0002508446015758331
30-Nov 14:26:33:INFO:root:Starting from 2.0947625686191043e-17
30-Nov 14:26:33:INFO:root:-- Outer 5: 0.0012113292176314974
30-Nov 14:26:34:INFO:root:------ Middle 1: 0.00018967018367545022
30-Nov 14:26:34:INFO:root:Starting from 1.6417361161206492e-17
30-Nov 14:26:34:INFO:root:-- Outer 6: 0.0017026731834623656
30-Nov 14:26:33:INFO:root:Model trade shares: [0.963887, 0.929022, 0.992481]
30-Nov 14:26:34:INFO:root:Data trade shares: [0.975035, 0.947136, 0.993826]
30-Nov 14:26:34:INFO:root:US prices: [1.19441, 1.11749, 1.10786]
30-Nov 14:26:34:INFO:root:in the data: [1.5623, 1.46271, 1.46271]
30-Nov 14:26:34:INFO:root:------ Middle 2: 0.00018801067562914918
30-Nov 14:26:34:INFO:root:Starting from 1.7182990980004963e-17
30-Nov 14:26:34:INFO:root:-- Outer 4: 0.0021940646575650496
30-Nov 14:26:34:INFO:root:Nominal world expenditure: 9.240582388339816e6
30-Nov 14:26:34:INFO:root:------ Middle 1: 0.00020857004595608794
30-Nov 14:26:34:INFO:root:Starting from 1.6635598138013356e-17
30-Nov 14:26:34:INFO:root:-- Outer 6: 0.001246351930658096
30-Nov 14:26:34:INFO:root:------ Middle 1: 0.00017971639802187022
30-Nov 14:26:34:INFO:root:Starting from 1.3903084797835218e-17
30-Nov 14:26:34:INFO:root:-- Outer 7: 0.00044158348851676134
30-Nov 14:26:34:INFO:root:END Outer loop
30-Nov 14:26:35:INFO:root:------ Middle 1: 0.00025935019559342626
30-Nov 14:26:35:INFO:root:Starting from 1.5011468276279748e-17
30-Nov 14:26:35:INFO:root:-- Outer 5: 0.002311847025923723
30-Nov 14:26:34:INFO:root:--------------In the data: [1.27847e7]
30-Nov 14:26:36:INFO:root:--- Period 17 ---
30-Nov 14:26:36:INFO:root:BEGIN Outer loop
30-Nov 14:26:36:INFO:root:------ Middle 1: 0.00033053705022477583
30-Nov 14:26:35:INFO:root:Model trade shares: [0.967738, 0.910074, 0.981868]
30-Nov 14:26:36:INFO:root:Data trade shares: [0.971471, 0.927429, 0.989384]
30-Nov 14:26:36:INFO:root:US prices: [1.54947, 1.06898, 1.07251]
30-Nov 14:26:36:INFO:root:in the data: [2.72526, 1.92631, 1.92631]
30-Nov 14:26:36:INFO:root:Nominal world expenditure: 1.222790678076564e7
30-Nov 14:26:36:INFO:root:------ Middle 1: 0.00016213807700088208
30-Nov 14:26:36:INFO:root:Starting from 1.5983983668012248e-17
30-Nov 14:26:36:INFO:root:-- Outer 7: 0.0004320303547377254
30-Nov 14:26:36:INFO:root:END Outer loop
30-Nov 14:26:36:INFO:root:------ Middle 2: 0.0001850140573069496
30-Nov 14:26:37:INFO:root:Starting from 1.592600724957378e-17
30-Nov 14:26:37:INFO:root:-- Outer 5: 0.0015637141566606455
30-Nov 14:26:37:INFO:root:------ Middle 1: 0.00013853876041265698
30-Nov 14:26:36:INFO:root:--------------In the data: [2.2953e7]
30-Nov 14:26:37:INFO:root:Starting from 1.2358729790412436e-17
30-Nov 14:26:37:INFO:root:-- Outer 6: 0.0006285169214376388
30-Nov 14:26:37:INFO:root:END Outer loop
30-Nov 14:26:37:INFO:root:------ Middle 1: 0.00018651815351045694
30-Nov 14:26:37:INFO:root:Starting from 1.429107726265234e-17
30-Nov 14:26:37:INFO:root:-- Outer 6: 0.001650380724896562
30-Nov 14:26:38:INFO:root:------ Middle 1: 0.00016047358172896064
30-Nov 14:26:38:INFO:root:Starting from 1.5431579750549875e-17
30-Nov 14:26:38:INFO:root:-- Outer 7: 0.000443329660630932
30-Nov 14:26:38:INFO:root:END Outer loop
30-Nov 14:26:38:INFO:root:--- Period 18 ---
30-Nov 14:26:38:INFO:root:BEGIN Outer loop
30-Nov 14:26:37:INFO:root:Model trade shares: [0.966575, 0.909268, 0.99281]
30-Nov 14:26:38:INFO:root:Data trade shares: [0.966266, 0.92464, 0.992831]
30-Nov 14:26:38:INFO:root:US prices: [1.30999, 1.06208, 1.08068]
30-Nov 14:26:38:INFO:root:in the data: [2.27198, 1.79075, 1.79075]
30-Nov 14:26:38:INFO:root:------ Middle 1: 0.00016150252701697197
30-Nov 14:26:38:INFO:root:Starting from 1.8068525137027568e-17
30-Nov 14:26:38:INFO:root:-- Outer 7: 0.0003832034210776638
30-Nov 14:26:38:INFO:root:END Outer loop
30-Nov 14:26:38:INFO:root:Nominal world expenditure: 1.194954027520684e7
30-Nov 14:26:38:INFO:root:Model trade shares: [0.973107, 0.932556, 0.993421]
30-Nov 14:26:38:INFO:root:Data trade shares: [0.970394, 0.938128, 0.99445]
30-Nov 14:26:38:INFO:root:US prices: [1.06668, 1.10657, 1.12766]
30-Nov 14:26:38:INFO:root:in the data: [1.21921, 1.17859, 1.17859]
30-Nov 14:26:39:INFO:root:Nominal world expenditure: 9.190589355248187e6
30-Nov 14:26:39:INFO:root:Model trade shares: [0.948874, 0.916342, 0.986924]
30-Nov 14:26:39:INFO:root:Data trade shares: [0.959721, 0.934044, 0.992669]
30-Nov 14:26:39:INFO:root:US prices: [1.22144, 1.05172, 1.0494]
30-Nov 14:26:39:INFO:root:in the data: [1.70549, 1.50868, 1.50868]
30-Nov 14:26:39:INFO:root:Nominal world expenditure: 1.0176603016349005e7
30-Nov 14:26:39:INFO:root:------ Middle 1: 0.00027007114464034244
30-Nov 14:26:39:INFO:root:Starting from 1.980110730010722e-17
30-Nov 14:26:39:INFO:root:-- Outer 6: 0.0006452547984922293
30-Nov 14:26:39:INFO:root:END Outer loop
30-Nov 14:26:39:INFO:root:Model trade shares: [0.959042, 0.9163, 0.979574]
30-Nov 14:26:39:INFO:root:Data trade shares: [0.972765, 0.936372, 0.980463]
30-Nov 14:26:39:INFO:root:US prices: [1.50936, 0.967649, 0.953204]
30-Nov 14:26:39:INFO:root:in the data: [3.02084, 2.07936, 2.07936]
30-Nov 14:26:38:INFO:root:--------------In the data: [2.07618e7]
30-Nov 14:26:39:INFO:root:--------------In the data: [1.02443e7]
30-Nov 14:26:40:INFO:root:Nominal world expenditure: 1.0907056081644103e7
30-Nov 14:26:40:INFO:root:--- Period 19 ---
30-Nov 14:26:40:INFO:root:BEGIN Outer loop
30-Nov 14:26:40:INFO:root:--- Period 20 ---
30-Nov 14:26:39:INFO:root:--------------In the data: [1.54393e7]
30-Nov 14:26:40:INFO:root:BEGIN Outer loop
30-Nov 14:26:41:INFO:root:--- Period 21 ---
30-Nov 14:26:41:INFO:root:BEGIN Outer loop
30-Nov 14:26:40:INFO:root:Model trade shares: [0.973808, 0.917891, 0.963028]
30-Nov 14:26:41:INFO:root:Data trade shares: [0.97676, 0.939693, 0.972749]
30-Nov 14:26:41:INFO:root:US prices: [1.4675, 0.973796, 0.94974]
30-Nov 14:26:41:INFO:root:in the data: [3.07991, 2.04761, 2.04761]
30-Nov 14:26:40:INFO:root:--------------In the data: [2.36221e7]
30-Nov 14:26:41:INFO:root:Nominal world expenditure: 1.090564903324761e7
30-Nov 14:26:41:INFO:root:--- Period 22 ---
30-Nov 14:26:41:INFO:root:BEGIN Outer loop
30-Nov 14:26:42:INFO:root:------ Middle 1: 0.00015685011916491558
30-Nov 14:26:42:INFO:root:Starting from 2.1441006292337546e-17
30-Nov 14:26:42:INFO:root:-- Outer 7: 0.00044611613130585007
30-Nov 14:26:42:INFO:root:END Outer loop
30-Nov 14:26:42:INFO:root:------ Middle 2: 0.00032466690819016813
30-Nov 14:26:41:INFO:root:--------------In the data: [2.31824e7]
30-Nov 14:26:43:INFO:root:------ Middle 3: 0.0001843257549983591
30-Nov 14:26:43:INFO:root:Starting from 1.7074839349443853e-17
30-Nov 14:26:43:INFO:root:-- Outer 3: 0.004990799701020104
30-Nov 14:26:43:INFO:root:--- Period 23 ---
30-Nov 14:26:43:INFO:root:Model trade shares: [0.961326, 0.917922, 0.991641]
30-Nov 14:26:43:INFO:root:Data trade shares: [0.961487, 0.929057, 0.992737]
30-Nov 14:26:43:INFO:root:US prices: [1.28634, 1.06695, 1.09189]
30-Nov 14:26:43:INFO:root:in the data: [1.96012, 1.64035, 1.64035]
30-Nov 14:26:43:INFO:root:BEGIN Outer loop
30-Nov 14:26:43:INFO:root:Nominal world expenditure: 1.1577104317669153e7
30-Nov 14:26:44:INFO:root:------ Middle 1: 0.0002386658740935364
30-Nov 14:26:44:INFO:root:Starting from 1.3111127076760405e-17
30-Nov 14:26:44:INFO:root:-- Outer 4: 0.005091697575439172
30-Nov 14:26:43:INFO:root:--------------In the data: [1.80704e7]
30-Nov 14:26:45:INFO:root:--- Period 24 ---
30-Nov 14:26:45:INFO:root:BEGIN Outer loop
30-Nov 14:26:55:INFO:root:------ Middle 1: 0.00031856342668320445
30-Nov 14:26:56:INFO:root:------ Middle 2: 0.00017834790662530774
30-Nov 14:26:56:INFO:root:Starting from 1.6832529594363776e-17
30-Nov 14:26:56:INFO:root:-- Outer 5: 0.0013549031846877674
30-Nov 14:26:57:INFO:root:------ Middle 1: 0.000182737056585977
30-Nov 14:26:57:INFO:root:Starting from 1.9043408322682364e-17
30-Nov 14:26:57:INFO:root:-- Outer 6: 0.0014290178143273348
30-Nov 14:27:02:INFO:root:------ Middle 1: 0.00016233931526115733
30-Nov 14:27:02:INFO:root:Starting from 1.307725480427904e-17
30-Nov 14:27:02:INFO:root:-- Outer 7: 0.0004017836689911467
30-Nov 14:27:02:INFO:root:END Outer loop
30-Nov 14:27:02:INFO:root:Model trade shares: [0.966871, 0.917385, 0.992911]
30-Nov 14:27:02:INFO:root:Data trade shares: [0.971404, 0.929028, 0.993445]
30-Nov 14:27:02:INFO:root:US prices: [1.29451, 0.959072, 0.963124]
30-Nov 14:27:02:INFO:root:in the data: [2.9591, 2.1512, 2.1512]
30-Nov 14:27:02:INFO:root:Nominal world expenditure: 1.1034666457916997e7
30-Nov 14:27:02:INFO:root:--------------In the data: [2.42511e7]
30-Nov 14:27:02:INFO:root:--- Period 25 ---
30-Nov 14:27:02:INFO:root:BEGIN Outer loop
30-Nov 14:27:04:INFO:root:------ Middle 1: 0.004010035862165921
30-Nov 14:27:04:INFO:root:------ Middle 2: 0.0022121094605014003
30-Nov 14:27:12:INFO:root:------ Middle 1: 0.004197466989398719
30-Nov 14:27:13:INFO:root:------ Middle 2: 0.0023137496689017685
30-Nov 14:27:15:INFO:root:------ Middle 3: 0.0017157099234386293
30-Nov 14:27:16:INFO:root:------ Middle 4: 0.0009508397694296044
30-Nov 14:27:17:INFO:root:------ Middle 1: 0.004687138554078331
30-Nov 14:27:18:INFO:root:------ Middle 2: 0.0025829470952088165
30-Nov 14:27:23:INFO:root:------ Middle 1: 0.0046781989771074875
30-Nov 14:27:23:INFO:root:------ Middle 2: 0.0025777068414566
30-Nov 14:27:24:INFO:root:------ Middle 5: 0.000769745469365437
30-Nov 14:27:25:INFO:root:------ Middle 6: 0.0004289062559696973
30-Nov 14:27:25:INFO:root:------ Middle 3: 0.0017894131425522442
30-Nov 14:27:26:INFO:root:------ Middle 4: 0.0009913695277972197
30-Nov 14:27:26:INFO:root:------ Middle 1: 0.004422089443920873
30-Nov 14:27:27:INFO:root:------ Middle 1: 0.004746220047115696
30-Nov 14:27:27:INFO:root:------ Middle 1: 0.004213020772738994
30-Nov 14:27:27:INFO:root:------ Middle 2: 0.002438379494925708
30-Nov 14:27:27:INFO:root:------ Middle 1: 0.004910769368362551
30-Nov 14:27:27:INFO:root:------ Middle 7: 0.0003369541544047532
30-Nov 14:27:28:INFO:root:------ Middle 2: 0.002614783034540257
30-Nov 14:27:28:INFO:root:------ Middle 2: 0.0023229998683740203
30-Nov 14:27:28:INFO:root:------ Middle 1: 0.004510021810653872
30-Nov 14:27:28:INFO:root:------ Middle 2: 0.0027054328074377753
30-Nov 14:27:28:INFO:root:------ Middle 8: 0.00019986499072858086
30-Nov 14:27:28:INFO:root:Starting from 1.2111191147382956e-17
30-Nov 14:27:28:INFO:root:-- Outer 1: 0.02496792108372329
30-Nov 14:27:29:INFO:root:------ Middle 2: 0.002485763395104197
30-Nov 14:27:29:INFO:root:------ Middle 3: 0.0019613105484621272
30-Nov 14:27:29:INFO:root:------ Middle 1: 0.001916075486419372
30-Nov 14:27:29:INFO:root:------ Middle 4: 0.0010858080455774393
30-Nov 14:27:30:INFO:root:------ Middle 1: 0.004680512159249617
30-Nov 14:27:31:INFO:root:------ Middle 2: 0.002579055881780403
30-Nov 14:27:33:INFO:root:------ Middle 5: 0.0007986356049190555
30-Nov 14:27:33:INFO:root:------ Middle 3: 0.001963053845005947
30-Nov 14:27:34:INFO:root:------ Middle 6: 0.00044508022358030676
30-Nov 14:27:34:INFO:root:------ Middle 1: 0.004717742139343015
30-Nov 14:27:34:INFO:root:------ Middle 4: 0.0010877426090307887
30-Nov 14:27:34:INFO:root:------ Middle 2: 0.002599008664501442
30-Nov 14:27:36:INFO:root:------ Middle 7: 0.000352403440112423
30-Nov 14:27:37:INFO:root:------ Middle 8: 0.00020921210346815905
30-Nov 14:27:37:INFO:root:Starting from 1.1781511750123192e-17
30-Nov 14:27:37:INFO:root:-- Outer 1: 0.02569011582045115
30-Nov 14:27:37:INFO:root:------ Middle 3: 0.002041849395640308
30-Nov 14:27:38:INFO:root:------ Middle 6: 0.0004818056120762663
30-Nov 14:27:38:INFO:root:------ Middle 1: 0.002077641351560499
30-Nov 14:27:38:INFO:root:------ Middle 4: 0.0011313505747812913
30-Nov 14:27:38:INFO:root:------ Middle 3: 0.0019854380439038397
30-Nov 14:27:39:INFO:root:------ Middle 3: 0.00190379181196999
30-Nov 14:27:39:INFO:root:------ Middle 3: 0.0019252408147829416
30-Nov 14:27:39:INFO:root:------ Middle 4: 0.0010996891393309542
30-Nov 14:27:39:INFO:root:------ Middle 3: 0.0018321533184910992
30-Nov 14:27:40:INFO:root:------ Middle 4: 0.0010548135470358092
30-Nov 14:27:40:INFO:root:------ Middle 4: 0.0010669619063020572
30-Nov 14:27:40:INFO:root:------ Middle 4: 0.0010151710632032524
30-Nov 14:27:41:INFO:root:------ Middle 3: 0.001969250099611505
30-Nov 14:27:41:INFO:root:------ Middle 7: 0.0003758844628135246
30-Nov 14:27:41:INFO:root:------ Middle 4: 0.0010914211094658715
30-Nov 14:27:42:INFO:root:------ Middle 8: 0.00022320145260836698
30-Nov 14:27:42:INFO:root:Starting from 1.1661732069489845e-17
30-Nov 14:27:42:INFO:root:-- Outer 1: 0.02610647118147226
30-Nov 14:27:42:INFO:root:------ Middle 5: 0.0008705552420612447
30-Nov 14:27:42:INFO:root:------ Middle 6: 0.0004842777071812699
30-Nov 14:27:43:INFO:root:------ Middle 1: 0.002221157845227836
30-Nov 14:27:43:INFO:root:------ Middle 3: 0.0019699790964111436
30-Nov 14:27:44:INFO:root:------ Middle 1: 0.004149852190449184
30-Nov 14:27:44:INFO:root:------ Middle 4: 0.0010917686158460316
30-Nov 14:27:44:INFO:root:------ Middle 2: 0.0005868009825739286
30-Nov 14:27:44:INFO:root:------ Middle 2: 0.0022885264645456814
30-Nov 14:27:45:INFO:root:------ Middle 3: 0.00032773611024060426
30-Nov 14:27:45:INFO:root:------ Middle 5: 0.0009067029285382231
30-Nov 14:27:46:INFO:root:------ Middle 7: 0.00038000666625594555
30-Nov 14:27:46:INFO:root:------ Middle 6: 0.0005041230790978837
30-Nov 14:27:47:INFO:root:------ Middle 5: 0.000876916628843602
30-Nov 14:27:47:INFO:root:------ Middle 5: 0.0008627020842592394
30-Nov 14:27:47:INFO:root:------ Middle 8: 0.00023748473334326046
30-Nov 14:27:47:INFO:root:Starting from 1.1429989250651275e-17
30-Nov 14:27:47:INFO:root:-- Outer 1: 0.026213090142678874
30-Nov 14:27:47:INFO:root:------ Middle 4: 0.0002222600958430206
30-Nov 14:27:47:INFO:root:Starting from 2.1014091564739867e-17
30-Nov 14:27:47:INFO:root:-- Outer 2: 0.011997754089774002
30-Nov 14:27:48:INFO:root:------ Middle 6: 0.0004873841733367496
30-Nov 14:27:48:INFO:root:------ Middle 6: 0.0004802398973128723
30-Nov 14:27:48:INFO:root:------ Middle 5: 0.000872866519229079
30-Nov 14:27:48:INFO:root:------ Middle 1: 0.002365845135171397
30-Nov 14:27:48:INFO:root:------ Middle 1: 0.0004675354137129474
30-Nov 14:27:48:INFO:root:------ Middle 5: 0.000883319906336182
30-Nov 14:27:48:INFO:root:------ Middle 5: 0.0008304197114544742
30-Nov 14:27:49:INFO:root:------ Middle 7: 0.00039616171487500063
30-Nov 14:27:49:INFO:root:------ Middle 6: 0.0004854624794738193
30-Nov 14:27:49:INFO:root:------ Middle 6: 0.0004911292086442886
30-Nov 14:27:49:INFO:root:------ Middle 6: 0.00046237031849515026
30-Nov 14:27:50:INFO:root:------ Middle 8: 0.0002483789770509096
30-Nov 14:27:50:INFO:root:Starting from 1.2005487073930528e-17
30-Nov 14:27:50:INFO:root:-- Outer 1: 0.024527226707035617
30-Nov 14:27:51:INFO:root:------ Middle 7: 0.0003817904269654461
30-Nov 14:27:51:INFO:root:------ Middle 7: 0.00038165954831103016
30-Nov 14:27:51:INFO:root:------ Middle 1: 0.0024924588659359505
30-Nov 14:27:51:INFO:root:------ Middle 5: 0.0008851407170752702
30-Nov 14:27:52:INFO:root:------ Middle 7: 0.00038605131718394967
30-Nov 14:27:52:INFO:root:------ Middle 6: 0.0004923071149962599
30-Nov 14:27:52:INFO:root:------ Middle 7: 0.0003886483976491267
30-Nov 14:27:52:INFO:root:------ Middle 7: 0.00036957748634584056
30-Nov 14:27:52:INFO:root:------ Middle 8: 0.00023884916962449735
30-Nov 14:27:52:INFO:root:Starting from 1.1530267409361587e-17
30-Nov 14:27:52:INFO:root:-- Outer 1: 0.025880213270296805
30-Nov 14:27:52:INFO:root:------ Middle 8: 0.00023949383863409112
30-Nov 14:27:52:INFO:root:Starting from 1.2073745499017894e-17
30-Nov 14:27:52:INFO:root:-- Outer 1: 0.023846448168833096
30-Nov 14:27:53:INFO:root:------ Middle 8: 0.00024234206064624193
30-Nov 14:27:53:INFO:root:Starting from 1.15998263078809e-17
30-Nov 14:27:53:INFO:root:-- Outer 1: 0.02415599694430697
30-Nov 14:27:53:INFO:root:------ Middle 1: 0.002363855522781188
30-Nov 14:27:53:INFO:root:------ Middle 1: 0.002664836638432864
30-Nov 14:27:53:INFO:root:------ Middle 2: 0.0006236815208515345
30-Nov 14:27:53:INFO:root:------ Middle 8: 0.0002446252919614785
30-Nov 14:27:53:INFO:root:Starting from 1.1926594793961856e-17
30-Nov 14:27:53:INFO:root:-- Outer 1: 0.024286750405453687
30-Nov 14:27:54:INFO:root:------ Middle 8: 0.00023319761596424858
30-Nov 14:27:54:INFO:root:Starting from 1.2204869707506444e-17
30-Nov 14:27:54:INFO:root:-- Outer 1: 0.02341703665399542
30-Nov 14:27:54:INFO:root:------ Middle 1: 0.002600817589673026
30-Nov 14:27:54:INFO:root:------ Middle 3: 0.00034860493809164063
30-Nov 14:27:54:INFO:root:------ Middle 1: 0.0024665223402023924
30-Nov 14:27:55:INFO:root:------ Middle 7: 0.00038788485010981703
30-Nov 14:27:55:INFO:root:------ Middle 1: 0.0025765758287340824
30-Nov 14:27:55:INFO:root:------ Middle 3: 0.0017931496249389196
30-Nov 14:27:56:INFO:root:------ Middle 4: 0.0009943326655613522
30-Nov 14:27:56:INFO:root:------ Middle 8: 0.00024397703637349448
30-Nov 14:27:56:INFO:root:Starting from 1.1927371431223544e-17
30-Nov 14:27:56:INFO:root:-- Outer 1: 0.025117411027100627
30-Nov 14:27:56:INFO:root:------ Middle 4: 0.00023937676435850433
30-Nov 14:27:56:INFO:root:Starting from 1.792353014861889e-17
30-Nov 14:27:56:INFO:root:-- Outer 2: 0.012302569390060582
30-Nov 14:27:57:INFO:root:------ Middle 1: 0.0023723008891496033
30-Nov 14:27:57:INFO:root:------ Middle 1: 0.00045929182483671235
30-Nov 14:27:58:INFO:root:------ Middle 2: 0.0006876642772729546
30-Nov 14:27:59:INFO:root:------ Middle 3: 0.00038343610782225044
30-Nov 14:28:00:INFO:root:------ Middle 2: 0.00033401877118400695
30-Nov 14:28:01:INFO:root:------ Middle 3: 0.00018868004714208333
30-Nov 14:28:01:INFO:root:Starting from 1.519001120144763e-17
30-Nov 14:28:01:INFO:root:-- Outer 3: 0.005056436551913384
30-Nov 14:28:01:INFO:root:------ Middle 4: 0.0002598769705944667
30-Nov 14:28:01:INFO:root:Starting from 1.9689982668366897e-17
30-Nov 14:28:01:INFO:root:-- Outer 2: 0.012415129765090632
30-Nov 14:28:02:INFO:root:------ Middle 1: 0.00022065304441323897
30-Nov 14:28:02:INFO:root:Starting from 1.872952929376786e-17
30-Nov 14:28:02:INFO:root:-- Outer 4: 0.005128700526968322
30-Nov 14:28:02:INFO:root:------ Middle 1: 0.0004706115646016176
30-Nov 14:28:03:INFO:root:------ Middle 5: 0.0008151189230268291
30-Nov 14:28:03:INFO:root:------ Middle 2: 0.0007327007085971863
30-Nov 14:28:04:INFO:root:------ Middle 6: 0.0004538330602662973
30-Nov 14:28:04:INFO:root:------ Middle 3: 0.00040880936220075934
30-Nov 14:28:06:INFO:root:------ Middle 2: 0.0007780222966110128
30-Nov 14:28:06:INFO:root:------ Middle 4: 0.0002803876196557848
30-Nov 14:28:06:INFO:root:Starting from 1.8993712498874217e-17
30-Nov 14:28:06:INFO:root:-- Outer 2: 0.012417456286262594
30-Nov 14:28:06:INFO:root:------ Middle 3: 0.00043325221462865113
30-Nov 14:28:07:INFO:root:------ Middle 7: 0.0003624989935989616
30-Nov 14:28:07:INFO:root:------ Middle 1: 0.0004736911717889044
30-Nov 14:28:08:INFO:root:------ Middle 2: 0.0007455281101369798
30-Nov 14:28:08:INFO:root:------ Middle 3: 0.00041518819313315854
30-Nov 14:28:09:INFO:root:------ Middle 8: 0.0002290366781811172
30-Nov 14:28:09:INFO:root:Starting from 1.1829850874160785e-17
30-Nov 14:28:09:INFO:root:-- Outer 1: 0.022670523799707458
30-Nov 14:28:09:INFO:root:------ Middle 4: 0.00032296631201583233
30-Nov 14:28:09:INFO:root:------ Middle 2: 0.0003388473564937452
30-Nov 14:28:10:INFO:root:------ Middle 2: 0.0008129380138468237
30-Nov 14:28:10:INFO:root:------ Middle 1: 0.0025134042487085268
30-Nov 14:28:10:INFO:root:------ Middle 5: 0.0001949094071193979
30-Nov 14:28:10:INFO:root:Starting from 1.926931801213007e-17
30-Nov 14:28:10:INFO:root:-- Outer 2: 0.011681154999251651
30-Nov 14:28:10:INFO:root:------ Middle 2: 0.0008244387406556235
30-Nov 14:28:10:INFO:root:------ Middle 3: 0.00019270379841185094
30-Nov 14:28:10:INFO:root:Starting from 2.052665831320561e-17
30-Nov 14:28:10:INFO:root:-- Outer 3: 0.005194524147527156
30-Nov 14:28:10:INFO:root:------ Middle 3: 0.0004520722745575192
30-Nov 14:28:11:INFO:root:------ Middle 2: 0.0007625109908323133
30-Nov 14:28:11:INFO:root:------ Middle 1: 0.0005664165234807388
30-Nov 14:28:11:INFO:root:------ Middle 3: 0.0004582654554580291
30-Nov 14:28:11:INFO:root:------ Middle 1: 0.00019312901560083207
30-Nov 14:28:11:INFO:root:Starting from 1.758363428317467e-17
30-Nov 14:28:11:INFO:root:-- Outer 4: 0.005211325190948413
30-Nov 14:28:11:INFO:root:------ Middle 4: 0.0003117286313769433
30-Nov 14:28:12:INFO:root:------ Middle 3: 0.0004242197998797658
30-Nov 14:28:12:INFO:root:------ Middle 2: 0.0007996399327312603
30-Nov 14:28:12:INFO:root:------ Middle 5: 0.0001873858753431309
30-Nov 14:28:12:INFO:root:Starting from 2.1699490785051455e-17
30-Nov 14:28:12:INFO:root:-- Outer 2: 0.01216787151849633
30-Nov 14:28:12:INFO:root:------ Middle 2: 0.0007371468831492208
30-Nov 14:28:13:INFO:root:------ Middle 3: 0.0004443580213978295
30-Nov 14:28:13:INFO:root:------ Middle 1: 0.0005047689151927862
30-Nov 14:28:13:INFO:root:------ Middle 3: 0.00041071853007350367
30-Nov 14:28:13:INFO:root:------ Middle 4: 0.0003396050385809865
30-Nov 14:28:13:INFO:root:------ Middle 1: 0.00029730358394293205
30-Nov 14:28:13:INFO:root:Starting from 1.4955352269914467e-17
30-Nov 14:28:13:INFO:root:-- Outer 5: 0.0013079406846230547
30-Nov 14:28:14:INFO:root:------ Middle 5: 0.000204597303181836
30-Nov 14:28:14:INFO:root:Starting from 2.2348760299129606e-17
30-Nov 14:28:14:INFO:root:-- Outer 2: 0.011479866048772379
30-Nov 14:28:14:INFO:root:------ Middle 4: 0.0003421888536245942
30-Nov 14:28:14:INFO:root:------ Middle 2: 0.00036244643608229245
30-Nov 14:28:14:INFO:root:------ Middle 1: 0.00024245457189931018
30-Nov 14:28:14:INFO:root:Starting from 1.6556520374621332e-17
30-Nov 14:28:14:INFO:root:-- Outer 6: 0.001331908051657879
30-Nov 14:28:15:INFO:root:------ Middle 4: 0.0003190532666402961
30-Nov 14:28:15:INFO:root:------ Middle 3: 0.00020498796097295375
30-Nov 14:28:15:INFO:root:Starting from 1.850932687766483e-17
30-Nov 14:28:15:INFO:root:-- Outer 3: 0.005194282968381881
30-Nov 14:28:15:INFO:root:------ Middle 5: 0.0002064142376736338
30-Nov 14:28:15:INFO:root:------ Middle 1: 0.0005289060233966103
30-Nov 14:28:15:INFO:root:Starting from 1.8976925058309666e-17
30-Nov 14:28:15:INFO:root:-- Outer 2: 0.011336177513530454
30-Nov 14:28:15:INFO:root:------ Middle 5: 0.0001924021605323918
30-Nov 14:28:15:INFO:root:Starting from 1.6178042448149125e-17
30-Nov 14:28:15:INFO:root:-- Outer 2: 0.01150456473398478
30-Nov 14:28:16:INFO:root:------ Middle 1: 0.00020432612484984182
30-Nov 14:28:16:INFO:root:Starting from 1.99046877904799e-17
30-Nov 14:28:16:INFO:root:-- Outer 4: 0.0052065463280936645
30-Nov 14:28:16:INFO:root:------ Middle 1: 0.0005318876745752285
30-Nov 14:28:16:INFO:root:------ Middle 4: 0.00030947485685050733
30-Nov 14:28:16:INFO:root:------ Middle 4: 0.00033182893176161377
30-Nov 14:28:16:INFO:root:------ Middle 1: 0.0005340189675172547
30-Nov 14:28:17:INFO:root:------ Middle 5: 0.00018623633033541296
30-Nov 14:28:17:INFO:root:Starting from 1.8894892077346823e-17
30-Nov 14:28:17:INFO:root:-- Outer 2: 0.011870131567822878
30-Nov 14:28:17:INFO:root:------ Middle 5: 0.00020050627561083784
30-Nov 14:28:17:INFO:root:Starting from 2.049202893881812e-17
30-Nov 14:28:17:INFO:root:-- Outer 2: 0.011126571897209276
30-Nov 14:28:17:INFO:root:------ Middle 1: 0.0005215410838451571
30-Nov 14:28:18:INFO:root:------ Middle 1: 0.0005000951216510313
30-Nov 14:28:19:INFO:root:------ Middle 1: 0.0001871307404944545
30-Nov 14:28:19:INFO:root:Starting from 1.480123723044791e-17
30-Nov 14:28:19:INFO:root:-- Outer 7: 0.00041442510706143877
30-Nov 14:28:19:INFO:root:END Outer loop
30-Nov 14:28:19:INFO:root:Model trade shares: [0.970141, 0.925652, 0.992876]
30-Nov 14:28:19:INFO:root:Data trade shares: [0.967576, 0.927756, 0.993556]
30-Nov 14:28:19:INFO:root:US prices: [1.19934, 0.923718, 0.921433]
30-Nov 14:28:19:INFO:root:in the data: [2.78451, 2.12334, 2.12334]
30-Nov 14:28:19:INFO:root:Nominal world expenditure: 1.1667004153799338e7
30-Nov 14:28:19:INFO:root:--------------In the data: [2.5209e7]
30-Nov 14:28:19:INFO:root:------ Middle 2: 0.00037642797211442404
30-Nov 14:28:19:INFO:root:--- Period 26 ---
30-Nov 14:28:19:INFO:root:BEGIN Outer loop
30-Nov 14:28:20:INFO:root:------ Middle 3: 0.0002134883682781693
30-Nov 14:28:20:INFO:root:Starting from 1.5328303774202553e-17
30-Nov 14:28:20:INFO:root:-- Outer 3: 0.0052026592363933425
30-Nov 14:28:21:INFO:root:------ Middle 1: 0.000206978657444608
30-Nov 14:28:21:INFO:root:Starting from 1.7974298793577948e-17
30-Nov 14:28:21:INFO:root:-- Outer 4: 0.005224759201627014
30-Nov 14:28:22:INFO:root:------ Middle 2: 0.00034143053276538746
30-Nov 14:28:23:INFO:root:------ Middle 3: 0.00019367743869611165
30-Nov 14:28:23:INFO:root:Starting from 1.500174793112936e-17
30-Nov 14:28:23:INFO:root:-- Outer 3: 0.005020120933964771
30-Nov 14:28:24:INFO:root:------ Middle 1: 0.00027680706661419263
30-Nov 14:28:24:INFO:root:------ Middle 1: 0.0002716658206218569
30-Nov 14:28:24:INFO:root:Starting from 1.8664978475532523e-17
30-Nov 14:28:24:INFO:root:-- Outer 4: 0.0050889288199664545
30-Nov 14:28:24:INFO:root:Starting from 1.4983838235868266e-17
30-Nov 14:28:24:INFO:root:-- Outer 5: 0.001315920183270182
30-Nov 14:28:24:INFO:root:------ Middle 2: 0.0003237948372995404
30-Nov 14:28:25:INFO:root:------ Middle 1: 0.0002257649101433494
30-Nov 14:28:25:INFO:root:Starting from 1.745669677226411e-17
30-Nov 14:28:25:INFO:root:-- Outer 6: 0.0013443859588618125
30-Nov 14:28:25:INFO:root:------ Middle 3: 0.00018387752692760503
30-Nov 14:28:25:INFO:root:Starting from 1.8846107931536216e-17
30-Nov 14:28:25:INFO:root:-- Outer 3: 0.005132356514142275
30-Nov 14:28:25:INFO:root:------ Middle 2: 0.0007682709879260469
30-Nov 14:28:26:INFO:root:------ Middle 3: 0.0004271629068538196
30-Nov 14:28:26:INFO:root:------ Middle 1: 0.00021343574114444483
30-Nov 14:28:26:INFO:root:Starting from 2.0071403299449963e-17
30-Nov 14:28:26:INFO:root:-- Outer 4: 0.005162455681823516
30-Nov 14:28:27:INFO:root:------ Middle 1: 0.0002807452395760159
30-Nov 14:28:27:INFO:root:------ Middle 2: 0.0003406874886596701
30-Nov 14:28:27:INFO:root:Starting from 1.647414022368248e-17
30-Nov 14:28:27:INFO:root:-- Outer 5: 0.0013268750766677881
30-Nov 14:28:28:INFO:root:------ Middle 3: 0.00019268619514798907
30-Nov 14:28:28:INFO:root:Starting from 1.561929437330335e-17
30-Nov 14:28:28:INFO:root:-- Outer 3: 0.004877330032025624
30-Nov 14:28:28:INFO:root:------ Middle 1: 0.00023319676724575661
30-Nov 14:28:28:INFO:root:Starting from 1.5703938883569957e-17
30-Nov 14:28:28:INFO:root:-- Outer 6: 0.0013565496851813401
30-Nov 14:28:28:INFO:root:------ Middle 2: 0.0003356862719631463
30-Nov 14:28:28:INFO:root:------ Middle 2: 0.0003219096057976754
30-Nov 14:28:29:INFO:root:------ Middle 1: 0.0002456722611910329
30-Nov 14:28:29:INFO:root:Starting from 1.9454766185232963e-17
30-Nov 14:28:29:INFO:root:-- Outer 4: 0.004896810716013158
30-Nov 14:28:29:INFO:root:------ Middle 2: 0.0003305986621551384
30-Nov 14:28:29:INFO:root:------ Middle 3: 0.00019009100723063274
30-Nov 14:28:29:INFO:root:Starting from 1.656983856816075e-17
30-Nov 14:28:29:INFO:root:-- Outer 3: 0.004825993986885331
30-Nov 14:28:29:INFO:root:------ Middle 3: 0.0001829505646815228
30-Nov 14:28:29:INFO:root:Starting from 1.6971305311451515e-17
30-Nov 14:28:29:INFO:root:-- Outer 3: 0.004901599781752116
30-Nov 14:28:29:INFO:root:------ Middle 4: 0.0003191454706594214
30-Nov 14:28:29:INFO:root:------ Middle 1: 0.00017451532132044397
30-Nov 14:28:30:INFO:root:Starting from 1.561504589731219e-17
30-Nov 14:28:30:INFO:root:-- Outer 7: 0.00041887853227635924
30-Nov 14:28:30:INFO:root:END Outer loop
30-Nov 14:28:30:INFO:root:------ Middle 3: 0.00018783390571354056
30-Nov 14:28:30:INFO:root:Starting from 1.6250440500770064e-17
30-Nov 14:28:30:INFO:root:-- Outer 3: 0.005032166166709428
30-Nov 14:28:30:INFO:root:Model trade shares: [0.956903, 0.926516, 0.991745]
30-Nov 14:28:30:INFO:root:Data trade shares: [0.953126, 0.923314, 0.993566]
30-Nov 14:28:30:INFO:root:US prices: [1.0146, 0.931029, 0.933844]
30-Nov 14:28:30:INFO:root:in the data: [2.3065, 2.15345, 2.15345]
30-Nov 14:28:30:INFO:root:Nominal world expenditure: 1.3948981541643348e7
30-Nov 14:28:30:INFO:root:--------------In the data: [2.91447e7]
30-Nov 14:28:30:INFO:root:------ Middle 1: 0.0002385814517950735
30-Nov 14:28:30:INFO:root:--- Period 27 ---
30-Nov 14:28:30:INFO:root:Starting from 1.4147757172584144e-17
30-Nov 14:28:30:INFO:root:-- Outer 4: 0.004806438310758241
30-Nov 14:28:30:INFO:root:BEGIN Outer loop
30-Nov 14:28:30:INFO:root:------ Middle 1: 0.0002506443773433819
30-Nov 14:28:30:INFO:root:------ Middle 5: 0.00019362550520117387
30-Nov 14:28:30:INFO:root:Starting from 1.919776078840014e-17
30-Nov 14:28:30:INFO:root:-- Outer 2: 0.010789671756505387
30-Nov 14:28:30:INFO:root:Starting from 1.4533555948580352e-17
30-Nov 14:28:30:INFO:root:-- Outer 4: 0.00488701806377586
30-Nov 14:28:31:INFO:root:------ Middle 1: 0.00023977230319292315
30-Nov 14:28:31:INFO:root:Starting from 1.533202349334369e-17
30-Nov 14:28:31:INFO:root:-- Outer 4: 0.005070265054739307
30-Nov 14:28:31:INFO:root:------ Middle 2: 0.0003188583296394805
30-Nov 14:28:31:INFO:root:------ Middle 1: 0.0004898842681559031
30-Nov 14:28:32:INFO:root:------ Middle 3: 0.0001806094428829913
30-Nov 14:28:32:INFO:root:Starting from 1.600064523436278e-17
30-Nov 14:28:32:INFO:root:-- Outer 3: 0.0047119365827585115
30-Nov 14:28:33:INFO:root:------ Middle 1: 0.000178861936937106
30-Nov 14:28:33:INFO:root:Starting from 1.5833205922400887e-17
30-Nov 14:28:33:INFO:root:-- Outer 7: 0.0004153884263454568
30-Nov 14:28:33:INFO:root:END Outer loop
30-Nov 14:28:33:INFO:root:------ Middle 1: 0.00020619651886740313
30-Nov 14:28:33:INFO:root:Starting from 1.603573299236568e-17
30-Nov 14:28:33:INFO:root:------ Middle 1: 0.0002988390227105155
30-Nov 14:28:33:INFO:root:-- Outer 4: 0.004677762927703084
30-Nov 14:28:33:INFO:root:Starting from 1.5677701651388727e-17
30-Nov 14:28:33:INFO:root:-- Outer 5: 0.0013728557183342984
30-Nov 14:28:33:INFO:root:Model trade shares: [0.967598, 0.927458, 0.991749]
30-Nov 14:28:33:INFO:root:Data trade shares: [0.958317, 0.928046, 0.993489]
30-Nov 14:28:33:INFO:root:US prices: [1.01068, 0.915201, 0.934233]
30-Nov 14:28:33:INFO:root:in the data: [2.43661, 2.20422, 2.20422]
30-Nov 14:28:33:INFO:root:Nominal world expenditure: 1.474416329708462e7
30-Nov 14:28:33:INFO:root:--------------In the data: [3.25615e7]
30-Nov 14:28:33:INFO:root:--- Period 28 ---
30-Nov 14:28:33:INFO:root:BEGIN Outer loop
30-Nov 14:28:34:INFO:root:------ Middle 1: 0.0002473443240379579
30-Nov 14:28:34:INFO:root:Starting from 1.4358057992535357e-17
30-Nov 14:28:34:INFO:root:-- Outer 6: 0.0013988720573061724
30-Nov 14:28:36:INFO:root:------ Middle 1: 0.0003541906672897894
30-Nov 14:28:37:INFO:root:------ Middle 2: 0.00019786336067580267
30-Nov 14:28:37:INFO:root:Starting from 1.5791894306176078e-17
30-Nov 14:28:37:INFO:root:-- Outer 5: 0.0013982609828651772
30-Nov 14:28:38:INFO:root:------ Middle 1: 0.00020576095942645512
30-Nov 14:28:38:INFO:root:Starting from 1.6367591966108388e-17
30-Nov 14:28:38:INFO:root:-- Outer 6: 0.0014711652824920636
30-Nov 14:28:38:INFO:root:------ Middle 1: 0.0002858188408519235
30-Nov 14:28:38:INFO:root:Starting from 1.450425670526591e-17
30-Nov 14:28:38:INFO:root:-- Outer 5: 0.001310617080350808
30-Nov 14:28:38:INFO:root:------ Middle 1: 0.00018976995256882103
30-Nov 14:28:38:INFO:root:Starting from 1.6417004128664455e-17
30-Nov 14:28:38:INFO:root:-- Outer 7: 0.00043835230569409746
30-Nov 14:28:38:INFO:root:END Outer loop
30-Nov 14:28:39:INFO:root:Model trade shares: [0.960862, 0.919955, 0.992524]
30-Nov 14:28:39:INFO:root:Data trade shares: [0.960962, 0.931588, 0.993893]
30-Nov 14:28:39:INFO:root:US prices: [1.00275, 0.908193, 0.908788]
30-Nov 14:28:39:INFO:root:in the data: [2.50767, 2.31742, 2.31742]
30-Nov 14:28:39:INFO:root:Nominal world expenditure: 1.5070403352293795e7
30-Nov 14:28:39:INFO:root:--------------In the data: [3.61928e7]
30-Nov 14:28:39:INFO:root:--- Period 29 ---
30-Nov 14:28:39:INFO:root:BEGIN Outer loop
30-Nov 14:28:39:INFO:root:------ Middle 1: 0.00023750751808002878
30-Nov 14:28:39:INFO:root:Starting from 1.9884611250054167e-17
30-Nov 14:28:39:INFO:root:-- Outer 6: 0.0013382965721212947
30-Nov 14:28:42:INFO:root:------ Middle 1: 0.0001835741853301458
30-Nov 14:28:42:INFO:root:Starting from 1.4149080778283598e-17
30-Nov 14:28:42:INFO:root:-- Outer 7: 0.00044613103812676206
30-Nov 14:28:42:INFO:root:END Outer loop
30-Nov 14:28:42:INFO:root:------ Middle 1: 0.00033728667958124334
30-Nov 14:28:43:INFO:root:------ Middle 1: 0.0003208839347185733
30-Nov 14:28:43:INFO:root:------ Middle 1: 0.0001873946924411986
30-Nov 14:28:43:INFO:root:Model trade shares: [0.960123, 0.926649, 0.992219]
30-Nov 14:28:43:INFO:root:Data trade shares: [0.960926, 0.936095, 0.990604]
30-Nov 14:28:43:INFO:root:US prices: [0.921648, 0.904346, 0.875106]
30-Nov 14:28:43:INFO:root:in the data: [2.54462, 2.53886, 2.53886]
30-Nov 14:28:43:INFO:root:Nominal world expenditure: 1.659985019579707e7
30-Nov 14:28:43:INFO:root:--------------In the data: [4.29516e7]
30-Nov 14:28:43:INFO:root:Starting from 1.540605281616686e-17
30-Nov 14:28:43:INFO:root:-- Outer 7: 0.00042968955404990803
30-Nov 14:28:43:INFO:root:END Outer loop
30-Nov 14:28:43:INFO:root:--- Period 30 ---
30-Nov 14:28:43:INFO:root:BEGIN Outer loop
30-Nov 14:28:43:INFO:root:------ Middle 1: 0.0003127686700338194
30-Nov 14:28:43:INFO:root:Model trade shares: [0.959433, 0.924597, 0.993916]
30-Nov 14:28:43:INFO:root:Data trade shares: [0.961578, 0.934257, 0.993842]
30-Nov 14:28:43:INFO:root:US prices: [0.971971, 0.928768, 0.93925]
30-Nov 14:28:43:INFO:root:in the data: [2.5813, 2.43608, 2.43608]
30-Nov 14:28:43:INFO:root:Nominal world expenditure: 1.5094283050341325e7
30-Nov 14:28:43:INFO:root:--------------In the data: [3.7723e7]
30-Nov 14:28:43:INFO:root:------ Middle 2: 0.00018874465663454418
30-Nov 14:28:43:INFO:root:--- Period 31 ---
30-Nov 14:28:43:INFO:root:Starting from 1.5035223055413782e-17
30-Nov 14:28:43:INFO:root:-- Outer 5: 0.0013193502295848517
30-Nov 14:28:43:INFO:root:BEGIN Outer loop
30-Nov 14:28:43:INFO:root:------ Middle 2: 0.0003035830287536105
30-Nov 14:28:43:INFO:root:------ Middle 1: 0.00032236003159942175
30-Nov 14:28:43:INFO:root:------ Middle 2: 0.0001799279891934559
30-Nov 14:28:43:INFO:root:Starting from 1.9643806440767178e-17
30-Nov 14:28:43:INFO:root:-- Outer 5: 0.0013217421816840783
30-Nov 14:28:44:INFO:root:------ Middle 2: 0.00017531057664591697
30-Nov 14:28:44:INFO:root:Starting from 1.9285950981698703e-17
30-Nov 14:28:44:INFO:root:-- Outer 5: 0.0012594308704582575
30-Nov 14:28:44:INFO:root:------ Middle 3: 0.00017264046812607008
30-Nov 14:28:44:INFO:root:Starting from 1.6264688923741328e-17
30-Nov 14:28:44:INFO:root:-- Outer 3: 0.004597592715536264
30-Nov 14:28:44:INFO:root:------ Middle 1: 0.00020070085070035976
30-Nov 14:28:44:INFO:root:------ Middle 2: 0.00018133949589145068
30-Nov 14:28:44:INFO:root:Starting from 1.7488879703871637e-17
30-Nov 14:28:44:INFO:root:Starting from 1.8662097666332917e-17
30-Nov 14:28:44:INFO:root:-- Outer 6: 0.001401195620637547
30-Nov 14:28:44:INFO:root:-- Outer 5: 0.001344226325794246
30-Nov 14:28:44:INFO:root:------ Middle 1: 0.00019161507432970278
30-Nov 14:28:44:INFO:root:Starting from 2.2017877136309936e-17
30-Nov 14:28:44:INFO:root:-- Outer 6: 0.0014080451146034386
30-Nov 14:28:45:INFO:root:------ Middle 1: 0.00018703512234017881
30-Nov 14:28:45:INFO:root:Starting from 1.9356129768735826e-17
30-Nov 14:28:45:INFO:root:-- Outer 6: 0.0013375244736049084
30-Nov 14:28:45:INFO:root:------ Middle 1: 0.00020615685780149152
30-Nov 14:28:45:INFO:root:Starting from 1.912369846079547e-17
30-Nov 14:28:45:INFO:root:-- Outer 4: 0.004553193131844689
30-Nov 14:28:45:INFO:root:------ Middle 1: 0.00019278163645928805
30-Nov 14:28:45:INFO:root:Starting from 2.013386480359854e-17
30-Nov 14:28:45:INFO:root:-- Outer 6: 0.0014286922343637759
30-Nov 14:28:46:INFO:root:------ Middle 1: 0.0002670214291140449
30-Nov 14:28:46:INFO:root:Starting from 1.6762049941381636e-17
30-Nov 14:28:46:INFO:root:-- Outer 5: 0.0011363522704810425
30-Nov 14:28:46:INFO:root:------ Middle 1: 0.00022145395894493925
30-Nov 14:28:46:INFO:root:Starting from 1.6262999668611133e-17
30-Nov 14:28:46:INFO:root:-- Outer 6: 0.0011621387526634217
30-Nov 14:28:48:INFO:root:------ Middle 1: 0.00019000195944467296
30-Nov 14:28:48:INFO:root:------ Middle 1: 0.0001782072973375451
30-Nov 14:28:48:INFO:root:Starting from 1.489477849397245e-17
30-Nov 14:28:48:INFO:root:Starting from 1.6254887332407524e-17
30-Nov 14:28:48:INFO:root:-- Outer 7: 0.00045158190893393056
30-Nov 14:28:48:INFO:root:-- Outer 7: 0.00044086485809042604
30-Nov 14:28:48:INFO:root:END Outer loop
30-Nov 14:28:48:INFO:root:END Outer loop
30-Nov 14:28:49:INFO:root:Model trade shares: [0.963657, 0.921977, 0.993177]
30-Nov 14:28:49:INFO:root:Data trade shares: [0.960491, 0.93458, 0.986591]
30-Nov 14:28:49:INFO:root:US prices: [0.872287, 0.886464, 0.845365]
30-Nov 14:28:49:INFO:root:in the data: [2.52256, 2.5595, 2.5595]
30-Nov 14:28:49:INFO:root:Model trade shares: [0.957859, 0.92475, 0.98686]
30-Nov 14:28:49:INFO:root:Data trade shares: [0.959588, 0.937566, 0.971212]
30-Nov 14:28:49:INFO:root:US prices: [0.926498, 0.877505, 0.927744]
30-Nov 14:28:49:INFO:root:in the data: [2.70826, 2.57595, 2.57595]
30-Nov 14:28:49:INFO:root:Nominal world expenditure: 1.694409609911457e7
30-Nov 14:28:49:INFO:root:--------------In the data: [4.55098e7]
30-Nov 14:28:49:INFO:root:Nominal world expenditure: 1.6507288520427445e7
30-Nov 14:28:49:INFO:root:--------------In the data: [4.5848e7]
30-Nov 14:28:49:INFO:root:------ Middle 1: 0.00017300876504322608
30-Nov 14:28:49:INFO:root:Starting from 1.4377392980088624e-17
30-Nov 14:28:49:INFO:root:-- Outer 7: 0.0004302936784755985
30-Nov 14:28:49:INFO:root:END Outer loop
30-Nov 14:28:49:INFO:root:--- Period 32 ---
30-Nov 14:28:49:INFO:root:BEGIN Outer loop
30-Nov 14:28:49:INFO:root:--- Period 33 ---
30-Nov 14:28:49:INFO:root:Model trade shares: [0.950566, 0.920781, 0.989305]
30-Nov 14:28:49:INFO:root:Data trade shares: [0.955615, 0.931697, 0.991754]
30-Nov 14:28:49:INFO:root:US prices: [0.850398, 0.858039, 0.888774]
30-Nov 14:28:49:INFO:root:in the data: [2.59006, 2.59665, 2.59665]
30-Nov 14:28:49:INFO:root:Nominal world expenditure: 1.8156117872474797e7
30-Nov 14:28:49:INFO:root:--------------In the data: [4.90999e7]
30-Nov 14:28:49:INFO:root:BEGIN Outer loop
30-Nov 14:28:49:INFO:root:--- Period 34 ---
30-Nov 14:28:49:INFO:root:BEGIN Outer loop
30-Nov 14:28:50:INFO:root:------ Middle 1: 0.00017161687790380017
30-Nov 14:28:50:INFO:root:Starting from 1.7566666699999365e-17
30-Nov 14:28:50:INFO:root:-- Outer 7: 0.00042656526616364766
30-Nov 14:28:50:INFO:root:END Outer loop
30-Nov 14:28:50:INFO:root:Model trade shares: [0.966474, 0.928949, 0.991048]
30-Nov 14:28:50:INFO:root:Data trade shares: [0.963666, 0.934551, 0.994086]
30-Nov 14:28:50:INFO:root:US prices: [0.971406, 0.928141, 0.910418]
30-Nov 14:28:50:INFO:root:in the data: [2.67778, 2.5352, 2.5352]
30-Nov 14:28:50:INFO:root:Nominal world expenditure: 1.6239509708005726e7
30-Nov 14:28:50:INFO:root:--------------In the data: [4.12361e7]
30-Nov 14:28:50:INFO:root:------ Middle 1: 0.00017381047707221232
30-Nov 14:28:50:INFO:root:--- Period 35 ---
30-Nov 14:28:50:INFO:root:Starting from 1.9295076505941588e-17
30-Nov 14:28:50:INFO:root:-- Outer 7: 0.00041696278618682283
30-Nov 14:28:50:INFO:root:END Outer loop
30-Nov 14:28:51:INFO:root:BEGIN Outer loop
30-Nov 14:28:51:INFO:root:Model trade shares: [0.943491, 0.914488, 0.990472]
30-Nov 14:28:51:INFO:root:Data trade shares: [0.950579, 0.929714, 0.991388]
30-Nov 14:28:51:INFO:root:US prices: [0.910808, 0.867466, 0.873872]
30-Nov 14:28:51:INFO:root:in the data: [2.71827, 2.64842, 2.64842]
30-Nov 14:28:51:INFO:root:Nominal world expenditure: 1.9299795628068853e7
30-Nov 14:28:51:INFO:root:--------------In the data: [5.43532e7]
30-Nov 14:28:51:INFO:root:--- Period 36 ---
30-Nov 14:28:51:INFO:root:BEGIN Outer loop
30-Nov 14:28:57:INFO:root:------ Middle 1: 0.004196505131534348
30-Nov 14:28:57:INFO:root:------ Middle 1: 0.0002611971256370092
30-Nov 14:28:57:INFO:root:Starting from 1.9432916710277062e-17
30-Nov 14:28:57:INFO:root:-- Outer 5: 0.0011297518171240783
30-Nov 14:28:58:INFO:root:------ Middle 2: 0.002313627850160612
30-Nov 14:28:58:INFO:root:------ Middle 1: 0.00021735135961599886
30-Nov 14:28:58:INFO:root:Starting from 2.0201204225164816e-17
30-Nov 14:28:58:INFO:root:-- Outer 6: 0.0011560609803304058
30-Nov 14:29:02:INFO:root:------ Middle 1: 0.00017226761645727586
30-Nov 14:29:02:INFO:root:Starting from 2.0512899776248434e-17
30-Nov 14:29:02:INFO:root:-- Outer 7: 0.00041359262239103027
30-Nov 14:29:02:INFO:root:END Outer loop
30-Nov 14:29:02:INFO:root:Model trade shares: [0.955929, 0.903406, 0.981749]
30-Nov 14:29:02:INFO:root:Data trade shares: [0.954902, 0.927282, 0.98849]
30-Nov 14:29:02:INFO:root:US prices: [0.860349, 0.884311, 0.91185]
30-Nov 14:29:02:INFO:root:in the data: [2.81662, 2.76323, 2.76323]
30-Nov 14:29:02:INFO:root:Nominal world expenditure: 1.8897870774663344e7
30-Nov 14:29:02:INFO:root:--------------In the data: [5.52518e7]
30-Nov 14:29:07:INFO:root:------ Middle 3: 0.0017831417116723606
30-Nov 14:29:07:INFO:root:------ Middle 1: 0.004039691732165249
30-Nov 14:29:08:INFO:root:------ Middle 4: 0.0009890812430849425
30-Nov 14:29:08:INFO:root:------ Middle 2: 0.0022280195714119164
30-Nov 14:29:15:INFO:root:------ Middle 1: 0.003909824132775949
30-Nov 14:29:15:INFO:root:------ Middle 5: 0.000808016525178649
30-Nov 14:29:15:INFO:root:------ Middle 2: 0.0021564786656674785
30-Nov 14:29:15:INFO:root:------ Middle 6: 0.00045008506335598563
30-Nov 14:29:17:INFO:root:------ Middle 3: 0.0017245544886782761
30-Nov 14:29:18:INFO:root:------ Middle 4: 0.0009572764576062819
30-Nov 14:29:18:INFO:root:------ Middle 7: 0.00035850592490497163
30-Nov 14:29:19:INFO:root:------ Middle 1: 0.0039949548556195555
30-Nov 14:29:19:INFO:root:------ Middle 2: 0.0022026761584843964
30-Nov 14:29:20:INFO:root:------ Middle 8: 0.00022628596261249333
30-Nov 14:29:20:INFO:root:Starting from 1.1412436712096692e-17
30-Nov 14:29:20:INFO:root:-- Outer 1: 0.02176275020907166
30-Nov 14:29:20:INFO:root:------ Middle 1: 0.0025258226808103005
30-Nov 14:29:22:INFO:root:------ Middle 1: 0.0042749386222746
30-Nov 14:29:23:INFO:root:------ Middle 2: 0.0023567469239891862
30-Nov 14:29:24:INFO:root:------ Middle 1: 0.004646675127603541
30-Nov 14:29:24:INFO:root:------ Middle 1: 0.004087808401605279
30-Nov 14:29:24:INFO:root:------ Middle 2: 0.0025618325935259493
30-Nov 14:29:24:INFO:root:------ Middle 1: 0.004606968030598366
30-Nov 14:29:25:INFO:root:------ Middle 5: 0.0007859352038034903
30-Nov 14:29:25:INFO:root:------ Middle 1: 0.004339740402672638
30-Nov 14:29:25:INFO:root:------ Middle 2: 0.0022537046813219104
30-Nov 14:29:25:INFO:root:------ Middle 3: 0.0016840203431467832
30-Nov 14:29:25:INFO:root:------ Middle 2: 0.0025402496460282106
30-Nov 14:29:25:INFO:root:------ Middle 6: 0.0004384677252367066
30-Nov 14:29:26:INFO:root:------ Middle 2: 0.0023924245458777976
30-Nov 14:29:26:INFO:root:------ Middle 4: 0.0009342947058813281
30-Nov 14:29:26:INFO:root:------ Middle 1: 0.004680429233329303
30-Nov 14:29:27:INFO:root:------ Middle 2: 0.0025804643166282837
30-Nov 14:29:27:INFO:root:------ Middle 3: 0.0016991980207393227
30-Nov 14:29:28:INFO:root:------ Middle 7: 0.0003506408574195523
30-Nov 14:29:28:INFO:root:------ Middle 4: 0.0009428929436042864
30-Nov 14:29:28:INFO:root:------ Middle 1: 0.004470482903655761
30-Nov 14:29:29:INFO:root:------ Middle 2: 0.0024646958400301807
30-Nov 14:29:29:INFO:root:------ Middle 8: 0.00022093519103295948
30-Nov 14:29:29:INFO:root:Starting from 1.1895337795392837e-17
30-Nov 14:29:29:INFO:root:-- Outer 1: 0.02095937493663579
30-Nov 14:29:30:INFO:root:------ Middle 1: 0.0024883176520696985
30-Nov 14:29:31:INFO:root:------ Middle 3: 0.0017857717224634164
30-Nov 14:29:32:INFO:root:------ Middle 3: 0.001915604540823802
30-Nov 14:29:32:INFO:root:------ Middle 4: 0.0009902210103399556
30-Nov 14:29:32:INFO:root:------ Middle 3: 0.0018880250143349462
30-Nov 14:29:32:INFO:root:------ Middle 4: 0.0010606283053285293
30-Nov 14:29:33:INFO:root:------ Middle 5: 0.0007669128050823489
30-Nov 14:29:33:INFO:root:------ Middle 4: 0.0010456310410472478
30-Nov 14:29:33:INFO:root:------ Middle 3: 0.00178805918085071
30-Nov 14:29:33:INFO:root:------ Middle 6: 0.00042784131060102655
30-Nov 14:29:34:INFO:root:------ Middle 4: 0.0009892731335699634
30-Nov 14:29:34:INFO:root:------ Middle 3: 0.0019291146026288793
30-Nov 14:29:35:INFO:root:------ Middle 3: 0.001737193504724479
30-Nov 14:29:35:INFO:root:------ Middle 2: 0.0007849116297103447
30-Nov 14:29:35:INFO:root:------ Middle 4: 0.0010689553124069893
30-Nov 14:29:35:INFO:root:------ Middle 5: 0.0007736023535087898
30-Nov 14:29:35:INFO:root:------ Middle 4: 0.0009633505178412818
30-Nov 14:29:35:INFO:root:------ Middle 3: 0.0004360628118500244
30-Nov 14:29:36:INFO:root:------ Middle 6: 0.00043160943913876106
30-Nov 14:29:37:INFO:root:------ Middle 7: 0.00034289888432699613
30-Nov 14:29:37:INFO:root:------ Middle 3: 0.0018592406631945373
30-Nov 14:29:38:INFO:root:------ Middle 4: 0.0010304585893238364
30-Nov 14:29:38:INFO:root:------ Middle 8: 0.00021623300916362133
30-Nov 14:29:38:INFO:root:Starting from 1.17263904215046e-17
30-Nov 14:29:38:INFO:root:-- Outer 1: 0.020338843436605306
30-Nov 14:29:38:INFO:root:------ Middle 7: 0.00034582195764508433
30-Nov 14:29:39:INFO:root:------ Middle 5: 0.0007982594691323775
30-Nov 14:29:39:INFO:root:------ Middle 4: 0.00032509341955252866
30-Nov 14:29:39:INFO:root:------ Middle 5: 0.0008456249442203406
30-Nov 14:29:39:INFO:root:------ Middle 1: 0.002354483780343728
30-Nov 14:29:39:INFO:root:------ Middle 5: 0.0008306205439847635
30-Nov 14:29:39:INFO:root:------ Middle 5: 0.0007871678696562183
30-Nov 14:29:39:INFO:root:------ Middle 6: 0.0004447892520256825
30-Nov 14:29:39:INFO:root:------ Middle 6: 0.0004701170678620078
30-Nov 14:29:40:INFO:root:------ Middle 5: 0.0001969619443150368
30-Nov 14:29:40:INFO:root:Starting from 1.6088406692919634e-17
30-Nov 14:29:40:INFO:root:-- Outer 2: 0.010461809245976157
30-Nov 14:29:40:INFO:root:------ Middle 6: 0.0004615837264655381
30-Nov 14:29:40:INFO:root:------ Middle 6: 0.0004359299952873035
30-Nov 14:29:40:INFO:root:------ Middle 8: 0.00021791527072832572
30-Nov 14:29:40:INFO:root:Starting from 1.2039032534305702e-17
30-Nov 14:29:40:INFO:root:-- Outer 1: 0.019995956434526164
30-Nov 14:29:40:INFO:root:------ Middle 1: 0.0005249917495551536
30-Nov 14:29:41:INFO:root:------ Middle 1: 0.0023875827190251897
30-Nov 14:29:41:INFO:root:------ Middle 5: 0.0008540368177466852
30-Nov 14:29:41:INFO:root:------ Middle 7: 0.0003316166503117367
30-Nov 14:29:42:INFO:root:------ Middle 7: 0.00032441706709620193
30-Nov 14:29:42:INFO:root:------ Middle 7: 0.0003075769592004594
30-Nov 14:29:42:INFO:root:------ Middle 6: 0.0004749869104028789
30-Nov 14:29:42:INFO:root:------ Middle 8: 0.0002161897097207021
30-Nov 14:29:42:INFO:root:------ Middle 7: 0.0003513429636380519
30-Nov 14:29:42:INFO:root:Starting from 1.2136529800559401e-17
30-Nov 14:29:42:INFO:root:-- Outer 1: 0.02016017248939277
30-Nov 14:29:42:INFO:root:------ Middle 8: 0.00021107597572656505
30-Nov 14:29:42:INFO:root:Starting from 1.1705953897615196e-17
30-Nov 14:29:42:INFO:root:-- Outer 1: 0.019441773268674252
30-Nov 14:29:42:INFO:root:------ Middle 5: 0.0007832121156371648
30-Nov 14:29:43:INFO:root:------ Middle 8: 0.00020079247071059966
30-Nov 14:29:43:INFO:root:Starting from 1.1429269270015678e-17
30-Nov 14:29:43:INFO:root:-- Outer 1: 0.018406830407124233
30-Nov 14:29:43:INFO:root:------ Middle 1: 0.002657564038992563
30-Nov 14:29:43:INFO:root:------ Middle 1: 0.002453490973276475
30-Nov 14:29:43:INFO:root:------ Middle 6: 0.0004366508286664296
30-Nov 14:29:43:INFO:root:------ Middle 1: 0.002167481773266048
30-Nov 14:29:43:INFO:root:------ Middle 8: 0.00022053106594435042
30-Nov 14:29:43:INFO:root:Starting from 1.1377226117921216e-17
30-Nov 14:29:43:INFO:root:-- Outer 1: 0.01930867087587801
30-Nov 14:29:44:INFO:root:------ Middle 5: 0.0008255217034710471
30-Nov 14:29:44:INFO:root:------ Middle 2: 0.0007612577615552827
30-Nov 14:29:44:INFO:root:------ Middle 7: 0.0003349923223930698
30-Nov 14:29:44:INFO:root:------ Middle 1: 0.002494012772699643
30-Nov 14:29:44:INFO:root:------ Middle 6: 0.00045985884052558116
30-Nov 14:29:44:INFO:root:------ Middle 3: 0.0004235954057916519
30-Nov 14:29:45:INFO:root:------ Middle 8: 0.00021843061919959587
30-Nov 14:29:45:INFO:root:Starting from 1.1498398386359604e-17
30-Nov 14:29:45:INFO:root:-- Outer 1: 0.01999137537515917
30-Nov 14:29:45:INFO:root:------ Middle 1: 0.002653469371523407
30-Nov 14:29:46:INFO:root:------ Middle 7: 0.00034826487868052725
30-Nov 14:29:47:INFO:root:------ Middle 7: 0.00036195573491711833
30-Nov 14:29:47:INFO:root:------ Middle 4: 0.00031652932162510016
30-Nov 14:29:47:INFO:root:------ Middle 8: 0.00021911864878653749
30-Nov 14:29:47:INFO:root:Starting from 1.2054661364532962e-17
30-Nov 14:29:47:INFO:root:-- Outer 1: 0.019709297271146158
30-Nov 14:29:48:INFO:root:------ Middle 8: 0.00021850604617266477
30-Nov 14:29:48:INFO:root:Starting from 1.1522131175866461e-17
30-Nov 14:29:48:INFO:root:-- Outer 1: 0.01953808485818046
30-Nov 14:29:48:INFO:root:------ Middle 5: 0.00019139811684039146
30-Nov 14:29:48:INFO:root:Starting from 2.0938566666610553e-17
30-Nov 14:29:48:INFO:root:-- Outer 2: 0.010190282969633502
30-Nov 14:29:48:INFO:root:------ Middle 1: 0.002654177977172367
30-Nov 14:29:48:INFO:root:------ Middle 1: 0.0024922525695373803
30-Nov 14:29:49:INFO:root:------ Middle 1: 0.0005222379465448471
30-Nov 14:29:51:INFO:root:------ Middle 2: 0.00030444551797763743
30-Nov 14:29:52:INFO:root:------ Middle 3: 0.0001733258429969463
30-Nov 14:29:52:INFO:root:Starting from 1.7110643609405928e-17
30-Nov 14:29:52:INFO:root:-- Outer 3: 0.004548374414479993
30-Nov 14:29:53:INFO:root:------ Middle 2: 0.0007179186506597833
30-Nov 14:29:53:INFO:root:------ Middle 1: 0.0002639554357889937
30-Nov 14:29:53:INFO:root:Starting from 1.5442283266267088e-17
30-Nov 14:29:53:INFO:root:-- Outer 4: 0.004542767574754485
30-Nov 14:29:53:INFO:root:------ Middle 2: 0.0006217428281123117
30-Nov 14:29:54:INFO:root:------ Middle 2: 0.0007114047188643406
30-Nov 14:29:54:INFO:root:------ Middle 3: 0.00039954754635077613
30-Nov 14:29:54:INFO:root:------ Middle 2: 0.000735740665328013
30-Nov 14:29:54:INFO:root:------ Middle 3: 0.0003449736341808853
30-Nov 14:29:54:INFO:root:------ Middle 3: 0.0003957998041036149
30-Nov 14:29:55:INFO:root:------ Middle 2: 0.0008126578841786613
30-Nov 14:29:55:INFO:root:------ Middle 3: 0.00040876909123595994
30-Nov 14:29:55:INFO:root:------ Middle 3: 0.0004518714965810956
30-Nov 14:29:57:INFO:root:------ Middle 4: 0.0002935477728440599
30-Nov 14:29:57:INFO:root:Starting from 1.8421685943285904e-17
30-Nov 14:29:57:INFO:root:-- Outer 2: 0.00971856819680426
30-Nov 14:29:57:INFO:root:------ Middle 2: 0.000767078782293994
30-Nov 14:29:57:INFO:root:------ Middle 2: 0.0007956730212219686
30-Nov 14:29:57:INFO:root:------ Middle 4: 0.0002521421199841644
30-Nov 14:29:57:INFO:root:Starting from 1.5763779566813933e-17
30-Nov 14:29:57:INFO:root:-- Outer 2: 0.00921489962272604
30-Nov 14:29:57:INFO:root:------ Middle 1: 0.000556389961140924
30-Nov 14:29:58:INFO:root:------ Middle 3: 0.000426405670005745
30-Nov 14:29:58:INFO:root:------ Middle 3: 0.00044360962803842067
30-Nov 14:29:58:INFO:root:------ Middle 4: 0.0002966798822000726
30-Nov 14:29:58:INFO:root:------ Middle 1: 0.0004730687438024388
30-Nov 14:29:58:INFO:root:Starting from 2.2808636915338726e-17
30-Nov 14:29:58:INFO:root:-- Outer 2: 0.009913125531213915
30-Nov 14:29:58:INFO:root:------ Middle 4: 0.0003055093013665884
30-Nov 14:29:58:INFO:root:------ Middle 4: 0.0003297535973293884
30-Nov 14:29:59:INFO:root:------ Middle 5: 0.00018557825172713414
30-Nov 14:29:59:INFO:root:Starting from 2.994998436965419e-17
30-Nov 14:29:59:INFO:root:-- Outer 2: 0.009775708072412915
30-Nov 14:29:59:INFO:root:------ Middle 1: 0.00045772971285238
30-Nov 14:29:59:INFO:root:------ Middle 5: 0.00020318576365811457
30-Nov 14:29:59:INFO:root:Starting from 1.6767224290748977e-17
30-Nov 14:29:59:INFO:root:-- Outer 2: 0.009979673466156748
30-Nov 14:30:00:INFO:root:------ Middle 1: 0.0005025973212074141
30-Nov 14:30:00:INFO:root:------ Middle 1: 0.0005517390713252059
30-Nov 14:30:00:INFO:root:------ Middle 2: 0.00030075287154033155
30-Nov 14:30:01:INFO:root:------ Middle 2: 0.0008158860881449562
30-Nov 14:30:01:INFO:root:------ Middle 4: 0.000314630092219007
30-Nov 14:30:01:INFO:root:------ Middle 4: 0.00032440372790543023
30-Nov 14:30:01:INFO:root:------ Middle 3: 0.00017128155361837284
30-Nov 14:30:01:INFO:root:Starting from 1.460940120497598e-17
30-Nov 14:30:01:INFO:root:-- Outer 3: 0.004433187698330766
30-Nov 14:30:01:INFO:root:------ Middle 5: 0.00019259286590714658
30-Nov 14:30:01:INFO:root:Starting from 2.0844291773239702e-17
30-Nov 14:30:01:INFO:root:-- Outer 2: 0.009528308687237797
30-Nov 14:30:02:INFO:root:------ Middle 5: 0.00019949473523520435
30-Nov 14:30:02:INFO:root:Starting from 2.2781185395752586e-17
30-Nov 14:30:02:INFO:root:-- Outer 2: 0.009918597059716611
30-Nov 14:30:02:INFO:root:------ Middle 1: 0.0002638743005310967
30-Nov 14:30:02:INFO:root:Starting from 2.2482433404803845e-17
30-Nov 14:30:02:INFO:root:-- Outer 4: 0.0044196482851699805
30-Nov 14:30:02:INFO:root:------ Middle 1: 0.0005389891929872651
30-Nov 14:30:02:INFO:root:------ Middle 1: 0.0005743699792125623
30-Nov 14:30:03:INFO:root:------ Middle 2: 0.000765578017747101
30-Nov 14:30:03:INFO:root:------ Middle 3: 0.0004251110676235206
30-Nov 14:30:04:INFO:root:------ Middle 4: 0.0003319876577360034
30-Nov 14:30:05:INFO:root:------ Middle 5: 0.00020368657292716487
30-Nov 14:30:05:INFO:root:Starting from 2.227432244868702e-17
30-Nov 14:30:05:INFO:root:-- Outer 2: 0.009777343961795418
30-Nov 14:30:05:INFO:root:------ Middle 1: 0.0003207293789972834
30-Nov 14:30:06:INFO:root:------ Middle 1: 0.0006266402554535523
30-Nov 14:30:06:INFO:root:------ Middle 2: 0.00017967342804936813
30-Nov 14:30:06:INFO:root:Starting from 1.3788796407397556e-17
30-Nov 14:30:06:INFO:root:-- Outer 5: 0.0011873512732624109
30-Nov 14:30:06:INFO:root:------ Middle 2: 0.0003273328699427124
30-Nov 14:30:06:INFO:root:------ Middle 4: 0.0003150549443705178
30-Nov 14:30:06:INFO:root:------ Middle 1: 0.00019004676803888428
30-Nov 14:30:06:INFO:root:Starting from 1.4235792043202088e-17
30-Nov 14:30:06:INFO:root:-- Outer 6: 0.00126793007456876
30-Nov 14:30:07:INFO:root:------ Middle 3: 0.0001866929431280023
30-Nov 14:30:07:INFO:root:------ Middle 5: 0.00019305534662766353
30-Nov 14:30:07:INFO:root:Starting from 1.9308590522478174e-17
30-Nov 14:30:07:INFO:root:-- Outer 3: 0.004361658709831437
30-Nov 14:30:07:INFO:root:Starting from 2.3579161039819977e-17
30-Nov 14:30:07:INFO:root:-- Outer 2: 0.009679261376361086
30-Nov 14:30:07:INFO:root:------ Middle 2: 0.00027134274066588067
30-Nov 14:30:07:INFO:root:Starting from 1.815389256294868e-17
30-Nov 14:30:07:INFO:root:-- Outer 3: 0.004107270874112472
30-Nov 14:30:07:INFO:root:------ Middle 1: 0.0003052279873090225
30-Nov 14:30:07:INFO:root:------ Middle 1: 0.000505550596323053
30-Nov 14:30:08:INFO:root:------ Middle 1: 0.00023622852124090133
30-Nov 14:30:08:INFO:root:Starting from 2.327428095431854e-17
30-Nov 14:30:08:INFO:root:-- Outer 4: 0.004067990370853759
30-Nov 14:30:10:INFO:root:------ Middle 2: 0.00028712407706269285
30-Nov 14:30:10:INFO:root:Starting from 1.956145332277539e-17
30-Nov 14:30:10:INFO:root:-- Outer 3: 0.004319555556970769
30-Nov 14:30:10:INFO:root:------ Middle 2: 0.00030838498408388874
30-Nov 14:30:10:INFO:root:------ Middle 1: 0.00017985336452321115
30-Nov 14:30:10:INFO:root:Starting from 1.6007019422908346e-17
30-Nov 14:30:10:INFO:root:-- Outer 7: 0.0004600468352032765
30-Nov 14:30:10:INFO:root:END Outer loop
30-Nov 14:30:10:INFO:root:------ Middle 2: 0.0003184353351018963
30-Nov 14:30:10:INFO:root:------ Middle 1: 0.00026135223425657997
30-Nov 14:30:11:INFO:root:Starting from 2.060121091125766e-17
30-Nov 14:30:11:INFO:root:-- Outer 4: 0.004369912638411341
30-Nov 14:30:11:INFO:root:------ Middle 3: 0.0001761748620774713
30-Nov 14:30:11:INFO:root:Starting from 1.711272838383374e-17
30-Nov 14:30:11:INFO:root:-- Outer 3: 0.004451598358940454
30-Nov 14:30:11:INFO:root:Model trade shares: [0.950126, 0.914566, 0.981205]
30-Nov 14:30:11:INFO:root:Data trade shares: [0.951101, 0.932187, 0.983861]
30-Nov 14:30:11:INFO:root:US prices: [0.881104, 0.845817, 0.907334]
30-Nov 14:30:11:INFO:root:in the data: [2.96009, 2.78199, 2.78199]
30-Nov 14:30:11:INFO:root:Nominal world expenditure: 1.8240813665385664e7
30-Nov 14:30:11:INFO:root:--------------In the data: [5.49713e7]
30-Nov 14:30:11:INFO:root:------ Middle 2: 0.00031044594669361983
30-Nov 14:30:11:INFO:root:------ Middle 3: 0.00018136829725915837
30-Nov 14:30:11:INFO:root:Starting from 2.2359226015896583e-17
30-Nov 14:30:11:INFO:root:-- Outer 3: 0.004331858620354639
30-Nov 14:30:11:INFO:root:------ Middle 1: 0.0002955852994794639
30-Nov 14:30:12:INFO:root:Starting from 2.1165405759503042e-17
30-Nov 14:30:12:INFO:root:-- Outer 4: 0.004384518619233393
30-Nov 14:30:12:INFO:root:------ Middle 3: 0.00017753304494682736
30-Nov 14:30:12:INFO:root:Starting from 1.9099073625003395e-17
30-Nov 14:30:12:INFO:root:-- Outer 3: 0.004439540675881236
30-Nov 14:30:12:INFO:root:------ Middle 2: 0.00029782823045769073
30-Nov 14:30:12:INFO:root:Starting from 2.2586221647215508e-17
30-Nov 14:30:12:INFO:root:-- Outer 3: 0.004232922917061083
30-Nov 14:30:12:INFO:root:------ Middle 1: 0.00021946868869833223
30-Nov 14:30:12:INFO:root:Starting from 1.963629551302961e-17
30-Nov 14:30:12:INFO:root:-- Outer 4: 0.00430956460593475
30-Nov 14:30:12:INFO:root:------ Middle 1: 0.00030144455997461615
30-Nov 14:30:13:INFO:root:------ Middle 1: 0.0002933271290906725
30-Nov 14:30:13:INFO:root:Starting from 2.478656410164214e-17
30-Nov 14:30:13:INFO:root:-- Outer 4: 0.004298437424817182
30-Nov 14:30:13:INFO:root:------ Middle 1: 0.00031921312124706577
30-Nov 14:30:14:INFO:root:------ Middle 2: 0.00017854560097090822
30-Nov 14:30:14:INFO:root:Starting from 1.760846264203145e-17
30-Nov 14:30:14:INFO:root:-- Outer 5: 0.0011562573716918257
30-Nov 14:30:14:INFO:root:------ Middle 1: 0.00018893649035833118
30-Nov 14:30:14:INFO:root:Starting from 1.2567870807301931e-17
30-Nov 14:30:14:INFO:root:-- Outer 6: 0.0012379630662599065
30-Nov 14:30:15:INFO:root:------ Middle 2: 0.00021435433192693775
30-Nov 14:30:15:INFO:root:Starting from 1.9171561143697842e-17
30-Nov 14:30:15:INFO:root:-- Outer 4: 0.0018407127252131048
30-Nov 14:30:15:INFO:root:------ Middle 1: 0.00023341409464547916
30-Nov 14:30:15:INFO:root:Starting from 1.7003746932300803e-17
30-Nov 14:30:15:INFO:root:-- Outer 5: 0.001850050824502981
30-Nov 14:30:15:INFO:root:------ Middle 2: 0.0003177736691706615
30-Nov 14:30:16:INFO:root:------ Middle 3: 0.00018012613555805387
30-Nov 14:30:16:INFO:root:Starting from 2.0632960969876644e-17
30-Nov 14:30:16:INFO:root:-- Outer 3: 0.004401694996703682
30-Nov 14:30:17:INFO:root:------ Middle 1: 0.00027698770934978434
30-Nov 14:30:17:INFO:root:Starting from 1.7998584872977505e-17
30-Nov 14:30:17:INFO:root:-- Outer 5: 0.0009821100480567238
30-Nov 14:30:17:INFO:root:END Outer loop
30-Nov 14:30:17:INFO:root:------ Middle 1: 0.0003559915647475232
30-Nov 14:30:17:INFO:root:Model trade shares: [0.956013, 0.880367, 0.978732]
30-Nov 14:30:17:INFO:root:Data trade shares: [0.955026, 0.900005, 0.981768]
30-Nov 14:30:17:INFO:root:US prices: [1.25954, 1.01327, 1.09869]
30-Nov 14:30:17:INFO:root:in the data: [4.23838, 3.41193, 3.41193]
30-Nov 14:30:17:INFO:root:Nominal world expenditure: 3.424215312212466e7
30-Nov 14:30:17:INFO:root:--------------In the data: [9.98292e7]
30-Nov 14:30:18:INFO:root:------ Middle 2: 0.0002928061098036562
30-Nov 14:30:18:INFO:root:Starting from 1.485663344759255e-17
30-Nov 14:30:18:INFO:root:-- Outer 3: 0.004232352902764365
30-Nov 14:30:18:INFO:root:------ Middle 1: 0.00017739004692952806
30-Nov 14:30:18:INFO:root:Starting from 1.8760067069854202e-17
30-Nov 14:30:18:INFO:root:-- Outer 7: 0.00045508236058987403
30-Nov 14:30:18:INFO:root:END Outer loop
30-Nov 14:30:19:INFO:root:Model trade shares: [0.93016, 0.916657, 0.987981]
30-Nov 14:30:19:INFO:root:Data trade shares: [0.944757, 0.931965, 0.986375]
30-Nov 14:30:19:INFO:root:US prices: [0.896832, 0.830579, 0.847401]
30-Nov 14:30:19:INFO:root:in the data: [2.85731, 2.74066, 2.74066]
30-Nov 14:30:19:INFO:root:Nominal world expenditure: 1.812184191757058e7
30-Nov 14:30:19:INFO:root:--------------In the data: [5.4623e7]
30-Nov 14:30:19:INFO:root:------ Middle 1: 0.00024611757180938474
30-Nov 14:30:19:INFO:root:Starting from 1.6934439101180217e-17
30-Nov 14:30:19:INFO:root:-- Outer 4: 0.004284263905788255
30-Nov 14:30:19:INFO:root:------ Middle 2: 0.0002148128394689952
30-Nov 14:30:19:INFO:root:Starting from 1.867895217373136e-17
30-Nov 14:30:19:INFO:root:-- Outer 4: 0.0018663680973954298
30-Nov 14:30:19:INFO:root:------ Middle 1: 0.00025844306292322026
30-Nov 14:30:19:INFO:root:Starting from 1.589823971990849e-17
30-Nov 14:30:19:INFO:root:-- Outer 6: 0.0006157017079406918
30-Nov 14:30:19:INFO:root:END Outer loop
30-Nov 14:30:19:INFO:root:Model trade shares: [0.95131, 0.881065, 0.975072]
30-Nov 14:30:19:INFO:root:Data trade shares: [0.954831, 0.902146, 0.983572]
30-Nov 14:30:19:INFO:root:US prices: [1.12473, 0.896949, 1.02171]
30-Nov 14:30:19:INFO:root:in the data: [3.88449, 3.20236, 3.20236]
30-Nov 14:30:19:INFO:root:Nominal world expenditure: 2.807614623015307e7
30-Nov 14:30:19:INFO:root:--------------In the data: [8.8489e7]
30-Nov 14:30:20:INFO:root:------ Middle 1: 0.00023141544765567255
30-Nov 14:30:20:INFO:root:Starting from 1.7550581825768855e-17
30-Nov 14:30:20:INFO:root:-- Outer 5: 0.0018538481216144329
30-Nov 14:30:22:INFO:root:------ Middle 1: 0.00036890298013744777
30-Nov 14:30:22:INFO:root:------ Middle 1: 0.00032398101319116733
30-Nov 14:30:22:INFO:root:------ Middle 2: 0.00020609466032556
30-Nov 14:30:22:INFO:root:Starting from 1.9570381964350764e-17
30-Nov 14:30:22:INFO:root:-- Outer 5: 0.0012140435603580078
30-Nov 14:30:23:INFO:root:------ Middle 2: 0.0001815311015401024
30-Nov 14:30:23:INFO:root:Starting from 1.8088200760390837e-17
30-Nov 14:30:23:INFO:root:-- Outer 5: 0.0011363469231814192
30-Nov 14:30:23:INFO:root:------ Middle 1: 0.00026001987551008636
30-Nov 14:30:23:INFO:root:Starting from 1.8462419139988957e-17
30-Nov 14:30:23:INFO:root:-- Outer 6: 0.0006271549618347092
30-Nov 14:30:23:INFO:root:END Outer loop
30-Nov 14:30:23:INFO:root:------ Middle 1: 0.00021999504726193903
30-Nov 14:30:23:INFO:root:Starting from 1.3680389728407285e-17
30-Nov 14:30:23:INFO:root:-- Outer 6: 0.0013091867913285562
30-Nov 14:30:23:INFO:root:------ Middle 1: 0.0003477017830610627
30-Nov 14:30:23:INFO:root:Model trade shares: [0.960048, 0.905546, 0.976089]
30-Nov 14:30:23:INFO:root:Data trade shares: [0.95528, 0.914832, 0.982791]
30-Nov 14:30:23:INFO:root:US prices: [0.860746, 0.839368, 0.928404]
30-Nov 14:30:23:INFO:root:in the data: [3.32883, 3.15407, 3.15407]
30-Nov 14:30:23:INFO:root:Nominal world expenditure: 2.360155403740261e7
30-Nov 14:30:23:INFO:root:--------------In the data: [7.56745e7]
30-Nov 14:30:23:INFO:root:------ Middle 1: 0.0001832195252135347
30-Nov 14:30:23:INFO:root:Starting from 1.819911007697682e-17
30-Nov 14:30:23:INFO:root:-- Outer 6: 0.0012185600875677125
30-Nov 14:30:24:INFO:root:------ Middle 2: 0.00019396293151205355
30-Nov 14:30:24:INFO:root:Starting from 1.7219430638514066e-17
30-Nov 14:30:24:INFO:root:-- Outer 5: 0.0011479902235106546
30-Nov 14:30:24:INFO:root:------ Middle 2: 0.0002186183383169527
30-Nov 14:30:24:INFO:root:Starting from 1.185756345665277e-17
30-Nov 14:30:24:INFO:root:-- Outer 4: 0.0019122846124803438
30-Nov 14:30:25:INFO:root:------ Middle 1: 0.0002810245034444404
30-Nov 14:30:25:INFO:root:Starting from 1.4327138112959863e-17
30-Nov 14:30:25:INFO:root:-- Outer 5: 0.001119423596476616
30-Nov 14:30:25:INFO:root:------ Middle 1: 0.0001937473900259156
30-Nov 14:30:25:INFO:root:Starting from 1.3417532463733237e-17
30-Nov 14:30:25:INFO:root:-- Outer 6: 0.0012279168576806705
30-Nov 14:30:25:INFO:root:------ Middle 1: 0.00027073599942416905
30-Nov 14:30:25:INFO:root:Starting from 1.9873027640619026e-17
30-Nov 14:30:25:INFO:root:-- Outer 5: 0.0019540915557246124
30-Nov 14:30:26:INFO:root:------ Middle 1: 0.0002326728828843179
30-Nov 14:30:26:INFO:root:Starting from 1.9220298034768915e-17
30-Nov 14:30:26:INFO:root:-- Outer 6: 0.0011466311340965533
30-Nov 14:30:27:INFO:root:------ Middle 1: 0.00016929849168141356
30-Nov 14:30:27:INFO:root:Starting from 1.6663120670011597e-17
30-Nov 14:30:27:INFO:root:-- Outer 7: 0.00045984596830597
30-Nov 14:30:27:INFO:root:END Outer loop
30-Nov 14:30:27:INFO:root:------ Middle 1: 0.0002204595665843332
30-Nov 14:30:27:INFO:root:Starting from 2.0809175917029053e-17
30-Nov 14:30:27:INFO:root:-- Outer 7: 0.0005222294924834704
30-Nov 14:30:27:INFO:root:END Outer loop
30-Nov 14:30:27:INFO:root:Model trade shares: [0.947199, 0.915616, 0.982015]
30-Nov 14:30:27:INFO:root:Data trade shares: [0.949239, 0.924453, 0.987338]
30-Nov 14:30:27:INFO:root:US prices: [0.903121, 0.850181, 0.853296]
30-Nov 14:30:27:INFO:root:in the data: [2.95883, 2.79593, 2.79593]
30-Nov 14:30:27:INFO:root:Nominal world expenditure: 1.9325995979142237e7
30-Nov 14:30:27:INFO:root:--------------In the data: [5.8302e7]
30-Nov 14:30:28:INFO:root:Model trade shares: [0.960867, 0.898633, 0.979611]
30-Nov 14:30:28:INFO:root:Data trade shares: [0.956446, 0.911974, 0.985299]
30-Nov 14:30:28:INFO:root:US prices: [0.988722, 0.849297, 0.949284]
30-Nov 14:30:28:INFO:root:in the data: [3.74316, 3.20378, 3.20378]
30-Nov 14:30:28:INFO:root:Nominal world expenditure: 2.5314439111518286e7
30-Nov 14:30:28:INFO:root:--------------In the data: [8.18345e7]
30-Nov 14:30:28:INFO:root:------ Middle 1: 0.00017998555381020662
30-Nov 14:30:28:INFO:root:Starting from 1.718273049105085e-17
30-Nov 14:30:28:INFO:root:-- Outer 7: 0.00046537277033846145
30-Nov 14:30:28:INFO:root:END Outer loop
30-Nov 14:30:28:INFO:root:Model trade shares: [0.942243, 0.920645, 0.977901]
30-Nov 14:30:28:INFO:root:Data trade shares: [0.946294, 0.923226, 0.982471]
30-Nov 14:30:28:INFO:root:US prices: [0.804024, 0.822101, 0.885895]
30-Nov 14:30:28:INFO:root:in the data: [2.69951, 2.89119, 2.89119]
30-Nov 14:30:28:INFO:root:Nominal world expenditure: 1.899295710376309e7
30-Nov 14:30:28:INFO:root:--------------In the data: [5.96564e7]
30-Nov 14:30:29:INFO:root:------ Middle 1: 0.0003012421184101628
30-Nov 14:30:29:INFO:root:------ Middle 1: 0.00018593780785888393
30-Nov 14:30:29:INFO:root:Starting from 2.0574737925445044e-17
30-Nov 14:30:29:INFO:root:-- Outer 7: 0.0004353398482610392
30-Nov 14:30:29:INFO:root:END Outer loop
30-Nov 14:30:30:INFO:root:Model trade shares: [0.933844, 0.913533, 0.982825]
30-Nov 14:30:30:INFO:root:Data trade shares: [0.943324, 0.928045, 0.988948]
30-Nov 14:30:30:INFO:root:US prices: [0.926777, 0.856878, 0.879945]
30-Nov 14:30:30:INFO:root:in the data: [2.94743, 2.7898, 2.7898]
30-Nov 14:30:30:INFO:root:Nominal world expenditure: 1.8869378412845027e7
30-Nov 14:30:30:INFO:root:--------------In the data: [5.65242e7]
30-Nov 14:30:30:INFO:root:------ Middle 1: 0.00030834824687746835
30-Nov 14:30:31:INFO:root:------ Middle 2: 0.00017277603331793072
30-Nov 14:30:31:INFO:root:Starting from 1.8237235394214853e-17
30-Nov 14:30:31:INFO:root:-- Outer 5: 0.0011218092537336225
30-Nov 14:30:31:INFO:root:------ Middle 1: 0.00017455862854213805
30-Nov 14:30:31:INFO:root:Starting from 1.7988042139100057e-17
30-Nov 14:30:31:INFO:root:-- Outer 6: 0.0012010685568459123
30-Nov 14:30:32:INFO:root:------ Middle 2: 0.000174425080064663
30-Nov 14:30:32:INFO:root:Starting from 1.6763689489491616e-17
30-Nov 14:30:32:INFO:root:-- Outer 6: 0.0007093817382668369
30-Nov 14:30:32:INFO:root:END Outer loop
30-Nov 14:30:32:INFO:root:Model trade shares: [0.952082, 0.916996, 0.977853]
30-Nov 14:30:32:INFO:root:Data trade shares: [0.95138, 0.919234, 0.983181]
30-Nov 14:30:32:INFO:root:US prices: [0.850506, 0.82375, 0.899995]
30-Nov 14:30:32:INFO:root:in the data: [3.11354, 3.01039, 3.01039]
30-Nov 14:30:32:INFO:root:Nominal world expenditure: 2.115426824499572e7
30-Nov 14:30:32:INFO:root:--------------In the data: [6.70931e7]
30-Nov 14:30:35:INFO:root:------ Middle 1: 0.00015250938388022017
30-Nov 14:30:35:INFO:root:Starting from 1.6580726837487662e-17
30-Nov 14:30:35:INFO:root:-- Outer 7: 0.00042996645422617983
30-Nov 14:30:35:INFO:root:END Outer loop
30-Nov 14:30:36:INFO:root:Model trade shares: [0.951048, 0.923548, 0.987394]
30-Nov 14:30:36:INFO:root:Data trade shares: [0.951781, 0.9268, 0.989231]
30-Nov 14:30:36:INFO:root:US prices: [0.866763, 0.854807, 0.839389]
30-Nov 14:30:36:INFO:root:in the data: [2.94894, 2.90959, 2.90959]
30-Nov 14:30:36:INFO:root:Nominal world expenditure: 1.8924109320786726e7
30-Nov 14:30:36:INFO:root:--------------In the data: [5.76528e7]
379.323641 seconds (941.41 k allocations: 752.895 MiB, 0.24% gc time)
