WARNING: Method definition warn(Any...) in module Base at util.jl:589 overwritten in module Logging at //////////////////////////////////////////////////////usr/local/julia/JuliaPro-0.6.3.1/JuliaPro/pkgs-0.6.3.1/v0.6/Logging/src/Logging.jl:115.
WARNING: Method definition info(Any...) in module Base at util.jl:534 overwritten in module Logging at //////////////////////////////////////////////////////usr/local/julia/JuliaPro-0.6.3.1/JuliaPro/pkgs-0.6.3.1/v0.6/Logging/src/Logging.jl:115.
WARNING: Method definition WARNIAny...) in module Base at uAny...)WARNING: Method definition warn(Any...) in module Base at util.jl:589 overwriWARNWARNING: Method definition wAny.Any in  in module Base at util.jl:589 overwritten in module Logging at //////////////////////////////////////////////////////usr/local/julia/JuliaPro-0.6.3.1/JuliaPro/pkgs-0.6.3.1/v0.6/Logging/src/Logging.jl:115.
WARNING: Method definition info(AnyWAR) in module Base at util.jl:(An ...) in module Base at util.jl:534 overwritten in module Logging at //////////////////////////////////////////////////////usr/local/julia/JuliaPro-0.6.3.1/JuliaPro/pkgs-0.6..
1/v0.6/Logging/src/Logging.jl:115.
06-Dec 18:15:50:INFO:root:--- Period 1 ---
06-Dec 18:15:50:INFO:root:--- Period 2 ---
06-Dec 18:15:50:INFO:root:--- Period 4 ---
06-Dec 18:15:51:INFO:root:--- Period 5 ---
06-Dec 18:15:51:INFO:root:--- Period 6 ---
06-Dec 18:15:51:INFO:root:--- Period 3 ---
06-Dec 18:15:51:INFO:root:--- Period 7 ---
06-Dec 18:15:51:INFO:root:--- Period 8 ---
06-Dec 18:15:51:INFO:root:--- Period 9 ---
06-Dec 18:15:51:INFO:root:--- Period 10 ---
06-Dec 18:15:56:INFO:root:BEGIN Outer loop
06-Dec 18:15:58:INFO:root:BEGIN Outer loop
06-Dec 18:15:58:INFO:root:BEGIN Outer loop
06-Dec 18:15:58:INFO:root:BEGIN Outer loop
06-Dec 18:15:58:INFO:root:BEGIN Outer loop
06-Dec 18:15:58:INFO:root:BEGIN Outer loop
06-Dec 18:15:58:INFO:root:BEGIN Outer loop
06-Dec 18:15:59:INFO:root:BEGIN Outer loop
06-Dec 18:15:59:INFO:root:BEGIN Outer loop
06-Dec 18:15:59:INFO:root:BEGIN Outer loop
06-Dec 18:16:05:INFO:root:------ Middle 1: 0.002221501610207299
06-Dec 18:16:05:INFO:root:------ Middle 2: 0.0012255749041291113
06-Dec 18:16:05:INFO:root:------ Middle 3: 0.0009434437744665769
06-Dec 18:16:05:INFO:root:------ Middle 4: 0.0005220605231238049
06-Dec 18:16:05:INFO:root:------ Middle 5: 0.0004039248973143822
06-Dec 18:16:05:INFO:root:------ Middle 6: 0.00023867175470783183
06-Dec 18:16:06:INFO:root:Starting from 1.4542456571112262e-17
06-Dec 18:16:08:INFO:root:-- Outer 1: 0.015192440265479302
06-Dec 18:16:08:INFO:root:------ Middle 1: 0.0003399208779927574
06-Dec 18:16:08:INFO:root:------ Middle 2: 0.00018368924684412273
06-Dec 18:16:08:INFO:root:Starting from 9.897535765659327e-18
06-Dec 18:16:08:INFO:root:-- Outer 2: 0.007588512824531677
06-Dec 18:16:09:INFO:root:------ Middle 1: 0.00021489586037213798
06-Dec 18:16:09:INFO:root:Starting from 7.620656115206296e-18
06-Dec 18:16:09:INFO:root:-- Outer 3: 0.0034535161464003565
06-Dec 18:16:09:INFO:root:------ Middle 1: 0.0002530974690587988
06-Dec 18:16:09:INFO:root:Starting from 1.1599124535926486e-17
06-Dec 18:16:09:INFO:root:-- Outer 4: 0.003538127051805978
06-Dec 18:16:09:INFO:root:------ Middle 1: 0.00016502503799833198
06-Dec 18:16:09:INFO:root:Starting from 1.8640582585713028e-17
06-Dec 18:16:09:INFO:root:-- Outer 5: 0.0005546921171780769
06-Dec 18:16:09:INFO:root:END Outer loop
06-Dec 18:16:09:INFO:root:Model trade shares: [0.969709, 0.939942, 0.995404]
06-Dec 18:16:10:INFO:root:Data trade shares: [0.970499, 0.941882, 0.994321]
06-Dec 18:16:10:INFO:root:US prices: [1.01071, 1.00852, 1.01413]
06-Dec 18:16:10:INFO:root:in the data: [1.0, 1.0, 1.0]
06-Dec 18:16:10:INFO:root:Nominal world expenditure: 8.249864124218983e6
06-Dec 18:16:10:INFO:root:--------------In the data: [8.33469e6]
06-Dec 18:16:12:INFO:root:--- Period 11 ---
06-Dec 18:16:12:INFO:root:BEGIN Outer loop
06-Dec 18:16:33:INFO:root:------ Middle 1: 0.002080250357466796
06-Dec 18:16:33:INFO:root:------ Middle 1: 0.0020488307974420965
06-Dec 18:16:33:INFO:root:------ Middle 1: 0.0021167935396915736
06-Dec 18:16:33:INFO:root:------ Middle 2: 0.0011472989085067227
06-Dec 18:16:34:INFO:root:------ Middle 1: 0.002061094889102678
06-Dec 18:16:34:INFO:root:------ Middle 2: 0.0011301650467168674
06-Dec 18:16:34:INFO:root:------ Middle 2: 0.001167954687923776
06-Dec 18:16:34:INFO:root:------ Middle 1: 0.0022664531413408603
06-Dec 18:16:34:INFO:root:------ Middle 1: 0.0020141397042265996
06-Dec 18:16:34:INFO:root:------ Middle 2: 0.0011368188354105293
06-Dec 18:16:34:INFO:root:------ Middle 1: 0.002274608643913345
06-Dec 18:16:35:INFO:root:------ Middle 2: 0.0011109120246989555
06-Dec 18:16:35:INFO:root:------ Middle 2: 0.0012495847513945171
06-Dec 18:16:35:INFO:root:------ Middle 2: 0.0012538064432278942
06-Dec 18:16:36:INFO:root:------ Middle 1: 0.002319080038669538
06-Dec 18:16:36:INFO:root:------ Middle 1: 0.0021953193303416605
06-Dec 18:16:36:INFO:root:------ Middle 2: 0.0012785730064889676
06-Dec 18:16:37:INFO:root:------ Middle 2: 0.0012102180760843898
06-Dec 18:16:38:INFO:root:------ Middle 1: 0.0022177241931980833
06-Dec 18:16:39:INFO:root:------ Middle 2: 0.00122249679053133
06-Dec 18:16:41:INFO:root:------ Middle 3: 0.000878794780328836
06-Dec 18:16:41:INFO:root:------ Middle 3: 0.0008664206509407261
06-Dec 18:16:42:INFO:root:------ Middle 3: 0.0008732050938776662
06-Dec 18:16:42:INFO:root:------ Middle 3: 0.0009056339941550559
06-Dec 18:16:42:INFO:root:------ Middle 4: 0.00048611714502734907
06-Dec 18:16:42:INFO:root:------ Middle 4: 0.00047930593955661054
06-Dec 18:16:42:INFO:root:------ Middle 3: 0.00085640819962908
06-Dec 18:16:42:INFO:root:------ Middle 3: 0.0009325217812100237
06-Dec 18:16:43:INFO:root:------ Middle 4: 0.00048303069181004037
06-Dec 18:16:43:INFO:root:------ Middle 4: 0.0005009541201893821
06-Dec 18:16:43:INFO:root:------ Middle 3: 0.0009475653444650578
06-Dec 18:16:43:INFO:root:------ Middle 4: 0.00047360541084988747
06-Dec 18:16:43:INFO:root:------ Middle 4: 0.0005158975084135574
06-Dec 18:16:44:INFO:root:------ Middle 3: 0.000954745873637551
06-Dec 18:16:44:INFO:root:------ Middle 4: 0.0005238389269549964
06-Dec 18:16:44:INFO:root:------ Middle 3: 0.0009194003472535259
06-Dec 18:16:45:INFO:root:------ Middle 4: 0.0005279505663130665
06-Dec 18:16:45:INFO:root:------ Middle 4: 0.0005080735869865873
06-Dec 18:16:45:INFO:root:------ Middle 5: 0.00037310991833245424
06-Dec 18:16:45:INFO:root:------ Middle 5: 0.00036931464086864026
06-Dec 18:16:46:INFO:root:------ Middle 5: 0.0003716952019541264
06-Dec 18:16:46:INFO:root:------ Middle 5: 0.00038819079794973055
06-Dec 18:16:46:INFO:root:------ Middle 6: 0.00022106742010233446
06-Dec 18:16:46:INFO:root:------ Middle 5: 0.00036597293144726296
06-Dec 18:16:46:INFO:root:------ Middle 6: 0.00021955960055019752
06-Dec 18:16:46:INFO:root:------ Middle 3: 0.0009079846951430465
06-Dec 18:16:47:INFO:root:------ Middle 6: 0.0002203117868570266
06-Dec 18:16:47:INFO:root:------ Middle 6: 0.00023066119348207547
06-Dec 18:16:47:INFO:root:------ Middle 6: 0.00021701339840326663
06-Dec 18:16:47:INFO:root:------ Middle 5: 0.0003978735776681023
06-Dec 18:16:47:INFO:root:Starting from 1.1925457166466503e-17
06-Dec 18:16:47:INFO:root:------ Middle 4: 0.000502461935358171
06-Dec 18:16:47:INFO:root:------ Middle 6: 0.00023143119419118856
06-Dec 18:16:47:INFO:root:Starting from 1.136225184645729e-17
06-Dec 18:16:48:INFO:root:Starting from 1.1946716941046775e-17
06-Dec 18:16:48:INFO:root:Starting from 1.1515453349280888e-17
06-Dec 18:16:48:INFO:root:------ Middle 6: 0.00023737988735762777
06-Dec 18:16:48:INFO:root:------ Middle 5: 0.00039730862491963906
06-Dec 18:16:48:INFO:root:Starting from 1.2177427814664345e-17
06-Dec 18:16:48:INFO:root:-- Outer 1: 0.013567049685729285
06-Dec 18:16:48:INFO:root:------ Middle 5: 0.0003887327430617416
06-Dec 18:16:48:INFO:root:Starting from 1.1307451683800575e-17
06-Dec 18:16:48:INFO:root:-- Outer 1: 0.012119818294149353
06-Dec 18:16:48:INFO:root:-- Outer 1: 0.012995177510545916
06-Dec 18:16:49:INFO:root:------ Middle 6: 0.00023686424733548937
06-Dec 18:16:49:INFO:root:-- Outer 1: 0.012493775862088736
06-Dec 18:16:49:INFO:root:Starting from 1.1715762829175829e-17
06-Dec 18:16:49:INFO:root:------ Middle 6: 0.00023195449473928948
06-Dec 18:16:49:INFO:root:-- Outer 1: 0.014320081168063702
06-Dec 18:16:49:INFO:root:-- Outer 1: 0.011881126843668238
06-Dec 18:16:50:INFO:root:-- Outer 1: 0.012114396391191112
06-Dec 18:16:50:INFO:root:Starting from 1.1896745448001207e-17
06-Dec 18:16:50:INFO:root:Starting from 1.1345067818096533e-17
06-Dec 18:16:50:INFO:root:------ Middle 5: 0.0003796837629620455
06-Dec 18:16:51:INFO:root:-- Outer 1: 0.011978272091736427
06-Dec 18:16:51:INFO:root:-- Outer 1: 0.01213542209559732
06-Dec 18:16:51:INFO:root:------ Middle 6: 0.00022385906552259446
06-Dec 18:16:51:INFO:root:Starting from 1.189635921730933e-17
06-Dec 18:16:52:INFO:root:-- Outer 1: 0.012013700134800107
06-Dec 18:16:56:INFO:root:------ Middle 1: 0.00032748573429889456
06-Dec 18:16:57:INFO:root:------ Middle 1: 0.0004358758512310845
06-Dec 18:16:57:INFO:root:------ Middle 1: 0.00035529604866085704
06-Dec 18:16:57:INFO:root:------ Middle 2: 0.00017747684449552012
06-Dec 18:16:57:INFO:root:------ Middle 1: 0.0003680448698143171
06-Dec 18:16:57:INFO:root:Starting from 1.7916242807481925e-17
06-Dec 18:16:57:INFO:root:-- Outer 2: 0.006539042543693538
06-Dec 18:16:58:INFO:root:------ Middle 2: 0.0002381723925786542
06-Dec 18:16:58:INFO:root:Starting from 1.5760027855841504e-17
06-Dec 18:16:58:INFO:root:-- Outer 2: 0.0061465261321574285
06-Dec 18:16:58:INFO:root:------ Middle 2: 0.00019095177687403824
06-Dec 18:16:58:INFO:root:Starting from 1.3983305490575625e-17
06-Dec 18:16:58:INFO:root:-- Outer 2: 0.00628932836447005
06-Dec 18:16:58:INFO:root:------ Middle 2: 0.00019810705282590884
06-Dec 18:16:58:INFO:root:Starting from 1.3423797353669544e-17
06-Dec 18:16:58:INFO:root:-- Outer 2: 0.006798148815598276
06-Dec 18:16:58:INFO:root:------ Middle 1: 0.0003389610694548053
06-Dec 18:16:58:INFO:root:------ Middle 1: 0.00036781563873680023
06-Dec 18:16:58:INFO:root:------ Middle 1: 0.00038274454579169533
06-Dec 18:16:59:INFO:root:------ Middle 2: 0.00018247202473703939
06-Dec 18:16:59:INFO:root:Starting from 1.5834944819333593e-17
06-Dec 18:16:59:INFO:root:-- Outer 2: 0.0071501751516437895
06-Dec 18:16:59:INFO:root:------ Middle 2: 0.00019819232409285065
06-Dec 18:16:59:INFO:root:Starting from 1.881785523816965e-17
06-Dec 18:16:59:INFO:root:-- Outer 2: 0.006040341902255902
06-Dec 18:16:59:INFO:root:------ Middle 2: 0.00020504888444932464
06-Dec 18:16:59:INFO:root:Starting from 1.7213636614609152e-17
06-Dec 18:16:59:INFO:root:-- Outer 2: 0.006128698854836503
06-Dec 18:16:59:INFO:root:------ Middle 1: 0.0005230194486253057
06-Dec 18:16:59:INFO:root:------ Middle 1: 0.0003735700599771467
06-Dec 18:17:00:INFO:root:------ Middle 2: 0.0002831364244989676
06-Dec 18:17:00:INFO:root:Starting from 1.7744926010516956e-17
06-Dec 18:17:00:INFO:root:-- Outer 2: 0.006272113445441033
06-Dec 18:17:00:INFO:root:------ Middle 2: 0.00020126521450222743
06-Dec 18:17:00:INFO:root:Starting from 1.978929235481646e-17
06-Dec 18:17:00:INFO:root:-- Outer 2: 0.006070364622610539
06-Dec 18:17:01:INFO:root:------ Middle 1: 0.0003838267233185526
06-Dec 18:17:01:INFO:root:------ Middle 2: 0.0002060417834851138
06-Dec 18:17:02:INFO:root:Starting from 1.4626759534536793e-17
06-Dec 18:17:02:INFO:root:-- Outer 2: 0.006134168354184437
06-Dec 18:17:04:INFO:root:------ Middle 1: 0.0002639112012993885
06-Dec 18:17:04:INFO:root:Starting from 1.4346245993626954e-17
06-Dec 18:17:04:INFO:root:-- Outer 3: 0.003021339950229264
06-Dec 18:17:05:INFO:root:------ Middle 1: 0.00040937261369437106
06-Dec 18:17:05:INFO:root:------ Middle 1: 0.0003121701310472997
06-Dec 18:17:06:INFO:root:------ Middle 2: 0.00022399156448190777
06-Dec 18:17:06:INFO:root:Starting from 1.479549978272994e-17
06-Dec 18:17:06:INFO:root:-- Outer 3: 0.00289238953844501
06-Dec 18:17:06:INFO:root:------ Middle 1: 0.00023740071182645547
06-Dec 18:17:06:INFO:root:Starting from 1.6123103255467982e-17
06-Dec 18:17:06:INFO:root:-- Outer 3: 0.002872694717848947
06-Dec 18:17:06:INFO:root:------ Middle 1: 0.00027388859941447657
06-Dec 18:17:06:INFO:root:Starting from 1.4134852639612054e-17
06-Dec 18:17:06:INFO:root:-- Outer 3: 0.0031790701718151667
06-Dec 18:17:07:INFO:root:------ Middle 1: 0.00027666155019259844
06-Dec 18:17:07:INFO:root:------ Middle 1: 0.0002210892622435253
06-Dec 18:17:07:INFO:root:Starting from 1.7294518222234e-17
06-Dec 18:17:07:INFO:root:Starting from 1.8722809684195845e-17
06-Dec 18:17:07:INFO:root:-- Outer 3: 0.003282057850431396
06-Dec 18:17:07:INFO:root:-- Outer 4: 0.0029554536481028733
06-Dec 18:17:07:INFO:root:------ Middle 1: 0.00028228284947012376
06-Dec 18:17:07:INFO:root:Starting from 1.7859658910785573e-17
06-Dec 18:17:07:INFO:root:-- Outer 3: 0.0027779574122008613
06-Dec 18:17:07:INFO:root:------ Middle 1: 0.0003192161215820317
06-Dec 18:17:07:INFO:root:------ Middle 1: 0.0002612688022824323
06-Dec 18:17:07:INFO:root:Starting from 2.1984299241255623e-17
06-Dec 18:17:07:INFO:root:-- Outer 3: 0.0028110471603698785
06-Dec 18:17:08:INFO:root:------ Middle 1: 0.0002598025950520459
06-Dec 18:17:08:INFO:root:Starting from 1.2375763661646867e-17
06-Dec 18:17:08:INFO:root:-- Outer 4: 0.0033748565665313087
06-Dec 18:17:08:INFO:root:------ Middle 1: 0.0003209013795820061
06-Dec 18:17:08:INFO:root:------ Middle 1: 0.0003033088613261376
06-Dec 18:17:08:INFO:root:------ Middle 1: 0.0002786327297000382
06-Dec 18:17:08:INFO:root:Starting from 1.5896174640359828e-17
06-Dec 18:17:08:INFO:root:-- Outer 3: 0.0027919830956533538
06-Dec 18:17:09:INFO:root:------ Middle 2: 0.00015258361719783318
06-Dec 18:17:09:INFO:root:Starting from 1.5835333211432483e-17
06-Dec 18:17:09:INFO:root:-- Outer 4: 0.0015068113506694208
06-Dec 18:17:09:INFO:root:------ Middle 2: 0.00025167494162314243
06-Dec 18:17:09:INFO:root:Starting from 1.490988648163039e-17
06-Dec 18:17:09:INFO:root:-- Outer 3: 0.0030625473828672376
06-Dec 18:17:09:INFO:root:------ Middle 1: 0.0003221662618799569
06-Dec 18:17:10:INFO:root:------ Middle 1: 0.00019935776620379542
06-Dec 18:17:10:INFO:root:Starting from 1.4813745885468856e-17
06-Dec 18:17:10:INFO:root:-- Outer 5: 0.0016277768474727541
06-Dec 18:17:10:INFO:root:------ Middle 1: 0.00031276406514039036
06-Dec 18:17:10:INFO:root:------ Middle 1: 0.0003171039876001388
06-Dec 18:17:11:INFO:root:------ Middle 2: 0.0001704602137068026
06-Dec 18:17:11:INFO:root:Starting from 1.8418330132540768e-17
06-Dec 18:17:11:INFO:root:-- Outer 3: 0.0028962651107016825
06-Dec 18:17:11:INFO:root:------ Middle 2: 0.0001445373196356472
06-Dec 18:17:11:INFO:root:Starting from 1.4915330610353987e-17
06-Dec 18:17:11:INFO:root:-- Outer 4: 0.0015524884591974837
06-Dec 18:17:11:INFO:root:------ Middle 2: 0.00017622641979791445
06-Dec 18:17:11:INFO:root:------ Middle 2: 0.00015292774205922068
06-Dec 18:17:11:INFO:root:Starting from 1.867537864533677e-17
06-Dec 18:17:11:INFO:root:-- Outer 4: 0.0014480166426087298
06-Dec 18:17:11:INFO:root:Starting from 1.6322187382803625e-17
06-Dec 18:17:11:INFO:root:-- Outer 4: 0.001448594178056354
06-Dec 18:17:11:INFO:root:------ Middle 2: 0.00014181114571755802
06-Dec 18:17:11:INFO:root:Starting from 1.6157075412920492e-17
06-Dec 18:17:11:INFO:root:-- Outer 4: 0.001443855058822522
06-Dec 18:17:12:INFO:root:------ Middle 1: 0.0002008563215523377
06-Dec 18:17:12:INFO:root:Starting from 1.527233422843706e-17
06-Dec 18:17:12:INFO:root:-- Outer 5: 0.0004447208405926021
06-Dec 18:17:12:INFO:root:END Outer loop
06-Dec 18:17:12:INFO:root:------ Middle 1: 0.00018322248433661048
06-Dec 18:17:12:INFO:root:Starting from 1.5725673172062534e-17
06-Dec 18:17:12:INFO:root:-- Outer 5: 0.0015979570676218052
06-Dec 18:17:12:INFO:root:------ Middle 1: 0.00019151663271692418
06-Dec 18:17:12:INFO:root:Starting from 1.5620066820618174e-17
06-Dec 18:17:12:INFO:root:-- Outer 5: 0.0014449271075628605
06-Dec 18:17:12:INFO:root:------ Middle 1: 0.00016956140119692267
06-Dec 18:17:12:INFO:root:Starting from 1.3790343916013545e-17
06-Dec 18:17:12:INFO:root:-- Outer 5: 0.0013868504002494263
06-Dec 18:17:12:INFO:root:------ Middle 2: 0.0001473666902496192
06-Dec 18:17:12:INFO:root:Starting from 1.448376490677687e-17
06-Dec 18:17:12:INFO:root:-- Outer 4: 0.0014538387305113544
06-Dec 18:17:13:INFO:root:------ Middle 1: 0.00021397534730254123
06-Dec 18:17:13:INFO:root:Starting from 1.446465533395584e-17
06-Dec 18:17:13:INFO:root:-- Outer 6: 0.00042350106593204076
06-Dec 18:17:13:INFO:root:END Outer loop
06-Dec 18:17:13:INFO:root:Model trade shares: [0.958545, 0.92231, 0.9898]
06-Dec 18:17:13:INFO:root:Data trade shares: [0.967429, 0.940539, 0.992695]
06-Dec 18:17:13:INFO:root:US prices: [1.34697, 1.18927, 1.20114]
06-Dec 18:17:13:INFO:root:in the data: [1.63396, 1.43854, 1.43854]
06-Dec 18:17:13:INFO:root:------ Middle 1: 0.00018769709701614386
06-Dec 18:17:13:INFO:root:Starting from 1.7332208699678547e-17
06-Dec 18:17:13:INFO:root:-- Outer 5: 0.0014515124646943625
06-Dec 18:17:14:INFO:root:------ Middle 1: 0.00036042357390357
06-Dec 18:17:14:INFO:root:Nominal world expenditure: 1.0899300554815171e7
06-Dec 18:17:14:INFO:root:------ Middle 2: 0.00019556906483504178
06-Dec 18:17:14:INFO:root:Starting from 1.3175134912058963e-17
06-Dec 18:17:14:INFO:root:-- Outer 4: 0.0016603511271013956
06-Dec 18:17:15:INFO:root:------ Middle 1: 0.00023039244947144623
06-Dec 18:17:15:INFO:root:Starting from 1.403943052630908e-17
06-Dec 18:17:15:INFO:root:-- Outer 5: 0.0008749220528216687
06-Dec 18:17:15:INFO:root:END Outer loop
06-Dec 18:17:14:INFO:root:Model trade shares: [0.962509, 0.92395, 0.992346]
06-Dec 18:17:15:INFO:root:Data trade shares: [0.975035, 0.947136, 0.993826]
06-Dec 18:17:15:INFO:root:US prices: [1.27137, 1.18205, 1.18237]
06-Dec 18:17:15:INFO:root:in the data: [1.5623, 1.46271, 1.46271]
06-Dec 18:17:14:INFO:root:--------------In the data: [1.37348e7]
06-Dec 18:17:15:INFO:root:Nominal world expenditure: 9.94330701023702e6
06-Dec 18:17:15:INFO:root:------ Middle 1: 0.00024587752525050886
06-Dec 18:17:15:INFO:root:Starting from 1.6036855305113976e-17
06-Dec 18:17:15:INFO:root:-- Outer 4: 0.0014740962115752136
06-Dec 18:17:15:INFO:root:--- Period 12 ---
06-Dec 18:17:15:INFO:root:------ Middle 1: 0.00017350760421457035
06-Dec 18:17:15:INFO:root:BEGIN Outer loop
06-Dec 18:17:15:INFO:root:Starting from 1.4366243616764984e-17
06-Dec 18:17:16:INFO:root:-- Outer 5: 0.0005517208680748359
06-Dec 18:17:16:INFO:root:END Outer loop
06-Dec 18:17:15:INFO:root:Model trade shares: [0.958785, 0.916835, 0.989553]
06-Dec 18:17:16:INFO:root:Data trade shares: [0.959721, 0.934044, 0.992669]
06-Dec 18:17:16:INFO:root:US prices: [1.41432, 1.20498, 1.21239]
06-Dec 18:17:16:INFO:root:in the data: [1.70549, 1.50868, 1.50868]
06-Dec 18:17:16:INFO:root:------ Middle 1: 0.00018938403172067902
06-Dec 18:17:16:INFO:root:------ Middle 1: 0.00017521935220554894
06-Dec 18:17:16:INFO:root:Starting from 1.6068062352069363e-17
06-Dec 18:17:16:INFO:root:-- Outer 6: 0.000350542008526769
06-Dec 18:17:16:INFO:root:END Outer loop
06-Dec 18:17:16:INFO:root:-- Outer 6: 0.00036719450740788106
06-Dec 18:17:16:INFO:root:END Outer loop
06-Dec 18:17:16:INFO:root:Nominal world expenditure: 1.1890507811402973e7
06-Dec 18:17:16:INFO:root:------ Middle 1: 0.00014878302159246557
06-Dec 18:17:16:INFO:root:Starting from 1.481772800379135e-17
06-Dec 18:17:16:INFO:root:-- Outer 6: 0.0002784891687261076
06-Dec 18:17:16:INFO:root:END Outer loop
06-Dec 18:17:16:INFO:root:------ Middle 1: 0.000260488840192369
06-Dec 18:17:16:INFO:root:Starting from 1.383827301105473e-17
06-Dec 18:17:16:INFO:root:-- Outer 5: 0.0016078630207454268
06-Dec 18:17:15:INFO:root:--------------In the data: [1.27847e7]
06-Dec 18:17:17:INFO:root:--- Period 13 ---
06-Dec 18:17:17:INFO:root:BEGIN Outer loop
06-Dec 18:17:17:INFO:root:Model trade shares: [0.965027, 0.929853, 0.993502]
06-Dec 18:17:17:INFO:root:Data trade shares: [0.970394, 0.938128, 0.99445]
06-Dec 18:17:17:INFO:root:US prices: [1.10294, 1.08309, 1.08826]
06-Dec 18:17:17:INFO:root:in the data: [1.21921, 1.17859, 1.17859]
06-Dec 18:17:16:INFO:root:--------------In the data: [1.54393e7]
06-Dec 18:17:17:INFO:root:Nominal world expenditure: 8.747538038792327e6
06-Dec 18:17:17:INFO:root:------ Middle 1: 0.0001820976029030514
06-Dec 18:17:17:INFO:root:Starting from 1.5180389755868968e-17
06-Dec 18:17:17:INFO:root:-- Outer 6: 0.00034260994590879754
06-Dec 18:17:17:INFO:root:END Outer loop
06-Dec 18:17:17:INFO:root:Model trade shares: [0.964393, 0.919771, 0.993208]
06-Dec 18:17:18:INFO:root:Data trade shares: [0.973362, 0.938447, 0.994052]
06-Dec 18:17:18:INFO:root:US prices: [1.18845, 1.13307, 1.1423]
06-Dec 18:17:18:INFO:root:in the data: [1.46789, 1.34924, 1.34924]
06-Dec 18:17:17:INFO:root:Model trade shares: [0.96623, 0.905023, 0.974547]
06-Dec 18:17:18:INFO:root:Data trade shares: [0.976496, 0.933524, 0.973934]
06-Dec 18:17:18:INFO:root:US prices: [1.8164, 1.27953, 1.2963]
06-Dec 18:17:18:INFO:root:in the data: [2.96155, 2.01858, 2.01858]
06-Dec 18:17:17:INFO:root:Model trade shares: [0.96385, 0.909202, 0.988621]
06-Dec 18:17:18:INFO:root:Data trade shares: [0.966266, 0.92464, 0.992831]
06-Dec 18:17:18:INFO:root:US prices: [1.62151, 1.25778, 1.27775]
06-Dec 18:17:18:INFO:root:in the data: [2.27198, 1.79075, 1.79075]
06-Dec 18:17:18:INFO:root:--- Period 14 ---
06-Dec 18:17:18:INFO:root:BEGIN Outer loop
06-Dec 18:17:18:INFO:root:Nominal world expenditure: 9.586627903510014e6
06-Dec 18:17:18:INFO:root:Nominal world expenditure: 1.4365228246214714e7
06-Dec 18:17:18:INFO:root:Nominal world expenditure: 1.3482951797073644e7
06-Dec 18:17:18:INFO:root:------ Middle 1: 0.00025863777195272314
06-Dec 18:17:18:INFO:root:Starting from 1.706437566130983e-17
06-Dec 18:17:18:INFO:root:-- Outer 5: 0.0010710262846046381
06-Dec 18:17:18:INFO:root:--------------In the data: [1.02443e7]
06-Dec 18:17:18:INFO:root:Model trade shares: [0.966032, 0.904542, 0.983953]
06-Dec 18:17:19:INFO:root:Data trade shares: [0.971471, 0.927429, 0.989384]
06-Dec 18:17:19:INFO:root:US prices: [1.73458, 1.28525, 1.2996]
06-Dec 18:17:19:INFO:root:in the data: [2.72526, 1.92631, 1.92631]
06-Dec 18:17:19:INFO:root:------ Middle 1: 0.00025878170316702876
06-Dec 18:17:19:INFO:root:--- Period 15 ---
06-Dec 18:17:19:INFO:root:Starting from 1.4670665082705894e-17
06-Dec 18:17:19:INFO:root:-- Outer 6: 0.0011476603221279942
06-Dec 18:17:19:INFO:root:BEGIN Outer loop
06-Dec 18:17:19:INFO:root:Nominal world expenditure: 1.3981067778983038e7
06-Dec 18:17:18:INFO:root:--------------In the data: [1.15794e7]
06-Dec 18:17:18:INFO:root:--------------In the data: [2.33649e7]
06-Dec 18:17:18:INFO:root:--------------In the data: [2.07618e7]
06-Dec 18:17:20:INFO:root:--- Period 16 ---
06-Dec 18:17:20:INFO:root:BEGIN Outer loop
06-Dec 18:17:20:INFO:root:--- Period 17 ---
06-Dec 18:17:20:INFO:root:BEGIN Outer loop
06-Dec 18:17:20:INFO:root:------ Middle 1: 0.000252993856677257
06-Dec 18:17:20:INFO:root:Starting from 1.5246957724938184e-17
06-Dec 18:17:20:INFO:root:-- Outer 6: 0.0005075107474184408
06-Dec 18:17:20:INFO:root:END Outer loop
06-Dec 18:17:20:INFO:root:--- Period 18 ---
06-Dec 18:17:20:INFO:root:BEGIN Outer loop
06-Dec 18:17:19:INFO:root:--------------In the data: [2.2953e7]
06-Dec 18:17:21:INFO:root:Model trade shares: [0.970814, 0.919364, 0.974367]
06-Dec 18:17:21:INFO:root:Data trade shares: [0.97676, 0.939693, 0.972749]
06-Dec 18:17:21:INFO:root:US prices: [1.86602, 1.29187, 1.29692]
06-Dec 18:17:21:INFO:root:in the data: [3.07991, 2.04761, 2.04761]
06-Dec 18:17:21:INFO:root:Nominal world expenditure: 1.4646893223346045e7
06-Dec 18:17:21:INFO:root:--------------In the data: [2.31824e7]
06-Dec 18:17:21:INFO:root:--- Period 19 ---
06-Dec 18:17:21:INFO:root:BEGIN Outer loop
06-Dec 18:17:21:INFO:root:--- Period 20 ---
06-Dec 18:17:21:INFO:root:BEGIN Outer loop
06-Dec 18:17:22:INFO:root:------ Middle 1: 0.00024628467521783514
06-Dec 18:17:22:INFO:root:Starting from 1.6605327801586994e-17
06-Dec 18:17:22:INFO:root:-- Outer 7: 0.0004302847250785639
06-Dec 18:17:22:INFO:root:END Outer loop
06-Dec 18:17:23:INFO:root:Model trade shares: [0.960288, 0.912717, 0.989569]
06-Dec 18:17:24:INFO:root:Data trade shares: [0.961487, 0.929057, 0.992737]
06-Dec 18:17:24:INFO:root:US prices: [1.51857, 1.23027, 1.24622]
06-Dec 18:17:24:INFO:root:in the data: [1.96012, 1.64035, 1.64035]
06-Dec 18:17:24:INFO:root:Nominal world expenditure: 1.291585257389201e7
06-Dec 18:17:24:INFO:root:--------------In the data: [1.80704e7]
06-Dec 18:17:26:INFO:root:--- Period 21 ---
06-Dec 18:17:26:INFO:root:BEGIN Outer loop
06-Dec 18:17:41:INFO:root:------ Middle 1: 0.0020748298236829125
06-Dec 18:17:42:INFO:root:------ Middle 2: 0.0011441699097303958
06-Dec 18:17:44:INFO:root:------ Middle 1: 0.0020117310710980724
06-Dec 18:17:45:INFO:root:------ Middle 1: 0.0019616907529891913
06-Dec 18:17:45:INFO:root:------ Middle 2: 0.001109604388522621
06-Dec 18:17:46:INFO:root:------ Middle 2: 0.0010818003459877054
06-Dec 18:17:49:INFO:root:------ Middle 1: 0.001995445426844934
06-Dec 18:17:49:INFO:root:------ Middle 3: 0.0008612757972565896
06-Dec 18:17:49:INFO:root:------ Middle 2: 0.0011005167033803585
06-Dec 18:17:50:INFO:root:------ Middle 4: 0.00047732344278173417
06-Dec 18:17:50:INFO:root:------ Middle 1: 0.0020757084361687785
06-Dec 18:17:51:INFO:root:------ Middle 1: 0.0021605363654239444
06-Dec 18:17:51:INFO:root:------ Middle 1: 0.0022894169133547
06-Dec 18:17:51:INFO:root:------ Middle 2: 0.0011449453714666978
06-Dec 18:17:51:INFO:root:------ Middle 1: 0.002219077415186573
06-Dec 18:17:52:INFO:root:------ Middle 2: 0.0011917838803876012
06-Dec 18:17:52:INFO:root:------ Middle 2: 0.0012622219656024626
06-Dec 18:17:52:INFO:root:------ Middle 2: 0.0012237090378673509
06-Dec 18:17:52:INFO:root:------ Middle 5: 0.0003664014088062482
06-Dec 18:17:53:INFO:root:------ Middle 3: 0.0008271877820144691
06-Dec 18:17:53:INFO:root:------ Middle 6: 0.00021521870228356858
06-Dec 18:17:53:INFO:root:Starting from 1.2284799971284968e-17
06-Dec 18:17:53:INFO:root:-- Outer 1: 0.0120391494184043
06-Dec 18:17:53:INFO:root:------ Middle 1: 0.00225847552538476
06-Dec 18:17:53:INFO:root:------ Middle 3: 0.0008081175436888597
06-Dec 18:17:54:INFO:root:------ Middle 4: 0.00045859640449953963
06-Dec 18:17:54:INFO:root:------ Middle 2: 0.0012453061821713987
06-Dec 18:17:54:INFO:root:------ Middle 1: 0.0024410330523789684
06-Dec 18:17:54:INFO:root:------ Middle 4: 0.00044817739049988705
06-Dec 18:17:55:INFO:root:------ Middle 2: 0.0013464643933700584
06-Dec 18:17:57:INFO:root:------ Middle 3: 0.0008308326819464898
06-Dec 18:17:57:INFO:root:------ Middle 5: 0.0003506280194421967
06-Dec 18:17:57:INFO:root:------ Middle 5: 0.00034338723241506653
06-Dec 18:17:58:INFO:root:------ Middle 4: 0.0004602257499281926
06-Dec 18:17:58:INFO:root:------ Middle 6: 0.00020477089010880175
06-Dec 18:17:58:INFO:root:Starting from 1.1509104186273454e-17
06-Dec 18:17:58:INFO:root:-- Outer 1: 0.012830290743321206
06-Dec 18:17:58:INFO:root:------ Middle 3: 0.0009448379917174932
06-Dec 18:17:58:INFO:root:------ Middle 6: 0.0002003958832837163
06-Dec 18:17:58:INFO:root:Starting from 1.1486597475090975e-17
06-Dec 18:17:58:INFO:root:-- Outer 1: 0.012097241196893706
06-Dec 18:17:58:INFO:root:------ Middle 3: 0.0008641335335789885
06-Dec 18:17:59:INFO:root:------ Middle 3: 0.0009001720066544452
06-Dec 18:17:59:INFO:root:------ Middle 4: 0.0005233102221937837
06-Dec 18:17:59:INFO:root:------ Middle 1: 0.0008487858239632697
06-Dec 18:17:59:INFO:root:------ Middle 4: 0.0004786656713262865
06-Dec 18:17:59:INFO:root:------ Middle 3: 0.0009191221129526854
06-Dec 18:18:00:INFO:root:------ Middle 4: 0.0004984367595395194
06-Dec 18:18:00:INFO:root:------ Middle 4: 0.0005091581369657853
06-Dec 18:18:01:INFO:root:------ Middle 5: 0.0003564915664549411
06-Dec 18:18:01:INFO:root:------ Middle 3: 0.0009370209672628254
06-Dec 18:18:02:INFO:root:------ Middle 6: 0.00020965149699280847
06-Dec 18:18:02:INFO:root:Starting from 1.2104029420673098e-17
06-Dec 18:18:02:INFO:root:-- Outer 1: 0.0134857754100273
06-Dec 18:18:02:INFO:root:------ Middle 5: 0.0004011830004548791
06-Dec 18:18:02:INFO:root:------ Middle 1: 0.00035311537953339845
06-Dec 18:18:02:INFO:root:------ Middle 4: 0.0005187501480925221
06-Dec 18:18:02:INFO:root:------ Middle 5: 0.0003700509123936357
06-Dec 18:18:03:INFO:root:------ Middle 1: 0.0008415933153384827
06-Dec 18:18:03:INFO:root:------ Middle 2: 0.00018818582704039217
06-Dec 18:18:03:INFO:root:Starting from 1.466174052395968e-17
06-Dec 18:18:03:INFO:root:-- Outer 2: 0.006166963936752203
06-Dec 18:18:03:INFO:root:------ Middle 6: 0.00023857777835989373
06-Dec 18:18:03:INFO:root:Starting from 1.2506317755086581e-17
06-Dec 18:18:03:INFO:root:-- Outer 1: 0.012802943079913372
06-Dec 18:18:03:INFO:root:------ Middle 3: 0.0010295077636349008
06-Dec 18:18:03:INFO:root:------ Middle 5: 0.0003827422238756784
06-Dec 18:18:03:INFO:root:------ Middle 6: 0.00021842232888210437
06-Dec 18:18:03:INFO:root:Starting from 1.2178873091557654e-17
06-Dec 18:18:03:INFO:root:-- Outer 1: 0.013841942066844424
06-Dec 18:18:03:INFO:root:------ Middle 5: 0.0003891965833929362
06-Dec 18:18:04:INFO:root:------ Middle 1: 0.0010619693842154098
06-Dec 18:18:04:INFO:root:------ Middle 4: 0.0005707372221362728
06-Dec 18:18:04:INFO:root:------ Middle 6: 0.00022674809830852566
06-Dec 18:18:04:INFO:root:Starting from 1.1952865835437745e-17
06-Dec 18:18:04:INFO:root:-- Outer 1: 0.01403251581003142
06-Dec 18:18:04:INFO:root:------ Middle 1: 0.000878066945365075
06-Dec 18:18:04:INFO:root:------ Middle 6: 0.00023101879483289174
06-Dec 18:18:04:INFO:root:Starting from 1.2359780028407941e-17
06-Dec 18:18:04:INFO:root:-- Outer 1: 0.01392448614175492
06-Dec 18:18:05:INFO:root:------ Middle 1: 0.0008986325662456948
06-Dec 18:18:05:INFO:root:------ Middle 1: 0.0008942901772034411
06-Dec 18:18:05:INFO:root:------ Middle 5: 0.0003975080391223079
06-Dec 18:18:06:INFO:root:------ Middle 6: 0.0002362711398506238
06-Dec 18:18:06:INFO:root:Starting from 1.2219302549119303e-17
06-Dec 18:18:06:INFO:root:-- Outer 1: 0.013496402089538588
06-Dec 18:18:07:INFO:root:------ Middle 5: 0.0004406178154276955
06-Dec 18:18:07:INFO:root:------ Middle 1: 0.0009336391179258559
06-Dec 18:18:08:INFO:root:------ Middle 1: 0.0004684111986208561
06-Dec 18:18:08:INFO:root:------ Middle 6: 0.00025960061666664084
06-Dec 18:18:08:INFO:root:Starting from 1.1209086620218319e-17
06-Dec 18:18:08:INFO:root:-- Outer 1: 0.01571881596768603
06-Dec 18:18:08:INFO:root:------ Middle 2: 0.00022899261486022807
06-Dec 18:18:08:INFO:root:Starting from 1.3632394084680913e-17
06-Dec 18:18:08:INFO:root:-- Outer 2: 0.007086124435140077
06-Dec 18:18:08:INFO:root:------ Middle 2: 0.0002532324553961312
06-Dec 18:18:08:INFO:root:Starting from 1.7163217247762454e-17
06-Dec 18:18:08:INFO:root:-- Outer 2: 0.006264903821146609
06-Dec 18:18:09:INFO:root:------ Middle 1: 0.0010666660396153036
06-Dec 18:18:09:INFO:root:------ Middle 1: 0.00042817650016408306
06-Dec 18:18:11:INFO:root:------ Middle 1: 0.00025190145101948674
06-Dec 18:18:11:INFO:root:Starting from 1.84318502710914e-17
06-Dec 18:18:11:INFO:root:-- Outer 3: 0.0028545747518977727
06-Dec 18:18:11:INFO:root:------ Middle 2: 0.00019664826543547328
06-Dec 18:18:11:INFO:root:Starting from 1.5232920696782495e-17
06-Dec 18:18:11:INFO:root:-- Outer 2: 0.007354574920028607
06-Dec 18:18:11:INFO:root:------ Middle 2: 0.00021543053564470295
06-Dec 18:18:12:INFO:root:Starting from 1.6125820689640277e-17
06-Dec 18:18:12:INFO:root:-- Outer 2: 0.007496152574519225
06-Dec 18:18:12:INFO:root:------ Middle 2: 0.000258014818946552
06-Dec 18:18:12:INFO:root:Starting from 1.3325578572248262e-17
06-Dec 18:18:12:INFO:root:-- Outer 2: 0.00726540521894136
06-Dec 18:18:12:INFO:root:------ Middle 1: 0.00028615749374848583
06-Dec 18:18:12:INFO:root:Starting from 1.9832364918117646e-17
06-Dec 18:18:12:INFO:root:-- Outer 4: 0.0029685817532903876
06-Dec 18:18:12:INFO:root:------ Middle 1: 0.0003654070229971147
06-Dec 18:18:12:INFO:root:------ Middle 1: 0.0003799769885908983
06-Dec 18:18:12:INFO:root:------ Middle 1: 0.0005203895483422774
06-Dec 18:18:13:INFO:root:------ Middle 2: 0.00021408922454667364
06-Dec 18:18:13:INFO:root:Starting from 1.6556328773163024e-17
06-Dec 18:18:13:INFO:root:-- Outer 2: 0.0076067616201691305
06-Dec 18:18:13:INFO:root:------ Middle 2: 0.00024570092205236134
06-Dec 18:18:13:INFO:root:Starting from 1.7321255556579313e-17
06-Dec 18:18:13:INFO:root:-- Outer 2: 0.007643615348385767
06-Dec 18:18:14:INFO:root:------ Middle 1: 0.0003720714232371703
06-Dec 18:18:14:INFO:root:------ Middle 1: 0.0003990781141305045
06-Dec 18:18:15:INFO:root:------ Middle 2: 0.0002530532653753699
06-Dec 18:18:15:INFO:root:Starting from 1.2709769870209317e-17
06-Dec 18:18:15:INFO:root:-- Outer 2: 0.007462165188499419
06-Dec 18:18:16:INFO:root:------ Middle 1: 0.0004417922500970272
06-Dec 18:18:16:INFO:root:------ Middle 2: 0.0002436257139347111
06-Dec 18:18:17:INFO:root:Starting from 1.614153729898189e-17
06-Dec 18:18:17:INFO:root:-- Outer 3: 0.0031775409235289304
06-Dec 18:18:17:INFO:root:------ Middle 1: 0.00023385390359626626
06-Dec 18:18:17:INFO:root:Starting from 1.6897007401530355e-17
06-Dec 18:18:17:INFO:root:-- Outer 5: 0.00047119687971719504
06-Dec 18:18:17:INFO:root:END Outer loop
06-Dec 18:18:17:INFO:root:------ Middle 1: 0.0004196871665443485
06-Dec 18:18:17:INFO:root:Model trade shares: [0.964584, 0.915105, 0.979346]
06-Dec 18:18:17:INFO:root:Data trade shares: [0.972765, 0.936372, 0.980463]
06-Dec 18:18:17:INFO:root:US prices: [1.84911, 1.2994, 1.30536]
06-Dec 18:18:17:INFO:root:in the data: [3.02084, 2.07936, 2.07936]
06-Dec 18:18:17:INFO:root:Nominal world expenditure: 1.5011043816811483e7
06-Dec 18:18:17:INFO:root:--------------In the data: [2.36221e7]
06-Dec 18:18:17:INFO:root:------ Middle 2: 0.0002584677480663611
06-Dec 18:18:17:INFO:root:Starting from 1.4326668234034076e-17
06-Dec 18:18:17:INFO:root:-- Outer 2: 0.008448258281250103
06-Dec 18:18:17:INFO:root:--- Period 22 ---
06-Dec 18:18:17:INFO:root:BEGIN Outer loop
06-Dec 18:18:17:INFO:root:------ Middle 1: 0.00028318804438890496
06-Dec 18:18:17:INFO:root:Starting from 1.5580478843272466e-17
06-Dec 18:18:17:INFO:root:-- Outer 4: 0.003433403419570617
06-Dec 18:18:18:INFO:root:------ Middle 2: 0.0002292023087582389
06-Dec 18:18:18:INFO:root:Starting from 1.5465885243528436e-17
06-Dec 18:18:18:INFO:root:-- Outer 3: 0.0029368649204103143
06-Dec 18:18:18:INFO:root:------ Middle 1: 0.00045224633880334357
06-Dec 18:18:19:INFO:root:------ Middle 2: 0.0002794206209816631
06-Dec 18:18:20:INFO:root:Starting from 1.5095070477898313e-17
06-Dec 18:18:20:INFO:root:-- Outer 3: 0.00334463165150168
06-Dec 18:18:20:INFO:root:------ Middle 2: 0.00024596080678678347
06-Dec 18:18:20:INFO:root:Starting from 1.4946724035005898e-17
06-Dec 18:18:20:INFO:root:-- Outer 3: 0.0032512986984966226
06-Dec 18:18:20:INFO:root:------ Middle 2: 0.00021506921815952216
06-Dec 18:18:20:INFO:root:Starting from 2.0869967421188278e-17
06-Dec 18:18:20:INFO:root:-- Outer 3: 0.003217934003181425
06-Dec 18:18:20:INFO:root:------ Middle 1: 0.0003308596512119775
06-Dec 18:18:20:INFO:root:------ Middle 1: 0.00024788023403279533
06-Dec 18:18:20:INFO:root:Starting from 1.4378986780517106e-17
06-Dec 18:18:20:INFO:root:-- Outer 4: 0.003411417231804166
06-Dec 18:18:21:INFO:root:------ Middle 1: 0.00021584768088215344
06-Dec 18:18:21:INFO:root:Starting from 1.5412846168788606e-17
06-Dec 18:18:21:INFO:root:-- Outer 4: 0.0033192832338962497
06-Dec 18:18:22:INFO:root:------ Middle 2: 0.000246599036842972
06-Dec 18:18:22:INFO:root:Starting from 1.3772634571049792e-17
06-Dec 18:18:22:INFO:root:-- Outer 3: 0.0032850871838716617
06-Dec 18:18:22:INFO:root:------ Middle 1: 0.00032899556968129617
06-Dec 18:18:22:INFO:root:------ Middle 2: 0.00026928262941541717
06-Dec 18:18:22:INFO:root:Starting from 1.9803268480374263e-17
06-Dec 18:18:22:INFO:root:-- Outer 3: 0.0033622151525132815
06-Dec 18:18:22:INFO:root:------ Middle 2: 0.00018244656919831514
06-Dec 18:18:22:INFO:root:------ Middle 1: 0.00023722751499135852
06-Dec 18:18:22:INFO:root:Starting from 1.4196223739043502e-17
06-Dec 18:18:22:INFO:root:Starting from 1.4000297347210093e-17
06-Dec 18:18:22:INFO:root:-- Outer 4: 0.0015085005186757357
06-Dec 18:18:23:INFO:root:-- Outer 4: 0.0034342089354184543
06-Dec 18:18:23:INFO:root:------ Middle 1: 0.00026858818612243896
06-Dec 18:18:23:INFO:root:Starting from 1.631829550612383e-17
06-Dec 18:18:23:INFO:root:-- Outer 4: 0.003583029881141711
06-Dec 18:18:23:INFO:root:------ Middle 2: 0.00018929707830535932
06-Dec 18:18:23:INFO:root:Starting from 1.765953713374983e-17
06-Dec 18:18:23:INFO:root:-- Outer 4: 0.001710353129237074
06-Dec 18:18:24:INFO:root:------ Middle 2: 0.00029050719633807483
06-Dec 18:18:24:INFO:root:Starting from 1.2226325029630456e-17
06-Dec 18:18:24:INFO:root:-- Outer 3: 0.003310211604968098
06-Dec 18:18:24:INFO:root:------ Middle 1: 0.00024333431622577037
06-Dec 18:18:24:INFO:root:Starting from 1.8745862947991204e-17
06-Dec 18:18:24:INFO:root:-- Outer 5: 0.0018012273385997384
06-Dec 18:18:25:INFO:root:------ Middle 1: 0.0003081029310610839
06-Dec 18:18:26:INFO:root:------ Middle 1: 0.0002465542461731467
06-Dec 18:18:26:INFO:root:Starting from 1.5565736926712646e-17
06-Dec 18:18:26:INFO:root:-- Outer 5: 0.0009564554262328188
06-Dec 18:18:26:INFO:root:END Outer loop
06-Dec 18:18:26:INFO:root:------ Middle 1: 0.00032876211561273273
06-Dec 18:18:26:INFO:root:Model trade shares: [0.965689, 0.915283, 0.989844]
06-Dec 18:18:26:INFO:root:Data trade shares: [0.971404, 0.929028, 0.993445]
06-Dec 18:18:26:INFO:root:US prices: [1.74791, 1.28955, 1.30013]
06-Dec 18:18:26:INFO:root:in the data: [2.9591, 2.1512, 2.1512]
06-Dec 18:18:26:INFO:root:Nominal world expenditure: 1.6087798179053558e7
06-Dec 18:18:26:INFO:root:--------------In the data: [2.42511e7]
06-Dec 18:18:26:INFO:root:--- Period 23 ---
06-Dec 18:18:26:INFO:root:------ Middle 2: 0.00028371310348512704
06-Dec 18:18:26:INFO:root:BEGIN Outer loop
06-Dec 18:18:26:INFO:root:Starting from 2.0195159568147345e-17
06-Dec 18:18:26:INFO:root:-- Outer 3: 0.0035802978526129937
06-Dec 18:18:27:INFO:root:------ Middle 2: 0.00018314528065673194
06-Dec 18:18:27:INFO:root:Starting from 1.6553143670366035e-17
06-Dec 18:18:27:INFO:root:-- Outer 5: 0.001000874169242341
06-Dec 18:18:27:INFO:root:------ Middle 1: 0.00028005774141231
06-Dec 18:18:27:INFO:root:Starting from 1.7324333451004963e-17
06-Dec 18:18:27:INFO:root:-- Outer 4: 0.0037344182662503683
06-Dec 18:18:28:INFO:root:------ Middle 1: 0.00017755047226806936
06-Dec 18:18:28:INFO:root:Starting from 1.656086876628402e-17
06-Dec 18:18:28:INFO:root:-- Outer 6: 0.0010654550972398645
06-Dec 18:18:28:INFO:root:------ Middle 2: 0.00019103115992873937
06-Dec 18:18:28:INFO:root:Starting from 1.0966773518292283e-17
06-Dec 18:18:28:INFO:root:-- Outer 4: 0.0016053987814595057
06-Dec 18:18:29:INFO:root:------ Middle 1: 0.0002727253768799241
06-Dec 18:18:29:INFO:root:Starting from 1.9516318489100222e-17
06-Dec 18:18:29:INFO:root:-- Outer 6: 0.0005740696912829408
06-Dec 18:18:29:INFO:root:END Outer loop
06-Dec 18:18:29:INFO:root:------ Middle 1: 0.00030993145756409615
06-Dec 18:18:29:INFO:root:Model trade shares: [0.959228, 0.921804, 0.992293]
06-Dec 18:18:29:INFO:root:Data trade shares: [0.960926, 0.936095, 0.990604]
06-Dec 18:18:29:INFO:root:US prices: [1.56895, 1.53252, 1.51669]
06-Dec 18:18:29:INFO:root:in the data: [2.54462, 2.53886, 2.53886]
06-Dec 18:18:29:INFO:root:Nominal world expenditure: 2.6704849588693433e7
06-Dec 18:18:29:INFO:root:--------------In the data: [4.29516e7]
06-Dec 18:18:29:INFO:root:------ Middle 1: 0.00023333009584870464
06-Dec 18:18:29:INFO:root:Starting from 1.905218099694101e-17
06-Dec 18:18:29:INFO:root:-- Outer 5: 0.0016379224426503172
06-Dec 18:18:29:INFO:root:--- Period 24 ---
06-Dec 18:18:29:INFO:root:BEGIN Outer loop
06-Dec 18:18:29:INFO:root:------ Middle 2: 0.00017387132734634182
06-Dec 18:18:29:INFO:root:Starting from 1.5444587979381347e-17
06-Dec 18:18:29:INFO:root:-- Outer 5: 0.00099417073758197
06-Dec 18:18:29:INFO:root:END Outer loop
06-Dec 18:18:30:INFO:root:------ Middle 1: 0.0002558910573496082
06-Dec 18:18:30:INFO:root:Starting from 1.456493195345895e-17
06-Dec 18:18:30:INFO:root:-- Outer 5: 0.0008346601726077842
06-Dec 18:18:30:INFO:root:END Outer loop
06-Dec 18:18:30:INFO:root:Model trade shares: [0.961991, 0.919339, 0.991435]
06-Dec 18:18:30:INFO:root:Data trade shares: [0.958317, 0.928046, 0.993489]
06-Dec 18:18:30:INFO:root:US prices: [1.55172, 1.38555, 1.39404]
06-Dec 18:18:30:INFO:root:in the data: [2.43661, 2.20422, 2.20422]
06-Dec 18:18:30:INFO:root:Nominal world expenditure: 2.033732011461606e7
06-Dec 18:18:30:INFO:root:--------------In the data: [3.25615e7]
06-Dec 18:18:30:INFO:root:Model trade shares: [0.957356, 0.917574, 0.991879]
06-Dec 18:18:30:INFO:root:Data trade shares: [0.953126, 0.923314, 0.993566]
06-Dec 18:18:30:INFO:root:US prices: [1.60265, 1.35253, 1.36599]
06-Dec 18:18:30:INFO:root:in the data: [2.3065, 2.15345, 2.15345]
06-Dec 18:18:30:INFO:root:Nominal world expenditure: 1.8804477484751146e7
06-Dec 18:18:30:INFO:root:--------------In the data: [2.91447e7]
06-Dec 18:18:30:INFO:root:--- Period 25 ---
06-Dec 18:18:30:INFO:root:BEGIN Outer loop
06-Dec 18:18:30:INFO:root:--- Period 26 ---
06-Dec 18:18:30:INFO:root:BEGIN Outer loop
06-Dec 18:18:31:INFO:root:------ Middle 1: 0.00017697526176496336
06-Dec 18:18:31:INFO:root:Starting from 1.469040010323205e-17
06-Dec 18:18:31:INFO:root:-- Outer 7: 0.0004667354548635568
06-Dec 18:18:31:INFO:root:END Outer loop
06-Dec 18:18:31:INFO:root:Model trade shares: [0.965263, 0.923505, 0.991621]
06-Dec 18:18:31:INFO:root:Data trade shares: [0.967576, 0.927756, 0.993556]
06-Dec 18:18:31:INFO:root:US prices: [1.66443, 1.29781, 1.31766]
06-Dec 18:18:31:INFO:root:in the data: [2.78451, 2.12334, 2.12334]
06-Dec 18:18:31:INFO:root:Nominal world expenditure: 1.784790518836903e7
06-Dec 18:18:31:INFO:root:--------------In the data: [2.5209e7]
06-Dec 18:18:31:INFO:root:--- Period 27 ---
06-Dec 18:18:31:INFO:root:------ Middle 1: 0.00030211516723586664
06-Dec 18:18:31:INFO:root:BEGIN Outer loop
06-Dec 18:18:31:INFO:root:------ Middle 1: 0.00033756329665830744
06-Dec 18:18:32:INFO:root:------ Middle 2: 0.00016989352817857242
06-Dec 18:18:32:INFO:root:Starting from 1.2856827861782064e-17
06-Dec 18:18:32:INFO:root:-- Outer 5: 0.0010000739358831856
06-Dec 18:18:32:INFO:root:------ Middle 2: 0.00018858427795323532
06-Dec 18:18:32:INFO:root:Starting from 1.498258607972864e-17
06-Dec 18:18:32:INFO:root:-- Outer 5: 0.0010653371109788977
06-Dec 18:18:33:INFO:root:------ Middle 1: 0.00016868448835381748
06-Dec 18:18:33:INFO:root:Starting from 1.3358433049262903e-17
06-Dec 18:18:33:INFO:root:-- Outer 6: 0.0010804421065402443
06-Dec 18:18:33:INFO:root:------ Middle 1: 0.00026352619102980285
06-Dec 18:18:33:INFO:root:------ Middle 1: 0.00018531263700430315
06-Dec 18:18:33:INFO:root:Starting from 1.551309614856917e-17
06-Dec 18:18:33:INFO:root:-- Outer 6: 0.000508729265486953
06-Dec 18:18:33:INFO:root:END Outer loop
06-Dec 18:18:33:INFO:root:Starting from 1.909836493641042e-17
06-Dec 18:18:33:INFO:root:-- Outer 6: 0.0011451508907564354
06-Dec 18:18:33:INFO:root:Model trade shares: [0.960593, 0.917851, 0.991953]
06-Dec 18:18:33:INFO:root:Data trade shares: [0.963666, 0.934551, 0.994086]
06-Dec 18:18:33:INFO:root:US prices: [1.52837, 1.46942, 1.45449]
06-Dec 18:18:33:INFO:root:in the data: [2.67778, 2.5352, 2.5352]
06-Dec 18:18:33:INFO:root:Nominal world expenditure: 2.4599495417142376e7
06-Dec 18:18:33:INFO:root:--------------In the data: [4.12361e7]
06-Dec 18:18:34:INFO:root:--- Period 28 ---
06-Dec 18:18:34:INFO:root:BEGIN Outer loop
06-Dec 18:18:35:INFO:root:------ Middle 1: 0.0003355058675992124
06-Dec 18:18:36:INFO:root:------ Middle 1: 0.00017320344284084
06-Dec 18:18:36:INFO:root:Starting from 1.9784217665734795e-17
06-Dec 18:18:36:INFO:root:-- Outer 7: 0.0004764279033983488
06-Dec 18:18:36:INFO:root:END Outer loop
06-Dec 18:18:36:INFO:root:------ Middle 1: 0.00019011625020700482
06-Dec 18:18:36:INFO:root:Starting from 1.616432996073549e-17
06-Dec 18:18:36:INFO:root:Model trade shares: [0.955818, 0.917477, 0.992453]
06-Dec 18:18:36:INFO:root:Data trade shares: [0.960962, 0.931588, 0.993893]
06-Dec 18:18:36:INFO:root:US prices: [1.52121, 1.40296, 1.40923]
06-Dec 18:18:36:INFO:root:in the data: [2.50767, 2.31742, 2.31742]
06-Dec 18:18:36:INFO:root:-- Outer 7: 0.000502921857062209
06-Dec 18:18:36:INFO:root:END Outer loop
06-Dec 18:18:36:INFO:root:Nominal world expenditure: 2.239858109587569e7
06-Dec 18:18:36:INFO:root:--------------In the data: [3.61928e7]
06-Dec 18:18:36:INFO:root:------ Middle 2: 0.00018657232636088127
06-Dec 18:18:36:INFO:root:Starting from 1.6238717223723035e-17
06-Dec 18:18:36:INFO:root:-- Outer 5: 0.0010561020325536043
06-Dec 18:18:36:INFO:root:BEGIN Outer loop
06-Dec 18:18:36:INFO:root:Model trade shares: [0.96094, 0.925006, 0.992508]
06-Dec 18:18:36:INFO:root:Data trade shares: [0.961578, 0.934257, 0.993842]
06-Dec 18:18:36:INFO:root:US prices: [1.50757, 1.41461, 1.41724]
06-Dec 18:18:36:INFO:root:in the data: [2.5813, 2.43608, 2.43608]
06-Dec 18:18:36:INFO:root:Nominal world expenditure: 2.4145460850014675e7
06-Dec 18:18:36:INFO:root:--------------In the data: [3.7723e7]
06-Dec 18:18:37:INFO:root:--- Period 30 ---
06-Dec 18:18:37:INFO:root:BEGIN Outer loop
06-Dec 18:18:37:INFO:root:------ Middle 1: 0.00018285449149152343
06-Dec 18:18:37:INFO:root:Starting from 1.720742151934258e-17
06-Dec 18:18:37:INFO:root:-- Outer 6: 0.0011412295777953336
06-Dec 18:18:40:INFO:root:------ Middle 1: 0.0001846965915820202
06-Dec 18:18:40:INFO:root:Starting from 1.4973359465694114e-17
06-Dec 18:18:40:INFO:root:-- Outer 7: 0.0005049600679589517
06-Dec 18:18:40:INFO:root:END Outer loop
06-Dec 18:18:41:INFO:root:Model trade shares: [0.949535, 0.91081, 0.990721]
06-Dec 18:18:41:INFO:root:Data trade shares: [0.960491, 0.93458, 0.986591]
06-Dec 18:18:41:INFO:root:US prices: [1.6351, 1.607, 1.60637]
06-Dec 18:18:41:INFO:root:in the data: [2.52256, 2.5595, 2.5595]
06-Dec 18:18:41:INFO:root:Nominal world expenditure: 3.0239279532457605e7
06-Dec 18:18:41:INFO:root:--------------In the data: [4.55098e7]
06-Dec 18:18:41:INFO:root:--- Period 31 ---
06-Dec 18:18:41:INFO:root:BEGIN Outer loop
06-Dec 18:18:43:INFO:root:------ Middle 1: 0.002680980873360227
06-Dec 18:18:44:INFO:root:------ Middle 2: 0.001478666512432494
06-Dec 18:18:49:INFO:root:------ Middle 1: 0.002689443663854392
06-Dec 18:18:50:INFO:root:------ Middle 2: 0.0014843033841040493
06-Dec 18:18:50:INFO:root:------ Middle 1: 0.002599270018133154
06-Dec 18:18:50:INFO:root:------ Middle 3: 0.001117388154700554
06-Dec 18:18:51:INFO:root:------ Middle 2: 0.0014343418183120295
06-Dec 18:18:51:INFO:root:------ Middle 4: 0.0006191339757011436
06-Dec 18:18:53:INFO:root:------ Middle 1: 0.002561124911924929
06-Dec 18:18:53:INFO:root:------ Middle 1: 0.0027227880675044767
06-Dec 18:18:54:INFO:root:------ Middle 2: 0.001413373599850779
06-Dec 18:18:54:INFO:root:------ Middle 5: 0.0004752165248144919
06-Dec 18:18:54:INFO:root:------ Middle 2: 0.0015014347924143983
06-Dec 18:18:55:INFO:root:------ Middle 6: 0.000278929930067913
06-Dec 18:18:55:INFO:root:Starting from 1.2136345387527592e-17
06-Dec 18:18:55:INFO:root:-- Outer 1: 0.01783570053043885
06-Dec 18:18:56:INFO:root:------ Middle 1: 0.0012217801818427947
06-Dec 18:18:56:INFO:root:------ Middle 3: 0.0011281445653895455
06-Dec 18:18:57:INFO:root:------ Middle 4: 0.0006252637250947023
06-Dec 18:18:58:INFO:root:------ Middle 3: 0.0011051298521729531
06-Dec 18:18:58:INFO:root:------ Middle 1: 0.002503989107881834
06-Dec 18:18:58:INFO:root:------ Middle 4: 0.0006127079125373585
06-Dec 18:18:58:INFO:root:------ Middle 2: 0.0013810695635426032
06-Dec 18:19:00:INFO:root:------ Middle 5: 0.00047993360418156273
06-Dec 18:19:01:INFO:root:------ Middle 6: 0.00028123245141178053
06-Dec 18:19:01:INFO:root:------ Middle 3: 0.001110299475751506
06-Dec 18:19:01:INFO:root:Starting from 1.1650180619616285e-17
06-Dec 18:19:01:INFO:root:-- Outer 1: 0.018326027544087943
06-Dec 18:19:01:INFO:root:------ Middle 3: 0.0010811225921510735
06-Dec 18:19:01:INFO:root:------ Middle 5: 0.0004725929146657202
06-Dec 18:19:01:INFO:root:------ Middle 4: 0.0006156717234011016
06-Dec 18:19:02:INFO:root:------ Middle 1: 0.001304731319537897
06-Dec 18:19:02:INFO:root:------ Middle 4: 0.0005993176002827608
06-Dec 18:19:02:INFO:root:------ Middle 6: 0.0002771890067165939
06-Dec 18:19:02:INFO:root:Starting from 1.1678420267488253e-17
06-Dec 18:19:02:INFO:root:-- Outer 1: 0.018092068924745228
06-Dec 18:19:03:INFO:root:------ Middle 1: 0.001244483971687085
06-Dec 18:19:04:INFO:root:------ Middle 5: 0.00046534316334098197
06-Dec 18:19:05:INFO:root:------ Middle 2: 0.00034014637032526274
06-Dec 18:19:05:INFO:root:------ Middle 5: 0.000460859522584808
06-Dec 18:19:05:INFO:root:------ Middle 3: 0.0010326054294399157
06-Dec 18:19:05:INFO:root:------ Middle 6: 0.00027233576301892063
06-Dec 18:19:05:INFO:root:Starting from 1.1373130790998608e-17
06-Dec 18:19:05:INFO:root:-- Outer 1: 0.01644294302465673
06-Dec 18:19:06:INFO:root:------ Middle 3: 0.00019167501364884948
06-Dec 18:19:06:INFO:root:Starting from 1.4378483616123862e-17
06-Dec 18:19:06:INFO:root:-- Outer 2: 0.009277575386241613
06-Dec 18:19:06:INFO:root:------ Middle 4: 0.0005733070554204442
06-Dec 18:19:06:INFO:root:------ Middle 6: 0.0002704293720897788
06-Dec 18:19:06:INFO:root:Starting from 1.1634368023066415e-17
06-Dec 18:19:06:INFO:root:-- Outer 1: 0.01728823976364709
06-Dec 18:19:06:INFO:root:------ Middle 1: 0.0013166549599299571
06-Dec 18:19:07:INFO:root:------ Middle 1: 0.000531348663895393
06-Dec 18:19:07:INFO:root:------ Middle 1: 0.0012217462591509398
06-Dec 18:19:07:INFO:root:------ Middle 1: 0.002227303230623345
06-Dec 18:19:08:INFO:root:------ Middle 2: 0.0012285964697308384
06-Dec 18:19:08:INFO:root:------ Middle 1: 0.0023413767984733443
06-Dec 18:19:09:INFO:root:------ Middle 2: 0.0012911540233636251
06-Dec 18:19:10:INFO:root:------ Middle 2: 0.00032516832591705363
06-Dec 18:19:11:INFO:root:------ Middle 5: 0.0004641896941084474
06-Dec 18:19:11:INFO:root:------ Middle 3: 0.0001838526858516702
06-Dec 18:19:11:INFO:root:Starting from 1.3680910736562287e-17
06-Dec 18:19:11:INFO:root:-- Outer 2: 0.009399435629991253
06-Dec 18:19:11:INFO:root:------ Middle 1: 0.002428958142684999
06-Dec 18:19:12:INFO:root:------ Middle 6: 0.0002576903094712362
06-Dec 18:19:12:INFO:root:Starting from 1.1854981510071838e-17
06-Dec 18:19:12:INFO:root:-- Outer 1: 0.01438156155187262
06-Dec 18:19:12:INFO:root:------ Middle 1: 0.0005146133698197227
06-Dec 18:19:12:INFO:root:------ Middle 2: 0.0013393814973588706
06-Dec 18:19:12:INFO:root:------ Middle 1: 0.0026192123886608107
06-Dec 18:19:12:INFO:root:------ Middle 2: 0.00029872976034858826
06-Dec 18:19:12:INFO:root:Starting from 1.3841513820041453e-17
06-Dec 18:19:12:INFO:root:-- Outer 2: 0.009328194065932717
06-Dec 18:19:13:INFO:root:------ Middle 2: 0.0014448884579719304
06-Dec 18:19:13:INFO:root:------ Middle 1: 0.00048569854268831053
06-Dec 18:19:14:INFO:root:------ Middle 2: 0.0003764787660004235
06-Dec 18:19:14:INFO:root:------ Middle 2: 0.0003060546234199349
06-Dec 18:19:15:INFO:root:------ Middle 3: 0.00020876465141880319
06-Dec 18:19:15:INFO:root:Starting from 1.254515579932144e-17
06-Dec 18:19:15:INFO:root:-- Outer 2: 0.008996564981338597
06-Dec 18:19:15:INFO:root:------ Middle 3: 0.00017130820040806857
06-Dec 18:19:15:INFO:root:Starting from 1.3991139132036645e-17
06-Dec 18:19:15:INFO:root:-- Outer 3: 0.00415503563400513
06-Dec 18:19:15:INFO:root:------ Middle 2: 0.00029869212846334205
06-Dec 18:19:15:INFO:root:Starting from 1.2698635492560498e-17
06-Dec 18:19:15:INFO:root:-- Outer 2: 0.009107483628570598
06-Dec 18:19:16:INFO:root:------ Middle 3: 0.0009251151717347254
06-Dec 18:19:16:INFO:root:------ Middle 3: 0.0009627553059937624
06-Dec 18:19:16:INFO:root:------ Middle 1: 0.00032528539966869503
06-Dec 18:19:16:INFO:root:------ Middle 1: 0.0004925113087441155
06-Dec 18:19:16:INFO:root:------ Middle 4: 0.0005345006371652382
06-Dec 18:19:17:INFO:root:------ Middle 4: 0.0005139060000343566
06-Dec 18:19:19:INFO:root:------ Middle 2: 0.00018728800844038424
06-Dec 18:19:19:INFO:root:Starting from 1.579041752845612e-17
06-Dec 18:19:19:INFO:root:-- Outer 4: 0.002191966064473107
06-Dec 18:19:19:INFO:root:------ Middle 2: 0.00028393388810255167
06-Dec 18:19:19:INFO:root:Starting from 1.3705533637107037e-17
06-Dec 18:19:19:INFO:root:-- Outer 3: 0.004155522982216767
06-Dec 18:19:19:INFO:root:------ Middle 3: 0.0009929258114345348
06-Dec 18:19:20:INFO:root:------ Middle 1: 0.00027742978399507886
06-Dec 18:19:20:INFO:root:Starting from 1.5676247646118327e-17
06-Dec 18:19:20:INFO:root:-- Outer 5: 0.0022730396929078467
06-Dec 18:19:20:INFO:root:------ Middle 4: 0.0005510956883934074
06-Dec 18:19:20:INFO:root:------ Middle 1: 0.0003235233571581918
06-Dec 18:19:21:INFO:root:------ Middle 2: 0.0002964836804028287
06-Dec 18:19:21:INFO:root:Starting from 1.4176257186051425e-17
06-Dec 18:19:21:INFO:root:-- Outer 3: 0.004047417887117306
06-Dec 18:19:21:INFO:root:------ Middle 3: 0.0010597425991653677
06-Dec 18:19:21:INFO:root:------ Middle 1: 0.0005518311018541251
06-Dec 18:19:22:INFO:root:------ Middle 4: 0.0005884806594725278
06-Dec 18:19:22:INFO:root:------ Middle 1: 0.0002866887900721466
06-Dec 18:19:22:INFO:root:Starting from 1.4912608383435264e-17
06-Dec 18:19:22:INFO:root:------ Middle 5: 0.0004321833540890777
06-Dec 18:19:22:INFO:root:-- Outer 4: 0.004179477224064417
06-Dec 18:19:22:INFO:root:------ Middle 2: 0.0002963250854611231
06-Dec 18:19:22:INFO:root:Starting from 1.4923000970663426e-17
06-Dec 18:19:22:INFO:root:-- Outer 2: 0.007272869955856451
06-Dec 18:19:23:INFO:root:------ Middle 5: 0.00042037239391136974
06-Dec 18:19:23:INFO:root:------ Middle 6: 0.0002407041882437996
06-Dec 18:19:23:INFO:root:Starting from 1.2354571662675836e-17
06-Dec 18:19:23:INFO:root:-- Outer 1: 0.010994099289865637
06-Dec 18:19:23:INFO:root:------ Middle 2: 0.0001880817510607971
06-Dec 18:19:23:INFO:root:Starting from 1.2898216405674438e-17
06-Dec 18:19:23:INFO:root:-- Outer 4: 0.002060334561999312
06-Dec 18:19:23:INFO:root:------ Middle 6: 0.00023438544755150653
06-Dec 18:19:23:INFO:root:Starting from 1.2888894778527036e-17
06-Dec 18:19:23:INFO:root:-- Outer 1: 0.011017468212123733
06-Dec 18:19:23:INFO:root:------ Middle 1: 0.0003276541770034804
06-Dec 18:19:24:INFO:root:------ Middle 2: 0.0003040570076696013
06-Dec 18:19:24:INFO:root:------ Middle 1: 0.0004818626841791714
06-Dec 18:19:24:INFO:root:------ Middle 1: 0.00024268151280409136
06-Dec 18:19:24:INFO:root:Starting from 1.4151472467993644e-17
06-Dec 18:19:24:INFO:root:-- Outer 5: 0.0020508516972490664
06-Dec 18:19:24:INFO:root:------ Middle 2: 0.00017837893491450926
06-Dec 18:19:24:INFO:root:Starting from 1.489328935638528e-17
06-Dec 18:19:24:INFO:root:-- Outer 6: 0.0007060051919044045
06-Dec 18:19:24:INFO:root:END Outer loop
06-Dec 18:19:24:INFO:root:------ Middle 3: 0.00017091828928291608
06-Dec 18:19:24:INFO:root:Starting from 1.6967694026213746e-17
06-Dec 18:19:24:INFO:root:-- Outer 3: 0.003857683813037813
06-Dec 18:19:24:INFO:root:------ Middle 2: 0.0002638005553056979
06-Dec 18:19:25:INFO:root:Model trade shares: [0.938152, 0.89854, 0.987199]
06-Dec 18:19:25:INFO:root:Data trade shares: [0.959588, 0.937566, 0.971212]
06-Dec 18:19:25:INFO:root:US prices: [1.70942, 1.66562, 1.70108]
06-Dec 18:19:25:INFO:root:in the data: [2.70826, 2.57595, 2.57595]
06-Dec 18:19:25:INFO:root:Nominal world expenditure: 3.3968411332542785e7
06-Dec 18:19:25:INFO:root:--------------In the data: [4.5848e7]
06-Dec 18:19:25:INFO:root:-- Outer 3: 0.003941194045216314
06-Dec 18:19:25:INFO:root:--- Period 32 ---
06-Dec 18:19:25:INFO:root:BEGIN Outer loop
06-Dec 18:19:25:INFO:root:------ Middle 1: 0.0002508898460377027
06-Dec 18:19:25:INFO:root:Starting from 1.3264778058357394e-17
06-Dec 18:19:25:INFO:root:-- Outer 4: 0.00392392671207906
06-Dec 18:19:25:INFO:root:------ Middle 1: 0.00042851279468815044
06-Dec 18:19:26:INFO:root:------ Middle 5: 0.0004428258470381148
06-Dec 18:19:27:INFO:root:------ Middle 6: 0.00024661662841950183
06-Dec 18:19:27:INFO:root:Starting from 1.2305874290451115e-17
06-Dec 18:19:27:INFO:root:-- Outer 1: 0.010818683753244197
06-Dec 18:19:27:INFO:root:------ Middle 1: 0.0002644319604986078
06-Dec 18:19:28:INFO:root:Starting from 1.0582818030100075e-17
06-Dec 18:19:28:INFO:root:-- Outer 6: 0.0005091151837121323
06-Dec 18:19:28:INFO:root:END Outer loop
06-Dec 18:19:28:INFO:root:------ Middle 5: 0.0004653045206612354
06-Dec 18:19:28:INFO:root:Model trade shares: [0.932489, 0.888716, 0.986414]
06-Dec 18:19:28:INFO:root:Data trade shares: [0.955615, 0.931697, 0.991754]
06-Dec 18:19:28:INFO:root:US prices: [1.79613, 1.75351, 1.81802]
06-Dec 18:19:28:INFO:root:in the data: [2.59006, 2.59665, 2.59665]
06-Dec 18:19:28:INFO:root:Nominal world expenditure: 3.715310371998904e7
06-Dec 18:19:28:INFO:root:--------------In the data: [4.90999e7]
06-Dec 18:19:28:INFO:root:--- Period 33 ---
06-Dec 18:19:28:INFO:root:BEGIN Outer loop
06-Dec 18:19:28:INFO:root:------ Middle 6: 0.00025735423094160157
06-Dec 18:19:29:INFO:root:Starting from 1.186545831752341e-17
06-Dec 18:19:29:INFO:root:-- Outer 1: 0.011792517140242003
06-Dec 18:19:29:INFO:root:------ Middle 2: 0.0002294686850179427
06-Dec 18:19:29:INFO:root:Starting from 1.1830129602079333e-17
06-Dec 18:19:29:INFO:root:-- Outer 4: 0.0023235796462303163
06-Dec 18:19:30:INFO:root:------ Middle 1: 0.0003247465938616778
06-Dec 18:19:30:INFO:root:------ Middle 1: 0.0003284362306439735
06-Dec 18:19:30:INFO:root:------ Middle 1: 0.00044939653937198953
06-Dec 18:19:31:INFO:root:------ Middle 2: 0.00018167643356426953
06-Dec 18:19:31:INFO:root:Starting from 1.1702878793819415e-17
06-Dec 18:19:31:INFO:root:-- Outer 5: 0.001181199194571549
06-Dec 18:19:31:INFO:root:------ Middle 2: 0.00024320071797774475
06-Dec 18:19:31:INFO:root:Starting from 1.9703119912403373e-17
06-Dec 18:19:31:INFO:root:-- Outer 3: 0.0034548059372326674
06-Dec 18:19:31:INFO:root:------ Middle 1: 0.0004626253607702018
06-Dec 18:19:32:INFO:root:------ Middle 1: 0.00017681607603531977
06-Dec 18:19:32:INFO:root:------ Middle 2: 0.0002469445661813901
06-Dec 18:19:32:INFO:root:Starting from 1.449538629505969e-17
06-Dec 18:19:32:INFO:root:-- Outer 6: 0.0012542320338480867
06-Dec 18:19:32:INFO:root:Starting from 1.6898270018448515e-17
06-Dec 18:19:32:INFO:root:-- Outer 2: 0.005906785117927371
06-Dec 18:19:32:INFO:root:------ Middle 1: 0.0004082466730604125
06-Dec 18:19:32:INFO:root:------ Middle 2: 0.0001754012651101287
06-Dec 18:19:32:INFO:root:Starting from 1.7547377859092286e-17
06-Dec 18:19:32:INFO:root:-- Outer 5: 0.0014223269263095506
06-Dec 18:19:33:INFO:root:------ Middle 1: 0.000304887814197368
06-Dec 18:19:33:INFO:root:------ Middle 2: 0.00021611331448656673
06-Dec 18:19:33:INFO:root:Starting from 1.929516121995717e-17
06-Dec 18:19:33:INFO:root:-- Outer 2: 0.005891123347030738
06-Dec 18:19:33:INFO:root:------ Middle 1: 0.0002279540546246563
06-Dec 18:19:33:INFO:root:Starting from 1.4810995292288012e-17
06-Dec 18:19:33:INFO:root:-- Outer 6: 0.00142356364377484
06-Dec 18:19:34:INFO:root:------ Middle 2: 0.0001681994840209911
06-Dec 18:19:34:INFO:root:Starting from 1.4314200364426526e-17
06-Dec 18:19:34:INFO:root:-- Outer 5: 0.0010666979488589128
06-Dec 18:19:35:INFO:root:------ Middle 1: 0.0001711061415646665
06-Dec 18:19:35:INFO:root:Starting from 1.3778805103155102e-17
06-Dec 18:19:35:INFO:root:-- Outer 6: 0.001136023934841397
06-Dec 18:19:35:INFO:root:------ Middle 1: 0.00017615250517602642
06-Dec 18:19:35:INFO:root:Starting from 1.4694440269417887e-17
06-Dec 18:19:35:INFO:root:-- Outer 7: 0.0005229458291266239
06-Dec 18:19:35:INFO:root:END Outer loop
06-Dec 18:19:35:INFO:root:------ Middle 1: 0.0003437460641335483
06-Dec 18:19:35:INFO:root:Model trade shares: [0.937191, 0.891441, 0.985228]
06-Dec 18:19:35:INFO:root:Data trade shares: [0.950579, 0.929714, 0.991388]
06-Dec 18:19:35:INFO:root:US prices: [1.89688, 1.86454, 1.92842]
06-Dec 18:19:35:INFO:root:in the data: [2.71827, 2.64842, 2.64842]
06-Dec 18:19:35:INFO:root:Nominal world expenditure: 3.92300091022913e7
06-Dec 18:19:35:INFO:root:--------------In the data: [5.43532e7]
06-Dec 18:19:35:INFO:root:--- Period 34 ---
06-Dec 18:19:35:INFO:root:BEGIN Outer loop
06-Dec 18:19:36:INFO:root:------ Middle 1: 0.0004684942609170462
06-Dec 18:19:36:INFO:root:------ Middle 2: 0.00018892589660847906
06-Dec 18:19:36:INFO:root:Starting from 1.62838157955091e-17
06-Dec 18:19:36:INFO:root:-- Outer 4: 0.0018721393542902246
06-Dec 18:19:36:INFO:root:------ Middle 2: 0.0002501849754462814
06-Dec 18:19:36:INFO:root:Starting from 2.1110587663442314e-17
06-Dec 18:19:36:INFO:root:-- Outer 2: 0.005839188332447484
06-Dec 18:19:37:INFO:root:------ Middle 1: 0.00025126005113332495
06-Dec 18:19:37:INFO:root:Starting from 1.4525594456562918e-17
06-Dec 18:19:37:INFO:root:-- Outer 7: 0.0005475932152683513
06-Dec 18:19:37:INFO:root:END Outer loop
06-Dec 18:19:37:INFO:root:Model trade shares: [0.927047, 0.891011, 0.978947]
06-Dec 18:19:37:INFO:root:Data trade shares: [0.951101, 0.932187, 0.983861]
06-Dec 18:19:37:INFO:root:US prices: [1.9072, 1.82545, 1.90167]
06-Dec 18:19:37:INFO:root:in the data: [2.96009, 2.78199, 2.78199]
06-Dec 18:19:37:INFO:root:Nominal world expenditure: 4.006874491838105e7
06-Dec 18:19:37:INFO:root:--------------In the data: [5.49713e7]
06-Dec 18:19:37:INFO:root:--- Period 35 ---
06-Dec 18:19:37:INFO:root:BEGIN Outer loop
06-Dec 18:19:38:INFO:root:------ Middle 1: 0.00017268538845459383
06-Dec 18:19:38:INFO:root:Starting from 1.264152707182593e-17
06-Dec 18:19:38:INFO:root:-- Outer 7: 0.000496777101562089
06-Dec 18:19:38:INFO:root:END Outer loop
06-Dec 18:19:38:INFO:root:Model trade shares: [0.932065, 0.890524, 0.983556]
06-Dec 18:19:38:INFO:root:Data trade shares: [0.954902, 0.927282, 0.98849]
06-Dec 18:19:38:INFO:root:US prices: [1.93638, 1.89178, 1.95856]
06-Dec 18:19:38:INFO:root:in the data: [2.81662, 2.76323, 2.76323]
06-Dec 18:19:38:INFO:root:Nominal world expenditure: 3.983038276148012e7
06-Dec 18:19:38:INFO:root:--------------In the data: [5.52518e7]
06-Dec 18:19:38:INFO:root:------ Middle 1: 0.0005799448023807876
06-Dec 18:19:38:INFO:root:--- Period 36 ---
06-Dec 18:19:38:INFO:root:BEGIN Outer loop
06-Dec 18:19:39:INFO:root:------ Middle 1: 0.0002555060548395941
06-Dec 18:19:39:INFO:root:Starting from 1.722808722843031e-17
06-Dec 18:19:39:INFO:root:-- Outer 5: 0.0011408758315240516
06-Dec 18:19:39:INFO:root:------ Middle 2: 0.00031083578079361637
06-Dec 18:19:39:INFO:root:------ Middle 1: 0.00034631645276377384
06-Dec 18:19:40:INFO:root:------ Middle 1: 0.0002448436961823273
06-Dec 18:19:40:INFO:root:Starting from 1.6711305725241748e-17
06-Dec 18:19:40:INFO:root:-- Outer 6: 0.0011143506512003112
06-Dec 18:19:40:INFO:root:------ Middle 2: 0.00018741110514141683
06-Dec 18:19:40:INFO:root:Starting from 1.7792199637008255e-17
06-Dec 18:19:40:INFO:root:-- Outer 3: 0.002784773691794896
06-Dec 18:19:41:INFO:root:------ Middle 1: 0.0002853542637607829
06-Dec 18:19:41:INFO:root:Starting from 1.7295003437723724e-17
06-Dec 18:19:41:INFO:root:-- Outer 3: 0.0028310619136393523
06-Dec 18:19:41:INFO:root:------ Middle 3: 0.00018354658945830086
06-Dec 18:19:41:INFO:root:Starting from 1.9662415757407232e-17
06-Dec 18:19:41:INFO:root:-- Outer 2: 0.006399679559259285
06-Dec 18:19:42:INFO:root:------ Middle 1: 0.0003232111126200168
06-Dec 18:19:42:INFO:root:------ Middle 1: 0.0005617096348642481
06-Dec 18:19:43:INFO:root:------ Middle 1: 0.0002384431774921202
06-Dec 18:19:43:INFO:root:Starting from 1.844530051632037e-17
06-Dec 18:19:43:INFO:root:-- Outer 7: 0.00040122017568203146
06-Dec 18:19:43:INFO:root:END Outer loop
06-Dec 18:19:43:INFO:root:Model trade shares: [0.927549, 0.898495, 0.979182]
06-Dec 18:19:43:INFO:root:Data trade shares: [0.944757, 0.931965, 0.986375]
06-Dec 18:19:43:INFO:root:US prices: [1.81903, 1.72223, 1.78419]
06-Dec 18:19:43:INFO:root:in the data: [2.85731, 2.74066, 2.74066]
06-Dec 18:19:43:INFO:root:Nominal world expenditure: 3.721577438062925e7
06-Dec 18:19:43:INFO:root:--------------In the data: [5.4623e7]
06-Dec 18:19:44:INFO:root:------ Middle 1: 0.00025573165656560314
06-Dec 18:19:44:INFO:root:Starting from 1.8013054143367525e-17
06-Dec 18:19:44:INFO:root:-- Outer 4: 0.0015012658946269878
06-Dec 18:19:44:INFO:root:------ Middle 1: 0.00026510931862292955
06-Dec 18:19:44:INFO:root:Starting from 1.5706633316143696e-17
06-Dec 18:19:44:INFO:root:-- Outer 5: 0.0014907217932069352
06-Dec 18:19:45:INFO:root:------ Middle 1: 0.0003441076298642342
06-Dec 18:19:45:INFO:root:------ Middle 2: 0.0001498907988751802
06-Dec 18:19:45:INFO:root:Starting from 2.0194809626360236e-17
06-Dec 18:19:45:INFO:root:-- Outer 4: 0.0015463033622683034
06-Dec 18:19:45:INFO:root:------ Middle 2: 0.00018625345311567624
06-Dec 18:19:45:INFO:root:Starting from 1.6345376424885628e-17
06-Dec 18:19:45:INFO:root:-- Outer 3: 0.0027667623125186462
06-Dec 18:19:46:INFO:root:------ Middle 1: 0.00018836400583165298
06-Dec 18:19:46:INFO:root:Starting from 1.6727573853203134e-17
06-Dec 18:19:46:INFO:root:-- Outer 5: 0.0015346162050369203
06-Dec 18:19:48:INFO:root:------ Middle 1: 0.0002377585944729243
06-Dec 18:19:48:INFO:root:Starting from 1.399764068266844e-17
06-Dec 18:19:48:INFO:root:-- Outer 6: 0.0003193004836202487
06-Dec 18:19:48:INFO:root:END Outer loop
06-Dec 18:19:48:INFO:root:Model trade shares: [0.94157, 0.91303, 0.982571]
06-Dec 18:19:48:INFO:root:Data trade shares: [0.949239, 0.924453, 0.987338]
06-Dec 18:19:48:INFO:root:US prices: [1.57064, 1.48994, 1.53863]
06-Dec 18:19:48:INFO:root:in the data: [2.95883, 2.79593, 2.79593]
06-Dec 18:19:48:INFO:root:Nominal world expenditure: 3.2930837764858723e7
06-Dec 18:19:48:INFO:root:--------------In the data: [5.8302e7]
06-Dec 18:19:49:INFO:root:------ Middle 1: 0.0002500341129869466
06-Dec 18:19:49:INFO:root:Starting from 1.4109516396695668e-17
06-Dec 18:19:49:INFO:root:-- Outer 4: 0.0014952138845527574
06-Dec 18:19:49:INFO:root:------ Middle 2: 0.0002000465182042495
06-Dec 18:19:49:INFO:root:Starting from 1.7961409767731418e-17
06-Dec 18:19:49:INFO:root:-- Outer 3: 0.0034063219953162794
06-Dec 18:19:50:INFO:root:------ Middle 1: 0.00026093445557571766
06-Dec 18:19:50:INFO:root:Starting from 1.7559001312768362e-17
06-Dec 18:19:50:INFO:root:------ Middle 1: 0.0001810205374472671
06-Dec 18:19:50:INFO:root:-- Outer 5: 0.0014847219735262555
06-Dec 18:19:50:INFO:root:Starting from 1.6717614218860334e-17
06-Dec 18:19:50:INFO:root:-- Outer 6: 0.00032154580429851783
06-Dec 18:19:50:INFO:root:END Outer loop
06-Dec 18:19:50:INFO:root:Model trade shares: [0.935637, 0.912094, 0.980797]
06-Dec 18:19:50:INFO:root:Data trade shares: [0.943324, 0.928045, 0.988948]
06-Dec 18:19:50:INFO:root:US prices: [1.6625, 1.5785, 1.61792]
06-Dec 18:19:50:INFO:root:in the data: [2.94743, 2.7898, 2.7898]
06-Dec 18:19:50:INFO:root:Nominal world expenditure: 3.283348433433449e7
06-Dec 18:19:50:INFO:root:--------------In the data: [5.65242e7]
06-Dec 18:19:50:INFO:root:------ Middle 1: 0.00034297605300682787
06-Dec 18:19:52:INFO:root:------ Middle 1: 0.00279683972669093
06-Dec 18:19:52:INFO:root:------ Middle 2: 0.00154349411314093
06-Dec 18:19:53:INFO:root:------ Middle 2: 0.00015944905286618646
06-Dec 18:19:53:INFO:root:Starting from 2.0755640648036534e-17
06-Dec 18:19:53:INFO:root:-- Outer 4: 0.0018342406294737192
06-Dec 18:19:53:INFO:root:------ Middle 1: 0.00022811121969619946
06-Dec 18:19:53:INFO:root:Starting from 1.7792169969920348e-17
06-Dec 18:19:53:INFO:root:-- Outer 6: 0.00031823653094029683
06-Dec 18:19:53:INFO:root:END Outer loop
06-Dec 18:19:54:INFO:root:Model trade shares: [0.944299, 0.913808, 0.984237]
06-Dec 18:19:54:INFO:root:Data trade shares: [0.951781, 0.9268, 0.989231]
06-Dec 18:19:54:INFO:root:US prices: [1.51224, 1.45666, 1.52106]
06-Dec 18:19:54:INFO:root:in the data: [2.94894, 2.90959, 2.90959]
06-Dec 18:19:54:INFO:root:Nominal world expenditure: 3.271648700948386e7
06-Dec 18:19:54:INFO:root:--------------In the data: [5.76528e7]
06-Dec 18:19:54:INFO:root:------ Middle 1: 0.002812074709974631
06-Dec 18:19:54:INFO:root:------ Middle 1: 0.00023987814765532832
06-Dec 18:19:54:INFO:root:Starting from 1.8278473914484366e-17
06-Dec 18:19:54:INFO:root:-- Outer 5: 0.001850510568085455
06-Dec 18:19:55:INFO:root:------ Middle 2: 0.001552754570969482
06-Dec 18:19:58:INFO:root:------ Middle 1: 0.00024559251234513256
06-Dec 18:19:58:INFO:root:Starting from 1.842504528631002e-17
06-Dec 18:19:58:INFO:root:-- Outer 6: 0.00045352173993562717
06-Dec 18:19:58:INFO:root:END Outer loop
06-Dec 18:19:58:INFO:root:Model trade shares: [0.939333, 0.906263, 0.97713]
06-Dec 18:19:58:INFO:root:Data trade shares: [0.946294, 0.923226, 0.982471]
06-Dec 18:19:58:INFO:root:US prices: [1.58062, 1.53117, 1.62725]
06-Dec 18:19:58:INFO:root:in the data: [2.69951, 2.89119, 2.89119]
06-Dec 18:19:58:INFO:root:Nominal world expenditure: 3.602310743854315e7
06-Dec 18:19:58:INFO:root:--------------In the data: [5.96564e7]
06-Dec 18:19:59:INFO:root:------ Middle 3: 0.001128447601376292
06-Dec 18:19:59:INFO:root:------ Middle 1: 0.002815929731327261
06-Dec 18:19:59:INFO:root:------ Middle 4: 0.0006278545218680755
06-Dec 18:20:00:INFO:root:------ Middle 2: 0.0015546829926065759
06-Dec 18:20:01:INFO:root:------ Middle 3: 0.0011456328833827918
06-Dec 18:20:02:INFO:root:------ Middle 4: 0.0006369567643801332
06-Dec 18:20:04:INFO:root:------ Middle 1: 0.0028630647127790444
06-Dec 18:20:04:INFO:root:------ Middle 5: 0.000497927752920515
06-Dec 18:20:04:INFO:root:------ Middle 2: 0.001579743008492085
06-Dec 18:20:05:INFO:root:------ Middle 6: 0.00027624321953981153
06-Dec 18:20:05:INFO:root:Starting from 1.2079144233124578e-17
06-Dec 18:20:05:INFO:root:-- Outer 1: 0.013540236166050204
06-Dec 18:20:06:INFO:root:------ Middle 1: 0.00226180210766315
06-Dec 18:20:06:INFO:root:------ Middle 3: 0.001149527779604963
06-Dec 18:20:07:INFO:root:------ Middle 5: 0.0005035653049965732
06-Dec 18:20:07:INFO:root:------ Middle 2: 0.0012483200110292392
06-Dec 18:20:07:INFO:root:------ Middle 4: 0.0006390917680842806
06-Dec 18:20:07:INFO:root:------ Middle 6: 0.0002795472391274426
06-Dec 18:20:07:INFO:root:Starting from 1.1499496807385183e-17
06-Dec 18:20:07:INFO:root:-- Outer 1: 0.014431677654936276
06-Dec 18:20:10:INFO:root:------ Middle 5: 0.0004973703899770483
06-Dec 18:20:11:INFO:root:------ Middle 3: 0.0011317218187365274
06-Dec 18:20:11:INFO:root:------ Middle 6: 0.0002808385383121639
06-Dec 18:20:11:INFO:root:Starting from 1.142073611371272e-17
06-Dec 18:20:11:INFO:root:-- Outer 1: 0.014806673798357437
06-Dec 18:20:11:INFO:root:------ Middle 4: 0.0006286359720603594
06-Dec 18:20:12:INFO:root:------ Middle 1: 0.001511111914889916
06-Dec 18:20:12:INFO:root:------ Middle 3: 0.0009076815734768678
06-Dec 18:20:13:INFO:root:------ Middle 4: 0.0005032513602015371
06-Dec 18:20:14:INFO:root:------ Middle 1: 0.0007876384925398722
06-Dec 18:20:14:INFO:root:------ Middle 2: 0.0004237140743944626
06-Dec 18:20:15:INFO:root:------ Middle 5: 0.0004792170017789085
06-Dec 18:20:15:INFO:root:------ Middle 1: 0.0006294127415658145
06-Dec 18:20:16:INFO:root:------ Middle 6: 0.00027031039853568823
06-Dec 18:20:16:INFO:root:Starting from 1.1564131925299795e-17
06-Dec 18:20:16:INFO:root:-- Outer 1: 0.013487020047313792
06-Dec 18:20:16:INFO:root:------ Middle 2: 0.0003360909451445104
06-Dec 18:20:16:INFO:root:------ Middle 1: 0.0014691981167988038
06-Dec 18:20:16:INFO:root:------ Middle 3: 0.00024275415220937585
06-Dec 18:20:17:INFO:root:Starting from 1.6047974140068503e-17
06-Dec 18:20:17:INFO:root:-- Outer 2: 0.007333685472186541
06-Dec 18:20:17:INFO:root:------ Middle 5: 0.00039840904233888903
06-Dec 18:20:17:INFO:root:------ Middle 1: 0.0008117146392639275
06-Dec 18:20:18:INFO:root:------ Middle 3: 0.00019447582619829413
06-Dec 18:20:18:INFO:root:Starting from 1.175892290835142e-17
06-Dec 18:20:18:INFO:root:------ Middle 6: 0.00021911465962543358
06-Dec 18:20:18:INFO:root:-- Outer 2: 0.0075084210464947945
06-Dec 18:20:18:INFO:root:Starting from 1.1785162666556417e-17
06-Dec 18:20:18:INFO:root:-- Outer 1: 0.009641362558896296
06-Dec 18:20:19:INFO:root:------ Middle 1: 0.0006113069230768731
06-Dec 18:20:19:INFO:root:------ Middle 1: 0.001118114922744956
06-Dec 18:20:19:INFO:root:------ Middle 2: 0.0003813288553784436
06-Dec 18:20:20:INFO:root:------ Middle 3: 0.00021132780694112224
06-Dec 18:20:20:INFO:root:Starting from 1.6927869449046207e-17
06-Dec 18:20:20:INFO:root:-- Outer 2: 0.008399221410192866
06-Dec 18:20:23:INFO:root:------ Middle 2: 0.0004074544532302912
06-Dec 18:20:23:INFO:root:------ Middle 2: 0.0002850273451667968
06-Dec 18:20:23:INFO:root:Starting from 1.9263417624671018e-17
06-Dec 18:20:23:INFO:root:-- Outer 3: 0.004098284388556278
06-Dec 18:20:24:INFO:root:------ Middle 3: 0.00022145549331156191
06-Dec 18:20:24:INFO:root:Starting from 1.788886182505182e-17
06-Dec 18:20:24:INFO:root:-- Outer 2: 0.008130014848666444
06-Dec 18:20:24:INFO:root:------ Middle 1: 0.0005436564987575954
06-Dec 18:20:24:INFO:root:------ Middle 2: 0.00023201551162293097
06-Dec 18:20:24:INFO:root:Starting from 1.805963155544409e-17
06-Dec 18:20:24:INFO:root:-- Outer 3: 0.003991397771707422
06-Dec 18:20:24:INFO:root:------ Middle 2: 0.00030411503363102595
06-Dec 18:20:25:INFO:root:------ Middle 3: 0.0001589976947728979
06-Dec 18:20:25:INFO:root:Starting from 2.283256227737889e-17
06-Dec 18:20:25:INFO:root:-- Outer 2: 0.005844470244652223
06-Dec 18:20:25:INFO:root:------ Middle 1: 0.0003787733520131672
06-Dec 18:20:27:INFO:root:------ Middle 2: 0.0002410089230756804
06-Dec 18:20:27:INFO:root:Starting from 1.913376386186773e-17
06-Dec 18:20:27:INFO:root:-- Outer 4: 0.00241769887292404
06-Dec 18:20:27:INFO:root:------ Middle 1: 0.00046845153170435594
06-Dec 18:20:28:INFO:root:------ Middle 1: 0.0003875486453025686
06-Dec 18:20:28:INFO:root:------ Middle 2: 0.00019203741029106695
06-Dec 18:20:28:INFO:root:Starting from 2.0903579432619948e-17
06-Dec 18:20:28:INFO:root:-- Outer 4: 0.0022627292986789876
06-Dec 18:20:28:INFO:root:------ Middle 2: 0.0002550087992120113
06-Dec 18:20:28:INFO:root:Starting from 1.4739503316956362e-17
06-Dec 18:20:28:INFO:root:-- Outer 3: 0.0037804390870417627
06-Dec 18:20:29:INFO:root:------ Middle 1: 0.00027554243049756775
06-Dec 18:20:29:INFO:root:Starting from 1.432937280253545e-17
06-Dec 18:20:29:INFO:root:-- Outer 5: 0.002337863630127455
06-Dec 18:20:29:INFO:root:------ Middle 2: 0.00018574178171735592
06-Dec 18:20:29:INFO:root:Starting from 1.7970312320202698e-17
06-Dec 18:20:29:INFO:root:-- Outer 5: 0.001454981537818825
06-Dec 18:20:30:INFO:root:------ Middle 1: 0.0002661881243113744
06-Dec 18:20:30:INFO:root:Starting from 1.772435033220688e-17
06-Dec 18:20:30:INFO:root:-- Outer 6: 0.0014830065096675732
06-Dec 18:20:31:INFO:root:------ Middle 1: 0.0004991745361145084
06-Dec 18:20:32:INFO:root:------ Middle 2: 0.0002720368120815733
06-Dec 18:20:32:INFO:root:Starting from 1.4953386801948302e-17
06-Dec 18:20:32:INFO:root:-- Outer 3: 0.0037884010166488644
06-Dec 18:20:32:INFO:root:------ Middle 1: 0.0003995468484907531
06-Dec 18:20:33:INFO:root:------ Middle 2: 0.00021713520590885567
06-Dec 18:20:33:INFO:root:Starting from 1.3894001664754958e-17
06-Dec 18:20:33:INFO:root:-- Outer 4: 0.002098851943600093
06-Dec 18:20:33:INFO:root:------ Middle 1: 0.00026820450156374667
06-Dec 18:20:33:INFO:root:Starting from 2.0095833986826136e-17
06-Dec 18:20:33:INFO:root:-- Outer 3: 0.0024944207418620946
06-Dec 18:20:33:INFO:root:------ Middle 1: 0.0002854281635910416
06-Dec 18:20:33:INFO:root:Starting from 1.4894282522433435e-17
06-Dec 18:20:33:INFO:root:-- Outer 7: 0.0005503395040617656
06-Dec 18:20:33:INFO:root:END Outer loop
06-Dec 18:20:33:INFO:root:Model trade shares: [0.936063, 0.87774, 0.97863]
06-Dec 18:20:33:INFO:root:Data trade shares: [0.95138, 0.919234, 0.983181]
06-Dec 18:20:33:INFO:root:US prices: [1.75091, 1.67757, 1.81876]
06-Dec 18:20:33:INFO:root:in the data: [3.11354, 3.01039, 3.01039]
06-Dec 18:20:33:INFO:root:Nominal world expenditure: 4.071808980118682e7
06-Dec 18:20:33:INFO:root:--------------In the data: [6.70931e7]
06-Dec 18:20:34:INFO:root:------ Middle 1: 0.00029852366712785917
06-Dec 18:20:34:INFO:root:Starting from 1.4439747776230092e-17
06-Dec 18:20:34:INFO:root:-- Outer 4: 0.0025593889799433514
06-Dec 18:20:34:INFO:root:------ Middle 1: 0.00030091247013593265
06-Dec 18:20:34:INFO:root:------ Middle 2: 0.00016588632923914605
06-Dec 18:20:34:INFO:root:Starting from 1.4980744153831077e-17
06-Dec 18:20:34:INFO:root:-- Outer 6: 0.000873106827207639
06-Dec 18:20:34:INFO:root:END Outer loop
06-Dec 18:20:35:INFO:root:Model trade shares: [0.950316, 0.902811, 0.977367]
06-Dec 18:20:35:INFO:root:Data trade shares: [0.95528, 0.914832, 0.982791]
06-Dec 18:20:35:INFO:root:US prices: [1.9527, 1.80778, 1.97563]
06-Dec 18:20:35:INFO:root:in the data: [3.32883, 3.15407, 3.15407]
06-Dec 18:20:35:INFO:root:Nominal world expenditure: 4.841626248789538e7
06-Dec 18:20:35:INFO:root:--------------In the data: [7.56745e7]
06-Dec 18:20:35:INFO:root:------ Middle 1: 0.0004118824552086978
06-Dec 18:20:36:INFO:root:------ Middle 1: 0.00029863879878287654
06-Dec 18:20:36:INFO:root:Starting from 1.639078779159553e-17
06-Dec 18:20:36:INFO:root:-- Outer 5: 0.001322622729459133
06-Dec 18:20:36:INFO:root:------ Middle 2: 0.00022692395155920624
06-Dec 18:20:36:INFO:root:Starting from 1.7234604452560538e-17
06-Dec 18:20:36:INFO:root:-- Outer 4: 0.0021863092017466207
06-Dec 18:20:36:INFO:root:------ Middle 1: 0.0002912484190889108
06-Dec 18:20:36:INFO:root:Starting from 1.461522349768735e-17
06-Dec 18:20:36:INFO:root:-- Outer 6: 0.0013265098600707152
06-Dec 18:20:38:INFO:root:------ Middle 1: 0.00030724682870802517
06-Dec 18:20:39:INFO:root:------ Middle 2: 0.00016613421326689857
06-Dec 18:20:39:INFO:root:Starting from 1.4329182028527952e-17
06-Dec 18:20:39:INFO:root:-- Outer 5: 0.001322312191020927
06-Dec 18:20:39:INFO:root:------ Middle 1: 0.0002772429903106541
06-Dec 18:20:39:INFO:root:Starting from 1.6536445847566475e-17
06-Dec 18:20:39:INFO:root:-- Outer 7: 0.0005229353162337024
06-Dec 18:20:39:INFO:root:END Outer loop
06-Dec 18:20:39:INFO:root:Model trade shares: [0.95287, 0.89409, 0.968787]
06-Dec 18:20:39:INFO:root:Data trade shares: [0.956446, 0.911974, 0.985299]
06-Dec 18:20:39:INFO:root:US prices: [2.13649, 1.86739, 2.06136]
06-Dec 18:20:39:INFO:root:in the data: [3.74316, 3.20378, 3.20378]
06-Dec 18:20:39:INFO:root:Nominal world expenditure: 5.6312232886858806e7
06-Dec 18:20:39:INFO:root:--------------In the data: [8.18345e7]
06-Dec 18:20:40:INFO:root:------ Middle 1: 0.00022320031785252355
06-Dec 18:20:40:INFO:root:Starting from 1.6870183071875717e-17
06-Dec 18:20:40:INFO:root:-- Outer 6: 0.0013410524091517593
06-Dec 18:20:41:INFO:root:------ Middle 1: 0.0002822380587939586
06-Dec 18:20:41:INFO:root:Starting from 1.7965887129230546e-17
06-Dec 18:20:41:INFO:root:-- Outer 5: 0.0006102380580921094
06-Dec 18:20:41:INFO:root:END Outer loop
06-Dec 18:20:41:INFO:root:Model trade shares: [0.953726, 0.879979, 0.979023]
06-Dec 18:20:41:INFO:root:Data trade shares: [0.955026, 0.900005, 0.981768]
06-Dec 18:20:41:INFO:root:US prices: [2.11791, 1.69845, 1.84469]
06-Dec 18:20:41:INFO:root:in the data: [4.23838, 3.41193, 3.41193]
06-Dec 18:20:41:INFO:root:Nominal world expenditure: 5.548939818661029e7
06-Dec 18:20:41:INFO:root:--------------In the data: [9.98292e7]
06-Dec 18:20:42:INFO:root:------ Middle 1: 0.0002427007476561162
06-Dec 18:20:42:INFO:root:Starting from 1.2139218591084923e-17
06-Dec 18:20:42:INFO:root:-- Outer 7: 0.0005170912668460779
06-Dec 18:20:42:INFO:root:END Outer loop
06-Dec 18:20:43:INFO:root:Model trade shares: [0.958401, 0.888787, 0.957184]
06-Dec 18:20:43:INFO:root:Data trade shares: [0.954831, 0.902146, 0.983572]
06-Dec 18:20:43:INFO:root:US prices: [2.20468, 1.83409, 2.01031]
06-Dec 18:20:43:INFO:root:in the data: [3.88449, 3.20236, 3.20236]
06-Dec 18:20:43:INFO:root:Nominal world expenditure: 5.968824201868045e7
06-Dec 18:20:43:INFO:root:--------------In the data: [8.8489e7]
300.769324 seconds (931.13 k allocations: 710.766 MiB, 0.33% gc time)
