WARNING: Method definition warn(Any...) in module Base at util.jl:589 overwritten in module Logging at //////////////////////////////////////////////////////usr/local/julia/JuliaPro-0.6.3.1/JuliaPro/pkgs-0.6.3.1/v0.6/Logging/src/Logging.jl:115.
WARNING: Method definition info(Any...) in module Base at util.jl:534 overwritten in module Logging at //////////////////////////////////////////////////////usr/local/julia/JuliaPro-0.6.3.1/JuliaPro/pkgs-0.6.3.1/v0.6/Logging/src/Logging.jl:115.
WARNING: Method definition warn(Any...)WARNING: Method definition warn(Any...) in module Base at util.jl:589 overwritten in module Any...) in module Base at util.jl:589 overwrittenWARNING: Method definition info(Any...) in module Base at util.jl:534 overwritten in module Logging at //////////////////////////////////////////////////////usr/local/julia/JuliaPro-0.6.3.1/JuliaPro/pkgs at ////////////////////////////////////.
////////////////usr/local/julia/JuliaPro-0.6.3.1/JuliaPro/pkgs-0.6.3.1/v0.6/Logging/src/Logging.jl:115.
a/JuliaPro-0.6.3.1/JuliaPro/pkgs-0.6.3.1/v0.6/Logging/src/Logging.jl:115.
WARNING: Method definition WARNIAny...) in module Base at util.jl: in module Base in module Logging at ///// in module Logging at //////////////////////////////////////////////////////usr/local/julia/JuliaPro-0.6.3.1/JuliaPro/pkgs-0.6.3.1/v0.6/Logging/src/Logging.jl:115.
30-Nov 15:45:06:INFO:root:--- Period 7 ---
30-Nov 15:45:06:INFO:root:--- Period 2 ---
30-Nov 15:45:06:INFO:root:--- Period 6 ---
30-Nov 15:45:06:INFO:root:--- Period 8 ---
30-Nov 15:45:06:INFO:root:--- Period 12 ---
30-Nov 15:45:06:INFO:root:--- Period 10 ---
30-Nov 15:45:06:INFO:root:--- Period 4 ---
30-Nov 15:45:06:INFO:root:--- Period 1 ---
30-Nov 15:45:06:INFO:root:--- Period 3 ---
30-Nov 15:45:06:INFO:root:--- Period 9 ---
30-Nov 15:45:06:INFO:root:--- Period 5 ---
30-Nov 15:45:06:INFO:root:--- Period 11 ---
30-Nov 15:45:12:INFO:root:BEGIN Outer loop
30-Nov 15:45:12:INFO:root:BEGIN Outer loop
30-Nov 15:45:12:INFO:root:BEGIN Outer loop
30-Nov 15:45:12:INFO:root:BEGIN Outer loop
30-Nov 15:45:12:INFO:root:BEGIN Outer loop
30-Nov 15:45:12:INFO:root:BEGIN Outer loop
30-Nov 15:45:12:INFO:root:BEGIN Outer loop
30-Nov 15:45:12:INFO:root:BEGIN Outer loop
30-Nov 15:45:12:INFO:root:BEGIN Outer loop
30-Nov 15:45:13:INFO:root:BEGIN Outer loop
30-Nov 15:45:13:INFO:root:BEGIN Outer loop
30-Nov 15:45:13:INFO:root:BEGIN Outer loop
30-Nov 15:45:21:INFO:root:------ Middle 1: 0.0058513294425724715
30-Nov 15:45:21:INFO:root:------ Middle 2: 0.0032280067102756927
30-Nov 15:45:21:INFO:root:------ Middle 3: 0.0024808841017264706
30-Nov 15:45:21:INFO:root:------ Middle 4: 0.0013702044941139929
30-Nov 15:45:21:INFO:root:------ Middle 5: 0.001057807268911305
30-Nov 15:45:21:INFO:root:------ Middle 6: 0.0005866916513493071
30-Nov 15:45:21:INFO:root:------ Middle 7: 0.0004083085489785123
30-Nov 15:45:21:INFO:root:------ Middle 8: 0.0002412131607893274
30-Nov 15:45:22:INFO:root:Starting from 1.245831664627013e-17
30-Nov 15:45:24:INFO:root:-- Outer 1: 0.03958889090764143
30-Nov 15:45:25:INFO:root:------ Middle 1: 0.0033452577819142537
30-Nov 15:45:25:INFO:root:------ Middle 2: 0.001071601151025654
30-Nov 15:45:25:INFO:root:------ Middle 3: 0.0005927789235876034
30-Nov 15:45:25:INFO:root:------ Middle 4: 0.0003617675358990252
30-Nov 15:45:25:INFO:root:------ Middle 5: 0.00021841972948113467
30-Nov 15:45:25:INFO:root:Starting from 1.5154718359098284e-17
30-Nov 15:45:25:INFO:root:-- Outer 2: 0.01918612262530274
30-Nov 15:45:25:INFO:root:------ Middle 1: 0.0006475858198829906
30-Nov 15:45:25:INFO:root:------ Middle 2: 0.00042599391483294675
30-Nov 15:45:25:INFO:root:------ Middle 3: 0.00023781350700422533
30-Nov 15:45:25:INFO:root:Starting from 7.62475365748433e-18
30-Nov 15:45:25:INFO:root:-- Outer 3: 0.0077735020505661796
30-Nov 15:45:25:INFO:root:------ Middle 1: 0.0001937659399928208
30-Nov 15:45:25:INFO:root:Starting from 8.739337582808947e-18
30-Nov 15:45:25:INFO:root:-- Outer 4: 0.007906670950106
30-Nov 15:45:26:INFO:root:------ Middle 1: 0.00027348430842050056
30-Nov 15:45:26:INFO:root:Starting from 6.1814313601813534e-18
30-Nov 15:45:26:INFO:root:-- Outer 5: 0.0019535996715952385
30-Nov 15:45:26:INFO:root:------ Middle 1: 0.00022889030451137294
30-Nov 15:45:26:INFO:root:Starting from 1.0750691210927173e-17
30-Nov 15:45:26:INFO:root:-- Outer 6: 0.0019646042034051074
30-Nov 15:45:26:INFO:root:------ Middle 1: 0.00019023538411482854
30-Nov 15:45:26:INFO:root:Starting from 1.0711719495048214e-17
30-Nov 15:45:26:INFO:root:-- Outer 7: 0.0006982825651959232
30-Nov 15:45:26:INFO:root:END Outer loop
30-Nov 15:45:26:INFO:root:Model trade shares: [0.970541, 0.941577, 0.995741]
30-Nov 15:45:27:INFO:root:Data trade shares: [0.970499, 0.941882, 0.994321]
30-Nov 15:45:27:INFO:root:US prices: [1.00635, 1.00447, 1.00378]
30-Nov 15:45:27:INFO:root:in the data: [1.0, 1.0, 1.0]
30-Nov 15:45:27:INFO:root:Nominal world expenditure: 8.323625210772495e6
30-Nov 15:45:27:INFO:root:--------------In the data: [8.33469e6]
30-Nov 15:45:29:INFO:root:--- Period 13 ---
30-Nov 15:45:29:INFO:root:BEGIN Outer loop
30-Nov 15:46:06:INFO:root:------ Middle 1: 0.0055790682484195275
30-Nov 15:46:07:INFO:root:------ Middle 2: 0.0030779482360264255
30-Nov 15:46:07:INFO:root:------ Middle 1: 0.005585009173375458
30-Nov 15:46:07:INFO:root:------ Middle 1: 0.004503445405118174
30-Nov 15:46:08:INFO:root:------ Middle 2: 0.0030808216439354324
30-Nov 15:46:08:INFO:root:------ Middle 2: 0.0024851146164932597
30-Nov 15:46:09:INFO:root:------ Middle 1: 0.004953305689680436
30-Nov 15:46:09:INFO:root:------ Middle 2: 0.002731651762148263
30-Nov 15:46:10:INFO:root:------ Middle 1: 0.005629170017971754
30-Nov 15:46:10:INFO:root:------ Middle 1: 0.005712254058934021
30-Nov 15:46:11:INFO:root:------ Middle 1: 0.0046571569384374345
30-Nov 15:46:11:INFO:root:------ Middle 2: 0.003105961390985964
30-Nov 15:46:11:INFO:root:------ Middle 1: 0.005701976237966059
30-Nov 15:46:11:INFO:root:------ Middle 2: 0.0031493749896651826
30-Nov 15:46:11:INFO:root:------ Middle 2: 0.00256802515431172
30-Nov 15:46:12:INFO:root:------ Middle 2: 0.00314312817719121
30-Nov 15:46:15:INFO:root:------ Middle 1: 0.005692121675416283
30-Nov 15:46:15:INFO:root:------ Middle 1: 0.005320289631544233
30-Nov 15:46:15:INFO:root:------ Middle 1: 0.005567511553646344
30-Nov 15:46:16:INFO:root:------ Middle 2: 0.003136627131622878
30-Nov 15:46:16:INFO:root:------ Middle 2: 0.0030677564418497166
30-Nov 15:46:16:INFO:root:------ Middle 2: 0.0029323771336602434
30-Nov 15:46:19:INFO:root:------ Middle 1: 0.0045081786316338865
30-Nov 15:46:20:INFO:root:------ Middle 2: 0.002487431178002186
30-Nov 15:46:23:INFO:root:------ Middle 3: 0.0023241437391777267
30-Nov 15:46:24:INFO:root:------ Middle 4: 0.0012854699197006243
30-Nov 15:46:24:INFO:root:------ Middle 3: 0.002032435790325643
30-Nov 15:46:25:INFO:root:------ Middle 3: 0.0023158386755956664
30-Nov 15:46:25:INFO:root:------ Middle 4: 0.0011251879574931574
30-Nov 15:46:26:INFO:root:------ Middle 3: 0.0019135384280249564
30-Nov 15:46:26:INFO:root:------ Middle 4: 0.0012806823947324741
30-Nov 15:46:26:INFO:root:------ Middle 3: 0.0023090229440564784
30-Nov 15:46:26:INFO:root:------ Middle 4: 0.0010591773559979352
30-Nov 15:46:26:INFO:root:------ Middle 3: 0.002334015439988516
30-Nov 15:46:27:INFO:root:------ Middle 4: 0.0012775237610419923
30-Nov 15:46:27:INFO:root:------ Middle 4: 0.0012906922151798002
30-Nov 15:46:28:INFO:root:------ Middle 5: 0.0008894021861352343
30-Nov 15:46:29:INFO:root:------ Middle 5: 0.0007781819622085101
30-Nov 15:46:30:INFO:root:------ Middle 3: 0.0023769888918948865
30-Nov 15:46:30:INFO:root:------ Middle 5: 0.0008852796721616014
30-Nov 15:46:30:INFO:root:------ Middle 6: 0.00045228218690304873
30-Nov 15:46:30:INFO:root:------ Middle 3: 0.0021379490332575175
30-Nov 15:46:30:INFO:root:------ Middle 3: 0.0019364849874998456
30-Nov 15:46:30:INFO:root:------ Middle 4: 0.001313708579758714
30-Nov 15:46:30:INFO:root:------ Middle 5: 0.0007404531047944135
30-Nov 15:46:31:INFO:root:------ Middle 6: 0.0005142311572230948
30-Nov 15:46:31:INFO:root:------ Middle 5: 0.000883632650711105
30-Nov 15:46:31:INFO:root:------ Middle 4: 0.0011837382654245278
30-Nov 15:46:31:INFO:root:------ Middle 3: 0.0022339527841336183
30-Nov 15:46:31:INFO:root:------ Middle 4: 0.001071078632031194
30-Nov 15:46:31:INFO:root:------ Middle 6: 0.0004288693849130864
30-Nov 15:46:31:INFO:root:------ Middle 5: 0.0008899551553047666
30-Nov 15:46:31:INFO:root:------ Middle 6: 0.0005694696871039826
30-Nov 15:46:31:INFO:root:------ Middle 6: 0.0005139667894012648
30-Nov 15:46:31:INFO:root:------ Middle 4: 0.001235677546192203
30-Nov 15:46:32:INFO:root:------ Middle 3: 0.002297666259231597
30-Nov 15:46:32:INFO:root:------ Middle 7: 0.0003316363212988267
30-Nov 15:46:32:INFO:root:------ Middle 6: 0.0005171908830027896
30-Nov 15:46:32:INFO:root:------ Middle 4: 0.0012704517746637807
30-Nov 15:46:32:INFO:root:------ Middle 7: 0.000300390966606359
30-Nov 15:46:33:INFO:root:------ Middle 8: 0.00018745956940187855
30-Nov 15:46:34:INFO:root:------ Middle 7: 0.0003652500052795156
30-Nov 15:46:34:INFO:root:------ Middle 8: 0.00023947831451451033
30-Nov 15:46:34:INFO:root:Starting from 1.2351387234968472e-17
30-Nov 15:46:34:INFO:root:------ Middle 7: 0.0003088435058989237
30-Nov 15:46:34:INFO:root:------ Middle 8: 0.00022371834445141116
30-Nov 15:46:34:INFO:root:------ Middle 7: 0.0003637977391549569
30-Nov 15:46:35:INFO:root:Starting from 1.1873243582296144e-17
30-Nov 15:46:35:INFO:root:------ Middle 8: 0.00019007954165935854
30-Nov 15:46:35:INFO:root:------ Middle 5: 0.0008159554900149554
30-Nov 15:46:35:INFO:root:------ Middle 7: 0.00036582144662223914
30-Nov 15:46:35:INFO:root:-- Outer 1: 0.023435453567148976
30-Nov 15:46:35:INFO:root:Starting from 1.1750245894574028e-17
30-Nov 15:46:35:INFO:root:------ Middle 8: 0.00022342024359565344
30-Nov 15:46:35:INFO:root:------ Middle 5: 0.0008503941349881661
30-Nov 15:46:35:INFO:root:-- Outer 1: 0.03358374397634544
30-Nov 15:46:35:INFO:root:------ Middle 8: 0.0002242606292289405
30-Nov 15:46:36:INFO:root:------ Middle 6: 0.00047471489741057033
30-Nov 15:46:36:INFO:root:------ Middle 5: 0.0007408127635547117
30-Nov 15:46:36:INFO:root:Starting from 1.1861094609006901e-17
30-Nov 15:46:36:INFO:root:------ Middle 1: 0.0019356377714584258
30-Nov 15:46:36:INFO:root:-- Outer 1: 0.03179266722162838
30-Nov 15:46:36:INFO:root:Starting from 1.213184910758321e-17
30-Nov 15:46:36:INFO:root:------ Middle 6: 0.0004950232700829256
30-Nov 15:46:36:INFO:root:------ Middle 1: 0.002655455955722169
30-Nov 15:46:36:INFO:root:Starting from 1.1926213740840229e-17
30-Nov 15:46:36:INFO:root:------ Middle 6: 0.00042996705300913664
30-Nov 15:46:37:INFO:root:-- Outer 1: 0.02350387339970395
30-Nov 15:46:37:INFO:root:------ Middle 1: 0.0024445522601470723
30-Nov 15:46:37:INFO:root:-- Outer 1: 0.029272756146058714
30-Nov 15:46:37:INFO:root:-- Outer 1: 0.030546854122561144
30-Nov 15:46:37:INFO:root:------ Middle 1: 0.001974672716122893
30-Nov 15:46:37:INFO:root:------ Middle 5: 0.0009014898801799293
30-Nov 15:46:38:INFO:root:------ Middle 1: 0.0023022478960586746
30-Nov 15:46:38:INFO:root:------ Middle 7: 0.00031429267523628527
30-Nov 15:46:38:INFO:root:------ Middle 1: 0.0024053485315445825
30-Nov 15:46:39:INFO:root:------ Middle 8: 0.00019595493962361104
30-Nov 15:46:39:INFO:root:------ Middle 7: 0.00034838386150102586
30-Nov 15:46:39:INFO:root:------ Middle 7: 0.0003066320172742445
30-Nov 15:46:40:INFO:root:------ Middle 8: 0.00021444750243554745
30-Nov 15:46:40:INFO:root:Starting from 1.2107788795492052e-17
30-Nov 15:46:40:INFO:root:------ Middle 6: 0.000539610840942398
30-Nov 15:46:40:INFO:root:------ Middle 8: 0.00018864387702611357
30-Nov 15:46:40:INFO:root:------ Middle 4: 0.0010701213412268285
30-Nov 15:46:40:INFO:root:------ Middle 7: 0.000313409720025767
30-Nov 15:46:40:INFO:root:-- Outer 1: 0.02469869827819353
30-Nov 15:46:41:INFO:root:Starting from 1.239432340391978e-17
30-Nov 15:46:41:INFO:root:------ Middle 5: 0.0010088972117233577
30-Nov 15:46:41:INFO:root:Starting from 1.2217242534185437e-17
30-Nov 15:46:41:INFO:root:-- Outer 1: 0.026486303966571197
30-Nov 15:46:41:INFO:root:------ Middle 1: 0.0020498607578144537
30-Nov 15:46:42:INFO:root:------ Middle 6: 0.0005606847405250769
30-Nov 15:46:42:INFO:root:-- Outer 1: 0.023158398267964005
30-Nov 15:46:42:INFO:root:------ Middle 1: 0.002224653628780585
30-Nov 15:46:43:INFO:root:------ Middle 8: 0.00023316429472175723
30-Nov 15:46:43:INFO:root:------ Middle 1: 0.0019141851555779848
30-Nov 15:46:43:INFO:root:Starting from 1.1861125896193868e-17
30-Nov 15:46:44:INFO:root:-- Outer 1: 0.02830903241801734
30-Nov 15:46:45:INFO:root:------ Middle 7: 0.00039233979288807216
30-Nov 15:46:45:INFO:root:------ Middle 5: 0.0007493405226520074
30-Nov 15:46:45:INFO:root:------ Middle 1: 0.002320407671676031
30-Nov 15:46:46:INFO:root:------ Middle 8: 0.00023305817290221183
30-Nov 15:46:47:INFO:root:Starting from 1.1806648060721728e-17
30-Nov 15:46:48:INFO:root:-- Outer 1: 0.03630140577122611
30-Nov 15:46:48:INFO:root:------ Middle 6: 0.00048248020312327463
30-Nov 15:46:48:INFO:root:------ Middle 1: 0.002946678976327345
30-Nov 15:46:49:INFO:root:------ Middle 7: 0.0002821701568254939
30-Nov 15:46:49:INFO:root:Starting from 1.230488181986646e-17
30-Nov 15:46:49:INFO:root:-- Outer 1: 0.024056659986545315
30-Nov 15:46:53:INFO:root:------ Middle 2: 0.0004188409204652731
30-Nov 15:46:54:INFO:root:------ Middle 3: 0.00023618041753261694
30-Nov 15:46:54:INFO:root:Starting from 1.5253626914043196e-17
30-Nov 15:46:54:INFO:root:-- Outer 2: 0.013112381527073846
30-Nov 15:46:57:INFO:root:------ Middle 2: 0.00045429853786248985
30-Nov 15:46:58:INFO:root:------ Middle 3: 0.0002552113424308912
30-Nov 15:46:58:INFO:root:------ Middle 2: 0.0005508989850796221
30-Nov 15:46:58:INFO:root:Starting from 1.7345840333391367e-17
30-Nov 15:46:58:INFO:root:-- Outer 2: 0.013135471044086097
30-Nov 15:46:58:INFO:root:------ Middle 2: 0.000607187078724787
30-Nov 15:46:58:INFO:root:------ Middle 2: 0.0005669536899254675
30-Nov 15:46:58:INFO:root:------ Middle 3: 0.0003085127763899557
30-Nov 15:46:59:INFO:root:------ Middle 3: 0.0003171344269959155
30-Nov 15:46:59:INFO:root:------ Middle 3: 0.00033874580730658947
30-Nov 15:47:00:INFO:root:------ Middle 2: 0.000698847126499345
30-Nov 15:47:00:INFO:root:------ Middle 2: 0.00045610340614801346
30-Nov 15:47:00:INFO:root:------ Middle 3: 0.0003889346212257687
30-Nov 15:47:01:INFO:root:------ Middle 2: 0.0005411213957854938
30-Nov 15:47:01:INFO:root:------ Middle 3: 0.0002566033308318361
30-Nov 15:47:01:INFO:root:Starting from 1.9528433520852925e-17
30-Nov 15:47:01:INFO:root:-- Outer 2: 0.013691642702033872
30-Nov 15:47:01:INFO:root:------ Middle 4: 0.0001904794802430635
30-Nov 15:47:01:INFO:root:Starting from 1.6034185112190202e-17
30-Nov 15:47:01:INFO:root:-- Outer 2: 0.015926779276931504
30-Nov 15:47:01:INFO:root:------ Middle 4: 0.0002009047523107615
30-Nov 15:47:01:INFO:root:------ Middle 4: 0.00019879335440731077
30-Nov 15:47:01:INFO:root:Starting from 1.4326673565141816e-17
30-Nov 15:47:01:INFO:root:-- Outer 2: 0.016492505048548687
30-Nov 15:47:01:INFO:root:Starting from 1.3515659011468524e-17
30-Nov 15:47:01:INFO:root:-- Outer 2: 0.015276596711820597
30-Nov 15:47:01:INFO:root:------ Middle 3: 0.00030243272389941426
30-Nov 15:47:02:INFO:root:------ Middle 1: 0.0006351437354926362
30-Nov 15:47:02:INFO:root:------ Middle 1: 0.0006028342359733852
30-Nov 15:47:02:INFO:root:------ Middle 1: 0.0005934269107440495
30-Nov 15:47:03:INFO:root:------ Middle 4: 0.00022919059789957782
30-Nov 15:47:03:INFO:root:Starting from 1.423483706895567e-17
30-Nov 15:47:03:INFO:root:-- Outer 2: 0.017087213308392114
30-Nov 15:47:03:INFO:root:------ Middle 2: 0.0004611282030195847
30-Nov 15:47:04:INFO:root:------ Middle 1: 0.0006237346348860148
30-Nov 15:47:04:INFO:root:------ Middle 4: 0.00019250782607561136
30-Nov 15:47:04:INFO:root:Starting from 1.5456782931760345e-17
30-Nov 15:47:04:INFO:root:-- Outer 2: 0.013961336700329969
30-Nov 15:47:04:INFO:root:------ Middle 3: 0.0002584588633093415
30-Nov 15:47:04:INFO:root:Starting from 1.8530427044740257e-17
30-Nov 15:47:04:INFO:root:-- Outer 2: 0.01279365559659123
30-Nov 15:47:05:INFO:root:------ Middle 1: 0.0005926587587820891
30-Nov 15:47:06:INFO:root:------ Middle 2: 0.0005847292708072537
30-Nov 15:47:07:INFO:root:------ Middle 3: 0.00032638649164627584
30-Nov 15:47:10:INFO:root:------ Middle 4: 0.00020579679128012457
30-Nov 15:47:10:INFO:root:Starting from 1.688044998463239e-17
30-Nov 15:47:10:INFO:root:-- Outer 2: 0.014538042337339968
30-Nov 15:47:10:INFO:root:------ Middle 1: 0.000622138520597099
30-Nov 15:47:12:INFO:root:------ Middle 1: 0.0002945569513644174
30-Nov 15:47:12:INFO:root:Starting from 1.9542230060379936e-17
30-Nov 15:47:12:INFO:root:-- Outer 3: 0.0049741044759030175
30-Nov 15:47:13:INFO:root:------ Middle 1: 0.0005125476164770326
30-Nov 15:47:13:INFO:root:------ Middle 1: 0.0002750502992697217
30-Nov 15:47:13:INFO:root:Starting from 1.898164040604326e-17
30-Nov 15:47:13:INFO:root:-- Outer 4: 0.005098765329939889
30-Nov 15:47:14:INFO:root:------ Middle 2: 0.0002768474763940032
30-Nov 15:47:14:INFO:root:Starting from 1.9799332871336084e-17
30-Nov 15:47:14:INFO:root:-- Outer 2: 0.012088405574351261
30-Nov 15:47:14:INFO:root:------ Middle 2: 0.0008728551511145026
30-Nov 15:47:15:INFO:root:------ Middle 3: 0.00048413365593879697
30-Nov 15:47:18:INFO:root:------ Middle 4: 0.00029775525929949173
30-Nov 15:47:18:INFO:root:Starting from 1.8681226879864206e-17
30-Nov 15:47:18:INFO:root:-- Outer 2: 0.017866010211461544
30-Nov 15:47:19:INFO:root:------ Middle 1: 0.0005890403868164072
30-Nov 15:47:19:INFO:root:------ Middle 2: 0.0003748004695081053
30-Nov 15:47:20:INFO:root:------ Middle 1: 0.0003058713822610658
30-Nov 15:47:20:INFO:root:------ Middle 2: 0.0003810463672408345
30-Nov 15:47:20:INFO:root:------ Middle 3: 0.0002113261830745951
30-Nov 15:47:20:INFO:root:Starting from 1.6824065974055392e-17
30-Nov 15:47:20:INFO:root:-- Outer 3: 0.006619464222992172
30-Nov 15:47:20:INFO:root:------ Middle 1: 0.00030485851730784513
30-Nov 15:47:20:INFO:root:------ Middle 2: 0.00017136896666903174
30-Nov 15:47:20:INFO:root:Starting from 2.1719035599419548e-17
30-Nov 15:47:20:INFO:root:-- Outer 3: 0.0049135733761819945
30-Nov 15:47:21:INFO:root:------ Middle 3: 0.000214753039069209
30-Nov 15:47:21:INFO:root:Starting from 1.2741464316550822e-17
30-Nov 15:47:21:INFO:root:-- Outer 3: 0.006403388761889031
30-Nov 15:47:21:INFO:root:------ Middle 1: 0.0002151427477809933
30-Nov 15:47:21:INFO:root:Starting from 1.4176466574093255e-17
30-Nov 15:47:21:INFO:root:-- Outer 4: 0.006727597496002291
30-Nov 15:47:21:INFO:root:------ Middle 2: 0.0001712272172241353
30-Nov 15:47:21:INFO:root:Starting from 1.1754940797531093e-17
30-Nov 15:47:21:INFO:root:-- Outer 3: 0.005092104005644771
30-Nov 15:47:21:INFO:root:------ Middle 2: 0.00039371701179488644
30-Nov 15:47:21:INFO:root:------ Middle 1: 0.00022529588433795432
30-Nov 15:47:21:INFO:root:Starting from 1.8178512287168754e-17
30-Nov 15:47:21:INFO:root:-- Outer 4: 0.0050369618121249874
30-Nov 15:47:21:INFO:root:------ Middle 1: 0.00023045029540395509
30-Nov 15:47:21:INFO:root:Starting from 1.8021051128829963e-17
30-Nov 15:47:21:INFO:root:-- Outer 4: 0.006567918898490092
30-Nov 15:47:22:INFO:root:------ Middle 1: 0.00024537517505825016
30-Nov 15:47:22:INFO:root:Starting from 1.7340267918626866e-17
30-Nov 15:47:22:INFO:root:-- Outer 4: 0.005179723999450411
30-Nov 15:47:22:INFO:root:------ Middle 3: 0.0002209776762742563
30-Nov 15:47:22:INFO:root:Starting from 1.5090683889505635e-17
30-Nov 15:47:22:INFO:root:-- Outer 3: 0.006805676362630366
30-Nov 15:47:23:INFO:root:------ Middle 1: 0.00019291719743284597
30-Nov 15:47:23:INFO:root:Starting from 1.6228530039047876e-17
30-Nov 15:47:23:INFO:root:-- Outer 4: 0.0069578089860077895
30-Nov 15:47:23:INFO:root:------ Middle 2: 0.0003501285195404754
30-Nov 15:47:24:INFO:root:------ Middle 3: 0.00019737697714890837
30-Nov 15:47:24:INFO:root:Starting from 1.5775813747909456e-17
30-Nov 15:47:24:INFO:root:-- Outer 3: 0.0058632395103063485
30-Nov 15:47:24:INFO:root:------ Middle 2: 0.00041314556358111365
30-Nov 15:47:25:INFO:root:------ Middle 1: 0.0002197705983547732
30-Nov 15:47:25:INFO:root:Starting from 1.7072214920540714e-17
30-Nov 15:47:25:INFO:root:-- Outer 4: 0.005938392886535667
30-Nov 15:47:25:INFO:root:------ Middle 1: 0.0003159234467265771
30-Nov 15:47:25:INFO:root:------ Middle 3: 0.00023139264589432955
30-Nov 15:47:25:INFO:root:Starting from 1.4616998262681594e-17
30-Nov 15:47:25:INFO:root:-- Outer 3: 0.006988009007786734
30-Nov 15:47:25:INFO:root:------ Middle 2: 0.00017652204082671693
30-Nov 15:47:25:INFO:root:Starting from 1.737883777606733e-17
30-Nov 15:47:25:INFO:root:-- Outer 3: 0.004769250134754791
30-Nov 15:47:26:INFO:root:------ Middle 1: 0.00021368154772244717
30-Nov 15:47:26:INFO:root:Starting from 1.2936076691352255e-17
30-Nov 15:47:26:INFO:root:-- Outer 4: 0.007123664871541801
30-Nov 15:47:26:INFO:root:------ Middle 1: 0.00023676425877011657
30-Nov 15:47:26:INFO:root:Starting from 1.9170312589741946e-17
30-Nov 15:47:26:INFO:root:-- Outer 4: 0.00489456743481478
30-Nov 15:47:28:INFO:root:------ Middle 2: 0.0003812444842266027
30-Nov 15:47:29:INFO:root:------ Middle 3: 0.00021433545628716155
30-Nov 15:47:29:INFO:root:Starting from 1.4107546783041554e-17
30-Nov 15:47:29:INFO:root:-- Outer 3: 0.006133475582913259
30-Nov 15:47:30:INFO:root:------ Middle 1: 0.00027415994524658863
30-Nov 15:47:30:INFO:root:Starting from 1.6846636752436306e-17
30-Nov 15:47:30:INFO:root:-- Outer 4: 0.006306989259813815
30-Nov 15:47:30:INFO:root:------ Middle 1: 0.00032346658621617614
30-Nov 15:47:30:INFO:root:------ Middle 2: 0.00018089518053858558
30-Nov 15:47:30:INFO:root:Starting from 1.6647565204072308e-17
30-Nov 15:47:30:INFO:root:-- Outer 5: 0.0012082866108855507
30-Nov 15:47:31:INFO:root:------ Middle 1: 0.00018194698910508855
30-Nov 15:47:31:INFO:root:Starting from 1.5181027895411423e-17
30-Nov 15:47:31:INFO:root:-- Outer 6: 0.0012540534786091007
30-Nov 15:47:33:INFO:root:------ Middle 1: 0.0003423802696659399
30-Nov 15:47:34:INFO:root:------ Middle 2: 0.00018621140681867847
30-Nov 15:47:34:INFO:root:Starting from 1.552924046830397e-17
30-Nov 15:47:34:INFO:root:-- Outer 3: 0.005376217701726405
30-Nov 15:47:36:INFO:root:------ Middle 1: 0.00021159325545145778
30-Nov 15:47:36:INFO:root:Starting from 1.5887404985213757e-17
30-Nov 15:47:36:INFO:root:-- Outer 7: 0.0006714064113891809
30-Nov 15:47:36:INFO:root:END Outer loop
30-Nov 15:47:37:INFO:root:------ Middle 1: 0.00028832381327158695
30-Nov 15:47:37:INFO:root:Starting from 1.5001201774963365e-17
30-Nov 15:47:37:INFO:root:-- Outer 5: 0.0011251521368829144
30-Nov 15:47:37:INFO:root:Model trade shares: [0.969074, 0.910446, 0.975049]
30-Nov 15:47:37:INFO:root:Data trade shares: [0.976496, 0.933524, 0.973934]
30-Nov 15:47:37:INFO:root:US prices: [1.43537, 1.01119, 1.01946]
30-Nov 15:47:37:INFO:root:in the data: [2.96155, 2.01858, 2.01858]
30-Nov 15:47:38:INFO:root:------ Middle 1: 0.0002801129790694487
30-Nov 15:47:38:INFO:root:Starting from 1.2799488656294946e-17
30-Nov 15:47:38:INFO:root:-- Outer 5: 0.0016267045968256116
30-Nov 15:47:38:INFO:root:Nominal world expenditure: 1.1603196429213524e7
30-Nov 15:47:38:INFO:root:------ Middle 1: 0.0002409827759569721
30-Nov 15:47:38:INFO:root:Starting from 1.6421020406926273e-17
30-Nov 15:47:38:INFO:root:-- Outer 6: 0.0011549934529775483
30-Nov 15:47:38:INFO:root:------ Middle 1: 0.0002720921592630187
30-Nov 15:47:38:INFO:root:------ Middle 1: 0.00037094815462335585
30-Nov 15:47:38:INFO:root:Starting from 1.6999968105602944e-17
30-Nov 15:47:38:INFO:root:-- Outer 5: 0.001100342413902978
30-Nov 15:47:38:INFO:root:------ Middle 1: 0.00023451741691471234
30-Nov 15:47:38:INFO:root:Starting from 1.46789010428302e-17
30-Nov 15:47:38:INFO:root:-- Outer 6: 0.0016542257351720767
30-Nov 15:47:38:INFO:root:--------------In the data: [2.33649e7]
30-Nov 15:47:39:INFO:root:------ Middle 1: 0.0003275822163887022
30-Nov 15:47:39:INFO:root:------ Middle 2: 0.00020742597709612188
30-Nov 15:47:39:INFO:root:Starting from 1.8587900680263317e-17
30-Nov 15:47:39:INFO:root:-- Outer 5: 0.001727040199002464
30-Nov 15:47:39:INFO:root:------ Middle 1: 0.0002236137949728149
30-Nov 15:47:39:INFO:root:Starting from 1.5191655998741187e-17
30-Nov 15:47:39:INFO:root:-- Outer 6: 0.0011213822112283844
30-Nov 15:47:39:INFO:root:------ Middle 2: 0.0004336666821690655
30-Nov 15:47:39:INFO:root:--- Period 14 ---
30-Nov 15:47:39:INFO:root:BEGIN Outer loop
30-Nov 15:47:40:INFO:root:------ Middle 2: 0.00017081865283884366
30-Nov 15:47:40:INFO:root:Starting from 1.5746538880024893e-17
30-Nov 15:47:40:INFO:root:-- Outer 4: 0.003178718732162692
30-Nov 15:47:40:INFO:root:------ Middle 1: 0.00022357215630042172
30-Nov 15:47:40:INFO:root:Starting from 1.3645317676603971e-17
30-Nov 15:47:40:INFO:root:-- Outer 6: 0.0017787476616602542
30-Nov 15:47:40:INFO:root:------ Middle 3: 0.00024260593155969626
30-Nov 15:47:40:INFO:root:Starting from 1.676396906406745e-17
30-Nov 15:47:40:INFO:root:-- Outer 3: 0.007313173743648641
30-Nov 15:47:41:INFO:root:------ Middle 1: 0.00019312816472117673
30-Nov 15:47:41:INFO:root:Starting from 1.5046507351711236e-17
30-Nov 15:47:41:INFO:root:-- Outer 4: 0.007446117275085798
30-Nov 15:47:41:INFO:root:------ Middle 1: 0.00028641604218286365
30-Nov 15:47:41:INFO:root:Starting from 1.6672704437856762e-17
30-Nov 15:47:41:INFO:root:-- Outer 5: 0.001450250358923357
30-Nov 15:47:41:INFO:root:------ Middle 1: 0.000307763647220071
30-Nov 15:47:42:INFO:root:------ Middle 1: 0.00024008047145386
30-Nov 15:47:42:INFO:root:Starting from 1.2228486661479116e-17
30-Nov 15:47:42:INFO:root:-- Outer 6: 0.0014783364305416837
30-Nov 15:47:42:INFO:root:------ Middle 2: 0.0001724251964991986
30-Nov 15:47:42:INFO:root:Starting from 1.334767577194198e-17
30-Nov 15:47:42:INFO:root:-- Outer 5: 0.0017814915885675932
30-Nov 15:47:43:INFO:root:------ Middle 1: 0.00029740981585966444
30-Nov 15:47:43:INFO:root:Starting from 1.4628886235711397e-17
30-Nov 15:47:43:INFO:root:-- Outer 5: 0.0011608241500859408
30-Nov 15:47:43:INFO:root:------ Middle 1: 0.00018895747303059916
30-Nov 15:47:43:INFO:root:Starting from 1.275570529551908e-17
30-Nov 15:47:43:INFO:root:-- Outer 6: 0.0018297635906350455
30-Nov 15:47:43:INFO:root:------ Middle 1: 0.00024245055505409032
30-Nov 15:47:43:INFO:root:Starting from 1.9766875733488075e-17
30-Nov 15:47:43:INFO:root:-- Outer 7: 0.0006355518309344441
30-Nov 15:47:43:INFO:root:END Outer loop
30-Nov 15:47:43:INFO:root:------ Middle 1: 0.00026913169735531486
30-Nov 15:47:43:INFO:root:Starting from 1.4473240136821974e-17
30-Nov 15:47:43:INFO:root:------ Middle 1: 0.00024543001629263113
30-Nov 15:47:43:INFO:root:-- Outer 5: 0.00201572998770756
30-Nov 15:47:43:INFO:root:Starting from 1.703416684516692e-17
30-Nov 15:47:43:INFO:root:-- Outer 6: 0.0012046397353860606
30-Nov 15:47:44:INFO:root:------ Middle 1: 0.0003107024116290718
30-Nov 15:47:44:INFO:root:------ Middle 1: 0.0002609019083354458
30-Nov 15:47:44:INFO:root:Starting from 1.479551478008076e-17
30-Nov 15:47:44:INFO:root:-- Outer 6: 0.0019168959887678964
30-Nov 15:47:44:INFO:root:------ Middle 1: 0.00021770976603069427
30-Nov 15:47:44:INFO:root:Starting from 1.4948028334054182e-17
30-Nov 15:47:44:INFO:root:------ Middle 1: 0.00021751559650422098
30-Nov 15:47:44:INFO:root:-- Outer 7: 0.0007365004766234352
30-Nov 15:47:44:INFO:root:END Outer loop
30-Nov 15:47:44:INFO:root:Starting from 1.733525911348206e-17
30-Nov 15:47:44:INFO:root:-- Outer 7: 0.0005920973790940299
30-Nov 15:47:44:INFO:root:END Outer loop
30-Nov 15:47:44:INFO:root:------ Middle 2: 0.0001734672322155155
30-Nov 15:47:44:INFO:root:Starting from 1.3844289510479121e-17
30-Nov 15:47:44:INFO:root:-- Outer 5: 0.0018373610618361924
30-Nov 15:47:44:INFO:root:Model trade shares: [0.967333, 0.908161, 0.984726]
30-Nov 15:47:45:INFO:root:Data trade shares: [0.971471, 0.927429, 0.989384]
30-Nov 15:47:45:INFO:root:US prices: [1.40048, 1.02647, 1.04306]
30-Nov 15:47:45:INFO:root:in the data: [2.72526, 1.92631, 1.92631]
30-Nov 15:47:45:INFO:root:------ Middle 1: 0.0002650285367637384
30-Nov 15:47:45:INFO:root:Starting from 1.6273082161144102e-17
30-Nov 15:47:45:INFO:root:-- Outer 7: 0.0008628026954421887
30-Nov 15:47:45:INFO:root:END Outer loop
30-Nov 15:47:45:INFO:root:Nominal world expenditure: 1.1875854187704716e7
30-Nov 15:47:45:INFO:root:------ Middle 1: 0.0001866690543711138
30-Nov 15:47:45:INFO:root:Starting from 1.398397459703728e-17
30-Nov 15:47:45:INFO:root:-- Outer 6: 0.0018943019810208808
30-Nov 15:47:45:INFO:root:Model trade shares: [0.964502, 0.916264, 0.98029]
30-Nov 15:47:45:INFO:root:Data trade shares: [0.972765, 0.936372, 0.980463]
30-Nov 15:47:45:INFO:root:US prices: [1.37662, 0.973556, 0.968857]
30-Nov 15:47:45:INFO:root:in the data: [3.02084, 2.07936, 2.07936]
30-Nov 15:47:45:INFO:root:Model trade shares: [0.959223, 0.922498, 0.99061]
30-Nov 15:47:46:INFO:root:Data trade shares: [0.967429, 0.940539, 0.992695]
30-Nov 15:47:46:INFO:root:US prices: [1.22172, 1.08766, 1.08632]
30-Nov 15:47:46:INFO:root:in the data: [1.63396, 1.43854, 1.43854]
30-Nov 15:47:46:INFO:root:Nominal world expenditure: 1.1215747308383742e7
30-Nov 15:47:46:INFO:root:Nominal world expenditure: 1.026820018199442e7
30-Nov 15:47:45:INFO:root:--------------In the data: [2.2953e7]
30-Nov 15:47:46:INFO:root:Model trade shares: [0.956547, 0.915031, 0.990058]
30-Nov 15:47:46:INFO:root:Data trade shares: [0.959721, 0.934044, 0.992669]
30-Nov 15:47:46:INFO:root:US prices: [1.25736, 1.07401, 1.07397]
30-Nov 15:47:46:INFO:root:in the data: [1.70549, 1.50868, 1.50868]
30-Nov 15:47:46:INFO:root:------ Middle 1: 0.00023382869642209948
30-Nov 15:47:46:INFO:root:Starting from 1.7728614329056868e-17
30-Nov 15:47:46:INFO:root:-- Outer 7: 0.000720469706029859
30-Nov 15:47:46:INFO:root:END Outer loop
30-Nov 15:47:46:INFO:root:Nominal world expenditure: 1.0710696386303183e7
30-Nov 15:47:46:INFO:root:--- Period 15 ---
30-Nov 15:47:46:INFO:root:BEGIN Outer loop
30-Nov 15:47:47:INFO:root:------ Middle 1: 0.00040503240103811086
30-Nov 15:47:46:INFO:root:--------------In the data: [2.36221e7]
30-Nov 15:47:46:INFO:root:--------------In the data: [1.37348e7]
30-Nov 15:47:47:INFO:root:--- Period 16 ---
30-Nov 15:47:47:INFO:root:BEGIN Outer loop
30-Nov 15:47:47:INFO:root:------ Middle 2: 0.0002248809343609245
30-Nov 15:47:47:INFO:root:Starting from 1.94154480335568e-17
30-Nov 15:47:47:INFO:root:-- Outer 5: 0.0017486427186503184
30-Nov 15:47:47:INFO:root:--------------In the data: [1.54393e7]
30-Nov 15:47:47:INFO:root:Model trade shares: [0.964006, 0.913186, 0.98919]
30-Nov 15:47:48:INFO:root:Data trade shares: [0.966266, 0.92464, 0.992831]
30-Nov 15:47:48:INFO:root:US prices: [1.34763, 1.03833, 1.05675]
30-Nov 15:47:48:INFO:root:in the data: [2.27198, 1.79075, 1.79075]
30-Nov 15:47:48:INFO:root:------ Middle 1: 0.0003059722603204345
30-Nov 15:47:48:INFO:root:--- Period 17 ---
30-Nov 15:47:48:INFO:root:BEGIN Outer loop
30-Nov 15:47:48:INFO:root:Nominal world expenditure: 1.1625825084509015e7
30-Nov 15:47:48:INFO:root:------ Middle 1: 0.0002126937044796378
30-Nov 15:47:48:INFO:root:Starting from 1.667060414073579e-17
30-Nov 15:47:48:INFO:root:-- Outer 7: 0.000772162612849932
30-Nov 15:47:48:INFO:root:END Outer loop
30-Nov 15:47:48:INFO:root:------ Middle 1: 0.0002378091734335982
30-Nov 15:47:48:INFO:root:Starting from 1.8362822173259068e-17
30-Nov 15:47:48:INFO:root:-- Outer 6: 0.0018023612139342218
30-Nov 15:47:48:INFO:root:--- Period 18 ---
30-Nov 15:47:48:INFO:root:BEGIN Outer loop
30-Nov 15:47:48:INFO:root:------ Middle 2: 0.0001633047895231308
30-Nov 15:47:48:INFO:root:Starting from 1.3876301815310835e-17
30-Nov 15:47:48:INFO:root:-- Outer 7: 0.0004949374194070681
30-Nov 15:47:48:INFO:root:END Outer loop
30-Nov 15:47:49:INFO:root:------ Middle 1: 0.0002478354937757444
30-Nov 15:47:49:INFO:root:Starting from 1.570872459830869e-17
30-Nov 15:47:49:INFO:root:-- Outer 7: 0.0006591741755562092
30-Nov 15:47:49:INFO:root:END Outer loop
30-Nov 15:47:49:INFO:root:Model trade shares: [0.957743, 0.899128, 0.987397]
30-Nov 15:47:49:INFO:root:Data trade shares: [0.971404, 0.929028, 0.993445]
30-Nov 15:47:49:INFO:root:US prices: [1.27998, 0.948915, 0.952058]
30-Nov 15:47:49:INFO:root:in the data: [2.9591, 2.1512, 2.1512]
30-Nov 15:47:49:INFO:root:Nominal world expenditure: 1.1232950080897728e7
30-Nov 15:47:49:INFO:root:--------------In the data: [2.42511e7]
30-Nov 15:47:49:INFO:root:--- Period 19 ---
30-Nov 15:47:49:INFO:root:BEGIN Outer loop
30-Nov 15:47:48:INFO:root:--------------In the data: [2.07618e7]
30-Nov 15:47:49:INFO:root:Model trade shares: [0.964556, 0.925328, 0.992937]
30-Nov 15:47:49:INFO:root:Data trade shares: [0.975035, 0.947136, 0.993826]
30-Nov 15:47:49:INFO:root:US prices: [1.18349, 1.0911, 1.09442]
30-Nov 15:47:49:INFO:root:in the data: [1.5623, 1.46271, 1.46271]
30-Nov 15:47:49:INFO:root:--- Period 20 ---
30-Nov 15:47:49:INFO:root:Nominal world expenditure: 1.0008436989095055e7
30-Nov 15:47:50:INFO:root:BEGIN Outer loop
30-Nov 15:47:49:INFO:root:Model trade shares: [0.970777, 0.918164, 0.974754]
30-Nov 15:47:50:INFO:root:Data trade shares: [0.97676, 0.939693, 0.972749]
30-Nov 15:47:50:INFO:root:US prices: [1.4362, 0.998633, 0.995661]
30-Nov 15:47:50:INFO:root:in the data: [3.07991, 2.04761, 2.04761]
30-Nov 15:47:50:INFO:root:Nominal world expenditure: 1.1326047344344268e7
30-Nov 15:47:51:INFO:root:------ Middle 1: 0.00020752256679199655
30-Nov 15:47:51:INFO:root:Starting from 1.3106824431543584e-17
30-Nov 15:47:51:INFO:root:-- Outer 7: 0.0007869804193876906
30-Nov 15:47:51:INFO:root:END Outer loop
30-Nov 15:47:50:INFO:root:--------------In the data: [1.27847e7]
30-Nov 15:47:51:INFO:root:--- Period 21 ---
30-Nov 15:47:51:INFO:root:BEGIN Outer loop
30-Nov 15:47:50:INFO:root:--------------In the data: [2.31824e7]
30-Nov 15:47:52:INFO:root:--- Period 22 ---
30-Nov 15:47:52:INFO:root:BEGIN Outer loop
30-Nov 15:47:52:INFO:root:Model trade shares: [0.967033, 0.925033, 0.993864]
30-Nov 15:47:52:INFO:root:Data trade shares: [0.973362, 0.938447, 0.994052]
30-Nov 15:47:52:INFO:root:US prices: [1.13436, 1.07857, 1.0852]
30-Nov 15:47:52:INFO:root:in the data: [1.46789, 1.34924, 1.34924]
30-Nov 15:47:52:INFO:root:Nominal world expenditure: 9.449762682360256e6
30-Nov 15:47:53:INFO:root:------ Middle 1: 0.0002876182779139405
30-Nov 15:47:53:INFO:root:Starting from 1.821040102580796e-17
30-Nov 15:47:53:INFO:root:-- Outer 7: 0.0008990531550000942
30-Nov 15:47:53:INFO:root:END Outer loop
30-Nov 15:47:52:INFO:root:--------------In the data: [1.15794e7]
30-Nov 15:47:54:INFO:root:Model trade shares: [0.95896, 0.915348, 0.98996]
30-Nov 15:47:54:INFO:root:Data trade shares: [0.961487, 0.929057, 0.992737]
30-Nov 15:47:54:INFO:root:US prices: [1.29551, 1.05146, 1.06275]
30-Nov 15:47:54:INFO:root:in the data: [1.96012, 1.64035, 1.64035]
30-Nov 15:47:54:INFO:root:--- Period 23 ---
30-Nov 15:47:54:INFO:root:BEGIN Outer loop
30-Nov 15:47:54:INFO:root:Nominal world expenditure: 1.1089459005212104e7
30-Nov 15:47:54:INFO:root:--------------In the data: [1.80704e7]
30-Nov 15:47:56:INFO:root:--- Period 24 ---
30-Nov 15:47:56:INFO:root:BEGIN Outer loop
30-Nov 15:48:00:INFO:root:------ Middle 1: 0.00028514624692299134
30-Nov 15:48:00:INFO:root:Starting from 1.5323779909697886e-17
30-Nov 15:48:00:INFO:root:-- Outer 5: 0.0018566168311993736
30-Nov 15:48:01:INFO:root:------ Middle 1: 0.0002376598113434708
30-Nov 15:48:01:INFO:root:Starting from 1.6560992096390255e-17
30-Nov 15:48:01:INFO:root:-- Outer 6: 0.0018713808075848165
30-Nov 15:48:06:INFO:root:------ Middle 1: 0.00020739717160853829
30-Nov 15:48:06:INFO:root:Starting from 1.562516572721303e-17
30-Nov 15:48:06:INFO:root:-- Outer 7: 0.0007227144644485207
30-Nov 15:48:06:INFO:root:END Outer loop
30-Nov 15:48:07:INFO:root:Model trade shares: [0.967057, 0.937663, 0.994123]
30-Nov 15:48:07:INFO:root:Data trade shares: [0.970394, 0.938128, 0.99445]
30-Nov 15:48:07:INFO:root:US prices: [1.07137, 1.04543, 1.05101]
30-Nov 15:48:07:INFO:root:in the data: [1.21921, 1.17859, 1.17859]
30-Nov 15:48:08:INFO:root:Nominal world expenditure: 8.673504631441625e6
30-Nov 15:48:08:INFO:root:--------------In the data: [1.02443e7]
30-Nov 15:48:09:INFO:root:--- Period 25 ---
30-Nov 15:48:09:INFO:root:BEGIN Outer loop
30-Nov 15:48:31:INFO:root:------ Middle 1: 0.004668278694475327
30-Nov 15:48:32:INFO:root:------ Middle 2: 0.002576725745932602
30-Nov 15:48:36:INFO:root:------ Middle 1: 0.004912358617941509
30-Nov 15:48:37:INFO:root:------ Middle 2: 0.0027101824449572457
30-Nov 15:48:42:INFO:root:------ Middle 1: 0.005185400378785175
30-Nov 15:48:43:INFO:root:------ Middle 2: 0.00286041241592028
30-Nov 15:48:46:INFO:root:------ Middle 1: 0.005156202176398988
30-Nov 15:48:47:INFO:root:------ Middle 1: 0.005682905932089726
30-Nov 15:48:47:INFO:root:------ Middle 2: 0.0028436467389929047
30-Nov 15:48:47:INFO:root:------ Middle 2: 0.0031327291775696906
30-Nov 15:48:48:INFO:root:------ Middle 1: 0.005419563499787209
30-Nov 15:48:48:INFO:root:------ Middle 1: 0.00566664852248457
30-Nov 15:48:49:INFO:root:------ Middle 1: 0.005448080370476984
30-Nov 15:48:49:INFO:root:------ Middle 2: 0.0029890662220641837
30-Nov 15:48:49:INFO:root:------ Middle 2: 0.003124142754857836
30-Nov 15:48:50:INFO:root:------ Middle 2: 0.00300326903180965
30-Nov 15:48:51:INFO:root:------ Middle 3: 0.0020125761642835215
30-Nov 15:48:51:INFO:root:------ Middle 1: 0.004975588786442683
30-Nov 15:48:52:INFO:root:------ Middle 4: 0.0011138488195094715
30-Nov 15:48:52:INFO:root:------ Middle 2: 0.002745414373203502
30-Nov 15:48:53:INFO:root:------ Middle 1: 0.004849242421801583
30-Nov 15:48:54:INFO:root:------ Middle 2: 0.002675096333946727
30-Nov 15:48:54:INFO:root:------ Middle 1: 0.005635239103395705
30-Nov 15:48:54:INFO:root:------ Middle 3: 0.0021010093284778795
30-Nov 15:48:55:INFO:root:------ Middle 2: 0.0031048631827821894
30-Nov 15:48:55:INFO:root:------ Middle 4: 0.0011624907978272222
30-Nov 15:48:56:INFO:root:------ Middle 5: 0.0007823499031597257
30-Nov 15:48:59:INFO:root:------ Middle 6: 0.0005024513270149613
30-Nov 15:48:59:INFO:root:------ Middle 5: 0.0008170185236883138
30-Nov 15:49:01:INFO:root:------ Middle 7: 0.0003279939354912347
30-Nov 15:49:01:INFO:root:------ Middle 3: 0.0022077818842049513
30-Nov 15:49:02:INFO:root:------ Middle 4: 0.0012212090415113412
30-Nov 15:49:02:INFO:root:------ Middle 8: 0.0001970393005693678
30-Nov 15:49:02:INFO:root:Starting from 1.2194744806689456e-17
30-Nov 15:49:02:INFO:root:-- Outer 1: 0.025346420069773674
30-Nov 15:49:02:INFO:root:------ Middle 6: 0.0005236615900029008
30-Nov 15:49:03:INFO:root:------ Middle 3: 0.0023700477763581498
30-Nov 15:49:03:INFO:root:------ Middle 1: 0.004784590303819687
30-Nov 15:49:04:INFO:root:------ Middle 4: 0.0013110865263609923
30-Nov 15:49:04:INFO:root:------ Middle 7: 0.00034173324576894154
30-Nov 15:49:04:INFO:root:------ Middle 2: 0.002639776850060864
30-Nov 15:49:05:INFO:root:------ Middle 8: 0.00020525341171488348
30-Nov 15:49:05:INFO:root:Starting from 1.2059245575204135e-17
30-Nov 15:49:05:INFO:root:-- Outer 1: 0.026376840093012496
30-Nov 15:49:05:INFO:root:------ Middle 3: 0.0022067647008660817
30-Nov 15:49:05:INFO:root:------ Middle 1: 0.002419859012291789
30-Nov 15:49:05:INFO:root:------ Middle 4: 0.0012209817603251027
30-Nov 15:49:05:INFO:root:------ Middle 5: 0.0008579559022747852
30-Nov 15:49:07:INFO:root:------ Middle 3: 0.00237576724628624
30-Nov 15:49:07:INFO:root:------ Middle 4: 0.0013141004947200747
30-Nov 15:49:07:INFO:root:------ Middle 3: 0.002299881136675711
30-Nov 15:49:08:INFO:root:------ Middle 5: 0.0009255014063700735
30-Nov 15:49:08:INFO:root:------ Middle 6: 0.0005499433017855024
30-Nov 15:49:08:INFO:root:------ Middle 4: 0.0012726564425384157
30-Nov 15:49:08:INFO:root:------ Middle 3: 0.002284474741986171
30-Nov 15:49:09:INFO:root:------ Middle 7: 0.00032111906456941766
30-Nov 15:49:09:INFO:root:------ Middle 4: 0.0012629485457338052
30-Nov 15:49:10:INFO:root:------ Middle 6: 0.0005758761425332016
30-Nov 15:49:10:INFO:root:------ Middle 3: 0.0020987717410353474
30-Nov 15:49:10:INFO:root:------ Middle 3: 0.0021574698347408315
30-Nov 15:49:10:INFO:root:------ Middle 7: 0.00033702992924295225
30-Nov 15:49:10:INFO:root:------ Middle 3: 0.0023169396591228336
30-Nov 15:49:11:INFO:root:------ Middle 4: 0.0011621827973213152
30-Nov 15:49:11:INFO:root:------ Middle 8: 0.00023534290128555702
30-Nov 15:49:11:INFO:root:Starting from 1.1704095861399135e-17
30-Nov 15:49:11:INFO:root:-- Outer 1: 0.02742700183995563
30-Nov 15:49:11:INFO:root:------ Middle 4: 0.0011945152254465429
30-Nov 15:49:11:INFO:root:------ Middle 4: 0.0012812411666079332
30-Nov 15:49:11:INFO:root:------ Middle 1: 0.002676871551590721
30-Nov 15:49:12:INFO:root:------ Middle 5: 0.0009281102335270035
30-Nov 15:49:12:INFO:root:------ Middle 8: 0.0002552283181407997
30-Nov 15:49:12:INFO:root:Starting from 1.1716886845961234e-17
30-Nov 15:49:12:INFO:root:-- Outer 1: 0.02764257002240752
30-Nov 15:49:12:INFO:root:------ Middle 5: 0.00090282207862363
30-Nov 15:49:13:INFO:root:------ Middle 1: 0.003032338463497258
30-Nov 15:49:13:INFO:root:------ Middle 5: 0.0008836874678116013
30-Nov 15:49:14:INFO:root:------ Middle 6: 0.00057659906458837
30-Nov 15:49:14:INFO:root:------ Middle 6: 0.0005616910159831552
30-Nov 15:49:14:INFO:root:------ Middle 7: 0.0003375204342546597
30-Nov 15:49:15:INFO:root:------ Middle 5: 0.0009009812795201417
30-Nov 15:49:15:INFO:root:------ Middle 7: 0.0003290991233034708
30-Nov 15:49:15:INFO:root:------ Middle 6: 0.0005467122639842844
30-Nov 15:49:16:INFO:root:------ Middle 7: 0.000319480871077648
30-Nov 15:49:16:INFO:root:------ Middle 5: 0.0009798916183352195
30-Nov 15:49:17:INFO:root:------ Middle 8: 0.00025607603932607657
30-Nov 15:49:17:INFO:root:Starting from 1.1728157069243304e-17
30-Nov 15:49:17:INFO:root:-- Outer 1: 0.0269249109158038
30-Nov 15:49:17:INFO:root:------ Middle 6: 0.0005578558348188836
30-Nov 15:49:17:INFO:root:------ Middle 6: 0.0005452688691847344
30-Nov 15:49:17:INFO:root:------ Middle 8: 0.00025080041541903844
30-Nov 15:49:17:INFO:root:Starting from 1.1476755777692867e-17
30-Nov 15:49:17:INFO:root:-- Outer 1: 0.026314217098554474
30-Nov 15:49:17:INFO:root:------ Middle 1: 0.00315863865336897
30-Nov 15:49:18:INFO:root:------ Middle 7: 0.00032561434456482047
30-Nov 15:49:18:INFO:root:------ Middle 1: 0.003234152848128219
30-Nov 15:49:18:INFO:root:------ Middle 8: 0.000241154151571042
30-Nov 15:49:18:INFO:root:Starting from 1.1958178837972609e-17
30-Nov 15:49:18:INFO:root:-- Outer 1: 0.028040026831656805
30-Nov 15:49:19:INFO:root:------ Middle 1: 0.002885812767343599
30-Nov 15:49:19:INFO:root:------ Middle 8: 0.0002453618547994566
30-Nov 15:49:19:INFO:root:Starting from 1.1716875088668381e-17
30-Nov 15:49:19:INFO:root:-- Outer 1: 0.02812295762915684
30-Nov 15:49:20:INFO:root:------ Middle 7: 0.0003705272085837421
30-Nov 15:49:20:INFO:root:------ Middle 1: 0.0029730338287378612
30-Nov 15:49:20:INFO:root:------ Middle 3: 0.0020659315242544185
30-Nov 15:49:20:INFO:root:------ Middle 8: 0.00022550099169200017
30-Nov 15:49:20:INFO:root:Starting from 1.176777636931949e-17
30-Nov 15:49:20:INFO:root:-- Outer 1: 0.026434861594239505
30-Nov 15:49:21:INFO:root:------ Middle 4: 0.0011444527776031438
30-Nov 15:49:21:INFO:root:------ Middle 1: 0.003323261832608427
30-Nov 15:49:21:INFO:root:------ Middle 5: 0.000938508804490257
30-Nov 15:49:22:INFO:root:------ Middle 6: 0.000523187750692917
30-Nov 15:49:22:INFO:root:------ Middle 5: 0.0009661379978220464
30-Nov 15:49:23:INFO:root:------ Middle 6: 0.0005382166891210619
30-Nov 15:49:25:INFO:root:------ Middle 7: 0.0003584174543612174
30-Nov 15:49:25:INFO:root:------ Middle 8: 0.00021796108512801702
30-Nov 15:49:25:INFO:root:Starting from 1.1598204223477973e-17
30-Nov 15:49:25:INFO:root:-- Outer 1: 0.025334444427504366
30-Nov 15:49:26:INFO:root:------ Middle 7: 0.00036705153400447467
30-Nov 15:49:26:INFO:root:------ Middle 1: 0.00046334184732650793
30-Nov 15:49:26:INFO:root:------ Middle 1: 0.003305678584606386
30-Nov 15:49:26:INFO:root:------ Middle 8: 0.00022311794177975046
30-Nov 15:49:26:INFO:root:Starting from 1.141537191828925e-17
30-Nov 15:49:26:INFO:root:-- Outer 1: 0.025909936356287334
30-Nov 15:49:27:INFO:root:------ Middle 2: 0.0002501516168606349
30-Nov 15:49:27:INFO:root:Starting from 2.182696996271986e-17
30-Nov 15:49:27:INFO:root:-- Outer 2: 0.01243984765486176
30-Nov 15:49:27:INFO:root:------ Middle 1: 0.0034071649566463154
30-Nov 15:49:29:INFO:root:------ Middle 2: 0.0005956532795005884
30-Nov 15:49:29:INFO:root:------ Middle 3: 0.0003333174376544596
30-Nov 15:49:31:INFO:root:------ Middle 5: 0.0009214556720064838
30-Nov 15:49:31:INFO:root:------ Middle 6: 0.0005142465018831882
30-Nov 15:49:32:INFO:root:------ Middle 4: 0.00022025365825740343
30-Nov 15:49:32:INFO:root:Starting from 2.1362301450798333e-17
30-Nov 15:49:32:INFO:root:-- Outer 2: 0.01402300818475489
30-Nov 15:49:33:INFO:root:------ Middle 1: 0.0005686520947745192
30-Nov 15:49:34:INFO:root:------ Middle 7: 0.00035451334707700753
30-Nov 15:49:35:INFO:root:------ Middle 8: 0.00021567309400849152
30-Nov 15:49:35:INFO:root:Starting from 1.1968689370055619e-17
30-Nov 15:49:35:INFO:root:-- Outer 1: 0.02467519762728239
30-Nov 15:49:35:INFO:root:------ Middle 2: 0.0006838133839535716
30-Nov 15:49:36:INFO:root:------ Middle 1: 0.0031675660384143807
30-Nov 15:49:36:INFO:root:------ Middle 3: 0.000381374664912324
30-Nov 15:49:37:INFO:root:------ Middle 2: 0.0007952018067319261
30-Nov 15:49:37:INFO:root:------ Middle 3: 0.00044291808540445206
30-Nov 15:49:39:INFO:root:------ Middle 4: 0.00024738663888455327
30-Nov 15:49:39:INFO:root:Starting from 2.2906435416937243e-17
30-Nov 15:49:39:INFO:root:-- Outer 2: 0.014372308187671334
30-Nov 15:49:40:INFO:root:------ Middle 1: 0.0005761279488728925
30-Nov 15:49:41:INFO:root:------ Middle 4: 0.0003041208629004894
30-Nov 15:49:41:INFO:root:------ Middle 2: 0.0008801701485605897
30-Nov 15:49:41:INFO:root:------ Middle 2: 0.0008524423193928654
30-Nov 15:49:41:INFO:root:------ Middle 5: 0.00018246125582937933
30-Nov 15:49:41:INFO:root:Starting from 1.9118983638139722e-17
30-Nov 15:49:41:INFO:root:-- Outer 2: 0.014564884212268968
30-Nov 15:49:42:INFO:root:------ Middle 3: 0.0004888467390761317
30-Nov 15:49:42:INFO:root:------ Middle 3: 0.00047407389263283547
30-Nov 15:49:42:INFO:root:------ Middle 1: 0.0006413508098348843
30-Nov 15:49:43:INFO:root:------ Middle 2: 0.0007517362049569059
30-Nov 15:49:44:INFO:root:------ Middle 3: 0.0004188248179490836
30-Nov 15:49:44:INFO:root:------ Middle 2: 0.0008004424421193764
30-Nov 15:49:44:INFO:root:------ Middle 3: 0.0004455693108066819
30-Nov 15:49:45:INFO:root:------ Middle 4: 0.00032067174688594965
30-Nov 15:49:45:INFO:root:------ Middle 4: 0.000333224382127596
30-Nov 15:49:46:INFO:root:------ Middle 5: 0.00019220387450966336
30-Nov 15:49:46:INFO:root:Starting from 1.6123157113135422e-17
30-Nov 15:49:46:INFO:root:-- Outer 2: 0.014280697775256321
30-Nov 15:49:46:INFO:root:------ Middle 5: 0.00019963405472139885
30-Nov 15:49:46:INFO:root:Starting from 2.0569297023737777e-17
30-Nov 15:49:46:INFO:root:-- Outer 2: 0.014078184574952647
30-Nov 15:49:46:INFO:root:------ Middle 4: 0.0002716181359854312
30-Nov 15:49:46:INFO:root:Starting from 2.0350580420125986e-17
30-Nov 15:49:46:INFO:root:-- Outer 2: 0.01471763040395169
30-Nov 15:49:46:INFO:root:------ Middle 2: 0.0009538445125265842
30-Nov 15:49:46:INFO:root:------ Middle 1: 0.0006558828041296493
30-Nov 15:49:47:INFO:root:------ Middle 1: 0.0003192880222533782
30-Nov 15:49:47:INFO:root:------ Middle 1: 0.0006446374896734227
30-Nov 15:49:47:INFO:root:------ Middle 1: 0.0005892194252404774
30-Nov 15:49:47:INFO:root:------ Middle 4: 0.00028793629384700465
30-Nov 15:49:47:INFO:root:Starting from 1.5741319932017367e-17
30-Nov 15:49:47:INFO:root:-- Outer 2: 0.014836216355605015
30-Nov 15:49:47:INFO:root:------ Middle 2: 0.00017395717210649697
30-Nov 15:49:47:INFO:root:Starting from 1.6277841685071676e-17
30-Nov 15:49:47:INFO:root:-- Outer 3: 0.00541624048997378
30-Nov 15:49:48:INFO:root:------ Middle 1: 0.0005904276117386256
30-Nov 15:49:50:INFO:root:------ Middle 2: 0.0009357916280308698
30-Nov 15:49:50:INFO:root:------ Middle 4: 0.00036000658272203876
30-Nov 15:49:51:INFO:root:------ Middle 3: 0.0005194513935715443
30-Nov 15:49:51:INFO:root:------ Middle 5: 0.00021557837822846207
30-Nov 15:49:51:INFO:root:Starting from 2.4045601146385583e-17
30-Nov 15:49:51:INFO:root:-- Outer 2: 0.013742693065739645
30-Nov 15:49:51:INFO:root:------ Middle 2: 0.0009562240497268052
30-Nov 15:49:52:INFO:root:------ Middle 3: 0.0005310969608821138
30-Nov 15:49:53:INFO:root:------ Middle 1: 0.0002993180601667003
30-Nov 15:49:53:INFO:root:Starting from 1.851444628066629e-17
30-Nov 15:49:53:INFO:root:-- Outer 4: 0.0033305338954462606
30-Nov 15:49:53:INFO:root:------ Middle 2: 0.0003954199333208867
30-Nov 15:49:53:INFO:root:------ Middle 1: 0.0003087101823936615
30-Nov 15:49:54:INFO:root:------ Middle 3: 0.00022260552750250824
30-Nov 15:49:54:INFO:root:Starting from 2.016356392412651e-17
30-Nov 15:49:54:INFO:root:-- Outer 3: 0.005904014484704083
30-Nov 15:49:54:INFO:root:------ Middle 4: 0.0003511150631708251
30-Nov 15:49:54:INFO:root:------ Middle 1: 0.0001989801122084972
30-Nov 15:49:54:INFO:root:Starting from 1.8685095149534963e-17
30-Nov 15:49:54:INFO:root:-- Outer 4: 0.006028325459204566
30-Nov 15:49:55:INFO:root:------ Middle 5: 0.00021017519755248012
30-Nov 15:49:55:INFO:root:Starting from 1.7562985223955424e-17
30-Nov 15:49:55:INFO:root:-- Outer 2: 0.013304410861749468
30-Nov 15:49:55:INFO:root:------ Middle 4: 0.0003603401263888155
30-Nov 15:49:56:INFO:root:------ Middle 5: 0.0002157494957760715
30-Nov 15:49:56:INFO:root:Starting from 2.3686251401284287e-17
30-Nov 15:49:56:INFO:root:-- Outer 2: 0.013554995402876304
30-Nov 15:49:56:INFO:root:------ Middle 2: 0.00018242733047906431
30-Nov 15:49:56:INFO:root:Starting from 1.3703883262915632e-17
30-Nov 15:49:56:INFO:root:-- Outer 5: 0.002061269925829862
30-Nov 15:49:57:INFO:root:------ Middle 1: 0.00019904025736545479
30-Nov 15:49:57:INFO:root:Starting from 1.3501496490144207e-17
30-Nov 15:49:57:INFO:root:-- Outer 6: 0.0019472632179839044
30-Nov 15:49:59:INFO:root:------ Middle 2: 0.0008652390945094082
30-Nov 15:49:59:INFO:root:------ Middle 3: 0.00048070742132683565
30-Nov 15:50:00:INFO:root:------ Middle 1: 0.00024330367372010805
30-Nov 15:50:00:INFO:root:Starting from 1.391734062069729e-17
30-Nov 15:50:00:INFO:root:-- Outer 7: 0.0004899352646563062
30-Nov 15:50:00:INFO:root:END Outer loop
30-Nov 15:50:00:INFO:root:Model trade shares: [0.957904, 0.90299, 0.989217]
30-Nov 15:50:00:INFO:root:Data trade shares: [0.967576, 0.927756, 0.993556]
30-Nov 15:50:00:INFO:root:US prices: [1.18505, 0.939026, 0.942551]
30-Nov 15:50:00:INFO:root:in the data: [2.78451, 2.12334, 2.12334]
30-Nov 15:50:00:INFO:root:Nominal world expenditure: 1.1822939696320394e7
30-Nov 15:50:00:INFO:root:--------------In the data: [2.5209e7]
30-Nov 15:50:00:INFO:root:--- Period 26 ---
30-Nov 15:50:00:INFO:root:BEGIN Outer loop
30-Nov 15:50:01:INFO:root:------ Middle 2: 0.0003976751227894542
30-Nov 15:50:01:INFO:root:------ Middle 2: 0.00041975857377229975
30-Nov 15:50:02:INFO:root:------ Middle 3: 0.00022437653504824137
30-Nov 15:50:02:INFO:root:Starting from 2.2310871320012622e-17
30-Nov 15:50:02:INFO:root:-- Outer 3: 0.006211423085955085
30-Nov 15:50:02:INFO:root:------ Middle 3: 0.0002357475955743904
30-Nov 15:50:02:INFO:root:Starting from 1.6974788547776492e-17
30-Nov 15:50:02:INFO:root:-- Outer 3: 0.006008871111106713
30-Nov 15:50:02:INFO:root:------ Middle 1: 0.00022589604977677792
30-Nov 15:50:02:INFO:root:Starting from 1.7559246630728828e-17
30-Nov 15:50:02:INFO:root:-- Outer 4: 0.006281571796978298
30-Nov 15:50:03:INFO:root:------ Middle 4: 0.0003263864777125583
30-Nov 15:50:03:INFO:root:------ Middle 1: 0.0001953511471745813
30-Nov 15:50:03:INFO:root:Starting from 1.5432445341001775e-17
30-Nov 15:50:03:INFO:root:-- Outer 4: 0.006117313415329771
30-Nov 15:50:03:INFO:root:------ Middle 5: 0.00019561526801740583
30-Nov 15:50:03:INFO:root:Starting from 1.903524232810528e-17
30-Nov 15:50:03:INFO:root:-- Outer 2: 0.013029213540553823
30-Nov 15:50:05:INFO:root:------ Middle 2: 0.00038897436848223745
30-Nov 15:50:06:INFO:root:------ Middle 2: 0.0004325011863489996
30-Nov 15:50:06:INFO:root:------ Middle 3: 0.00021940286969201667
30-Nov 15:50:06:INFO:root:Starting from 1.834639624446969e-17
30-Nov 15:50:06:INFO:root:-- Outer 3: 0.006039495836484234
30-Nov 15:50:06:INFO:root:------ Middle 2: 0.0004159894569520216
30-Nov 15:50:06:INFO:root:------ Middle 2: 0.00044011860025812454
30-Nov 15:50:07:INFO:root:------ Middle 3: 0.00024315160357205777
30-Nov 15:50:07:INFO:root:Starting from 1.55870284867212e-17
30-Nov 15:50:07:INFO:root:-- Outer 3: 0.006176812984086854
30-Nov 15:50:07:INFO:root:------ Middle 1: 0.00023046349758202068
30-Nov 15:50:07:INFO:root:Starting from 1.7239147730441003e-17
30-Nov 15:50:07:INFO:root:-- Outer 4: 0.006090031741145706
30-Nov 15:50:07:INFO:root:------ Middle 3: 0.00023400284372742977
30-Nov 15:50:07:INFO:root:Starting from 1.9355465328069583e-17
30-Nov 15:50:07:INFO:root:-- Outer 3: 0.006112843020775142
30-Nov 15:50:07:INFO:root:------ Middle 3: 0.0002475005166360391
30-Nov 15:50:07:INFO:root:Starting from 2.0401489150509426e-17
30-Nov 15:50:07:INFO:root:-- Outer 3: 0.006244526965519536
30-Nov 15:50:07:INFO:root:------ Middle 1: 0.00019904251600187236
30-Nov 15:50:07:INFO:root:Starting from 1.982433708774085e-17
30-Nov 15:50:07:INFO:root:-- Outer 4: 0.006268570072260412
30-Nov 15:50:08:INFO:root:------ Middle 1: 0.0002545849228854599
30-Nov 15:50:08:INFO:root:Starting from 1.9134642171924223e-17
30-Nov 15:50:08:INFO:root:-- Outer 4: 0.006193978062122191
30-Nov 15:50:08:INFO:root:------ Middle 1: 0.00020948895071712238
30-Nov 15:50:08:INFO:root:Starting from 2.0270535160257974e-17
30-Nov 15:50:08:INFO:root:-- Outer 4: 0.00631612514521133
30-Nov 15:50:12:INFO:root:------ Middle 1: 0.00029276504945549044
30-Nov 15:50:12:INFO:root:Starting from 1.630660283019381e-17
30-Nov 15:50:12:INFO:root:-- Outer 3: 0.005383964969804859
30-Nov 15:50:12:INFO:root:------ Middle 1: 0.000298046775085285
30-Nov 15:50:12:INFO:root:Starting from 1.8893043202513695e-17
30-Nov 15:50:12:INFO:root:-- Outer 4: 0.005442451510332647
30-Nov 15:50:13:INFO:root:------ Middle 1: 0.0003195387559963522
30-Nov 15:50:14:INFO:root:------ Middle 2: 0.000179177609547323
30-Nov 15:50:14:INFO:root:Starting from 1.433106721562392e-17
30-Nov 15:50:14:INFO:root:-- Outer 5: 0.0015793279867905214
30-Nov 15:50:14:INFO:root:------ Middle 1: 0.00019155789488186457
30-Nov 15:50:14:INFO:root:Starting from 1.6633969843942478e-17
30-Nov 15:50:14:INFO:root:-- Outer 6: 0.0016255095927729445
30-Nov 15:50:15:INFO:root:------ Middle 1: 0.0002774877365814895
30-Nov 15:50:15:INFO:root:Starting from 1.5816173768902533e-17
30-Nov 15:50:15:INFO:root:-- Outer 3: 0.005237615765683297
30-Nov 15:50:15:INFO:root:------ Middle 1: 0.00028837695376028024
30-Nov 15:50:15:INFO:root:Starting from 1.7650315536022153e-17
30-Nov 15:50:15:INFO:root:-- Outer 4: 0.005284317617946435
30-Nov 15:50:16:INFO:root:------ Middle 1: 0.0002988049331390958
30-Nov 15:50:16:INFO:root:Starting from 1.499242116451198e-17
30-Nov 15:50:16:INFO:root:-- Outer 3: 0.005344580420364697
30-Nov 15:50:17:INFO:root:------ Middle 1: 0.00031534901158105
30-Nov 15:50:20:INFO:root:------ Middle 1: 0.00021185224995934955
30-Nov 15:50:20:INFO:root:Starting from 1.6621916729500602e-17
30-Nov 15:50:20:INFO:root:-- Outer 7: 0.000745577390566328
30-Nov 15:50:20:INFO:root:END Outer loop
30-Nov 15:50:20:INFO:root:Model trade shares: [0.959258, 0.921085, 0.992715]
30-Nov 15:50:20:INFO:root:Data trade shares: [0.953126, 0.923314, 0.993566]
30-Nov 15:50:20:INFO:root:US prices: [1.09941, 0.929924, 0.93272]
30-Nov 15:50:20:INFO:root:in the data: [2.3065, 2.15345, 2.15345]
30-Nov 15:50:20:INFO:root:Nominal world expenditure: 1.2574849306882033e7
30-Nov 15:50:20:INFO:root:--------------In the data: [2.91447e7]
30-Nov 15:50:20:INFO:root:--- Period 27 ---
30-Nov 15:50:20:INFO:root:BEGIN Outer loop
30-Nov 15:50:20:INFO:root:------ Middle 1: 0.0003485465556437371
30-Nov 15:50:21:INFO:root:------ Middle 2: 0.00018080095544498276
30-Nov 15:50:21:INFO:root:Starting from 1.740480265325859e-17
30-Nov 15:50:21:INFO:root:-- Outer 4: 0.0032092541719250306
30-Nov 15:50:21:INFO:root:------ Middle 2: 0.0001957266594347943
30-Nov 15:50:21:INFO:root:Starting from 1.7539985825894782e-17
30-Nov 15:50:21:INFO:root:-- Outer 5: 0.0016145071131955602
30-Nov 15:50:22:INFO:root:------ Middle 1: 0.0002131806696354241
30-Nov 15:50:22:INFO:root:Starting from 1.6034810874699176e-17
30-Nov 15:50:22:INFO:root:-- Outer 6: 0.0016751399036529847
30-Nov 15:50:23:INFO:root:------ Middle 1: 0.00027136155096014363
30-Nov 15:50:23:INFO:root:Starting from 1.741172768199163e-17
30-Nov 15:50:23:INFO:root:-- Outer 3: 0.005176726471060938
30-Nov 15:50:23:INFO:root:------ Middle 1: 0.00031928047710361835
30-Nov 15:50:23:INFO:root:------ Middle 1: 0.0003016123629327575
30-Nov 15:50:24:INFO:root:------ Middle 2: 0.00017931766632758126
30-Nov 15:50:24:INFO:root:Starting from 1.537941843763719e-17
30-Nov 15:50:24:INFO:root:-- Outer 5: 0.0015979764213330339
30-Nov 15:50:24:INFO:root:------ Middle 1: 0.0002365315035752821
30-Nov 15:50:24:INFO:root:Starting from 1.5648398533885532e-17
30-Nov 15:50:24:INFO:root:-- Outer 5: 0.001837078200297382
30-Nov 15:50:24:INFO:root:------ Middle 1: 0.00019244433543903088
30-Nov 15:50:24:INFO:root:Starting from 1.4662027037750937e-17
30-Nov 15:50:24:INFO:root:-- Outer 6: 0.0016478255328745727
30-Nov 15:50:25:INFO:root:------ Middle 1: 0.00022063657792535354
30-Nov 15:50:25:INFO:root:Starting from 1.672543352757464e-17
30-Nov 15:50:25:INFO:root:-- Outer 6: 0.0016897172252985514
30-Nov 15:50:25:INFO:root:------ Middle 1: 0.00033096341243081187
30-Nov 15:50:26:INFO:root:------ Middle 1: 0.000322836317809276
30-Nov 15:50:26:INFO:root:------ Middle 2: 0.00018557462163553426
30-Nov 15:50:26:INFO:root:------ Middle 1: 0.0002470861804028309
30-Nov 15:50:26:INFO:root:-- Outer 5: 0.0016043812293370454
30-Nov 15:50:26:INFO:root:Starting from 1.5917538731792426e-17
30-Nov 15:50:26:INFO:root:-- Outer 7: 0.0008410226215683449
30-Nov 15:50:26:INFO:root:END Outer loop
30-Nov 15:50:26:INFO:root:------ Middle 1: 0.000399363134833651
30-Nov 15:50:26:INFO:root:------ Middle 1: 0.00033861148449683415
30-Nov 15:50:26:INFO:root:Model trade shares: [0.963566, 0.925273, 0.992992]
30-Nov 15:50:26:INFO:root:Data trade shares: [0.963666, 0.934551, 0.994086]
30-Nov 15:50:26:INFO:root:US prices: [0.94938, 0.909885, 0.898109]
30-Nov 15:50:26:INFO:root:in the data: [2.67778, 2.5352, 2.5352]
30-Nov 15:50:26:INFO:root:Nominal world expenditure: 1.510601323250084e7
30-Nov 15:50:26:INFO:root:--------------In the data: [4.12361e7]
30-Nov 15:50:27:INFO:root:--- Period 28 ---
30-Nov 15:50:27:INFO:root:------ Middle 2: 0.00018144428536792748
30-Nov 15:50:27:INFO:root:BEGIN Outer loop
30-Nov 15:50:27:INFO:root:Starting from 1.4242998932300012e-17
30-Nov 15:50:27:INFO:root:-- Outer 5: 0.001651440386966296
30-Nov 15:50:27:INFO:root:------ Middle 1: 0.00020127890087590243
30-Nov 15:50:27:INFO:root:------ Middle 2: 0.00022304638307111212
30-Nov 15:50:27:INFO:root:Starting from 1.6620249546999205e-17
30-Nov 15:50:27:INFO:root:Starting from 1.350076575361819e-17
30-Nov 15:50:27:INFO:root:-- Outer 6: 0.0016642325619721583
30-Nov 15:50:27:INFO:root:-- Outer 5: 0.0016301599688671093
30-Nov 15:50:27:INFO:root:------ Middle 2: 0.00019017231870212628
30-Nov 15:50:27:INFO:root:Starting from 1.9857593707502044e-17
30-Nov 15:50:27:INFO:root:-- Outer 5: 0.001674458383432845
30-Nov 15:50:27:INFO:root:------ Middle 1: 0.00019554105749493473
30-Nov 15:50:27:INFO:root:Starting from 1.6828180380513336e-17
30-Nov 15:50:27:INFO:root:-- Outer 6: 0.0017042885818811498
30-Nov 15:50:28:INFO:root:------ Middle 2: 0.0001678710911003148
30-Nov 15:50:28:INFO:root:Starting from 2.0107344909816838e-17
30-Nov 15:50:28:INFO:root:-- Outer 4: 0.0031021207716203695
30-Nov 15:50:28:INFO:root:------ Middle 1: 0.0002403357403575483
30-Nov 15:50:28:INFO:root:Starting from 2.2637619938801376e-17
30-Nov 15:50:28:INFO:root:-- Outer 6: 0.001696323328071046
30-Nov 15:50:28:INFO:root:------ Middle 1: 0.00020513161053348775
30-Nov 15:50:28:INFO:root:Starting from 1.4579946563445864e-17
30-Nov 15:50:28:INFO:root:-- Outer 6: 0.0017327931421121422
30-Nov 15:50:28:INFO:root:------ Middle 1: 0.0002437899219285011
30-Nov 15:50:28:INFO:root:Starting from 1.4184618685797625e-17
30-Nov 15:50:28:INFO:root:-- Outer 7: 0.0004431141759202476
30-Nov 15:50:28:INFO:root:END Outer loop
30-Nov 15:50:29:INFO:root:Model trade shares: [0.945531, 0.904791, 0.986947]
30-Nov 15:50:29:INFO:root:Data trade shares: [0.955615, 0.931697, 0.991754]
30-Nov 15:50:29:INFO:root:US prices: [0.879614, 0.867259, 0.885052]
30-Nov 15:50:29:INFO:root:in the data: [2.59006, 2.59665, 2.59665]
30-Nov 15:50:29:INFO:root:Nominal world expenditure: 1.6458293576961517e7
30-Nov 15:50:29:INFO:root:--------------In the data: [4.90999e7]
30-Nov 15:50:29:INFO:root:--- Period 29 ---
30-Nov 15:50:29:INFO:root:BEGIN Outer loop
30-Nov 15:50:30:INFO:root:------ Middle 1: 0.00021034606865312193
30-Nov 15:50:30:INFO:root:Starting from 1.67755082085876e-17
30-Nov 15:50:30:INFO:root:-- Outer 7: 0.0007565941880369994
30-Nov 15:50:30:INFO:root:END Outer loop
30-Nov 15:50:30:INFO:root:Model trade shares: [0.964199, 0.926375, 0.99237]
30-Nov 15:50:30:INFO:root:Data trade shares: [0.958317, 0.928046, 0.993489]
30-Nov 15:50:30:INFO:root:US prices: [1.03585, 0.920401, 0.92612]
30-Nov 15:50:30:INFO:root:in the data: [2.43661, 2.20422, 2.20422]
30-Nov 15:50:30:INFO:root:Nominal world expenditure: 1.3303198323419115e7
30-Nov 15:50:30:INFO:root:--------------In the data: [3.25615e7]
30-Nov 15:50:30:INFO:root:--- Period 30 ---
30-Nov 15:50:30:INFO:root:BEGIN Outer loop
30-Nov 15:50:30:INFO:root:------ Middle 1: 0.0003423635617878379
30-Nov 15:50:31:INFO:root:------ Middle 1: 0.00021991214097298432
30-Nov 15:50:31:INFO:root:Starting from 1.4783584955693727e-17
30-Nov 15:50:31:INFO:root:-- Outer 5: 0.001760174816825711
30-Nov 15:50:31:INFO:root:------ Middle 2: 0.00019081178983480808
30-Nov 15:50:31:INFO:root:Starting from 2.0039865694881438e-17
30-Nov 15:50:31:INFO:root:-- Outer 5: 0.0012332926978067536
30-Nov 15:50:32:INFO:root:------ Middle 1: 0.0002034201466107999
30-Nov 15:50:32:INFO:root:Starting from 1.680959584838025e-17
30-Nov 15:50:32:INFO:root:-- Outer 6: 0.00160623209120031
30-Nov 15:50:32:INFO:root:------ Middle 1: 0.0001980612787440572
30-Nov 15:50:32:INFO:root:------ Middle 1: 0.00023109056318905408
30-Nov 15:50:32:INFO:root:Starting from 2.0795986333789692e-17
30-Nov 15:50:32:INFO:root:-- Outer 7: 0.0008340700285024539
30-Nov 15:50:32:INFO:root:END Outer loop
30-Nov 15:50:32:INFO:root:Starting from 2.0050876672517355e-17
30-Nov 15:50:32:INFO:root:-- Outer 6: 0.0012909159411297743
30-Nov 15:50:32:INFO:root:------ Middle 1: 0.00030628457341293425
30-Nov 15:50:32:INFO:root:Model trade shares: [0.956596, 0.918545, 0.991613]
30-Nov 15:50:32:INFO:root:Data trade shares: [0.960491, 0.93458, 0.986591]
30-Nov 15:50:32:INFO:root:US prices: [0.903242, 0.884072, 0.882258]
30-Nov 15:50:32:INFO:root:in the data: [2.52256, 2.5595, 2.5595]
30-Nov 15:50:32:INFO:root:Nominal world expenditure: 1.6506187909724254e7
30-Nov 15:50:32:INFO:root:--------------In the data: [4.55098e7]
30-Nov 15:50:32:INFO:root:--- Period 31 ---
30-Nov 15:50:32:INFO:root:BEGIN Outer loop
30-Nov 15:50:32:INFO:root:------ Middle 1: 0.00023325313513549857
30-Nov 15:50:32:INFO:root:Starting from 1.4644554419952692e-17
30-Nov 15:50:33:INFO:root:-- Outer 7: 0.0008522506882791464
30-Nov 15:50:33:INFO:root:END Outer loop
30-Nov 15:50:33:INFO:root:------ Middle 2: 0.00017090512956858628
30-Nov 15:50:33:INFO:root:Starting from 1.6695740211766997e-17
30-Nov 15:50:33:INFO:root:-- Outer 5: 0.001122415303647755
30-Nov 15:50:33:INFO:root:Model trade shares: [0.960708, 0.926775, 0.993255]
30-Nov 15:50:33:INFO:root:Data trade shares: [0.961578, 0.934257, 0.993842]
30-Nov 15:50:33:INFO:root:US prices: [0.97016, 0.91387, 0.909914]
30-Nov 15:50:33:INFO:root:in the data: [2.5813, 2.43608, 2.43608]
30-Nov 15:50:33:INFO:root:Nominal world expenditure: 1.492068618283793e7
30-Nov 15:50:33:INFO:root:--------------In the data: [3.7723e7]
30-Nov 15:50:33:INFO:root:--- Period 32 ---
30-Nov 15:50:33:INFO:root:------ Middle 1: 0.00021294124212510671
30-Nov 15:50:33:INFO:root:BEGIN Outer loop
30-Nov 15:50:33:INFO:root:Starting from 1.700413284538604e-17
30-Nov 15:50:33:INFO:root:-- Outer 7: 0.000785340230397518
30-Nov 15:50:33:INFO:root:END Outer loop
30-Nov 15:50:33:INFO:root:Model trade shares: [0.959051, 0.924645, 0.993142]
30-Nov 15:50:33:INFO:root:Data trade shares: [0.960962, 0.931588, 0.993893]
30-Nov 15:50:33:INFO:root:US prices: [0.995622, 0.914119, 0.919042]
30-Nov 15:50:33:INFO:root:in the data: [2.50767, 2.31742, 2.31742]
30-Nov 15:50:33:INFO:root:Nominal world expenditure: 1.4241917598723037e7
30-Nov 15:50:33:INFO:root:--------------In the data: [3.61928e7]
30-Nov 15:50:33:INFO:root:------ Middle 1: 0.0002859375951475201
30-Nov 15:50:33:INFO:root:Starting from 1.719830597683441e-17
30-Nov 15:50:33:INFO:root:-- Outer 7: 0.0008740567375609418
30-Nov 15:50:33:INFO:root:END Outer loop
30-Nov 15:50:33:INFO:root:------ Middle 1: 0.00017397049045617352
30-Nov 15:50:33:INFO:root:Starting from 2.0652933850116093e-17
30-Nov 15:50:33:INFO:root:-- Outer 6: 0.0011724357591024544
30-Nov 15:50:33:INFO:root:--- Period 33 ---
30-Nov 15:50:33:INFO:root:BEGIN Outer loop
30-Nov 15:50:34:INFO:root:Model trade shares: [0.961943, 0.927753, 0.993168]
30-Nov 15:50:34:INFO:root:Data trade shares: [0.960926, 0.936095, 0.990604]
30-Nov 15:50:34:INFO:root:US prices: [0.926039, 0.902634, 0.889946]
30-Nov 15:50:34:INFO:root:in the data: [2.54462, 2.53886, 2.53886]
30-Nov 15:50:34:INFO:root:Nominal world expenditure: 1.560688801352755e7
30-Nov 15:50:34:INFO:root:--------------In the data: [4.29516e7]
30-Nov 15:50:34:INFO:root:--- Period 34 ---
30-Nov 15:50:34:INFO:root:BEGIN Outer loop
30-Nov 15:50:35:INFO:root:------ Middle 1: 0.00021994457740955633
30-Nov 15:50:35:INFO:root:Starting from 1.5247800248813395e-17
30-Nov 15:50:35:INFO:root:-- Outer 7: 0.0004114189031187528
30-Nov 15:50:35:INFO:root:END Outer loop
30-Nov 15:50:35:INFO:root:Model trade shares: [0.940566, 0.897901, 0.983823]
30-Nov 15:50:35:INFO:root:Data trade shares: [0.954902, 0.927282, 0.98849]
30-Nov 15:50:35:INFO:root:US prices: [0.885556, 0.862904, 0.887992]
30-Nov 15:50:35:INFO:root:in the data: [2.81662, 2.76323, 2.76323]
30-Nov 15:50:35:INFO:root:Nominal world expenditure: 1.7533023775318205e7
30-Nov 15:50:35:INFO:root:--------------In the data: [5.52518e7]
30-Nov 15:50:36:INFO:root:--- Period 35 ---
30-Nov 15:50:36:INFO:root:BEGIN Outer loop
30-Nov 15:50:37:INFO:root:------ Middle 1: 0.00023891603521089772
30-Nov 15:50:37:INFO:root:Starting from 1.33677539691198e-17
30-Nov 15:50:37:INFO:root:-- Outer 7: 0.0007056372080829255
30-Nov 15:50:37:INFO:root:END Outer loop
30-Nov 15:50:37:INFO:root:Model trade shares: [0.952182, 0.914398, 0.988637]
30-Nov 15:50:37:INFO:root:Data trade shares: [0.959588, 0.937566, 0.971212]
30-Nov 15:50:37:INFO:root:US prices: [0.8899, 0.875267, 0.881785]
30-Nov 15:50:37:INFO:root:in the data: [2.70826, 2.57595, 2.57595]
30-Nov 15:50:37:INFO:root:Nominal world expenditure: 1.655151751755299e7
30-Nov 15:50:37:INFO:root:--------------In the data: [4.5848e7]
30-Nov 15:50:37:INFO:root:--- Period 36 ---
30-Nov 15:50:37:INFO:root:BEGIN Outer loop
30-Nov 15:50:38:INFO:root:------ Middle 1: 0.0002052672818037563
30-Nov 15:50:38:INFO:root:Starting from 1.7658569407422672e-17
30-Nov 15:50:38:INFO:root:-- Outer 7: 0.000674378508326091
30-Nov 15:50:38:INFO:root:END Outer loop
30-Nov 15:50:39:INFO:root:Model trade shares: [0.950147, 0.910773, 0.987577]
30-Nov 15:50:39:INFO:root:Data trade shares: [0.950579, 0.929714, 0.991388]
30-Nov 15:50:39:INFO:root:US prices: [0.882077, 0.867162, 0.889386]
30-Nov 15:50:39:INFO:root:in the data: [2.71827, 2.64842, 2.64842]
30-Nov 15:50:39:INFO:root:Nominal world expenditure: 1.7216807971182227e7
30-Nov 15:50:39:INFO:root:--------------In the data: [5.43532e7]
30-Nov 15:50:51:INFO:root:------ Middle 1: 0.0047610953927234995
30-Nov 15:50:51:INFO:root:------ Middle 2: 0.002626264102314401
30-Nov 15:51:06:INFO:root:------ Middle 3: 0.002038878850017241
30-Nov 15:51:07:INFO:root:------ Middle 4: 0.0011292635577154298
30-Nov 15:51:09:INFO:root:------ Middle 1: 0.00460839434876419
30-Nov 15:51:10:INFO:root:------ Middle 2: 0.00254262872936362
30-Nov 15:51:15:INFO:root:------ Middle 1: 0.0044317002188115455
30-Nov 15:51:16:INFO:root:------ Middle 2: 0.0024456503551743064
30-Nov 15:51:17:INFO:root:------ Middle 5: 0.000905463113710977
30-Nov 15:51:17:INFO:root:------ Middle 6: 0.0005052808939813387
30-Nov 15:51:17:INFO:root:------ Middle 1: 0.004444172024000519
30-Nov 15:51:18:INFO:root:------ Middle 2: 0.0024522052771698507
30-Nov 15:51:19:INFO:root:------ Middle 1: 0.0053705828242090045
30-Nov 15:51:20:INFO:root:------ Middle 2: 0.002962816807033982
30-Nov 15:51:20:INFO:root:------ Middle 7: 0.00034843734590473064
30-Nov 15:51:20:INFO:root:------ Middle 1: 0.004604343151784762
30-Nov 15:51:20:INFO:root:------ Middle 1: 0.005482710462987967
30-Nov 15:51:21:INFO:root:------ Middle 8: 0.00021171010935236176
30-Nov 15:51:21:INFO:root:Starting from 1.1047553776093817e-17
30-Nov 15:51:21:INFO:root:-- Outer 1: 0.02389796839058139
30-Nov 15:51:21:INFO:root:------ Middle 2: 0.003023404479470743
30-Nov 15:51:22:INFO:root:------ Middle 1: 0.003115034695883467
30-Nov 15:51:22:INFO:root:------ Middle 1: 0.005524559008320003
30-Nov 15:51:22:INFO:root:------ Middle 1: 0.005460014636597506
30-Nov 15:51:22:INFO:root:------ Middle 1: 0.005136325631162528
30-Nov 15:51:23:INFO:root:------ Middle 2: 0.003047311179667348
30-Nov 15:51:23:INFO:root:------ Middle 2: 0.003011753933079845
30-Nov 15:51:23:INFO:root:------ Middle 1: 0.004857758672353365
30-Nov 15:51:23:INFO:root:------ Middle 2: 0.0028338248938637777
30-Nov 15:51:24:INFO:root:------ Middle 2: 0.0026806333685767225
30-Nov 15:51:25:INFO:root:------ Middle 3: 0.001983947894697496
30-Nov 15:51:26:INFO:root:------ Middle 4: 0.0010992368555374085
30-Nov 15:51:32:INFO:root:------ Middle 3: 0.0019249614876811617
30-Nov 15:51:33:INFO:root:------ Middle 4: 0.0010670366167373508
30-Nov 15:51:33:INFO:root:------ Middle 3: 0.002242787435571338
30-Nov 15:51:34:INFO:root:------ Middle 4: 0.0012430393810999624
30-Nov 15:51:35:INFO:root:------ Middle 3: 0.002282632988976276
30-Nov 15:51:35:INFO:root:------ Middle 4: 0.0012640290155952287
30-Nov 15:51:35:INFO:root:------ Middle 3: 0.0019240939744654697
30-Nov 15:51:36:INFO:root:------ Middle 4: 0.0010659020021954253
30-Nov 15:51:36:INFO:root:------ Middle 5: 0.0008851525586300678
30-Nov 15:51:36:INFO:root:------ Middle 3: 0.002292111270221999
30-Nov 15:51:37:INFO:root:------ Middle 6: 0.0004942672090932396
30-Nov 15:51:37:INFO:root:------ Middle 3: 0.001977743663382227
30-Nov 15:51:37:INFO:root:------ Middle 4: 0.0012704173154053544
30-Nov 15:51:37:INFO:root:------ Middle 3: 0.0022665442755909564
30-Nov 15:51:37:INFO:root:------ Middle 4: 0.0010951966026154993
30-Nov 15:51:38:INFO:root:------ Middle 4: 0.001256168501057005
30-Nov 15:51:38:INFO:root:------ Middle 3: 0.0021681281389755304
30-Nov 15:51:38:INFO:root:------ Middle 4: 0.001201083870528824
30-Nov 15:51:39:INFO:root:------ Middle 7: 0.0003423637689147596
30-Nov 15:51:40:INFO:root:------ Middle 8: 0.00020814153629019353
30-Nov 15:51:40:INFO:root:Starting from 1.1820585723984146e-17
30-Nov 15:51:40:INFO:root:-- Outer 1: 0.022872420466819452
30-Nov 15:51:41:INFO:root:------ Middle 3: 0.002075346336735436
30-Nov 15:51:41:INFO:root:------ Middle 1: 0.0030366288022549053
30-Nov 15:51:41:INFO:root:------ Middle 5: 0.0009729325200068634
30-Nov 15:51:41:INFO:root:------ Middle 4: 0.0011494647767217113
30-Nov 15:51:42:INFO:root:------ Middle 6: 0.0005442571097486202
30-Nov 15:51:42:INFO:root:------ Middle 5: 0.000866020540890778
30-Nov 15:51:43:INFO:root:------ Middle 5: 0.0009896763340064207
30-Nov 15:51:43:INFO:root:------ Middle 6: 0.0004839612510774752
30-Nov 15:51:43:INFO:root:------ Middle 6: 0.000552785459564165
30-Nov 15:51:44:INFO:root:------ Middle 2: 0.0008698589964500281
30-Nov 15:51:44:INFO:root:------ Middle 7: 0.0003707771291035464
30-Nov 15:51:45:INFO:root:------ Middle 3: 0.00048280807742708584
30-Nov 15:51:45:INFO:root:------ Middle 8: 0.00022808214643748847
30-Nov 15:51:45:INFO:root:------ Middle 5: 0.0009959744302606341
30-Nov 15:51:45:INFO:root:Starting from 1.1649369351525242e-17
30-Nov 15:51:45:INFO:root:-- Outer 1: 0.02359636911679191
30-Nov 15:51:45:INFO:root:------ Middle 7: 0.0003362334248065173
30-Nov 15:51:46:INFO:root:------ Middle 5: 0.0008588078613147196
30-Nov 15:51:46:INFO:root:------ Middle 6: 0.000557098329600154
30-Nov 15:51:46:INFO:root:------ Middle 1: 0.003036324971439399
30-Nov 15:51:46:INFO:root:------ Middle 5: 0.0009849993622700068
30-Nov 15:51:46:INFO:root:------ Middle 7: 0.00037618562970911815
30-Nov 15:51:46:INFO:root:------ Middle 8: 0.00020489420323801318
30-Nov 15:51:46:INFO:root:Starting from 1.169700847243387e-17
30-Nov 15:51:46:INFO:root:-- Outer 1: 0.0220094480984498
30-Nov 15:51:46:INFO:root:------ Middle 6: 0.0004796107005012031
30-Nov 15:51:47:INFO:root:------ Middle 6: 0.0005508027401011015
30-Nov 15:51:47:INFO:root:------ Middle 8: 0.00023114287513007717
30-Nov 15:51:47:INFO:root:Starting from 1.2126128014644114e-17
30-Nov 15:51:47:INFO:root:-- Outer 1: 0.02431413842734676
30-Nov 15:51:47:INFO:root:------ Middle 5: 0.0009470846354380247
30-Nov 15:51:47:INFO:root:------ Middle 1: 0.002925563001186209
30-Nov 15:51:47:INFO:root:------ Middle 5: 0.0008784185888146879
30-Nov 15:51:47:INFO:root:------ Middle 1: 0.002348575083683298
30-Nov 15:51:48:INFO:root:------ Middle 6: 0.000529135387678232
30-Nov 15:51:48:INFO:root:------ Middle 4: 0.0003284951251567071
30-Nov 15:51:48:INFO:root:------ Middle 6: 0.000490213832289301
30-Nov 15:51:48:INFO:root:------ Middle 7: 0.00037962357084732936
30-Nov 15:51:49:INFO:root:------ Middle 5: 0.0001966840070357575
30-Nov 15:51:49:INFO:root:Starting from 2.0444201201938918e-17
30-Nov 15:51:49:INFO:root:-- Outer 2: 0.012714593362657865
30-Nov 15:51:49:INFO:root:------ Middle 7: 0.0003313811845541221
30-Nov 15:51:49:INFO:root:------ Middle 8: 0.00023301569402540864
30-Nov 15:51:49:INFO:root:Starting from 1.1457860299432662e-17
30-Nov 15:51:49:INFO:root:-- Outer 1: 0.02447957805045727
30-Nov 15:51:50:INFO:root:------ Middle 7: 0.0003754276623048937
30-Nov 15:51:50:INFO:root:------ Middle 8: 0.00020260544389729944
30-Nov 15:51:50:INFO:root:Starting from 1.1447321140655505e-17
30-Nov 15:51:50:INFO:root:-- Outer 1: 0.021431087694974617
30-Nov 15:51:50:INFO:root:------ Middle 1: 0.0025664789483600676
30-Nov 15:51:50:INFO:root:------ Middle 7: 0.00036069188760608857
30-Nov 15:51:50:INFO:root:------ Middle 8: 0.00023080373452248178
30-Nov 15:51:50:INFO:root:Starting from 1.1926414961567366e-17
30-Nov 15:51:50:INFO:root:-- Outer 1: 0.02438191157357306
30-Nov 15:51:50:INFO:root:------ Middle 1: 0.002958041270611941
30-Nov 15:51:51:INFO:root:------ Middle 7: 0.0003359770183754112
30-Nov 15:51:51:INFO:root:------ Middle 8: 0.0002218628998628341
30-Nov 15:51:51:INFO:root:Starting from 1.2034819138186668e-17
30-Nov 15:51:51:INFO:root:-- Outer 1: 0.022359810967383646
30-Nov 15:51:51:INFO:root:------ Middle 5: 0.0009131086940327239
30-Nov 15:51:51:INFO:root:------ Middle 1: 0.002885256206239608
30-Nov 15:51:51:INFO:root:------ Middle 8: 0.00020587242484455652
30-Nov 15:51:51:INFO:root:Starting from 1.1741521056499419e-17
30-Nov 15:51:51:INFO:root:-- Outer 1: 0.021195796598116434
30-Nov 15:51:52:INFO:root:------ Middle 1: 0.003031273158344927
30-Nov 15:51:52:INFO:root:------ Middle 6: 0.000509889673982163
30-Nov 15:51:52:INFO:root:------ Middle 1: 0.0029992806557897667
30-Nov 15:51:55:INFO:root:------ Middle 7: 0.00034821644968031066
30-Nov 15:51:55:INFO:root:------ Middle 8: 0.00021385619661427546
30-Nov 15:51:56:INFO:root:Starting from 1.187622199234747e-17
30-Nov 15:51:56:INFO:root:-- Outer 1: 0.02140252352227379
30-Nov 15:51:56:INFO:root:------ Middle 1: 0.0029810383746531914
30-Nov 15:52:02:INFO:root:------ Middle 2: 0.0008363810180720471
30-Nov 15:52:03:INFO:root:------ Middle 3: 0.0004644438359682484
30-Nov 15:52:05:INFO:root:------ Middle 2: 0.0007920390753904159
30-Nov 15:52:05:INFO:root:------ Middle 3: 0.000440005534787625
30-Nov 15:52:06:INFO:root:------ Middle 2: 0.0005470945233877422
30-Nov 15:52:06:INFO:root:------ Middle 4: 0.00031687790962327576
30-Nov 15:52:07:INFO:root:------ Middle 3: 0.0003034079776928112
30-Nov 15:52:07:INFO:root:------ Middle 5: 0.00018965234496131863
30-Nov 15:52:07:INFO:root:Starting from 1.836717161257877e-17
30-Nov 15:52:07:INFO:root:-- Outer 2: 0.012297703517813004
30-Nov 15:52:07:INFO:root:------ Middle 1: 0.00030529138349636044
30-Nov 15:52:08:INFO:root:------ Middle 2: 0.00016994677206356513
30-Nov 15:52:08:INFO:root:Starting from 1.4955871522191126e-17
30-Nov 15:52:08:INFO:root:-- Outer 3: 0.00508089069863841
30-Nov 15:52:08:INFO:root:------ Middle 4: 0.00029081901406911924
30-Nov 15:52:08:INFO:root:Starting from 2.259787374211211e-17
30-Nov 15:52:08:INFO:root:-- Outer 2: 0.012772975101302916
30-Nov 15:52:09:INFO:root:------ Middle 1: 0.0006322216013496081
30-Nov 15:52:10:INFO:root:------ Middle 4: 0.00019897293414435863
30-Nov 15:52:10:INFO:root:Starting from 2.1302085958139645e-17
30-Nov 15:52:10:INFO:root:-- Outer 2: 0.012980292143400907
30-Nov 15:52:10:INFO:root:------ Middle 2: 0.0005966388321215093
30-Nov 15:52:11:INFO:root:------ Middle 1: 0.0006060831357738212
30-Nov 15:52:11:INFO:root:------ Middle 3: 0.00033187983244715254
30-Nov 15:52:11:INFO:root:------ Middle 2: 0.0007877447753733264
30-Nov 15:52:11:INFO:root:------ Middle 2: 0.0007441568193817008
30-Nov 15:52:12:INFO:root:------ Middle 3: 0.00043754375983433053
30-Nov 15:52:12:INFO:root:------ Middle 3: 0.00041332067919928964
30-Nov 15:52:12:INFO:root:------ Middle 2: 0.0008239276746356635
30-Nov 15:52:13:INFO:root:------ Middle 2: 0.0008225837958112275
30-Nov 15:52:13:INFO:root:------ Middle 1: 0.00028242049194339116
30-Nov 15:52:13:INFO:root:Starting from 1.8103232704960708e-17
30-Nov 15:52:13:INFO:root:-- Outer 4: 0.0029929272003180966
30-Nov 15:52:13:INFO:root:------ Middle 3: 0.00045715443447141683
30-Nov 15:52:13:INFO:root:------ Middle 3: 0.0004562251986423999
30-Nov 15:52:15:INFO:root:------ Middle 4: 0.00022062930655032548
30-Nov 15:52:15:INFO:root:Starting from 2.083522507387708e-17
30-Nov 15:52:15:INFO:root:-- Outer 2: 0.01305932733226919
30-Nov 15:52:15:INFO:root:------ Middle 4: 0.00029803746813724985
30-Nov 15:52:15:INFO:root:Starting from 2.7019107990098533e-17
30-Nov 15:52:15:INFO:root:------ Middle 4: 0.0002719626636075731
30-Nov 15:52:15:INFO:root:-- Outer 2: 0.01193837243857664
30-Nov 15:52:15:INFO:root:Starting from 2.250353643496166e-17
30-Nov 15:52:15:INFO:root:-- Outer 2: 0.013056439664104668
30-Nov 15:52:16:INFO:root:------ Middle 1: 0.0006566740187491791
30-Nov 15:52:16:INFO:root:------ Middle 2: 0.0008338883413713154
30-Nov 15:52:16:INFO:root:------ Middle 4: 0.0003099485277386889
30-Nov 15:52:16:INFO:root:------ Middle 1: 0.0005534642915272441
30-Nov 15:52:16:INFO:root:------ Middle 1: 0.0006265419892567908
30-Nov 15:52:16:INFO:root:------ Middle 1: 0.00031639725771478555
30-Nov 15:52:17:INFO:root:------ Middle 3: 0.0004624437498122593
30-Nov 15:52:17:INFO:root:------ Middle 4: 0.0003017276536613197
30-Nov 15:52:17:INFO:root:------ Middle 5: 0.0001863872070729997
30-Nov 15:52:17:INFO:root:Starting from 2.3561789355468974e-17
30-Nov 15:52:17:INFO:root:-- Outer 2: 0.011694673385633663
30-Nov 15:52:17:INFO:root:------ Middle 2: 0.00016463384074543588
30-Nov 15:52:17:INFO:root:Starting from 1.5443379743356892e-17
30-Nov 15:52:17:INFO:root:-- Outer 5: 0.0015934507405041347
30-Nov 15:52:17:INFO:root:------ Middle 5: 0.0001824577352362444
30-Nov 15:52:17:INFO:root:Starting from 2.042742153679918e-17
30-Nov 15:52:17:INFO:root:-- Outer 2: 0.012189569162285325
30-Nov 15:52:19:INFO:root:------ Middle 2: 0.0008090078070422017
30-Nov 15:52:19:INFO:root:------ Middle 3: 0.0004487725583752963
30-Nov 15:52:20:INFO:root:------ Middle 1: 0.00021729400146821702
30-Nov 15:52:20:INFO:root:Starting from 1.7940666939418738e-17
30-Nov 15:52:20:INFO:root:-- Outer 6: 0.0009357336509977368
30-Nov 15:52:20:INFO:root:END Outer loop
30-Nov 15:52:20:INFO:root:------ Middle 4: 0.0003086731392022471
30-Nov 15:52:20:INFO:root:Model trade shares: [0.939454, 0.89743, 0.979455]
30-Nov 15:52:20:INFO:root:Data trade shares: [0.951101, 0.932187, 0.983861]
30-Nov 15:52:20:INFO:root:US prices: [0.883107, 0.853984, 0.872832]
30-Nov 15:52:20:INFO:root:in the data: [2.96009, 2.78199, 2.78199]
30-Nov 15:52:20:INFO:root:Nominal world expenditure: 1.7598508331578944e7
30-Nov 15:52:20:INFO:root:--------------In the data: [5.49713e7]
30-Nov 15:52:21:INFO:root:------ Middle 5: 0.00018635372448608795
30-Nov 15:52:21:INFO:root:Starting from 2.874794557991227e-17
30-Nov 15:52:21:INFO:root:-- Outer 2: 0.011563853692476558
30-Nov 15:52:23:INFO:root:------ Middle 4: 0.00029891225103522253
30-Nov 15:52:23:INFO:root:Starting from 2.2828299096244373e-17
30-Nov 15:52:23:INFO:root:-- Outer 2: 0.011807719960358445
30-Nov 15:52:24:INFO:root:------ Middle 1: 0.0006006334507613967
30-Nov 15:52:26:INFO:root:------ Middle 2: 0.00037895123140761864
30-Nov 15:52:26:INFO:root:------ Middle 3: 0.000214337740981755
30-Nov 15:52:26:INFO:root:Starting from 1.759521740759766e-17
30-Nov 15:52:26:INFO:root:-- Outer 3: 0.005595948495799122
30-Nov 15:52:26:INFO:root:------ Middle 2: 0.00029266274216717517
30-Nov 15:52:27:INFO:root:Starting from 2.2539925472484147e-17
30-Nov 15:52:27:INFO:root:-- Outer 3: 0.005830401036142368
30-Nov 15:52:27:INFO:root:------ Middle 1: 0.00030250715922297577
30-Nov 15:52:27:INFO:root:------ Middle 1: 0.0002746251109122141
30-Nov 15:52:27:INFO:root:Starting from 1.4284538391688657e-17
30-Nov 15:52:27:INFO:root:-- Outer 4: 0.005529615803033586
30-Nov 15:52:27:INFO:root:------ Middle 1: 0.0002443009723984908
30-Nov 15:52:27:INFO:root:Starting from 1.7129076938528812e-17
30-Nov 15:52:27:INFO:root:-- Outer 4: 0.005681886200298222
30-Nov 15:52:28:INFO:root:------ Middle 2: 0.00016814556430696495
30-Nov 15:52:28:INFO:root:Starting from 1.962502674087602e-17
30-Nov 15:52:28:INFO:root:-- Outer 3: 0.00492385736140028
30-Nov 15:52:32:INFO:root:------ Middle 2: 0.0003377502916782588
30-Nov 15:52:32:INFO:root:------ Middle 1: 0.0002872241288695716
30-Nov 15:52:32:INFO:root:Starting from 1.5497891397507162e-17
30-Nov 15:52:32:INFO:root:-- Outer 4: 0.0029208744908443738
30-Nov 15:52:33:INFO:root:------ Middle 2: 0.0003682035935987999
30-Nov 15:52:33:INFO:root:------ Middle 3: 0.00019177269007611866
30-Nov 15:52:33:INFO:root:Starting from 1.9886204299397128e-17
30-Nov 15:52:33:INFO:root:-- Outer 3: 0.0058604099189491325
30-Nov 15:52:33:INFO:root:------ Middle 3: 0.00020854868142117702
30-Nov 15:52:33:INFO:root:Starting from 2.0869649773419546e-17
30-Nov 15:52:33:INFO:root:-- Outer 3: 0.005800965501237504
30-Nov 15:52:34:INFO:root:------ Middle 1: 0.0003103101999046982
30-Nov 15:52:34:INFO:root:------ Middle 1: 0.00028606678286819065
30-Nov 15:52:34:INFO:root:Starting from 1.6557892708587792e-17
30-Nov 15:52:34:INFO:root:-- Outer 4: 0.005679477600833922
30-Nov 15:52:35:INFO:root:------ Middle 2: 0.0003680132045127441
30-Nov 15:52:35:INFO:root:------ Middle 1: 0.0002916263951264781
30-Nov 15:52:35:INFO:root:Starting from 1.6470333711446535e-17
30-Nov 15:52:35:INFO:root:-- Outer 3: 0.00475725624824983
30-Nov 15:52:35:INFO:root:------ Middle 3: 0.00020783465523200201
30-Nov 15:52:35:INFO:root:Starting from 1.9245860310957735e-17
30-Nov 15:52:35:INFO:root:-- Outer 3: 0.005237523934814849
30-Nov 15:52:35:INFO:root:------ Middle 1: 0.0003654983089512136
30-Nov 15:52:36:INFO:root:------ Middle 1: 0.0003222992520355701
30-Nov 15:52:36:INFO:root:------ Middle 1: 0.00034317810656307154
30-Nov 15:52:36:INFO:root:------ Middle 2: 0.00020214069158945404
30-Nov 15:52:36:INFO:root:Starting from 1.8092150033177203e-17
30-Nov 15:52:36:INFO:root:-- Outer 3: 0.004965808150539335
30-Nov 15:52:36:INFO:root:------ Middle 2: 0.00016748195232585048
30-Nov 15:52:36:INFO:root:Starting from 1.3272424501029044e-17
30-Nov 15:52:36:INFO:root:-- Outer 5: 0.0015631247975847029
30-Nov 15:52:37:INFO:root:------ Middle 1: 0.0003947161388430022
30-Nov 15:52:38:INFO:root:------ Middle 2: 0.00017577811505932057
30-Nov 15:52:38:INFO:root:Starting from 2.0130125406859088e-17
30-Nov 15:52:38:INFO:root:-- Outer 4: 0.00334893238352487
30-Nov 15:52:39:INFO:root:------ Middle 1: 0.00021981297545689958
30-Nov 15:52:39:INFO:root:Starting from 1.751665614259858e-17
30-Nov 15:52:39:INFO:root:-- Outer 6: 0.0009142562477663454
30-Nov 15:52:39:INFO:root:END Outer loop
30-Nov 15:52:39:INFO:root:Model trade shares: [0.933196, 0.898084, 0.980311]
30-Nov 15:52:39:INFO:root:Data trade shares: [0.944757, 0.931965, 0.986375]
30-Nov 15:52:39:INFO:root:US prices: [0.883081, 0.843921, 0.856451]
30-Nov 15:52:39:INFO:root:in the data: [2.85731, 2.74066, 2.74066]
30-Nov 15:52:39:INFO:root:Nominal world expenditure: 1.740390377877131e7
30-Nov 15:52:39:INFO:root:--------------In the data: [5.4623e7]
30-Nov 15:52:40:INFO:root:------ Middle 2: 0.00019739434978475405
30-Nov 15:52:40:INFO:root:Starting from 1.514761335319688e-17
30-Nov 15:52:40:INFO:root:-- Outer 4: 0.002903639698360708
30-Nov 15:52:40:INFO:root:------ Middle 1: 0.0002173060376047682
30-Nov 15:52:40:INFO:root:Starting from 1.272956167760979e-17
30-Nov 15:52:40:INFO:root:-- Outer 4: 0.0029676052609352854
30-Nov 15:52:41:INFO:root:------ Middle 2: 0.00022870417264259416
30-Nov 15:52:41:INFO:root:Starting from 1.9592844365775456e-17
30-Nov 15:52:41:INFO:root:-- Outer 4: 0.003045826596437556
30-Nov 15:52:41:INFO:root:------ Middle 1: 0.0002834200041020382
30-Nov 15:52:41:INFO:root:Starting from 1.9398591710550545e-17
30-Nov 15:52:41:INFO:root:-- Outer 5: 0.001893586671162478
30-Nov 15:52:42:INFO:root:------ Middle 2: 0.00038187312114754406
30-Nov 15:52:42:INFO:root:------ Middle 1: 0.0002806904671917046
30-Nov 15:52:42:INFO:root:Starting from 2.1403202311301667e-17
30-Nov 15:52:42:INFO:root:-- Outer 6: 0.0017556422217777695
30-Nov 15:52:43:INFO:root:------ Middle 1: 0.0002871593401096254
30-Nov 15:52:43:INFO:root:Starting from 2.115348447960699e-17
30-Nov 15:52:43:INFO:root:-- Outer 3: 0.004681974072499401
30-Nov 15:52:43:INFO:root:------ Middle 3: 0.00021501944022025467
30-Nov 15:52:43:INFO:root:Starting from 2.0378644145605537e-17
30-Nov 15:52:43:INFO:root:-- Outer 3: 0.005196185228138229
30-Nov 15:52:43:INFO:root:------ Middle 1: 0.0002652405190429075
30-Nov 15:52:43:INFO:root:Starting from 1.6380464129062426e-17
30-Nov 15:52:43:INFO:root:-- Outer 5: 0.001695738683010791
30-Nov 15:52:43:INFO:root:------ Middle 1: 0.00032048293606441275
30-Nov 15:52:44:INFO:root:------ Middle 1: 0.0003394441096392885
30-Nov 15:52:44:INFO:root:------ Middle 1: 0.0002769211878298699
30-Nov 15:52:44:INFO:root:Starting from 1.8888607874710146e-17
30-Nov 15:52:44:INFO:root:-- Outer 4: 0.00522575841669204
30-Nov 15:52:44:INFO:root:------ Middle 1: 0.0002547126703597051
30-Nov 15:52:44:INFO:root:Starting from 1.7003579435789078e-17
30-Nov 15:52:44:INFO:root:-- Outer 5: 0.0016694789248461346
30-Nov 15:52:44:INFO:root:------ Middle 2: 0.00018044802698185904
30-Nov 15:52:44:INFO:root:Starting from 1.9144583336914295e-17
30-Nov 15:52:44:INFO:root:-- Outer 5: 0.0013443275602631943
30-Nov 15:52:44:INFO:root:------ Middle 1: 0.00024670405882066057
30-Nov 15:52:44:INFO:root:Starting from 1.4938697647524788e-17
30-Nov 15:52:44:INFO:root:-- Outer 6: 0.0015750113191527009
30-Nov 15:52:44:INFO:root:------ Middle 1: 0.00036372195446672274
30-Nov 15:52:44:INFO:root:------ Middle 1: 0.0003775411235996076
30-Nov 15:52:45:INFO:root:------ Middle 1: 0.00022699446181621247
30-Nov 15:52:45:INFO:root:Starting from 1.6776649149385745e-17
30-Nov 15:52:45:INFO:root:-- Outer 6: 0.0015306527590562334
30-Nov 15:52:45:INFO:root:------ Middle 1: 0.00019270102611613468
30-Nov 15:52:45:INFO:root:Starting from 1.8077578770522652e-17
30-Nov 15:52:45:INFO:root:-- Outer 6: 0.001435456404648608
30-Nov 15:52:45:INFO:root:------ Middle 2: 0.00019354455481998867
30-Nov 15:52:45:INFO:root:Starting from 1.4744959981269975e-17
30-Nov 15:52:45:INFO:root:-- Outer 5: 0.0017003241513748536
30-Nov 15:52:45:INFO:root:------ Middle 2: 0.00021096901633713773
30-Nov 15:52:45:INFO:root:Starting from 2.004329776564995e-17
30-Nov 15:52:45:INFO:root:-- Outer 5: 0.0015436746866198342
30-Nov 15:52:46:INFO:root:------ Middle 1: 0.00023271904943594936
30-Nov 15:52:46:INFO:root:Starting from 1.7379353925688085e-17
30-Nov 15:52:46:INFO:root:-- Outer 6: 0.001645793992544089
30-Nov 15:52:48:INFO:root:------ Middle 1: 0.0003011112285890077
30-Nov 15:52:48:INFO:root:------ Middle 1: 0.00027276649969164144
30-Nov 15:52:48:INFO:root:Starting from 1.8457957904270833e-17
30-Nov 15:52:48:INFO:root:-- Outer 7: 0.0004608914383886302
30-Nov 15:52:48:INFO:root:END Outer loop
30-Nov 15:52:48:INFO:root:------ Middle 2: 0.00018863889254272325
30-Nov 15:52:48:INFO:root:Model trade shares: [0.929259, 0.89723, 0.980784]
30-Nov 15:52:48:INFO:root:Data trade shares: [0.949239, 0.924453, 0.987338]
30-Nov 15:52:48:INFO:root:US prices: [0.875548, 0.836473, 0.843166]
30-Nov 15:52:48:INFO:root:in the data: [2.95883, 2.79593, 2.79593]
30-Nov 15:52:48:INFO:root:Nominal world expenditure: 1.7572006682188526e7
30-Nov 15:52:48:INFO:root:--------------In the data: [5.8302e7]
30-Nov 15:52:48:INFO:root:Starting from 1.633386032323753e-17
30-Nov 15:52:48:INFO:root:-- Outer 4: 0.0028577102655588716
30-Nov 15:52:48:INFO:root:------ Middle 1: 0.00024027711949989224
30-Nov 15:52:48:INFO:root:Starting from 2.2050297591707374e-17
30-Nov 15:52:48:INFO:root:-- Outer 7: 0.0004568891683411361
30-Nov 15:52:48:INFO:root:END Outer loop
30-Nov 15:52:48:INFO:root:Model trade shares: [0.923508, 0.898308, 0.98149]
30-Nov 15:52:48:INFO:root:Data trade shares: [0.943324, 0.928045, 0.988948]
30-Nov 15:52:48:INFO:root:US prices: [0.88536, 0.839378, 0.848095]
30-Nov 15:52:48:INFO:root:in the data: [2.94743, 2.7898, 2.7898]
30-Nov 15:52:48:INFO:root:------ Middle 2: 0.0001622593125951335
30-Nov 15:52:48:INFO:root:Nominal world expenditure: 1.7480403806594335e7
30-Nov 15:52:48:INFO:root:--------------In the data: [5.65242e7]
30-Nov 15:52:48:INFO:root:Starting from 1.825222599664541e-17
30-Nov 15:52:48:INFO:root:-- Outer 6: 0.0009933092642418896
30-Nov 15:52:48:INFO:root:END Outer loop
30-Nov 15:52:49:INFO:root:Model trade shares: [0.941812, 0.882858, 0.976825]
30-Nov 15:52:49:INFO:root:Data trade shares: [0.95138, 0.919234, 0.983181]
30-Nov 15:52:49:INFO:root:US prices: [0.868291, 0.834486, 0.871987]
30-Nov 15:52:49:INFO:root:in the data: [3.11354, 3.01039, 3.01039]
30-Nov 15:52:49:INFO:root:Nominal world expenditure: 1.961830809226463e7
30-Nov 15:52:49:INFO:root:--------------In the data: [6.70931e7]
30-Nov 15:52:49:INFO:root:------ Middle 1: 0.0002516060415204597
30-Nov 15:52:49:INFO:root:Starting from 2.0702515819963684e-17
30-Nov 15:52:49:INFO:root:-- Outer 7: 0.0008938086755513064
30-Nov 15:52:49:INFO:root:END Outer loop
30-Nov 15:52:50:INFO:root:Model trade shares: [0.954396, 0.882702, 0.98058]
30-Nov 15:52:50:INFO:root:Data trade shares: [0.955026, 0.900005, 0.981768]
30-Nov 15:52:50:INFO:root:US prices: [1.26633, 1.01707, 1.05833]
30-Nov 15:52:50:INFO:root:in the data: [4.23838, 3.41193, 3.41193]
30-Nov 15:52:50:INFO:root:Nominal world expenditure: 3.1909185980357688e7
30-Nov 15:52:50:INFO:root:--------------In the data: [9.98292e7]
30-Nov 15:52:50:INFO:root:------ Middle 1: 0.0004280384617143485
30-Nov 15:52:51:INFO:root:------ Middle 1: 0.0003006154265660004
30-Nov 15:52:51:INFO:root:------ Middle 2: 0.00023914748244269283
30-Nov 15:52:51:INFO:root:Starting from 1.580412463864764e-17
30-Nov 15:52:51:INFO:root:-- Outer 5: 0.0016135354657476348
30-Nov 15:52:51:INFO:root:------ Middle 2: 0.0001622912661074976
30-Nov 15:52:51:INFO:root:Starting from 1.3831373838348462e-17
30-Nov 15:52:51:INFO:root:-- Outer 7: 0.00094452132983902
30-Nov 15:52:51:INFO:root:END Outer loop
30-Nov 15:52:52:INFO:root:------ Middle 1: 0.0002698394197524084
30-Nov 15:52:52:INFO:root:Starting from 2.053057409328724e-17
30-Nov 15:52:52:INFO:root:-- Outer 6: 0.0017441084834188122
30-Nov 15:52:52:INFO:root:------ Middle 1: 0.00025479825752055684
30-Nov 15:52:52:INFO:root:Model trade shares: [0.955816, 0.914954, 0.97939]
30-Nov 15:52:52:INFO:root:Data trade shares: [0.95528, 0.914832, 0.982791]
30-Nov 15:52:52:INFO:root:US prices: [0.933827, 0.859781, 0.902014]
30-Nov 15:52:52:INFO:root:in the data: [3.32883, 3.15407, 3.15407]
30-Nov 15:52:52:INFO:root:Starting from 1.8345692840964592e-17
30-Nov 15:52:52:INFO:root:-- Outer 5: 0.0016718538396813159
30-Nov 15:52:52:INFO:root:Nominal world expenditure: 2.2105869919331018e7
30-Nov 15:52:52:INFO:root:--------------In the data: [7.56745e7]
30-Nov 15:52:52:INFO:root:------ Middle 1: 0.00023747671910670913
30-Nov 15:52:52:INFO:root:Starting from 1.836944825673898e-17
30-Nov 15:52:52:INFO:root:-- Outer 6: 0.0015509410925017542
30-Nov 15:52:54:INFO:root:------ Middle 1: 0.0003842015703699284
30-Nov 15:52:55:INFO:root:------ Middle 2: 0.0002159099555151467
30-Nov 15:52:55:INFO:root:Starting from 2.0458923412035022e-17
30-Nov 15:52:55:INFO:root:-- Outer 7: 0.0016136243040150578
30-Nov 15:52:56:INFO:root:------ Middle 1: 0.00022486521106946823
30-Nov 15:52:56:INFO:root:Starting from 1.500711296427486e-17
30-Nov 15:52:56:INFO:root:-- Outer 8: 0.0017080097476193383
30-Nov 15:52:56:INFO:root:------ Middle 1: 0.000259448482743275
30-Nov 15:52:56:INFO:root:Starting from 1.8064809170666205e-17
30-Nov 15:52:56:INFO:root:-- Outer 7: 0.0004606274680052086
30-Nov 15:52:56:INFO:root:END Outer loop
30-Nov 15:52:56:INFO:root:------ Middle 1: 0.0003649527551237974
30-Nov 15:52:56:INFO:root:Model trade shares: [0.935121, 0.901428, 0.982355]
30-Nov 15:52:56:INFO:root:Data trade shares: [0.951781, 0.9268, 0.989231]
30-Nov 15:52:56:INFO:root:US prices: [0.855689, 0.830517, 0.841995]
30-Nov 15:52:56:INFO:root:in the data: [2.94894, 2.90959, 2.90959]
30-Nov 15:52:56:INFO:root:Nominal world expenditure: 1.772410606571997e7
30-Nov 15:52:56:INFO:root:--------------In the data: [5.76528e7]
30-Nov 15:52:57:INFO:root:------ Middle 2: 0.00019793640943578108
30-Nov 15:52:57:INFO:root:Starting from 1.432473806638112e-17
30-Nov 15:52:57:INFO:root:-- Outer 7: 0.0010406545715993104
30-Nov 15:52:58:INFO:root:------ Middle 1: 0.00019431339503580303
30-Nov 15:52:58:INFO:root:Starting from 1.6131575058156585e-17
30-Nov 15:52:58:INFO:root:-- Outer 8: 0.0010786031737695548
30-Nov 15:53:00:INFO:root:------ Middle 1: 0.000295900563747685
30-Nov 15:53:00:INFO:root:Starting from 1.5200484366399633e-17
30-Nov 15:53:00:INFO:root:-- Outer 9: 0.0010761407990516753
30-Nov 15:53:01:INFO:root:------ Middle 1: 0.0002265067737162966
30-Nov 15:53:01:INFO:root:Starting from 1.8623138556249062e-17
30-Nov 15:53:01:INFO:root:-- Outer 10: 0.0010562542921627967
30-Nov 15:53:01:INFO:root:------ Middle 1: 0.0002450121390197386
30-Nov 15:53:01:INFO:root:Starting from 2.4135384917653542e-17
30-Nov 15:53:01:INFO:root:-- Outer 9: 0.0006226738802537535
30-Nov 15:53:01:INFO:root:END Outer loop
30-Nov 15:53:01:INFO:root:Model trade shares: [0.959562, 0.907112, 0.974871]
30-Nov 15:53:01:INFO:root:Data trade shares: [0.956446, 0.911974, 0.985299]
30-Nov 15:53:01:INFO:root:US prices: [1.02026, 0.89493, 0.942875]
30-Nov 15:53:01:INFO:root:in the data: [3.74316, 3.20378, 3.20378]
30-Nov 15:53:01:INFO:root:Nominal world expenditure: 2.511231268297331e7
30-Nov 15:53:01:INFO:root:--------------In the data: [8.18345e7]
30-Nov 15:53:02:INFO:root:------ Middle 1: 0.0003904126523262797
30-Nov 15:53:02:INFO:root:------ Middle 2: 0.00021734508797491376
30-Nov 15:53:02:INFO:root:Starting from 1.608074989948027e-17
30-Nov 15:53:02:INFO:root:-- Outer 5: 0.0014265982863692877
30-Nov 15:53:03:INFO:root:------ Middle 1: 0.00023450083692126494
30-Nov 15:53:03:INFO:root:Starting from 1.5780374279207266e-17
30-Nov 15:53:03:INFO:root:-- Outer 6: 0.001496371372019784
30-Nov 15:53:04:INFO:root:------ Middle 1: 0.00022933846309933857
30-Nov 15:53:04:INFO:root:Starting from 1.523741817013978e-17
30-Nov 15:53:04:INFO:root:-- Outer 11: 0.0006126327065818709
30-Nov 15:53:04:INFO:root:END Outer loop
30-Nov 15:53:04:INFO:root:Model trade shares: [0.963251, 0.898596, 0.966372]
30-Nov 15:53:04:INFO:root:Data trade shares: [0.954831, 0.902146, 0.983572]
30-Nov 15:53:04:INFO:root:US prices: [1.13607, 0.952912, 0.995976]
30-Nov 15:53:04:INFO:root:in the data: [3.88449, 3.20236, 3.20236]
30-Nov 15:53:04:INFO:root:Nominal world expenditure: 2.8503754867252443e7
30-Nov 15:53:04:INFO:root:--------------In the data: [8.8489e7]
30-Nov 15:53:08:INFO:root:------ Middle 1: 0.0002910313520792596
30-Nov 15:53:08:INFO:root:Starting from 2.4316269963620416e-17
30-Nov 15:53:08:INFO:root:-- Outer 7: 0.0008634264595428214
30-Nov 15:53:08:INFO:root:END Outer loop
30-Nov 15:53:08:INFO:root:Model trade shares: [0.944848, 0.916344, 0.979904]
30-Nov 15:53:08:INFO:root:Data trade shares: [0.946294, 0.923226, 0.982471]
30-Nov 15:53:08:INFO:root:US prices: [0.854757, 0.832214, 0.850987]
30-Nov 15:53:08:INFO:root:in the data: [2.69951, 2.89119, 2.89119]
30-Nov 15:53:08:INFO:root:Nominal world expenditure: 1.8748961847680222e7
30-Nov 15:53:08:INFO:root:--------------In the data: [5.96564e7]
490.644519 seconds (933.87 k allocations: 748.185 MiB, 0.15% gc time)
