WARNING: Method definition warn(Any...) in module Base at util.jl:589 overwritten in module Logging at //////////////////////////////////////////////////////////home/ubuntu/JuliaPro-0.6.2.1/JuliaPro/pkgs-0.6.2.1/v0.6/Logging/src/Logging.jl:115.
WARNING: Method definition info(Any...) in module Base at util.jl:534 overwritten in module Logging at //////////////////////////////////////////////////////////home/ubuntu/JuliaPro-0.6.2.1/JuliaPro/pkgs-0.6.2.1/v0.6/Logging/src/Logging.jl:115.
WARNING: Method definition warn(Any...) in module Base at util.jl:589 overwritten in module Logging at //////////////////////////////////////////////////////////home/ubuntu/JuliaPro-0.6.2.1/JuliaPro/pkgs-0.6.2.1/v0.6/Logging/src/Logging.jl:115.
WARNING: Method definition info(Any...) in module Base at util.jl:534 overwritten in module Logging at //////////////////////////////////////////////////////////home/ubuntu/JuliaPro-0.6.2.1/JuliaPro/pkgs-0.6.2.1/v0.6/Logging/src/Logging.jl:115.
WARNING: Method definition warn(Any...) in module Base at util.jl:589 overwritten in module Logging at //////////////////////////////////////////////////////////home/ubuntu/JuliaPro-0.6.2.1/JuliaPro/pkgs-0.6.2.1/v0.6/Logging/src/Logging.jl:115.
WARNING: Method definition info(Any...) in module Base at util.jl:534 overwritten in module Logging at //////////////////////////////////////////////////////////home/ubuntu/JuliaPro-0.6.2.1/JuliaPro/pkgs-0.6.2.1/v0.6/Logging/src/Logging.jl:115.
WARNING: Method definition warn(Any...) in module Base at util.jl:589 overwritten in module Logging at //////////////////////////////////////////////////////////home/ubuntu/JuliaPro-0.6.2.1/JuliaPro/pkgs-0.6.2.1/v0.6/Logging/src/Logging.jl:115.
WARNING: Method definition info(Any...) in module Base at util.jl:534 overwritten in module Logging at //////////////////////////////////////////////////////////home/ubuntu/JuliaPro-0.6.2.1/JuliaPro/pkgs-0.6.2.1/v0.6/Logging/src/Logging.jl:115.
WARNING: Method definition warn(Any...) in module Base at util.jl:589 overwritten in module Logging at //////////////////////////////////////////////////////////home/ubuntu/JuliaPro-0.6.2.1/JuliaPro/pkgs-0.6.2.1/v0.6/Logging/src/Logging.jl:115.
WARNING: Method definition info(Any...) in module Base at util.jl:534 overwritten in module Logging at //////////////////////////////////////////////////////////home/ubuntu/JuliaPro-0.6.2.1/JuliaPro/pkgs-0.6.2.1/v0.6/Logging/src/Logging.jl:115.
WARNING: Method definition warn(Any...) in module Base at util.jl:589 overwritten in module Logging at //////////////////////////////////////////////////////////home/ubuntu/JuliaPro-0.6.2.1/JuliaPro/pkgs-0.6.2.1/v0.6/Logging/src/Logging.jl:115.
WARNING: Method definition info(Any...) in module Base at util.jl:534 overwritten in module Logging at //////////////////////////////////////////////////////////home/ubuntu/JuliaPro-0.6.2.1/JuliaPro/pkgs-0.6.2.1/v0.6/Logging/src/Logging.jl:115.
WARNING: Method definition warn(Any...) in module Base at util.jl:589 overwritten in module Logging at //////////////////////////////////////////////////////////home/ubuntu/JuliaPro-0.6.2.1/JuliaPro/pkgs-0.6.2.1/v0.6/Logging/src/Logging.jl:115.
WARNING: Method definition info(Any...) in module Base at util.jl:534 overwritten in module Logging at //////////////////////////////////////////////////////////home/ubuntu/JuliaPro-0.6.2.1/JuliaPro/pkgs-0.6.2.1/v0.6/Logging/src/Logging.jl:115.
WARNING: Method definition warn(Any...) in module Base at util.jl:589 overwritten in module Logging at //////////////////////////////////////////////////////////home/ubuntu/JuliaPro-0.6.2.1/JuliaPro/pkgs-0.6.2.1/v0.6/Logging/src/Logging.jl:115.
WARNING: Method definition info(Any...) in module Base at util.jl:534 overwritten in module Logging at //////////////////////////////////////////////////////////home/ubuntu/JuliaPro-0.6.2.1/JuliaPro/pkgs-0.6.2.1/v0.6/Logging/src/Logging.jl:115.
WARNING: Method definition warn(Any...) in module Base at util.jl:589 overwritten in module Logging at //////////////////////////////////////////////////////////home/ubuntu/JuliaPro-0.6.2.1/JuliaPro/pkgs-0.6.2.1/v0.6/Logging/src/Logging.jl:115.
WARNING: Method definition info(Any...) in module Base at util.jl:534 overwritten in module Logging at //////////////////////////////////////////////////////////home/ubuntu/JuliaPro-0.6.2.1/JuliaPro/pkgs-0.6.2.1/v0.6/Logging/src/Logging.jl:115.
WARNING: Method definition warn(Any...) in module Base at util.jl:589 overwritten in module Logging at //////////////////////////////////////////////////////////home/ubuntu/JuliaPro-0.6.2.1/JuliaPro/pkgs-0.6.2.1/v0.6/Logging/src/Logging.jl:115.
WARNING: Method definition info(Any...) in module Base at util.jl:534 overwritten in module Logging at //////////////////////////////////////////////////////////home/ubuntu/JuliaPro-0.6.2.1/JuliaPro/pkgs-0.6.2.1/v0.6/Logging/src/Logging.jl:115.
WARNING: Method definition warn(Any...) in module Base at util.jl:589 overwritten in module Logging at //////////////////////////////////////////////////////////home/ubuntu/JuliaPro-0.6.2.1/JuliaPro/pkgs-0.6.2.1/v0.6/Logging/src/Logging.jl:115.
WARNING: Method definition info(Any...) in module Base at util.jl:534 overwritten in module Logging at //////////////////////////////////////////////////////////home/ubuntu/JuliaPro-0.6.2.1/JuliaPro/pkgs-0.6.2.1/v0.6/Logging/src/Logging.jl:115.
WARNING: Method definition warn(Any...) in module Base at util.jl:589 overwritten in module Logging at //////////////////////////////////////////////////////////home/ubuntu/JuliaPro-0.6.2.1/JuliaPro/pkgs-0.6.2.1/v0.6/Logging/src/Logging.jl:115.
WARNING: Method definition info(Any...) in module Base at util.jl:534 overwritten in module Logging at //////////////////////////////////////////////////////////home/ubuntu/JuliaPro-0.6.2.1/JuliaPro/pkgs-0.6.2.1/v0.6/Logging/src/Logging.jl:115.
WARNING: Method definition warn(Any...) in module Base at util.jl:589 overwritten in module Logging at //////////////////////////////////////////////////////////home/ubuntu/JuliaPro-0.6.2.1/JuliaPro/pkgs-0.6.2.1/v0.6/Logging/src/Logging.jl:115.
WARNING: Method definition info(Any...) in module Base at util.jl:534 overwritten in module Logging at //////////////////////////////////////////////////////////home/ubuntu/JuliaPro-0.6.2.1/JuliaPro/pkgs-0.6.2.1/v0.6/Logging/src/Logging.jl:115.
11-Dec 15:36:36:INFO:root:--- Period 4 ---
11-Dec 15:36:37:INFO:root:--- Period 8 ---
11-Dec 15:36:37:INFO:root:--- Period 7 ---
11-Dec 15:36:37:INFO:root:--- Period 3 ---
11-Dec 15:36:37:INFO:root:--- Period 10 ---
11-Dec 15:36:37:INFO:root:--- Period 2 ---
11-Dec 15:36:37:INFO:root:--- Period 11 ---
11-Dec 15:36:37:INFO:root:--- Period 6 ---
11-Dec 15:36:37:INFO:root:--- Period 9 ---
11-Dec 15:36:37:INFO:root:--- Period 1 ---
11-Dec 15:36:37:INFO:root:--- Period 5 ---
11-Dec 15:36:37:INFO:root:--- Period 12 ---
11-Dec 15:36:39:INFO:root:BEGIN Outer loop
11-Dec 15:36:39:INFO:root:BEGIN Outer loop
11-Dec 15:36:39:INFO:root:BEGIN Outer loop
11-Dec 15:36:39:INFO:root:BEGIN Outer loop
11-Dec 15:36:39:INFO:root:BEGIN Outer loop
11-Dec 15:36:39:INFO:root:BEGIN Outer loop
11-Dec 15:36:40:INFO:root:BEGIN Outer loop
11-Dec 15:36:40:INFO:root:BEGIN Outer loop
11-Dec 15:36:40:INFO:root:BEGIN Outer loop
11-Dec 15:36:40:INFO:root:BEGIN Outer loop
11-Dec 15:36:40:INFO:root:BEGIN Outer loop
11-Dec 15:36:40:INFO:root:BEGIN Outer loop
11-Dec 15:36:44:INFO:root:------ Middle 1: 0.005311522210590092
11-Dec 15:36:44:INFO:root:------ Middle 2: 0.0033392328412117887
11-Dec 15:36:44:INFO:root:------ Middle 3: 0.0018456291003724774
11-Dec 15:36:44:INFO:root:------ Middle 4: 0.0014375939148626746
11-Dec 15:36:44:INFO:root:------ Middle 5: 0.0008017866088799213
11-Dec 15:36:44:INFO:root:------ Middle 6: 0.0006346738522325613
11-Dec 15:36:44:INFO:root:------ Middle 7: 0.00035354198385510727
11-Dec 15:36:44:INFO:root:------ Middle 8: 0.00030578633360204877
11-Dec 15:36:44:INFO:root:------ Middle 9: 0.0001704794742183996
11-Dec 15:36:45:INFO:root:Starting from 1.3395624142972416e-17
11-Dec 15:36:46:INFO:root:-- Outer 1: 0.0407728072601548
11-Dec 15:36:46:INFO:root:------ Middle 1: 0.002511794162884412
11-Dec 15:36:46:INFO:root:------ Middle 2: 0.0008714511681331289
11-Dec 15:36:46:INFO:root:------ Middle 3: 0.0004893379239232755
11-Dec 15:36:46:INFO:root:------ Middle 4: 0.00038296910598739436
11-Dec 15:36:46:INFO:root:------ Middle 5: 0.0002066747577477015
11-Dec 15:36:46:INFO:root:Starting from 8.751567727270152e-18
11-Dec 15:36:46:INFO:root:-- Outer 2: 0.017532610576182706
11-Dec 15:36:46:INFO:root:------ Middle 1: 0.0005488177166092295
11-Dec 15:36:46:INFO:root:------ Middle 2: 0.0003287011806930805
11-Dec 15:36:46:INFO:root:------ Middle 3: 0.00019632796692284105
11-Dec 15:36:46:INFO:root:Starting from 8.800027227892528e-18
11-Dec 15:36:46:INFO:root:-- Outer 3: 0.007335752915023603
11-Dec 15:36:46:INFO:root:------ Middle 1: 0.00016485407407562037
11-Dec 15:36:46:INFO:root:Starting from 1.0791587660418672e-17
11-Dec 15:36:46:INFO:root:-- Outer 4: 0.007234308299039426
11-Dec 15:36:46:INFO:root:------ Middle 1: 0.00020902580604037979
11-Dec 15:36:46:INFO:root:Starting from 9.807515430406132e-18
11-Dec 15:36:46:INFO:root:-- Outer 5: 0.0014989172874218196
11-Dec 15:36:46:INFO:root:------ Middle 1: 0.00018646070382816177
11-Dec 15:36:46:INFO:root:Starting from 1.1617311538913732e-17
11-Dec 15:36:46:INFO:root:-- Outer 6: 0.0016485685533234005
11-Dec 15:36:46:INFO:root:------ Middle 1: 0.00011196113819561196
11-Dec 15:36:46:INFO:root:Starting from 1.3151469987233915e-17
11-Dec 15:36:46:INFO:root:-- Outer 7: 0.00021740185590321884
11-Dec 15:36:46:INFO:root:END Outer loop
11-Dec 15:36:46:INFO:root:Model trade shares: [0.971367, 0.942009, 0.995647]
11-Dec 15:36:47:INFO:root:Data trade shares: [0.970499, 0.941882, 0.994321]
11-Dec 15:36:47:INFO:root:US prices: [1.01724, 1.01623, 1.01572]
11-Dec 15:36:47:INFO:root:in the data: [1.0, 1.0, 1.0]
11-Dec 15:36:47:INFO:root:Nominal world expenditure: 8.230406863431719e6
11-Dec 15:36:47:INFO:root:--------------In the data: [8.33469e6]
11-Dec 15:36:47:INFO:root:--- Period 13 ---
11-Dec 15:36:47:INFO:root:BEGIN Outer loop
11-Dec 15:36:55:INFO:root:------ Middle 1: 0.004305474573499818
11-Dec 15:36:57:INFO:root:------ Middle 1: 0.004931502195805279
11-Dec 15:36:57:INFO:root:------ Middle 2: 0.002782701418889378
11-Dec 15:36:57:INFO:root:------ Middle 2: 0.002697310925124703
11-Dec 15:36:57:INFO:root:------ Middle 3: 0.0015011944260571656
11-Dec 15:36:59:INFO:root:------ Middle 3: 0.002081953834839542
11-Dec 15:36:59:INFO:root:------ Middle 4: 0.0011850786157904965
11-Dec 15:36:59:INFO:root:------ Middle 5: 0.0006604587328925038
11-Dec 15:37:00:INFO:root:------ Middle 4: 0.0013680421655179766
11-Dec 15:37:00:INFO:root:------ Middle 5: 0.000741509269414297
11-Dec 15:37:00:INFO:root:------ Middle 6: 0.000546017777021538
11-Dec 15:37:01:INFO:root:------ Middle 7: 0.00030040444122662104
11-Dec 15:37:01:INFO:root:------ Middle 8: 0.00026492051949765494
11-Dec 15:37:02:INFO:root:Starting from 1.2541819151334622e-17
11-Dec 15:37:02:INFO:root:------ Middle 6: 0.0006021861026046887
11-Dec 15:37:02:INFO:root:------ Middle 7: 0.0003358580010376167
11-Dec 15:37:02:INFO:root:-- Outer 1: 0.02884553495676648
11-Dec 15:37:03:INFO:root:------ Middle 8: 0.00028747907169963233
11-Dec 15:37:03:INFO:root:Starting from 1.2414403632564474e-17
11-Dec 15:37:04:INFO:root:-- Outer 1: 0.035801784574277545
11-Dec 15:37:04:INFO:root:------ Middle 1: 0.0023283003006816247
11-Dec 15:37:04:INFO:root:------ Middle 1: 0.0006471759071660684
11-Dec 15:37:05:INFO:root:------ Middle 2: 0.0003597505490598887
11-Dec 15:37:05:INFO:root:------ Middle 3: 0.00019898535862129997
11-Dec 15:37:05:INFO:root:Starting from 1.5913950260075262e-17
11-Dec 15:37:05:INFO:root:-- Outer 2: 0.012157740101746837
11-Dec 15:37:06:INFO:root:------ Middle 1: 0.0008562056181251003
11-Dec 15:37:07:INFO:root:------ Middle 2: 0.0007380286887027864
11-Dec 15:37:07:INFO:root:------ Middle 3: 0.00041425236710826375
11-Dec 15:37:07:INFO:root:------ Middle 2: 0.0001951670760432958
11-Dec 15:37:07:INFO:root:Starting from 1.8270336455317198e-17
11-Dec 15:37:07:INFO:root:-- Outer 3: 0.005710639416663614
11-Dec 15:37:08:INFO:root:------ Middle 1: 0.0003212861312611868
11-Dec 15:37:08:INFO:root:------ Middle 4: 0.0002782501393871893
11-Dec 15:37:08:INFO:root:Starting from 1.7278299411837603e-17
11-Dec 15:37:08:INFO:root:-- Outer 2: 0.015518612727595155
11-Dec 15:37:08:INFO:root:------ Middle 1: 0.0004850458981040654
11-Dec 15:37:09:INFO:root:------ Middle 2: 0.00017739541839600356
11-Dec 15:37:09:INFO:root:Starting from 1.4355510366452473e-17
11-Dec 15:37:09:INFO:root:-- Outer 4: 0.002335678150268376
11-Dec 15:37:09:INFO:root:------ Middle 1: 0.0001635871364249616
11-Dec 15:37:09:INFO:root:Starting from 1.2849916761866752e-17
11-Dec 15:37:09:INFO:root:-- Outer 5: 0.0023723461962076842
11-Dec 15:37:10:INFO:root:------ Middle 1: 0.003857038295947671
11-Dec 15:37:10:INFO:root:------ Middle 2: 0.0003409609067123808
11-Dec 15:37:10:INFO:root:------ Middle 3: 0.00020139455808906216
11-Dec 15:37:10:INFO:root:Starting from 1.2505792528066346e-17
11-Dec 15:37:10:INFO:root:-- Outer 3: 0.006536605041042184
11-Dec 15:37:10:INFO:root:------ Middle 1: 0.00018897198059035866
11-Dec 15:37:10:INFO:root:Starting from 1.6731217065717945e-17
11-Dec 15:37:10:INFO:root:-- Outer 4: 0.006485714760090223
11-Dec 15:37:11:INFO:root:------ Middle 1: 0.00015959826085686427
11-Dec 15:37:11:INFO:root:Starting from 1.4803858110411142e-17
11-Dec 15:37:11:INFO:root:-- Outer 6: 0.0006281831304747894
11-Dec 15:37:11:INFO:root:END Outer loop
11-Dec 15:37:11:INFO:root:------ Middle 1: 0.0036217626455034946
11-Dec 15:37:11:INFO:root:Model trade shares: [0.963049, 0.917494, 0.989976]
11-Dec 15:37:11:INFO:root:Data trade shares: [0.961487, 0.929057, 0.992737]
11-Dec 15:37:11:INFO:root:US prices: [1.31655, 1.05531, 1.08011]
11-Dec 15:37:11:INFO:root:in the data: [1.96012, 1.64035, 1.64035]
11-Dec 15:37:11:INFO:root:Nominal world expenditure: 1.079068324225462e7
11-Dec 15:37:11:INFO:root:------ Middle 2: 0.002418161746538188
11-Dec 15:37:12:INFO:root:--------------In the data: [1.80704e7]
11-Dec 15:37:12:INFO:root:------ Middle 1: 0.00022311064280344155
11-Dec 15:37:12:INFO:root:Starting from 1.664052536549049e-17
11-Dec 15:37:12:INFO:root:-- Outer 5: 0.0014133511594071552
11-Dec 15:37:12:INFO:root:--- Period 14 ---
11-Dec 15:37:12:INFO:root:BEGIN Outer loop
11-Dec 15:37:12:INFO:root:------ Middle 1: 0.00019284676536983236
11-Dec 15:37:12:INFO:root:Starting from 1.350028662930448e-17
11-Dec 15:37:12:INFO:root:-- Outer 6: 0.0015346141161702125
11-Dec 15:37:13:INFO:root:------ Middle 3: 0.0015647745207306755
11-Dec 15:37:13:INFO:root:------ Middle 2: 0.002300798016044633
11-Dec 15:37:13:INFO:root:------ Middle 1: 0.0001215725963339811
11-Dec 15:37:13:INFO:root:Starting from 1.7387159388136494e-17
11-Dec 15:37:13:INFO:root:-- Outer 7: 0.0001570542315548614
11-Dec 15:37:13:INFO:root:END Outer loop
11-Dec 15:37:13:INFO:root:------ Middle 4: 0.0008628741435779806
11-Dec 15:37:13:INFO:root:------ Middle 3: 0.0012676419804793589
11-Dec 15:37:14:INFO:root:Model trade shares: [0.966856, 0.927434, 0.99366]
11-Dec 15:37:14:INFO:root:Data trade shares: [0.973362, 0.938447, 0.994052]
11-Dec 15:37:14:INFO:root:US prices: [1.14586, 1.08223, 1.09799]
11-Dec 15:37:14:INFO:root:in the data: [1.46789, 1.34924, 1.34924]
11-Dec 15:37:14:INFO:root:Nominal world expenditure: 9.21948259987807e6
11-Dec 15:37:14:INFO:root:------ Middle 1: 0.0054142717424140825
11-Dec 15:37:14:INFO:root:--------------In the data: [1.15794e7]
11-Dec 15:37:15:INFO:root:--- Period 15 ---
11-Dec 15:37:15:INFO:root:BEGIN Outer loop
11-Dec 15:37:15:INFO:root:------ Middle 5: 0.0006981600942501438
11-Dec 15:37:15:INFO:root:------ Middle 6: 0.0003918444607230744
11-Dec 15:37:15:INFO:root:------ Middle 4: 0.0010091578766505916
11-Dec 15:37:15:INFO:root:------ Middle 1: 0.00409795797182397
11-Dec 15:37:15:INFO:root:------ Middle 5: 0.0005667870932789279
11-Dec 15:37:16:INFO:root:------ Middle 7: 0.00033699205358346296
11-Dec 15:37:16:INFO:root:------ Middle 8: 0.0001883729652923085
11-Dec 15:37:16:INFO:root:Starting from 1.2108925204510662e-17
11-Dec 15:37:17:INFO:root:-- Outer 1: 0.02621049689123034
11-Dec 15:37:17:INFO:root:------ Middle 6: 0.0005034382594083475
11-Dec 15:37:17:INFO:root:------ Middle 2: 0.0025732245035125475
11-Dec 15:37:17:INFO:root:------ Middle 7: 0.00026252399136074764
11-Dec 15:37:17:INFO:root:------ Middle 1: 0.0020468405287927243
11-Dec 15:37:18:INFO:root:Starting from 1.2106668026369721e-17
11-Dec 15:37:18:INFO:root:-- Outer 1: 0.025438371368565218
11-Dec 15:37:18:INFO:root:------ Middle 2: 0.0033043485571629385
11-Dec 15:37:18:INFO:root:------ Middle 3: 0.0018213416077972854
11-Dec 15:37:19:INFO:root:------ Middle 3: 0.0016525465086109188
11-Dec 15:37:19:INFO:root:------ Middle 2: 0.0006159488282518739
11-Dec 15:37:19:INFO:root:------ Middle 3: 0.0003578955718014168
11-Dec 15:37:20:INFO:root:------ Middle 4: 0.00028359814223821484
11-Dec 15:37:20:INFO:root:Starting from 1.5180192632299348e-17
11-Dec 15:37:20:INFO:root:-- Outer 2: 0.011762317518679724
11-Dec 15:37:20:INFO:root:------ Middle 1: 0.00044621818999251154
11-Dec 15:37:20:INFO:root:------ Middle 4: 0.0010666459261941851
11-Dec 15:37:21:INFO:root:------ Middle 5: 0.0005899899803113403
11-Dec 15:37:21:INFO:root:------ Middle 1: 0.0004465400373165331
11-Dec 15:37:21:INFO:root:------ Middle 4: 0.001408961536149446
11-Dec 15:37:21:INFO:root:------ Middle 2: 0.0002417857966995426
11-Dec 15:37:21:INFO:root:Starting from 1.6672998433594865e-17
11-Dec 15:37:21:INFO:root:-- Outer 2: 0.01120902338648789
11-Dec 15:37:21:INFO:root:------ Middle 6: 0.0005019947652311696
11-Dec 15:37:21:INFO:root:------ Middle 1: 0.004276533394169003
11-Dec 15:37:22:INFO:root:------ Middle 7: 0.0003082681536651654
11-Dec 15:37:22:INFO:root:------ Middle 2: 0.0002937530304570889
11-Dec 15:37:22:INFO:root:Starting from 2.0897970407711952e-17
11-Dec 15:37:22:INFO:root:-- Outer 3: 0.0051529145421453735
11-Dec 15:37:22:INFO:root:------ Middle 8: 0.00019845854769034378
11-Dec 15:37:22:INFO:root:------ Middle 1: 0.0001887694426797444
11-Dec 15:37:22:INFO:root:Starting from 1.578813940255123e-17
11-Dec 15:37:22:INFO:root:-- Outer 4: 0.005215776074770345
11-Dec 15:37:22:INFO:root:------ Middle 5: 0.0008981215856530023
11-Dec 15:37:22:INFO:root:------ Middle 6: 0.0004941735639220843
11-Dec 15:37:22:INFO:root:Starting from 1.1730204546428336e-17
11-Dec 15:37:23:INFO:root:------ Middle 1: 0.00034164674128145297
11-Dec 15:37:23:INFO:root:-- Outer 1: 0.026764633564670366
11-Dec 15:37:23:INFO:root:------ Middle 7: 0.00041742645718786063
11-Dec 15:37:23:INFO:root:------ Middle 2: 0.00018845403825155338
11-Dec 15:37:23:INFO:root:Starting from 1.655634148037925e-17
11-Dec 15:37:23:INFO:root:-- Outer 3: 0.004930883515912812
11-Dec 15:37:23:INFO:root:------ Middle 1: 0.002578722770021004
11-Dec 15:37:23:INFO:root:------ Middle 8: 0.00023003263054466354
11-Dec 15:37:24:INFO:root:------ Middle 2: 0.0026990122609400285
11-Dec 15:37:24:INFO:root:Starting from 1.2124848445953861e-17
11-Dec 15:37:24:INFO:root:------ Middle 1: 0.00027096972945537574
11-Dec 15:37:24:INFO:root:Starting from 2.0183858007276978e-17
11-Dec 15:37:24:INFO:root:-- Outer 5: 0.0013523495355264033
11-Dec 15:37:24:INFO:root:-- Outer 1: 0.03807426510827732
11-Dec 15:37:24:INFO:root:------ Middle 1: 0.00022533852354889277
11-Dec 15:37:24:INFO:root:Starting from 1.673773049931861e-17
11-Dec 15:37:24:INFO:root:-- Outer 6: 0.001443428364387948
11-Dec 15:37:25:INFO:root:------ Middle 1: 0.004666859784343494
11-Dec 15:37:25:INFO:root:------ Middle 1: 0.002378594230623906
11-Dec 15:37:25:INFO:root:------ Middle 1: 0.0002342336768061486
11-Dec 15:37:25:INFO:root:Starting from 1.5679105664802092e-17
11-Dec 15:37:25:INFO:root:-- Outer 4: 0.0021938596254690783
11-Dec 15:37:25:INFO:root:------ Middle 1: 0.004324991655292928
11-Dec 15:37:25:INFO:root:------ Middle 1: 0.00023984344189708866
11-Dec 15:37:25:INFO:root:Starting from 1.8459104546740082e-17
11-Dec 15:37:25:INFO:root:-- Outer 5: 0.0022313759276054606
11-Dec 15:37:25:INFO:root:------ Middle 1: 0.00014568646839360175
11-Dec 15:37:25:INFO:root:Starting from 2.2953365979144682e-17
11-Dec 15:37:25:INFO:root:-- Outer 7: 0.00019223939707065674
11-Dec 15:37:25:INFO:root:END Outer loop
11-Dec 15:37:25:INFO:root:------ Middle 2: 0.0008752562058861464
11-Dec 15:37:26:INFO:root:------ Middle 3: 0.0017081919296648336
11-Dec 15:37:26:INFO:root:Model trade shares: [0.969334, 0.913209, 0.976169]
11-Dec 15:37:26:INFO:root:Data trade shares: [0.976496, 0.933524, 0.973934]
11-Dec 15:37:26:INFO:root:US prices: [1.44666, 1.01599, 1.02898]
11-Dec 15:37:26:INFO:root:in the data: [2.96155, 2.01858, 2.01858]
11-Dec 15:37:26:INFO:root:------ Middle 4: 0.0009495453021640198
11-Dec 15:37:26:INFO:root:Nominal world expenditure: 1.12423545608762e7
11-Dec 15:37:26:INFO:root:------ Middle 1: 0.00018447465299701655
11-Dec 15:37:26:INFO:root:------ Middle 3: 0.0005843813870281783
11-Dec 15:37:26:INFO:root:Starting from 1.9500762578404674e-17
11-Dec 15:37:26:INFO:root:-- Outer 6: 0.0007135939754177565
11-Dec 15:37:26:INFO:root:END Outer loop
11-Dec 15:37:26:INFO:root:------ Middle 4: 0.00028082904625071416
11-Dec 15:37:26:INFO:root:Starting from 1.627908954465305e-17
11-Dec 15:37:26:INFO:root:-- Outer 2: 0.012293027528903395
11-Dec 15:37:26:INFO:root:--------------In the data: [2.33649e7]
11-Dec 15:37:26:INFO:root:------ Middle 1: 0.004707470534834627
11-Dec 15:37:27:INFO:root:------ Middle 1: 0.0004652908522577503
11-Dec 15:37:27:INFO:root:--- Period 16 ---
11-Dec 15:37:27:INFO:root:BEGIN Outer loop
11-Dec 15:37:27:INFO:root:Model trade shares: [0.972125, 0.922462, 0.975037]
11-Dec 15:37:27:INFO:root:Data trade shares: [0.97676, 0.939693, 0.972749]
11-Dec 15:37:27:INFO:root:US prices: [1.46475, 1.00757, 1.01393]
11-Dec 15:37:27:INFO:root:in the data: [3.07991, 2.04761, 2.04761]
11-Dec 15:37:27:INFO:root:------ Middle 2: 0.002963201981625944
11-Dec 15:37:27:INFO:root:Nominal world expenditure: 1.1164280853351932e7
11-Dec 15:37:27:INFO:root:------ Middle 1: 0.0034654444380034064
11-Dec 15:37:27:INFO:root:------ Middle 5: 0.0007536761177361408
11-Dec 15:37:27:INFO:root:--------------In the data: [2.31824e7]
11-Dec 15:37:28:INFO:root:------ Middle 6: 0.00041630921185593396
11-Dec 15:37:28:INFO:root:--- Period 17 ---
11-Dec 15:37:28:INFO:root:BEGIN Outer loop
11-Dec 15:37:28:INFO:root:------ Middle 2: 0.0007726164333986792
11-Dec 15:37:28:INFO:root:------ Middle 3: 0.0004346327042871454
11-Dec 15:37:28:INFO:root:------ Middle 2: 0.0027139547798798224
11-Dec 15:37:28:INFO:root:------ Middle 7: 0.0003997026490784583
11-Dec 15:37:28:INFO:root:------ Middle 3: 0.0018470329042231234
11-Dec 15:37:28:INFO:root:------ Middle 4: 0.0002948073596779112
11-Dec 15:37:28:INFO:root:Starting from 1.5816633148638962e-17
11-Dec 15:37:28:INFO:root:-- Outer 2: 0.016627103112649956
11-Dec 15:37:28:INFO:root:------ Middle 2: 0.0003327424222178649
11-Dec 15:37:29:INFO:root:------ Middle 8: 0.0002111732720193975
11-Dec 15:37:29:INFO:root:------ Middle 1: 0.0004653844659662694
11-Dec 15:37:29:INFO:root:------ Middle 3: 0.00025932554075714395
11-Dec 15:37:29:INFO:root:Starting from 1.4773509176041423e-17
11-Dec 15:37:29:INFO:root:-- Outer 3: 0.0050181112538553695
11-Dec 15:37:29:INFO:root:------ Middle 1: 0.003332188265692933
11-Dec 15:37:29:INFO:root:------ Middle 1: 0.00021876851612071275
11-Dec 15:37:29:INFO:root:Starting from 1.6827473114054983e-17
11-Dec 15:37:29:INFO:root:-- Outer 4: 0.004976463726719622
11-Dec 15:37:29:INFO:root:Starting from 1.2277324808285104e-17
11-Dec 15:37:29:INFO:root:------ Middle 2: 0.00224401747060996
11-Dec 15:37:29:INFO:root:------ Middle 3: 0.001745275754879377
11-Dec 15:37:29:INFO:root:-- Outer 1: 0.02773121019975491
11-Dec 15:37:30:INFO:root:------ Middle 4: 0.0011788338154279823
11-Dec 15:37:30:INFO:root:------ Middle 1: 0.002059722440075265
11-Dec 15:37:30:INFO:root:------ Middle 5: 0.0006512652335891356
11-Dec 15:37:31:INFO:root:------ Middle 2: 0.0003620293900060859
11-Dec 15:37:31:INFO:root:------ Middle 2: 0.002123763563876462
11-Dec 15:37:31:INFO:root:------ Middle 3: 0.00021427979792595312
11-Dec 15:37:31:INFO:root:Starting from 1.6343582861330887e-17
11-Dec 15:37:31:INFO:root:-- Outer 3: 0.006953684985419541
11-Dec 15:37:31:INFO:root:------ Middle 4: 0.0011112847739408102
11-Dec 15:37:31:INFO:root:------ Middle 3: 0.0014166999397057453
11-Dec 15:37:31:INFO:root:------ Middle 1: 0.000266637542098688
11-Dec 15:37:31:INFO:root:Starting from 1.8203871537458632e-17
11-Dec 15:37:31:INFO:root:-- Outer 5: 0.0012686271422560954
11-Dec 15:37:31:INFO:root:------ Middle 6: 0.0005681726818625108
11-Dec 15:37:31:INFO:root:------ Middle 3: 0.0011783747074668167
11-Dec 15:37:31:INFO:root:------ Middle 1: 0.00015466865152682078
11-Dec 15:37:31:INFO:root:Starting from 1.3490835033728582e-17
11-Dec 15:37:31:INFO:root:-- Outer 4: 0.006841215257583874
11-Dec 15:37:31:INFO:root:------ Middle 5: 0.000608751515929957
11-Dec 15:37:31:INFO:root:------ Middle 1: 0.00025113288703005655
11-Dec 15:37:31:INFO:root:Starting from 1.5016810793545417e-17
11-Dec 15:37:31:INFO:root:-- Outer 6: 0.00134797160315275
11-Dec 15:37:31:INFO:root:------ Middle 7: 0.0002883381752799494
11-Dec 15:37:32:INFO:root:Starting from 1.2414580122482226e-17
11-Dec 15:37:32:INFO:root:------ Middle 1: 0.00016879195400884046
11-Dec 15:37:32:INFO:root:Starting from 1.4958304750927447e-17
11-Dec 15:37:32:INFO:root:-- Outer 7: 0.00019957390505694221
11-Dec 15:37:32:INFO:root:END Outer loop
11-Dec 15:37:32:INFO:root:-- Outer 1: 0.03289466460592576
11-Dec 15:37:32:INFO:root:------ Middle 2: 0.0029044183298662504
11-Dec 15:37:32:INFO:root:------ Middle 4: 0.0009459776020029384
11-Dec 15:37:32:INFO:root:------ Middle 6: 0.0004939756963962576
11-Dec 15:37:33:INFO:root:------ Middle 4: 0.0009539729334774294
11-Dec 15:37:33:INFO:root:------ Middle 7: 0.00027599728729460965
11-Dec 15:37:33:INFO:root:Model trade shares: [0.969429, 0.914002, 0.984929]
11-Dec 15:37:33:INFO:root:Data trade shares: [0.971471, 0.927429, 0.989384]
11-Dec 15:37:33:INFO:root:US prices: [1.41453, 1.03049, 1.05526]
11-Dec 15:37:33:INFO:root:in the data: [2.72526, 1.92631, 1.92631]
11-Dec 15:37:33:INFO:root:------ Middle 2: 0.0007182963874627973
11-Dec 15:37:33:INFO:root:Nominal world expenditure: 1.1631441650667327e7
11-Dec 15:37:33:INFO:root:------ Middle 5: 0.0005266096543292222
11-Dec 15:37:33:INFO:root:------ Middle 3: 0.0003649557783581925
11-Dec 15:37:33:INFO:root:Starting from 1.2036779706789595e-17
11-Dec 15:37:33:INFO:root:------ Middle 1: 0.00021924201654598664
11-Dec 15:37:33:INFO:root:Starting from 1.771068058976723e-17
11-Dec 15:37:33:INFO:root:-- Outer 5: 0.0014934511426827415
11-Dec 15:37:33:INFO:root:--------------In the data: [2.2953e7]
11-Dec 15:37:33:INFO:root:------ Middle 1: 0.00019398064842045796
11-Dec 15:37:33:INFO:root:Starting from 1.3487650168477189e-17
11-Dec 15:37:33:INFO:root:-- Outer 6: 0.001629777813928689
11-Dec 15:37:34:INFO:root:--- Period 18 ---
11-Dec 15:37:34:INFO:root:-- Outer 1: 0.029289086213689242
11-Dec 15:37:34:INFO:root:BEGIN Outer loop
11-Dec 15:37:34:INFO:root:------ Middle 4: 0.0003267338150849348
11-Dec 15:37:34:INFO:root:------ Middle 3: 0.0018240521922731374
11-Dec 15:37:34:INFO:root:------ Middle 5: 0.0001744070078691368
11-Dec 15:37:34:INFO:root:Starting from 1.458640577399407e-17
11-Dec 15:37:34:INFO:root:-- Outer 2: 0.012224541064971308
11-Dec 15:37:34:INFO:root:------ Middle 4: 0.001017815137889116
11-Dec 15:37:34:INFO:root:------ Middle 1: 0.0004926371202789698
11-Dec 15:37:34:INFO:root:------ Middle 5: 0.0006207301893799009
11-Dec 15:37:34:INFO:root:------ Middle 1: 0.00012284975466795445
11-Dec 15:37:34:INFO:root:Starting from 1.2907119484285549e-17
11-Dec 15:37:34:INFO:root:-- Outer 7: 0.00015900934017786862
11-Dec 15:37:34:INFO:root:END Outer loop
11-Dec 15:37:34:INFO:root:------ Middle 6: 0.0003499129771683371
11-Dec 15:37:34:INFO:root:------ Middle 6: 0.0004560069806204157
11-Dec 15:37:35:INFO:root:Model trade shares: [0.966951, 0.935905, 0.993985]
11-Dec 15:37:35:INFO:root:Data trade shares: [0.970394, 0.938128, 0.99445]
11-Dec 15:37:35:INFO:root:US prices: [1.08355, 1.06077, 1.06575]
11-Dec 15:37:35:INFO:root:in the data: [1.21921, 1.17859, 1.17859]
11-Dec 15:37:35:INFO:root:Nominal world expenditure: 8.319226189818774e6
11-Dec 15:37:35:INFO:root:------ Middle 7: 0.00028972223779088883
11-Dec 15:37:35:INFO:root:------ Middle 7: 0.0003056731243652383
11-Dec 15:37:35:INFO:root:--------------In the data: [1.02443e7]
11-Dec 15:37:35:INFO:root:------ Middle 8: 0.0001802200259570073
11-Dec 15:37:35:INFO:root:Starting from 1.2205563948097809e-17
11-Dec 15:37:35:INFO:root:------ Middle 1: 0.00040897880557811024
11-Dec 15:37:35:INFO:root:------ Middle 5: 0.0007967919041611101
11-Dec 15:37:35:INFO:root:Starting from 1.2324421049769337e-17
11-Dec 15:37:36:INFO:root:-- Outer 1: 0.02588411625998257
11-Dec 15:37:36:INFO:root:--- Period 19 ---
11-Dec 15:37:36:INFO:root:BEGIN Outer loop
11-Dec 15:37:36:INFO:root:------ Middle 2: 0.0002236918832761872
11-Dec 15:37:36:INFO:root:Starting from 1.5758507584130278e-17
11-Dec 15:37:36:INFO:root:------ Middle 6: 0.00044270170103253334
11-Dec 15:37:36:INFO:root:-- Outer 2: 0.01415734015596143
11-Dec 15:37:36:INFO:root:------ Middle 2: 0.00026824267288953784
11-Dec 15:37:36:INFO:root:Starting from 1.430909463467267e-17
11-Dec 15:37:36:INFO:root:-- Outer 3: 0.005336187065262967
11-Dec 15:37:36:INFO:root:------ Middle 1: 0.0024622919262537505
11-Dec 15:37:36:INFO:root:-- Outer 1: 0.025893668554315446
11-Dec 15:37:36:INFO:root:------ Middle 1: 0.00381199041912724
11-Dec 15:37:36:INFO:root:------ Middle 1: 0.00015859907201111546
11-Dec 15:37:36:INFO:root:Starting from 1.7130445817977022e-17
11-Dec 15:37:36:INFO:root:-- Outer 4: 0.00532746087681341
11-Dec 15:37:36:INFO:root:------ Middle 7: 0.00038072121343682577
11-Dec 15:37:37:INFO:root:------ Middle 1: 0.0005817872280297828
11-Dec 15:37:37:INFO:root:------ Middle 8: 0.0002098884038004329
11-Dec 15:37:37:INFO:root:------ Middle 2: 0.00031953280790579487
11-Dec 15:37:37:INFO:root:Starting from 1.2131357035644752e-17
11-Dec 15:37:37:INFO:root:------ Middle 3: 0.00021568715003903905
11-Dec 15:37:37:INFO:root:Starting from 1.8100507027192557e-17
11-Dec 15:37:37:INFO:root:-- Outer 2: 0.012842247001039428
11-Dec 15:37:37:INFO:root:-- Outer 1: 0.031518559231266605
11-Dec 15:37:38:INFO:root:------ Middle 1: 0.00032071397484433555
11-Dec 15:37:38:INFO:root:------ Middle 1: 0.0007978299159587262
11-Dec 15:37:38:INFO:root:------ Middle 1: 0.0021461015125928376
11-Dec 15:37:38:INFO:root:------ Middle 2: 0.00017527745553905203
11-Dec 15:37:38:INFO:root:Starting from 1.4063481245296213e-17
11-Dec 15:37:38:INFO:root:-- Outer 3: 0.006110574730357377
11-Dec 15:37:38:INFO:root:------ Middle 1: 0.00023362143513725275
11-Dec 15:37:38:INFO:root:Starting from 2.3552876100013295e-17
11-Dec 15:37:38:INFO:root:-- Outer 5: 0.0012747501223907168
11-Dec 15:37:38:INFO:root:------ Middle 2: 0.0006053881232446499
11-Dec 15:37:38:INFO:root:------ Middle 2: 0.0025114709289862495
11-Dec 15:37:38:INFO:root:------ Middle 3: 0.0003500538918895611
11-Dec 15:37:38:INFO:root:------ Middle 1: 0.0001971850891216256
11-Dec 15:37:38:INFO:root:Starting from 1.595140953716256e-17
11-Dec 15:37:38:INFO:root:-- Outer 6: 0.0013704439003794813
11-Dec 15:37:38:INFO:root:------ Middle 1: 0.00032969717078458526
11-Dec 15:37:39:INFO:root:------ Middle 2: 0.0001766101251151541
11-Dec 15:37:39:INFO:root:Starting from 1.6853066084795805e-17
11-Dec 15:37:39:INFO:root:-- Outer 2: 0.010958458090223206
11-Dec 15:37:39:INFO:root:------ Middle 4: 0.0002716622558665644
11-Dec 15:37:39:INFO:root:Starting from 2.029824259710191e-17
11-Dec 15:37:39:INFO:root:-- Outer 2: 0.011920678395806785
11-Dec 15:37:39:INFO:root:------ Middle 1: 0.00012553382578074927
11-Dec 15:37:39:INFO:root:Starting from 1.3479638610377092e-17
11-Dec 15:37:39:INFO:root:-- Outer 7: 0.00016421731174717894
11-Dec 15:37:39:INFO:root:END Outer loop
11-Dec 15:37:39:INFO:root:------ Middle 2: 0.00017619640138066676
11-Dec 15:37:39:INFO:root:Starting from 1.5790079537134093e-17
11-Dec 15:37:39:INFO:root:-- Outer 3: 0.005971545759668153
11-Dec 15:37:39:INFO:root:------ Middle 1: 0.0002118868675902995
11-Dec 15:37:39:INFO:root:Starting from 1.555870770425664e-17
11-Dec 15:37:39:INFO:root:-- Outer 4: 0.0026727867397662607
11-Dec 15:37:39:INFO:root:Model trade shares: [0.967408, 0.916798, 0.989466]
11-Dec 15:37:40:INFO:root:Data trade shares: [0.966266, 0.92464, 0.992831]
11-Dec 15:37:40:INFO:root:US prices: [1.36283, 1.0457, 1.06941]
11-Dec 15:37:40:INFO:root:in the data: [2.27198, 1.79075, 1.79075]
11-Dec 15:37:40:INFO:root:------ Middle 1: 0.00027645259426984585
11-Dec 15:37:40:INFO:root:Starting from 1.548930197306071e-17
11-Dec 15:37:40:INFO:root:-- Outer 4: 0.006137331169749646
11-Dec 15:37:40:INFO:root:Nominal world expenditure: 1.1238043267298466e7
11-Dec 15:37:40:INFO:root:------ Middle 1: 0.0002227928176890478
11-Dec 15:37:40:INFO:root:Starting from 1.6142707086680576e-17
11-Dec 15:37:40:INFO:root:-- Outer 5: 0.0026696412399119284
11-Dec 15:37:40:INFO:root:------ Middle 2: 0.0006807602750459606
11-Dec 15:37:40:INFO:root:--------------In the data: [2.07618e7]
11-Dec 15:37:40:INFO:root:------ Middle 3: 0.0004265828769611973
11-Dec 15:37:40:INFO:root:--- Period 20 ---
11-Dec 15:37:40:INFO:root:BEGIN Outer loop
11-Dec 15:37:40:INFO:root:------ Middle 1: 0.00023329039136316514
11-Dec 15:37:40:INFO:root:Starting from 1.734472442790072e-17
11-Dec 15:37:40:INFO:root:-- Outer 3: 0.004865771846108102
11-Dec 15:37:41:INFO:root:------ Middle 4: 0.00025225628214754856
11-Dec 15:37:41:INFO:root:Starting from 1.5618966256998527e-17
11-Dec 15:37:41:INFO:root:-- Outer 2: 0.014212424066817242
11-Dec 15:37:41:INFO:root:------ Middle 1: 0.000285925730042382
11-Dec 15:37:41:INFO:root:Starting from 1.3025408096511362e-17
11-Dec 15:37:41:INFO:root:-- Outer 4: 0.004876803775692715
11-Dec 15:37:41:INFO:root:------ Middle 1: 0.0039750909094131036
11-Dec 15:37:41:INFO:root:------ Middle 1: 0.00048010545207816195
11-Dec 15:37:41:INFO:root:------ Middle 1: 0.00030116471182625634
11-Dec 15:37:41:INFO:root:------ Middle 2: 0.00017666811283312825
11-Dec 15:37:41:INFO:root:Starting from 1.4689218037906447e-17
11-Dec 15:37:41:INFO:root:-- Outer 3: 0.004833421786812485
11-Dec 15:37:41:INFO:root:------ Middle 1: 0.00016518017664018342
11-Dec 15:37:41:INFO:root:Starting from 1.4700402439893288e-17
11-Dec 15:37:41:INFO:root:-- Outer 6: 0.0005309437169572477
11-Dec 15:37:41:INFO:root:END Outer loop
11-Dec 15:37:41:INFO:root:------ Middle 1: 0.00031229765410232917
11-Dec 15:37:41:INFO:root:------ Middle 1: 0.00022883313040973364
11-Dec 15:37:41:INFO:root:Starting from 1.1573938741023508e-17
11-Dec 15:37:41:INFO:root:-- Outer 5: 0.0013226092908945912
11-Dec 15:37:42:INFO:root:------ Middle 1: 0.00018536259347869325
11-Dec 15:37:42:INFO:root:Starting from 1.585331927340393e-17
11-Dec 15:37:42:INFO:root:-- Outer 6: 0.0014282096529676053
11-Dec 15:37:42:INFO:root:Model trade shares: [0.964014, 0.928591, 0.992728]
11-Dec 15:37:42:INFO:root:Data trade shares: [0.975035, 0.947136, 0.993826]
11-Dec 15:37:42:INFO:root:US prices: [1.20126, 1.10971, 1.11654]
11-Dec 15:37:42:INFO:root:in the data: [1.5623, 1.46271, 1.46271]
11-Dec 15:37:42:INFO:root:Nominal world expenditure: 9.18110681491492e6
11-Dec 15:37:42:INFO:root:--------------In the data: [1.27847e7]
11-Dec 15:37:42:INFO:root:------ Middle 2: 0.00248507524148707
11-Dec 15:37:42:INFO:root:------ Middle 2: 0.000325172382611275
11-Dec 15:37:42:INFO:root:--- Period 21 ---
11-Dec 15:37:42:INFO:root:BEGIN Outer loop
11-Dec 15:37:42:INFO:root:------ Middle 1: 0.00011587510458164692
11-Dec 15:37:43:INFO:root:Starting from 1.7569374586694398e-17
11-Dec 15:37:43:INFO:root:-- Outer 7: 0.00014603940674058491
11-Dec 15:37:43:INFO:root:END Outer loop
11-Dec 15:37:43:INFO:root:------ Middle 1: 0.00020006553621786298
11-Dec 15:37:43:INFO:root:Starting from 1.8835244736788345e-17
11-Dec 15:37:43:INFO:root:-- Outer 5: 0.0009105842583938746
11-Dec 15:37:43:INFO:root:END Outer loop
11-Dec 15:37:43:INFO:root:------ Middle 3: 0.0013931418708263443
11-Dec 15:37:43:INFO:root:------ Middle 3: 0.00019652306364708203
11-Dec 15:37:43:INFO:root:Starting from 1.2019229899169359e-17
11-Dec 15:37:43:INFO:root:-- Outer 3: 0.005772640081966178
11-Dec 15:37:43:INFO:root:------ Middle 2: 0.00016686996405696958
11-Dec 15:37:43:INFO:root:Starting from 1.956720223998888e-17
11-Dec 15:37:43:INFO:root:-- Outer 4: 0.0019604946585363736
11-Dec 15:37:43:INFO:root:------ Middle 1: 0.0038924216870785556
11-Dec 15:37:43:INFO:root:------ Middle 1: 0.00014842818628866652
11-Dec 15:37:43:INFO:root:Starting from 1.6061507990774623e-17
11-Dec 15:37:43:INFO:root:-- Outer 4: 0.005610348018570117
11-Dec 15:37:43:INFO:root:------ Middle 1: 0.00017588183518318928
11-Dec 15:37:43:INFO:root:Starting from 2.1044892546388413e-17
11-Dec 15:37:43:INFO:root:-- Outer 5: 0.0019573080554334747
11-Dec 15:37:43:INFO:root:Model trade shares: [0.961499, 0.92064, 0.989882]
11-Dec 15:37:43:INFO:root:Data trade shares: [0.959721, 0.934044, 0.992669]
11-Dec 15:37:43:INFO:root:US prices: [1.2673, 1.07599, 1.08157]
11-Dec 15:37:43:INFO:root:in the data: [1.70549, 1.50868, 1.50868]
11-Dec 15:37:43:INFO:root:Model trade shares: [0.967445, 0.919574, 0.979966]
11-Dec 15:37:43:INFO:root:Data trade shares: [0.972765, 0.936372, 0.980463]
11-Dec 15:37:43:INFO:root:US prices: [1.39818, 0.981694, 0.989556]
11-Dec 15:37:43:INFO:root:in the data: [3.02084, 2.07936, 2.07936]
11-Dec 15:37:43:INFO:root:Nominal world expenditure: 1.0209162995167546e7
11-Dec 15:37:43:INFO:root:Nominal world expenditure: 1.1023231024858106e7
11-Dec 15:37:43:INFO:root:--------------In the data: [1.54393e7]
11-Dec 15:37:44:INFO:root:------ Middle 1: 0.00016120779084830236
11-Dec 15:37:44:INFO:root:Starting from 1.8481731627887645e-17
11-Dec 15:37:44:INFO:root:-- Outer 6: 0.00077250844907998
11-Dec 15:37:44:INFO:root:END Outer loop
11-Dec 15:37:44:INFO:root:--- Period 22 ---
11-Dec 15:37:44:INFO:root:BEGIN Outer loop
11-Dec 15:37:43:INFO:root:--------------In the data: [2.36221e7]
11-Dec 15:37:44:INFO:root:Model trade shares: [0.966721, 0.916874, 0.989684]
11-Dec 15:37:44:INFO:root:Data trade shares: [0.971404, 0.929028, 0.993445]
11-Dec 15:37:44:INFO:root:US prices: [1.3134, 0.958162, 0.974537]
11-Dec 15:37:44:INFO:root:in the data: [2.9591, 2.1512, 2.1512]
11-Dec 15:37:44:INFO:root:Nominal world expenditure: 1.1714798144071534e7
11-Dec 15:37:44:INFO:root:--------------In the data: [2.42511e7]
11-Dec 15:37:44:INFO:root:--- Period 23 ---
11-Dec 15:37:44:INFO:root:BEGIN Outer loop
11-Dec 15:37:44:INFO:root:--- Period 24 ---
11-Dec 15:37:44:INFO:root:BEGIN Outer loop
11-Dec 15:37:44:INFO:root:------ Middle 4: 0.0011045354518204296
11-Dec 15:37:44:INFO:root:------ Middle 3: 0.0017158390383571575
11-Dec 15:37:44:INFO:root:------ Middle 2: 0.0024363200712402677
11-Dec 15:37:44:INFO:root:------ Middle 5: 0.0006095866775333741
11-Dec 15:37:45:INFO:root:------ Middle 3: 0.0013517485329040979
11-Dec 15:37:45:INFO:root:------ Middle 1: 0.00021572741384227488
11-Dec 15:37:45:INFO:root:Starting from 2.100953349329144e-17
11-Dec 15:37:45:INFO:root:-- Outer 5: 0.001323894943789625
11-Dec 15:37:45:INFO:root:------ Middle 1: 0.0001889254153045271
11-Dec 15:37:45:INFO:root:Starting from 1.2126093735984173e-17
11-Dec 15:37:45:INFO:root:-- Outer 6: 0.0014334357051875824
11-Dec 15:37:46:INFO:root:------ Middle 6: 0.0005121747666688454
11-Dec 15:37:46:INFO:root:------ Middle 4: 0.0010721885856676014
11-Dec 15:37:46:INFO:root:------ Middle 7: 0.00028239464413168413
11-Dec 15:37:46:INFO:root:------ Middle 4: 0.0010717557208648955
11-Dec 15:37:46:INFO:root:Starting from 1.251021918855204e-17
11-Dec 15:37:46:INFO:root:-- Outer 1: 0.026848633255305742
11-Dec 15:37:46:INFO:root:------ Middle 5: 0.0006055894215709994
11-Dec 15:37:46:INFO:root:------ Middle 1: 0.00011782231600331761
11-Dec 15:37:46:INFO:root:Starting from 1.5263015919777e-17
11-Dec 15:37:46:INFO:root:-- Outer 7: 0.00016209210051714684
11-Dec 15:37:46:INFO:root:END Outer loop
11-Dec 15:37:46:INFO:root:------ Middle 5: 0.0005993778633083672
11-Dec 15:37:46:INFO:root:Model trade shares: [0.96295, 0.928245, 0.990593]
11-Dec 15:37:47:INFO:root:Data trade shares: [0.967429, 0.940539, 0.992695]
11-Dec 15:37:47:INFO:root:US prices: [1.23247, 1.09525, 1.09697]
11-Dec 15:37:47:INFO:root:in the data: [1.63396, 1.43854, 1.43854]
11-Dec 15:37:47:INFO:root:Nominal world expenditure: 9.629621330386829e6
11-Dec 15:37:47:INFO:root:------ Middle 6: 0.0004792910239783603
11-Dec 15:37:47:INFO:root:--------------In the data: [1.37348e7]
11-Dec 15:37:48:INFO:root:------ Middle 7: 0.0002629202105253791
11-Dec 15:37:48:INFO:root:Starting from 1.198202153274468e-17
11-Dec 15:37:48:INFO:root:-- Outer 1: 0.026303372387211154
11-Dec 15:37:48:INFO:root:------ Middle 6: 0.0005056858064131597
11-Dec 15:37:48:INFO:root:--- Period 25 ---
11-Dec 15:37:48:INFO:root:BEGIN Outer loop
11-Dec 15:37:48:INFO:root:------ Middle 7: 0.0002835057365446094
11-Dec 15:37:48:INFO:root:Starting from 1.1651062992344885e-17
11-Dec 15:37:48:INFO:root:-- Outer 1: 0.027218921289862013
11-Dec 15:37:48:INFO:root:------ Middle 1: 0.0004416307179384148
11-Dec 15:37:48:INFO:root:------ Middle 2: 0.0002406056549942241
11-Dec 15:37:48:INFO:root:Starting from 1.8712541511662763e-17
11-Dec 15:37:48:INFO:root:-- Outer 2: 0.011705985967436298
11-Dec 15:37:50:INFO:root:------ Middle 1: 0.00048800887806524536
11-Dec 15:37:50:INFO:root:------ Middle 1: 0.0004600361382863936
11-Dec 15:37:50:INFO:root:------ Middle 1: 0.00033246431863533603
11-Dec 15:37:50:INFO:root:------ Middle 2: 0.0002529688350946803
11-Dec 15:37:50:INFO:root:Starting from 1.5787551244242465e-17
11-Dec 15:37:50:INFO:root:-- Outer 2: 0.011847475729656727
11-Dec 15:37:50:INFO:root:------ Middle 2: 0.00018446320678909054
11-Dec 15:37:50:INFO:root:Starting from 1.888126065708311e-17
11-Dec 15:37:50:INFO:root:-- Outer 3: 0.005017987082160924
11-Dec 15:37:51:INFO:root:------ Middle 2: 0.0002817887334599639
11-Dec 15:37:51:INFO:root:Starting from 1.5847402397943688e-17
11-Dec 15:37:51:INFO:root:-- Outer 2: 0.011706462308367444
11-Dec 15:37:51:INFO:root:------ Middle 1: 0.0006554518430065722
11-Dec 15:37:52:INFO:root:------ Middle 1: 0.00023009651392096134
11-Dec 15:37:52:INFO:root:Starting from 1.3710911047851276e-17
11-Dec 15:37:52:INFO:root:-- Outer 4: 0.0021660870106130726
11-Dec 15:37:52:INFO:root:------ Middle 1: 0.00023564344551308447
11-Dec 15:37:52:INFO:root:Starting from 1.747027488201484e-17
11-Dec 15:37:52:INFO:root:-- Outer 5: 0.0021451792241099434
11-Dec 15:37:52:INFO:root:------ Middle 1: 0.00034640111645687765
11-Dec 15:37:52:INFO:root:------ Middle 2: 0.0001906229524715728
11-Dec 15:37:52:INFO:root:Starting from 1.3881640922850163e-17
11-Dec 15:37:52:INFO:root:-- Outer 3: 0.005094270937128748
11-Dec 15:37:53:INFO:root:------ Middle 2: 0.00020794951560769255
11-Dec 15:37:53:INFO:root:Starting from 1.45520961706979e-17
11-Dec 15:37:53:INFO:root:-- Outer 3: 0.005406231099814708
11-Dec 15:37:53:INFO:root:------ Middle 1: 0.0001766349063061538
11-Dec 15:37:53:INFO:root:Starting from 1.672722884825663e-17
11-Dec 15:37:53:INFO:root:-- Outer 6: 0.000648864072904003
11-Dec 15:37:53:INFO:root:END Outer loop
11-Dec 15:37:53:INFO:root:Model trade shares: [0.956517, 0.917004, 0.99191]
11-Dec 15:37:53:INFO:root:Data trade shares: [0.960962, 0.931588, 0.993893]
11-Dec 15:37:53:INFO:root:US prices: [1.03692, 0.944437, 0.962932]
11-Dec 15:37:53:INFO:root:in the data: [2.50767, 2.31742, 2.31742]
11-Dec 15:37:53:INFO:root:Nominal world expenditure: 1.5267493668907873e7
11-Dec 15:37:53:INFO:root:--------------In the data: [3.61928e7]
11-Dec 15:37:53:INFO:root:------ Middle 1: 0.0002769988235762046
11-Dec 15:37:53:INFO:root:Starting from 1.3840797860892013e-17
11-Dec 15:37:53:INFO:root:-- Outer 4: 0.005525575605027886
11-Dec 15:37:53:INFO:root:--- Period 26 ---
11-Dec 15:37:53:INFO:root:BEGIN Outer loop
11-Dec 15:37:54:INFO:root:------ Middle 1: 0.003926608782839828
11-Dec 15:37:54:INFO:root:------ Middle 2: 0.0021707033986303127
11-Dec 15:37:54:INFO:root:------ Middle 1: 0.00023575099906163397
11-Dec 15:37:54:INFO:root:Starting from 1.5750174486675396e-17
11-Dec 15:37:54:INFO:root:-- Outer 4: 0.0021941419167520898
11-Dec 15:37:54:INFO:root:------ Middle 1: 0.00024097416948600547
11-Dec 15:37:54:INFO:root:Starting from 1.385862325871984e-17
11-Dec 15:37:54:INFO:root:-- Outer 5: 0.0021713416347800326
11-Dec 15:37:54:INFO:root:------ Middle 1: 0.0037199779612853297
11-Dec 15:37:55:INFO:root:------ Middle 1: 0.00025395665910990425
11-Dec 15:37:55:INFO:root:Starting from 1.5531144707670742e-17
11-Dec 15:37:55:INFO:root:-- Outer 5: 0.001208247116738612
11-Dec 15:37:55:INFO:root:------ Middle 1: 0.0002049991622724975
11-Dec 15:37:55:INFO:root:Starting from 1.444548404727067e-17
11-Dec 15:37:55:INFO:root:-- Outer 6: 0.001299673835057473
11-Dec 15:37:55:INFO:root:------ Middle 1: 0.0001805390993376948
11-Dec 15:37:55:INFO:root:Starting from 1.8841040431386197e-17
11-Dec 15:37:55:INFO:root:-- Outer 6: 0.000691211984082336
11-Dec 15:37:55:INFO:root:END Outer loop
11-Dec 15:37:55:INFO:root:Model trade shares: [0.961974, 0.918742, 0.991173]
11-Dec 15:37:55:INFO:root:Data trade shares: [0.958317, 0.928046, 0.993489]
11-Dec 15:37:55:INFO:root:US prices: [1.079, 0.952307, 0.969008]
11-Dec 15:37:55:INFO:root:in the data: [2.43661, 2.20422, 2.20422]
11-Dec 15:37:55:INFO:root:Nominal world expenditure: 1.4023002923546214e7
11-Dec 15:37:55:INFO:root:--------------In the data: [3.25615e7]
11-Dec 15:37:55:INFO:root:------ Middle 3: 0.0016963876060832686
11-Dec 15:37:55:INFO:root:--- Period 27 ---
11-Dec 15:37:55:INFO:root:BEGIN Outer loop
11-Dec 15:37:56:INFO:root:------ Middle 4: 0.0009518105958057734
11-Dec 15:37:56:INFO:root:------ Middle 1: 0.0001304330835178468
11-Dec 15:37:56:INFO:root:Starting from 1.9201550178137954e-17
11-Dec 15:37:56:INFO:root:-- Outer 7: 0.00016225242186802946
11-Dec 15:37:56:INFO:root:END Outer loop
11-Dec 15:37:56:INFO:root:Model trade shares: [0.966961, 0.921719, 0.991314]
11-Dec 15:37:56:INFO:root:Data trade shares: [0.967576, 0.927756, 0.993556]
11-Dec 15:37:56:INFO:root:US prices: [1.20805, 0.949333, 0.953372]
11-Dec 15:37:56:INFO:root:in the data: [2.78451, 2.12334, 2.12334]
11-Dec 15:37:56:INFO:root:Nominal world expenditure: 1.2776620703994373e7
11-Dec 15:37:56:INFO:root:--------------In the data: [2.5209e7]
11-Dec 15:37:56:INFO:root:--- Period 28 ---
11-Dec 15:37:56:INFO:root:BEGIN Outer loop
11-Dec 15:37:57:INFO:root:------ Middle 5: 0.0007903893878753519
11-Dec 15:37:57:INFO:root:------ Middle 6: 0.00043922541199096864
11-Dec 15:37:57:INFO:root:------ Middle 7: 0.0003904920934984933
11-Dec 15:37:58:INFO:root:------ Middle 8: 0.00022366399167629512
11-Dec 15:37:58:INFO:root:Starting from 1.1796297939706657e-17
11-Dec 15:37:58:INFO:root:-- Outer 1: 0.026474626163846965
11-Dec 15:37:58:INFO:root:------ Middle 1: 0.0023640832789229133
11-Dec 15:38:00:INFO:root:------ Middle 1: 0.004135578679438783
11-Dec 15:38:00:INFO:root:------ Middle 2: 0.0023746200805491494
11-Dec 15:38:01:INFO:root:------ Middle 2: 0.0007532534199488077
11-Dec 15:38:01:INFO:root:------ Middle 3: 0.0004289778739690107
11-Dec 15:38:01:INFO:root:------ Middle 1: 0.0043246422726193855
11-Dec 15:38:01:INFO:root:------ Middle 2: 0.00238086812091095
11-Dec 15:38:02:INFO:root:------ Middle 4: 0.00033746993704629274
11-Dec 15:38:02:INFO:root:------ Middle 5: 0.0002032439093215655
11-Dec 15:38:02:INFO:root:Starting from 2.1456353078139553e-17
11-Dec 15:38:02:INFO:root:-- Outer 2: 0.011827391939380889
11-Dec 15:38:02:INFO:root:------ Middle 2: 0.0026162654497726046
11-Dec 15:38:02:INFO:root:------ Middle 1: 0.000601316123865735
11-Dec 15:38:03:INFO:root:------ Middle 3: 0.0015124994367554457
11-Dec 15:38:03:INFO:root:------ Middle 3: 0.0018312912914540266
11-Dec 15:38:03:INFO:root:------ Middle 4: 0.0010220399753591862
11-Dec 15:38:04:INFO:root:------ Middle 2: 0.000282451997243428
11-Dec 15:38:04:INFO:root:Starting from 2.083947014431568e-17
11-Dec 15:38:04:INFO:root:-- Outer 3: 0.005167160560764457
11-Dec 15:38:04:INFO:root:------ Middle 3: 0.0016726052684279055
11-Dec 15:38:04:INFO:root:------ Middle 4: 0.0009684392722346503
11-Dec 15:38:04:INFO:root:------ Middle 1: 0.0002814055739726305
11-Dec 15:38:04:INFO:root:Starting from 1.7470164120291622e-17
11-Dec 15:38:04:INFO:root:-- Outer 4: 0.005222724856304666
11-Dec 15:38:04:INFO:root:------ Middle 5: 0.0005337353308087074
11-Dec 15:38:05:INFO:root:------ Middle 5: 0.0008383912757282132
11-Dec 15:38:05:INFO:root:------ Middle 6: 0.00045410196490838176
11-Dec 15:38:05:INFO:root:------ Middle 6: 0.00046959719077595345
11-Dec 15:38:05:INFO:root:------ Middle 7: 0.00027806697248152444
11-Dec 15:38:05:INFO:root:Starting from 1.1973170168308145e-17
11-Dec 15:38:05:INFO:root:-- Outer 1: 0.027399218479088227
11-Dec 15:38:06:INFO:root:------ Middle 4: 0.0010822277450890745
11-Dec 15:38:06:INFO:root:------ Middle 1: 0.00194686122425522
11-Dec 15:38:06:INFO:root:------ Middle 7: 0.0004061760102665175
11-Dec 15:38:06:INFO:root:------ Middle 5: 0.0005983600250405414
11-Dec 15:38:06:INFO:root:------ Middle 1: 0.0003019316165768357
11-Dec 15:38:06:INFO:root:------ Middle 2: 0.000193227923544535
11-Dec 15:38:06:INFO:root:Starting from 2.0183920238808813e-17
11-Dec 15:38:06:INFO:root:-- Outer 5: 0.0013936054608912976
11-Dec 15:38:06:INFO:root:------ Middle 8: 0.00023189078403308198
11-Dec 15:38:06:INFO:root:Starting from 1.2027277910607651e-17
11-Dec 15:38:06:INFO:root:-- Outer 1: 0.03073425652421764
11-Dec 15:38:06:INFO:root:------ Middle 1: 0.00018580684410334522
11-Dec 15:38:06:INFO:root:Starting from 1.3991553366008723e-17
11-Dec 15:38:06:INFO:root:-- Outer 6: 0.0015534123050817484
11-Dec 15:38:06:INFO:root:------ Middle 1: 0.0027777082075523462
11-Dec 15:38:07:INFO:root:------ Middle 6: 0.0004890860420018163
11-Dec 15:38:07:INFO:root:------ Middle 1: 0.00012114385698608831
11-Dec 15:38:07:INFO:root:Starting from 1.8920424993602922e-17
11-Dec 15:38:07:INFO:root:-- Outer 7: 0.0001942602759458355
11-Dec 15:38:07:INFO:root:END Outer loop
11-Dec 15:38:07:INFO:root:------ Middle 7: 0.0002711435092157522
11-Dec 15:38:07:INFO:root:Starting from 1.1293215556540764e-17
11-Dec 15:38:07:INFO:root:-- Outer 1: 0.028852187597267823
11-Dec 15:38:07:INFO:root:Model trade shares: [0.957198, 0.920444, 0.991134]
11-Dec 15:38:07:INFO:root:Data trade shares: [0.960491, 0.93458, 0.986591]
11-Dec 15:38:07:INFO:root:US prices: [0.969638, 0.942015, 0.950802]
11-Dec 15:38:07:INFO:root:in the data: [2.52256, 2.5595, 2.5595]
11-Dec 15:38:07:INFO:root:Nominal world expenditure: 1.8567397667601027e7
11-Dec 15:38:07:INFO:root:--------------In the data: [4.55098e7]
11-Dec 15:38:07:INFO:root:--- Period 29 ---
11-Dec 15:38:07:INFO:root:------ Middle 2: 0.0005871679364956962
11-Dec 15:38:07:INFO:root:BEGIN Outer loop
11-Dec 15:38:09:INFO:root:------ Middle 3: 0.0004019757775517344
11-Dec 15:38:09:INFO:root:------ Middle 4: 0.00023338338866741226
11-Dec 15:38:09:INFO:root:Starting from 1.7778790245174594e-17
11-Dec 15:38:09:INFO:root:-- Outer 2: 0.012577364731290392
11-Dec 15:38:09:INFO:root:------ Middle 1: 0.0004286503696759857
11-Dec 15:38:10:INFO:root:------ Middle 2: 0.000942378596817101
11-Dec 15:38:10:INFO:root:------ Middle 3: 0.0005585129817897185
11-Dec 15:38:10:INFO:root:------ Middle 1: 0.0005447009426337775
11-Dec 15:38:11:INFO:root:------ Middle 2: 0.00030482058808893115
11-Dec 15:38:11:INFO:root:------ Middle 4: 0.00040608414916501625
11-Dec 15:38:11:INFO:root:------ Middle 2: 0.0002976104078160293
11-Dec 15:38:11:INFO:root:Starting from 1.5722854876569908e-17
11-Dec 15:38:11:INFO:root:-- Outer 2: 0.012335949047716602
11-Dec 15:38:11:INFO:root:------ Middle 3: 0.00018452679666407484
11-Dec 15:38:11:INFO:root:Starting from 1.7946726209112848e-17
11-Dec 15:38:11:INFO:root:-- Outer 3: 0.0050838686622992815
11-Dec 15:38:11:INFO:root:------ Middle 5: 0.00026070004604443817
11-Dec 15:38:11:INFO:root:Starting from 1.5311205327135765e-17
11-Dec 15:38:11:INFO:root:-- Outer 2: 0.013446608410658896
11-Dec 15:38:11:INFO:root:------ Middle 1: 0.00017965909629524747
11-Dec 15:38:11:INFO:root:Starting from 1.2664529568413377e-17
11-Dec 15:38:11:INFO:root:-- Outer 4: 0.004988162697503644
11-Dec 15:38:11:INFO:root:------ Middle 1: 0.0005968641921595547
11-Dec 15:38:13:INFO:root:------ Middle 2: 0.0003395805630787673
11-Dec 15:38:13:INFO:root:------ Middle 1: 0.00024115776718593873
11-Dec 15:38:13:INFO:root:Starting from 1.3557781288457617e-17
11-Dec 15:38:13:INFO:root:-- Outer 5: 0.0012067468082154517
11-Dec 15:38:13:INFO:root:------ Middle 1: 0.0004424887899787027
11-Dec 15:38:13:INFO:root:------ Middle 3: 0.00019827002799316902
11-Dec 15:38:13:INFO:root:Starting from 1.497675917257313e-17
11-Dec 15:38:13:INFO:root:-- Outer 3: 0.005685414497092267
11-Dec 15:38:13:INFO:root:------ Middle 1: 0.00020500065430781515
11-Dec 15:38:13:INFO:root:Starting from 1.913322512580963e-17
11-Dec 15:38:13:INFO:root:-- Outer 6: 0.0012887651984142363
11-Dec 15:38:13:INFO:root:------ Middle 1: 0.003970572341366885
11-Dec 15:38:13:INFO:root:------ Middle 2: 0.00024232846225271363
11-Dec 15:38:13:INFO:root:Starting from 1.5095078031360762e-17
11-Dec 15:38:13:INFO:root:-- Outer 3: 0.005361800471864302
11-Dec 15:38:13:INFO:root:------ Middle 1: 0.00027512038683165217
11-Dec 15:38:13:INFO:root:Starting from 1.6341631390984506e-17
11-Dec 15:38:13:INFO:root:-- Outer 4: 0.005603087543557784
11-Dec 15:38:14:INFO:root:------ Middle 1: 0.0001326697525986875
11-Dec 15:38:14:INFO:root:Starting from 1.6979588365541844e-17
11-Dec 15:38:14:INFO:root:-- Outer 7: 0.00017224132491156996
11-Dec 15:38:14:INFO:root:END Outer loop
11-Dec 15:38:14:INFO:root:Model trade shares: [0.958843, 0.917425, 0.991965]
11-Dec 15:38:14:INFO:root:Data trade shares: [0.953126, 0.923314, 0.993566]
11-Dec 15:38:14:INFO:root:US prices: [1.12578, 0.952227, 0.957006]
11-Dec 15:38:14:INFO:root:in the data: [2.3065, 2.15345, 2.15345]
11-Dec 15:38:14:INFO:root:Nominal world expenditure: 1.3106783041786296e7
11-Dec 15:38:14:INFO:root:--------------In the data: [2.91447e7]
11-Dec 15:38:14:INFO:root:--- Period 30 ---
11-Dec 15:38:14:INFO:root:BEGIN Outer loop
11-Dec 15:38:15:INFO:root:------ Middle 1: 0.0003073066361773787
11-Dec 15:38:15:INFO:root:------ Middle 1: 0.0002892618891818578
11-Dec 15:38:15:INFO:root:Starting from 1.7186884865613427e-17
11-Dec 15:38:15:INFO:root:-- Outer 5: 0.001316169069368343
11-Dec 15:38:15:INFO:root:------ Middle 2: 0.0001669488182708373
11-Dec 15:38:15:INFO:root:Starting from 2.0089522187949993e-17
11-Dec 15:38:15:INFO:root:-- Outer 4: 0.002336342992840412
11-Dec 15:38:15:INFO:root:------ Middle 1: 0.0002508250572558817
11-Dec 15:38:15:INFO:root:Starting from 1.7716629466185798e-17
11-Dec 15:38:15:INFO:root:-- Outer 6: 0.0013899195539623513
11-Dec 15:38:15:INFO:root:------ Middle 1: 0.00024836751137210264
11-Dec 15:38:15:INFO:root:Starting from 1.4171487084985755e-17
11-Dec 15:38:15:INFO:root:-- Outer 5: 0.0023701713194352065
11-Dec 15:38:16:INFO:root:------ Middle 1: 0.0038523764230299607
11-Dec 15:38:16:INFO:root:------ Middle 1: 0.00016015408109170006
11-Dec 15:38:16:INFO:root:Starting from 1.544153377540339e-17
11-Dec 15:38:16:INFO:root:-- Outer 7: 0.00018652703829955062
11-Dec 15:38:16:INFO:root:END Outer loop
11-Dec 15:38:16:INFO:root:Model trade shares: [0.946866, 0.907523, 0.98808]
11-Dec 15:38:16:INFO:root:Data trade shares: [0.955615, 0.931697, 0.991754]
11-Dec 15:38:16:INFO:root:US prices: [1.08273, 1.06607, 1.10081]
11-Dec 15:38:16:INFO:root:in the data: [2.59006, 2.59665, 2.59665]
11-Dec 15:38:16:INFO:root:Nominal world expenditure: 2.072021512462052e7
11-Dec 15:38:16:INFO:root:--------------In the data: [4.90999e7]
11-Dec 15:38:16:INFO:root:------ Middle 1: 0.00020650993188245872
11-Dec 15:38:16:INFO:root:Starting from 1.550691751818526e-17
11-Dec 15:38:16:INFO:root:-- Outer 6: 0.0006182527802769398
11-Dec 15:38:16:INFO:root:END Outer loop
11-Dec 15:38:16:INFO:root:--- Period 31 ---
11-Dec 15:38:16:INFO:root:BEGIN Outer loop
11-Dec 15:38:16:INFO:root:Model trade shares: [0.948205, 0.908272, 0.987785]
11-Dec 15:38:16:INFO:root:Data trade shares: [0.959588, 0.937566, 0.971212]
11-Dec 15:38:16:INFO:root:US prices: [1.03714, 1.01662, 1.03784]
11-Dec 15:38:16:INFO:root:in the data: [2.70826, 2.57595, 2.57595]
11-Dec 15:38:16:INFO:root:Nominal world expenditure: 1.9031579341581408e7
11-Dec 15:38:16:INFO:root:--------------In the data: [4.5848e7]
11-Dec 15:38:16:INFO:root:--- Period 32 ---
11-Dec 15:38:16:INFO:root:BEGIN Outer loop
11-Dec 15:38:17:INFO:root:------ Middle 2: 0.002515750838897451
11-Dec 15:38:19:INFO:root:------ Middle 3: 0.0015906748899813855
11-Dec 15:38:20:INFO:root:------ Middle 4: 0.0010202332005085906
11-Dec 15:38:20:INFO:root:------ Middle 5: 0.0005777190731880471
11-Dec 15:38:21:INFO:root:------ Middle 1: 0.003945446371272151
11-Dec 15:38:22:INFO:root:------ Middle 6: 0.00046158721821163595
11-Dec 15:38:22:INFO:root:------ Middle 7: 0.00036514852499588626
11-Dec 15:38:22:INFO:root:------ Middle 8: 0.00024888931648432743
11-Dec 15:38:22:INFO:root:Starting from 1.2465182349020896e-17
11-Dec 15:38:22:INFO:root:-- Outer 1: 0.026759211611791008
11-Dec 15:38:23:INFO:root:------ Middle 1: 0.002082574395973641
11-Dec 15:38:24:INFO:root:------ Middle 1: 0.0035939319273094006
11-Dec 15:38:24:INFO:root:------ Middle 1: 0.0038538406624868044
11-Dec 15:38:24:INFO:root:------ Middle 2: 0.0021231042190580944
11-Dec 15:38:24:INFO:root:------ Middle 1: 0.0042517842666396095
11-Dec 15:38:24:INFO:root:------ Middle 1: 0.005203359204295138
11-Dec 15:38:25:INFO:root:------ Middle 2: 0.002868775828202644
11-Dec 15:38:25:INFO:root:------ Middle 2: 0.0007198787298263596
11-Dec 15:38:25:INFO:root:------ Middle 3: 0.00046689564478750333
11-Dec 15:38:26:INFO:root:------ Middle 4: 0.0002663300891032175
11-Dec 15:38:26:INFO:root:Starting from 1.871989271530346e-17
11-Dec 15:38:26:INFO:root:-- Outer 2: 0.011974346718210072
11-Dec 15:38:26:INFO:root:------ Middle 1: 0.0004835460042412023
11-Dec 15:38:26:INFO:root:------ Middle 3: 0.0016548262119278337
11-Dec 15:38:26:INFO:root:------ Middle 3: 0.002121159309855428
11-Dec 15:38:26:INFO:root:------ Middle 4: 0.0009259109359007495
11-Dec 15:38:26:INFO:root:------ Middle 2: 0.002281618618884765
11-Dec 15:38:26:INFO:root:------ Middle 4: 0.0011757002177053538
11-Dec 15:38:28:INFO:root:------ Middle 5: 0.0007665662324898883
11-Dec 15:38:28:INFO:root:------ Middle 5: 0.0009206103012845258
11-Dec 15:38:28:INFO:root:------ Middle 2: 0.00033349064696284417
11-Dec 15:38:28:INFO:root:------ Middle 6: 0.00042949333305324994
11-Dec 15:38:28:INFO:root:------ Middle 6: 0.0005103552968930172
11-Dec 15:38:28:INFO:root:------ Middle 3: 0.001450626704809726
11-Dec 15:38:28:INFO:root:------ Middle 3: 0.00019999163567841076
11-Dec 15:38:28:INFO:root:Starting from 1.7073131549496278e-17
11-Dec 15:38:28:INFO:root:-- Outer 3: 0.004839010095576033
11-Dec 15:38:28:INFO:root:------ Middle 1: 0.00023193551622127304
11-Dec 15:38:28:INFO:root:Starting from 1.724375993733212e-17
11-Dec 15:38:28:INFO:root:-- Outer 4: 0.0048336785550752255
11-Dec 15:38:28:INFO:root:------ Middle 1: 0.0041511988433902145
11-Dec 15:38:28:INFO:root:------ Middle 7: 0.0004276770707734526
11-Dec 15:38:29:INFO:root:------ Middle 8: 0.00023160829488888472
11-Dec 15:38:29:INFO:root:Starting from 1.1753162430174387e-17
11-Dec 15:38:29:INFO:root:-- Outer 1: 0.026506663233576384
11-Dec 15:38:29:INFO:root:------ Middle 7: 0.0003824749438382433
11-Dec 15:38:29:INFO:root:------ Middle 4: 0.0009392927832140796
11-Dec 15:38:29:INFO:root:------ Middle 1: 0.004268250013608706
11-Dec 15:38:29:INFO:root:------ Middle 1: 0.004545303590592204
11-Dec 15:38:29:INFO:root:------ Middle 5: 0.0005205240606064967
11-Dec 15:38:29:INFO:root:------ Middle 8: 0.0002030489527017338
11-Dec 15:38:29:INFO:root:------ Middle 2: 0.002703732670881277
11-Dec 15:38:29:INFO:root:Starting from 1.3137237500256889e-17
11-Dec 15:38:29:INFO:root:-- Outer 1: 0.020663833208701514
11-Dec 15:38:29:INFO:root:------ Middle 2: 0.002506580833579216
11-Dec 15:38:30:INFO:root:------ Middle 1: 0.0002731306929149295
11-Dec 15:38:30:INFO:root:Starting from 1.5477147465987723e-17
11-Dec 15:38:30:INFO:root:-- Outer 5: 0.0011292634164859114
11-Dec 15:38:30:INFO:root:------ Middle 1: 0.00022285807050343825
11-Dec 15:38:30:INFO:root:Starting from 1.7822560814460958e-17
11-Dec 15:38:30:INFO:root:-- Outer 6: 0.0012456509969495189
11-Dec 15:38:30:INFO:root:------ Middle 6: 0.0004280910635925641
11-Dec 15:38:31:INFO:root:------ Middle 7: 0.00023946689746103905
11-Dec 15:38:31:INFO:root:Starting from 1.2592637713932736e-17
11-Dec 15:38:31:INFO:root:-- Outer 1: 0.02053026744305388
11-Dec 15:38:31:INFO:root:------ Middle 3: 0.0018698431503668955
11-Dec 15:38:31:INFO:root:------ Middle 4: 0.001045583750221105
11-Dec 15:38:31:INFO:root:------ Middle 1: 0.0001509870234762509
11-Dec 15:38:31:INFO:root:Starting from 1.6194830665342513e-17
11-Dec 15:38:31:INFO:root:-- Outer 7: 0.00025151263226978114
11-Dec 15:38:31:INFO:root:END Outer loop
11-Dec 15:38:31:INFO:root:Model trade shares: [0.962075, 0.925814, 0.992087]
11-Dec 15:38:31:INFO:root:Data trade shares: [0.961578, 0.934257, 0.993842]
11-Dec 15:38:31:INFO:root:US prices: [1.00379, 0.940395, 0.942481]
11-Dec 15:38:31:INFO:root:in the data: [2.5813, 2.43608, 2.43608]
11-Dec 15:38:31:INFO:root:Nominal world expenditure: 1.6131797789706843e7
11-Dec 15:38:31:INFO:root:--------------In the data: [3.7723e7]
11-Dec 15:38:31:INFO:root:------ Middle 3: 0.0017188621007165389
11-Dec 15:38:31:INFO:root:--- Period 33 ---
11-Dec 15:38:31:INFO:root:BEGIN Outer loop
11-Dec 15:38:32:INFO:root:------ Middle 2: 0.0026343330641169565
11-Dec 15:38:32:INFO:root:------ Middle 5: 0.0008366131020014074
11-Dec 15:38:33:INFO:root:------ Middle 6: 0.0004671183553057284
11-Dec 15:38:33:INFO:root:------ Middle 4: 0.001103172217618049
11-Dec 15:38:33:INFO:root:------ Middle 1: 0.000398523646323247
11-Dec 15:38:33:INFO:root:------ Middle 2: 0.0002180379497922344
11-Dec 15:38:33:INFO:root:Starting from 1.849469390232752e-17
11-Dec 15:38:33:INFO:root:-- Outer 2: 0.0089475497931228
11-Dec 15:38:33:INFO:root:------ Middle 7: 0.0003995314777907963
11-Dec 15:38:34:INFO:root:------ Middle 8: 0.00021749785446043604
11-Dec 15:38:34:INFO:root:Starting from 1.2372629694117844e-17
11-Dec 15:38:34:INFO:root:-- Outer 1: 0.02305720378117528
11-Dec 15:38:34:INFO:root:------ Middle 1: 0.002683835842390617
11-Dec 15:38:34:INFO:root:------ Middle 5: 0.0007119190388461958
11-Dec 15:38:34:INFO:root:------ Middle 1: 0.004188689540423502
11-Dec 15:38:34:INFO:root:------ Middle 3: 0.0016729150373243123
11-Dec 15:38:34:INFO:root:------ Middle 1: 0.000413707503826721
11-Dec 15:38:35:INFO:root:------ Middle 2: 0.00022788619028507376
11-Dec 15:38:35:INFO:root:Starting from 2.2484246037236082e-17
11-Dec 15:38:35:INFO:root:-- Outer 2: 0.008952601860166793
11-Dec 15:38:35:INFO:root:------ Middle 6: 0.00047076322883718934
11-Dec 15:38:35:INFO:root:------ Middle 1: 0.0003047253050738737
11-Dec 15:38:35:INFO:root:------ Middle 7: 0.00025506673291871983
11-Dec 15:38:35:INFO:root:Starting from 1.1588761370020298e-17
11-Dec 15:38:35:INFO:root:-- Outer 1: 0.030353904893408546
11-Dec 15:38:35:INFO:root:------ Middle 2: 0.00016711077222864043
11-Dec 15:38:35:INFO:root:Starting from 1.9624483605014933e-17
11-Dec 15:38:35:INFO:root:-- Outer 3: 0.003911493478597916
11-Dec 15:38:35:INFO:root:------ Middle 1: 0.0037733264004335934
11-Dec 15:38:36:INFO:root:------ Middle 2: 0.001239594194876229
11-Dec 15:38:36:INFO:root:------ Middle 1: 0.0034783237160583864
11-Dec 15:38:36:INFO:root:------ Middle 4: 0.0010727400856688275
11-Dec 15:38:36:INFO:root:------ Middle 1: 0.00032144042953043573
11-Dec 15:38:37:INFO:root:------ Middle 2: 0.00017743735261578565
11-Dec 15:38:37:INFO:root:Starting from 1.740001427033291e-17
11-Dec 15:38:37:INFO:root:-- Outer 3: 0.003980172222896584
11-Dec 15:38:37:INFO:root:------ Middle 3: 0.0007675423720060929
11-Dec 15:38:37:INFO:root:------ Middle 1: 0.00020704711593023665
11-Dec 15:38:37:INFO:root:Starting from 1.6557272780449228e-17
11-Dec 15:38:37:INFO:root:-- Outer 4: 0.0017382628152536575
11-Dec 15:38:37:INFO:root:------ Middle 1: 0.00022782377445693984
11-Dec 15:38:37:INFO:root:Starting from 2.044885670513285e-17
11-Dec 15:38:37:INFO:root:-- Outer 5: 0.00170733620081749
11-Dec 15:38:38:INFO:root:------ Middle 4: 0.00046432882811304907
11-Dec 15:38:38:INFO:root:------ Middle 2: 0.002388136182241878
11-Dec 15:38:38:INFO:root:------ Middle 5: 0.0002601783735479626
11-Dec 15:38:38:INFO:root:Starting from 1.6626812150112698e-17
11-Dec 15:38:38:INFO:root:-- Outer 2: 0.012045414053274339
11-Dec 15:38:38:INFO:root:------ Middle 1: 0.00016352154466805113
11-Dec 15:38:38:INFO:root:Starting from 1.5112033684362478e-17
11-Dec 15:38:38:INFO:root:-- Outer 6: 0.0004517050630414665
11-Dec 15:38:38:INFO:root:END Outer loop
11-Dec 15:38:38:INFO:root:Model trade shares: [0.948789, 0.917527, 0.984066]
11-Dec 15:38:38:INFO:root:Data trade shares: [0.951781, 0.9268, 0.989231]
11-Dec 15:38:38:INFO:root:US prices: [0.888948, 0.853142, 0.934518]
11-Dec 15:38:38:INFO:root:in the data: [2.94894, 2.90959, 2.90959]
11-Dec 15:38:38:INFO:root:Nominal world expenditure: 1.9733676664611407e7
11-Dec 15:38:38:INFO:root:--------------In the data: [5.76528e7]
11-Dec 15:38:38:INFO:root:--- Period 34 ---
11-Dec 15:38:38:INFO:root:------ Middle 1: 0.00040142812414470364
11-Dec 15:38:38:INFO:root:BEGIN Outer loop
11-Dec 15:38:38:INFO:root:------ Middle 5: 0.0006907681591467267
11-Dec 15:38:38:INFO:root:------ Middle 2: 0.00022083782495353535
11-Dec 15:38:38:INFO:root:------ Middle 2: 0.0009482900171795014
11-Dec 15:38:38:INFO:root:Starting from 1.4517408253933816e-17
11-Dec 15:38:38:INFO:root:-- Outer 2: 0.012759598567664239
11-Dec 15:38:38:INFO:root:------ Middle 1: 0.0002203104385984656
11-Dec 15:38:38:INFO:root:Starting from 1.664165419497007e-17
11-Dec 15:38:38:INFO:root:-- Outer 4: 0.0017979214057631337
11-Dec 15:38:39:INFO:root:------ Middle 1: 0.00023285577838209906
11-Dec 15:38:39:INFO:root:Starting from 1.8007290800432564e-17
11-Dec 15:38:39:INFO:root:-- Outer 5: 0.0017734247737042272
11-Dec 15:38:39:INFO:root:------ Middle 3: 0.0015152649460350085
11-Dec 15:38:39:INFO:root:------ Middle 1: 0.00017204874160089135
11-Dec 15:38:39:INFO:root:Starting from 1.569736054561101e-17
11-Dec 15:38:39:INFO:root:-- Outer 6: 0.00045907985678273866
11-Dec 15:38:39:INFO:root:END Outer loop
11-Dec 15:38:39:INFO:root:------ Middle 3: 0.0006010442008586459
11-Dec 15:38:40:INFO:root:Model trade shares: [0.946752, 0.918528, 0.982245]
11-Dec 15:38:40:INFO:root:Data trade shares: [0.949239, 0.924453, 0.987338]
11-Dec 15:38:40:INFO:root:US prices: [0.914742, 0.861271, 0.930274]
11-Dec 15:38:40:INFO:root:in the data: [2.95883, 2.79593, 2.79593]
11-Dec 15:38:40:INFO:root:Nominal world expenditure: 1.965663275660519e7
11-Dec 15:38:40:INFO:root:--------------In the data: [5.8302e7]
11-Dec 15:38:40:INFO:root:--- Period 35 ---
11-Dec 15:38:40:INFO:root:BEGIN Outer loop
11-Dec 15:38:40:INFO:root:------ Middle 1: 0.0003911247363428951
11-Dec 15:38:40:INFO:root:------ Middle 2: 0.000219891366934115
11-Dec 15:38:40:INFO:root:Starting from 1.5111345345943008e-17
11-Dec 15:38:40:INFO:root:-- Outer 3: 0.00502032184683008
11-Dec 15:38:40:INFO:root:------ Middle 1: 0.0003119651242754847
11-Dec 15:38:40:INFO:root:------ Middle 1: 0.0005186298820947743
11-Dec 15:38:40:INFO:root:------ Middle 6: 0.00044624890523902843
11-Dec 15:38:40:INFO:root:------ Middle 2: 0.00017558799648269136
11-Dec 15:38:40:INFO:root:Starting from 1.3717214268609709e-17
11-Dec 15:38:40:INFO:root:-- Outer 3: 0.0053812777437378875
11-Dec 15:38:40:INFO:root:------ Middle 4: 0.0009813264541835274
11-Dec 15:38:40:INFO:root:------ Middle 4: 0.00036737705129310307
11-Dec 15:38:41:INFO:root:------ Middle 5: 0.0005440687198215199
11-Dec 15:38:41:INFO:root:------ Middle 5: 0.00021479634163231747
11-Dec 15:38:41:INFO:root:Starting from 2.3679575297025975e-17
11-Dec 15:38:41:INFO:root:-- Outer 2: 0.010207877277648283
11-Dec 15:38:41:INFO:root:------ Middle 7: 0.00029065251119671877
11-Dec 15:38:41:INFO:root:Starting from 1.16556507443212e-17
11-Dec 15:38:41:INFO:root:-- Outer 1: 0.029067932533657827
11-Dec 15:38:41:INFO:root:------ Middle 1: 0.0005759512808877742
11-Dec 15:38:41:INFO:root:------ Middle 2: 0.0001802815871887816
11-Dec 15:38:42:INFO:root:Starting from 1.5040832480473447e-17
11-Dec 15:38:42:INFO:root:-- Outer 4: 0.0024167251513546617
11-Dec 15:38:42:INFO:root:------ Middle 1: 0.0002847189670980883
11-Dec 15:38:42:INFO:root:Starting from 1.4475765324566128e-17
11-Dec 15:38:42:INFO:root:-- Outer 5: 0.002464375771416132
11-Dec 15:38:42:INFO:root:------ Middle 6: 0.00044621345949815897
11-Dec 15:38:42:INFO:root:------ Middle 1: 0.00021426647786425008
11-Dec 15:38:42:INFO:root:Starting from 1.4583698207430594e-17
11-Dec 15:38:42:INFO:root:-- Outer 4: 0.0023243244606023106
11-Dec 15:38:42:INFO:root:------ Middle 7: 0.00024805331332298174
11-Dec 15:38:42:INFO:root:Starting from 1.2357845697309422e-17
11-Dec 15:38:42:INFO:root:-- Outer 1: 0.02291078221990994
11-Dec 15:38:42:INFO:root:------ Middle 1: 0.0002336503510993416
11-Dec 15:38:42:INFO:root:Starting from 1.8798759766722213e-17
11-Dec 15:38:42:INFO:root:-- Outer 5: 0.00227253615487905
11-Dec 15:38:43:INFO:root:------ Middle 2: 0.00026188986737143543
11-Dec 15:38:43:INFO:root:Starting from 1.7554944458830323e-17
11-Dec 15:38:43:INFO:root:-- Outer 3: 0.004680010739722469
11-Dec 15:38:43:INFO:root:------ Middle 1: 0.0002843665457552273
11-Dec 15:38:43:INFO:root:Starting from 1.739360394091801e-17
11-Dec 15:38:43:INFO:root:-- Outer 4: 0.004729178948330365
11-Dec 15:38:43:INFO:root:------ Middle 1: 0.00021136366226704665
11-Dec 15:38:43:INFO:root:Starting from 1.8194656946606182e-17
11-Dec 15:38:43:INFO:root:-- Outer 6: 0.0005515350261026565
11-Dec 15:38:43:INFO:root:END Outer loop
11-Dec 15:38:43:INFO:root:Model trade shares: [0.938612, 0.877395, 0.978239]
11-Dec 15:38:43:INFO:root:Data trade shares: [0.95138, 0.919234, 0.983181]
11-Dec 15:38:43:INFO:root:US prices: [1.07885, 1.03588, 1.20631]
11-Dec 15:38:43:INFO:root:in the data: [3.11354, 3.01039, 3.01039]
11-Dec 15:38:44:INFO:root:Nominal world expenditure: 2.6004928899644487e7
11-Dec 15:38:44:INFO:root:--------------In the data: [6.70931e7]
11-Dec 15:38:44:INFO:root:--- Period 36 ---
11-Dec 15:38:44:INFO:root:BEGIN Outer loop
11-Dec 15:38:44:INFO:root:------ Middle 2: 0.0022343870519137754
11-Dec 15:38:44:INFO:root:------ Middle 1: 0.00016855129374304933
11-Dec 15:38:44:INFO:root:Starting from 1.3410365050888204e-17
11-Dec 15:38:44:INFO:root:-- Outer 6: 0.0004257503924083273
11-Dec 15:38:44:INFO:root:END Outer loop
11-Dec 15:38:44:INFO:root:Model trade shares: [0.944402, 0.901878, 0.986801]
11-Dec 15:38:44:INFO:root:Data trade shares: [0.950579, 0.929714, 0.991388]
11-Dec 15:38:44:INFO:root:US prices: [1.12544, 1.09758, 1.15492]
11-Dec 15:38:44:INFO:root:in the data: [2.71827, 2.64842, 2.64842]
11-Dec 15:38:44:INFO:root:Nominal world expenditure: 2.203478054334394e7
11-Dec 15:38:44:INFO:root:--------------In the data: [5.43532e7]
11-Dec 15:38:44:INFO:root:------ Middle 2: 0.0026835266637314213
11-Dec 15:38:44:INFO:root:------ Middle 1: 0.00041589963846473855
11-Dec 15:38:45:INFO:root:------ Middle 2: 0.00022368563839634338
11-Dec 15:38:45:INFO:root:Starting from 1.6348851985581074e-17
11-Dec 15:38:45:INFO:root:-- Outer 2: 0.01195503526554367
11-Dec 15:38:45:INFO:root:------ Middle 1: 0.00027498085377575097
11-Dec 15:38:45:INFO:root:Starting from 1.4617033608883032e-17
11-Dec 15:38:45:INFO:root:-- Outer 5: 0.0009883348596452155
11-Dec 15:38:45:INFO:root:END Outer loop
11-Dec 15:38:45:INFO:root:Model trade shares: [0.944172, 0.908519, 0.977129]
11-Dec 15:38:45:INFO:root:Data trade shares: [0.946294, 0.923226, 0.982471]
11-Dec 15:38:45:INFO:root:US prices: [0.944371, 0.915198, 1.02733]
11-Dec 15:38:45:INFO:root:in the data: [2.69951, 2.89119, 2.89119]
11-Dec 15:38:45:INFO:root:Nominal world expenditure: 2.2274574815894753e7
11-Dec 15:38:45:INFO:root:--------------In the data: [5.96564e7]
11-Dec 15:38:45:INFO:root:------ Middle 1: 0.0004776434578986967
11-Dec 15:38:46:INFO:root:------ Middle 2: 0.0002629060190375626
11-Dec 15:38:46:INFO:root:Starting from 2.0554041685889434e-17
11-Dec 15:38:46:INFO:root:-- Outer 2: 0.00997047589277564
11-Dec 15:38:46:INFO:root:------ Middle 3: 0.0014278355383734198
11-Dec 15:38:46:INFO:root:------ Middle 3: 0.0016796885718636803
11-Dec 15:38:46:INFO:root:------ Middle 4: 0.0009310831862409502
11-Dec 15:38:46:INFO:root:------ Middle 1: 0.00032608225171068853
11-Dec 15:38:47:INFO:root:------ Middle 2: 0.00018034622896973733
11-Dec 15:38:47:INFO:root:Starting from 1.429672657757188e-17
11-Dec 15:38:47:INFO:root:-- Outer 3: 0.005060062636430566
11-Dec 15:38:47:INFO:root:------ Middle 5: 0.000730292802373422
11-Dec 15:38:48:INFO:root:------ Middle 6: 0.0004042176568336235
11-Dec 15:38:48:INFO:root:------ Middle 1: 0.0003808273347181065
11-Dec 15:38:48:INFO:root:------ Middle 2: 0.0002123924670199984
11-Dec 15:38:48:INFO:root:Starting from 1.480757775702667e-17
11-Dec 15:38:48:INFO:root:-- Outer 3: 0.004407116857440292
11-Dec 15:38:48:INFO:root:------ Middle 1: 0.005642919191800461
11-Dec 15:38:48:INFO:root:------ Middle 4: 0.0009256006940703083
11-Dec 15:38:48:INFO:root:------ Middle 7: 0.00034738046166625617
11-Dec 15:38:48:INFO:root:------ Middle 1: 0.00022623331051078508
11-Dec 15:38:48:INFO:root:Starting from 1.569448288305441e-17
11-Dec 15:38:48:INFO:root:-- Outer 4: 0.0022020580507698456
11-Dec 15:38:48:INFO:root:------ Middle 1: 0.00024363796201658046
11-Dec 15:38:48:INFO:root:Starting from 1.6238728185442976e-17
11-Dec 15:38:48:INFO:root:-- Outer 5: 0.002158816496643836
11-Dec 15:38:49:INFO:root:------ Middle 8: 0.0001973814238272267
11-Dec 15:38:49:INFO:root:Starting from 1.2095292591399976e-17
11-Dec 15:38:49:INFO:root:-- Outer 1: 0.02650957415638545
11-Dec 15:38:49:INFO:root:------ Middle 1: 0.002516819271517807
11-Dec 15:38:49:INFO:root:------ Middle 1: 0.00018397586100383823
11-Dec 15:38:49:INFO:root:Starting from 1.27394696712744e-17
11-Dec 15:38:49:INFO:root:-- Outer 6: 0.000611467872919029
11-Dec 15:38:49:INFO:root:END Outer loop
11-Dec 15:38:49:INFO:root:------ Middle 2: 0.003454144571240889
11-Dec 15:38:49:INFO:root:Model trade shares: [0.94155, 0.903729, 0.984914]
11-Dec 15:38:49:INFO:root:Data trade shares: [0.954902, 0.927282, 0.98849]
11-Dec 15:38:49:INFO:root:US prices: [1.13334, 1.09211, 1.15764]
11-Dec 15:38:49:INFO:root:in the data: [2.81662, 2.76323, 2.76323]
11-Dec 15:38:49:INFO:root:Nominal world expenditure: 2.2615601325336356e7
11-Dec 15:38:49:INFO:root:--------------In the data: [5.52518e7]
11-Dec 15:38:49:INFO:root:------ Middle 5: 0.0006148165238086849
11-Dec 15:38:49:INFO:root:------ Middle 3: 0.0019056364657630282
11-Dec 15:38:50:INFO:root:------ Middle 1: 0.00026620690837296735
11-Dec 15:38:50:INFO:root:Starting from 1.7946548431564607e-17
11-Dec 15:38:50:INFO:root:-- Outer 4: 0.002005893782383751
11-Dec 15:38:50:INFO:root:------ Middle 1: 0.0002777902444154074
11-Dec 15:38:50:INFO:root:Starting from 1.2848194872301808e-17
11-Dec 15:38:50:INFO:root:-- Outer 5: 0.0019978855379265276
11-Dec 15:38:51:INFO:root:------ Middle 6: 0.00039892722287430753
11-Dec 15:38:51:INFO:root:------ Middle 1: 0.0002082356563395236
11-Dec 15:38:51:INFO:root:Starting from 1.3793708861750807e-17
11-Dec 15:38:51:INFO:root:-- Outer 6: 0.0005289661378007477
11-Dec 15:38:51:INFO:root:END Outer loop
11-Dec 15:38:51:INFO:root:------ Middle 7: 0.00021794089252115943
11-Dec 15:38:51:INFO:root:------ Middle 4: 0.0014147473087434798
11-Dec 15:38:51:INFO:root:Starting from 1.2275060597915434e-17
11-Dec 15:38:51:INFO:root:-- Outer 1: 0.021061004235774713
11-Dec 15:38:51:INFO:root:Model trade shares: [0.938846, 0.912155, 0.980862]
11-Dec 15:38:51:INFO:root:Data trade shares: [0.944757, 0.931965, 0.986375]
11-Dec 15:38:51:INFO:root:US prices: [0.988842, 0.928597, 0.994447]
11-Dec 15:38:51:INFO:root:in the data: [2.85731, 2.74066, 2.74066]
11-Dec 15:38:51:INFO:root:Nominal world expenditure: 2.03315863956473e7
11-Dec 15:38:51:INFO:root:--------------In the data: [5.4623e7]
11-Dec 15:38:51:INFO:root:------ Middle 5: 0.0007848258120424569
11-Dec 15:38:52:INFO:root:------ Middle 6: 0.000610155742876897
11-Dec 15:38:52:INFO:root:------ Middle 7: 0.0003514849975842727
11-Dec 15:38:52:INFO:root:------ Middle 2: 0.000809698347144898
11-Dec 15:38:52:INFO:root:------ Middle 3: 0.00047613651457859533
11-Dec 15:38:53:INFO:root:------ Middle 8: 0.0002730741099852519
11-Dec 15:38:53:INFO:root:Starting from 1.2202153335765363e-17
11-Dec 15:38:53:INFO:root:-- Outer 1: 0.0281588732274125
11-Dec 15:38:53:INFO:root:------ Middle 4: 0.0003768473353135775
11-Dec 15:38:53:INFO:root:------ Middle 1: 0.00325844473589989
11-Dec 15:38:53:INFO:root:------ Middle 1: 0.005107737846712787
11-Dec 15:38:53:INFO:root:------ Middle 5: 0.000221015734724437
11-Dec 15:38:53:INFO:root:Starting from 1.5440333481861053e-17
11-Dec 15:38:53:INFO:root:-- Outer 2: 0.011803316135932405
11-Dec 15:38:53:INFO:root:------ Middle 1: 0.0006480059264972465
11-Dec 15:38:53:INFO:root:------ Middle 1: 0.003263364950043728
11-Dec 15:38:54:INFO:root:------ Middle 1: 0.00035604854708168267
11-Dec 15:38:54:INFO:root:------ Middle 2: 0.00019903872285682373
11-Dec 15:38:54:INFO:root:Starting from 2.0142008501429406e-17
11-Dec 15:38:54:INFO:root:-- Outer 2: 0.009275874958289564
11-Dec 15:38:54:INFO:root:------ Middle 1: 0.0005820696418031011
11-Dec 15:38:55:INFO:root:------ Middle 2: 0.001084723720219686
11-Dec 15:38:55:INFO:root:------ Middle 2: 0.002456407106613711
11-Dec 15:38:55:INFO:root:------ Middle 2: 0.0031430722963998446
11-Dec 15:38:55:INFO:root:------ Middle 2: 0.0002840105388567936
11-Dec 15:38:55:INFO:root:------ Middle 3: 0.0006645941279637029
11-Dec 15:38:55:INFO:root:Starting from 1.5545101385999776e-17
11-Dec 15:38:55:INFO:root:-- Outer 3: 0.005291659351489488
11-Dec 15:38:55:INFO:root:------ Middle 2: 0.00201494238475267
11-Dec 15:38:55:INFO:root:------ Middle 1: 0.0003477848535847347
11-Dec 15:38:55:INFO:root:------ Middle 3: 0.0011199490463071156
11-Dec 15:38:56:INFO:root:------ Middle 4: 0.000500589369244328
11-Dec 15:38:56:INFO:root:------ Middle 5: 0.0002747584315544039
11-Dec 15:38:56:INFO:root:Starting from 1.5439042107615826e-17
11-Dec 15:38:56:INFO:root:-- Outer 2: 0.012217818508523269
11-Dec 15:38:56:INFO:root:------ Middle 2: 0.0001811961122055596
11-Dec 15:38:56:INFO:root:Starting from 1.5299147101634502e-17
11-Dec 15:38:56:INFO:root:-- Outer 3: 0.004375813756258232
11-Dec 15:38:56:INFO:root:------ Middle 1: 0.0007321211578336899
11-Dec 15:38:56:INFO:root:------ Middle 1: 0.0002381525672535268
11-Dec 15:38:56:INFO:root:Starting from 1.3460276771438962e-17
11-Dec 15:38:56:INFO:root:-- Outer 4: 0.004455290156792915
11-Dec 15:38:56:INFO:root:------ Middle 2: 0.0002227566468362048
11-Dec 15:38:56:INFO:root:Starting from 1.6377408713180696e-17
11-Dec 15:38:56:INFO:root:-- Outer 4: 0.0021960166950383106
11-Dec 15:38:56:INFO:root:------ Middle 4: 0.0008494815775778131
11-Dec 15:38:57:INFO:root:------ Middle 3: 0.0019425592637536296
11-Dec 15:38:57:INFO:root:------ Middle 1: 0.00022966408954420693
11-Dec 15:38:57:INFO:root:Starting from 1.8393456601025934e-17
11-Dec 15:38:57:INFO:root:-- Outer 5: 0.002202391318418575
11-Dec 15:38:57:INFO:root:------ Middle 5: 0.0004706411020590806
11-Dec 15:38:57:INFO:root:------ Middle 4: 0.0011029536179408743
11-Dec 15:38:58:INFO:root:------ Middle 6: 0.00038747153392936374
11-Dec 15:38:58:INFO:root:------ Middle 7: 0.00021350234963901307
11-Dec 15:38:58:INFO:root:Starting from 1.132359911442791e-17
11-Dec 15:38:58:INFO:root:-- Outer 1: 0.015118670984582909
11-Dec 15:38:58:INFO:root:------ Middle 2: 0.00033515050570891137
11-Dec 15:38:58:INFO:root:------ Middle 3: 0.00019560102295028585
11-Dec 15:38:58:INFO:root:Starting from 1.3204806006511319e-17
11-Dec 15:38:58:INFO:root:-- Outer 3: 0.005505382907943318
11-Dec 15:38:58:INFO:root:------ Middle 5: 0.0008164565458857551
11-Dec 15:38:58:INFO:root:------ Middle 1: 0.00021210475307469214
11-Dec 15:38:58:INFO:root:------ Middle 1: 0.00022602216392092364
11-Dec 15:38:58:INFO:root:Starting from 2.0054911907610533e-17
11-Dec 15:38:58:INFO:root:-- Outer 6: 0.0006078684369020871
11-Dec 15:38:58:INFO:root:END Outer loop
11-Dec 15:38:58:INFO:root:Starting from 1.7748612918643514e-17
11-Dec 15:38:58:INFO:root:-- Outer 5: 0.0009147181686273723
11-Dec 15:38:58:INFO:root:END Outer loop
11-Dec 15:38:58:INFO:root:Model trade shares: [0.94083, 0.91719, 0.978767]
11-Dec 15:38:58:INFO:root:Data trade shares: [0.943324, 0.928045, 0.988948]
11-Dec 15:38:58:INFO:root:US prices: [0.931181, 0.876494, 0.935691]
11-Dec 15:38:58:INFO:root:in the data: [2.94743, 2.7898, 2.7898]
11-Dec 15:38:58:INFO:root:Nominal world expenditure: 1.894559609637096e7
11-Dec 15:38:58:INFO:root:--------------In the data: [5.65242e7]
11-Dec 15:38:58:INFO:root:Model trade shares: [0.940738, 0.909104, 0.981098]
11-Dec 15:38:58:INFO:root:Data trade shares: [0.951101, 0.932187, 0.983861]
11-Dec 15:38:58:INFO:root:US prices: [1.067, 1.01841, 1.08161]
11-Dec 15:38:58:INFO:root:in the data: [2.96009, 2.78199, 2.78199]
11-Dec 15:38:58:INFO:root:Nominal world expenditure: 2.218704712044244e7
11-Dec 15:38:58:INFO:root:--------------In the data: [5.49713e7]
11-Dec 15:38:58:INFO:root:------ Middle 6: 0.0004706285919525568
11-Dec 15:38:58:INFO:root:------ Middle 1: 0.00038166720588706773
11-Dec 15:38:59:INFO:root:------ Middle 7: 0.0003816709821720275
11-Dec 15:38:59:INFO:root:------ Middle 8: 0.0002465429224105328
11-Dec 15:38:59:INFO:root:Starting from 1.1217685647615554e-17
11-Dec 15:38:59:INFO:root:-- Outer 1: 0.023847950809555683
11-Dec 15:38:59:INFO:root:------ Middle 1: 0.0033635724472107476
11-Dec 15:38:59:INFO:root:------ Middle 2: 0.00020124573392457087
11-Dec 15:38:59:INFO:root:Starting from 1.564605385594483e-17
11-Dec 15:38:59:INFO:root:-- Outer 4: 0.002411861762097183
11-Dec 15:39:00:INFO:root:------ Middle 1: 0.00024807507420944723
11-Dec 15:39:00:INFO:root:Starting from 1.2461881203344116e-17
11-Dec 15:39:00:INFO:root:-- Outer 5: 0.002416855602590551
11-Dec 15:39:01:INFO:root:------ Middle 1: 0.00021304650642456748
11-Dec 15:39:01:INFO:root:Starting from 1.3047113230561403e-17
11-Dec 15:39:01:INFO:root:-- Outer 6: 0.0006107824510335874
11-Dec 15:39:01:INFO:root:END Outer loop
11-Dec 15:39:01:INFO:root:Model trade shares: [0.959758, 0.905568, 0.965822]
11-Dec 15:39:01:INFO:root:Data trade shares: [0.956446, 0.911974, 0.985299]
11-Dec 15:39:01:INFO:root:US prices: [1.4171, 1.23252, 1.48281]
11-Dec 15:39:01:INFO:root:in the data: [3.74316, 3.20378, 3.20378]
11-Dec 15:39:01:INFO:root:Nominal world expenditure: 4.2209014291995056e7
11-Dec 15:39:01:INFO:root:--------------In the data: [8.18345e7]
11-Dec 15:39:01:INFO:root:------ Middle 1: 0.00038221953358352285
11-Dec 15:39:02:INFO:root:------ Middle 2: 0.00022262203352511084
11-Dec 15:39:02:INFO:root:Starting from 1.6927892734887463e-17
11-Dec 15:39:02:INFO:root:-- Outer 2: 0.006752560776841299
11-Dec 15:39:02:INFO:root:------ Middle 1: 0.000547633502373646
11-Dec 15:39:03:INFO:root:------ Middle 2: 0.002511161542593175
11-Dec 15:39:03:INFO:root:------ Middle 2: 0.0001997784607650158
11-Dec 15:39:03:INFO:root:Starting from 2.1910517691244336e-17
11-Dec 15:39:03:INFO:root:-- Outer 3: 0.003386579407802963
11-Dec 15:39:04:INFO:root:------ Middle 1: 0.00025113063801001777
11-Dec 15:39:04:INFO:root:Starting from 1.572955474994237e-17
11-Dec 15:39:04:INFO:root:-- Outer 4: 0.003447444040356957
11-Dec 15:39:04:INFO:root:------ Middle 2: 0.0011906107652652985
11-Dec 15:39:05:INFO:root:------ Middle 1: 0.0001983795209358808
11-Dec 15:39:05:INFO:root:Starting from 1.5484634922603496e-17
11-Dec 15:39:05:INFO:root:-- Outer 5: 0.0005801386517735526
11-Dec 15:39:05:INFO:root:END Outer loop
11-Dec 15:39:05:INFO:root:Model trade shares: [0.955866, 0.884906, 0.977808]
11-Dec 15:39:05:INFO:root:Data trade shares: [0.955026, 0.900005, 0.981768]
11-Dec 15:39:05:INFO:root:US prices: [1.28816, 1.0286, 1.21165]
11-Dec 15:39:05:INFO:root:in the data: [4.23838, 3.41193, 3.41193]
11-Dec 15:39:05:INFO:root:Nominal world expenditure: 3.5814689538776405e7
11-Dec 15:39:05:INFO:root:--------------In the data: [9.98292e7]
11-Dec 15:39:06:INFO:root:------ Middle 3: 0.0007114603498428532
11-Dec 15:39:07:INFO:root:------ Middle 4: 0.0004452220443818201
11-Dec 15:39:07:INFO:root:------ Middle 5: 0.0003176439125431668
11-Dec 15:39:08:INFO:root:------ Middle 6: 0.00021071343471519362
11-Dec 15:39:08:INFO:root:Starting from 1.6354359038654095e-17
11-Dec 15:39:08:INFO:root:-- Outer 2: 0.01079622998413922
11-Dec 15:39:08:INFO:root:------ Middle 1: 0.0007796387997143709
11-Dec 15:39:10:INFO:root:------ Middle 2: 0.0003211032661526558
11-Dec 15:39:10:INFO:root:------ Middle 3: 0.00023680247623721277
11-Dec 15:39:10:INFO:root:Starting from 1.419435976546911e-17
11-Dec 15:39:10:INFO:root:-- Outer 3: 0.0050481113692300225
11-Dec 15:39:12:INFO:root:------ Middle 1: 0.0003003127810764805
11-Dec 15:39:12:INFO:root:------ Middle 2: 0.00026554790563403937
11-Dec 15:39:12:INFO:root:Starting from 1.576519825950836e-17
11-Dec 15:39:12:INFO:root:-- Outer 4: 0.0021487648455859602
11-Dec 15:39:12:INFO:root:------ Middle 1: 0.0003176491918774431
11-Dec 15:39:12:INFO:root:------ Middle 1: 0.005739606227066008
11-Dec 15:39:13:INFO:root:------ Middle 2: 0.00015719425579996494
11-Dec 15:39:13:INFO:root:Starting from 1.333288012600759e-17
11-Dec 15:39:13:INFO:root:-- Outer 5: 0.001111436525185067
11-Dec 15:39:13:INFO:root:------ Middle 1: 0.0002748786891991197
11-Dec 15:39:13:INFO:root:Starting from 1.2767726215388415e-17
11-Dec 15:39:13:INFO:root:-- Outer 6: 0.001107313498432548
11-Dec 15:39:14:INFO:root:------ Middle 1: 0.00019751910572762756
11-Dec 15:39:14:INFO:root:Starting from 1.7980069519155445e-17
11-Dec 15:39:14:INFO:root:-- Outer 7: 0.0003185460841027689
11-Dec 15:39:14:INFO:root:END Outer loop
11-Dec 15:39:14:INFO:root:Model trade shares: [0.962602, 0.896633, 0.950903]
11-Dec 15:39:14:INFO:root:Data trade shares: [0.954831, 0.902146, 0.983572]
11-Dec 15:39:14:INFO:root:US prices: [1.42647, 1.18453, 1.40003]
11-Dec 15:39:14:INFO:root:in the data: [3.88449, 3.20236, 3.20236]
11-Dec 15:39:14:INFO:root:Nominal world expenditure: 4.306830346476996e7
11-Dec 15:39:14:INFO:root:--------------In the data: [8.8489e7]
11-Dec 15:39:30:INFO:root:------ Middle 3: 0.0015749619987789922
11-Dec 15:39:41:INFO:root:------ Middle 3: 0.001609991062668454
11-Dec 15:39:54:INFO:root:------ Middle 2: 0.0035403241655101196
11-Dec 15:39:55:INFO:root:------ Middle 3: 0.002175360166406417
11-Dec 15:39:57:INFO:root:------ Middle 4: 0.0013580800388497468
11-Dec 15:39:57:INFO:root:------ Middle 5: 0.0007528326756068444
11-Dec 15:39:58:INFO:root:------ Middle 6: 0.0005694765155696484
11-Dec 15:39:58:INFO:root:------ Middle 7: 0.00030669307073644174
11-Dec 15:39:59:INFO:root:------ Middle 8: 0.00024790287673186727
11-Dec 15:39:59:INFO:root:Starting from 1.2178715393838276e-17
11-Dec 15:39:59:INFO:root:-- Outer 1: 0.028469465612299863
11-Dec 15:39:59:INFO:root:------ Middle 1: 0.0032894911364157466
11-Dec 15:40:02:INFO:root:------ Middle 2: 0.00130347755603288
11-Dec 15:40:02:INFO:root:------ Middle 3: 0.0007795138960321075
11-Dec 15:40:03:INFO:root:------ Middle 4: 0.000428520074955181
11-Dec 15:40:03:INFO:root:------ Middle 5: 0.0002558301954937278
11-Dec 15:40:03:INFO:root:Starting from 1.9783709196691913e-17
11-Dec 15:40:03:INFO:root:-- Outer 2: 0.012263139118984492
11-Dec 15:40:04:INFO:root:------ Middle 1: 0.0006907278683427336
11-Dec 15:40:05:INFO:root:------ Middle 4: 0.0010151230131397345
11-Dec 15:40:05:INFO:root:------ Middle 2: 0.0003352623802735166
11-Dec 15:40:05:INFO:root:------ Middle 3: 0.00019785218035014401
11-Dec 15:40:05:INFO:root:Starting from 1.1211788303585963e-17
11-Dec 15:40:05:INFO:root:-- Outer 3: 0.005428482917176923
11-Dec 15:40:06:INFO:root:------ Middle 1: 0.00036464519909552986
11-Dec 15:40:07:INFO:root:------ Middle 2: 0.00021280173260012527
11-Dec 15:40:07:INFO:root:Starting from 1.6088799544131276e-17
11-Dec 15:40:07:INFO:root:-- Outer 4: 0.0023588555126411595
11-Dec 15:40:07:INFO:root:------ Middle 1: 0.00024801122709118306
11-Dec 15:40:07:INFO:root:Starting from 1.2884777542656215e-17
11-Dec 15:40:07:INFO:root:-- Outer 5: 0.002380367411711327
11-Dec 15:40:09:INFO:root:------ Middle 1: 0.0002271069660374744
11-Dec 15:40:09:INFO:root:Starting from 1.430018366406463e-17
11-Dec 15:40:09:INFO:root:-- Outer 6: 0.0006631991670634696
11-Dec 15:40:09:INFO:root:END Outer loop
11-Dec 15:40:09:INFO:root:Model trade shares: [0.95575, 0.911434, 0.97706]
11-Dec 15:40:09:INFO:root:Data trade shares: [0.95528, 0.914832, 0.982791]
11-Dec 15:40:09:INFO:root:US prices: [1.25465, 1.15671, 1.37218]
11-Dec 15:40:09:INFO:root:in the data: [3.32883, 3.15407, 3.15407]
11-Dec 15:40:09:INFO:root:Nominal world expenditure: 3.391158413373528e7
11-Dec 15:40:09:INFO:root:--------------In the data: [7.56745e7]
11-Dec 15:40:17:INFO:root:------ Middle 4: 0.0010383990248044896
11-Dec 15:40:40:INFO:root:------ Middle 5: 0.000657246932459262
11-Dec 15:40:57:INFO:root:------ Middle 5: 0.000673156547288811
11-Dec 15:41:14:INFO:root:------ Middle 6: 0.00042722014217846114
11-Dec 15:41:32:INFO:root:------ Middle 6: 0.00043829587694151295
11-Dec 15:41:35:INFO:root:------ Middle 7: 0.0003414409621117832
11-Dec 15:41:36:INFO:root:------ Middle 8: 0.0002202737429399118
11-Dec 15:41:36:INFO:root:Starting from 1.2036959841832616e-17
11-Dec 15:41:36:INFO:root:-- Outer 1: 0.025287760737183987
11-Dec 15:41:39:INFO:root:------ Middle 1: 0.0005316979397463238
11-Dec 15:41:39:INFO:root:------ Middle 2: 0.000296078913145062
11-Dec 15:41:39:INFO:root:Starting from 2.0029096228722106e-17
11-Dec 15:41:39:INFO:root:-- Outer 2: 0.01049210668953212
11-Dec 15:41:40:INFO:root:------ Middle 1: 0.0004280146688151745
11-Dec 15:41:41:INFO:root:------ Middle 2: 0.0002371652656706365
11-Dec 15:41:41:INFO:root:Starting from 1.4831325160517365e-17
11-Dec 15:41:41:INFO:root:-- Outer 3: 0.004535283218812347
11-Dec 15:41:42:INFO:root:------ Middle 1: 0.0002885621242045407
11-Dec 15:41:42:INFO:root:Starting from 2.0549547202528482e-17
11-Dec 15:41:42:INFO:root:-- Outer 4: 0.002038884459450906
11-Dec 15:41:42:INFO:root:------ Middle 1: 0.00030423446438240147
11-Dec 15:41:43:INFO:root:------ Middle 2: 0.00013663033838493422
11-Dec 15:41:43:INFO:root:Starting from 1.723795355128381e-17
11-Dec 15:41:43:INFO:root:-- Outer 5: 0.0008819547171891687
11-Dec 15:41:43:INFO:root:END Outer loop
11-Dec 15:41:43:INFO:root:Model trade shares: [0.963308, 0.927743, 0.992301]
11-Dec 15:41:43:INFO:root:Data trade shares: [0.960926, 0.936095, 0.990604]
11-Dec 15:41:43:INFO:root:US prices: [0.94489, 0.921761, 0.915512]
11-Dec 15:41:43:INFO:root:in the data: [2.54462, 2.53886, 2.53886]
11-Dec 15:41:43:INFO:root:Nominal world expenditure: 1.6684757009607803e7
11-Dec 15:41:43:INFO:root:--------------In the data: [4.29516e7]
11-Dec 15:41:47:INFO:root:------ Middle 7: 0.0002786798113489399
11-Dec 15:41:47:INFO:root:Starting from 1.2050346301174426e-17
11-Dec 15:41:47:INFO:root:-- Outer 1: 0.025636779833093242
11-Dec 15:41:49:INFO:root:------ Middle 1: 0.0005320571698645118
11-Dec 15:41:50:INFO:root:------ Middle 2: 0.0003159317736008216
11-Dec 15:41:50:INFO:root:------ Middle 3: 0.00017508528614063965
11-Dec 15:41:50:INFO:root:Starting from 1.87992911471235e-17
11-Dec 15:41:50:INFO:root:-- Outer 2: 0.010644446898312685
11-Dec 15:41:50:INFO:root:------ Middle 1: 0.0006419078550150071
11-Dec 15:41:51:INFO:root:------ Middle 2: 0.00021276806571374077
11-Dec 15:41:51:INFO:root:Starting from 1.3961448369455257e-17
11-Dec 15:41:52:INFO:root:-- Outer 3: 0.0050180024765899625
11-Dec 15:41:52:INFO:root:------ Middle 1: 0.00030522353743499747
11-Dec 15:41:53:INFO:root:------ Middle 2: 0.00018737288727877822
11-Dec 15:41:53:INFO:root:Starting from 1.9683954684400726e-17
11-Dec 15:41:53:INFO:root:-- Outer 4: 0.002075606298151657
11-Dec 15:41:53:INFO:root:------ Middle 1: 0.00019244461533138982
11-Dec 15:41:53:INFO:root:Starting from 1.5811631824431446e-17
11-Dec 15:41:53:INFO:root:-- Outer 5: 0.0020763198451757845
11-Dec 15:41:54:INFO:root:------ Middle 1: 0.00018465896221159605
11-Dec 15:41:54:INFO:root:Starting from 1.8679579659449457e-17
11-Dec 15:41:54:INFO:root:-- Outer 6: 0.0007620389050709932
11-Dec 15:41:54:INFO:root:END Outer loop
11-Dec 15:41:54:INFO:root:Model trade shares: [0.96345, 0.922038, 0.991543]
11-Dec 15:41:54:INFO:root:Data trade shares: [0.963666, 0.934551, 0.994086]
11-Dec 15:41:54:INFO:root:US prices: [0.988066, 0.935295, 0.936136]
11-Dec 15:41:54:INFO:root:in the data: [2.67778, 2.5352, 2.5352]
11-Dec 15:41:54:INFO:root:Nominal world expenditure: 1.6148986987117793e7
11-Dec 15:41:54:INFO:root:--------------In the data: [4.12361e7]
320.699027 seconds (910.24 k allocations: 751.900 MiB, 0.10% gc time)
