WARNING: Method definition warn(Any...) in module Base at util.jl:589 overwritten in module Logging at /Applications/JuliaPro-0.6.4.1.app/Contents/Resources/pkgs-0.6.4.1/v0.6/Logging/src/Logging.jl:115.
WARNING: Method definition info(Any...) in module Base at util.jl:534 overwritten in module Logging at /Applications/JuliaPro-0.6.4.1.app/Contents/Resources/pkgs-0.6.4.1/v0.6/Logging/src/Logging.jl:115.
WARNING: Method definition warn(Any...) in module Base at util.jl:589 overwritten in module Logging at /Applications/JuliaPro-0.6.4.1.app/Contents/Resources/pkgs-0.6.4.1/v0.6/Logging/src/Logging.jl:115.
WARNING: Method definition WARNING: Method definition info(Anywarn...() in module Base at util.jl:534 overwritten in module Logging at /Applications/JuliaPro-0.6.4.1.app/Contents/Resources/pkgs-0.6.4.1/v0.6/Logging/src/Logging.jl:115.
Any...) in module Base at util.jl:589 overwritten in module Logging at /Applications/JuliaPro-0.6.4.1.app/Contents/Resources/pkgs-0.6.4.1/v0.6/Logging/src/Logging.jl:115.
WARNING: Method definition info(Any...) in module Base at util.jl:534 overwritten in module Logging at /Applications/JuliaPro-0.6.4.1.app/Contents/Resources/pkgs-0.6.4.1/v0.6/Logging/src/Logging.jl:115.
13-Jun 11:47:43:INFO:root:--- Period 1 ---
13-Jun 11:47:43:INFO:root:--- Period 2 ---
13-Jun 11:47:45:INFO:root:BEGIN Outer loop
13-Jun 11:47:45:INFO:root:BEGIN Outer loop
13-Jun 11:47:47:INFO:root:------ Middle 1: 0.005561892303225762
13-Jun 11:47:47:INFO:root:------ Middle 2: 0.003066396559434336
13-Jun 11:47:47:INFO:root:------ Middle 3: 0.00234686526725274
13-Jun 11:47:47:INFO:root:------ Middle 4: 0.00129644610017255
13-Jun 11:47:47:INFO:root:------ Middle 5: 0.0010055222982921252
13-Jun 11:47:47:INFO:root:------ Middle 6: 0.0005584548421292013
13-Jun 11:47:47:INFO:root:------ Middle 7: 0.0004281251163801961
13-Jun 11:47:47:INFO:root:------ Middle 8: 0.00025278516886564055
13-Jun 11:47:47:INFO:root:Starting from 8.766537774764755e-18
13-Jun 11:47:48:INFO:root:-- Outer 1: 0.039042445040332406
13-Jun 11:47:48:INFO:root:------ Middle 1: 0.002804940501406387
13-Jun 11:47:48:INFO:root:------ Middle 2: 0.0009039192180889323
13-Jun 11:47:48:INFO:root:------ Middle 3: 0.0005010610993534522
13-Jun 11:47:48:INFO:root:------ Middle 4: 0.00032361296574360296
13-Jun 11:47:48:INFO:root:------ Middle 5: 0.0002106973467087989
13-Jun 11:47:48:INFO:root:Starting from 1.2376112129682508e-17
13-Jun 11:47:48:INFO:root:-- Outer 2: 0.01802304489277729
13-Jun 11:47:48:INFO:root:------ Middle 1: 0.000572877217136003
13-Jun 11:47:48:INFO:root:------ Middle 2: 0.00037311870164674583
13-Jun 11:47:48:INFO:root:------ Middle 3: 0.00020927851404133917
13-Jun 11:47:48:INFO:root:Starting from 1.1610073450538294e-17
13-Jun 11:47:48:INFO:root:-- Outer 3: 0.007425602884922637
13-Jun 11:47:48:INFO:root:------ Middle 1: 0.00017875409211301444
13-Jun 11:47:48:INFO:root:Starting from 1.160936164660361e-17
13-Jun 11:47:48:INFO:root:-- Outer 4: 0.0074765056851648914
13-Jun 11:47:48:INFO:root:------ Middle 1: 0.00023848960615321864
13-Jun 11:47:48:INFO:root:Starting from 9.859822444837594e-18
13-Jun 11:47:48:INFO:root:-- Outer 5: 0.001793807693701198
13-Jun 11:47:48:INFO:root:------ Middle 1: 0.00020340190028695954
13-Jun 11:47:48:INFO:root:Starting from 9.826259633917139e-18
13-Jun 11:47:48:INFO:root:-- Outer 6: 0.0018152734205035483
13-Jun 11:47:48:INFO:root:------ Middle 1: 0.0001340802050350586
13-Jun 11:47:48:INFO:root:Starting from 6.158954411444085e-18
13-Jun 11:47:48:INFO:root:-- Outer 7: 0.0003544927553762298
13-Jun 11:47:48:INFO:root:END Outer loop
13-Jun 11:47:48:INFO:root:Model trade shares: [0.970686, 0.941348, 0.995683]
13-Jun 11:47:49:INFO:root:Data trade shares: [0.970499, 0.941882, 0.994321]
13-Jun 11:47:49:INFO:root:US prices: [1.00864, 1.00751, 1.00585]
13-Jun 11:47:49:INFO:root:in the data: [1.0, 1.0, 1.0]
13-Jun 11:47:49:INFO:root:Nominal world expenditure: 8.288413220933707e6
13-Jun 11:47:49:INFO:root:--------------In the data: [8.33469e6]
13-Jun 11:47:49:INFO:root:--- Period 3 ---
13-Jun 11:47:49:INFO:root:BEGIN Outer loop
13-Jun 11:47:52:INFO:root:------ Middle 1: 0.005324930945361337
13-Jun 11:47:52:INFO:root:------ Middle 2: 0.0029359203643319932
13-Jun 11:47:54:INFO:root:------ Middle 3: 0.002245219773012111
13-Jun 11:47:54:INFO:root:------ Middle 4: 0.001241088733068547
13-Jun 11:47:54:INFO:root:------ Middle 1: 0.005158826675395475
13-Jun 11:47:55:INFO:root:------ Middle 2: 0.002843682630773323
13-Jun 11:47:55:INFO:root:------ Middle 5: 0.0009712863963923275
13-Jun 11:47:55:INFO:root:------ Middle 6: 0.0005393884541540459
13-Jun 11:47:56:INFO:root:------ Middle 7: 0.0004134909449146635
13-Jun 11:47:56:INFO:root:------ Middle 8: 0.00024573226408445745
13-Jun 11:47:56:INFO:root:Starting from 1.241239744676892e-17
13-Jun 11:47:56:INFO:root:------ Middle 3: 0.0021542157942004113
13-Jun 11:47:56:INFO:root:------ Middle 4: 0.001192541146965285
13-Jun 11:47:56:INFO:root:-- Outer 1: 0.035874700751476966
13-Jun 11:47:56:INFO:root:------ Middle 1: 0.0025616252907851864
13-Jun 11:47:57:INFO:root:------ Middle 5: 0.0009319832169555248
13-Jun 11:47:57:INFO:root:------ Middle 6: 0.0005182332093188239
13-Jun 11:47:57:INFO:root:------ Middle 7: 0.00039706833283920475
13-Jun 11:47:58:INFO:root:------ Middle 8: 0.00023709050917414772
13-Jun 11:47:58:INFO:root:Starting from 1.151558367479652e-17
13-Jun 11:47:58:INFO:root:-- Outer 1: 0.03309964085705235
13-Jun 11:47:58:INFO:root:------ Middle 1: 0.002378094783737964
13-Jun 11:47:59:INFO:root:------ Middle 2: 0.0007860551299247315
13-Jun 11:47:59:INFO:root:------ Middle 3: 0.0004373117317225546
13-Jun 11:47:59:INFO:root:------ Middle 4: 0.0002855149468847807
13-Jun 11:47:59:INFO:root:Starting from 1.6748798767439525e-17
13-Jun 11:47:59:INFO:root:-- Outer 2: 0.016764224112431808
13-Jun 11:47:59:INFO:root:------ Middle 1: 0.0005123223968705267
13-Jun 11:48:00:INFO:root:------ Middle 2: 0.0007083513595097999
13-Jun 11:48:00:INFO:root:------ Middle 3: 0.0003944563918173334
13-Jun 11:48:00:INFO:root:------ Middle 4: 0.00025767443461728124
13-Jun 11:48:00:INFO:root:Starting from 1.5708051687142904e-17
13-Jun 11:48:00:INFO:root:-- Outer 2: 0.015568368151136092
13-Jun 11:48:01:INFO:root:------ Middle 1: 0.00052104218376803
13-Jun 11:48:01:INFO:root:------ Middle 2: 0.00039466374761031845
13-Jun 11:48:01:INFO:root:------ Middle 3: 0.00022205832597568825
13-Jun 11:48:01:INFO:root:Starting from 1.3618052928292466e-17
13-Jun 11:48:01:INFO:root:-- Outer 3: 0.0069255470114918715
13-Jun 11:48:01:INFO:root:------ Middle 1: 0.0001691381555979707
13-Jun 11:48:01:INFO:root:Starting from 1.3447100456929706e-17
13-Jun 11:48:01:INFO:root:-- Outer 4: 0.0069720104013989885
13-Jun 11:48:02:INFO:root:------ Middle 2: 0.0003690494369101172
13-Jun 11:48:02:INFO:root:------ Middle 3: 0.00020817852069627443
13-Jun 11:48:02:INFO:root:Starting from 1.8000560396130738e-17
13-Jun 11:48:02:INFO:root:-- Outer 3: 0.006501137467869315
13-Jun 11:48:02:INFO:root:------ Middle 1: 0.00020270939629251294
13-Jun 11:48:02:INFO:root:Starting from 1.4575359035864837e-17
13-Jun 11:48:02:INFO:root:-- Outer 4: 0.0065781500365509945
13-Jun 11:48:03:INFO:root:------ Middle 1: 0.0002409792748762187
13-Jun 11:48:03:INFO:root:Starting from 1.762166125150887e-17
13-Jun 11:48:03:INFO:root:-- Outer 5: 0.0016989013031608025
13-Jun 11:48:03:INFO:root:------ Middle 1: 0.00020421910841589928
13-Jun 11:48:03:INFO:root:Starting from 1.150805348376801e-17
13-Jun 11:48:03:INFO:root:-- Outer 6: 0.0017265447234940292
13-Jun 11:48:03:INFO:root:------ Middle 1: 0.00014084042580898208
13-Jun 11:48:03:INFO:root:Starting from 9.622081352227e-18
13-Jun 11:48:03:INFO:root:-- Outer 7: 0.00038222869406568077
13-Jun 11:48:03:INFO:root:END Outer loop
13-Jun 11:48:04:INFO:root:Model trade shares: [0.966226, 0.93375, 0.994002]
13-Jun 11:48:04:INFO:root:Data trade shares: [0.970394, 0.938128, 0.99445]
13-Jun 11:48:04:INFO:root:US prices: [1.09525, 1.07537, 1.08468]
13-Jun 11:48:04:INFO:root:in the data: [1.21921, 1.17859, 1.17859]
13-Jun 11:48:04:INFO:root:Nominal world expenditure: 8.98589482825179e6
13-Jun 11:48:04:INFO:root:------ Middle 1: 0.00026547818292521527
13-Jun 11:48:04:INFO:root:Starting from 1.3433724983999853e-17
13-Jun 11:48:04:INFO:root:-- Outer 5: 0.0016013167919982638
13-Jun 11:48:04:INFO:root:------ Middle 1: 0.00022313946076584078
13-Jun 11:48:04:INFO:root:Starting from 1.1818726328556012e-17
13-Jun 11:48:04:INFO:root:-- Outer 6: 0.0016408122684296493
13-Jun 11:48:04:INFO:root:--------------In the data: [1.02443e7]
13-Jun 11:48:04:INFO:root:--- Period 4 ---
13-Jun 11:48:04:INFO:root:BEGIN Outer loop
13-Jun 11:48:05:INFO:root:------ Middle 1: 0.00016753125963172823
13-Jun 11:48:05:INFO:root:Starting from 1.4426481377100058e-17
13-Jun 11:48:05:INFO:root:-- Outer 7: 0.0004230142572908427
13-Jun 11:48:05:INFO:root:END Outer loop
13-Jun 11:48:05:INFO:root:Model trade shares: [0.965618, 0.925026, 0.993693]
13-Jun 11:48:05:INFO:root:Data trade shares: [0.973362, 0.938447, 0.994052]
13-Jun 11:48:05:INFO:root:US prices: [1.24212, 1.11836, 1.13888]
13-Jun 11:48:05:INFO:root:in the data: [1.46789, 1.34924, 1.34924]
13-Jun 11:48:05:INFO:root:Nominal world expenditure: 9.234786724143138e6
13-Jun 11:48:05:INFO:root:--------------In the data: [1.15794e7]
13-Jun 11:48:05:INFO:root:--- Period 5 ---
13-Jun 11:48:05:INFO:root:BEGIN Outer loop
13-Jun 11:48:10:INFO:root:------ Middle 1: 0.004969711155509867
13-Jun 11:48:10:INFO:root:------ Middle 2: 0.002740171789964587
13-Jun 11:48:10:INFO:root:------ Middle 1: 0.004950613065497896
13-Jun 11:48:10:INFO:root:------ Middle 2: 0.0027296526470784953
13-Jun 11:48:11:INFO:root:------ Middle 3: 0.002074829502534361
13-Jun 11:48:11:INFO:root:------ Middle 4: 0.0011500421427712163
13-Jun 11:48:11:INFO:root:------ Middle 3: 0.002062854001812188
13-Jun 11:48:11:INFO:root:------ Middle 4: 0.0011434118115444254
13-Jun 11:48:12:INFO:root:------ Middle 5: 0.0009066276894742695
13-Jun 11:48:12:INFO:root:------ Middle 6: 0.0005040392394648976
13-Jun 11:48:12:INFO:root:------ Middle 5: 0.0008998801095205149
13-Jun 11:48:12:INFO:root:------ Middle 6: 0.000500276157727719
13-Jun 11:48:12:INFO:root:------ Middle 7: 0.0003876623956210067
13-Jun 11:48:13:INFO:root:------ Middle 8: 0.00023253304616488985
13-Jun 11:48:13:INFO:root:Starting from 1.2153392132540226e-17
13-Jun 11:48:13:INFO:root:-- Outer 1: 0.030977167469952435
13-Jun 11:48:13:INFO:root:------ Middle 1: 0.0021743361327515804
13-Jun 11:48:13:INFO:root:------ Middle 7: 0.0003839897957556822
13-Jun 11:48:13:INFO:root:------ Middle 8: 0.0002306896533068266
13-Jun 11:48:13:INFO:root:Starting from 1.2357844682472101e-17
13-Jun 11:48:13:INFO:root:-- Outer 1: 0.02919347091641722
13-Jun 11:48:13:INFO:root:------ Middle 1: 0.0022127066165681473
13-Jun 11:48:15:INFO:root:------ Middle 2: 0.0006515173477535758
13-Jun 11:48:15:INFO:root:------ Middle 3: 0.00036352170480731104
13-Jun 11:48:15:INFO:root:------ Middle 2: 0.0006205865774129867
13-Jun 11:48:15:INFO:root:------ Middle 3: 0.0003485955359598121
13-Jun 11:48:15:INFO:root:------ Middle 4: 0.00023839842502047182
13-Jun 11:48:15:INFO:root:Starting from 1.6632260685616206e-17
13-Jun 11:48:15:INFO:root:-- Outer 2: 0.014688572690654555
13-Jun 11:48:15:INFO:root:------ Middle 1: 0.0004903414494326003
13-Jun 11:48:15:INFO:root:------ Middle 4: 0.0002314687584081123
13-Jun 11:48:15:INFO:root:Starting from 1.6797279280242216e-17
13-Jun 11:48:15:INFO:root:-- Outer 2: 0.013933399158490537
13-Jun 11:48:15:INFO:root:------ Middle 1: 0.0004984447411741419
13-Jun 11:48:17:INFO:root:------ Middle 2: 0.00033218682731788227
13-Jun 11:48:17:INFO:root:------ Middle 2: 0.0003695836736249273
13-Jun 11:48:17:INFO:root:------ Middle 3: 0.00019051825919021528
13-Jun 11:48:17:INFO:root:------ Middle 3: 0.0002087202422337345
13-Jun 11:48:17:INFO:root:Starting from 1.8152729331330615e-17
13-Jun 11:48:17:INFO:root:Starting from 1.9427635464399093e-17
13-Jun 11:48:17:INFO:root:-- Outer 3: 0.005871842386931967
13-Jun 11:48:17:INFO:root:-- Outer 3: 0.006157239711198319
13-Jun 11:48:17:INFO:root:------ Middle 1: 0.00021633834870535355
13-Jun 11:48:17:INFO:root:------ Middle 1: 0.00017541925433083326
13-Jun 11:48:17:INFO:root:Starting from 1.477262507778598e-17
13-Jun 11:48:17:INFO:root:Starting from 1.554721892256517e-17
13-Jun 11:48:17:INFO:root:-- Outer 4: 0.006327880715116551
13-Jun 11:48:17:INFO:root:-- Outer 4: 0.005912368119311423
13-Jun 11:48:18:INFO:root:------ Middle 1: 0.00034132500732886236
13-Jun 11:48:18:INFO:root:------ Middle 1: 0.00022696029374778094
13-Jun 11:48:18:INFO:root:Starting from 1.9550379197989925e-17
13-Jun 11:48:18:INFO:root:-- Outer 5: 0.0014813629899314582
13-Jun 11:48:19:INFO:root:------ Middle 2: 0.00019132913566469314
13-Jun 11:48:19:INFO:root:Starting from 2.2348386284218318e-17
13-Jun 11:48:19:INFO:root:-- Outer 5: 0.0016308548452807256
13-Jun 11:48:19:INFO:root:------ Middle 1: 0.00019410361801193367
13-Jun 11:48:19:INFO:root:Starting from 1.618961962870782e-17
13-Jun 11:48:19:INFO:root:-- Outer 6: 0.0015198020057230093
13-Jun 11:48:19:INFO:root:------ Middle 1: 0.00019981804915489127
13-Jun 11:48:19:INFO:root:Starting from 1.576274547458385e-17
13-Jun 11:48:19:INFO:root:-- Outer 6: 0.001716186640850711
13-Jun 11:48:19:INFO:root:------ Middle 1: 0.00014021222815146
13-Jun 11:48:19:INFO:root:Starting from 1.3666160937095525e-17
13-Jun 11:48:19:INFO:root:-- Outer 7: 0.0003956355951145986
13-Jun 11:48:19:INFO:root:END Outer loop
13-Jun 11:48:19:INFO:root:Model trade shares: [0.960781, 0.926503, 0.990558]
13-Jun 11:48:19:INFO:root:Data trade shares: [0.967429, 0.940539, 0.992695]
13-Jun 11:48:19:INFO:root:US prices: [1.25999, 1.09369, 1.04971]
13-Jun 11:48:19:INFO:root:in the data: [1.63396, 1.43854, 1.43854]
13-Jun 11:48:19:INFO:root:Nominal world expenditure: 9.863397162268195e6
13-Jun 11:48:19:INFO:root:--------------In the data: [1.37348e7]
13-Jun 11:48:19:INFO:root:--- Period 6 ---
13-Jun 11:48:19:INFO:root:BEGIN Outer loop
13-Jun 11:48:19:INFO:root:------ Middle 1: 0.0001759950657656538
13-Jun 11:48:19:INFO:root:Starting from 2.3199590450184306e-17
13-Jun 11:48:19:INFO:root:-- Outer 7: 0.00043273839176350575
13-Jun 11:48:19:INFO:root:END Outer loop
13-Jun 11:48:19:INFO:root:Model trade shares: [0.964704, 0.930764, 0.992863]
13-Jun 11:48:19:INFO:root:Data trade shares: [0.975035, 0.947137, 0.993826]
13-Jun 11:48:19:INFO:root:US prices: [1.13985, 1.09184, 1.086]
13-Jun 11:48:19:INFO:root:in the data: [1.5623, 1.46271, 1.46271]
13-Jun 11:48:19:INFO:root:Nominal world expenditure: 9.340324059289481e6
13-Jun 11:48:19:INFO:root:--------------In the data: [1.27847e7]
13-Jun 11:48:19:INFO:root:--- Period 7 ---
13-Jun 11:48:19:INFO:root:BEGIN Outer loop
13-Jun 11:48:24:INFO:root:------ Middle 1: 0.0048313571675262165
13-Jun 11:48:25:INFO:root:------ Middle 2: 0.002663984047371374
13-Jun 11:48:25:INFO:root:------ Middle 1: 0.004792500475584178
13-Jun 11:48:25:INFO:root:------ Middle 2: 0.002641228125575835
13-Jun 11:48:26:INFO:root:------ Middle 3: 0.002014812931748137
13-Jun 11:48:26:INFO:root:------ Middle 4: 0.0011168422095846607
13-Jun 11:48:26:INFO:root:------ Middle 3: 0.00198269064530409
13-Jun 11:48:26:INFO:root:------ Middle 4: 0.0010990798000376299
13-Jun 11:48:27:INFO:root:------ Middle 5: 0.0008804558551035367
13-Jun 11:48:27:INFO:root:------ Middle 6: 0.0004896279910733282
13-Jun 11:48:27:INFO:root:------ Middle 5: 0.0008703451332856698
13-Jun 11:48:27:INFO:root:------ Middle 7: 0.0003764264397522637
13-Jun 11:48:28:INFO:root:------ Middle 6: 0.0004837927360847045
13-Jun 11:48:28:INFO:root:------ Middle 8: 0.00022650093420061411
13-Jun 11:48:28:INFO:root:Starting from 1.27476710970712e-17
13-Jun 11:48:28:INFO:root:-- Outer 1: 0.0277076519102551
13-Jun 11:48:28:INFO:root:------ Middle 1: 0.0021285694528963375
13-Jun 11:48:28:INFO:root:------ Middle 7: 0.00037202528373712494
13-Jun 11:48:28:INFO:root:------ Middle 8: 0.00022412236486736196
13-Jun 11:48:28:INFO:root:Starting from 1.2473270656156877e-17
13-Jun 11:48:28:INFO:root:-- Outer 1: 0.02646108444233254
13-Jun 11:48:28:INFO:root:------ Middle 1: 0.0022862852246616256
13-Jun 11:48:29:INFO:root:------ Middle 2: 0.0006050421045445867
13-Jun 11:48:29:INFO:root:------ Middle 3: 0.0003403316742457436
13-Jun 11:48:30:INFO:root:------ Middle 4: 0.00022622582148878174
13-Jun 11:48:30:INFO:root:Starting from 1.4693991281673835e-17
13-Jun 11:48:30:INFO:root:------ Middle 2: 0.0006307926949570478
13-Jun 11:48:30:INFO:root:-- Outer 2: 0.01329469610694637
13-Jun 11:48:30:INFO:root:------ Middle 3: 0.00035425455304570583
13-Jun 11:48:30:INFO:root:------ Middle 1: 0.0005065097598949228
13-Jun 11:48:30:INFO:root:------ Middle 4: 0.00023555449743549396
13-Jun 11:48:30:INFO:root:Starting from 1.5192573635113702e-17
13-Jun 11:48:30:INFO:root:-- Outer 2: 0.01276895639761724
13-Jun 11:48:30:INFO:root:------ Middle 1: 0.0006308141414924732
13-Jun 11:48:31:INFO:root:------ Middle 2: 0.0003460576705403991
13-Jun 11:48:31:INFO:root:------ Middle 3: 0.00019781341858994694
13-Jun 11:48:31:INFO:root:Starting from 1.2552812689704498e-17
13-Jun 11:48:31:INFO:root:-- Outer 3: 0.005575100500516978
13-Jun 11:48:31:INFO:root:------ Middle 1: 0.00022652884147816865
13-Jun 11:48:31:INFO:root:Starting from 1.408190589997433e-17
13-Jun 11:48:31:INFO:root:-- Outer 4: 0.005730097943322307
13-Jun 11:48:32:INFO:root:------ Middle 2: 0.0003585751294118702
13-Jun 11:48:32:INFO:root:------ Middle 3: 0.00020401620679847443
13-Jun 11:48:32:INFO:root:Starting from 1.4201764165780275e-17
13-Jun 11:48:32:INFO:root:-- Outer 3: 0.005479842302229622
13-Jun 11:48:32:INFO:root:------ Middle 1: 0.0003151102621048767
13-Jun 11:48:32:INFO:root:------ Middle 2: 0.0001963761835683193
13-Jun 11:48:32:INFO:root:Starting from 1.2929593896798932e-17
13-Jun 11:48:32:INFO:root:-- Outer 4: 0.002381511320821941
13-Jun 11:48:33:INFO:root:------ Middle 1: 0.00023391134700773613
13-Jun 11:48:33:INFO:root:------ Middle 1: 0.0003184745966436415
13-Jun 11:48:33:INFO:root:Starting from 1.5533520693807583e-17
13-Jun 11:48:33:INFO:root:-- Outer 5: 0.001327333695923325
13-Jun 11:48:33:INFO:root:------ Middle 2: 0.00017984894571616698
13-Jun 11:48:33:INFO:root:Starting from 2.186564163755874e-17
13-Jun 11:48:33:INFO:root:-- Outer 5: 0.0015509612254518252
13-Jun 11:48:33:INFO:root:------ Middle 1: 0.00023345194960443564
13-Jun 11:48:33:INFO:root:Starting from 1.574959420618011e-17
13-Jun 11:48:33:INFO:root:-- Outer 6: 0.0013039553322017634
13-Jun 11:48:33:INFO:root:------ Middle 1: 0.00018524473723526962
13-Jun 11:48:33:INFO:root:Starting from 1.3622162614124714e-17
13-Jun 11:48:33:INFO:root:-- Outer 6: 0.001642844885546893
13-Jun 11:48:33:INFO:root:------ Middle 1: 0.0002317870532015229
13-Jun 11:48:33:INFO:root:Starting from 1.3776522866258625e-17
13-Jun 11:48:33:INFO:root:-- Outer 7: 0.000529087134017349
13-Jun 11:48:33:INFO:root:END Outer loop
13-Jun 11:48:33:INFO:root:Model trade shares: [0.957877, 0.908542, 0.989256]
13-Jun 11:48:33:INFO:root:Data trade shares: [0.961487, 0.929057, 0.992737]
13-Jun 11:48:33:INFO:root:US prices: [1.23022, 1.02282, 1.09877]
13-Jun 11:48:33:INFO:root:in the data: [1.96012, 1.64035, 1.64035]
13-Jun 11:48:33:INFO:root:Nominal world expenditure: 1.0882943311327726e7
13-Jun 11:48:33:INFO:root:--------------In the data: [1.80704e7]
13-Jun 11:48:33:INFO:root:--- Period 8 ---
13-Jun 11:48:33:INFO:root:BEGIN Outer loop
13-Jun 11:48:34:INFO:root:------ Middle 1: 0.0001600562120817219
13-Jun 11:48:34:INFO:root:Starting from 1.4571551833293962e-17
13-Jun 11:48:34:INFO:root:-- Outer 7: 0.000440002401779666
13-Jun 11:48:34:INFO:root:END Outer loop
13-Jun 11:48:34:INFO:root:Model trade shares: [0.958811, 0.91882, 0.989946]
13-Jun 11:48:34:INFO:root:Data trade shares: [0.959721, 0.934044, 0.992669]
13-Jun 11:48:34:INFO:root:US prices: [1.2121, 1.08899, 1.03854]
13-Jun 11:48:34:INFO:root:in the data: [1.70549, 1.50868, 1.50868]
13-Jun 11:48:34:INFO:root:Nominal world expenditure: 1.0491731329842603e7
13-Jun 11:48:34:INFO:root:--------------In the data: [1.54393e7]
13-Jun 11:48:34:INFO:root:--- Period 9 ---
13-Jun 11:48:34:INFO:root:BEGIN Outer loop
13-Jun 11:48:39:INFO:root:------ Middle 1: 0.0044658766033306195
13-Jun 11:48:39:INFO:root:------ Middle 1: 0.004697967644436516
13-Jun 11:48:39:INFO:root:------ Middle 2: 0.00246230044723094
13-Jun 11:48:39:INFO:root:------ Middle 2: 0.002589135263338209
13-Jun 11:48:40:INFO:root:------ Middle 3: 0.0018502340561114723
13-Jun 11:48:40:INFO:root:------ Middle 4: 0.00102679308689256
13-Jun 11:48:40:INFO:root:------ Middle 3: 0.001944492911791914
13-Jun 11:48:40:INFO:root:------ Middle 4: 0.0010780195675483093
13-Jun 11:48:41:INFO:root:------ Middle 5: 0.0008228571499277114
13-Jun 11:48:41:INFO:root:------ Middle 6: 0.0004581968737887247
13-Jun 11:48:41:INFO:root:------ Middle 5: 0.0008535498006806417
13-Jun 11:48:41:INFO:root:------ Middle 6: 0.00047461845239940245
13-Jun 11:48:42:INFO:root:------ Middle 7: 0.0003208794599357203
13-Jun 11:48:42:INFO:root:------ Middle 8: 0.00020912626195146734
13-Jun 11:48:42:INFO:root:Starting from 1.2125334362722743e-17
13-Jun 11:48:42:INFO:root:-- Outer 1: 0.024087945221180025
13-Jun 11:48:42:INFO:root:------ Middle 1: 0.0019439884511641566
13-Jun 11:48:42:INFO:root:------ Middle 7: 0.00036441302816568773
13-Jun 11:48:42:INFO:root:------ Middle 8: 0.00021982690766517203
13-Jun 11:48:42:INFO:root:Starting from 1.1957109893193895e-17
13-Jun 11:48:42:INFO:root:-- Outer 1: 0.025242952495858593
13-Jun 11:48:42:INFO:root:------ Middle 1: 0.0020786639998797546
13-Jun 11:48:43:INFO:root:------ Middle 2: 0.0005505062722185735
13-Jun 11:48:43:INFO:root:------ Middle 3: 0.0003105656950717043
13-Jun 11:48:44:INFO:root:------ Middle 2: 0.0005943911185537336
13-Jun 11:48:44:INFO:root:------ Middle 3: 0.00033391927207302916
13-Jun 11:48:44:INFO:root:------ Middle 4: 0.00021070174510929185
13-Jun 11:48:44:INFO:root:Starting from 1.9760685991783564e-17
13-Jun 11:48:44:INFO:root:-- Outer 2: 0.011750873136914041
13-Jun 11:48:44:INFO:root:------ Middle 1: 0.00045534178196973
13-Jun 11:48:44:INFO:root:------ Middle 4: 0.00022432334747509418
13-Jun 11:48:44:INFO:root:Starting from 1.895715151087692e-17
13-Jun 11:48:44:INFO:root:-- Outer 2: 0.012224257060674171
13-Jun 11:48:44:INFO:root:------ Middle 1: 0.00047863208536006124
13-Jun 11:48:45:INFO:root:------ Middle 2: 0.00032098690753140494
13-Jun 11:48:45:INFO:root:------ Middle 3: 0.00018511603223899441
13-Jun 11:48:45:INFO:root:Starting from 1.2691962895347012e-17
13-Jun 11:48:45:INFO:root:-- Outer 3: 0.005001886267028282
13-Jun 11:48:45:INFO:root:------ Middle 1: 0.0001919867637557113
13-Jun 11:48:45:INFO:root:Starting from 1.546295357616354e-17
13-Jun 11:48:45:INFO:root:-- Outer 4: 0.005075158160936018
13-Jun 11:48:45:INFO:root:------ Middle 2: 0.00032602099334471757
13-Jun 11:48:46:INFO:root:------ Middle 3: 0.00018657953122829462
13-Jun 11:48:46:INFO:root:Starting from 1.402369273188297e-17
13-Jun 11:48:46:INFO:root:-- Outer 3: 0.005118652297058765
13-Jun 11:48:46:INFO:root:------ Middle 1: 0.00018398854683582106
13-Jun 11:48:46:INFO:root:Starting from 2.2184598098917727e-17
13-Jun 11:48:46:INFO:root:-- Outer 4: 0.005144924182236969
13-Jun 11:48:47:INFO:root:------ Middle 1: 0.0002833028941777198
13-Jun 11:48:47:INFO:root:Starting from 1.0860361029388671e-17
13-Jun 11:48:47:INFO:root:-- Outer 5: 0.0013271604421013672
13-Jun 11:48:47:INFO:root:------ Middle 1: 0.00023762851321636416
13-Jun 11:48:47:INFO:root:Starting from 1.63876978508895e-17
13-Jun 11:48:47:INFO:root:-- Outer 6: 0.0013630420417739537
13-Jun 11:48:47:INFO:root:------ Middle 1: 0.0002346250430340577
13-Jun 11:48:47:INFO:root:Starting from 1.3031326630631427e-17
13-Jun 11:48:47:INFO:root:-- Outer 5: 0.0012826280268308404
13-Jun 11:48:47:INFO:root:------ Middle 1: 0.00019874733349434608
13-Jun 11:48:47:INFO:root:Starting from 1.5434571953688914e-17
13-Jun 11:48:47:INFO:root:-- Outer 6: 0.0013243651029933062
13-Jun 11:48:47:INFO:root:------ Middle 1: 0.00019136913114334357
13-Jun 11:48:47:INFO:root:Starting from 1.0589739861183264e-17
13-Jun 11:48:47:INFO:root:-- Outer 7: 0.000450011481330352
13-Jun 11:48:47:INFO:root:END Outer loop
13-Jun 11:48:47:INFO:root:Model trade shares: [0.967967, 0.912152, 0.984914]
13-Jun 11:48:47:INFO:root:Data trade shares: [0.971471, 0.927429, 0.989384]
13-Jun 11:48:47:INFO:root:US prices: [1.41172, 0.983708, 0.963105]
13-Jun 11:48:47:INFO:root:in the data: [2.72526, 1.92631, 1.92631]
13-Jun 11:48:47:INFO:root:Nominal world expenditure: 1.1646821875742372e7
13-Jun 11:48:47:INFO:root:--------------In the data: [2.2953e7]
13-Jun 11:48:47:INFO:root:--- Period 10 ---
13-Jun 11:48:47:INFO:root:BEGIN Outer loop
13-Jun 11:48:48:INFO:root:------ Middle 1: 0.00015068193885611755
13-Jun 11:48:48:INFO:root:Starting from 1.4548171258819508e-17
13-Jun 11:48:48:INFO:root:-- Outer 7: 0.00040050358819565757
13-Jun 11:48:48:INFO:root:END Outer loop
13-Jun 11:48:48:INFO:root:Model trade shares: [0.965022, 0.912711, 0.989295]
13-Jun 11:48:48:INFO:root:Data trade shares: [0.966266, 0.92464, 0.992831]
13-Jun 11:48:48:INFO:root:US prices: [1.26694, 0.999407, 1.11362]
13-Jun 11:48:48:INFO:root:in the data: [2.27198, 1.79075, 1.79075]
13-Jun 11:48:48:INFO:root:Nominal world expenditure: 1.1532557681284728e7
13-Jun 11:48:48:INFO:root:--------------In the data: [2.07618e7]
13-Jun 11:48:48:INFO:root:--- Period 11 ---
13-Jun 11:48:48:INFO:root:BEGIN Outer loop
13-Jun 11:48:52:INFO:root:------ Middle 1: 0.004157015680525546
13-Jun 11:48:53:INFO:root:------ Middle 2: 0.0022929955568132565
13-Jun 11:48:53:INFO:root:------ Middle 1: 0.003921235112497583
13-Jun 11:48:53:INFO:root:------ Middle 2: 0.0021619744613165745
13-Jun 11:48:54:INFO:root:------ Middle 3: 0.0017503628395790392
13-Jun 11:48:54:INFO:root:------ Middle 4: 0.0009718647363525721
13-Jun 11:48:55:INFO:root:------ Middle 3: 0.0016597267188581328
13-Jun 11:48:55:INFO:root:------ Middle 5: 0.0007808748854671214
13-Jun 11:48:55:INFO:root:------ Middle 4: 0.0009206265695686964
13-Jun 11:48:55:INFO:root:------ Middle 6: 0.0004351591152631354
13-Jun 11:48:55:INFO:root:------ Middle 7: 0.00030728515982178344
13-Jun 11:48:55:INFO:root:------ Middle 8: 0.00019960606241047063
13-Jun 11:48:55:INFO:root:Starting from 1.3006236364570083e-17
13-Jun 11:48:55:INFO:root:-- Outer 1: 0.02332980187692302
13-Jun 11:48:55:INFO:root:------ Middle 1: 0.001835988187599111
13-Jun 11:48:56:INFO:root:------ Middle 5: 0.000737975515247673
13-Jun 11:48:56:INFO:root:------ Middle 6: 0.0004112935164680218
13-Jun 11:48:56:INFO:root:------ Middle 7: 0.0002930524923905457
13-Jun 11:48:56:INFO:root:Starting from 1.1656486836806962e-17
13-Jun 11:48:56:INFO:root:-- Outer 1: 0.023044527405293926
13-Jun 11:48:56:INFO:root:------ Middle 1: 0.0018388407884596606
13-Jun 11:48:57:INFO:root:------ Middle 2: 0.0005107013216580911
13-Jun 11:48:57:INFO:root:------ Middle 3: 0.0002889735217851443
13-Jun 11:48:57:INFO:root:Starting from 1.847190419158909e-17
13-Jun 11:48:57:INFO:root:-- Outer 2: 0.011903593667985343
13-Jun 11:48:58:INFO:root:------ Middle 2: 0.00047785983316543765
13-Jun 11:48:58:INFO:root:------ Middle 3: 0.00026976478203413084
13-Jun 11:48:58:INFO:root:Starting from 2.0247429538828198e-17
13-Jun 11:48:58:INFO:root:-- Outer 2: 0.011809419645646704
13-Jun 11:48:59:INFO:root:------ Middle 1: 0.0003345670384616161
13-Jun 11:48:59:INFO:root:------ Middle 2: 0.0001897656658912286
13-Jun 11:48:59:INFO:root:Starting from 1.6654814417935886e-17
13-Jun 11:48:59:INFO:root:-- Outer 3: 0.004357279481636803
13-Jun 11:48:59:INFO:root:------ Middle 1: 0.00022825050364238923
13-Jun 11:48:59:INFO:root:Starting from 2.0019732403440663e-17
13-Jun 11:48:59:INFO:root:-- Outer 4: 0.004453161113214375
13-Jun 11:49:00:INFO:root:------ Middle 1: 0.0003456775908173489
13-Jun 11:49:00:INFO:root:------ Middle 2: 0.00019387988789590054
13-Jun 11:49:00:INFO:root:Starting from 1.3507535001567356e-17
13-Jun 11:49:00:INFO:root:-- Outer 3: 0.004367094356359155
13-Jun 11:49:00:INFO:root:------ Middle 1: 0.0002753709183088858
13-Jun 11:49:00:INFO:root:Starting from 1.3722630298788284e-17
13-Jun 11:49:00:INFO:root:-- Outer 5: 0.0010674011699707486
13-Jun 11:49:00:INFO:root:------ Middle 1: 0.0002237128074737777
13-Jun 11:49:00:INFO:root:Starting from 1.8662709561968573e-17
13-Jun 11:49:00:INFO:root:-- Outer 6: 0.0011045830014576644
13-Jun 11:49:01:INFO:root:------ Middle 1: 0.00023831795217245047
13-Jun 11:49:01:INFO:root:Starting from 1.3731360089966571e-17
13-Jun 11:49:01:INFO:root:-- Outer 4: 0.0019024136810479617
13-Jun 11:49:01:INFO:root:------ Middle 1: 0.0001854041531348191
13-Jun 11:49:01:INFO:root:Starting from 2.1979823392909267e-17
13-Jun 11:49:01:INFO:root:-- Outer 7: 0.00041311753182159296
13-Jun 11:49:01:INFO:root:END Outer loop
13-Jun 11:49:01:INFO:root:Model trade shares: [0.969947, 0.913258, 0.975467]
13-Jun 11:49:01:INFO:root:Data trade shares: [0.976496, 0.933524, 0.973934]
13-Jun 11:49:01:INFO:root:US prices: [1.52863, 1.0188, 0.961334]
13-Jun 11:49:01:INFO:root:in the data: [2.96155, 2.01858, 2.01858]
13-Jun 11:49:01:INFO:root:Nominal world expenditure: 1.138866576653287e7
13-Jun 11:49:01:INFO:root:--------------In the data: [2.33649e7]
13-Jun 11:49:01:INFO:root:--- Period 12 ---
13-Jun 11:49:01:INFO:root:BEGIN Outer loop
13-Jun 11:49:01:INFO:root:------ Middle 1: 0.00023880835736757628
13-Jun 11:49:01:INFO:root:Starting from 2.0645935150353245e-17
13-Jun 11:49:01:INFO:root:-- Outer 5: 0.0011024267036716174
13-Jun 11:49:01:INFO:root:------ Middle 1: 0.00021054091588084754
13-Jun 11:49:01:INFO:root:Starting from 1.4964092768198872e-17
13-Jun 11:49:01:INFO:root:-- Outer 6: 0.0010889510329019196
13-Jun 11:49:02:INFO:root:------ Middle 1: 0.00020815600386333994
13-Jun 11:49:02:INFO:root:Starting from 9.122799928558839e-18
13-Jun 11:49:02:INFO:root:-- Outer 7: 0.0004486907950044431
13-Jun 11:49:02:INFO:root:END Outer loop
13-Jun 11:49:02:INFO:root:Model trade shares: [0.970041, 0.918048, 0.973604]
13-Jun 11:49:02:INFO:root:Data trade shares: [0.97676, 0.939693, 0.972749]
13-Jun 11:49:02:INFO:root:US prices: [1.5253, 0.999134, 0.931528]
13-Jun 11:49:02:INFO:root:in the data: [3.07991, 2.04761, 2.04761]
13-Jun 11:49:02:INFO:root:Nominal world expenditure: 1.1047516733153222e7
13-Jun 11:49:02:INFO:root:--------------In the data: [2.31824e7]
13-Jun 11:49:02:INFO:root:--- Period 13 ---
13-Jun 11:49:02:INFO:root:BEGIN Outer loop
13-Jun 11:49:06:INFO:root:------ Middle 1: 0.0037833304883899167
13-Jun 11:49:06:INFO:root:------ Middle 2: 0.002087879418959338
13-Jun 11:49:07:INFO:root:------ Middle 1: 0.003738006047673297
13-Jun 11:49:07:INFO:root:------ Middle 2: 0.002062049505968226
13-Jun 11:49:07:INFO:root:------ Middle 3: 0.0016368796312343293
13-Jun 11:49:08:INFO:root:------ Middle 4: 0.0009078048922078984
13-Jun 11:49:08:INFO:root:------ Middle 3: 0.00161910362026962
13-Jun 11:49:08:INFO:root:------ Middle 5: 0.0007333536163810833
13-Jun 11:49:09:INFO:root:------ Middle 4: 0.0008980955411206216
13-Jun 11:49:09:INFO:root:------ Middle 6: 0.0004095045233291786
13-Jun 11:49:09:INFO:root:------ Middle 7: 0.000295785002111063
13-Jun 11:49:09:INFO:root:Starting from 1.2400751786453154e-17
13-Jun 11:49:09:INFO:root:-- Outer 1: 0.023399608589569732
13-Jun 11:49:09:INFO:root:------ Middle 1: 0.0018674871044950768
13-Jun 11:49:10:INFO:root:------ Middle 5: 0.000734751608484768
13-Jun 11:49:10:INFO:root:------ Middle 6: 0.00041026875957467175
13-Jun 11:49:10:INFO:root:------ Middle 7: 0.0002962107127531453
13-Jun 11:49:10:INFO:root:Starting from 1.3071560958940831e-17
13-Jun 11:49:10:INFO:root:-- Outer 1: 0.02394752074018335
13-Jun 11:49:10:INFO:root:------ Middle 1: 0.0019321555184978597
13-Jun 11:49:11:INFO:root:------ Middle 2: 0.0004751538082380472
13-Jun 11:49:11:INFO:root:------ Middle 3: 0.0002680056077517452
13-Jun 11:49:11:INFO:root:Starting from 1.6840920769210593e-17
13-Jun 11:49:11:INFO:root:-- Outer 2: 0.012006924687159741
13-Jun 11:49:12:INFO:root:------ Middle 2: 0.000509207241806018
13-Jun 11:49:12:INFO:root:------ Middle 3: 0.000285836175462298
13-Jun 11:49:12:INFO:root:Starting from 2.000691393306452e-17
13-Jun 11:49:12:INFO:root:-- Outer 2: 0.012177043671071272
13-Jun 11:49:13:INFO:root:------ Middle 1: 0.0003009569424440176
13-Jun 11:49:13:INFO:root:------ Middle 2: 0.00017010095188880046
13-Jun 11:49:13:INFO:root:Starting from 1.9590150481994853e-17
13-Jun 11:49:13:INFO:root:-- Outer 3: 0.004445711351538084
13-Jun 11:49:13:INFO:root:------ Middle 1: 0.00018092688786317657
13-Jun 11:49:13:INFO:root:Starting from 1.4283698245974844e-17
13-Jun 11:49:13:INFO:root:-- Outer 4: 0.0018432555775768822
13-Jun 11:49:14:INFO:root:------ Middle 1: 0.0001673195014647731
13-Jun 11:49:14:INFO:root:Starting from 1.9277367103024468e-17
13-Jun 11:49:14:INFO:root:-- Outer 5: 0.0009734715291012485
13-Jun 11:49:14:INFO:root:END Outer loop
13-Jun 11:49:14:INFO:root:Model trade shares: [0.964304, 0.913003, 0.978961]
13-Jun 11:49:14:INFO:root:Data trade shares: [0.972765, 0.936372, 0.980463]
13-Jun 11:49:14:INFO:root:US prices: [1.42341, 0.96098, 0.940671]
13-Jun 11:49:14:INFO:root:in the data: [3.02084, 2.07936, 2.07936]
13-Jun 11:49:14:INFO:root:Nominal world expenditure: 1.0782730213669414e7
13-Jun 11:49:14:INFO:root:--------------In the data: [2.36221e7]
13-Jun 11:49:14:INFO:root:--- Period 14 ---
13-Jun 11:49:14:INFO:root:BEGIN Outer loop
13-Jun 11:49:14:INFO:root:------ Middle 1: 0.00041961151712753146
13-Jun 11:49:14:INFO:root:------ Middle 2: 0.00023394466749371087
13-Jun 11:49:14:INFO:root:Starting from 1.6508536108760976e-17
13-Jun 11:49:14:INFO:root:-- Outer 3: 0.004557809057427256
13-Jun 11:49:14:INFO:root:------ Middle 1: 0.0003295014222667255
13-Jun 11:49:15:INFO:root:------ Middle 2: 0.00019047870715884456
13-Jun 11:49:15:INFO:root:Starting from 1.9808685256420006e-17
13-Jun 11:49:15:INFO:root:-- Outer 4: 0.002080740562864102
13-Jun 11:49:15:INFO:root:------ Middle 1: 0.00023778121608987357
13-Jun 11:49:15:INFO:root:Starting from 1.8998686252320856e-17
13-Jun 11:49:15:INFO:root:-- Outer 5: 0.001164929666426048
13-Jun 11:49:15:INFO:root:------ Middle 1: 0.00022971496123019166
13-Jun 11:49:15:INFO:root:Starting from 1.5571201013694203e-17
13-Jun 11:49:15:INFO:root:-- Outer 6: 0.0011091190421172038
13-Jun 11:49:16:INFO:root:------ Middle 1: 0.00022875305724992133
13-Jun 11:49:16:INFO:root:Starting from 1.5976057379807366e-17
13-Jun 11:49:16:INFO:root:-- Outer 7: 0.000398693202681826
13-Jun 11:49:16:INFO:root:END Outer loop
13-Jun 11:49:16:INFO:root:Model trade shares: [0.963827, 0.911592, 0.989263]
13-Jun 11:49:16:INFO:root:Data trade shares: [0.971404, 0.929028, 0.993445]
13-Jun 11:49:16:INFO:root:US prices: [1.40497, 1.02226, 1.13225]
13-Jun 11:49:16:INFO:root:in the data: [2.9591, 2.1512, 2.1512]
13-Jun 11:49:16:INFO:root:Nominal world expenditure: 1.1227146374720985e7
13-Jun 11:49:16:INFO:root:--------------In the data: [2.42511e7]
13-Jun 11:49:16:INFO:root:--- Period 15 ---
13-Jun 11:49:16:INFO:root:BEGIN Outer loop
13-Jun 11:49:19:INFO:root:------ Middle 1: 0.0039379847062779175
13-Jun 11:49:19:INFO:root:------ Middle 2: 0.0021727436518871007
13-Jun 11:49:20:INFO:root:------ Middle 3: 0.0016978151088991686
13-Jun 11:49:20:INFO:root:------ Middle 4: 0.0009414897294140236
13-Jun 11:49:21:INFO:root:------ Middle 1: 0.0041510974675261015
13-Jun 11:49:21:INFO:root:------ Middle 2: 0.002288848380380797
13-Jun 11:49:21:INFO:root:------ Middle 5: 0.0007602513012516378
13-Jun 11:49:22:INFO:root:------ Middle 6: 0.00042460069838087735
13-Jun 11:49:22:INFO:root:------ Middle 7: 0.0003352438805329192
13-Jun 11:49:22:INFO:root:------ Middle 8: 0.00019930948535142653
13-Jun 11:49:22:INFO:root:Starting from 1.2083523422430243e-17
13-Jun 11:49:22:INFO:root:-- Outer 1: 0.024768586569463368
13-Jun 11:49:22:INFO:root:------ Middle 1: 0.0019176981776837792
13-Jun 11:49:23:INFO:root:------ Middle 3: 0.001780852557763085
13-Jun 11:49:23:INFO:root:------ Middle 4: 0.0009871820258081988
13-Jun 11:49:24:INFO:root:------ Middle 5: 0.0007965044157529264
13-Jun 11:49:24:INFO:root:------ Middle 6: 0.0004447025889876284
13-Jun 11:49:24:INFO:root:------ Middle 2: 0.0005769139758800628
13-Jun 11:49:24:INFO:root:------ Middle 3: 0.0003232938940630157
13-Jun 11:49:24:INFO:root:------ Middle 7: 0.0003514236130307179
13-Jun 11:49:24:INFO:root:------ Middle 8: 0.00020881131275623407
13-Jun 11:49:24:INFO:root:Starting from 1.1827036203725111e-17
13-Jun 11:49:24:INFO:root:-- Outer 1: 0.02547949243139996
13-Jun 11:49:24:INFO:root:------ Middle 4: 0.0002199034730432557
13-Jun 11:49:24:INFO:root:Starting from 1.9582894940105133e-17
13-Jun 11:49:24:INFO:root:-- Outer 2: 0.012061900224589276
13-Jun 11:49:24:INFO:root:------ Middle 1: 0.0020604414423476378
13-Jun 11:49:25:INFO:root:------ Middle 1: 0.00046468107350136194
13-Jun 11:49:26:INFO:root:------ Middle 2: 0.0003389949326900231
13-Jun 11:49:26:INFO:root:------ Middle 3: 0.00019266300130279526
13-Jun 11:49:26:INFO:root:Starting from 1.477926450505625e-17
13-Jun 11:49:26:INFO:root:-- Outer 3: 0.0051305824952742485
13-Jun 11:49:26:INFO:root:------ Middle 1: 0.00022293774450331938
13-Jun 11:49:26:INFO:root:Starting from 2.0814128045891487e-17
13-Jun 11:49:26:INFO:root:-- Outer 4: 0.005265319861750138
13-Jun 11:49:26:INFO:root:------ Middle 2: 0.0006194093632028398
13-Jun 11:49:27:INFO:root:------ Middle 3: 0.00034668944707095113
13-Jun 11:49:27:INFO:root:------ Middle 4: 0.00023627504195356666
13-Jun 11:49:27:INFO:root:Starting from 1.6771572508598004e-17
13-Jun 11:49:27:INFO:root:-- Outer 2: 0.012323141624719158
13-Jun 11:49:27:INFO:root:------ Middle 1: 0.0004422329033007857
13-Jun 11:49:28:INFO:root:------ Middle 1: 0.0003187805344963356
13-Jun 11:49:28:INFO:root:------ Middle 2: 0.00017910136307197478
13-Jun 11:49:28:INFO:root:Starting from 1.3844950406678356e-17
13-Jun 11:49:28:INFO:root:-- Outer 5: 0.0014225712747118785
13-Jun 11:49:28:INFO:root:------ Middle 1: 0.0001871052595673855
13-Jun 11:49:28:INFO:root:Starting from 1.407218358344191e-17
13-Jun 11:49:28:INFO:root:-- Outer 6: 0.0014974405564462002
13-Jun 11:49:29:INFO:root:------ Middle 2: 0.00034164546892719597
13-Jun 11:49:29:INFO:root:------ Middle 3: 0.00019468833567866403
13-Jun 11:49:29:INFO:root:Starting from 1.4308452535457902e-17
13-Jun 11:49:29:INFO:root:-- Outer 3: 0.005220964325053964
13-Jun 11:49:29:INFO:root:------ Middle 1: 0.00016437067154151906
13-Jun 11:49:29:INFO:root:Starting from 1.4454739227893474e-17
13-Jun 11:49:29:INFO:root:-- Outer 7: 0.0004376170841378847
13-Jun 11:49:29:INFO:root:END Outer loop
13-Jun 11:49:29:INFO:root:Model trade shares: [0.967047, 0.924191, 0.99164]
13-Jun 11:49:29:INFO:root:Data trade shares: [0.967576, 0.927756, 0.993556]
13-Jun 11:49:29:INFO:root:US prices: [1.35352, 1.02371, 1.05215]
13-Jun 11:49:29:INFO:root:in the data: [2.78451, 2.12334, 2.12334]
13-Jun 11:49:29:INFO:root:Nominal world expenditure: 1.2126348412359748e7
13-Jun 11:49:29:INFO:root:--------------In the data: [2.5209e7]
13-Jun 11:49:29:INFO:root:------ Middle 1: 0.0001804186431649029
13-Jun 11:49:29:INFO:root:Starting from 1.529021182796476e-17
13-Jun 11:49:29:INFO:root:-- Outer 4: 0.005274266530776126
13-Jun 11:49:29:INFO:root:--- Period 16 ---
13-Jun 11:49:29:INFO:root:BEGIN Outer loop
13-Jun 11:49:30:INFO:root:------ Middle 1: 0.0002724351108607259
13-Jun 11:49:30:INFO:root:Starting from 1.5818136736141425e-17
13-Jun 11:49:30:INFO:root:-- Outer 5: 0.0013270037078797756
13-Jun 11:49:31:INFO:root:------ Middle 1: 0.00022783554075096263
13-Jun 11:49:31:INFO:root:Starting from 1.5138666912827517e-17
13-Jun 11:49:31:INFO:root:-- Outer 6: 0.0013568893075632323
13-Jun 11:49:31:INFO:root:------ Middle 1: 0.000174815726375744
13-Jun 11:49:31:INFO:root:Starting from 1.2339481836848962e-17
13-Jun 11:49:31:INFO:root:-- Outer 7: 0.0004246561832992075
13-Jun 11:49:31:INFO:root:END Outer loop
13-Jun 11:49:31:INFO:root:Model trade shares: [0.959846, 0.921312, 0.992579]
13-Jun 11:49:31:INFO:root:Data trade shares: [0.953126, 0.923314, 0.993566]
13-Jun 11:49:31:INFO:root:US prices: [0.973243, 0.922884, 0.905686]
13-Jun 11:49:31:INFO:root:in the data: [2.3065, 2.15345, 2.15345]
13-Jun 11:49:31:INFO:root:Nominal world expenditure: 1.3199239145876827e7
13-Jun 11:49:31:INFO:root:--------------In the data: [2.91447e7]
13-Jun 11:49:31:INFO:root:--- Period 17 ---
13-Jun 11:49:31:INFO:root:BEGIN Outer loop
13-Jun 11:49:35:INFO:root:------ Middle 1: 0.0043801656892170785
13-Jun 11:49:35:INFO:root:------ Middle 2: 0.0024148340477729577
13-Jun 11:49:36:INFO:root:------ Middle 3: 0.0018682809615870005
13-Jun 11:49:36:INFO:root:------ Middle 4: 0.0010353059538865759
13-Jun 11:49:37:INFO:root:------ Middle 5: 0.0008378521782231402
13-Jun 11:49:37:INFO:root:------ Middle 6: 0.00046684690718057
13-Jun 11:49:37:INFO:root:------ Middle 1: 0.004574744000521801
13-Jun 11:49:37:INFO:root:------ Middle 2: 0.0025210346602107954
13-Jun 11:49:38:INFO:root:------ Middle 7: 0.00036580254245615316
13-Jun 11:49:38:INFO:root:------ Middle 8: 0.0002175843466345025
13-Jun 11:49:38:INFO:root:Starting from 1.1285473292362145e-17
13-Jun 11:49:38:INFO:root:-- Outer 1: 0.025853340347115967
13-Jun 11:49:38:INFO:root:------ Middle 1: 0.002212646353256383
13-Jun 11:49:39:INFO:root:------ Middle 3: 0.001929562702649686
13-Jun 11:49:39:INFO:root:------ Middle 4: 0.001069897635409788
13-Jun 11:49:40:INFO:root:------ Middle 5: 0.0008585017894294001
13-Jun 11:49:40:INFO:root:------ Middle 2: 0.0006846350199625707
13-Jun 11:49:40:INFO:root:------ Middle 6: 0.0004784059830011898
13-Jun 11:49:40:INFO:root:------ Middle 3: 0.0003826704418057188
13-Jun 11:49:40:INFO:root:------ Middle 7: 0.00037504035054428353
13-Jun 11:49:40:INFO:root:------ Middle 4: 0.00025911465259918857
13-Jun 11:49:40:INFO:root:Starting from 2.0012662883878426e-17
13-Jun 11:49:40:INFO:root:-- Outer 2: 0.012459024934664192
13-Jun 11:49:40:INFO:root:------ Middle 8: 0.00022387536198526032
13-Jun 11:49:40:INFO:root:Starting from 1.2206756460259384e-17
13-Jun 11:49:40:INFO:root:-- Outer 1: 0.02586744682359487
13-Jun 11:49:40:INFO:root:------ Middle 1: 0.00044850584338150507
13-Jun 11:49:41:INFO:root:------ Middle 1: 0.002329600888425401
13-Jun 11:49:42:INFO:root:------ Middle 2: 0.00036580112259684946
13-Jun 11:49:42:INFO:root:------ Middle 3: 0.000208039855166255
13-Jun 11:49:42:INFO:root:Starting from 1.2136818101220452e-17
13-Jun 11:49:42:INFO:root:-- Outer 3: 0.005248952587413691
13-Jun 11:49:42:INFO:root:------ Middle 1: 0.00019108478078969367
13-Jun 11:49:42:INFO:root:Starting from 1.6518391360172442e-17
13-Jun 11:49:42:INFO:root:-- Outer 4: 0.005309472092108359
13-Jun 11:49:43:INFO:root:------ Middle 2: 0.0007175024329154935
13-Jun 11:49:43:INFO:root:------ Middle 3: 0.0004006660776014324
13-Jun 11:49:43:INFO:root:------ Middle 4: 0.0002723278229374157
13-Jun 11:49:43:INFO:root:Starting from 1.939154592726023e-17
13-Jun 11:49:43:INFO:root:-- Outer 2: 0.012511298829858674
13-Jun 11:49:43:INFO:root:------ Middle 1: 0.0004531972926918168
13-Jun 11:49:44:INFO:root:------ Middle 1: 0.00029735916814154997
13-Jun 11:49:44:INFO:root:Starting from 1.9264388135979658e-17
13-Jun 11:49:44:INFO:root:-- Outer 5: 0.0013851723490372495
13-Jun 11:49:44:INFO:root:------ Middle 1: 0.0002474533059174852
13-Jun 11:49:44:INFO:root:Starting from 1.320771916576992e-17
13-Jun 11:49:44:INFO:root:-- Outer 6: 0.0014147081578612275
13-Jun 11:49:45:INFO:root:------ Middle 1: 0.00018981934203532745
13-Jun 11:49:45:INFO:root:Starting from 2.0400489125395964e-17
13-Jun 11:49:45:INFO:root:-- Outer 7: 0.00044093748381667994
13-Jun 11:49:45:INFO:root:END Outer loop
13-Jun 11:49:45:INFO:root:Model trade shares: [0.965099, 0.925284, 0.99219]
13-Jun 11:49:45:INFO:root:Data trade shares: [0.958317, 0.928046, 0.993489]
13-Jun 11:49:45:INFO:root:US prices: [0.96445, 0.868767, 0.889968]
13-Jun 11:49:45:INFO:root:in the data: [2.43661, 2.20422, 2.20422]
13-Jun 11:49:45:INFO:root:Nominal world expenditure: 1.3720314352571825e7
13-Jun 11:49:45:INFO:root:--------------In the data: [3.25615e7]
13-Jun 11:49:45:INFO:root:------ Middle 2: 0.00037250716995586476
13-Jun 11:49:45:INFO:root:--- Period 18 ---
13-Jun 11:49:45:INFO:root:BEGIN Outer loop
13-Jun 11:49:45:INFO:root:------ Middle 3: 0.00021172416390484875
13-Jun 11:49:45:INFO:root:Starting from 1.5995714376748787e-17
13-Jun 11:49:45:INFO:root:-- Outer 3: 0.005271750834879044
13-Jun 11:49:45:INFO:root:------ Middle 1: 0.00018547077840770767
13-Jun 11:49:45:INFO:root:Starting from 1.2693318260694238e-17
13-Jun 11:49:45:INFO:root:-- Outer 4: 0.005320178495790912
13-Jun 11:49:46:INFO:root:------ Middle 1: 0.0002897133536123086
13-Jun 11:49:46:INFO:root:Starting from 1.6177337068420612e-17
13-Jun 11:49:46:INFO:root:-- Outer 5: 0.0013802332620150822
13-Jun 11:49:47:INFO:root:------ Middle 1: 0.00024232282947964787
13-Jun 11:49:47:INFO:root:Starting from 1.5540616803571405e-17
13-Jun 11:49:47:INFO:root:-- Outer 6: 0.0014106857726646621
13-Jun 11:49:47:INFO:root:------ Middle 1: 0.00018597297875412672
13-Jun 11:49:47:INFO:root:Starting from 2.2613625018253196e-17
13-Jun 11:49:47:INFO:root:-- Outer 7: 0.0004489736041272668
13-Jun 11:49:47:INFO:root:END Outer loop
13-Jun 11:49:47:INFO:root:Model trade shares: [0.960798, 0.924361, 0.992832]
13-Jun 11:49:47:INFO:root:Data trade shares: [0.960962, 0.931588, 0.993893]
13-Jun 11:49:47:INFO:root:US prices: [0.958607, 0.869458, 0.854306]
13-Jun 11:49:47:INFO:root:in the data: [2.50767, 2.31742, 2.31742]
13-Jun 11:49:47:INFO:root:Nominal world expenditure: 1.4154227054219654e7
13-Jun 11:49:47:INFO:root:--------------In the data: [3.61928e7]
13-Jun 11:49:47:INFO:root:--- Period 19 ---
13-Jun 11:49:47:INFO:root:BEGIN Outer loop
13-Jun 11:49:51:INFO:root:------ Middle 1: 0.004705054252806592
13-Jun 11:49:51:INFO:root:------ Middle 2: 0.0025922438054396617
13-Jun 11:49:53:INFO:root:------ Middle 3: 0.0019731336268920137
13-Jun 11:49:53:INFO:root:------ Middle 4: 0.0010935266109738493
13-Jun 11:49:54:INFO:root:------ Middle 5: 0.0008731144639714216
13-Jun 11:49:54:INFO:root:------ Middle 6: 0.0004860788884286656
13-Jun 11:49:54:INFO:root:------ Middle 1: 0.004802775056392329
13-Jun 11:49:54:INFO:root:------ Middle 2: 0.0026459000303675753
13-Jun 11:49:54:INFO:root:------ Middle 7: 0.0003804088931872331
13-Jun 11:49:54:INFO:root:------ Middle 8: 0.00022762528189146692
13-Jun 11:49:54:INFO:root:Starting from 1.1279535052159242e-17
13-Jun 11:49:54:INFO:root:-- Outer 1: 0.025644916156004227
13-Jun 11:49:55:INFO:root:------ Middle 1: 0.0023671620100693255
13-Jun 11:49:55:INFO:root:------ Middle 3: 0.002003305775738838
13-Jun 11:49:55:INFO:root:------ Middle 4: 0.00111107318843123
13-Jun 11:49:56:INFO:root:------ Middle 5: 0.0008999789863464652
13-Jun 11:49:56:INFO:root:------ Middle 2: 0.0007446695549435081
13-Jun 11:49:56:INFO:root:------ Middle 6: 0.0005012047464408594
13-Jun 11:49:57:INFO:root:------ Middle 3: 0.00041554669139436394
13-Jun 11:49:57:INFO:root:------ Middle 4: 0.0002820310587224317
13-Jun 11:49:57:INFO:root:Starting from 1.58792355010515e-17
13-Jun 11:49:57:INFO:root:-- Outer 2: 0.012473344826911587
13-Jun 11:49:57:INFO:root:------ Middle 7: 0.00039351359753717676
13-Jun 11:49:57:INFO:root:------ Middle 1: 0.00046210217599850726
13-Jun 11:49:57:INFO:root:------ Middle 8: 0.00023565688025641124
13-Jun 11:49:57:INFO:root:Starting from 1.211682914333896e-17
13-Jun 11:49:57:INFO:root:-- Outer 1: 0.02558737167147476
13-Jun 11:49:57:INFO:root:------ Middle 1: 0.0024338780574269595
13-Jun 11:49:59:INFO:root:------ Middle 2: 0.00038289451903549215
13-Jun 11:49:59:INFO:root:------ Middle 3: 0.00021708711275036872
13-Jun 11:49:59:INFO:root:Starting from 1.6347409259742905e-17
13-Jun 11:49:59:INFO:root:-- Outer 3: 0.0052358980604430986
13-Jun 11:49:59:INFO:root:------ Middle 1: 0.00020027591835472227
13-Jun 11:49:59:INFO:root:Starting from 1.9906123688850083e-17
13-Jun 11:49:59:INFO:root:-- Outer 4: 0.00528054562704148
13-Jun 11:49:59:INFO:root:------ Middle 2: 0.0007660557350124042
13-Jun 11:49:59:INFO:root:------ Middle 3: 0.000427119657098925
13-Jun 11:50:00:INFO:root:------ Middle 4: 0.0003193524018688517
13-Jun 11:50:00:INFO:root:------ Middle 5: 0.0001933056681991922
13-Jun 11:50:00:INFO:root:Starting from 1.590333847771228e-17
13-Jun 11:50:00:INFO:root:-- Outer 2: 0.012295500931587357
13-Jun 11:50:00:INFO:root:------ Middle 1: 0.0005203102663200955
13-Jun 11:50:00:INFO:root:------ Middle 1: 0.0003060273794125203
13-Jun 11:50:00:INFO:root:------ Middle 2: 0.00017310057475252336
13-Jun 11:50:00:INFO:root:Starting from 1.858430969065017e-17
13-Jun 11:50:00:INFO:root:-- Outer 5: 0.0014438285443331249
13-Jun 11:50:01:INFO:root:------ Middle 1: 0.0001846821390032244
13-Jun 11:50:01:INFO:root:Starting from 1.5398540505562745e-17
13-Jun 11:50:01:INFO:root:-- Outer 6: 0.0015345872210410292
13-Jun 11:50:01:INFO:root:------ Middle 1: 0.00016091703615300103
13-Jun 11:50:01:INFO:root:Starting from 1.6570322501265097e-17
13-Jun 11:50:01:INFO:root:-- Outer 7: 0.00044823339307433787
13-Jun 11:50:01:INFO:root:END Outer loop
13-Jun 11:50:01:INFO:root:Model trade shares: [0.96285, 0.929011, 0.992913]
13-Jun 11:50:01:INFO:root:Data trade shares: [0.961578, 0.934257, 0.993842]
13-Jun 11:50:01:INFO:root:US prices: [0.977314, 0.94576, 0.983665]
13-Jun 11:50:01:INFO:root:in the data: [2.5813, 2.43608, 2.43608]
13-Jun 11:50:01:INFO:root:Nominal world expenditure: 1.4993582708129745e7
13-Jun 11:50:01:INFO:root:--------------In the data: [3.7723e7]
13-Jun 11:50:01:INFO:root:--- Period 20 ---
13-Jun 11:50:01:INFO:root:BEGIN Outer loop
13-Jun 11:50:01:INFO:root:------ Middle 2: 0.00034445901130817936
13-Jun 11:50:01:INFO:root:------ Middle 3: 0.0001960406562829219
13-Jun 11:50:01:INFO:root:Starting from 1.2950692531232205e-17
13-Jun 11:50:01:INFO:root:-- Outer 3: 0.005229665191542315
13-Jun 11:50:02:INFO:root:------ Middle 1: 0.0002362809379542056
13-Jun 11:50:02:INFO:root:Starting from 1.5817259000464482e-17
13-Jun 11:50:02:INFO:root:-- Outer 4: 0.005296934205842472
13-Jun 11:50:03:INFO:root:------ Middle 1: 0.00034196129721391965
13-Jun 11:50:03:INFO:root:------ Middle 2: 0.00019265721298055463
13-Jun 11:50:03:INFO:root:Starting from 1.1748590843458698e-17
13-Jun 11:50:03:INFO:root:-- Outer 5: 0.0014016865437118152
13-Jun 11:50:03:INFO:root:------ Middle 1: 0.00020496609782995762
13-Jun 11:50:03:INFO:root:Starting from 1.5702775106106686e-17
13-Jun 11:50:03:INFO:root:-- Outer 6: 0.0014915543685112126
13-Jun 11:50:04:INFO:root:------ Middle 1: 0.00018520530597052433
13-Jun 11:50:04:INFO:root:Starting from 1.5757173193787586e-17
13-Jun 11:50:04:INFO:root:-- Outer 7: 0.0004548004864971892
13-Jun 11:50:04:INFO:root:END Outer loop
13-Jun 11:50:04:INFO:root:Model trade shares: [0.965329, 0.924511, 0.992355]
13-Jun 11:50:04:INFO:root:Data trade shares: [0.963666, 0.934551, 0.994086]
13-Jun 11:50:04:INFO:root:US prices: [0.939364, 0.898137, 0.841546]
13-Jun 11:50:04:INFO:root:in the data: [2.67778, 2.5352, 2.5352]
13-Jun 11:50:04:INFO:root:Nominal world expenditure: 1.5697415910057435e7
13-Jun 11:50:04:INFO:root:--------------In the data: [4.12361e7]
13-Jun 11:50:04:INFO:root:--- Period 21 ---
13-Jun 11:50:04:INFO:root:BEGIN Outer loop
13-Jun 11:50:08:INFO:root:------ Middle 1: 0.004918789924780773
13-Jun 11:50:08:INFO:root:------ Middle 2: 0.002709979871327136
13-Jun 11:50:09:INFO:root:------ Middle 3: 0.0020534234985841934
13-Jun 11:50:09:INFO:root:------ Middle 4: 0.00113850883301838
13-Jun 11:50:10:INFO:root:------ Middle 1: 0.004864152274979877
13-Jun 11:50:10:INFO:root:------ Middle 2: 0.0026806093029064955
13-Jun 11:50:10:INFO:root:------ Middle 5: 0.000913423820956934
13-Jun 11:50:10:INFO:root:------ Middle 6: 0.0005084606484289754
13-Jun 11:50:11:INFO:root:------ Middle 7: 0.0003986512837078712
13-Jun 11:50:11:INFO:root:------ Middle 8: 0.0002381132729426192
13-Jun 11:50:11:INFO:root:Starting from 1.1859784443705852e-17
13-Jun 11:50:11:INFO:root:-- Outer 1: 0.025968872930165275
13-Jun 11:50:11:INFO:root:------ Middle 1: 0.0026028738912711024
13-Jun 11:50:11:INFO:root:------ Middle 3: 0.002041595187928846
13-Jun 11:50:11:INFO:root:------ Middle 4: 0.0011319886677279834
13-Jun 11:50:12:INFO:root:------ Middle 5: 0.0009078214844590749
13-Jun 11:50:12:INFO:root:------ Middle 6: 0.0005052954844660903
13-Jun 11:50:13:INFO:root:------ Middle 7: 0.0003963336062812765
13-Jun 11:50:13:INFO:root:------ Middle 8: 0.0002359591725882947
13-Jun 11:50:13:INFO:root:Starting from 1.1567514083438897e-17
13-Jun 11:50:13:INFO:root:-- Outer 1: 0.026690342005782797
13-Jun 11:50:13:INFO:root:------ Middle 2: 0.000845341899960456
13-Jun 11:50:13:INFO:root:------ Middle 3: 0.00047013832408620025
13-Jun 11:50:13:INFO:root:------ Middle 1: 0.002624061111307448
13-Jun 11:50:13:INFO:root:------ Middle 4: 0.00034564005324257076
13-Jun 11:50:14:INFO:root:------ Middle 5: 0.00020890020246985843
13-Jun 11:50:14:INFO:root:Starting from 2.2908518315951012e-17
13-Jun 11:50:14:INFO:root:-- Outer 2: 0.01244324710465113
13-Jun 11:50:14:INFO:root:------ Middle 1: 0.0005757265150262459
13-Jun 11:50:15:INFO:root:------ Middle 2: 0.0008520440556026716
13-Jun 11:50:15:INFO:root:------ Middle 3: 0.0004736380142240537
13-Jun 11:50:15:INFO:root:------ Middle 2: 0.00036672952545553145
13-Jun 11:50:15:INFO:root:------ Middle 3: 0.00020716229052375863
13-Jun 11:50:15:INFO:root:Starting from 1.8886637433659077e-17
13-Jun 11:50:15:INFO:root:-- Outer 3: 0.005334608961536346
13-Jun 11:50:16:INFO:root:------ Middle 1: 0.0002916768284734042
13-Jun 11:50:16:INFO:root:Starting from 1.5420269543190214e-17
13-Jun 11:50:16:INFO:root:-- Outer 4: 0.005466136776874966
13-Jun 11:50:16:INFO:root:------ Middle 4: 0.00035269128603997114
13-Jun 11:50:16:INFO:root:------ Middle 5: 0.0002125079694624969
13-Jun 11:50:16:INFO:root:Starting from 1.7452304631418014e-17
13-Jun 11:50:16:INFO:root:-- Outer 2: 0.012643162596560217
13-Jun 11:50:16:INFO:root:------ Middle 1: 0.0005369529102750741
13-Jun 11:50:17:INFO:root:------ Middle 1: 0.00039275669190351904
13-Jun 11:50:17:INFO:root:------ Middle 2: 0.00021942339044081166
13-Jun 11:50:17:INFO:root:Starting from 1.5784424622881746e-17
13-Jun 11:50:17:INFO:root:-- Outer 5: 0.0014625154288418283
13-Jun 11:50:17:INFO:root:------ Middle 1: 0.00022843073478376737
13-Jun 11:50:17:INFO:root:Starting from 1.6432884391608068e-17
13-Jun 11:50:17:INFO:root:-- Outer 6: 0.0015451608209522644
13-Jun 11:50:17:INFO:root:------ Middle 2: 0.00034151355349568645
13-Jun 11:50:18:INFO:root:------ Middle 3: 0.00019398802916922758
13-Jun 11:50:18:INFO:root:Starting from 1.608701182388594e-17
13-Jun 11:50:18:INFO:root:-- Outer 3: 0.005361143599104374
13-Jun 11:50:18:INFO:root:------ Middle 1: 0.00025327798850986
13-Jun 11:50:18:INFO:root:Starting from 1.2683334773862655e-17
13-Jun 11:50:18:INFO:root:-- Outer 4: 0.00537480276599513
13-Jun 11:50:18:INFO:root:------ Middle 1: 0.00021075574934234316
13-Jun 11:50:18:INFO:root:Starting from 1.4923058778149304e-17
13-Jun 11:50:18:INFO:root:-- Outer 7: 0.0004981898334585297
13-Jun 11:50:18:INFO:root:END Outer loop
13-Jun 11:50:18:INFO:root:Model trade shares: [0.962918, 0.928577, 0.992715]
13-Jun 11:50:18:INFO:root:Data trade shares: [0.960926, 0.936095, 0.990604]
13-Jun 11:50:18:INFO:root:US prices: [0.892933, 0.892326, 0.876888]
13-Jun 11:50:18:INFO:root:in the data: [2.54462, 2.53886, 2.53886]
13-Jun 11:50:18:INFO:root:Nominal world expenditure: 1.6109577594877446e7
13-Jun 11:50:18:INFO:root:--------------In the data: [4.29516e7]
13-Jun 11:50:18:INFO:root:--- Period 22 ---
13-Jun 11:50:18:INFO:root:BEGIN Outer loop
13-Jun 11:50:19:INFO:root:------ Middle 1: 0.0003343882448643786
13-Jun 11:50:19:INFO:root:------ Middle 2: 0.00018790175948473606
13-Jun 11:50:19:INFO:root:Starting from 1.645859276117072e-17
13-Jun 11:50:19:INFO:root:-- Outer 5: 0.0014099101996836397
13-Jun 11:50:19:INFO:root:------ Middle 1: 0.00020054924728853463
13-Jun 11:50:20:INFO:root:Starting from 1.901214302310221e-17
13-Jun 11:50:20:INFO:root:-- Outer 6: 0.001506373512721293
13-Jun 11:50:20:INFO:root:------ Middle 1: 0.00018790826570628006
13-Jun 11:50:20:INFO:root:Starting from 1.3725329826163313e-17
13-Jun 11:50:20:INFO:root:-- Outer 7: 0.0004744863197902084
13-Jun 11:50:20:INFO:root:END Outer loop
13-Jun 11:50:20:INFO:root:Model trade shares: [0.957024, 0.922555, 0.991443]
13-Jun 11:50:20:INFO:root:Data trade shares: [0.960491, 0.93458, 0.986591]
13-Jun 11:50:20:INFO:root:US prices: [0.877987, 0.862313, 0.866781]
13-Jun 11:50:20:INFO:root:in the data: [2.52256, 2.5595, 2.5595]
13-Jun 11:50:20:INFO:root:Nominal world expenditure: 1.6407191590255748e7
13-Jun 11:50:20:INFO:root:--------------In the data: [4.55098e7]
13-Jun 11:50:20:INFO:root:--- Period 23 ---
13-Jun 11:50:20:INFO:root:BEGIN Outer loop
13-Jun 11:50:24:INFO:root:------ Middle 1: 0.0047947257808149115
13-Jun 11:50:24:INFO:root:------ Middle 2: 0.002642950281767594
13-Jun 11:50:25:INFO:root:------ Middle 3: 0.0020214754940681536
13-Jun 11:50:25:INFO:root:------ Middle 4: 0.001120987194061561
13-Jun 11:50:25:INFO:root:------ Middle 1: 0.004776971018525202
13-Jun 11:50:25:INFO:root:------ Middle 2: 0.002634103439279627
13-Jun 11:50:26:INFO:root:------ Middle 5: 0.0009014646935632571
13-Jun 11:50:26:INFO:root:------ Middle 6: 0.0005019219920629679
13-Jun 11:50:27:INFO:root:------ Middle 7: 0.00039541912168453456
13-Jun 11:50:27:INFO:root:------ Middle 3: 0.0020198751495019195
13-Jun 11:50:27:INFO:root:------ Middle 8: 0.00023501815486000688
13-Jun 11:50:27:INFO:root:Starting from 1.1556508430222905e-17
13-Jun 11:50:27:INFO:root:-- Outer 1: 0.027311252359562724
13-Jun 11:50:27:INFO:root:------ Middle 4: 0.0011206460915345914
13-Jun 11:50:27:INFO:root:------ Middle 1: 0.002698948622292631
13-Jun 11:50:28:INFO:root:------ Middle 5: 0.0009022056380956135
13-Jun 11:50:28:INFO:root:------ Middle 6: 0.0005026946388123419
13-Jun 11:50:28:INFO:root:------ Middle 7: 0.00039504634188722884
13-Jun 11:50:28:INFO:root:------ Middle 8: 0.00023447194000638378
13-Jun 11:50:28:INFO:root:Starting from 1.2029337064403273e-17
13-Jun 11:50:28:INFO:root:-- Outer 1: 0.02720724024963299
13-Jun 11:50:28:INFO:root:------ Middle 1: 0.0028199209184477173
13-Jun 11:50:29:INFO:root:------ Middle 2: 0.0008874542200381656
13-Jun 11:50:29:INFO:root:------ Middle 3: 0.0004927198532505725
13-Jun 11:50:30:INFO:root:------ Middle 4: 0.0003656804777803046
13-Jun 11:50:30:INFO:root:------ Middle 5: 0.0002192973505704495
13-Jun 11:50:30:INFO:root:Starting from 2.1630071078623222e-17
13-Jun 11:50:30:INFO:root:-- Outer 2: 0.01287375555136789
13-Jun 11:50:30:INFO:root:------ Middle 1: 0.0005381414288219711
13-Jun 11:50:31:INFO:root:------ Middle 2: 0.0009150269677265873
13-Jun 11:50:31:INFO:root:------ Middle 3: 0.0005080467365030282
13-Jun 11:50:31:INFO:root:------ Middle 4: 0.0003759934420431067
13-Jun 11:50:31:INFO:root:------ Middle 5: 0.00022571120638365343
13-Jun 11:50:31:INFO:root:Starting from 1.5719085582303752e-17
13-Jun 11:50:31:INFO:root:-- Outer 2: 0.012816631980327182
13-Jun 11:50:31:INFO:root:------ Middle 1: 0.0005481248945615385
13-Jun 11:50:31:INFO:root:------ Middle 2: 0.0003602944795535503
13-Jun 11:50:31:INFO:root:------ Middle 3: 0.00020330246912305492
13-Jun 11:50:31:INFO:root:Starting from 1.3254630092464124e-17
13-Jun 11:50:31:INFO:root:-- Outer 3: 0.005445935841256092
13-Jun 11:50:32:INFO:root:------ Middle 1: 0.0002617837173390257
13-Jun 11:50:32:INFO:root:Starting from 1.2068257392394444e-17
13-Jun 11:50:32:INFO:root:-- Outer 4: 0.005475640213001068
13-Jun 11:50:33:INFO:root:------ Middle 2: 0.00035303304713457195
13-Jun 11:50:33:INFO:root:------ Middle 3: 0.000200212662240414
13-Jun 11:50:33:INFO:root:Starting from 1.7399669422667183e-17
13-Jun 11:50:33:INFO:root:-- Outer 3: 0.005456861583925574
13-Jun 11:50:33:INFO:root:------ Middle 1: 0.00025444129469219057
13-Jun 11:50:33:INFO:root:Starting from 1.8845448804534035e-17
13-Jun 11:50:33:INFO:root:-- Outer 4: 0.005464297203740731
13-Jun 11:50:33:INFO:root:------ Middle 1: 0.0003668413587850339
13-Jun 11:50:33:INFO:root:------ Middle 2: 0.00020502663027892164
13-Jun 11:50:33:INFO:root:Starting from 2.3780698712674198e-17
13-Jun 11:50:33:INFO:root:-- Outer 5: 0.001427650901002523
13-Jun 11:50:33:INFO:root:------ Middle 1: 0.00021875999259657162
13-Jun 11:50:33:INFO:root:Starting from 1.528476872756868e-17
13-Jun 11:50:33:INFO:root:-- Outer 6: 0.0015233856229211233
13-Jun 11:50:34:INFO:root:------ Middle 1: 0.00021088405849178558
13-Jun 11:50:34:INFO:root:Starting from 1.4846023751181398e-17
13-Jun 11:50:34:INFO:root:-- Outer 7: 0.0004924870605428642
13-Jun 11:50:34:INFO:root:END Outer loop
13-Jun 11:50:34:INFO:root:Model trade shares: [0.952591, 0.918187, 0.988992]
13-Jun 11:50:34:INFO:root:Data trade shares: [0.959588, 0.937566, 0.971212]
13-Jun 11:50:34:INFO:root:US prices: [1.01316, 0.943524, 0.955703]
13-Jun 11:50:34:INFO:root:in the data: [2.70826, 2.57595, 2.57595]
13-Jun 11:50:34:INFO:root:Nominal world expenditure: 1.7128465941424787e7
13-Jun 11:50:34:INFO:root:--------------In the data: [4.5848e7]
13-Jun 11:50:34:INFO:root:--- Period 24 ---
13-Jun 11:50:34:INFO:root:BEGIN Outer loop
13-Jun 11:50:35:INFO:root:------ Middle 1: 0.00033642616098837754
13-Jun 11:50:35:INFO:root:------ Middle 2: 0.00018855705733754528
13-Jun 11:50:35:INFO:root:Starting from 1.795108573730711e-17
13-Jun 11:50:35:INFO:root:-- Outer 5: 0.001410519385671716
13-Jun 11:50:35:INFO:root:------ Middle 1: 0.0001997372073596655
13-Jun 11:50:35:INFO:root:Starting from 2.000545480085058e-17
13-Jun 11:50:35:INFO:root:-- Outer 6: 0.0014987136382162854
13-Jun 11:50:35:INFO:root:------ Middle 1: 0.00018164153014846348
13-Jun 11:50:35:INFO:root:Starting from 1.7138957301054798e-17
13-Jun 11:50:35:INFO:root:-- Outer 7: 0.00047023532843674373
13-Jun 11:50:35:INFO:root:END Outer loop
13-Jun 11:50:35:INFO:root:Model trade shares: [0.950283, 0.91243, 0.988469]
13-Jun 11:50:35:INFO:root:Data trade shares: [0.955615, 0.931697, 0.991754]
13-Jun 11:50:35:INFO:root:US prices: [0.870697, 0.893047, 0.909401]
13-Jun 11:50:35:INFO:root:in the data: [2.59006, 2.59665, 2.59665]
13-Jun 11:50:35:INFO:root:Nominal world expenditure: 1.743522621088917e7
13-Jun 11:50:35:INFO:root:--------------In the data: [4.90999e7]
13-Jun 11:50:36:INFO:root:--- Period 25 ---
13-Jun 11:50:36:INFO:root:BEGIN Outer loop
13-Jun 11:50:39:INFO:root:------ Middle 1: 0.00458658304175243
13-Jun 11:50:39:INFO:root:------ Middle 2: 0.002529113332564807
13-Jun 11:50:41:INFO:root:------ Middle 3: 0.0019555917551082186
13-Jun 11:50:41:INFO:root:------ Middle 1: 0.004456866083486594
13-Jun 11:50:41:INFO:root:------ Middle 4: 0.0010851130822201035
13-Jun 11:50:41:INFO:root:------ Middle 2: 0.0024578090451047494
13-Jun 11:50:42:INFO:root:------ Middle 5: 0.000878363902105228
13-Jun 11:50:42:INFO:root:------ Middle 6: 0.0004893862576057606
13-Jun 11:50:42:INFO:root:------ Middle 3: 0.0018988585259329424
13-Jun 11:50:42:INFO:root:------ Middle 4: 0.001053685027178378
13-Jun 11:50:42:INFO:root:------ Middle 7: 0.0003849478765233006
13-Jun 11:50:42:INFO:root:------ Middle 8: 0.00023980103190098133
13-Jun 11:50:42:INFO:root:Starting from 1.2288860271835785e-17
13-Jun 11:50:42:INFO:root:-- Outer 1: 0.026409900832560784
13-Jun 11:50:42:INFO:root:------ Middle 1: 0.002763133332729864
13-Jun 11:50:43:INFO:root:------ Middle 5: 0.000853996277106271
13-Jun 11:50:43:INFO:root:------ Middle 6: 0.0004758313661888964
13-Jun 11:50:44:INFO:root:------ Middle 7: 0.0003749278289386801
13-Jun 11:50:44:INFO:root:------ Middle 8: 0.00022306964229777207
13-Jun 11:50:44:INFO:root:Starting from 1.1519091858949838e-17
13-Jun 11:50:44:INFO:root:-- Outer 1: 0.024752867891363457
13-Jun 11:50:44:INFO:root:------ Middle 1: 0.0026934903555079098
13-Jun 11:50:45:INFO:root:------ Middle 2: 0.0008927200744124376
13-Jun 11:50:45:INFO:root:------ Middle 3: 0.0004956906202292756
13-Jun 11:50:45:INFO:root:------ Middle 4: 0.0003676418037582399
13-Jun 11:50:45:INFO:root:------ Middle 5: 0.00022130934691917936
13-Jun 11:50:45:INFO:root:Starting from 1.857247650018261e-17
13-Jun 11:50:45:INFO:root:-- Outer 2: 0.012354762735274012
13-Jun 11:50:45:INFO:root:------ Middle 1: 0.0005063326012172838
13-Jun 11:50:46:INFO:root:------ Middle 2: 0.0008500888824422741
13-Jun 11:50:46:INFO:root:------ Middle 3: 0.0004723416020013032
13-Jun 11:50:46:INFO:root:------ Middle 4: 0.000350440750543015
13-Jun 11:50:46:INFO:root:------ Middle 5: 0.00021203822083722454
13-Jun 11:50:46:INFO:root:Starting from 1.5511304630250575e-17
13-Jun 11:50:46:INFO:root:-- Outer 2: 0.011819335118214331
13-Jun 11:50:46:INFO:root:------ Middle 1: 0.0005052525532706722
13-Jun 11:50:47:INFO:root:------ Middle 2: 0.0003338346093684006
13-Jun 11:50:47:INFO:root:------ Middle 3: 0.00018946993466943996
13-Jun 11:50:47:INFO:root:Starting from 1.629680685913563e-17
13-Jun 11:50:47:INFO:root:-- Outer 3: 0.005221411154271742
13-Jun 11:50:47:INFO:root:------ Middle 1: 0.0002067368469048616
13-Jun 11:50:47:INFO:root:Starting from 1.3298301664011574e-17
13-Jun 11:50:47:INFO:root:-- Outer 4: 0.00520453162296764
13-Jun 11:50:48:INFO:root:------ Middle 2: 0.00031621721746049713
13-Jun 11:50:48:INFO:root:------ Middle 3: 0.00018051255367943913
13-Jun 11:50:48:INFO:root:Starting from 1.471054419471196e-17
13-Jun 11:50:48:INFO:root:-- Outer 3: 0.005065989152723125
13-Jun 11:50:48:INFO:root:------ Middle 1: 0.00021722752197906917
13-Jun 11:50:48:INFO:root:Starting from 1.5336766043296425e-17
13-Jun 11:50:48:INFO:root:-- Outer 4: 0.005045474139367238
13-Jun 11:50:48:INFO:root:------ Middle 1: 0.0002740201933360483
13-Jun 11:50:49:INFO:root:Starting from 1.8924666186114755e-17
13-Jun 11:50:49:INFO:root:-- Outer 5: 0.0012388413018564676
13-Jun 11:50:49:INFO:root:------ Middle 1: 0.0002286998064724564
13-Jun 11:50:49:INFO:root:Starting from 1.5657953799610812e-17
13-Jun 11:50:49:INFO:root:-- Outer 6: 0.001278350853431751
13-Jun 11:50:49:INFO:root:------ Middle 1: 0.00018024483648984866
13-Jun 11:50:49:INFO:root:Starting from 1.4256790962589393e-17
13-Jun 11:50:49:INFO:root:-- Outer 7: 0.0004625917972834698
13-Jun 11:50:49:INFO:root:END Outer loop
13-Jun 11:50:49:INFO:root:Model trade shares: [0.947509, 0.909583, 0.988005]
13-Jun 11:50:49:INFO:root:Data trade shares: [0.950579, 0.929714, 0.991388]
13-Jun 11:50:49:INFO:root:US prices: [0.842104, 0.828825, 0.869638]
13-Jun 11:50:49:INFO:root:in the data: [2.71827, 2.64842, 2.64842]
13-Jun 11:50:49:INFO:root:Nominal world expenditure: 1.7924700961316917e7
13-Jun 11:50:49:INFO:root:--------------In the data: [5.43532e7]
13-Jun 11:50:49:INFO:root:--- Period 26 ---
13-Jun 11:50:49:INFO:root:BEGIN Outer loop
13-Jun 11:50:50:INFO:root:------ Middle 1: 0.0002777412417949457
13-Jun 11:50:50:INFO:root:Starting from 1.8404316369864207e-17
13-Jun 11:50:50:INFO:root:-- Outer 5: 0.001222060229244989
13-Jun 11:50:50:INFO:root:------ Middle 1: 0.0002320090199116155
13-Jun 11:50:50:INFO:root:Starting from 1.509544451182883e-17
13-Jun 11:50:50:INFO:root:-- Outer 6: 0.0012624840400874157
13-Jun 11:50:50:INFO:root:------ Middle 1: 0.00018542223233386035
13-Jun 11:50:50:INFO:root:Starting from 2.2844818316745493e-17
13-Jun 11:50:50:INFO:root:-- Outer 7: 0.0004649633276261663
13-Jun 11:50:50:INFO:root:END Outer loop
13-Jun 11:50:50:INFO:root:Model trade shares: [0.945605, 0.911065, 0.986231]
13-Jun 11:50:50:INFO:root:Data trade shares: [0.954902, 0.927282, 0.98849]
13-Jun 11:50:50:INFO:root:US prices: [0.859987, 0.827701, 0.816737]
13-Jun 11:50:50:INFO:root:in the data: [2.81662, 2.76323, 2.76323]
13-Jun 11:50:50:INFO:root:Nominal world expenditure: 1.784806599508039e7
13-Jun 11:50:50:INFO:root:--------------In the data: [5.52518e7]
13-Jun 11:50:50:INFO:root:--- Period 27 ---
13-Jun 11:50:50:INFO:root:BEGIN Outer loop
13-Jun 11:50:54:INFO:root:------ Middle 1: 0.004407868711942831
13-Jun 11:50:55:INFO:root:------ Middle 2: 0.0024302586187830333
13-Jun 11:50:55:INFO:root:------ Middle 1: 0.004224502220518305
13-Jun 11:50:56:INFO:root:------ Middle 2: 0.002329709747410881
13-Jun 11:50:56:INFO:root:------ Middle 3: 0.0018605071743725025
13-Jun 11:50:56:INFO:root:------ Middle 4: 0.0010322090885543902
13-Jun 11:50:57:INFO:root:------ Middle 3: 0.0017917892875119331
13-Jun 11:50:57:INFO:root:------ Middle 5: 0.0008331996163420754
13-Jun 11:50:57:INFO:root:------ Middle 4: 0.0009947061018735796
13-Jun 11:50:57:INFO:root:------ Middle 6: 0.0004644437052292719
13-Jun 11:50:57:INFO:root:------ Middle 7: 0.0003658518444381817
13-Jun 11:50:58:INFO:root:------ Middle 8: 0.00022873712385050121
13-Jun 11:50:58:INFO:root:Starting from 1.2314522152807733e-17
13-Jun 11:50:58:INFO:root:-- Outer 1: 0.023168222742590453
13-Jun 11:50:58:INFO:root:------ Middle 1: 0.002645983788850257
13-Jun 11:50:58:INFO:root:------ Middle 5: 0.0008089081166138567
13-Jun 11:50:58:INFO:root:------ Middle 6: 0.0004515260392197265
13-Jun 11:50:58:INFO:root:------ Middle 7: 0.00035810167869991966
13-Jun 11:50:59:INFO:root:------ Middle 8: 0.00022416171581854055
13-Jun 11:50:59:INFO:root:Starting from 1.1819746309119302e-17
13-Jun 11:50:59:INFO:root:-- Outer 1: 0.02157306584941576
13-Jun 11:50:59:INFO:root:------ Middle 1: 0.0025918666505873873
13-Jun 11:51:00:INFO:root:------ Middle 2: 0.0008411867712751542
13-Jun 11:51:00:INFO:root:------ Middle 3: 0.00046676237438382663
13-Jun 11:51:00:INFO:root:------ Middle 4: 0.0003455099590885029
13-Jun 11:51:00:INFO:root:------ Middle 5: 0.00020903953338421928
13-Jun 11:51:00:INFO:root:Starting from 2.0208710566125527e-17
13-Jun 11:51:00:INFO:root:-- Outer 2: 0.011129324789770634
13-Jun 11:51:00:INFO:root:------ Middle 1: 0.0005472155922598008
13-Jun 11:51:01:INFO:root:------ Middle 2: 0.0008072140904457001
13-Jun 11:51:01:INFO:root:------ Middle 3: 0.00044839220539420825
13-Jun 11:51:01:INFO:root:------ Middle 4: 0.00033278221614616157
13-Jun 11:51:01:INFO:root:------ Middle 5: 0.0002016692761860592
13-Jun 11:51:01:INFO:root:Starting from 2.2855591674074236e-17
13-Jun 11:51:01:INFO:root:-- Outer 2: 0.01053626178915245
13-Jun 11:51:01:INFO:root:------ Middle 1: 0.0005269346073275835
13-Jun 11:51:02:INFO:root:------ Middle 2: 0.0003191512240443513
13-Jun 11:51:02:INFO:root:------ Middle 3: 0.0001814888037057952
13-Jun 11:51:02:INFO:root:Starting from 1.9244328502302344e-17
13-Jun 11:51:02:INFO:root:-- Outer 3: 0.004862719617291547
13-Jun 11:51:02:INFO:root:------ Middle 1: 0.0002871906397772007
13-Jun 11:51:02:INFO:root:Starting from 1.7554053817937623e-17
13-Jun 11:51:02:INFO:root:-- Outer 4: 0.004893227202294782
13-Jun 11:51:03:INFO:root:------ Middle 2: 0.000305383511314909
13-Jun 11:51:03:INFO:root:------ Middle 3: 0.00017410139937015564
13-Jun 11:51:03:INFO:root:Starting from 2.2641544346691232e-17
13-Jun 11:51:03:INFO:root:-- Outer 3: 0.004604193211344109
13-Jun 11:51:03:INFO:root:------ Middle 1: 0.00026380414987565683
13-Jun 11:51:03:INFO:root:Starting from 1.5303414901156377e-17
13-Jun 11:51:03:INFO:root:-- Outer 4: 0.004622619680558361
13-Jun 11:51:04:INFO:root:------ Middle 1: 0.00035408157629963867
13-Jun 11:51:04:INFO:root:------ Middle 2: 0.0001978741850044746
13-Jun 11:51:04:INFO:root:Starting from 1.418221575920413e-17
13-Jun 11:51:04:INFO:root:-- Outer 5: 0.001282963447245856
13-Jun 11:51:04:INFO:root:------ Middle 1: 0.00020882483230718276
13-Jun 11:51:04:INFO:root:Starting from 1.447851153432246e-17
13-Jun 11:51:04:INFO:root:-- Outer 6: 0.001373770018732035
13-Jun 11:51:04:INFO:root:------ Middle 1: 0.00019960356206080192
13-Jun 11:51:04:INFO:root:Starting from 1.8240861828774308e-17
13-Jun 11:51:04:INFO:root:-- Outer 7: 0.000500606881300607
13-Jun 11:51:04:INFO:root:END Outer loop
13-Jun 11:51:04:INFO:root:Model trade shares: [0.944294, 0.913756, 0.981698]
13-Jun 11:51:04:INFO:root:Data trade shares: [0.951101, 0.932187, 0.983861]
13-Jun 11:51:04:INFO:root:US prices: [0.922351, 0.869106, 0.967932]
13-Jun 11:51:04:INFO:root:in the data: [2.96009, 2.78199, 2.78199]
13-Jun 11:51:04:INFO:root:Nominal world expenditure: 1.7692511449305616e7
13-Jun 11:51:04:INFO:root:--------------In the data: [5.49713e7]
13-Jun 11:51:04:INFO:root:--- Period 28 ---
13-Jun 11:51:04:INFO:root:BEGIN Outer loop
13-Jun 11:51:05:INFO:root:------ Middle 1: 0.00032169523729551027
13-Jun 11:51:05:INFO:root:------ Middle 2: 0.00018025955135663206
13-Jun 11:51:05:INFO:root:Starting from 1.5822763428095874e-17
13-Jun 11:51:05:INFO:root:-- Outer 5: 0.0011912834813196083
13-Jun 11:51:05:INFO:root:------ Middle 1: 0.0001911901191741114
13-Jun 11:51:05:INFO:root:Starting from 1.4683534558498908e-17
13-Jun 11:51:05:INFO:root:-- Outer 6: 0.0012770495995427461
13-Jun 11:51:05:INFO:root:------ Middle 1: 0.00017991317747254322
13-Jun 11:51:05:INFO:root:Starting from 1.1756684263030018e-17
13-Jun 11:51:05:INFO:root:-- Outer 7: 0.000472121415139271
13-Jun 11:51:05:INFO:root:END Outer loop
13-Jun 11:51:05:INFO:root:Model trade shares: [0.939877, 0.91329, 0.982036]
13-Jun 11:51:05:INFO:root:Data trade shares: [0.944757, 0.931965, 0.986375]
13-Jun 11:51:05:INFO:root:US prices: [0.856786, 0.838429, 0.814623]
13-Jun 11:51:05:INFO:root:in the data: [2.85731, 2.74066, 2.74066]
13-Jun 11:51:05:INFO:root:Nominal world expenditure: 1.730736549571662e7
13-Jun 11:51:05:INFO:root:--------------In the data: [5.4623e7]
13-Jun 11:51:05:INFO:root:--- Period 29 ---
13-Jun 11:51:05:INFO:root:BEGIN Outer loop
13-Jun 11:51:10:INFO:root:------ Middle 1: 0.004060947787807111
13-Jun 11:51:10:INFO:root:------ Middle 2: 0.0022397892310533564
13-Jun 11:51:11:INFO:root:------ Middle 1: 0.004229259755219604
13-Jun 11:51:11:INFO:root:------ Middle 2: 0.002331883673760988
13-Jun 11:51:11:INFO:root:------ Middle 3: 0.0017415996707215887
13-Jun 11:51:11:INFO:root:------ Middle 4: 0.0009664044478181783
13-Jun 11:51:12:INFO:root:------ Middle 5: 0.0007875338822231593
13-Jun 11:51:12:INFO:root:------ Middle 3: 0.0017950331546497747
13-Jun 11:51:12:INFO:root:------ Middle 6: 0.0004397882767752597
13-Jun 11:51:12:INFO:root:------ Middle 4: 0.000995585078865255
13-Jun 11:51:13:INFO:root:------ Middle 7: 0.00035047526383380343
13-Jun 11:51:13:INFO:root:------ Middle 8: 0.0002195004394632011
13-Jun 11:51:13:INFO:root:Starting from 1.1650278827958758e-17
13-Jun 11:51:13:INFO:root:-- Outer 1: 0.020679764266643072
13-Jun 11:51:13:INFO:root:------ Middle 1: 0.0025071649500305847
13-Jun 11:51:13:INFO:root:------ Middle 5: 0.0008038040247515914
13-Jun 11:51:13:INFO:root:------ Middle 6: 0.0004486340841606159
13-Jun 11:51:14:INFO:root:------ Middle 7: 0.00035576169117223713
13-Jun 11:51:14:INFO:root:------ Middle 8: 0.00022205289542031123
13-Jun 11:51:14:INFO:root:Starting from 1.1117018534111864e-17
13-Jun 11:51:14:INFO:root:-- Outer 1: 0.020986023359853723
13-Jun 11:51:14:INFO:root:------ Middle 1: 0.002583133572827389
13-Jun 11:51:15:INFO:root:------ Middle 2: 0.0007671416247176767
13-Jun 11:51:15:INFO:root:------ Middle 3: 0.00042659662087161286
13-Jun 11:51:15:INFO:root:------ Middle 4: 0.0003178791989448531
13-Jun 11:51:15:INFO:root:------ Middle 5: 0.0001937972213521533
13-Jun 11:51:15:INFO:root:Starting from 1.9688070617618202e-17
13-Jun 11:51:15:INFO:root:-- Outer 2: 0.010175071211588005
13-Jun 11:51:16:INFO:root:------ Middle 1: 0.0004809192796727867
13-Jun 11:51:16:INFO:root:------ Middle 2: 0.0008099982636394744
13-Jun 11:51:16:INFO:root:------ Middle 3: 0.0004499168224156945
13-Jun 11:51:16:INFO:root:------ Middle 4: 0.000334903811847915
13-Jun 11:51:17:INFO:root:------ Middle 5: 0.00020371387403659625
13-Jun 11:51:17:INFO:root:Starting from 1.84557833594024e-17
13-Jun 11:51:17:INFO:root:-- Outer 2: 0.010310314154913585
13-Jun 11:51:17:INFO:root:------ Middle 1: 0.0005142292110992065
13-Jun 11:51:17:INFO:root:------ Middle 2: 0.0002956026366810838
13-Jun 11:51:17:INFO:root:Starting from 1.432831918732399e-17
13-Jun 11:51:17:INFO:root:-- Outer 3: 0.004443849161934841
13-Jun 11:51:17:INFO:root:------ Middle 1: 0.00022131766925574084
13-Jun 11:51:17:INFO:root:Starting from 1.4066105201217748e-17
13-Jun 11:51:17:INFO:root:-- Outer 4: 0.004521979092563486
13-Jun 11:51:18:INFO:root:------ Middle 2: 0.0003025720674872508
13-Jun 11:51:18:INFO:root:------ Middle 3: 0.00017263268793632605
13-Jun 11:51:18:INFO:root:Starting from 1.621751390731762e-17
13-Jun 11:51:18:INFO:root:-- Outer 3: 0.004503544965369032
13-Jun 11:51:18:INFO:root:------ Middle 1: 0.00024843026869452
13-Jun 11:51:18:INFO:root:Starting from 1.636573350045091e-17
13-Jun 11:51:18:INFO:root:-- Outer 4: 0.0045136376910897185
13-Jun 11:51:19:INFO:root:------ Middle 1: 0.00030208203821275144
13-Jun 11:51:19:INFO:root:------ Middle 2: 0.00017044555140836713
13-Jun 11:51:19:INFO:root:Starting from 1.6494104605230335e-17
13-Jun 11:51:19:INFO:root:-- Outer 5: 0.001151531723109217
13-Jun 11:51:19:INFO:root:------ Middle 1: 0.00017493203034828656
13-Jun 11:51:19:INFO:root:Starting from 2.2338232723630804e-17
13-Jun 11:51:19:INFO:root:-- Outer 6: 0.001240558365361813
13-Jun 11:51:20:INFO:root:------ Middle 1: 0.00016453026919778995
13-Jun 11:51:20:INFO:root:Starting from 2.6855943594960178e-17
13-Jun 11:51:20:INFO:root:-- Outer 7: 0.00047361563315722526
13-Jun 11:51:20:INFO:root:END Outer loop
13-Jun 11:51:20:INFO:root:Model trade shares: [0.938874, 0.916502, 0.98187]
13-Jun 11:51:20:INFO:root:Data trade shares: [0.943324, 0.928045, 0.988948]
13-Jun 11:51:20:INFO:root:US prices: [0.866241, 0.814121, 0.904342]
13-Jun 11:51:20:INFO:root:in the data: [2.94743, 2.7898, 2.7898]
13-Jun 11:51:20:INFO:root:Nominal world expenditure: 1.7391728817099486e7
13-Jun 11:51:20:INFO:root:--------------In the data: [5.65242e7]
13-Jun 11:51:20:INFO:root:--- Period 30 ---
13-Jun 11:51:20:INFO:root:BEGIN Outer loop
13-Jun 11:51:20:INFO:root:------ Middle 1: 0.0003088551794466353
13-Jun 11:51:20:INFO:root:------ Middle 2: 0.0001731334326357537
13-Jun 11:51:20:INFO:root:Starting from 1.669170294083525e-17
13-Jun 11:51:20:INFO:root:-- Outer 5: 0.001190050367278012
13-Jun 11:51:20:INFO:root:------ Middle 1: 0.00018369726855731424
13-Jun 11:51:20:INFO:root:Starting from 1.736248414157414e-17
13-Jun 11:51:20:INFO:root:-- Outer 6: 0.0012702159325211797
13-Jun 11:51:21:INFO:root:------ Middle 1: 0.00017162187785096114
13-Jun 11:51:21:INFO:root:Starting from 2.0064359084410926e-17
13-Jun 11:51:21:INFO:root:-- Outer 7: 0.0004603463085730098
13-Jun 11:51:21:INFO:root:END Outer loop
13-Jun 11:51:21:INFO:root:Model trade shares: [0.944836, 0.917397, 0.983664]
13-Jun 11:51:21:INFO:root:Data trade shares: [0.949239, 0.924453, 0.987338]
13-Jun 11:51:21:INFO:root:US prices: [0.919885, 0.853763, 0.866934]
13-Jun 11:51:21:INFO:root:in the data: [2.95883, 2.79593, 2.79593]
13-Jun 11:51:21:INFO:root:Nominal world expenditure: 1.8179270559459463e7
13-Jun 11:51:21:INFO:root:--------------In the data: [5.8302e7]
13-Jun 11:51:21:INFO:root:--- Period 31 ---
13-Jun 11:51:21:INFO:root:BEGIN Outer loop
13-Jun 11:51:25:INFO:root:------ Middle 1: 0.004541376242410663
13-Jun 11:51:25:INFO:root:------ Middle 2: 0.002503627819447053
13-Jun 11:51:26:INFO:root:------ Middle 1: 0.004963158261470453
13-Jun 11:51:26:INFO:root:------ Middle 2: 0.00273621801197194
13-Jun 11:51:26:INFO:root:------ Middle 3: 0.0019013940444597135
13-Jun 11:51:26:INFO:root:------ Middle 4: 0.0010545996558140236
13-Jun 11:51:27:INFO:root:------ Middle 3: 0.002037717214616392
13-Jun 11:51:27:INFO:root:------ Middle 4: 0.001129427598989663
13-Jun 11:51:27:INFO:root:------ Middle 5: 0.0008460241235633547
13-Jun 11:51:28:INFO:root:------ Middle 6: 0.0004715975318369473
13-Jun 11:51:28:INFO:root:------ Middle 7: 0.0003704503810624931
13-Jun 11:51:28:INFO:root:------ Middle 5: 0.0008859021047390456
13-Jun 11:51:28:INFO:root:------ Middle 8: 0.0002305997485600877
13-Jun 11:51:28:INFO:root:Starting from 1.1355332567202691e-17
13-Jun 11:51:28:INFO:root:-- Outer 1: 0.022202771714311165
13-Jun 11:51:28:INFO:root:------ Middle 6: 0.0004934536126465583
13-Jun 11:51:28:INFO:root:------ Middle 1: 0.0027202379361941182
13-Jun 11:51:29:INFO:root:------ Middle 7: 0.00038251556931813874
13-Jun 11:51:29:INFO:root:------ Middle 8: 0.00022814802168190547
13-Jun 11:51:29:INFO:root:Starting from 1.1679172345627853e-17
13-Jun 11:51:29:INFO:root:-- Outer 1: 0.023794012063034324
13-Jun 11:51:29:INFO:root:------ Middle 1: 0.0028702219850020925
13-Jun 11:51:30:INFO:root:------ Middle 2: 0.0008634228867046536
13-Jun 11:51:30:INFO:root:------ Middle 3: 0.0004793418945576297
13-Jun 11:51:31:INFO:root:------ Middle 2: 0.0009236998867732195
13-Jun 11:51:31:INFO:root:------ Middle 4: 0.00035488547600475193
13-Jun 11:51:31:INFO:root:------ Middle 3: 0.0005130450721763333
13-Jun 11:51:31:INFO:root:------ Middle 5: 0.00021679771747767438
13-Jun 11:51:31:INFO:root:Starting from 2.2781902811777807e-17
13-Jun 11:51:31:INFO:root:-- Outer 2: 0.010757420392003985
13-Jun 11:51:31:INFO:root:------ Middle 1: 0.0005343024442993817
13-Jun 11:51:31:INFO:root:------ Middle 4: 0.0003778253403868931
13-Jun 11:51:31:INFO:root:------ Middle 5: 0.00022933755272528224
13-Jun 11:51:31:INFO:root:Starting from 1.3116719093310117e-17
13-Jun 11:51:31:INFO:root:-- Outer 2: 0.01148655454997231
13-Jun 11:51:31:INFO:root:------ Middle 1: 0.0005830631061493566
13-Jun 11:51:32:INFO:root:------ Middle 2: 0.00031632498335549164
13-Jun 11:51:32:INFO:root:------ Middle 3: 0.00018016274510310187
13-Jun 11:51:32:INFO:root:Starting from 1.438501253482974e-17
13-Jun 11:51:32:INFO:root:-- Outer 3: 0.004670315368028656
13-Jun 11:51:33:INFO:root:------ Middle 1: 0.00025770279980936566
13-Jun 11:51:33:INFO:root:Starting from 1.2744681300993243e-17
13-Jun 11:51:33:INFO:root:-- Outer 4: 0.004670525582025129
13-Jun 11:51:33:INFO:root:------ Middle 2: 0.00033131287142647715
13-Jun 11:51:33:INFO:root:------ Middle 3: 0.00018871317385592376
13-Jun 11:51:33:INFO:root:Starting from 2.0756515475069505e-17
13-Jun 11:51:33:INFO:root:-- Outer 3: 0.005022008789976292
13-Jun 11:51:33:INFO:root:------ Middle 1: 0.0003061953443224443
13-Jun 11:51:34:INFO:root:------ Middle 2: 0.0002139713032518833
13-Jun 11:51:34:INFO:root:Starting from 1.8244192125191198e-17
13-Jun 11:51:34:INFO:root:-- Outer 4: 0.00205949176045106
13-Jun 11:51:34:INFO:root:------ Middle 1: 0.00023306981203260509
13-Jun 11:51:34:INFO:root:Starting from 1.7937027454557915e-17
13-Jun 11:51:34:INFO:root:-- Outer 5: 0.0020468585869811698
13-Jun 11:51:34:INFO:root:------ Middle 1: 0.00031155039981111353
13-Jun 11:51:34:INFO:root:------ Middle 2: 0.00017458163469422316
13-Jun 11:51:34:INFO:root:Starting from 1.613750825502733e-17
13-Jun 11:51:34:INFO:root:-- Outer 5: 0.0012387563942590223
13-Jun 11:51:34:INFO:root:------ Middle 1: 0.00018545461814234717
13-Jun 11:51:34:INFO:root:Starting from 2.150319256527537e-17
13-Jun 11:51:34:INFO:root:-- Outer 6: 0.0013202757487469482
13-Jun 11:51:35:INFO:root:------ Middle 1: 0.0002524548402906129
13-Jun 11:51:35:INFO:root:Starting from 1.7314864802538307e-17
13-Jun 11:51:35:INFO:root:-- Outer 6: 0.000557450839010553
13-Jun 11:51:35:INFO:root:END Outer loop
13-Jun 11:51:35:INFO:root:Model trade shares: [0.93734, 0.902567, 0.976632]
13-Jun 11:51:35:INFO:root:Data trade shares: [0.946294, 0.923226, 0.982471]
13-Jun 11:51:35:INFO:root:US prices: [0.854813, 0.913551, 0.916989]
13-Jun 11:51:35:INFO:root:in the data: [2.69951, 2.89119, 2.89119]
13-Jun 11:51:35:INFO:root:Nominal world expenditure: 2.043797915738645e7
13-Jun 11:51:35:INFO:root:--------------In the data: [5.96564e7]
13-Jun 11:51:35:INFO:root:--- Period 32 ---
13-Jun 11:51:35:INFO:root:BEGIN Outer loop
13-Jun 11:51:35:INFO:root:------ Middle 1: 0.00017239154468129197
13-Jun 11:51:35:INFO:root:Starting from 1.3943741578087518e-17
13-Jun 11:51:35:INFO:root:-- Outer 7: 0.0004611658974839644
13-Jun 11:51:35:INFO:root:END Outer loop
13-Jun 11:51:35:INFO:root:Model trade shares: [0.94559, 0.915969, 0.985026]
13-Jun 11:51:35:INFO:root:Data trade shares: [0.951781, 0.9268, 0.989231]
13-Jun 11:51:35:INFO:root:US prices: [0.957022, 0.937016, 0.96992]
13-Jun 11:51:35:INFO:root:in the data: [2.94894, 2.90959, 2.90959]
13-Jun 11:51:35:INFO:root:Nominal world expenditure: 1.942546079324588e7
13-Jun 11:51:35:INFO:root:--------------In the data: [5.76528e7]
13-Jun 11:51:35:INFO:root:--- Period 33 ---
13-Jun 11:51:35:INFO:root:BEGIN Outer loop
13-Jun 11:51:40:INFO:root:------ Middle 1: 0.005223691486549965
13-Jun 11:51:40:INFO:root:------ Middle 1: 0.005375025273521762
13-Jun 11:51:40:INFO:root:------ Middle 2: 0.002879917341850273
13-Jun 11:51:40:INFO:root:------ Middle 2: 0.0029638150727976115
13-Jun 11:51:41:INFO:root:------ Middle 3: 0.002131126984832578
13-Jun 11:51:41:INFO:root:------ Middle 3: 0.0021870081657384553
13-Jun 11:51:41:INFO:root:------ Middle 4: 0.0011806674959786536
13-Jun 11:51:41:INFO:root:------ Middle 4: 0.0012114664013463119
13-Jun 11:51:42:INFO:root:------ Middle 5: 0.0009369267757302776
13-Jun 11:51:42:INFO:root:------ Middle 5: 0.0009229713889737001
13-Jun 11:51:42:INFO:root:------ Middle 6: 0.0005193683476392279
13-Jun 11:51:42:INFO:root:------ Middle 6: 0.0005136403089087695
13-Jun 11:51:42:INFO:root:------ Middle 7: 0.0003616648960336806
13-Jun 11:51:42:INFO:root:------ Middle 7: 0.0003615478985460323
13-Jun 11:51:42:INFO:root:------ Middle 8: 0.0002318144491320128
13-Jun 11:51:42:INFO:root:Starting from 1.2090871141144825e-17
13-Jun 11:51:42:INFO:root:-- Outer 1: 0.025712531882223676
13-Jun 11:51:42:INFO:root:------ Middle 8: 0.00023194258075625985
13-Jun 11:51:42:INFO:root:Starting from 1.250860440524984e-17
13-Jun 11:51:42:INFO:root:-- Outer 1: 0.02522319865878043
13-Jun 11:51:42:INFO:root:------ Middle 1: 0.003171224187333063
13-Jun 11:51:42:INFO:root:------ Middle 1: 0.00313139664551915
13-Jun 11:51:44:INFO:root:------ Middle 2: 0.001025043384855074
13-Jun 11:51:44:INFO:root:------ Middle 3: 0.0005700135841886195
13-Jun 11:51:44:INFO:root:------ Middle 2: 0.000989840178197221
13-Jun 11:51:44:INFO:root:------ Middle 3: 0.0005500081066956593
13-Jun 11:51:44:INFO:root:------ Middle 4: 0.0004156392941419184
13-Jun 11:51:44:INFO:root:------ Middle 5: 0.00025243762534701744
13-Jun 11:51:44:INFO:root:Starting from 1.7794811144293777e-17
13-Jun 11:51:44:INFO:root:-- Outer 2: 0.012182917897551845
13-Jun 11:51:44:INFO:root:------ Middle 4: 0.0004024731203522956
13-Jun 11:51:45:INFO:root:------ Middle 1: 0.0005952765995876261
13-Jun 11:51:45:INFO:root:------ Middle 5: 0.00024426446089931503
13-Jun 11:51:45:INFO:root:Starting from 1.7217711138302733e-17
13-Jun 11:51:45:INFO:root:-- Outer 2: 0.012159275368354889
13-Jun 11:51:45:INFO:root:------ Middle 1: 0.0007770476436757836
13-Jun 11:51:46:INFO:root:------ Middle 2: 0.0003477605939169823
13-Jun 11:51:46:INFO:root:------ Middle 3: 0.00019842028742000375
13-Jun 11:51:46:INFO:root:Starting from 1.9900088172491294e-17
13-Jun 11:51:46:INFO:root:-- Outer 3: 0.005304967082695123
13-Jun 11:51:46:INFO:root:------ Middle 2: 0.0003689213406075087
13-Jun 11:51:46:INFO:root:------ Middle 1: 0.00031818224782802776
13-Jun 11:51:46:INFO:root:------ Middle 3: 0.00020882487782545014
13-Jun 11:51:46:INFO:root:Starting from 1.7015544357647724e-17
13-Jun 11:51:46:INFO:root:-- Outer 3: 0.005501731281182224
13-Jun 11:51:46:INFO:root:------ Middle 1: 0.00046938376437292447
13-Jun 11:51:47:INFO:root:------ Middle 2: 0.00022839734198924853
13-Jun 11:51:47:INFO:root:Starting from 2.272775352594009e-17
13-Jun 11:51:47:INFO:root:-- Outer 4: 0.002207550827206168
13-Jun 11:51:47:INFO:root:------ Middle 1: 0.0002524583798992736
13-Jun 11:51:47:INFO:root:Starting from 1.2125567609706764e-17
13-Jun 11:51:47:INFO:root:------ Middle 2: 0.00025972455409433587
13-Jun 11:51:47:INFO:root:-- Outer 5: 0.002206049205901289
13-Jun 11:51:47:INFO:root:Starting from 1.4514264366234375e-17
13-Jun 11:51:47:INFO:root:-- Outer 4: 0.002479293349165841
13-Jun 11:51:47:INFO:root:------ Middle 1: 0.0003618585987449545
13-Jun 11:51:48:INFO:root:------ Middle 1: 0.0002884583228106943
13-Jun 11:51:48:INFO:root:Starting from 1.5088770833229988e-17
13-Jun 11:51:48:INFO:root:-- Outer 6: 0.0007379068651446559
13-Jun 11:51:48:INFO:root:END Outer loop
13-Jun 11:51:48:INFO:root:------ Middle 2: 0.000192136586396446
13-Jun 11:51:48:INFO:root:Starting from 1.4571732228673746e-17
13-Jun 11:51:48:INFO:root:-- Outer 5: 0.0014138118448160993
13-Jun 11:51:48:INFO:root:Model trade shares: [0.949425, 0.900293, 0.977208]
13-Jun 11:51:48:INFO:root:Data trade shares: [0.95528, 0.914832, 0.982791]
13-Jun 11:51:48:INFO:root:US prices: [0.937527, 0.882689, 0.921553]
13-Jun 11:51:48:INFO:root:in the data: [3.32883, 3.15407, 3.15407]
13-Jun 11:51:48:INFO:root:Nominal world expenditure: 2.5049758983268432e7
13-Jun 11:51:48:INFO:root:--------------In the data: [7.56745e7]
13-Jun 11:51:48:INFO:root:------ Middle 1: 0.000270988411032661
13-Jun 11:51:48:INFO:root:Starting from 2.0135046982979913e-17
13-Jun 11:51:48:INFO:root:-- Outer 6: 0.0014736444665892062
13-Jun 11:51:48:INFO:root:--- Period 34 ---
13-Jun 11:51:48:INFO:root:BEGIN Outer loop
13-Jun 11:51:48:INFO:root:------ Middle 1: 0.0002988422259915888
13-Jun 11:51:48:INFO:root:Starting from 2.145876570640419e-17
13-Jun 11:51:48:INFO:root:-- Outer 7: 0.0005592464392762388
13-Jun 11:51:48:INFO:root:END Outer loop
13-Jun 11:51:48:INFO:root:Model trade shares: [0.94311, 0.895075, 0.979066]
13-Jun 11:51:48:INFO:root:Data trade shares: [0.95138, 0.919234, 0.983181]
13-Jun 11:51:48:INFO:root:US prices: [0.94097, 0.904002, 0.953184]
13-Jun 11:51:48:INFO:root:in the data: [3.11354, 3.01039, 3.01039]
13-Jun 11:51:48:INFO:root:Nominal world expenditure: 2.3225032187923983e7
13-Jun 11:51:48:INFO:root:--------------In the data: [6.70931e7]
13-Jun 11:51:48:INFO:root:--- Period 35 ---
13-Jun 11:51:48:INFO:root:BEGIN Outer loop
13-Jun 11:51:52:INFO:root:------ Middle 1: 0.0052568357789962725
13-Jun 11:51:52:INFO:root:------ Middle 2: 0.0028988388123708003
13-Jun 11:51:53:INFO:root:------ Middle 1: 0.0051540275597081
13-Jun 11:51:53:INFO:root:------ Middle 2: 0.002842033668540584
13-Jun 11:51:53:INFO:root:------ Middle 3: 0.0021376195237020963
13-Jun 11:51:53:INFO:root:------ Middle 4: 0.001183861588631316
13-Jun 11:51:54:INFO:root:------ Middle 3: 0.00207436178513506
13-Jun 11:51:54:INFO:root:------ Middle 4: 0.0011485362332443849
13-Jun 11:51:54:INFO:root:------ Middle 5: 0.0009209222164163552
13-Jun 11:51:54:INFO:root:------ Middle 6: 0.0005106947193497842
13-Jun 11:51:55:INFO:root:------ Middle 5: 0.00089031055104368
13-Jun 11:51:55:INFO:root:------ Middle 7: 0.00035688096690585417
13-Jun 11:51:55:INFO:root:------ Middle 6: 0.0004936030273545656
13-Jun 11:51:55:INFO:root:------ Middle 8: 0.000228936895009097
13-Jun 11:51:55:INFO:root:Starting from 1.1567748379334223e-17
13-Jun 11:51:55:INFO:root:-- Outer 1: 0.025046153074381714
13-Jun 11:51:55:INFO:root:------ Middle 1: 0.0030140189520983553
13-Jun 11:51:55:INFO:root:------ Middle 7: 0.0003428787191507682
13-Jun 11:51:55:INFO:root:------ Middle 8: 0.00022069563354916333
13-Jun 11:51:55:INFO:root:Starting from 1.2356397988227047e-17
13-Jun 11:51:55:INFO:root:-- Outer 1: 0.022827918565932935
13-Jun 11:51:55:INFO:root:------ Middle 1: 0.0026940976183633687
13-Jun 11:51:56:INFO:root:------ Middle 2: 0.0009683335909392175
13-Jun 11:51:56:INFO:root:------ Middle 3: 0.0005380314599772005
13-Jun 11:51:57:INFO:root:------ Middle 2: 0.0008180388065138033
13-Jun 11:51:57:INFO:root:------ Middle 3: 0.0004557241942818665
13-Jun 11:51:57:INFO:root:------ Middle 4: 0.0003919380904762643
13-Jun 11:51:57:INFO:root:------ Middle 5: 0.0002385210720810709
13-Jun 11:51:57:INFO:root:Starting from 1.600251734358139e-17
13-Jun 11:51:57:INFO:root:-- Outer 2: 0.011942754583763775
13-Jun 11:51:57:INFO:root:------ Middle 1: 0.0005921469452936826
13-Jun 11:51:57:INFO:root:------ Middle 4: 0.0003335302040192312
13-Jun 11:51:57:INFO:root:------ Middle 5: 0.00020314106511054244
13-Jun 11:51:57:INFO:root:Starting from 1.6430143688608415e-17
13-Jun 11:51:57:INFO:root:-- Outer 2: 0.011161572594813129
13-Jun 11:51:57:INFO:root:------ Middle 1: 0.0006427680912381608
13-Jun 11:51:58:INFO:root:------ Middle 2: 0.0003402805150605297
13-Jun 11:51:59:INFO:root:------ Middle 3: 0.00019469464873180284
13-Jun 11:51:59:INFO:root:Starting from 1.4291429233854325e-17
13-Jun 11:51:59:INFO:root:-- Outer 3: 0.005311516850244709
13-Jun 11:51:59:INFO:root:------ Middle 2: 0.0003254047149413307
13-Jun 11:51:59:INFO:root:------ Middle 1: 0.00034026279378961187
13-Jun 11:51:59:INFO:root:------ Middle 3: 0.00018616677360831644
13-Jun 11:51:59:INFO:root:Starting from 1.9160038763510758e-17
13-Jun 11:51:59:INFO:root:-- Outer 3: 0.005092554081728942
13-Jun 11:51:59:INFO:root:------ Middle 1: 0.00036935365045697105
13-Jun 11:52:00:INFO:root:------ Middle 2: 0.00024024368403937756
13-Jun 11:52:00:INFO:root:Starting from 1.7829874193873354e-17
13-Jun 11:52:00:INFO:root:-- Outer 4: 0.002273197954967081
13-Jun 11:52:00:INFO:root:------ Middle 1: 0.00028098128799880923
13-Jun 11:52:00:INFO:root:------ Middle 2: 0.00023049152426230245
13-Jun 11:52:00:INFO:root:Starting from 1.4700917892245026e-17
13-Jun 11:52:00:INFO:root:Starting from 1.6517063038917092e-17
13-Jun 11:52:00:INFO:root:-- Outer 5: 0.0022713788843932124
13-Jun 11:52:00:INFO:root:-- Outer 4: 0.0023147332043539624
13-Jun 11:52:00:INFO:root:------ Middle 1: 0.0002891596887117687
13-Jun 11:52:00:INFO:root:Starting from 1.0633063885962189e-17
13-Jun 11:52:00:INFO:root:-- Outer 5: 0.002360135361500763
13-Jun 11:52:00:INFO:root:------ Middle 1: 0.0003276007941155025
13-Jun 11:52:00:INFO:root:------ Middle 1: 0.00032500748027665334
13-Jun 11:52:01:INFO:root:------ Middle 2: 0.00019015818332962904
13-Jun 11:52:01:INFO:root:Starting from 1.8728672891348928e-17
13-Jun 11:52:01:INFO:root:-- Outer 6: 0.0008398435971070865
13-Jun 11:52:01:INFO:root:END Outer loop
13-Jun 11:52:01:INFO:root:Model trade shares: [0.95448, 0.894069, 0.971093]
13-Jun 11:52:01:INFO:root:Data trade shares: [0.956446, 0.911974, 0.985299]
13-Jun 11:52:01:INFO:root:US prices: [1.085, 0.909805, 1.05221]
13-Jun 11:52:01:INFO:root:in the data: [3.74316, 3.20378, 3.20378]
13-Jun 11:52:01:INFO:root:Nominal world expenditure: 2.6509311209464412e7
13-Jun 11:52:01:INFO:root:--------------In the data: [8.18345e7]
13-Jun 11:52:01:INFO:root:--- Period 36 ---
13-Jun 11:52:01:INFO:root:BEGIN Outer loop
13-Jun 11:52:01:INFO:root:------ Middle 2: 0.0001887185039950405
13-Jun 11:52:01:INFO:root:Starting from 1.971847592726191e-17
13-Jun 11:52:01:INFO:root:-- Outer 6: 0.000851668833842438
13-Jun 11:52:01:INFO:root:END Outer loop
13-Jun 11:52:01:INFO:root:Model trade shares: [0.959763, 0.888545, 0.961295]
13-Jun 11:52:01:INFO:root:Data trade shares: [0.954831, 0.902146, 0.983572]
13-Jun 11:52:01:INFO:root:US prices: [1.17579, 0.963003, 1.14859]
13-Jun 11:52:01:INFO:root:in the data: [3.88449, 3.20236, 3.20236]
13-Jun 11:52:01:INFO:root:Nominal world expenditure: 2.9800251445314854e7
13-Jun 11:52:01:INFO:root:--------------In the data: [8.8489e7]
13-Jun 11:52:05:INFO:root:------ Middle 1: 0.004533649805967607
13-Jun 11:52:05:INFO:root:------ Middle 2: 0.002499567707173487
13-Jun 11:52:07:INFO:root:------ Middle 3: 0.0018531890283662404
13-Jun 11:52:07:INFO:root:------ Middle 4: 0.001025501515432701
13-Jun 11:52:07:INFO:root:------ Middle 5: 0.0008082296003171526
13-Jun 11:52:08:INFO:root:------ Middle 6: 0.00044908578476621805
13-Jun 11:52:08:INFO:root:------ Middle 7: 0.0003139877960777862
13-Jun 11:52:08:INFO:root:------ Middle 8: 0.00020504814816779357
13-Jun 11:52:08:INFO:root:Starting from 1.2154873765693041e-17
13-Jun 11:52:08:INFO:root:-- Outer 1: 0.019310374577351335
13-Jun 11:52:08:INFO:root:------ Middle 1: 0.002359427064652134
13-Jun 11:52:09:INFO:root:------ Middle 2: 0.0007069482316217692
13-Jun 11:52:10:INFO:root:------ Middle 3: 0.0003917654909662527
13-Jun 11:52:10:INFO:root:------ Middle 4: 0.00028534041927545634
13-Jun 11:52:10:INFO:root:Starting from 1.5882555428480236e-17
13-Jun 11:52:10:INFO:root:-- Outer 2: 0.009643333185948904
13-Jun 11:52:10:INFO:root:------ Middle 1: 0.0004664202187419543
13-Jun 11:52:11:INFO:root:------ Middle 2: 0.00028310011181593737
13-Jun 11:52:11:INFO:root:Starting from 1.3573770354192587e-17
13-Jun 11:52:11:INFO:root:-- Outer 3: 0.004281849191456947
13-Jun 11:52:11:INFO:root:------ Middle 1: 0.00023664085716766756
13-Jun 11:52:11:INFO:root:Starting from 1.8783802341271103e-17
13-Jun 11:52:11:INFO:root:-- Outer 4: 0.0042324456788396326
13-Jun 11:52:13:INFO:root:------ Middle 1: 0.00028658576298215907
13-Jun 11:52:13:INFO:root:Starting from 2.186409451650073e-17
13-Jun 11:52:13:INFO:root:-- Outer 5: 0.0010167703181381943
13-Jun 11:52:13:INFO:root:------ Middle 1: 0.00023297316596733984
13-Jun 11:52:13:INFO:root:Starting from 1.4577390745654275e-17
13-Jun 11:52:13:INFO:root:-- Outer 6: 0.0010738709029048615
13-Jun 11:52:13:INFO:root:------ Middle 1: 0.00020631004154328029
13-Jun 11:52:13:INFO:root:Starting from 1.4522020570936992e-17
13-Jun 11:52:13:INFO:root:-- Outer 7: 0.0005070226182351094
13-Jun 11:52:13:INFO:root:END Outer loop
13-Jun 11:52:13:INFO:root:Model trade shares: [0.954994, 0.883491, 0.979509]
13-Jun 11:52:13:INFO:root:Data trade shares: [0.955026, 0.900005, 0.981768]
13-Jun 11:52:13:INFO:root:US prices: [1.27485, 1.02407, 1.10927]
13-Jun 11:52:13:INFO:root:in the data: [4.23838, 3.41193, 3.41193]
13-Jun 11:52:13:INFO:root:Nominal world expenditure: 3.3571438982395604e7
13-Jun 11:52:13:INFO:root:--------------In the data: [9.98292e7]
272.688056 seconds (913.97 k allocations: 656.617 MiB, 0.09% gc time)
