WARNING: Method definition warn(Any...) in module Base at util.jl:589 overwritten in module Logging at //////////////////////////////////////////////////////usr/local/julia/JuliaPro-0.6.3.1/JuliaPro/pkgs-0.6.3.1/v0.6/Logging/src/Logging.jl:115.
WARNING: Method definition info(Any...) in module Base at util.jl:534 overwritten in module Logging at //////////////////////////////////////////////////////usr/local/julia/JuliaPro-0.6.3.1/JuliaPro/pkgs-0.6.3.1/v0.6/Logging/src/Logging.jl:115.
WARNING: Method definition WARNIAny...) in module Base at uAny...) in module Base at util.jl: inWARNING: Method definiti in module Bas) in module B in module at util.jl:534 overwritten in modul(Any...) WARNING: Method definition in ovAny...) in module Base at util.jl:534 overwritten in module Logging at //////////////////////////////////////////////////////usr/local/julia/JuliaPro-0.6.3.1/J overwritten in module Lo at u at ////////////////// in module Logging at //////////////////////////////////////////////////////usr/local/julia/JuliaPro-0.6.3.1/JuliaPro/pkgs-0.6.3.1/v0.6/Logging/src/Logging.jl:115.
30-Nov 14:28:02:INFO:root:--- Period 6 ---
30-Nov 14:28:02:INFO:root:--- Period 3 ---
30-Nov 14:28:02:INFO:root:--- Period 1 ---
30-Nov 14:28:02:INFO:root:--- Period 8 ---
30-Nov 14:28:02:INFO:root:--- Period 2 ---
30-Nov 14:28:02:INFO:root:--- Period 4 ---
30-Nov 14:28:03:INFO:root:--- Period 5 ---
30-Nov 14:28:03:INFO:root:--- Period 10 ---
30-Nov 14:28:03:INFO:root:--- Period 9 ---
30-Nov 14:28:03:INFO:root:--- Period 11 ---
30-Nov 14:28:03:INFO:root:--- Period 7 ---
30-Nov 14:28:03:INFO:root:--- Period 12 ---
30-Nov 14:28:14:INFO:root:BEGIN Outer loop
30-Nov 14:28:14:INFO:root:BEGIN Outer loop
30-Nov 14:28:14:INFO:root:BEGIN Outer loop
30-Nov 14:28:14:INFO:root:BEGIN Outer loop
30-Nov 14:28:15:INFO:root:BEGIN Outer loop
30-Nov 14:28:15:INFO:root:BEGIN Outer loop
30-Nov 14:28:16:INFO:root:BEGIN Outer loop
30-Nov 14:28:16:INFO:root:BEGIN Outer loop
30-Nov 14:28:18:INFO:root:BEGIN Outer loop
30-Nov 14:28:18:INFO:root:BEGIN Outer loop
30-Nov 14:28:18:INFO:root:BEGIN Outer loop
30-Nov 14:28:18:INFO:root:BEGIN Outer loop
30-Nov 14:28:24:INFO:root:------ Middle 1: 0.005542193749704117
30-Nov 14:28:24:INFO:root:------ Middle 2: 0.003058989126129315
30-Nov 14:28:25:INFO:root:------ Middle 3: 0.0023518166783741993
30-Nov 14:28:25:INFO:root:------ Middle 4: 0.0013024790505560579
30-Nov 14:28:25:INFO:root:------ Middle 5: 0.0010305923459188603
30-Nov 14:28:25:INFO:root:------ Middle 6: 0.000572637546224174
30-Nov 14:28:25:INFO:root:------ Middle 7: 0.0004607297579615868
30-Nov 14:28:25:INFO:root:------ Middle 8: 0.00027633316309093385
30-Nov 14:28:26:INFO:root:Starting from 1.6675659419160997e-17
30-Nov 14:28:28:INFO:root:-- Outer 1: 0.039532166193428954
30-Nov 14:28:28:INFO:root:------ Middle 1: 0.002837910095460833
30-Nov 14:28:28:INFO:root:------ Middle 2: 0.0009071232738145019
30-Nov 14:28:28:INFO:root:------ Middle 3: 0.0005036134123965319
30-Nov 14:28:28:INFO:root:------ Middle 4: 0.0003606490867374744
30-Nov 14:28:28:INFO:root:------ Middle 5: 0.00021778341714952557
30-Nov 14:28:28:INFO:root:Starting from 1.3849606601367538e-17
30-Nov 14:28:28:INFO:root:-- Outer 2: 0.01797392837358642
30-Nov 14:28:28:INFO:root:------ Middle 1: 0.0005786461151602391
30-Nov 14:28:29:INFO:root:------ Middle 2: 0.00036437661796420744
30-Nov 14:28:29:INFO:root:------ Middle 3: 0.00020532618254956228
30-Nov 14:28:29:INFO:root:Starting from 1.0771574922840387e-17
30-Nov 14:28:29:INFO:root:-- Outer 3: 0.0074407444007311505
30-Nov 14:28:29:INFO:root:------ Middle 1: 0.00017934985157055003
30-Nov 14:28:29:INFO:root:Starting from 1.23824648141534e-17
30-Nov 14:28:29:INFO:root:-- Outer 4: 0.007491961425532922
30-Nov 14:28:29:INFO:root:------ Middle 1: 0.0002413313964349901
30-Nov 14:28:29:INFO:root:Starting from 7.604821056322484e-18
30-Nov 14:28:29:INFO:root:-- Outer 5: 0.0018127490798568464
30-Nov 14:28:29:INFO:root:------ Middle 1: 0.0002067562689017855
30-Nov 14:28:29:INFO:root:Starting from 7.602162376248164e-18
30-Nov 14:28:29:INFO:root:-- Outer 6: 0.0018380310134085665
30-Nov 14:28:29:INFO:root:------ Middle 1: 0.00013612541435425776
30-Nov 14:28:29:INFO:root:Starting from 1.2443734826753218e-17
30-Nov 14:28:29:INFO:root:-- Outer 7: 0.00037029997008747393
30-Nov 14:28:29:INFO:root:END Outer loop
30-Nov 14:28:30:INFO:root:Model trade shares: [0.970573, 0.940909, 0.995662]
30-Nov 14:28:30:INFO:root:Data trade shares: [0.970499, 0.941882, 0.994321]
30-Nov 14:28:30:INFO:root:US prices: [1.00874, 1.00746, 1.00583]
30-Nov 14:28:30:INFO:root:in the data: [1.0, 1.0, 1.0]
30-Nov 14:28:30:INFO:root:Nominal world expenditure: 8.207740550926821e6
30-Nov 14:28:30:INFO:root:--------------In the data: [8.33469e6]
30-Nov 14:28:32:INFO:root:--- Period 13 ---
30-Nov 14:28:32:INFO:root:BEGIN Outer loop
30-Nov 14:28:57:INFO:root:------ Middle 1: 0.005259156691417805
30-Nov 14:28:58:INFO:root:------ Middle 2: 0.002901032148918873
30-Nov 14:28:59:INFO:root:------ Middle 1: 0.005375321900627353
30-Nov 14:29:00:INFO:root:------ Middle 2: 0.002965853601186631
30-Nov 14:29:01:INFO:root:------ Middle 1: 0.005047022823634318
30-Nov 14:29:02:INFO:root:------ Middle 2: 0.002781919834752314
30-Nov 14:29:03:INFO:root:------ Middle 1: 0.00480989320119568
30-Nov 14:29:03:INFO:root:------ Middle 1: 0.005176310765309372
30-Nov 14:29:04:INFO:root:------ Middle 2: 0.0026511144724740915
30-Nov 14:29:04:INFO:root:------ Middle 2: 0.0028547211320066883
30-Nov 14:29:06:INFO:root:------ Middle 3: 0.002189085384647534
30-Nov 14:29:07:INFO:root:------ Middle 4: 0.0012134497159972852
30-Nov 14:29:09:INFO:root:------ Middle 1: 0.00412037842318026
30-Nov 14:29:09:INFO:root:------ Middle 1: 0.00503901435140647
30-Nov 14:29:09:INFO:root:------ Middle 3: 0.0022472895411871367
30-Nov 14:29:09:INFO:root:------ Middle 2: 0.0022714111886445215
30-Nov 14:29:09:INFO:root:------ Middle 2: 0.0027783265943633144
30-Nov 14:29:10:INFO:root:------ Middle 1: 0.004337740488734222
30-Nov 14:29:10:INFO:root:------ Middle 4: 0.0012462172871279891
30-Nov 14:29:10:INFO:root:------ Middle 2: 0.002391152815819887
30-Nov 14:29:10:INFO:root:------ Middle 1: 0.004919360860114847
30-Nov 14:29:11:INFO:root:------ Middle 3: 0.002072360637794654
30-Nov 14:29:11:INFO:root:------ Middle 2: 0.0027114152777292394
30-Nov 14:29:11:INFO:root:------ Middle 4: 0.0011469326377038472
30-Nov 14:29:12:INFO:root:------ Middle 3: 0.0019837824469865263
30-Nov 14:29:13:INFO:root:------ Middle 4: 0.0010976799688171977
30-Nov 14:29:13:INFO:root:------ Middle 3: 0.0021333798133478378
30-Nov 14:29:13:INFO:root:------ Middle 1: 0.004583696875549436
30-Nov 14:29:13:INFO:root:------ Middle 4: 0.00118152192316198
30-Nov 14:29:13:INFO:root:------ Middle 2: 0.0025266512451957387
30-Nov 14:29:14:INFO:root:------ Middle 1: 0.004021150527842939
30-Nov 14:29:14:INFO:root:------ Middle 2: 0.0022165340281072015
30-Nov 14:29:15:INFO:root:------ Middle 5: 0.0009679853206419621
30-Nov 14:29:15:INFO:root:------ Middle 6: 0.0005371576255605653
30-Nov 14:29:17:INFO:root:------ Middle 1: 0.004004363056168238
30-Nov 14:29:17:INFO:root:------ Middle 5: 0.000994729799178726
30-Nov 14:29:18:INFO:root:------ Middle 2: 0.002206976667795793
30-Nov 14:29:18:INFO:root:------ Middle 3: 0.0020805557586307775
30-Nov 14:29:18:INFO:root:------ Middle 6: 0.0005524428293436871
30-Nov 14:29:18:INFO:root:------ Middle 4: 0.0011518521715588748
30-Nov 14:29:19:INFO:root:------ Middle 5: 0.0009160719423102901
30-Nov 14:29:19:INFO:root:------ Middle 3: 0.001736518734456454
30-Nov 14:29:19:INFO:root:------ Middle 3: 0.0018139226882436506
30-Nov 14:29:19:INFO:root:------ Middle 7: 0.00043532570873743183
30-Nov 14:29:19:INFO:root:------ Middle 3: 0.0020240440192467505
30-Nov 14:29:19:INFO:root:------ Middle 6: 0.0005080484323348747
30-Nov 14:29:19:INFO:root:------ Middle 4: 0.0009624247882572934
30-Nov 14:29:20:INFO:root:------ Middle 4: 0.0010050035336222245
30-Nov 14:29:20:INFO:root:------ Middle 8: 0.0002461813245225285
30-Nov 14:29:20:INFO:root:------ Middle 5: 0.000881793896859993
30-Nov 14:29:20:INFO:root:------ Middle 4: 0.0011201042771753352
30-Nov 14:29:20:INFO:root:------ Middle 6: 0.0004889181110618603
30-Nov 14:29:21:INFO:root:Starting from 1.1901899624801298e-17
30-Nov 14:29:21:INFO:root:------ Middle 5: 0.0009441285912658737
30-Nov 14:29:21:INFO:root:------ Middle 7: 0.0004462391984227691
30-Nov 14:29:21:INFO:root:------ Middle 3: 0.0019021838102581427
30-Nov 14:29:22:INFO:root:-- Outer 1: 0.03367547359242497
30-Nov 14:29:22:INFO:root:------ Middle 6: 0.0005239597729413753
30-Nov 14:29:22:INFO:root:------ Middle 4: 0.001052809458887408
30-Nov 14:29:23:INFO:root:------ Middle 7: 0.00041420400568318894
30-Nov 14:29:23:INFO:root:------ Middle 8: 0.0002682257902651298
30-Nov 14:29:24:INFO:root:------ Middle 7: 0.0004018811636748652
30-Nov 14:29:24:INFO:root:Starting from 1.2299469914553288e-17
30-Nov 14:29:25:INFO:root:------ Middle 8: 0.00024815121411442856
30-Nov 14:29:25:INFO:root:-- Outer 1: 0.03638609922887199
30-Nov 14:29:25:INFO:root:------ Middle 7: 0.0004247194547700983
30-Nov 14:29:26:INFO:root:Starting from 1.2314756743669702e-17
30-Nov 14:29:26:INFO:root:------ Middle 1: 0.0025817351433850754
30-Nov 14:29:26:INFO:root:------ Middle 8: 0.00024057152253525546
30-Nov 14:29:26:INFO:root:------ Middle 5: 0.0009230127864886913
30-Nov 14:29:26:INFO:root:------ Middle 8: 0.00024041493392756955
30-Nov 14:29:26:INFO:root:------ Middle 3: 0.0017158788949413013
30-Nov 14:29:26:INFO:root:-- Outer 1: 0.028904508827514205
30-Nov 14:29:27:INFO:root:------ Middle 6: 0.0005120160467465363
30-Nov 14:29:27:INFO:root:Starting from 1.2291194305078063e-17
30-Nov 14:29:27:INFO:root:------ Middle 5: 0.0007785383186595349
30-Nov 14:29:27:INFO:root:Starting from 1.2342779802018036e-17
30-Nov 14:29:27:INFO:root:------ Middle 4: 0.0009484217608703995
30-Nov 14:29:27:INFO:root:------ Middle 1: 0.002628016761662342
30-Nov 14:29:27:INFO:root:------ Middle 5: 0.0008967537305204416
30-Nov 14:29:28:INFO:root:-- Outer 1: 0.02649158597668666
30-Nov 14:29:28:INFO:root:------ Middle 6: 0.0004324671335512275
30-Nov 14:29:28:INFO:root:------ Middle 5: 0.0008130720700984689
30-Nov 14:29:28:INFO:root:-- Outer 1: 0.031625089840892164
30-Nov 14:29:28:INFO:root:------ Middle 6: 0.0004973095630236782
30-Nov 14:29:28:INFO:root:------ Middle 6: 0.0004511033300306907
30-Nov 14:29:28:INFO:root:------ Middle 1: 0.0026446160843141553
30-Nov 14:29:30:INFO:root:------ Middle 3: 0.001710041542500283
30-Nov 14:29:30:INFO:root:------ Middle 5: 0.0008519975022158822
30-Nov 14:29:30:INFO:root:------ Middle 4: 0.0009452712667317304
30-Nov 14:29:30:INFO:root:------ Middle 7: 0.0003414293345983077
30-Nov 14:29:30:INFO:root:------ Middle 6: 0.00047261031014105416
30-Nov 14:29:30:INFO:root:------ Middle 7: 0.00041704670740119667
30-Nov 14:29:31:INFO:root:------ Middle 8: 0.0002058115695887211
30-Nov 14:29:32:INFO:root:------ Middle 7: 0.0004068264975266603
30-Nov 14:29:32:INFO:root:------ Middle 7: 0.00037418930425579165
30-Nov 14:29:32:INFO:root:Starting from 1.2666129937940288e-17
30-Nov 14:29:33:INFO:root:------ Middle 8: 0.00025025485030675816
30-Nov 14:29:33:INFO:root:-- Outer 1: 0.02409465557375958
30-Nov 14:29:34:INFO:root:Starting from 1.2313726180817001e-17
30-Nov 14:29:34:INFO:root:------ Middle 8: 0.00024333153668257585
30-Nov 14:29:34:INFO:root:------ Middle 8: 0.00022519568559657441
30-Nov 14:29:34:INFO:root:-- Outer 1: 0.0300867482898728
30-Nov 14:29:35:INFO:root:------ Middle 5: 0.0007589045671759523
30-Nov 14:29:35:INFO:root:Starting from 1.2229594581416874e-17
30-Nov 14:29:35:INFO:root:Starting from 1.1835303565972274e-17
30-Nov 14:29:35:INFO:root:------ Middle 6: 0.0004215570028946783
30-Nov 14:29:36:INFO:root:------ Middle 1: 0.0025906164095543917
30-Nov 14:29:36:INFO:root:-- Outer 1: 0.027733428429538923
30-Nov 14:29:36:INFO:root:------ Middle 8: 0.00023439964064597192
30-Nov 14:29:36:INFO:root:-- Outer 1: 0.024336283228678975
30-Nov 14:29:37:INFO:root:------ Middle 1: 0.00264294171469724
30-Nov 14:29:37:INFO:root:------ Middle 1: 0.002594906433488401
30-Nov 14:29:37:INFO:root:Starting from 1.226200304040921e-17
30-Nov 14:29:38:INFO:root:------ Middle 1: 0.00041951701827039334
30-Nov 14:29:38:INFO:root:------ Middle 5: 0.0007582956457306496
30-Nov 14:29:38:INFO:root:------ Middle 7: 0.00033297269484146346
30-Nov 14:29:38:INFO:root:-- Outer 1: 0.02520279442071344
30-Nov 14:29:39:INFO:root:------ Middle 2: 0.00022896496261951856
30-Nov 14:29:39:INFO:root:Starting from 1.34200732924931e-17
30-Nov 14:29:39:INFO:root:-- Outer 2: 0.014837673379038444
30-Nov 14:29:39:INFO:root:------ Middle 6: 0.0004214244886647934
30-Nov 14:29:39:INFO:root:------ Middle 8: 0.0001994564743991293
30-Nov 14:29:40:INFO:root:------ Middle 1: 0.0025441325088068536
30-Nov 14:29:40:INFO:root:------ Middle 2: 0.0006908235282776305
30-Nov 14:29:40:INFO:root:Starting from 1.2113948923772752e-17
30-Nov 14:29:40:INFO:root:------ Middle 2: 0.0006786488786103013
30-Nov 14:29:41:INFO:root:------ Middle 3: 0.00038659828911799776
30-Nov 14:29:41:INFO:root:------ Middle 3: 0.0003791849420665462
30-Nov 14:29:41:INFO:root:-- Outer 1: 0.0244251666784817
30-Nov 14:29:42:INFO:root:------ Middle 7: 0.00033435302009078165
30-Nov 14:29:42:INFO:root:------ Middle 2: 0.0008080870904570587
30-Nov 14:29:42:INFO:root:------ Middle 8: 0.00019941244009986757
30-Nov 14:29:43:INFO:root:Starting from 1.273627459158684e-17
30-Nov 14:29:43:INFO:root:------ Middle 1: 0.0006696934834611671
30-Nov 14:29:43:INFO:root:-- Outer 1: 0.024944212582675193
30-Nov 14:29:43:INFO:root:------ Middle 3: 0.00044944773356313163
30-Nov 14:29:43:INFO:root:------ Middle 4: 0.00025465570971181455
30-Nov 14:29:43:INFO:root:Starting from 1.3146472555928649e-17
30-Nov 14:29:43:INFO:root:-- Outer 2: 0.014063307318817575
30-Nov 14:29:43:INFO:root:Starting from 1.2486690300702362e-17
30-Nov 14:29:43:INFO:root:-- Outer 2: 0.013171999678244548
30-Nov 14:29:43:INFO:root:------ Middle 2: 0.0003661863418098503
30-Nov 14:29:44:INFO:root:------ Middle 1: 0.0027349218449826164
30-Nov 14:29:44:INFO:root:------ Middle 1: 0.0008343244411819159
30-Nov 14:29:44:INFO:root:------ Middle 1: 0.0008095160582044246
30-Nov 14:29:45:INFO:root:------ Middle 4: 0.00029288955489256853
30-Nov 14:29:45:INFO:root:Starting from 1.447302520897257e-17
30-Nov 14:29:45:INFO:root:-- Outer 2: 0.01676719339033028
30-Nov 14:29:46:INFO:root:------ Middle 1: 0.0005164629500436627
30-Nov 14:29:46:INFO:root:------ Middle 3: 0.00023247127794311844
30-Nov 14:29:46:INFO:root:Starting from 1.7022992679789025e-17
30-Nov 14:29:46:INFO:root:-- Outer 2: 0.014308281377513533
30-Nov 14:29:47:INFO:root:------ Middle 1: 0.0008510785607429093
30-Nov 14:29:49:INFO:root:------ Middle 2: 0.0005930609242727535
30-Nov 14:29:49:INFO:root:------ Middle 2: 0.0006914617054355373
30-Nov 14:29:49:INFO:root:------ Middle 2: 0.0006841030166653603
30-Nov 14:29:49:INFO:root:------ Middle 1: 0.0009193551935973743
30-Nov 14:29:50:INFO:root:------ Middle 3: 0.0003319878272717493
30-Nov 14:29:50:INFO:root:------ Middle 3: 0.00038742636253577263
30-Nov 14:29:50:INFO:root:------ Middle 3: 0.0003824815575514615
30-Nov 14:29:50:INFO:root:------ Middle 1: 0.0003301575513630213
30-Nov 14:29:50:INFO:root:------ Middle 2: 0.0005038746059502868
30-Nov 14:29:51:INFO:root:------ Middle 2: 0.00018105082459391622
30-Nov 14:29:51:INFO:root:Starting from 1.3478913310370676e-17
30-Nov 14:29:51:INFO:root:-- Outer 3: 0.006384371615513787
30-Nov 14:29:51:INFO:root:------ Middle 2: 0.0006286431760113778
30-Nov 14:29:52:INFO:root:------ Middle 4: 0.00022073752478394968
30-Nov 14:29:52:INFO:root:Starting from 1.8227965644175035e-17
30-Nov 14:29:52:INFO:root:-- Outer 2: 0.012468179788012193
30-Nov 14:29:52:INFO:root:------ Middle 4: 0.0002565767608110831
30-Nov 14:29:52:INFO:root:Starting from 1.4589837343632347e-17
30-Nov 14:29:52:INFO:root:-- Outer 2: 0.014494074900813777
30-Nov 14:29:52:INFO:root:------ Middle 3: 0.00035156081305303175
30-Nov 14:29:52:INFO:root:------ Middle 4: 0.00025038860543301925
30-Nov 14:29:52:INFO:root:Starting from 1.5913165464596598e-17
30-Nov 14:29:52:INFO:root:-- Outer 2: 0.013647095961998116
30-Nov 14:29:52:INFO:root:------ Middle 2: 0.000384084113688395
30-Nov 14:29:53:INFO:root:------ Middle 1: 0.0008211418342342441
30-Nov 14:29:53:INFO:root:------ Middle 1: 0.0007838165619335713
30-Nov 14:29:53:INFO:root:------ Middle 1: 0.000835455461815509
30-Nov 14:29:53:INFO:root:------ Middle 3: 0.0003217730119810754
30-Nov 14:29:53:INFO:root:------ Middle 3: 0.00021656914811163922
30-Nov 14:29:53:INFO:root:Starting from 1.7165517021961372e-17
30-Nov 14:29:53:INFO:root:-- Outer 3: 0.006158266211814502
30-Nov 14:29:53:INFO:root:------ Middle 2: 0.00039482308253279504
30-Nov 14:29:54:INFO:root:------ Middle 4: 0.00018117946498364074
30-Nov 14:29:54:INFO:root:Starting from 1.891556312045263e-17
30-Nov 14:29:54:INFO:root:-- Outer 2: 0.011703127955269753
30-Nov 14:29:54:INFO:root:------ Middle 1: 0.00043803858508961496
30-Nov 14:29:54:INFO:root:------ Middle 3: 0.0002229546529444157
30-Nov 14:29:54:INFO:root:Starting from 1.6635483849527915e-17
30-Nov 14:29:54:INFO:root:-- Outer 3: 0.006424031774332399
30-Nov 14:29:54:INFO:root:------ Middle 4: 0.00023208332700328
30-Nov 14:29:54:INFO:root:Starting from 1.7876486009283666e-17
30-Nov 14:29:54:INFO:root:-- Outer 2: 0.012676955590998547
30-Nov 14:29:55:INFO:root:------ Middle 1: 0.0008869737217431605
30-Nov 14:29:55:INFO:root:------ Middle 1: 0.0004295332326053361
30-Nov 14:29:55:INFO:root:------ Middle 1: 0.0008092417424984273
30-Nov 14:29:56:INFO:root:------ Middle 2: 0.0003048933861825316
30-Nov 14:29:57:INFO:root:------ Middle 3: 0.00017038772069882644
30-Nov 14:29:57:INFO:root:Starting from 1.6228316865285762e-17
30-Nov 14:29:57:INFO:root:-- Outer 3: 0.006853412974231926
30-Nov 14:29:58:INFO:root:------ Middle 2: 0.00039320781714285877
30-Nov 14:29:58:INFO:root:------ Middle 1: 0.00042353567824870005
30-Nov 14:29:58:INFO:root:------ Middle 1: 0.0009195963667463001
30-Nov 14:29:59:INFO:root:------ Middle 2: 0.0006361818111197935
30-Nov 14:29:59:INFO:root:------ Middle 3: 0.00022224522130066693
30-Nov 14:29:59:INFO:root:Starting from 1.292196111607687e-17
30-Nov 14:29:59:INFO:root:-- Outer 3: 0.006959047423099621
30-Nov 14:29:59:INFO:root:------ Middle 2: 0.0005042716051906053
30-Nov 14:30:00:INFO:root:------ Middle 3: 0.0003540076741228992
30-Nov 14:30:00:INFO:root:------ Middle 1: 0.00018215624636681868
30-Nov 14:30:00:INFO:root:Starting from 1.3251324993332939e-17
30-Nov 14:30:00:INFO:root:-- Outer 4: 0.006971195192643236
30-Nov 14:30:00:INFO:root:------ Middle 1: 0.0002468081757229665
30-Nov 14:30:00:INFO:root:Starting from 1.3086787120185734e-17
30-Nov 14:30:00:INFO:root:-- Outer 4: 0.002737629790279774
30-Nov 14:30:01:INFO:root:------ Middle 1: 0.000256883030523503
30-Nov 14:30:01:INFO:root:Starting from 1.404708056023995e-17
30-Nov 14:30:01:INFO:root:-- Outer 5: 0.002811964023850852
30-Nov 14:30:02:INFO:root:------ Middle 4: 0.00023428728764890243
30-Nov 14:30:02:INFO:root:Starting from 1.554102854654842e-17
30-Nov 14:30:02:INFO:root:-- Outer 2: 0.012917476372380976
30-Nov 14:30:02:INFO:root:------ Middle 3: 0.0003209325995602676
30-Nov 14:30:02:INFO:root:------ Middle 2: 0.0003914414337736034
30-Nov 14:30:03:INFO:root:------ Middle 1: 0.0008343771001691812
30-Nov 14:30:03:INFO:root:------ Middle 4: 0.00018048169209688043
30-Nov 14:30:03:INFO:root:Starting from 1.9808986176623646e-17
30-Nov 14:30:03:INFO:root:-- Outer 2: 0.011802949743128836
30-Nov 14:30:03:INFO:root:------ Middle 2: 0.0002569481432204303
30-Nov 14:30:03:INFO:root:Starting from 1.5163511545113412e-17
30-Nov 14:30:03:INFO:root:-- Outer 4: 0.002838152144625941
30-Nov 14:30:03:INFO:root:------ Middle 3: 0.0002207457189517074
30-Nov 14:30:03:INFO:root:Starting from 1.885433419000571e-17
30-Nov 14:30:03:INFO:root:------ Middle 2: 0.00035258699628641367
30-Nov 14:30:03:INFO:root:-- Outer 3: 0.006325491072118533
30-Nov 14:30:03:INFO:root:------ Middle 2: 0.00026268220295253794
30-Nov 14:30:03:INFO:root:Starting from 1.4550185031873008e-17
30-Nov 14:30:03:INFO:root:-- Outer 4: 0.0028755511171587264
30-Nov 14:30:03:INFO:root:------ Middle 2: 0.0003976638991149489
30-Nov 14:30:04:INFO:root:------ Middle 1: 0.0008729067096572708
30-Nov 14:30:04:INFO:root:------ Middle 1: 0.0003168765418113308
30-Nov 14:30:04:INFO:root:------ Middle 1: 0.00044077605425552204
30-Nov 14:30:04:INFO:root:------ Middle 3: 0.0001998135118801409
30-Nov 14:30:04:INFO:root:Starting from 1.424595124964201e-17
30-Nov 14:30:04:INFO:root:-- Outer 3: 0.005860500514477177
30-Nov 14:30:04:INFO:root:------ Middle 1: 0.00031286906940396355
30-Nov 14:30:04:INFO:root:------ Middle 3: 0.00022470747038472777
30-Nov 14:30:04:INFO:root:Starting from 1.3378659757319888e-17
30-Nov 14:30:04:INFO:root:-- Outer 3: 0.006556572237679275
30-Nov 14:30:04:INFO:root:------ Middle 2: 0.0002706010662712604
30-Nov 14:30:04:INFO:root:Starting from 1.4553862318404545e-17
30-Nov 14:30:04:INFO:root:-- Outer 3: 0.006133442945496716
30-Nov 14:30:05:INFO:root:------ Middle 1: 0.000409429428061265
30-Nov 14:30:05:INFO:root:------ Middle 2: 0.000369529362858122
30-Nov 14:30:05:INFO:root:------ Middle 1: 0.0004194391023435652
30-Nov 14:30:05:INFO:root:------ Middle 1: 0.0004932419769142565
30-Nov 14:30:05:INFO:root:------ Middle 1: 0.0002420780089804736
30-Nov 14:30:05:INFO:root:Starting from 1.8132542384433057e-17
30-Nov 14:30:05:INFO:root:-- Outer 6: 0.0006783317953433308
30-Nov 14:30:05:INFO:root:END Outer loop
30-Nov 14:30:06:INFO:root:------ Middle 3: 0.00020903956912089484
30-Nov 14:30:06:INFO:root:Starting from 1.505228356141834e-17
30-Nov 14:30:06:INFO:root:-- Outer 3: 0.005899562182434574
30-Nov 14:30:06:INFO:root:------ Middle 2: 0.0002311644733436367
30-Nov 14:30:06:INFO:root:Starting from 1.5689064690430296e-17
30-Nov 14:30:06:INFO:root:-- Outer 4: 0.0031226183574352352
30-Nov 14:30:06:INFO:root:------ Middle 1: 0.00041317947342709685
30-Nov 14:30:07:INFO:root:Model trade shares: [0.972619, 0.929199, 0.992921]
30-Nov 14:30:07:INFO:root:Data trade shares: [0.973362, 0.938447, 0.994052]
30-Nov 14:30:07:INFO:root:US prices: [1.23373, 1.16377, 1.20211]
30-Nov 14:30:07:INFO:root:in the data: [1.46789, 1.34924, 1.34924]
30-Nov 14:30:07:INFO:root:------ Middle 1: 0.00029838680822347256
30-Nov 14:30:07:INFO:root:Starting from 1.2324661577724813e-17
30-Nov 14:30:07:INFO:root:-- Outer 5: 0.0033736288332604594
30-Nov 14:30:07:INFO:root:------ Middle 2: 0.00018868270834061787
30-Nov 14:30:07:INFO:root:Starting from 1.4977503929124345e-17
30-Nov 14:30:07:INFO:root:-- Outer 5: 0.001658447875888197
30-Nov 14:30:07:INFO:root:Nominal world expenditure: 9.180784557869727e6
30-Nov 14:30:08:INFO:root:------ Middle 2: 0.00018652546870678998
30-Nov 14:30:08:INFO:root:Starting from 1.7660028695561295e-17
30-Nov 14:30:08:INFO:root:-- Outer 5: 0.0016687181669241638
30-Nov 14:30:08:INFO:root:------ Middle 1: 0.00023488827847424984
30-Nov 14:30:08:INFO:root:Starting from 1.3665041400484927e-17
30-Nov 14:30:08:INFO:root:-- Outer 6: 0.001778312821024644
30-Nov 14:30:09:INFO:root:------ Middle 1: 0.0002371327696933764
30-Nov 14:30:09:INFO:root:Starting from 2.039549612452018e-17
30-Nov 14:30:09:INFO:root:-- Outer 6: 0.0017920285121901225
30-Nov 14:30:08:INFO:root:--------------In the data: [1.15794e7]
30-Nov 14:30:09:INFO:root:------ Middle 2: 0.00023297381731427478
30-Nov 14:30:09:INFO:root:Starting from 1.345987636870332e-17
30-Nov 14:30:09:INFO:root:-- Outer 4: 0.003270724506410304
30-Nov 14:30:09:INFO:root:--- Period 14 ---
30-Nov 14:30:09:INFO:root:BEGIN Outer loop
30-Nov 14:30:11:INFO:root:------ Middle 1: 0.0002535804783539384
30-Nov 14:30:11:INFO:root:Starting from 1.2766245360897218e-17
30-Nov 14:30:11:INFO:root:-- Outer 5: 0.0017191382051894755
30-Nov 14:30:12:INFO:root:------ Middle 1: 0.0003484420083177179
30-Nov 14:30:12:INFO:root:------ Middle 2: 0.00026109308301586605
30-Nov 14:30:12:INFO:root:Starting from 1.61247726474267e-17
30-Nov 14:30:12:INFO:root:-- Outer 4: 0.002890059003702858
30-Nov 14:30:12:INFO:root:------ Middle 1: 0.0002538556977447101
30-Nov 14:30:12:INFO:root:Starting from 2.0600636533484852e-17
30-Nov 14:30:12:INFO:root:-- Outer 7: 0.0006574791484847177
30-Nov 14:30:12:INFO:root:END Outer loop
30-Nov 14:30:12:INFO:root:------ Middle 2: 0.00023639869244293401
30-Nov 14:30:12:INFO:root:------ Middle 1: 0.00021419412835883765
30-Nov 14:30:12:INFO:root:Starting from 1.9141156527255152e-17
30-Nov 14:30:12:INFO:root:-- Outer 4: 0.0026545043467435625
30-Nov 14:30:12:INFO:root:Starting from 1.5321227651671636e-17
30-Nov 14:30:12:INFO:root:-- Outer 6: 0.0017565084417561327
30-Nov 14:30:12:INFO:root:------ Middle 1: 0.0002563067471280514
30-Nov 14:30:12:INFO:root:Starting from 1.4540757882640508e-17
30-Nov 14:30:12:INFO:root:-- Outer 7: 0.0006518740872164405
30-Nov 14:30:12:INFO:root:END Outer loop
30-Nov 14:30:13:INFO:root:------ Middle 1: 0.0003195580085542207
30-Nov 14:30:13:INFO:root:------ Middle 2: 0.00026474851023439654
30-Nov 14:30:13:INFO:root:Starting from 1.4815115343982207e-17
30-Nov 14:30:13:INFO:root:-- Outer 4: 0.0029086893213316643
30-Nov 14:30:13:INFO:root:------ Middle 1: 0.00029537482954183924
30-Nov 14:30:13:INFO:root:Starting from 1.8514067490711396e-17
30-Nov 14:30:13:INFO:root:-- Outer 5: 0.001792147464344561
30-Nov 14:30:13:INFO:root:------ Middle 1: 0.00028630733354793436
30-Nov 14:30:13:INFO:root:Starting from 1.986196630453124e-17
30-Nov 14:30:13:INFO:root:-- Outer 5: 0.0028612710352791376
30-Nov 14:30:13:INFO:root:Model trade shares: [0.958207, 0.92903, 0.991112]
30-Nov 14:30:13:INFO:root:Data trade shares: [0.959721, 0.934044, 0.992669]
30-Nov 14:30:13:INFO:root:US prices: [1.22499, 1.05571, 1.05342]
30-Nov 14:30:13:INFO:root:in the data: [1.70549, 1.50868, 1.50868]
30-Nov 14:30:14:INFO:root:------ Middle 1: 0.0003100897681196673
30-Nov 14:30:14:INFO:root:Nominal world expenditure: 9.984426158339886e6
30-Nov 14:30:14:INFO:root:------ Middle 2: 0.00026615449960320305
30-Nov 14:30:14:INFO:root:------ Middle 1: 0.0002900491476938531
30-Nov 14:30:14:INFO:root:Starting from 1.2848414793838677e-17
30-Nov 14:30:14:INFO:root:-- Outer 6: 0.0018141632495149611
30-Nov 14:30:14:INFO:root:Starting from 1.6240395383991188e-17
30-Nov 14:30:14:INFO:root:-- Outer 3: 0.006139614554110338
30-Nov 14:30:14:INFO:root:Model trade shares: [0.969933, 0.928992, 0.994397]
30-Nov 14:30:14:INFO:root:Data trade shares: [0.966266, 0.92464, 0.992831]
30-Nov 14:30:14:INFO:root:US prices: [1.30802, 1.06519, 1.079]
30-Nov 14:30:14:INFO:root:in the data: [2.27198, 1.79075, 1.79075]
30-Nov 14:30:14:INFO:root:------ Middle 2: 0.0002456849337769739
30-Nov 14:30:14:INFO:root:Starting from 1.3586760642299273e-17
30-Nov 14:30:14:INFO:root:-- Outer 4: 0.0026575242924989266
30-Nov 14:30:14:INFO:root:Nominal world expenditure: 1.1632662600682966e7
30-Nov 14:30:15:INFO:root:------ Middle 2: 0.00019309691772242843
30-Nov 14:30:15:INFO:root:Starting from 1.7485014741644783e-17
30-Nov 14:30:15:INFO:root:-- Outer 6: 0.0010575644942619963
30-Nov 14:30:15:INFO:root:------ Middle 1: 0.00048699489455191744
30-Nov 14:30:14:INFO:root:--------------In the data: [1.54393e7]
30-Nov 14:30:15:INFO:root:------ Middle 1: 0.0002931628894767006
30-Nov 14:30:15:INFO:root:Starting from 1.534378065975276e-17
30-Nov 14:30:15:INFO:root:-- Outer 5: 0.0028700665790962186
30-Nov 14:30:15:INFO:root:------ Middle 1: 0.00018317744117326407
30-Nov 14:30:15:INFO:root:--- Period 15 ---
30-Nov 14:30:15:INFO:root:Starting from 1.4231827223254596e-17
30-Nov 14:30:15:INFO:root:-- Outer 7: 0.0010790656845635202
30-Nov 14:30:15:INFO:root:BEGIN Outer loop
30-Nov 14:30:15:INFO:root:--------------In the data: [2.07618e7]
30-Nov 14:30:16:INFO:root:------ Middle 2: 0.00036538801468966297
30-Nov 14:30:16:INFO:root:--- Period 16 ---
30-Nov 14:30:16:INFO:root:BEGIN Outer loop
30-Nov 14:30:17:INFO:root:------ Middle 1: 0.00015082567476098414
30-Nov 14:30:17:INFO:root:------ Middle 2: 0.00018897615134884366
30-Nov 14:30:17:INFO:root:Starting from 1.2840437440732864e-17
30-Nov 14:30:17:INFO:root:-- Outer 7: 0.00039926652094412476
30-Nov 14:30:17:INFO:root:END Outer loop
30-Nov 14:30:17:INFO:root:Starting from 1.2412012531915557e-17
30-Nov 14:30:17:INFO:root:-- Outer 5: 0.00169276122431656
30-Nov 14:30:17:INFO:root:Starting from 1.4114410492985265e-17
30-Nov 14:30:17:INFO:root:-- Outer 3: 0.005925037955803431
30-Nov 14:30:17:INFO:root:------ Middle 2: 0.0001901729423130049
30-Nov 14:30:17:INFO:root:Starting from 1.5651565945294372e-17
30-Nov 14:30:17:INFO:root:-- Outer 5: 0.0016740738181610308
30-Nov 14:30:17:INFO:root:------ Middle 1: 0.0002393201039808368
30-Nov 14:30:18:INFO:root:Starting from 1.5881686777440305e-17
30-Nov 14:30:18:INFO:root:-- Outer 6: 0.0018174050199298748
30-Nov 14:30:18:INFO:root:------ Middle 1: 0.0004107474144735457
30-Nov 14:30:18:INFO:root:------ Middle 1: 0.0002642939238744553
30-Nov 14:30:18:INFO:root:------ Middle 1: 0.00032022525032339227
30-Nov 14:30:18:INFO:root:Starting from 1.6847420513649e-17
30-Nov 14:30:18:INFO:root:-- Outer 7: 0.000586827300975526
30-Nov 14:30:18:INFO:root:END Outer loop
30-Nov 14:30:18:INFO:root:Model trade shares: [0.978739, 0.940157, 0.994737]
30-Nov 14:30:18:INFO:root:Data trade shares: [0.970394, 0.938128, 0.99445]
30-Nov 14:30:18:INFO:root:US prices: [1.06344, 1.10571, 1.11967]
30-Nov 14:30:18:INFO:root:in the data: [1.21921, 1.17859, 1.17859]
30-Nov 14:30:18:INFO:root:------ Middle 1: 0.0002350169027950289
30-Nov 14:30:18:INFO:root:Starting from 1.577771917958279e-17
30-Nov 14:30:18:INFO:root:-- Outer 6: 0.0018053453928623718
30-Nov 14:30:18:INFO:root:Nominal world expenditure: 9.208990364547059e6
30-Nov 14:30:18:INFO:root:------ Middle 2: 0.00023030166162408915
30-Nov 14:30:18:INFO:root:Starting from 1.659040657560839e-17
30-Nov 14:30:18:INFO:root:-- Outer 4: 0.0032925110532692494
30-Nov 14:30:19:INFO:root:Model trade shares: [0.970943, 0.925125, 0.985998]
30-Nov 14:30:19:INFO:root:Data trade shares: [0.97676, 0.939693, 0.972749]
30-Nov 14:30:19:INFO:root:US prices: [1.45781, 0.97096, 0.951262]
30-Nov 14:30:19:INFO:root:in the data: [3.07991, 2.04761, 2.04761]
30-Nov 14:30:19:INFO:root:------ Middle 1: 0.00016731985535053194
30-Nov 14:30:19:INFO:root:Starting from 1.505617552252449e-17
30-Nov 14:30:19:INFO:root:-- Outer 8: 0.00040847475981118926
30-Nov 14:30:19:INFO:root:END Outer loop
30-Nov 14:30:19:INFO:root:Nominal world expenditure: 1.0597221047679245e7
30-Nov 14:30:18:INFO:root:--------------In the data: [1.02443e7]
30-Nov 14:30:20:INFO:root:------ Middle 1: 0.00032680739266439826
30-Nov 14:30:20:INFO:root:--- Period 17 ---
30-Nov 14:30:20:INFO:root:BEGIN Outer loop
30-Nov 14:30:20:INFO:root:--------------In the data: [2.31824e7]
30-Nov 14:30:21:INFO:root:------ Middle 2: 0.00017937164330292357
30-Nov 14:30:20:INFO:root:Model trade shares: [0.971913, 0.935623, 0.993628]
30-Nov 14:30:21:INFO:root:Data trade shares: [0.975035, 0.947136, 0.993826]
30-Nov 14:30:21:INFO:root:US prices: [1.19178, 1.11722, 1.10326]
30-Nov 14:30:21:INFO:root:in the data: [1.5623, 1.46271, 1.46271]
30-Nov 14:30:21:INFO:root:Starting from 1.4008227466974724e-17
30-Nov 14:30:21:INFO:root:-- Outer 6: 0.0009409230750256639
30-Nov 14:30:21:INFO:root:END Outer loop
30-Nov 14:30:21:INFO:root:Nominal world expenditure: 9.276959036240991e6
30-Nov 14:30:21:INFO:root:--- Period 18 ---
30-Nov 14:30:21:INFO:root:BEGIN Outer loop
30-Nov 14:30:21:INFO:root:------ Middle 2: 0.00021319996749141927
30-Nov 14:30:21:INFO:root:Starting from 1.4377567980347962e-17
30-Nov 14:30:21:INFO:root:-- Outer 4: 0.0030562427106331906
30-Nov 14:30:21:INFO:root:------ Middle 1: 0.0002583236153790291
30-Nov 14:30:22:INFO:root:Starting from 1.622871068367637e-17
30-Nov 14:30:22:INFO:root:-- Outer 7: 0.000663918649886118
30-Nov 14:30:22:INFO:root:END Outer loop
30-Nov 14:30:21:INFO:root:Model trade shares: [0.972091, 0.92817, 0.982712]
30-Nov 14:30:22:INFO:root:Data trade shares: [0.976496, 0.933524, 0.973934]
30-Nov 14:30:22:INFO:root:US prices: [1.44332, 1.01147, 1.06362]
30-Nov 14:30:22:INFO:root:in the data: [2.96155, 2.01858, 2.01858]
30-Nov 14:30:22:INFO:root:------ Middle 1: 0.00025617590680006915
30-Nov 14:30:22:INFO:root:Starting from 1.681267203069484e-17
30-Nov 14:30:22:INFO:root:-- Outer 7: 0.0006756567490009088
30-Nov 14:30:22:INFO:root:END Outer loop
30-Nov 14:30:21:INFO:root:--------------In the data: [1.27847e7]
30-Nov 14:30:22:INFO:root:Nominal world expenditure: 1.0951367974716466e7
30-Nov 14:30:22:INFO:root:------ Middle 1: 0.00029529963509995484
30-Nov 14:30:22:INFO:root:Starting from 1.4828275305587053e-17
30-Nov 14:30:22:INFO:root:-- Outer 5: 0.0018024005794530786
30-Nov 14:30:22:INFO:root:------ Middle 2: 0.0001839578499120289
30-Nov 14:30:22:INFO:root:Starting from 1.206692759355151e-17
30-Nov 14:30:22:INFO:root:-- Outer 6: 0.000958364713890575
30-Nov 14:30:22:INFO:root:END Outer loop
30-Nov 14:30:22:INFO:root:--- Period 19 ---
30-Nov 14:30:23:INFO:root:BEGIN Outer loop
30-Nov 14:30:23:INFO:root:Model trade shares: [0.967317, 0.935174, 0.994071]
30-Nov 14:30:23:INFO:root:Data trade shares: [0.961487, 0.929057, 0.992737]
30-Nov 14:30:23:INFO:root:US prices: [1.28542, 1.06978, 1.09196]
30-Nov 14:30:23:INFO:root:in the data: [1.96012, 1.64035, 1.64035]
30-Nov 14:30:22:INFO:root:--------------In the data: [2.33649e7]
30-Nov 14:30:23:INFO:root:Model trade shares: [0.966041, 0.929927, 0.9927]
30-Nov 14:30:23:INFO:root:Data trade shares: [0.967429, 0.940539, 0.992695]
30-Nov 14:30:23:INFO:root:US prices: [1.22798, 1.05524, 1.04137]
30-Nov 14:30:23:INFO:root:in the data: [1.63396, 1.43854, 1.43854]
30-Nov 14:30:23:INFO:root:Nominal world expenditure: 1.1316832544270258e7
30-Nov 14:30:24:INFO:root:Nominal world expenditure: 9.355829374131741e6
30-Nov 14:30:24:INFO:root:--- Period 20 ---
30-Nov 14:30:24:INFO:root:BEGIN Outer loop
30-Nov 14:30:24:INFO:root:Model trade shares: [0.968619, 0.92845, 0.989153]
30-Nov 14:30:24:INFO:root:Data trade shares: [0.971471, 0.927429, 0.989384]
30-Nov 14:30:24:INFO:root:US prices: [1.55, 1.07261, 1.07597]
30-Nov 14:30:24:INFO:root:in the data: [2.72526, 1.92631, 1.92631]
30-Nov 14:30:24:INFO:root:Nominal world expenditure: 1.1893463832353052e7
30-Nov 14:30:24:INFO:root:--------------In the data: [1.80704e7]
30-Nov 14:30:24:INFO:root:--------------In the data: [1.37348e7]
30-Nov 14:30:25:INFO:root:------ Middle 1: 0.0002839938189545406
30-Nov 14:30:25:INFO:root:Starting from 1.6010834952479217e-17
30-Nov 14:30:25:INFO:root:-- Outer 5: 0.0017197051082932504
30-Nov 14:30:25:INFO:root:--- Period 21 ---
30-Nov 14:30:25:INFO:root:------ Middle 1: 0.00027482981244974174
30-Nov 14:30:25:INFO:root:BEGIN Outer loop
30-Nov 14:30:25:INFO:root:Starting from 1.4369952958390955e-17
30-Nov 14:30:25:INFO:root:-- Outer 6: 0.0009929932782528363
30-Nov 14:30:25:INFO:root:END Outer loop
30-Nov 14:30:25:INFO:root:--- Period 22 ---
30-Nov 14:30:25:INFO:root:BEGIN Outer loop
30-Nov 14:30:25:INFO:root:--------------In the data: [2.2953e7]
30-Nov 14:30:27:INFO:root:--- Period 23 ---
30-Nov 14:30:27:INFO:root:BEGIN Outer loop
30-Nov 14:30:26:INFO:root:Model trade shares: [0.958542, 0.921592, 0.990474]
30-Nov 14:30:27:INFO:root:Data trade shares: [0.972765, 0.936372, 0.980463]
30-Nov 14:30:27:INFO:root:US prices: [1.49637, 0.9653, 0.952382]
30-Nov 14:30:27:INFO:root:in the data: [3.02084, 2.07936, 2.07936]
30-Nov 14:30:27:INFO:root:Nominal world expenditure: 1.0534146991795404e7
30-Nov 14:30:28:INFO:root:------ Middle 1: 0.00027295976742819887
30-Nov 14:30:28:INFO:root:Starting from 1.388015924170286e-17
30-Nov 14:30:28:INFO:root:-- Outer 6: 0.0009909324064932363
30-Nov 14:30:28:INFO:root:END Outer loop
30-Nov 14:30:27:INFO:root:--------------In the data: [2.36221e7]
30-Nov 14:30:28:INFO:root:Model trade shares: [0.965481, 0.926596, 0.994664]
30-Nov 14:30:28:INFO:root:Data trade shares: [0.971404, 0.929028, 0.993445]
30-Nov 14:30:28:INFO:root:US prices: [1.27942, 0.956213, 0.955388]
30-Nov 14:30:28:INFO:root:in the data: [2.9591, 2.1512, 2.1512]
30-Nov 14:30:28:INFO:root:Nominal world expenditure: 1.0588226135492971e7
30-Nov 14:30:28:INFO:root:--------------In the data: [2.42511e7]
30-Nov 14:30:29:INFO:root:--- Period 24 ---
30-Nov 14:30:29:INFO:root:BEGIN Outer loop
30-Nov 14:30:29:INFO:root:--- Period 25 ---
30-Nov 14:30:29:INFO:root:BEGIN Outer loop
30-Nov 14:30:59:INFO:root:------ Middle 1: 0.004153661865700278
30-Nov 14:31:00:INFO:root:------ Middle 2: 0.002289123365079422
30-Nov 14:31:05:INFO:root:------ Middle 1: 0.004381877831904734
30-Nov 14:31:06:INFO:root:------ Middle 2: 0.0024146416681642144
30-Nov 14:31:09:INFO:root:------ Middle 1: 0.00487024037783957
30-Nov 14:31:09:INFO:root:------ Middle 2: 0.002683282909873383
30-Nov 14:31:13:INFO:root:------ Middle 3: 0.0017745424052885929
30-Nov 14:31:13:INFO:root:------ Middle 1: 0.004833146216537267
30-Nov 14:31:14:INFO:root:------ Middle 4: 0.0009805430145504426
30-Nov 14:31:14:INFO:root:------ Middle 2: 0.0026630732207213715
30-Nov 14:31:16:INFO:root:------ Middle 1: 0.004883306817372284
30-Nov 14:31:16:INFO:root:------ Middle 1: 0.004793380558409335
30-Nov 14:31:17:INFO:root:------ Middle 2: 0.0026903122521403306
30-Nov 14:31:17:INFO:root:------ Middle 2: 0.0026405635760301635
30-Nov 14:31:19:INFO:root:------ Middle 3: 0.0018640057147009707
30-Nov 14:31:20:INFO:root:------ Middle 4: 0.0010301674610588073
30-Nov 14:31:20:INFO:root:------ Middle 1: 0.004303767986850464
30-Nov 14:31:21:INFO:root:------ Middle 2: 0.0023710915378973613
30-Nov 14:31:21:INFO:root:------ Middle 1: 0.004515831174645213
30-Nov 14:31:22:INFO:root:------ Middle 5: 0.000784213138435632
30-Nov 14:31:22:INFO:root:------ Middle 2: 0.002488040283419289
30-Nov 14:31:22:INFO:root:------ Middle 6: 0.00043552776450086534
30-Nov 14:31:23:INFO:root:------ Middle 3: 0.002038234223881508
30-Nov 14:31:23:INFO:root:------ Middle 1: 0.004659590255583619
30-Nov 14:31:24:INFO:root:------ Middle 1: 0.004473019646071719
30-Nov 14:31:24:INFO:root:------ Middle 4: 0.0011258426245629955
30-Nov 14:31:24:INFO:root:------ Middle 2: 0.002567104834108318
30-Nov 14:31:24:INFO:root:------ Middle 1: 0.004844808371076311
30-Nov 14:31:24:INFO:root:------ Middle 2: 0.0024644956796052676
30-Nov 14:31:25:INFO:root:------ Middle 2: 0.0026688861178973634
30-Nov 14:31:25:INFO:root:------ Middle 7: 0.0003458022122554385
30-Nov 14:31:26:INFO:root:------ Middle 8: 0.00020606791609044587
30-Nov 14:31:26:INFO:root:Starting from 1.2111191147382956e-17
30-Nov 14:31:26:INFO:root:-- Outer 1: 0.025531779038616066
30-Nov 14:31:27:INFO:root:------ Middle 3: 0.0020174365401544863
30-Nov 14:31:27:INFO:root:------ Middle 1: 0.0027414738041212235
30-Nov 14:31:27:INFO:root:------ Middle 3: 0.0020441873623175256
30-Nov 14:31:27:INFO:root:------ Middle 1: 0.004350741114237739
30-Nov 14:31:28:INFO:root:------ Middle 4: 0.0011167231987071298
30-Nov 14:31:28:INFO:root:------ Middle 4: 0.0011292061271004812
30-Nov 14:31:28:INFO:root:------ Middle 5: 0.0008251277340670541
30-Nov 14:31:28:INFO:root:------ Middle 2: 0.002397020544309276
30-Nov 14:31:28:INFO:root:------ Middle 3: 0.002058080872945653
30-Nov 14:31:29:INFO:root:------ Middle 6: 0.0004582774199765337
30-Nov 14:31:29:INFO:root:------ Middle 4: 0.0011375490520474272
30-Nov 14:31:32:INFO:root:------ Middle 7: 0.0003640149367989658
30-Nov 14:31:33:INFO:root:------ Middle 8: 0.00021685354113825642
30-Nov 14:31:33:INFO:root:Starting from 1.1781511750123192e-17
30-Nov 14:31:33:INFO:root:------ Middle 6: 0.0004929366275346236
30-Nov 14:31:33:INFO:root:-- Outer 1: 0.026282714335519482
30-Nov 14:31:34:INFO:root:------ Middle 1: 0.0029230189923721522
30-Nov 14:31:34:INFO:root:------ Middle 3: 0.0018518177177172187
30-Nov 14:31:35:INFO:root:------ Middle 4: 0.0010223744241884675
30-Nov 14:31:36:INFO:root:------ Middle 5: 0.0009029742956140067
30-Nov 14:31:36:INFO:root:------ Middle 5: 0.0008986682866140766
30-Nov 14:31:36:INFO:root:------ Middle 3: 0.002042327678784336
30-Nov 14:31:36:INFO:root:------ Middle 7: 0.00038751627299774303
30-Nov 14:31:36:INFO:root:------ Middle 6: 0.0005007591556923878
30-Nov 14:31:36:INFO:root:------ Middle 3: 0.0019505408913418256
30-Nov 14:31:37:INFO:root:------ Middle 6: 0.0004983703002526426
30-Nov 14:31:37:INFO:root:------ Middle 4: 0.0011295005544174066
30-Nov 14:31:37:INFO:root:------ Middle 3: 0.001994620872146919
30-Nov 14:31:37:INFO:root:------ Middle 8: 0.00023122300932873922
30-Nov 14:31:37:INFO:root:Starting from 1.1661732069489845e-17
30-Nov 14:31:37:INFO:root:-- Outer 1: 0.026636372545227178
30-Nov 14:31:37:INFO:root:------ Middle 4: 0.001077286115565265
30-Nov 14:31:37:INFO:root:------ Middle 5: 0.0009099313204427953
30-Nov 14:31:38:INFO:root:------ Middle 4: 0.001101604190344322
30-Nov 14:31:38:INFO:root:------ Middle 1: 0.002859585966788609
30-Nov 14:31:38:INFO:root:------ Middle 6: 0.0005045242575643876
30-Nov 14:31:39:INFO:root:------ Middle 7: 0.00039899881305367844
30-Nov 14:31:39:INFO:root:------ Middle 7: 0.00039373445614763645
30-Nov 14:31:40:INFO:root:------ Middle 8: 0.00023947502184760555
30-Nov 14:31:40:INFO:root:Starting from 1.1927371431223544e-17
30-Nov 14:31:40:INFO:root:-- Outer 1: 0.02520144976919321
30-Nov 14:31:40:INFO:root:------ Middle 8: 0.0002353829054179892
30-Nov 14:31:40:INFO:root:Starting from 1.1429989250651275e-17
30-Nov 14:31:40:INFO:root:-- Outer 1: 0.02659529074889898
30-Nov 14:31:41:INFO:root:------ Middle 1: 0.002761680308615155
30-Nov 14:31:41:INFO:root:------ Middle 3: 0.001935172160545026
30-Nov 14:31:41:INFO:root:------ Middle 7: 0.00039947241880066196
30-Nov 14:31:41:INFO:root:------ Middle 1: 0.0028260743314878862
30-Nov 14:31:42:INFO:root:------ Middle 4: 0.0010684423043718979
30-Nov 14:31:42:INFO:root:------ Middle 8: 0.0002391082957351225
30-Nov 14:31:42:INFO:root:Starting from 1.1530267409361587e-17
30-Nov 14:31:42:INFO:root:-- Outer 1: 0.02615847371082328
30-Nov 14:31:42:INFO:root:------ Middle 1: 0.002799202060849592
30-Nov 14:31:43:INFO:root:------ Middle 2: 0.0006651523426467618
30-Nov 14:31:43:INFO:root:------ Middle 3: 0.001879411251520908
30-Nov 14:31:43:INFO:root:------ Middle 5: 0.0008271321022158296
30-Nov 14:31:44:INFO:root:------ Middle 3: 0.00036992313254194284
30-Nov 14:31:44:INFO:root:------ Middle 4: 0.001037782992458141
30-Nov 14:31:44:INFO:root:------ Middle 6: 0.0004583979090877254
30-Nov 14:31:45:INFO:root:------ Middle 5: 0.0009091588106059324
30-Nov 14:31:45:INFO:root:------ Middle 5: 0.0008892155798740097
30-Nov 14:31:45:INFO:root:------ Middle 5: 0.0008769303100351048
30-Nov 14:31:45:INFO:root:------ Middle 6: 0.0005039249897385623
30-Nov 14:31:46:INFO:root:------ Middle 4: 0.0002458836363168157
30-Nov 14:31:46:INFO:root:------ Middle 6: 0.0004926037120824671
30-Nov 14:31:46:INFO:root:Starting from 2.4307744275546503e-17
30-Nov 14:31:46:INFO:root:-- Outer 2: 0.013086291653698071
30-Nov 14:31:46:INFO:root:------ Middle 6: 0.00048621610329040627
30-Nov 14:31:46:INFO:root:------ Middle 1: 0.0008732233166848794
30-Nov 14:31:47:INFO:root:------ Middle 7: 0.0003677606378630189
30-Nov 14:31:48:INFO:root:------ Middle 8: 0.00023211965590608114
30-Nov 14:31:48:INFO:root:Starting from 1.1829850874160785e-17
30-Nov 14:31:48:INFO:root:-- Outer 1: 0.02292529000447106
30-Nov 14:31:48:INFO:root:------ Middle 7: 0.00040120598853704597
30-Nov 14:31:48:INFO:root:------ Middle 7: 0.00039444718128021157
30-Nov 14:31:48:INFO:root:------ Middle 7: 0.00039050538741423587
30-Nov 14:31:49:INFO:root:------ Middle 1: 0.0025418881066178642
30-Nov 14:31:49:INFO:root:Starting from 1.2005487073930528e-17
30-Nov 14:31:49:INFO:root:-- Outer 1: 0.024506085092301504
30-Nov 14:31:50:INFO:root:------ Middle 8: 0.000248925280202294
30-Nov 14:31:50:INFO:root:Starting from 1.1926594793961856e-17
30-Nov 14:31:50:INFO:root:-- Outer 1: 0.024443865319456092
30-Nov 14:31:50:INFO:root:------ Middle 1: 0.002581608186476557
30-Nov 14:31:50:INFO:root:------ Middle 5: 0.0008654463617069684
30-Nov 14:31:51:INFO:root:------ Middle 8: 0.00025653323700121735
30-Nov 14:31:51:INFO:root:Starting from 1.15998263078809e-17
30-Nov 14:31:51:INFO:root:-- Outer 1: 0.024346037590907973
30-Nov 14:31:51:INFO:root:------ Middle 2: 0.0007396077878428463
30-Nov 14:31:51:INFO:root:------ Middle 1: 0.002547784552657253
30-Nov 14:31:51:INFO:root:------ Middle 6: 0.0004797981494246139
30-Nov 14:31:51:INFO:root:------ Middle 1: 0.0025766385846366273
30-Nov 14:31:51:INFO:root:------ Middle 3: 0.00041093796586185415
30-Nov 14:31:52:INFO:root:------ Middle 5: 0.0008424202269833642
30-Nov 14:31:53:INFO:root:------ Middle 6: 0.0004670440586558871
30-Nov 14:31:54:INFO:root:------ Middle 4: 0.00027352937463176225
30-Nov 14:31:54:INFO:root:Starting from 1.606660264433228e-17
30-Nov 14:31:54:INFO:root:-- Outer 2: 0.013429852533709805
30-Nov 14:31:54:INFO:root:------ Middle 7: 0.0003850945640873494
30-Nov 14:31:55:INFO:root:------ Middle 1: 0.0008740435438773534
30-Nov 14:31:56:INFO:root:------ Middle 2: 0.0007378245710692406
30-Nov 14:31:56:INFO:root:------ Middle 7: 0.00037548432986505404
30-Nov 14:31:57:INFO:root:------ Middle 3: 0.00040978074814048847
30-Nov 14:31:57:INFO:root:------ Middle 8: 0.00025287490130996757
30-Nov 14:31:57:INFO:root:Starting from 1.2073745499017894e-17
30-Nov 14:31:57:INFO:root:-- Outer 1: 0.024093340616647578
30-Nov 14:31:57:INFO:root:------ Middle 8: 0.00023663677404774376
30-Nov 14:31:58:INFO:root:------ Middle 1: 0.0025871917601628367
30-Nov 14:31:58:INFO:root:Starting from 1.2204869707506444e-17
30-Nov 14:31:58:INFO:root:-- Outer 1: 0.023627242442048554
30-Nov 14:31:58:INFO:root:------ Middle 2: 0.0007825336003845935
30-Nov 14:31:58:INFO:root:------ Middle 1: 0.0024883933030869177
30-Nov 14:31:59:INFO:root:------ Middle 3: 0.00043485675264934043
30-Nov 14:31:59:INFO:root:------ Middle 4: 0.0002733228445454156
30-Nov 14:31:59:INFO:root:Starting from 1.6706507001047602e-17
30-Nov 14:31:59:INFO:root:-- Outer 2: 0.013416163712685647
30-Nov 14:31:59:INFO:root:------ Middle 2: 0.0007484148450698056
30-Nov 14:32:00:INFO:root:------ Middle 2: 0.0007548110846252471
30-Nov 14:32:00:INFO:root:------ Middle 3: 0.0004158613291431128
30-Nov 14:32:00:INFO:root:------ Middle 1: 0.0008887520095127695
30-Nov 14:32:00:INFO:root:------ Middle 3: 0.0004197177373112022
30-Nov 14:32:00:INFO:root:------ Middle 2: 0.00037867303012862464
30-Nov 14:32:01:INFO:root:------ Middle 3: 0.00021138977694241815
30-Nov 14:32:01:INFO:root:Starting from 1.5965023928730942e-17
30-Nov 14:32:01:INFO:root:-- Outer 3: 0.006039699754709672
30-Nov 14:32:02:INFO:root:------ Middle 4: 0.00032351600919238756
30-Nov 14:32:02:INFO:root:------ Middle 4: 0.00027946731987104836
30-Nov 14:32:02:INFO:root:Starting from 1.7646945437371396e-17
30-Nov 14:32:02:INFO:root:-- Outer 2: 0.013331831967461492
30-Nov 14:32:02:INFO:root:------ Middle 1: 0.000445594918889
30-Nov 14:32:02:INFO:root:------ Middle 5: 0.00019464109939820913
30-Nov 14:32:02:INFO:root:Starting from 1.632719151041323e-17
30-Nov 14:32:02:INFO:root:-- Outer 2: 0.012459397315911775
30-Nov 14:32:03:INFO:root:------ Middle 1: 0.0008564593940124366
30-Nov 14:32:03:INFO:root:------ Middle 1: 0.0008290192917982697
30-Nov 14:32:03:INFO:root:------ Middle 4: 0.00031221960423753666
30-Nov 14:32:04:INFO:root:------ Middle 5: 0.0001875401005244029
30-Nov 14:32:04:INFO:root:Starting from 2.2348803688279152e-17
30-Nov 14:32:04:INFO:root:-- Outer 2: 0.012998323764661212
30-Nov 14:32:05:INFO:root:------ Middle 1: 0.0008430896537466257
30-Nov 14:32:06:INFO:root:------ Middle 2: 0.00022680490951574027
30-Nov 14:32:06:INFO:root:Starting from 2.201385898672619e-17
30-Nov 14:32:06:INFO:root:-- Outer 4: 0.0031815781635445733
30-Nov 14:32:06:INFO:root:------ Middle 2: 0.0007480139797935619
30-Nov 14:32:07:INFO:root:------ Middle 2: 0.0007577753418026372
30-Nov 14:32:07:INFO:root:------ Middle 3: 0.0004161555768803333
30-Nov 14:32:08:INFO:root:------ Middle 3: 0.00041983039789544586
30-Nov 14:32:09:INFO:root:------ Middle 2: 0.0003969413920419464
30-Nov 14:32:10:INFO:root:------ Middle 1: 0.00031007783300169184
30-Nov 14:32:10:INFO:root:------ Middle 3: 0.00022166294422634072
30-Nov 14:32:10:INFO:root:Starting from 1.887055700665402e-17
30-Nov 14:32:10:INFO:root:-- Outer 3: 0.006201943708626861
30-Nov 14:32:10:INFO:root:------ Middle 4: 0.0003120777554918886
30-Nov 14:32:10:INFO:root:------ Middle 2: 0.0007458814711342322
30-Nov 14:32:10:INFO:root:------ Middle 4: 0.00030862779959339726
30-Nov 14:32:11:INFO:root:------ Middle 5: 0.0001884509681903845
30-Nov 14:32:11:INFO:root:Starting from 1.79804333002467e-17
30-Nov 14:32:11:INFO:root:-- Outer 2: 0.011958554444868059
30-Nov 14:32:11:INFO:root:------ Middle 1: 0.0004434713226666628
30-Nov 14:32:11:INFO:root:------ Middle 2: 0.0007918189327478643
30-Nov 14:32:11:INFO:root:------ Middle 3: 0.0004140820866249313
30-Nov 14:32:11:INFO:root:------ Middle 5: 0.00018714598402816133
30-Nov 14:32:11:INFO:root:Starting from 2.218701534218009e-17
30-Nov 14:32:11:INFO:root:-- Outer 2: 0.011220205321504709
30-Nov 14:32:12:INFO:root:------ Middle 1: 0.0007458407213096677
30-Nov 14:32:12:INFO:root:------ Middle 3: 0.0004389071704368871
30-Nov 14:32:12:INFO:root:------ Middle 1: 0.0007500411039641501
30-Nov 14:32:14:INFO:root:------ Middle 2: 0.00039846408305650065
30-Nov 14:32:14:INFO:root:------ Middle 4: 0.0003093093133169696
30-Nov 14:32:15:INFO:root:------ Middle 4: 0.000325417734628493
30-Nov 14:32:15:INFO:root:------ Middle 3: 0.00022255330547999547
30-Nov 14:32:15:INFO:root:Starting from 1.4929176689273137e-17
30-Nov 14:32:15:INFO:root:-- Outer 3: 0.006150893414595215
30-Nov 14:32:15:INFO:root:------ Middle 2: 0.0002300468364074873
30-Nov 14:32:15:INFO:root:Starting from 1.5152500975690282e-17
30-Nov 14:32:15:INFO:root:-- Outer 4: 0.0032716769669819197
30-Nov 14:32:15:INFO:root:------ Middle 5: 0.0001867141619310617
30-Nov 14:32:15:INFO:root:Starting from 2.1236682994190983e-17
30-Nov 14:32:15:INFO:root:-- Outer 2: 0.011783242246475171
30-Nov 14:32:15:INFO:root:------ Middle 2: 0.00017775204539447557
30-Nov 14:32:15:INFO:root:Starting from 1.5656933701309547e-17
30-Nov 14:32:15:INFO:root:-- Outer 5: 0.0015295385522485706
30-Nov 14:32:15:INFO:root:------ Middle 5: 0.00019669967699154282
30-Nov 14:32:15:INFO:root:Starting from 2.4709660425663254e-17
30-Nov 14:32:15:INFO:root:-- Outer 2: 0.011652461164008527
30-Nov 14:32:16:INFO:root:------ Middle 1: 0.0004556383314819165
30-Nov 14:32:16:INFO:root:------ Middle 1: 0.0007231968731788015
30-Nov 14:32:16:INFO:root:------ Middle 1: 0.00022502021705237817
30-Nov 14:32:16:INFO:root:Starting from 1.789034684877471e-17
30-Nov 14:32:16:INFO:root:-- Outer 6: 0.0016089357288322425
30-Nov 14:32:16:INFO:root:------ Middle 1: 0.0007022033901806494
30-Nov 14:32:18:INFO:root:------ Middle 2: 0.00035969528480802427
30-Nov 14:32:18:INFO:root:------ Middle 2: 0.00040093125445178125
30-Nov 14:32:18:INFO:root:------ Middle 3: 0.00020163469468940676
30-Nov 14:32:18:INFO:root:Starting from 1.667065739546827e-17
30-Nov 14:32:18:INFO:root:-- Outer 3: 0.005670768412269354
30-Nov 14:32:19:INFO:root:------ Middle 2: 0.000771506671160278
30-Nov 14:32:19:INFO:root:------ Middle 2: 0.0007564359304679798
30-Nov 14:32:19:INFO:root:------ Middle 1: 0.00030942443898604216
30-Nov 14:32:19:INFO:root:------ Middle 3: 0.00022412884226514145
30-Nov 14:32:19:INFO:root:Starting from 1.5875314643534204e-17
30-Nov 14:32:19:INFO:root:-- Outer 3: 0.006056935768732341
30-Nov 14:32:19:INFO:root:------ Middle 1: 0.00042701994508610437
30-Nov 14:32:20:INFO:root:------ Middle 3: 0.00042742974688329545
30-Nov 14:32:20:INFO:root:------ Middle 3: 0.0004190315346753395
30-Nov 14:32:20:INFO:root:------ Middle 2: 0.00023057053988319426
30-Nov 14:32:20:INFO:root:Starting from 1.6904779787855307e-17
30-Nov 14:32:20:INFO:root:-- Outer 4: 0.0031667159972025185
30-Nov 14:32:20:INFO:root:------ Middle 1: 0.0004310975033236661
30-Nov 14:32:20:INFO:root:------ Middle 2: 0.00035142441877056437
30-Nov 14:32:20:INFO:root:------ Middle 1: 0.00024458682423116886
30-Nov 14:32:20:INFO:root:Starting from 1.7060371546173754e-17
30-Nov 14:32:20:INFO:root:-- Outer 7: 0.0006363607203757962
30-Nov 14:32:20:INFO:root:END Outer loop
30-Nov 14:32:21:INFO:root:Model trade shares: [0.968537, 0.935982, 0.99495]
30-Nov 14:32:21:INFO:root:Data trade shares: [0.967576, 0.927756, 0.993556]
30-Nov 14:32:21:INFO:root:US prices: [1.19626, 0.924035, 0.921803]
30-Nov 14:32:21:INFO:root:in the data: [2.78451, 2.12334, 2.12334]
30-Nov 14:32:21:INFO:root:Nominal world expenditure: 1.1321685107797993e7
30-Nov 14:32:21:INFO:root:--------------In the data: [2.5209e7]
30-Nov 14:32:21:INFO:root:--- Period 26 ---
30-Nov 14:32:21:INFO:root:BEGIN Outer loop
30-Nov 14:32:21:INFO:root:------ Middle 3: 0.00019712606854648657
30-Nov 14:32:21:INFO:root:Starting from 1.5954691822273963e-17
30-Nov 14:32:21:INFO:root:-- Outer 3: 0.005933674824040928
30-Nov 14:32:22:INFO:root:------ Middle 1: 0.00042029378730611925
30-Nov 14:32:22:INFO:root:------ Middle 4: 0.00031598697912462007
30-Nov 14:32:22:INFO:root:------ Middle 4: 0.0003087882828881608
30-Nov 14:32:23:INFO:root:------ Middle 2: 0.00021586756222283826
30-Nov 14:32:23:INFO:root:Starting from 2.0486061656869888e-17
30-Nov 14:32:23:INFO:root:-- Outer 4: 0.002814216072127797
30-Nov 14:32:23:INFO:root:------ Middle 5: 0.00019110785415688583
30-Nov 14:32:23:INFO:root:Starting from 2.060449407448043e-17
30-Nov 14:32:23:INFO:root:------ Middle 5: 0.00018673929455821498
30-Nov 14:32:23:INFO:root:-- Outer 2: 0.011597903095707879
30-Nov 14:32:23:INFO:root:Starting from 2.147107920578583e-17
30-Nov 14:32:23:INFO:root:-- Outer 2: 0.011476327728029036
30-Nov 14:32:24:INFO:root:------ Middle 1: 0.0003094896915692185
30-Nov 14:32:24:INFO:root:------ Middle 2: 0.00022390511759914152
30-Nov 14:32:24:INFO:root:Starting from 1.77265189290925e-17
30-Nov 14:32:24:INFO:root:-- Outer 4: 0.003044526931972903
30-Nov 14:32:24:INFO:root:------ Middle 1: 0.0007143985743990341
30-Nov 14:32:24:INFO:root:------ Middle 1: 0.0007482487543108342
30-Nov 14:32:25:INFO:root:------ Middle 2: 0.00018191823708256817
30-Nov 14:32:25:INFO:root:Starting from 1.503961987687291e-17
30-Nov 14:32:25:INFO:root:-- Outer 5: 0.0015604617519489146
30-Nov 14:32:25:INFO:root:------ Middle 1: 0.00022444061781272246
30-Nov 14:32:26:INFO:root:Starting from 1.3324739154474469e-17
30-Nov 14:32:26:INFO:root:-- Outer 6: 0.0016334949412187222
30-Nov 14:32:26:INFO:root:------ Middle 2: 0.0002100717313697019
30-Nov 14:32:26:INFO:root:Starting from 1.9324260401247507e-17
30-Nov 14:32:26:INFO:root:-- Outer 4: 0.00296924126143694
30-Nov 14:32:26:INFO:root:------ Middle 2: 0.00036111176383460023
30-Nov 14:32:26:INFO:root:------ Middle 3: 0.0002023537564360583
30-Nov 14:32:26:INFO:root:Starting from 1.584044245707077e-17
30-Nov 14:32:26:INFO:root:-- Outer 3: 0.005283966008581895
30-Nov 14:32:27:INFO:root:------ Middle 1: 0.00028189975989173315
30-Nov 14:32:27:INFO:root:Starting from 1.537506074884445e-17
30-Nov 14:32:27:INFO:root:-- Outer 5: 0.0015655629298602927
30-Nov 14:32:27:INFO:root:------ Middle 1: 0.0003880194093630381
30-Nov 14:32:28:INFO:root:------ Middle 1: 0.00029072360733908864
30-Nov 14:32:28:INFO:root:Starting from 2.5107981746476303e-17
30-Nov 14:32:28:INFO:root:-- Outer 5: 0.0017201705789841376
30-Nov 14:32:29:INFO:root:------ Middle 2: 0.00034698210036248624
30-Nov 14:32:29:INFO:root:------ Middle 1: 0.0002417754850453166
30-Nov 14:32:29:INFO:root:Starting from 1.693525855143505e-17
30-Nov 14:32:29:INFO:root:-- Outer 7: 0.0006545351843320021
30-Nov 14:32:29:INFO:root:END Outer loop
30-Nov 14:32:29:INFO:root:------ Middle 3: 0.0001933298809765339
30-Nov 14:32:29:INFO:root:Starting from 1.478019911026187e-17
30-Nov 14:32:30:INFO:root:-- Outer 3: 0.005211268479150937
30-Nov 14:32:30:INFO:root:------ Middle 1: 0.0002680345425516861
30-Nov 14:32:30:INFO:root:Starting from 1.553548453655903e-17
30-Nov 14:32:30:INFO:root:-- Outer 6: 0.0008858462274037983
30-Nov 14:32:30:INFO:root:END Outer loop
30-Nov 14:32:30:INFO:root:Model trade shares: [0.962802, 0.940605, 0.993827]
30-Nov 14:32:30:INFO:root:Data trade shares: [0.953126, 0.923314, 0.993566]
30-Nov 14:32:30:INFO:root:US prices: [1.01173, 0.930891, 0.934936]
30-Nov 14:32:30:INFO:root:in the data: [2.3065, 2.15345, 2.15345]
30-Nov 14:32:30:INFO:root:Nominal world expenditure: 1.359896186783845e7
30-Nov 14:32:30:INFO:root:--------------In the data: [2.91447e7]
30-Nov 14:32:30:INFO:root:------ Middle 1: 0.0002752711171564783
30-Nov 14:32:30:INFO:root:Starting from 1.6328617792957762e-17
30-Nov 14:32:30:INFO:root:-- Outer 5: 0.0016453330295210522
30-Nov 14:32:30:INFO:root:------ Middle 2: 0.00018230577697969972
30-Nov 14:32:30:INFO:root:Starting from 1.8586518600849e-17
30-Nov 14:32:30:INFO:root:-- Outer 5: 0.0015158131262789645
30-Nov 14:32:30:INFO:root:--- Period 27 ---
30-Nov 14:32:30:INFO:root:BEGIN Outer loop
30-Nov 14:32:30:INFO:root:Model trade shares: [0.963967, 0.939167, 0.992969]
30-Nov 14:32:30:INFO:root:Data trade shares: [0.963666, 0.934551, 0.994086]
30-Nov 14:32:30:INFO:root:US prices: [0.956909, 0.921346, 0.90215]
30-Nov 14:32:30:INFO:root:in the data: [2.67778, 2.5352, 2.5352]
30-Nov 14:32:30:INFO:root:Nominal world expenditure: 1.5533683258338781e7
30-Nov 14:32:30:INFO:root:--------------In the data: [4.12361e7]
30-Nov 14:32:30:INFO:root:--- Period 28 ---
30-Nov 14:32:30:INFO:root:BEGIN Outer loop
30-Nov 14:32:30:INFO:root:------ Middle 1: 0.00042709616814246113
30-Nov 14:32:30:INFO:root:------ Middle 1: 0.0002865198365806107
30-Nov 14:32:30:INFO:root:Starting from 1.834283548543819e-17
30-Nov 14:32:30:INFO:root:-- Outer 6: 0.0010951014713614952
30-Nov 14:32:31:INFO:root:------ Middle 2: 0.00021001945630456104
30-Nov 14:32:31:INFO:root:Starting from 1.6853343760867115e-17
30-Nov 14:32:31:INFO:root:-- Outer 4: 0.0025049137052838033
30-Nov 14:32:31:INFO:root:------ Middle 1: 0.00022801403362737233
30-Nov 14:32:31:INFO:root:Starting from 1.4058387615015946e-17
30-Nov 14:32:31:INFO:root:-- Outer 6: 0.0015849286620832745
30-Nov 14:32:31:INFO:root:------ Middle 1: 0.00024298898108749426
30-Nov 14:32:31:INFO:root:Starting from 1.5687027909584456e-17
30-Nov 14:32:31:INFO:root:-- Outer 7: 0.0010623901840331323
30-Nov 14:32:32:INFO:root:------ Middle 2: 0.0003629230065160283
30-Nov 14:32:32:INFO:root:------ Middle 1: 0.0002315301215450069
30-Nov 14:32:32:INFO:root:Starting from 1.6005137651273447e-17
30-Nov 14:32:32:INFO:root:-- Outer 8: 0.0008001886583305988
30-Nov 14:32:32:INFO:root:END Outer loop
30-Nov 14:32:33:INFO:root:Model trade shares: [0.96424, 0.933044, 0.993389]
30-Nov 14:32:33:INFO:root:Data trade shares: [0.960962, 0.931588, 0.993893]
30-Nov 14:32:33:INFO:root:US prices: [0.993148, 0.90564, 0.902574]
30-Nov 14:32:33:INFO:root:in the data: [2.50767, 2.31742, 2.31742]
30-Nov 14:32:33:INFO:root:Nominal world expenditure: 1.4550638303869488e7
30-Nov 14:32:33:INFO:root:--------------In the data: [3.61928e7]
30-Nov 14:32:33:INFO:root:------ Middle 2: 0.00035284495286555225
30-Nov 14:32:33:INFO:root:------ Middle 1: 0.00026281271790377496
30-Nov 14:32:33:INFO:root:--- Period 29 ---
30-Nov 14:32:33:INFO:root:------ Middle 3: 0.00020248275863288996
30-Nov 14:32:33:INFO:root:Starting from 1.931726349932779e-17
30-Nov 14:32:33:INFO:root:-- Outer 6: 0.000939575242325848
30-Nov 14:32:33:INFO:root:BEGIN Outer loop
30-Nov 14:32:33:INFO:root:-- Outer 3: 0.005196323514105197
30-Nov 14:32:33:INFO:root:Model trade shares: [0.962002, 0.931354, 0.994151]
30-Nov 14:32:33:INFO:root:Data trade shares: [0.961578, 0.934257, 0.993842]
30-Nov 14:32:33:INFO:root:US prices: [0.960185, 0.922426, 0.92937]
30-Nov 14:32:33:INFO:root:in the data: [2.5813, 2.43608, 2.43608]
30-Nov 14:32:33:INFO:root:Nominal world expenditure: 1.4447493663147248e7
30-Nov 14:32:33:INFO:root:--------------In the data: [3.7723e7]
30-Nov 14:32:33:INFO:root:--- Period 30 ---
30-Nov 14:32:33:INFO:root:BEGIN Outer loop
30-Nov 14:32:33:INFO:root:------ Middle 3: 0.00019721665219737085
30-Nov 14:32:34:INFO:root:Starting from 1.4297943350920016e-17
30-Nov 14:32:34:INFO:root:-- Outer 3: 0.005207179085377304
30-Nov 14:32:34:INFO:root:------ Middle 1: 0.00037841444501513226
30-Nov 14:32:34:INFO:root:------ Middle 1: 0.00026911288118338056
30-Nov 14:32:34:INFO:root:Starting from 1.4430092964175975e-17
30-Nov 14:32:34:INFO:root:-- Outer 5: 0.0013806448187318068
30-Nov 14:32:34:INFO:root:------ Middle 1: 0.00037014691966673894
30-Nov 14:32:35:INFO:root:------ Middle 1: 0.00024462449900277257
30-Nov 14:32:35:INFO:root:Starting from 1.5576592983596022e-17
30-Nov 14:32:35:INFO:root:-- Outer 7: 0.0006424580913580582
30-Nov 14:32:35:INFO:root:END Outer loop
30-Nov 14:32:35:INFO:root:Model trade shares: [0.967352, 0.939218, 0.993918]
30-Nov 14:32:35:INFO:root:Data trade shares: [0.958317, 0.928046, 0.993489]
30-Nov 14:32:35:INFO:root:US prices: [1.00607, 0.913687, 0.933923]
30-Nov 14:32:35:INFO:root:in the data: [2.43661, 2.20422, 2.20422]
30-Nov 14:32:35:INFO:root:Nominal world expenditure: 1.434449737808479e7
30-Nov 14:32:35:INFO:root:--------------In the data: [3.25615e7]
30-Nov 14:32:35:INFO:root:--- Period 31 ---
30-Nov 14:32:36:INFO:root:BEGIN Outer loop
30-Nov 14:32:37:INFO:root:------ Middle 1: 0.00026012090508756053
30-Nov 14:32:37:INFO:root:Starting from 1.4123083926135952e-17
30-Nov 14:32:37:INFO:root:-- Outer 6: 0.00078375372447724
30-Nov 14:32:37:INFO:root:END Outer loop
30-Nov 14:32:38:INFO:root:Model trade shares: [0.959465, 0.934043, 0.993211]
30-Nov 14:32:38:INFO:root:Data trade shares: [0.960926, 0.936095, 0.990604]
30-Nov 14:32:38:INFO:root:US prices: [0.907829, 0.897629, 0.865239]
30-Nov 14:32:38:INFO:root:in the data: [2.54462, 2.53886, 2.53886]
30-Nov 14:32:38:INFO:root:Nominal world expenditure: 1.5805585486154722e7
30-Nov 14:32:38:INFO:root:--------------In the data: [4.29516e7]
30-Nov 14:32:38:INFO:root:--- Period 32 ---
30-Nov 14:32:38:INFO:root:BEGIN Outer loop
30-Nov 14:32:38:INFO:root:------ Middle 2: 0.00020072522590995414
30-Nov 14:32:38:INFO:root:Starting from 2.094857739554561e-17
30-Nov 14:32:38:INFO:root:-- Outer 4: 0.002504567477169046
30-Nov 14:32:40:INFO:root:------ Middle 2: 0.00023358300191486214
30-Nov 14:32:40:INFO:root:Starting from 1.3645488240035057e-17
30-Nov 14:32:40:INFO:root:-- Outer 4: 0.002662288726416633
30-Nov 14:32:41:INFO:root:------ Middle 1: 0.00032382983721710996
30-Nov 14:32:42:INFO:root:------ Middle 1: 0.0002566143354895613
30-Nov 14:32:42:INFO:root:Starting from 1.4167378885390833e-17
30-Nov 14:32:42:INFO:root:-- Outer 5: 0.0014106121684894102
30-Nov 14:32:42:INFO:root:------ Middle 2: 0.0003558994493966352
30-Nov 14:32:42:INFO:root:------ Middle 2: 0.0003587705854520051
30-Nov 14:32:43:INFO:root:------ Middle 3: 0.00019819291676413073
30-Nov 14:32:43:INFO:root:Starting from 1.917212311009583e-17
30-Nov 14:32:43:INFO:root:-- Outer 3: 0.005285717455044498
30-Nov 14:32:43:INFO:root:------ Middle 2: 0.0002326730262132992
30-Nov 14:32:43:INFO:root:Starting from 1.5819716458954995e-17
30-Nov 14:32:43:INFO:root:-- Outer 4: 0.0024175453927278868
30-Nov 14:32:43:INFO:root:------ Middle 3: 0.0001999078668824784
30-Nov 14:32:43:INFO:root:Starting from 1.8792199144929045e-17
30-Nov 14:32:43:INFO:root:-- Outer 3: 0.005243560319054872
30-Nov 14:32:44:INFO:root:------ Middle 1: 0.0004093187705243565
30-Nov 14:32:44:INFO:root:------ Middle 1: 0.00028498863217140606
30-Nov 14:32:44:INFO:root:Starting from 1.3967144718332704e-17
30-Nov 14:32:44:INFO:root:-- Outer 5: 0.002625996285145063
30-Nov 14:32:44:INFO:root:------ Middle 1: 0.0004100216426791411
30-Nov 14:32:44:INFO:root:------ Middle 2: 0.00017536453485094197
30-Nov 14:32:44:INFO:root:Starting from 1.740894618870417e-17
30-Nov 14:32:44:INFO:root:-- Outer 5: 0.001717877074843646
30-Nov 14:32:45:INFO:root:------ Middle 1: 0.0002490615110030637
30-Nov 14:32:45:INFO:root:Starting from 1.8066462961234645e-17
30-Nov 14:32:45:INFO:root:-- Outer 6: 0.0008209678129642623
30-Nov 14:32:45:INFO:root:END Outer loop
30-Nov 14:32:45:INFO:root:------ Middle 1: 0.00024224077316468845
30-Nov 14:32:45:INFO:root:Starting from 1.5828438076071843e-17
30-Nov 14:32:45:INFO:root:-- Outer 6: 0.0018776576271363095
30-Nov 14:32:45:INFO:root:Model trade shares: [0.965239, 0.933823, 0.993577]
30-Nov 14:32:45:INFO:root:Data trade shares: [0.960491, 0.93458, 0.986591]
30-Nov 14:32:45:INFO:root:US prices: [0.857618, 0.878846, 0.833368]
30-Nov 14:32:45:INFO:root:in the data: [2.52256, 2.5595, 2.5595]
30-Nov 14:32:45:INFO:root:Nominal world expenditure: 1.6075678956266165e7
30-Nov 14:32:45:INFO:root:--------------In the data: [4.55098e7]
30-Nov 14:32:46:INFO:root:--- Period 33 ---
30-Nov 14:32:46:INFO:root:BEGIN Outer loop
30-Nov 14:32:48:INFO:root:------ Middle 1: 0.00026989517755469597
30-Nov 14:32:49:INFO:root:Starting from 1.432839475185392e-17
30-Nov 14:32:49:INFO:root:-- Outer 7: 0.0007024629014223264
30-Nov 14:32:49:INFO:root:END Outer loop
30-Nov 14:32:49:INFO:root:Model trade shares: [0.958831, 0.922031, 0.988873]
30-Nov 14:32:49:INFO:root:Data trade shares: [0.954902, 0.927282, 0.98849]
30-Nov 14:32:49:INFO:root:US prices: [0.849415, 0.877564, 0.905687]
30-Nov 14:32:49:INFO:root:in the data: [2.81662, 2.76323, 2.76323]
30-Nov 14:32:49:INFO:root:Nominal world expenditure: 1.766174402426194e7
30-Nov 14:32:49:INFO:root:--------------In the data: [5.52518e7]
30-Nov 14:32:49:INFO:root:--- Period 34 ---
30-Nov 14:32:49:INFO:root:BEGIN Outer loop
30-Nov 14:32:53:INFO:root:------ Middle 2: 0.00023670962927622367
30-Nov 14:32:53:INFO:root:Starting from 1.5844367781227213e-17
30-Nov 14:32:53:INFO:root:-- Outer 4: 0.002685679908811274
30-Nov 14:32:54:INFO:root:------ Middle 1: 0.00031038843126333004
30-Nov 14:32:54:INFO:root:------ Middle 1: 0.0003165674986016858
30-Nov 14:32:55:INFO:root:------ Middle 2: 0.00017090840305456696
30-Nov 14:32:55:INFO:root:Starting from 1.9492578899291253e-17
30-Nov 14:32:55:INFO:root:------ Middle 2: 0.0002366917269978781
30-Nov 14:32:55:INFO:root:-- Outer 6: 0.0008461199129586539
30-Nov 14:32:55:INFO:root:END Outer loop
30-Nov 14:32:55:INFO:root:Starting from 1.6353749117781267e-17
30-Nov 14:32:55:INFO:root:-- Outer 4: 0.0025119894091819505
30-Nov 14:32:55:INFO:root:Model trade shares: [0.96213, 0.939008, 0.991148]
30-Nov 14:32:55:INFO:root:Data trade shares: [0.959588, 0.937566, 0.971212]
30-Nov 14:32:55:INFO:root:US prices: [0.91771, 0.871103, 0.925537]
30-Nov 14:32:55:INFO:root:in the data: [2.70826, 2.57595, 2.57595]
30-Nov 14:32:55:INFO:root:Nominal world expenditure: 1.5702907273588872e7
30-Nov 14:32:55:INFO:root:--------------In the data: [4.5848e7]
30-Nov 14:32:55:INFO:root:--- Period 35 ---
30-Nov 14:32:55:INFO:root:BEGIN Outer loop
30-Nov 14:32:56:INFO:root:------ Middle 1: 0.00030809102158955374
30-Nov 14:32:57:INFO:root:------ Middle 2: 0.0001758766981459842
30-Nov 14:32:57:INFO:root:Starting from 1.984904480936946e-17
30-Nov 14:32:57:INFO:root:-- Outer 5: 0.0017348345890937996
30-Nov 14:32:58:INFO:root:------ Middle 1: 0.0002383242385073026
30-Nov 14:32:58:INFO:root:Starting from 1.8510010588263218e-17
30-Nov 14:32:58:INFO:root:-- Outer 6: 0.0019040929233669955
30-Nov 14:32:59:INFO:root:------ Middle 2: 0.0001717892633029185
30-Nov 14:32:59:INFO:root:Starting from 1.731651428457357e-17
30-Nov 14:32:59:INFO:root:-- Outer 5: 0.001557338473827998
30-Nov 14:32:59:INFO:root:------ Middle 1: 0.0002312457135302936
30-Nov 14:33:00:INFO:root:Starting from 1.5890788654439203e-17
30-Nov 14:33:00:INFO:root:-- Outer 6: 0.0016952995777044114
30-Nov 14:33:01:INFO:root:------ Middle 1: 0.00026704058649483964
30-Nov 14:33:01:INFO:root:Starting from 1.7579666319497535e-17
30-Nov 14:33:01:INFO:root:-- Outer 7: 0.0007188883570594173
30-Nov 14:33:01:INFO:root:END Outer loop
30-Nov 14:33:02:INFO:root:Model trade shares: [0.948937, 0.9343, 0.994206]
30-Nov 14:33:02:INFO:root:Data trade shares: [0.950579, 0.929714, 0.991388]
30-Nov 14:33:02:INFO:root:US prices: [0.903747, 0.862643, 0.862578]
30-Nov 14:33:02:INFO:root:in the data: [2.71827, 2.64842, 2.64842]
30-Nov 14:33:02:INFO:root:Nominal world expenditure: 1.8286430945203234e7
30-Nov 14:33:02:INFO:root:--------------In the data: [5.43532e7]
30-Nov 14:33:02:INFO:root:--- Period 36 ---
30-Nov 14:33:02:INFO:root:BEGIN Outer loop
30-Nov 14:33:02:INFO:root:------ Middle 1: 0.000258646923340124
30-Nov 14:33:03:INFO:root:Starting from 1.7872651199334843e-17
30-Nov 14:33:03:INFO:root:-- Outer 7: 0.0006416661153074612
30-Nov 14:33:03:INFO:root:END Outer loop
30-Nov 14:33:03:INFO:root:Model trade shares: [0.955253, 0.937745, 0.991722]
30-Nov 14:33:03:INFO:root:Data trade shares: [0.955615, 0.931697, 0.991754]
30-Nov 14:33:03:INFO:root:US prices: [0.841889, 0.852055, 0.877036]
30-Nov 14:33:03:INFO:root:in the data: [2.59006, 2.59665, 2.59665]
30-Nov 14:33:03:INFO:root:Nominal world expenditure: 1.7247323923135262e7
30-Nov 14:33:03:INFO:root:--------------In the data: [4.90999e7]
30-Nov 14:33:22:INFO:root:------ Middle 1: 0.0042876449637082635
30-Nov 14:33:23:INFO:root:------ Middle 2: 0.002362183229073517
30-Nov 14:33:31:INFO:root:------ Middle 1: 0.004147007473667077
30-Nov 14:33:32:INFO:root:------ Middle 2: 0.002284760565785432
30-Nov 14:33:32:INFO:root:------ Middle 1: 0.00410831743631505
30-Nov 14:33:32:INFO:root:------ Middle 1: 0.004115881359415502
30-Nov 14:33:33:INFO:root:------ Middle 2: 0.002263195067680702
30-Nov 14:33:33:INFO:root:------ Middle 2: 0.0022675020833163076
30-Nov 14:33:35:INFO:root:------ Middle 1: 0.004054780226571833
30-Nov 14:33:36:INFO:root:------ Middle 2: 0.0022337697091416434
30-Nov 14:33:38:INFO:root:------ Middle 3: 0.001836074519499988
30-Nov 14:33:38:INFO:root:------ Middle 4: 0.0010137965676985997
30-Nov 14:33:41:INFO:root:------ Middle 1: 0.004469275278967466
30-Nov 14:33:42:INFO:root:------ Middle 2: 0.0024617869754708786
30-Nov 14:33:46:INFO:root:------ Middle 1: 0.004226990233315511
30-Nov 14:33:47:INFO:root:------ Middle 3: 0.0017581396568221558
30-Nov 14:33:47:INFO:root:------ Middle 5: 0.0008162628740310726
30-Nov 14:33:47:INFO:root:------ Middle 2: 0.00232840048465562
30-Nov 14:33:47:INFO:root:------ Middle 4: 0.0009706884240082715
30-Nov 14:33:47:INFO:root:------ Middle 6: 0.0004520887774304893
30-Nov 14:33:48:INFO:root:------ Middle 3: 0.0017789410142139753
30-Nov 14:33:48:INFO:root:------ Middle 3: 0.0017580219052557762
30-Nov 14:33:49:INFO:root:------ Middle 4: 0.000982267283274456
30-Nov 14:33:49:INFO:root:------ Middle 4: 0.0009707677686025521
30-Nov 14:33:50:INFO:root:------ Middle 1: 0.0047432132362338775
30-Nov 14:33:50:INFO:root:------ Middle 2: 0.002612519873050902
30-Nov 14:33:50:INFO:root:------ Middle 7: 0.00036275264464853685
30-Nov 14:33:51:INFO:root:------ Middle 3: 0.0017372361679567063
30-Nov 14:33:51:INFO:root:------ Middle 1: 0.004707550003267794
30-Nov 14:33:52:INFO:root:------ Middle 4: 0.0009592867790501243
30-Nov 14:33:52:INFO:root:------ Middle 8: 0.00022923215181690936
30-Nov 14:33:52:INFO:root:Starting from 1.1412436712096692e-17
30-Nov 14:33:52:INFO:root:-- Outer 1: 0.0220103946803625
30-Nov 14:33:52:INFO:root:------ Middle 2: 0.0025928920232267372
30-Nov 14:33:53:INFO:root:------ Middle 1: 0.00253880489225564
30-Nov 14:33:55:INFO:root:------ Middle 3: 0.0018829358872023132
30-Nov 14:33:55:INFO:root:------ Middle 1: 0.004701432497651963
30-Nov 14:33:55:INFO:root:------ Middle 5: 0.000782148605773382
30-Nov 14:33:55:INFO:root:------ Middle 4: 0.0010395309827709051
30-Nov 14:33:56:INFO:root:------ Middle 2: 0.0025894248738515535
30-Nov 14:33:56:INFO:root:------ Middle 6: 0.00043370778921440376
30-Nov 14:33:58:INFO:root:------ Middle 5: 0.000790258382683972
30-Nov 14:33:58:INFO:root:------ Middle 5: 0.0007799498129983787
30-Nov 14:33:59:INFO:root:------ Middle 7: 0.00034722721071022664
30-Nov 14:33:59:INFO:root:------ Middle 6: 0.00043789092977376587
30-Nov 14:33:59:INFO:root:------ Middle 6: 0.0004323121031804434
30-Nov 14:34:00:INFO:root:------ Middle 8: 0.00021878957826276072
30-Nov 14:34:00:INFO:root:Starting from 1.2054661364532962e-17
30-Nov 14:34:00:INFO:root:-- Outer 1: 0.019953200742331235
30-Nov 14:34:01:INFO:root:------ Middle 1: 0.002495179634559681
30-Nov 14:34:01:INFO:root:------ Middle 3: 0.0019758268353788407
30-Nov 14:34:01:INFO:root:------ Middle 5: 0.0007758897978606595
30-Nov 14:34:02:INFO:root:------ Middle 4: 0.0010910852991361701
30-Nov 14:34:02:INFO:root:------ Middle 7: 0.0003472898190916271
30-Nov 14:34:02:INFO:root:------ Middle 7: 0.00035177942047029853
30-Nov 14:34:02:INFO:root:------ Middle 6: 0.00043033806142950596
30-Nov 14:34:03:INFO:root:------ Middle 3: 0.0017948650210386592
30-Nov 14:34:03:INFO:root:------ Middle 8: 0.00021902659341915766
30-Nov 14:34:03:INFO:root:Starting from 1.17263904215046e-17
30-Nov 14:34:03:INFO:root:-- Outer 1: 0.020627372487869687
30-Nov 14:34:03:INFO:root:------ Middle 8: 0.00022189538265578561
30-Nov 14:34:03:INFO:root:Starting from 1.1895337795392837e-17
30-Nov 14:34:03:INFO:root:-- Outer 1: 0.02121115876334705
30-Nov 14:34:03:INFO:root:------ Middle 5: 0.00082612727042866
30-Nov 14:34:04:INFO:root:------ Middle 4: 0.0009909339242995645
30-Nov 14:34:04:INFO:root:------ Middle 1: 0.0024912649072686937
30-Nov 14:34:04:INFO:root:------ Middle 6: 0.0004572208550644624
30-Nov 14:34:04:INFO:root:------ Middle 1: 0.0025094492094848465
30-Nov 14:34:05:INFO:root:------ Middle 3: 0.0019685915519536807
30-Nov 14:34:05:INFO:root:------ Middle 7: 0.0003454748746686828
30-Nov 14:34:06:INFO:root:------ Middle 4: 0.0010867372838033373
30-Nov 14:34:07:INFO:root:------ Middle 8: 0.00021789823777433509
30-Nov 14:34:07:INFO:root:Starting from 1.2039032534305702e-17
30-Nov 14:34:07:INFO:root:-- Outer 1: 0.020247812322358023
30-Nov 14:34:07:INFO:root:------ Middle 7: 0.0003604781486820232
30-Nov 14:34:07:INFO:root:------ Middle 3: 0.0019533010319428955
30-Nov 14:34:07:INFO:root:------ Middle 1: 0.0023994176776740003
30-Nov 14:34:08:INFO:root:------ Middle 4: 0.0010778145964304966
30-Nov 14:34:08:INFO:root:------ Middle 1: 0.004595447434944902
30-Nov 14:34:09:INFO:root:------ Middle 8: 0.0002277611236116208
30-Nov 14:34:09:INFO:root:Starting from 1.1522131175866461e-17
30-Nov 14:34:09:INFO:root:-- Outer 1: 0.019851332048676902
30-Nov 14:34:09:INFO:root:------ Middle 2: 0.002530909736164056
30-Nov 14:34:10:INFO:root:------ Middle 5: 0.0008594024359372104
30-Nov 14:34:10:INFO:root:------ Middle 1: 0.0026018123938163053
30-Nov 14:34:10:INFO:root:------ Middle 6: 0.000475164412428424
30-Nov 14:34:11:INFO:root:------ Middle 2: 0.0007463682631161832
30-Nov 14:34:11:INFO:root:------ Middle 3: 0.00041388843126977326
30-Nov 14:34:12:INFO:root:------ Middle 5: 0.0007913301230832379
30-Nov 14:34:13:INFO:root:------ Middle 6: 0.00043819896270083257
30-Nov 14:34:13:INFO:root:------ Middle 7: 0.00037008472428059743
30-Nov 14:34:14:INFO:root:------ Middle 5: 0.0008576040164733947
30-Nov 14:34:14:INFO:root:------ Middle 8: 0.00022422234884747992
30-Nov 14:34:14:INFO:root:Starting from 1.2136529800559401e-17
30-Nov 14:34:14:INFO:root:-- Outer 1: 0.02046249599481271
30-Nov 14:34:14:INFO:root:------ Middle 4: 0.0003043270315640475
30-Nov 14:34:14:INFO:root:------ Middle 6: 0.0004743322431610771
30-Nov 14:34:15:INFO:root:------ Middle 1: 0.0028198252894115583
30-Nov 14:34:15:INFO:root:------ Middle 5: 0.0008428468751527193
30-Nov 14:34:15:INFO:root:------ Middle 5: 0.00018460436095454926
30-Nov 14:34:15:INFO:root:Starting from 2.0133211595443554e-17
30-Nov 14:34:15:INFO:root:-- Outer 2: 0.010869608240599007
30-Nov 14:34:16:INFO:root:------ Middle 6: 0.00046522023892365833
30-Nov 14:34:16:INFO:root:------ Middle 1: 0.0007301357379122182
30-Nov 14:34:16:INFO:root:------ Middle 7: 0.0003486243803395207
30-Nov 14:34:17:INFO:root:------ Middle 2: 0.0007221196058038493
30-Nov 14:34:17:INFO:root:------ Middle 7: 0.00037041197031419527
30-Nov 14:34:18:INFO:root:------ Middle 3: 0.0004005452495550996
30-Nov 14:34:18:INFO:root:------ Middle 8: 0.00022023793094159042
30-Nov 14:34:18:INFO:root:Starting from 1.1377226117921216e-17
30-Nov 14:34:18:INFO:root:-- Outer 1: 0.019488415794014422
30-Nov 14:34:18:INFO:root:------ Middle 8: 0.00022443875291131143
30-Nov 14:34:18:INFO:root:Starting from 1.1498398386359604e-17
30-Nov 14:34:18:INFO:root:-- Outer 1: 0.020343707248244802
30-Nov 14:34:18:INFO:root:------ Middle 7: 0.0003602167571602739
30-Nov 14:34:19:INFO:root:------ Middle 1: 0.0024441687571463656
30-Nov 14:34:19:INFO:root:------ Middle 1: 0.0027185309123848728
30-Nov 14:34:19:INFO:root:------ Middle 8: 0.00021897402419120875
30-Nov 14:34:19:INFO:root:Starting from 1.1705953897615196e-17
30-Nov 14:34:19:INFO:root:-- Outer 1: 0.01977686617579962
30-Nov 14:34:20:INFO:root:------ Middle 1: 0.002821016203715432
30-Nov 14:34:20:INFO:root:------ Middle 4: 0.0002928599250330249
30-Nov 14:34:20:INFO:root:Starting from 2.250721451710705e-17
30-Nov 14:34:20:INFO:root:-- Outer 2: 0.010038271406381569
30-Nov 14:34:21:INFO:root:------ Middle 1: 0.0007301117575367535
30-Nov 14:34:22:INFO:root:------ Middle 2: 0.0007101362644310262
30-Nov 14:34:22:INFO:root:------ Middle 3: 0.0019028891513381567
30-Nov 14:34:22:INFO:root:------ Middle 2: 0.0007445588873474688
30-Nov 14:34:23:INFO:root:------ Middle 3: 0.00039392126145302767
30-Nov 14:34:23:INFO:root:------ Middle 4: 0.0010497040590400392
30-Nov 14:34:23:INFO:root:------ Middle 3: 0.00041271383998833707
30-Nov 14:34:24:INFO:root:------ Middle 2: 0.00075447806529211
30-Nov 14:34:24:INFO:root:------ Middle 3: 0.0004189773342766423
30-Nov 14:34:25:INFO:root:------ Middle 2: 0.000702529995777244
30-Nov 14:34:25:INFO:root:------ Middle 4: 0.000289664602477466
30-Nov 14:34:25:INFO:root:Starting from 2.1977350030643525e-17
30-Nov 14:34:25:INFO:root:-- Outer 2: 0.010351076902789141
30-Nov 14:34:26:INFO:root:------ Middle 3: 0.0003897874260793983
30-Nov 14:34:26:INFO:root:------ Middle 2: 0.0008555563115410633
30-Nov 14:34:26:INFO:root:------ Middle 4: 0.00030233587118577156
30-Nov 14:34:26:INFO:root:------ Middle 1: 0.0007212755416676549
30-Nov 14:34:27:INFO:root:------ Middle 3: 0.0004741592730955737
30-Nov 14:34:27:INFO:root:------ Middle 5: 0.00018346523847574307
30-Nov 14:34:27:INFO:root:Starting from 2.074045466778428e-17
30-Nov 14:34:27:INFO:root:-- Outer 2: 0.010544217277651428
30-Nov 14:34:27:INFO:root:------ Middle 4: 0.0003069805771227389
30-Nov 14:34:28:INFO:root:------ Middle 1: 0.0007009983762158227
30-Nov 14:34:28:INFO:root:------ Middle 5: 0.00018968625008671395
30-Nov 14:34:28:INFO:root:Starting from 1.942106861089832e-17
30-Nov 14:34:28:INFO:root:-- Outer 2: 0.009938234970613006
30-Nov 14:34:29:INFO:root:------ Middle 1: 0.0007112696521702556
30-Nov 14:34:29:INFO:root:------ Middle 4: 0.0002857817945389789
30-Nov 14:34:29:INFO:root:Starting from 2.247395957774426e-17
30-Nov 14:34:29:INFO:root:-- Outer 2: 0.010164287153049498
30-Nov 14:34:30:INFO:root:------ Middle 1: 0.0007129650384542754
30-Nov 14:34:30:INFO:root:------ Middle 2: 0.0008257630497251526
30-Nov 14:34:30:INFO:root:------ Middle 4: 0.0003704986710509159
30-Nov 14:34:31:INFO:root:------ Middle 3: 0.00046238467109362434
30-Nov 14:34:31:INFO:root:------ Middle 5: 0.0008203187475590501
30-Nov 14:34:31:INFO:root:------ Middle 5: 0.00021239687257818238
30-Nov 14:34:31:INFO:root:Starting from 1.9196763043729676e-17
30-Nov 14:34:31:INFO:root:-- Outer 2: 0.010347962383003962
30-Nov 14:34:32:INFO:root:------ Middle 6: 0.0004527631916296063
30-Nov 14:34:32:INFO:root:------ Middle 2: 0.0003349722340925342
30-Nov 14:34:32:INFO:root:------ Middle 2: 0.0007961143555208577
30-Nov 14:34:33:INFO:root:------ Middle 3: 0.0001870086008632063
30-Nov 14:34:33:INFO:root:Starting from 1.1536040043410384e-17
30-Nov 14:34:33:INFO:root:-- Outer 3: 0.005039968522281868
30-Nov 14:34:33:INFO:root:------ Middle 3: 0.0004422479517266293
30-Nov 14:34:34:INFO:root:------ Middle 1: 0.000410079222922711
30-Nov 14:34:34:INFO:root:------ Middle 4: 0.00035823709520780905
30-Nov 14:34:35:INFO:root:------ Middle 7: 0.00035079218910423666
30-Nov 14:34:35:INFO:root:------ Middle 5: 0.00020641720860207393
30-Nov 14:34:35:INFO:root:Starting from 1.976330592474967e-17
30-Nov 14:34:35:INFO:root:-- Outer 2: 0.010047649062544208
30-Nov 14:34:35:INFO:root:------ Middle 2: 0.0007120823624323492
30-Nov 14:34:36:INFO:root:------ Middle 8: 0.0002133149850692328
30-Nov 14:34:36:INFO:root:Starting from 1.1429269270015678e-17
30-Nov 14:34:36:INFO:root:-- Outer 1: 0.018857473477411613
30-Nov 14:34:36:INFO:root:------ Middle 2: 0.0003745582776200597
30-Nov 14:34:36:INFO:root:------ Middle 3: 0.00039513954647580067
30-Nov 14:34:36:INFO:root:------ Middle 4: 0.0003264120334464578
30-Nov 14:34:37:INFO:root:------ Middle 1: 0.00265227311070843
30-Nov 14:34:37:INFO:root:------ Middle 3: 0.00020879888232914348
30-Nov 14:34:37:INFO:root:Starting from 1.9178100434187222e-17
30-Nov 14:34:37:INFO:root:-- Outer 3: 0.004735376216525861
30-Nov 14:34:37:INFO:root:------ Middle 5: 0.00020239152327911455
30-Nov 14:34:37:INFO:root:Starting from 2.085351570126635e-17
30-Nov 14:34:37:INFO:root:-- Outer 2: 0.010270206486731171
30-Nov 14:34:38:INFO:root:------ Middle 1: 0.0004243965346125329
30-Nov 14:34:39:INFO:root:------ Middle 4: 0.0002894732315267532
30-Nov 14:34:39:INFO:root:Starting from 2.4892189550139727e-17
30-Nov 14:34:39:INFO:root:-- Outer 2: 0.009817031597386616
30-Nov 14:34:40:INFO:root:------ Middle 1: 0.0006847369924796705
30-Nov 14:34:42:INFO:root:------ Middle 2: 0.000331390872150968
30-Nov 14:34:43:INFO:root:------ Middle 3: 0.00018569782856157698
30-Nov 14:34:43:INFO:root:Starting from 2.4548110443439528e-17
30-Nov 14:34:43:INFO:root:-- Outer 3: 0.004662294196862812
30-Nov 14:34:43:INFO:root:------ Middle 2: 0.0003578203699718692
30-Nov 14:34:43:INFO:root:------ Middle 2: 0.00022568205643772594
30-Nov 14:34:43:INFO:root:Starting from 1.509080062497809e-17
30-Nov 14:34:43:INFO:root:-- Outer 4: 0.0025437611672427542
30-Nov 14:34:44:INFO:root:------ Middle 1: 0.00041029332918007875
30-Nov 14:34:44:INFO:root:------ Middle 3: 0.00019975639929139955
30-Nov 14:34:44:INFO:root:Starting from 1.3413584103109634e-17
30-Nov 14:34:44:INFO:root:-- Outer 3: 0.004859374205244561
30-Nov 14:34:44:INFO:root:------ Middle 1: 0.00030983967148387703
30-Nov 14:34:44:INFO:root:------ Middle 2: 0.000323090503853799
30-Nov 14:34:45:INFO:root:------ Middle 1: 0.00040472330535137717
30-Nov 14:34:45:INFO:root:------ Middle 3: 0.00018067697477526582
30-Nov 14:34:45:INFO:root:Starting from 1.684116532798163e-17
30-Nov 14:34:45:INFO:root:-- Outer 3: 0.004919712466345357
30-Nov 14:34:46:INFO:root:------ Middle 1: 0.00039498892337660525
30-Nov 14:34:46:INFO:root:------ Middle 1: 0.00047574377885768157
30-Nov 14:34:47:INFO:root:------ Middle 2: 0.0007848329851557828
30-Nov 14:34:47:INFO:root:------ Middle 2: 0.00036711769774427764
30-Nov 14:34:47:INFO:root:------ Middle 2: 0.0002630922650174513
30-Nov 14:34:47:INFO:root:Starting from 1.714263244579507e-17
30-Nov 14:34:47:INFO:root:-- Outer 3: 0.004606315129985515
30-Nov 14:34:47:INFO:root:------ Middle 2: 0.00016811720594828261
30-Nov 14:34:47:INFO:root:------ Middle 2: 0.00023859704279664075
30-Nov 14:34:47:INFO:root:Starting from 1.8507433555213674e-17
30-Nov 14:34:47:INFO:root:Starting from 1.7929021356710062e-17
30-Nov 14:34:47:INFO:root:-- Outer 5: 0.0016304538661467785
30-Nov 14:34:47:INFO:root:-- Outer 4: 0.0024498652912043626
30-Nov 14:34:47:INFO:root:------ Middle 3: 0.0004420264252513244
30-Nov 14:34:47:INFO:root:------ Middle 3: 0.00020489846888825406
30-Nov 14:34:47:INFO:root:Starting from 1.2761652821669274e-17
30-Nov 14:34:47:INFO:root:-- Outer 3: 0.004823081191484197
30-Nov 14:34:48:INFO:root:------ Middle 1: 0.000325426365816733
30-Nov 14:34:48:INFO:root:------ Middle 1: 0.00023227958828749693
30-Nov 14:34:48:INFO:root:Starting from 1.4871315068399648e-17
30-Nov 14:34:48:INFO:root:-- Outer 6: 0.0017809704502762948
30-Nov 14:34:48:INFO:root:------ Middle 1: 0.00041479545938225487
30-Nov 14:34:49:INFO:root:------ Middle 1: 0.0004746054440310513
30-Nov 14:34:50:INFO:root:------ Middle 2: 0.00026215479255424143
30-Nov 14:34:50:INFO:root:Starting from 2.0095635259831513e-17
30-Nov 14:34:50:INFO:root:-- Outer 3: 0.00449075441589293
30-Nov 14:34:51:INFO:root:------ Middle 1: 0.0004541325432452694
30-Nov 14:34:51:INFO:root:------ Middle 1: 0.00025856902761056867
30-Nov 14:34:51:INFO:root:Starting from 1.540583380443811e-17
30-Nov 14:34:51:INFO:root:-- Outer 7: 0.000671787072983815
30-Nov 14:34:51:INFO:root:END Outer loop
30-Nov 14:34:51:INFO:root:------ Middle 4: 0.00034151841615594506
30-Nov 14:34:51:INFO:root:------ Middle 2: 0.0001747317600114194
30-Nov 14:34:51:INFO:root:Starting from 2.1889243698918813e-17
30-Nov 14:34:51:INFO:root:-- Outer 5: 0.0016066609692520469
30-Nov 14:34:51:INFO:root:Model trade shares: [0.953456, 0.929452, 0.991535]
30-Nov 14:34:51:INFO:root:Data trade shares: [0.951101, 0.932187, 0.983861]
30-Nov 14:34:51:INFO:root:US prices: [0.869365, 0.838388, 0.900912]
30-Nov 14:34:51:INFO:root:in the data: [2.96009, 2.78199, 2.78199]
30-Nov 14:34:51:INFO:root:Nominal world expenditure: 1.699461060077427e7
30-Nov 14:34:51:INFO:root:--------------In the data: [5.49713e7]
30-Nov 14:34:52:INFO:root:------ Middle 2: 0.00025106508520707173
30-Nov 14:34:52:INFO:root:Starting from 1.385323724232534e-17
30-Nov 14:34:52:INFO:root:-- Outer 3: 0.004529682432110455
30-Nov 14:34:52:INFO:root:------ Middle 5: 0.00019881341830994115
30-Nov 14:34:52:INFO:root:Starting from 1.6657677213080474e-17
30-Nov 14:34:52:INFO:root:-- Outer 2: 0.009619172453868462
30-Nov 14:34:52:INFO:root:------ Middle 1: 0.00024256334130120047
30-Nov 14:34:52:INFO:root:Starting from 1.705370139264315e-17
30-Nov 14:34:52:INFO:root:-- Outer 6: 0.0017781374080814438
30-Nov 14:34:52:INFO:root:------ Middle 2: 0.0002250042768191403
30-Nov 14:34:52:INFO:root:Starting from 2.0330729859192282e-17
30-Nov 14:34:52:INFO:root:-- Outer 4: 0.002432978142015383
30-Nov 14:34:53:INFO:root:------ Middle 1: 0.0003149364391633672
30-Nov 14:34:54:INFO:root:------ Middle 2: 0.00022698774406740207
30-Nov 14:34:54:INFO:root:Starting from 1.6330552599034326e-17
30-Nov 14:34:54:INFO:root:-- Outer 4: 0.002450860618999161
30-Nov 14:34:55:INFO:root:------ Middle 1: 0.00044055313216225797
30-Nov 14:34:55:INFO:root:------ Middle 1: 0.00030397082610925086
30-Nov 14:34:55:INFO:root:------ Middle 1: 0.0004372943771467168
30-Nov 14:34:56:INFO:root:------ Middle 2: 0.00021886317727265667
30-Nov 14:34:56:INFO:root:Starting from 1.7516239921956633e-17
30-Nov 14:34:56:INFO:root:-- Outer 4: 0.0024750311590587726
30-Nov 14:34:56:INFO:root:------ Middle 1: 0.00025755342727303097
30-Nov 14:34:56:INFO:root:Starting from 1.8267071839645885e-17
30-Nov 14:34:56:INFO:root:-- Outer 7: 0.0006331227587434116
30-Nov 14:34:56:INFO:root:END Outer loop
30-Nov 14:34:56:INFO:root:------ Middle 2: 0.00024059623244985893
30-Nov 14:34:56:INFO:root:Starting from 1.817681609338473e-17
30-Nov 14:34:56:INFO:root:Model trade shares: [0.949041, 0.934119, 0.989122]
30-Nov 14:34:56:INFO:root:Data trade shares: [0.951781, 0.9268, 0.989231]
30-Nov 14:34:56:INFO:root:US prices: [0.855067, 0.846952, 0.829343]
30-Nov 14:34:56:INFO:root:in the data: [2.94894, 2.90959, 2.90959]
30-Nov 14:34:56:INFO:root:-- Outer 4: 0.002529101807643918
30-Nov 14:34:56:INFO:root:Nominal world expenditure: 1.735654802278819e7
30-Nov 14:34:56:INFO:root:--------------In the data: [5.76528e7]
30-Nov 14:34:56:INFO:root:------ Middle 2: 0.00016776990837508697
30-Nov 14:34:56:INFO:root:Starting from 1.7545264146802618e-17
30-Nov 14:34:56:INFO:root:-- Outer 5: 0.0015882323638109351
30-Nov 14:34:57:INFO:root:------ Middle 1: 0.00029773006414560214
30-Nov 14:34:57:INFO:root:Starting from 2.3721828430863733e-17
30-Nov 14:34:57:INFO:root:-- Outer 5: 0.002737813776123134
30-Nov 14:34:57:INFO:root:------ Middle 1: 0.0003702236742077161
30-Nov 14:34:57:INFO:root:------ Middle 1: 0.0002351549306678685
30-Nov 14:34:57:INFO:root:Starting from 1.554887017954104e-17
30-Nov 14:34:57:INFO:root:------ Middle 2: 0.0003703533377227275
30-Nov 14:34:57:INFO:root:-- Outer 6: 0.0017537303495558153
30-Nov 14:34:58:INFO:root:------ Middle 3: 0.0002067643399863764
30-Nov 14:34:58:INFO:root:Starting from 1.697439579448651e-17
30-Nov 14:34:58:INFO:root:-- Outer 3: 0.004584553160119346
30-Nov 14:34:58:INFO:root:------ Middle 2: 0.00023616808230346816
30-Nov 14:34:58:INFO:root:Starting from 1.655103114123906e-17
30-Nov 14:34:58:INFO:root:-- Outer 4: 0.0024924756102537725
30-Nov 14:34:58:INFO:root:------ Middle 2: 0.00016412895437163582
30-Nov 14:34:59:INFO:root:Starting from 1.4874569575045424e-17
30-Nov 14:34:59:INFO:root:-- Outer 5: 0.0015744020465452441
30-Nov 14:34:59:INFO:root:------ Middle 1: 0.0004071596334977636
30-Nov 14:34:59:INFO:root:------ Middle 1: 0.00031791347787331787
30-Nov 14:34:59:INFO:root:------ Middle 1: 0.00022627823713122647
30-Nov 14:34:59:INFO:root:------ Middle 2: 0.0002559281525631668
30-Nov 14:34:59:INFO:root:Starting from 1.705150021167554e-17
30-Nov 14:34:59:INFO:root:-- Outer 6: 0.0017211163462333594
30-Nov 14:34:59:INFO:root:Starting from 1.2504144119784196e-17
30-Nov 14:34:59:INFO:root:-- Outer 4: 0.0025052986985050893
30-Nov 14:35:00:INFO:root:------ Middle 2: 0.0001912873398068729
30-Nov 14:35:00:INFO:root:Starting from 1.9841345695632763e-17
30-Nov 14:35:00:INFO:root:-- Outer 5: 0.0017120930097801659
30-Nov 14:35:00:INFO:root:------ Middle 1: 0.00038411689725907487
30-Nov 14:35:00:INFO:root:------ Middle 1: 0.0004159751530026774
30-Nov 14:35:01:INFO:root:------ Middle 1: 0.0002673186611478852
30-Nov 14:35:01:INFO:root:Starting from 1.5603644682118647e-17
30-Nov 14:35:01:INFO:root:-- Outer 6: 0.001842524648996042
30-Nov 14:35:01:INFO:root:------ Middle 1: 0.0002522535768994012
30-Nov 14:35:01:INFO:root:Starting from 1.735899682676207e-17
30-Nov 14:35:01:INFO:root:-- Outer 7: 0.0006482469625231909
30-Nov 14:35:01:INFO:root:END Outer loop
30-Nov 14:35:01:INFO:root:Model trade shares: [0.952688, 0.933484, 0.978413]
30-Nov 14:35:01:INFO:root:Data trade shares: [0.95138, 0.919234, 0.983181]
30-Nov 14:35:01:INFO:root:US prices: [0.836651, 0.814242, 0.88646]
30-Nov 14:35:01:INFO:root:in the data: [3.11354, 3.01039, 3.01039]
30-Nov 14:35:01:INFO:root:------ Middle 2: 0.00022883846297182362
30-Nov 14:35:01:INFO:root:Nominal world expenditure: 1.9361388960210036e7
30-Nov 14:35:01:INFO:root:--------------In the data: [6.70931e7]
30-Nov 14:35:01:INFO:root:Starting from 1.4507458901212216e-17
30-Nov 14:35:01:INFO:root:-- Outer 4: 0.0024484889622841924
30-Nov 14:35:02:INFO:root:------ Middle 2: 0.00017170874607745566
30-Nov 14:35:02:INFO:root:------ Middle 1: 0.0003541437422942119
30-Nov 14:35:02:INFO:root:Starting from 1.7889858116908438e-17
30-Nov 14:35:02:INFO:root:-- Outer 5: 0.001636557416462903
30-Nov 14:35:03:INFO:root:------ Middle 1: 0.0002490146203706603
30-Nov 14:35:03:INFO:root:Starting from 2.1659994522406427e-17
30-Nov 14:35:03:INFO:root:-- Outer 7: 0.0006351349421797164
30-Nov 14:35:03:INFO:root:END Outer loop
30-Nov 14:35:03:INFO:root:------ Middle 1: 0.0002370008721350775
30-Nov 14:35:03:INFO:root:Starting from 1.8361905515520105e-17
30-Nov 14:35:03:INFO:root:-- Outer 6: 0.001809232357853327
30-Nov 14:35:03:INFO:root:Model trade shares: [0.939376, 0.928211, 0.990796]
30-Nov 14:35:03:INFO:root:Data trade shares: [0.943324, 0.928045, 0.988948]
30-Nov 14:35:03:INFO:root:US prices: [0.920967, 0.853637, 0.872968]
30-Nov 14:35:03:INFO:root:in the data: [2.94743, 2.7898, 2.7898]
30-Nov 14:35:03:INFO:root:Nominal world expenditure: 1.7585751220843047e7
30-Nov 14:35:03:INFO:root:--------------In the data: [5.65242e7]
30-Nov 14:35:03:INFO:root:------ Middle 2: 0.00018285745110168286
30-Nov 14:35:04:INFO:root:Starting from 1.538492748167828e-17
30-Nov 14:35:04:INFO:root:-- Outer 5: 0.0016699872281954345
30-Nov 14:35:04:INFO:root:------ Middle 1: 0.0002763505132434553
30-Nov 14:35:04:INFO:root:Starting from 1.6557398377624352e-17
30-Nov 14:35:04:INFO:root:-- Outer 7: 0.0006847887009395348
30-Nov 14:35:04:INFO:root:END Outer loop
30-Nov 14:35:04:INFO:root:------ Middle 1: 0.0002627587123427682
30-Nov 14:35:04:INFO:root:Starting from 1.862268621357848e-17
30-Nov 14:35:04:INFO:root:-- Outer 6: 0.0018000680608731457
30-Nov 14:35:05:INFO:root:Model trade shares: [0.949619, 0.903753, 0.978665]
30-Nov 14:35:05:INFO:root:Data trade shares: [0.956446, 0.911974, 0.985299]
30-Nov 14:35:05:INFO:root:US prices: [0.965939, 0.833434, 0.917266]
30-Nov 14:35:05:INFO:root:in the data: [3.74316, 3.20378, 3.20378]
30-Nov 14:35:05:INFO:root:Nominal world expenditure: 2.2599897767543167e7
30-Nov 14:35:05:INFO:root:--------------In the data: [8.18345e7]
30-Nov 14:35:05:INFO:root:------ Middle 1: 0.0004618514656305876
30-Nov 14:35:05:INFO:root:------ Middle 1: 0.0003170197580411229
30-Nov 14:35:05:INFO:root:------ Middle 2: 0.00018245577885492322
30-Nov 14:35:05:INFO:root:Starting from 1.8972036556961614e-17
30-Nov 14:35:05:INFO:root:-- Outer 5: 0.0016630565534760527
30-Nov 14:35:05:INFO:root:------ Middle 2: 0.0002551477050453294
30-Nov 14:35:05:INFO:root:Starting from 2.2582118430467535e-17
30-Nov 14:35:05:INFO:root:-- Outer 3: 0.004409844019885634
30-Nov 14:35:06:INFO:root:------ Middle 2: 0.00017359273311836696
30-Nov 14:35:06:INFO:root:Starting from 1.4148901545091775e-17
30-Nov 14:35:06:INFO:root:-- Outer 6: 0.0008836192179548768
30-Nov 14:35:06:INFO:root:END Outer loop
30-Nov 14:35:06:INFO:root:------ Middle 1: 0.0002615334192013063
30-Nov 14:35:06:INFO:root:Starting from 1.5429401631955673e-17
30-Nov 14:35:06:INFO:root:-- Outer 7: 0.0006679973998498942
30-Nov 14:35:06:INFO:root:END Outer loop
30-Nov 14:35:06:INFO:root:------ Middle 1: 0.0002566577921906623
30-Nov 14:35:06:INFO:root:Starting from 1.7850616368884842e-17
30-Nov 14:35:06:INFO:root:-- Outer 6: 0.001805552200583704
30-Nov 14:35:06:INFO:root:Model trade shares: [0.937539, 0.932957, 0.992665]
30-Nov 14:35:06:INFO:root:Data trade shares: [0.944757, 0.931965, 0.986375]
30-Nov 14:35:06:INFO:root:US prices: [0.893648, 0.828319, 0.838291]
30-Nov 14:35:06:INFO:root:in the data: [2.85731, 2.74066, 2.74066]
30-Nov 14:35:06:INFO:root:Nominal world expenditure: 1.6914383857354075e7
30-Nov 14:35:06:INFO:root:--------------In the data: [5.4623e7]
30-Nov 14:35:06:INFO:root:Model trade shares: [0.9456, 0.928022, 0.987621]
30-Nov 14:35:06:INFO:root:Data trade shares: [0.949239, 0.924453, 0.987338]
30-Nov 14:35:06:INFO:root:US prices: [0.890632, 0.842739, 0.848219]
30-Nov 14:35:06:INFO:root:in the data: [2.95883, 2.79593, 2.79593]
30-Nov 14:35:06:INFO:root:Nominal world expenditure: 1.7792759338512734e7
30-Nov 14:35:06:INFO:root:--------------In the data: [5.8302e7]
30-Nov 14:35:08:INFO:root:------ Middle 1: 0.00026960826227109087
30-Nov 14:35:08:INFO:root:Starting from 2.2727299686055902e-17
30-Nov 14:35:08:INFO:root:-- Outer 7: 0.0006657998044594015
30-Nov 14:35:08:INFO:root:END Outer loop
30-Nov 14:35:08:INFO:root:Model trade shares: [0.940389, 0.897975, 0.976196]
30-Nov 14:35:08:INFO:root:Data trade shares: [0.954831, 0.902146, 0.983572]
30-Nov 14:35:08:INFO:root:US prices: [1.09995, 0.885912, 1.00045]
30-Nov 14:35:08:INFO:root:in the data: [3.88449, 3.20236, 3.20236]
30-Nov 14:35:09:INFO:root:Nominal world expenditure: 2.5188308320540573e7
30-Nov 14:35:09:INFO:root:--------------In the data: [8.8489e7]
30-Nov 14:35:09:INFO:root:------ Middle 2: 0.00023762357701141598
30-Nov 14:35:09:INFO:root:Starting from 1.5948732399776774e-17
30-Nov 14:35:09:INFO:root:-- Outer 4: 0.002357661351423467
30-Nov 14:35:10:INFO:root:------ Middle 1: 0.00031846050913213745
30-Nov 14:35:10:INFO:root:------ Middle 1: 0.0004302390994641004
30-Nov 14:35:10:INFO:root:------ Middle 1: 0.00026511763149384516
30-Nov 14:35:10:INFO:root:Starting from 1.966513119677977e-17
30-Nov 14:35:10:INFO:root:-- Outer 7: 0.0006740515860016581
30-Nov 14:35:10:INFO:root:END Outer loop
30-Nov 14:35:10:INFO:root:Model trade shares: [0.954379, 0.911906, 0.973405]
30-Nov 14:35:10:INFO:root:Data trade shares: [0.95528, 0.914832, 0.982791]
30-Nov 14:35:10:INFO:root:US prices: [0.840429, 0.825229, 0.910191]
30-Nov 14:35:10:INFO:root:in the data: [3.32883, 3.15407, 3.15407]
30-Nov 14:35:10:INFO:root:Nominal world expenditure: 2.122745970967833e7
30-Nov 14:35:10:INFO:root:--------------In the data: [7.56745e7]
30-Nov 14:35:13:INFO:root:------ Middle 2: 0.00017285471592407036
30-Nov 14:35:13:INFO:root:Starting from 1.473624094861721e-17
30-Nov 14:35:13:INFO:root:-- Outer 5: 0.0015554236440663584
30-Nov 14:35:13:INFO:root:------ Middle 1: 0.000238229642571089
30-Nov 14:35:13:INFO:root:Starting from 1.8627481780661006e-17
30-Nov 14:35:13:INFO:root:-- Outer 6: 0.0017315291804235182
30-Nov 14:35:14:INFO:root:------ Middle 2: 0.0002513884189160118
30-Nov 14:35:14:INFO:root:Starting from 1.960617412175894e-17
30-Nov 14:35:14:INFO:root:-- Outer 4: 0.0024638883557349567
30-Nov 14:35:15:INFO:root:------ Middle 1: 0.00037534758749091014
30-Nov 14:35:17:INFO:root:------ Middle 1: 0.00025524849240574353
30-Nov 14:35:17:INFO:root:Starting from 2.0000643000290686e-17
30-Nov 14:35:17:INFO:root:-- Outer 7: 0.0006367877992043854
30-Nov 14:35:17:INFO:root:END Outer loop
30-Nov 14:35:18:INFO:root:Model trade shares: [0.942381, 0.930379, 0.981979]
30-Nov 14:35:18:INFO:root:Data trade shares: [0.946294, 0.923226, 0.982471]
30-Nov 14:35:18:INFO:root:US prices: [0.795796, 0.814825, 0.880553]
30-Nov 14:35:18:INFO:root:in the data: [2.69951, 2.89119, 2.89119]
30-Nov 14:35:18:INFO:root:Nominal world expenditure: 1.7357630392542575e7
30-Nov 14:35:18:INFO:root:--------------In the data: [5.96564e7]
30-Nov 14:35:18:INFO:root:------ Middle 2: 0.00017956519702248344
30-Nov 14:35:18:INFO:root:Starting from 1.7800381729944247e-17
30-Nov 14:35:18:INFO:root:-- Outer 5: 0.0016390744533660768
30-Nov 14:35:19:INFO:root:------ Middle 1: 0.0002561529365552666
30-Nov 14:35:19:INFO:root:Starting from 2.207699189517891e-17
30-Nov 14:35:19:INFO:root:-- Outer 6: 0.0017586018108048987
30-Nov 14:35:23:INFO:root:------ Middle 1: 0.0002623333716903228
30-Nov 14:35:23:INFO:root:Starting from 1.8811719361831147e-17
30-Nov 14:35:23:INFO:root:-- Outer 7: 0.0006494942597826803
30-Nov 14:35:23:INFO:root:END Outer loop
30-Nov 14:35:23:INFO:root:Model trade shares: [0.954785, 0.908214, 0.981432]
30-Nov 14:35:23:INFO:root:Data trade shares: [0.955026, 0.900005, 0.981768]
30-Nov 14:35:23:INFO:root:US prices: [1.23368, 1.00137, 1.07663]
30-Nov 14:35:23:INFO:root:in the data: [4.23838, 3.41193, 3.41193]
30-Nov 14:35:23:INFO:root:Nominal world expenditure: 3.107554620327422e7
30-Nov 14:35:23:INFO:root:--------------In the data: [9.98292e7]
449.733137 seconds (936.10 k allocations: 733.853 MiB, 0.21% gc time)
